              _             
             (_)            
   __ _ _ __  _ _ __   __ _ 
  / _` | '_ \| | '_ \ / _` |
 | (_| | | | | | | | | (_| |
  \__, |_| |_|_|_| |_|\__,_|
   __/ |                    
  |___/                     

gnina v1.3 master:97fa6bc+   Built Oct  3 2024.
gnina is based on smina and AutoDock Vina.
Please cite appropriately.

Commandline: gnina --receptor Proteinas_preparadas/MAPK1.pdbqt --ligand Inhibidores/Targets/MAPK1/EGFR_P_MAPK1_90.pdbqt --autobox_ligand Compuestos_preparados/MAPK1.pdbqt --autobox_add 18 --exhaustiveness 16 --out docking/inhibidores/EGFR_P_MAPK1_90_L_MAPK1.pdbqt --log docking/inhibidores/EGFR_P_MAPK1_90_L_MAPK1.log
Using random seed: 576646091

mode |  affinity  |  intramol  |    CNN     |   CNN
     | (kcal/mol) | (kcal/mol) | pose score | affinity
-----+------------+------------+------------+----------
    1      -10.30       -0.18       0.4327      7.303
    2      -10.36       -1.03       0.4307      7.399
    3       -9.84       -0.43       0.4227      7.393
    4       -9.91       -0.77       0.4164      7.380
    5       -9.88       -0.37       0.2597      7.139
    6       -8.91       -0.49       0.2495      6.439
    7       -9.01       -0.42       0.1964      5.695
    8      -10.33        1.30       0.1956      7.006
    9       -9.32       -1.17       0.1914      6.856
