              _             
             (_)            
   __ _ _ __  _ _ __   __ _ 
  / _` | '_ \| | '_ \ / _` |
 | (_| | | | | | | | | (_| |
  \__, |_| |_|_|_| |_|\__,_|
   __/ |                    
  |___/                     

gnina v1.3 master:97fa6bc+   Built Oct  3 2024.
gnina is based on smina and AutoDock Vina.
Please cite appropriately.

Commandline: gnina --receptor Proteinas_preparadas/STAT3.pdbqt --ligand Inhibidores/Targets/STAT3/EGFR_P_STAT3_170.pdbqt --autobox_ligand Compuestos_preparados/STAT3.pdbqt --autobox_add 18 --exhaustiveness 16 --out docking/inhibidores/EGFR_P_STAT3_170_L_STAT3.pdbqt --log docking/inhibidores/EGFR_P_STAT3_170_L_STAT3.log
Using random seed: -1876021502

mode |  affinity  |  intramol  |    CNN     |   CNN
     | (kcal/mol) | (kcal/mol) | pose score | affinity
-----+------------+------------+------------+----------
    1       -6.83       -0.83       0.6700      6.349
    2       -7.35       -0.99       0.3883      5.495
    3       -7.65       -0.68       0.3838      5.754
    4       -6.68       -0.84       0.3709      5.954
    5       -7.26       -0.61       0.3418      5.742
    6       -6.94       -0.75       0.3218      5.520
    7       -6.59       -0.89       0.3194      5.812
    8       -7.55       -0.95       0.2968      5.731
    9       -7.48       -0.82       0.2623      5.816
