              _             
             (_)            
   __ _ _ __  _ _ __   __ _ 
  / _` | '_ \| | '_ \ / _` |
 | (_| | | | | | | | | (_| |
  \__, |_| |_|_|_| |_|\__,_|
   __/ |                    
  |___/                     

gnina v1.3 master:97fa6bc+   Built Oct  3 2024.
gnina is based on smina and AutoDock Vina.
Please cite appropriately.

Commandline: gnina --receptor Proteinas_preparadas/STAT3.pdbqt --ligand Inhibidores/Targets/STAT3/EGFR_P_STAT3_246.pdbqt --autobox_ligand Compuestos_preparados/STAT3.pdbqt --autobox_add 18 --exhaustiveness 16 --cnn_scoring none --out docking/inhibidores/EGFR_P_STAT3_246_L_STAT3.pdbqt --log docking/inhibidores/EGFR_P_STAT3_246_L_STAT3.log
Using random seed: -19032939

mode |  affinity  |  intramol  |    CNN     |   CNN
     | (kcal/mol) | (kcal/mol) | pose score | affinity
-----+------------+------------+------------+----------
    1       -6.87        0.13      -1.0000      0.000
    2       -6.71       -0.39      -1.0000      0.000
    3       -6.57       -0.46      -1.0000      0.000
    4       -6.54       -0.47      -1.0000      0.000
    5       -6.52        0.23      -1.0000      0.000
    6       -6.28       -0.46      -1.0000      0.000
    7       -6.27        0.20      -1.0000      0.000
    8       -6.21       -0.41      -1.0000      0.000
    9       -6.20       -0.43      -1.0000      0.000
