              _             
             (_)            
   __ _ _ __  _ _ __   __ _ 
  / _` | '_ \| | '_ \ / _` |
 | (_| | | | | | | | | (_| |
  \__, |_| |_|_|_| |_|\__,_|
   __/ |                    
  |___/                     

gnina v1.3 master:97fa6bc+   Built Oct  3 2024.
gnina is based on smina and AutoDock Vina.
Please cite appropriately.

Commandline: gnina --receptor Proteinas_preparadas/SRC.pdbqt --ligand Inhibidores/Targets/SRC/EGFR_P_SRC_131.pdbqt --autobox_ligand Compuestos_preparados/SRC.pdbqt --autobox_add 18 --exhaustiveness 16 --out docking/inhibidores/EGFR_P_SRC_131_L_SRC.pdbqt --log docking/inhibidores/EGFR_P_SRC_131_L_SRC.log
Using random seed: -1504079598

mode |  affinity  |  intramol  |    CNN     |   CNN
     | (kcal/mol) | (kcal/mol) | pose score | affinity
-----+------------+------------+------------+----------
    1       -8.48       -1.07       0.7442      7.635
    2       -8.61       -0.93       0.5446      7.392
    3       -8.44       -1.01       0.5110      7.277
    4       -6.31       -1.33       0.4868      6.246
    5       -6.97       -1.00       0.3937      6.139
    6       -6.52       -0.70       0.3508      5.830
    7       -7.69       -0.34       0.2761      6.819
    8       -7.19        0.22       0.2752      6.802
    9       -6.56       -1.13       0.2725      5.838
