              _             
             (_)            
   __ _ _ __  _ _ __   __ _ 
  / _` | '_ \| | '_ \ / _` |
 | (_| | | | | | | | | (_| |
  \__, |_| |_|_|_| |_|\__,_|
   __/ |                    
  |___/                     

gnina v1.3 master:97fa6bc+   Built Oct  3 2024.
gnina is based on smina and AutoDock Vina.
Please cite appropriately.

Commandline: gnina --receptor Proteinas_preparadas/STAT3.pdbqt --ligand Inhibidores/Targets/STAT3/EGFR_P_STAT3_235.pdbqt --autobox_ligand Compuestos_preparados/STAT3.pdbqt --autobox_add 18 --exhaustiveness 16 --cnn_scoring none --out docking/inhibidores/EGFR_P_STAT3_235_L_STAT3.pdbqt --log docking/inhibidores/EGFR_P_STAT3_235_L_STAT3.log
Using random seed: -1733437292

mode |  affinity  |  intramol  |    CNN     |   CNN
     | (kcal/mol) | (kcal/mol) | pose score | affinity
-----+------------+------------+------------+----------
    1       -6.85       -0.28      -1.0000      0.000
    2       -6.66        0.12      -1.0000      0.000
    3       -6.64        0.30      -1.0000      0.000
    4       -6.60       -0.08      -1.0000      0.000
    5       -6.60       -0.39      -1.0000      0.000
    6       -6.39       -0.47      -1.0000      0.000
    7       -6.32       -0.50      -1.0000      0.000
    8       -6.30       -0.48      -1.0000      0.000
    9       -6.29       -0.13      -1.0000      0.000
