              _             
             (_)            
   __ _ _ __  _ _ __   __ _ 
  / _` | '_ \| | '_ \ / _` |
 | (_| | | | | | | | | (_| |
  \__, |_| |_|_|_| |_|\__,_|
   __/ |                    
  |___/                     

gnina v1.3 master:97fa6bc+   Built Oct  3 2024.
gnina is based on smina and AutoDock Vina.
Please cite appropriately.

Commandline: gnina --receptor Proteinas_preparadas/STAT3.pdbqt --ligand Inhibidores/Targets/STAT3/EGFR_P_STAT3_156.pdbqt --autobox_ligand Compuestos_preparados/STAT3.pdbqt --autobox_add 18 --exhaustiveness 16 --out docking/inhibidores/EGFR_P_STAT3_156_L_STAT3.pdbqt --log docking/inhibidores/EGFR_P_STAT3_156_L_STAT3.log
Using random seed: 422685769

mode |  affinity  |  intramol  |    CNN     |   CNN
     | (kcal/mol) | (kcal/mol) | pose score | affinity
-----+------------+------------+------------+----------
    1       -7.10       -0.28       0.4444      6.051
    2       -6.72       -1.69       0.4116      6.335
    3       -6.63       -1.00       0.3626      5.981
    4       -6.74       -1.67       0.3546      5.714
    5       -6.54       -1.88       0.3448      5.687
    6       -6.97       -1.11       0.3238      5.989
    7       -6.74       -1.24       0.2959      5.761
    8       -7.26       -0.89       0.2921      5.887
    9       -6.25       -1.14       0.2446      5.706
