              _             
             (_)            
   __ _ _ __  _ _ __   __ _ 
  / _` | '_ \| | '_ \ / _` |
 | (_| | | | | | | | | (_| |
  \__, |_| |_|_|_| |_|\__,_|
   __/ |                    
  |___/                     

gnina v1.3 master:97fa6bc+   Built Oct  3 2024.
gnina is based on smina and AutoDock Vina.
Please cite appropriately.

Commandline: gnina --receptor Proteinas_preparadas/STAT3.pdbqt --ligand Inhibidores/Targets/STAT3/EGFR_P_STAT3_150.pdbqt --autobox_ligand Compuestos_preparados/STAT3.pdbqt --autobox_add 18 --exhaustiveness 16 --out docking/inhibidores/EGFR_P_STAT3_150_L_STAT3.pdbqt --log docking/inhibidores/EGFR_P_STAT3_150_L_STAT3.log
Using random seed: 391946230

mode |  affinity  |  intramol  |    CNN     |   CNN
     | (kcal/mol) | (kcal/mol) | pose score | affinity
-----+------------+------------+------------+----------
    1       -7.42       -1.01       0.8435      6.378
    2       -7.21       -0.45       0.7479      5.526
    3       -6.64       -0.99       0.7385      6.037
    4       -7.05       -0.51       0.7141      6.199
    5       -6.59       -1.27       0.6229      6.192
    6       -7.20       -0.99       0.5980      6.051
    7       -7.12       -1.09       0.5964      5.579
    8       -7.20       -1.06       0.5900      6.314
    9       -6.68       -1.07       0.5263      6.060
