              _             
             (_)            
   __ _ _ __  _ _ __   __ _ 
  / _` | '_ \| | '_ \ / _` |
 | (_| | | | | | | | | (_| |
  \__, |_| |_|_|_| |_|\__,_|
   __/ |                    
  |___/                     

gnina v1.3 master:97fa6bc+   Built Oct  3 2024.
gnina is based on smina and AutoDock Vina.
Please cite appropriately.

Commandline: gnina --receptor Proteinas_preparadas/STAT3.pdbqt --ligand Inhibidores/Targets/STAT3/EGFR_P_STAT3_165.pdbqt --autobox_ligand Compuestos_preparados/STAT3.pdbqt --autobox_add 18 --exhaustiveness 16 --out docking/inhibidores/EGFR_P_STAT3_165_L_STAT3.pdbqt --log docking/inhibidores/EGFR_P_STAT3_165_L_STAT3.log
Using random seed: -1400742928

mode |  affinity  |  intramol  |    CNN     |   CNN
     | (kcal/mol) | (kcal/mol) | pose score | affinity
-----+------------+------------+------------+----------
    1       -7.12        0.25       0.7581      5.841
    2       -7.02       -1.50       0.7509      6.063
    3       -7.39        0.45       0.6525      5.637
    4       -6.31       -0.14       0.5729      5.397
    5       -6.78       -1.29       0.5168      5.326
    6       -7.71       -1.23       0.5042      5.247
    7       -7.44       -0.03       0.4881      4.995
    8       -7.11       -1.45       0.4365      4.860
    9       -6.22        0.18       0.4237      5.140
