              _             
             (_)            
   __ _ _ __  _ _ __   __ _ 
  / _` | '_ \| | '_ \ / _` |
 | (_| | | | | | | | | (_| |
  \__, |_| |_|_|_| |_|\__,_|
   __/ |                    
  |___/                     

gnina v1.3 master:97fa6bc+   Built Oct  3 2024.
gnina is based on smina and AutoDock Vina.
Please cite appropriately.

Commandline: gnina --receptor Proteinas_preparadas/STAT3.pdbqt --ligand Inhibidores/Targets/STAT3/EGFR_P_STAT3_148.pdbqt --autobox_ligand Compuestos_preparados/STAT3.pdbqt --autobox_add 18 --exhaustiveness 16 --out docking/inhibidores/EGFR_P_STAT3_148_L_STAT3.pdbqt --log docking/inhibidores/EGFR_P_STAT3_148_L_STAT3.log
Using random seed: -1870790909

mode |  affinity  |  intramol  |    CNN     |   CNN
     | (kcal/mol) | (kcal/mol) | pose score | affinity
-----+------------+------------+------------+----------
    1       -7.50        0.16       0.7653      5.434
    2       -6.33       -1.13       0.7617      6.034
    3       -6.54       -1.05       0.7404      5.799
    4       -7.26       -0.67       0.6420      5.793
    5       -6.74       -1.33       0.6412      5.475
    6       -6.43       -0.02       0.5955      5.608
    7       -6.45       -1.34       0.5879      5.571
    8       -6.56       -1.04       0.5648      5.452
    9       -7.19       -1.25       0.5407      4.838
