              _             
             (_)            
   __ _ _ __  _ _ __   __ _ 
  / _` | '_ \| | '_ \ / _` |
 | (_| | | | | | | | | (_| |
  \__, |_| |_|_|_| |_|\__,_|
   __/ |                    
  |___/                     

gnina v1.3 master:97fa6bc+   Built Oct  3 2024.
gnina is based on smina and AutoDock Vina.
Please cite appropriately.

Commandline: gnina --receptor Proteinas_preparadas/STAT3.pdbqt --ligand Inhibidores/Targets/STAT3/EGFR_P_STAT3_254.pdbqt --autobox_ligand Compuestos_preparados/STAT3.pdbqt --autobox_add 18 --exhaustiveness 16 --cnn_scoring none --out docking/inhibidores/EGFR_P_STAT3_254_L_STAT3.pdbqt --log docking/inhibidores/EGFR_P_STAT3_254_L_STAT3.log
Using random seed: 1916759057

mode |  affinity  |  intramol  |    CNN     |   CNN
     | (kcal/mol) | (kcal/mol) | pose score | affinity
-----+------------+------------+------------+----------
    1       -7.82       -0.67      -1.0000      0.000
    2       -7.65       -0.67      -1.0000      0.000
    3       -7.57       -0.63      -1.0000      0.000
    4       -7.52       -0.52      -1.0000      0.000
    5       -7.22       -0.68      -1.0000      0.000
    6       -7.10       -0.61      -1.0000      0.000
    7       -7.10       -0.10      -1.0000      0.000
    8       -7.06       -0.31      -1.0000      0.000
    9       -7.03       -0.33      -1.0000      0.000
