              _             
             (_)            
   __ _ _ __  _ _ __   __ _ 
  / _` | '_ \| | '_ \ / _` |
 | (_| | | | | | | | | (_| |
  \__, |_| |_|_|_| |_|\__,_|
   __/ |                    
  |___/                     

gnina v1.3 master:97fa6bc+   Built Oct  3 2024.
gnina is based on smina and AutoDock Vina.
Please cite appropriately.

Commandline: gnina --receptor Proteinas_preparadas/STAT3.pdbqt --ligand Inhibidores/Targets/STAT3/EGFR_P_STAT3_280.pdbqt --autobox_ligand Compuestos_preparados/STAT3.pdbqt --autobox_add 18 --exhaustiveness 16 --cnn_scoring none --out docking/inhibidores/EGFR_P_STAT3_280_L_STAT3.pdbqt --log docking/inhibidores/EGFR_P_STAT3_280_L_STAT3.log
Using random seed: 1029707320

mode |  affinity  |  intramol  |    CNN     |   CNN
     | (kcal/mol) | (kcal/mol) | pose score | affinity
-----+------------+------------+------------+----------
    1       -8.56       -0.61      -1.0000      0.000
    2       -8.29       -0.61      -1.0000      0.000
    3       -8.18       -0.94      -1.0000      0.000
    4       -7.79       -1.20      -1.0000      0.000
    5       -7.65        0.17      -1.0000      0.000
    6       -7.64       -0.91      -1.0000      0.000
    7       -7.59       -1.07      -1.0000      0.000
    8       -7.56       -1.10      -1.0000      0.000
    9       -7.50       -1.14      -1.0000      0.000
