              _             
             (_)            
   __ _ _ __  _ _ __   __ _ 
  / _` | '_ \| | '_ \ / _` |
 | (_| | | | | | | | | (_| |
  \__, |_| |_|_|_| |_|\__,_|
   __/ |                    
  |___/                     

gnina v1.3 master:97fa6bc+   Built Oct  3 2024.
gnina is based on smina and AutoDock Vina.
Please cite appropriately.

Commandline: gnina --receptor Proteinas_preparadas/STAT3.pdbqt --ligand Inhibidores/Targets/STAT3/EGFR_P_STAT3_252.pdbqt --autobox_ligand Compuestos_preparados/STAT3.pdbqt --autobox_add 18 --exhaustiveness 16 --cnn_scoring none --out docking/inhibidores/EGFR_P_STAT3_252_L_STAT3.pdbqt --log docking/inhibidores/EGFR_P_STAT3_252_L_STAT3.log
Using random seed: -167240778

mode |  affinity  |  intramol  |    CNN     |   CNN
     | (kcal/mol) | (kcal/mol) | pose score | affinity
-----+------------+------------+------------+----------
    1       -7.96        0.02      -1.0000      0.000
    2       -7.73       -0.37      -1.0000      0.000
    3       -7.65       -0.08      -1.0000      0.000
    4       -7.11       -0.60      -1.0000      0.000
    5       -6.89       -0.48      -1.0000      0.000
    6       -6.74       -0.58      -1.0000      0.000
    7       -6.69       -0.36      -1.0000      0.000
    8       -6.66       -0.63      -1.0000      0.000
    9       -6.66       -0.24      -1.0000      0.000
