              _             
             (_)            
   __ _ _ __  _ _ __   __ _ 
  / _` | '_ \| | '_ \ / _` |
 | (_| | | | | | | | | (_| |
  \__, |_| |_|_|_| |_|\__,_|
   __/ |                    
  |___/                     

gnina v1.3 master:97fa6bc+   Built Oct  3 2024.
gnina is based on smina and AutoDock Vina.
Please cite appropriately.

Commandline: gnina --receptor Proteinas_preparadas/MAPK1.pdbqt --ligand Inhibidores/Targets/MAPK1/EGFR_P_MAPK1_163.pdbqt --autobox_ligand Compuestos_preparados/MAPK1.pdbqt --autobox_add 18 --exhaustiveness 16 --cnn_scoring none --out docking/inhibidores/EGFR_P_MAPK1_163_L_MAPK1.pdbqt --log docking/inhibidores/EGFR_P_MAPK1_163_L_MAPK1.log
Using random seed: -1727216058

mode |  affinity  |  intramol  |    CNN     |   CNN
     | (kcal/mol) | (kcal/mol) | pose score | affinity
-----+------------+------------+------------+----------
    1       -9.24        0.30      -1.0000      0.000
    2       -9.19        0.25      -1.0000      0.000
    3       -9.03       -0.42      -1.0000      0.000
    4       -8.96        1.46      -1.0000      0.000
    5       -8.92        2.31      -1.0000      0.000
    6       -8.90        1.54      -1.0000      0.000
    7       -8.69       -0.28      -1.0000      0.000
    8       -8.67       -0.15      -1.0000      0.000
    9       -8.52       -1.17      -1.0000      0.000
