              _             
             (_)            
   __ _ _ __  _ _ __   __ _ 
  / _` | '_ \| | '_ \ / _` |
 | (_| | | | | | | | | (_| |
  \__, |_| |_|_|_| |_|\__,_|
   __/ |                    
  |___/                     

gnina v1.3 master:97fa6bc+   Built Oct  3 2024.
gnina is based on smina and AutoDock Vina.
Please cite appropriately.

Commandline: gnina --receptor Proteinas_preparadas/STAT3.pdbqt --ligand Inhibidores/Targets/STAT3/EGFR_P_STAT3_166.pdbqt --autobox_ligand Compuestos_preparados/STAT3.pdbqt --autobox_add 18 --exhaustiveness 16 --out docking/inhibidores/EGFR_P_STAT3_166_L_STAT3.pdbqt --log docking/inhibidores/EGFR_P_STAT3_166_L_STAT3.log
Using random seed: -1896764166

mode |  affinity  |  intramol  |    CNN     |   CNN
     | (kcal/mol) | (kcal/mol) | pose score | affinity
-----+------------+------------+------------+----------
    1       -7.58       -0.65       0.8354      5.591
    2       -7.61       -0.71       0.8018      5.605
    3       -6.41       -1.19       0.6597      5.452
    4       -6.50       -0.83       0.5806      4.983
    5       -7.26       -1.18       0.5203      4.638
    6       -7.22       -0.67       0.5127      4.843
    7       -6.29       -1.00       0.5034      4.473
    8       -7.26       -1.13       0.4995      4.935
    9       -7.65       -0.94       0.4611      4.620
