              _             
             (_)            
   __ _ _ __  _ _ __   __ _ 
  / _` | '_ \| | '_ \ / _` |
 | (_| | | | | | | | | (_| |
  \__, |_| |_|_|_| |_|\__,_|
   __/ |                    
  |___/                     

gnina v1.3 master:97fa6bc+   Built Oct  3 2024.
gnina is based on smina and AutoDock Vina.
Please cite appropriately.

Commandline: gnina --receptor Proteinas_preparadas/STAT3.pdbqt --ligand Inhibidores/Targets/STAT3/EGFR_P_STAT3_276.pdbqt --autobox_ligand Compuestos_preparados/STAT3.pdbqt --autobox_add 18 --exhaustiveness 16 --cnn_scoring none --out docking/inhibidores/EGFR_P_STAT3_276_L_STAT3.pdbqt --log docking/inhibidores/EGFR_P_STAT3_276_L_STAT3.log
Using random seed: 128169368

mode |  affinity  |  intramol  |    CNN     |   CNN
     | (kcal/mol) | (kcal/mol) | pose score | affinity
-----+------------+------------+------------+----------
    1       -7.29       -1.07      -1.0000      0.000
    2       -7.18       -1.04      -1.0000      0.000
    3       -7.17       -0.57      -1.0000      0.000
    4       -6.85       -0.81      -1.0000      0.000
    5       -6.82       -0.66      -1.0000      0.000
    6       -6.64       -1.23      -1.0000      0.000
    7       -6.62       -1.08      -1.0000      0.000
    8       -6.62       -1.05      -1.0000      0.000
    9       -6.62       -1.12      -1.0000      0.000
