              _             
             (_)            
   __ _ _ __  _ _ __   __ _ 
  / _` | '_ \| | '_ \ / _` |
 | (_| | | | | | | | | (_| |
  \__, |_| |_|_|_| |_|\__,_|
   __/ |                    
  |___/                     

gnina v1.3 master:97fa6bc+   Built Oct  3 2024.
gnina is based on smina and AutoDock Vina.
Please cite appropriately.

Commandline: gnina --receptor Proteinas_preparadas/STAT3.pdbqt --ligand Inhibidores/Targets/STAT3/EGFR_P_STAT3_295.pdbqt --autobox_ligand Compuestos_preparados/STAT3.pdbqt --autobox_add 18 --exhaustiveness 16 --cnn_scoring none --out docking/inhibidores/EGFR_P_STAT3_295_L_STAT3.pdbqt --log docking/inhibidores/EGFR_P_STAT3_295_L_STAT3.log
Using random seed: -277040856

mode |  affinity  |  intramol  |    CNN     |   CNN
     | (kcal/mol) | (kcal/mol) | pose score | affinity
-----+------------+------------+------------+----------
    1       -7.92       -0.03      -1.0000      0.000
    2       -7.71        0.38      -1.0000      0.000
    3       -7.68        0.29      -1.0000      0.000
    4       -7.61       -0.24      -1.0000      0.000
    5       -7.54       -0.45      -1.0000      0.000
    6       -7.35       -0.00      -1.0000      0.000
    7       -7.32        0.18      -1.0000      0.000
    8       -7.31       -0.45      -1.0000      0.000
    9       -7.31       -0.26      -1.0000      0.000
