              _             
             (_)            
   __ _ _ __  _ _ __   __ _ 
  / _` | '_ \| | '_ \ / _` |
 | (_| | | | | | | | | (_| |
  \__, |_| |_|_|_| |_|\__,_|
   __/ |                    
  |___/                     

gnina v1.3 master:97fa6bc+   Built Oct  3 2024.
gnina is based on smina and AutoDock Vina.
Please cite appropriately.

Commandline: gnina --receptor Proteinas_preparadas/STAT3.pdbqt --ligand Inhibidores/Targets/STAT3/EGFR_P_STAT3_160.pdbqt --autobox_ligand Compuestos_preparados/STAT3.pdbqt --autobox_add 18 --exhaustiveness 16 --out docking/inhibidores/EGFR_P_STAT3_160_L_STAT3.pdbqt --log docking/inhibidores/EGFR_P_STAT3_160_L_STAT3.log
Using random seed: -1760729124

mode |  affinity  |  intramol  |    CNN     |   CNN
     | (kcal/mol) | (kcal/mol) | pose score | affinity
-----+------------+------------+------------+----------
    1       -7.35       -0.61       0.8042      6.663
    2       -6.72       -1.17       0.7599      6.855
    3       -6.60       -0.92       0.7472      6.743
    4       -7.04       -0.91       0.7449      6.720
    5       -6.52       -1.09       0.5471      6.180
    6       -7.33       -0.99       0.5450      5.936
    7       -7.20       -0.70       0.5338      5.962
    8       -6.40       -1.19       0.4286      5.973
    9       -7.58       -0.67       0.3913      6.258
