              _             
             (_)            
   __ _ _ __  _ _ __   __ _ 
  / _` | '_ \| | '_ \ / _` |
 | (_| | | | | | | | | (_| |
  \__, |_| |_|_|_| |_|\__,_|
   __/ |                    
  |___/                     

gnina v1.3 master:97fa6bc+   Built Oct  3 2024.
gnina is based on smina and AutoDock Vina.
Please cite appropriately.

Commandline: gnina --receptor Proteinas_preparadas/SRC.pdbqt --ligand Inhibidores/Targets/SRC/EGFR_P_SRC_221.pdbqt --autobox_ligand Compuestos_preparados/SRC.pdbqt --autobox_add 18 --exhaustiveness 16 --cnn_scoring none --out docking/inhibidores/EGFR_P_SRC_221_L_SRC.pdbqt --log docking/inhibidores/EGFR_P_SRC_221_L_SRC.log
Using random seed: -1491701280

mode |  affinity  |  intramol  |    CNN     |   CNN
     | (kcal/mol) | (kcal/mol) | pose score | affinity
-----+------------+------------+------------+----------
    1       -9.42       -0.81      -1.0000      0.000
    2       -9.40       -0.14      -1.0000      0.000
    3       -9.34        0.44      -1.0000      0.000
    4       -9.23        0.62      -1.0000      0.000
    5       -9.18        0.01      -1.0000      0.000
    6       -9.16       -0.78      -1.0000      0.000
    7       -9.13       -0.27      -1.0000      0.000
    8       -9.10        0.09      -1.0000      0.000
    9       -8.95       -0.70      -1.0000      0.000
