              _             
             (_)            
   __ _ _ __  _ _ __   __ _ 
  / _` | '_ \| | '_ \ / _` |
 | (_| | | | | | | | | (_| |
  \__, |_| |_|_|_| |_|\__,_|
   __/ |                    
  |___/                     

gnina v1.3 master:97fa6bc+   Built Oct  3 2024.
gnina is based on smina and AutoDock Vina.
Please cite appropriately.

Commandline: gnina --receptor Proteinas_preparadas/STAT3.pdbqt --ligand Inhibidores/Targets/STAT3/EGFR_P_STAT3_269.pdbqt --autobox_ligand Compuestos_preparados/STAT3.pdbqt --autobox_add 18 --exhaustiveness 16 --cnn_scoring none --out docking/inhibidores/EGFR_P_STAT3_269_L_STAT3.pdbqt --log docking/inhibidores/EGFR_P_STAT3_269_L_STAT3.log
Using random seed: -1885111641

mode |  affinity  |  intramol  |    CNN     |   CNN
     | (kcal/mol) | (kcal/mol) | pose score | affinity
-----+------------+------------+------------+----------
    1       -7.31       -0.34      -1.0000      0.000
    2       -7.26       -0.71      -1.0000      0.000
    3       -7.24       -0.80      -1.0000      0.000
    4       -7.07       -0.88      -1.0000      0.000
    5       -7.05       -0.65      -1.0000      0.000
    6       -7.02        0.01      -1.0000      0.000
    7       -7.00       -0.60      -1.0000      0.000
    8       -6.81       -0.18      -1.0000      0.000
    9       -6.81       -0.70      -1.0000      0.000
