              _             
             (_)            
   __ _ _ __  _ _ __   __ _ 
  / _` | '_ \| | '_ \ / _` |
 | (_| | | | | | | | | (_| |
  \__, |_| |_|_|_| |_|\__,_|
   __/ |                    
  |___/                     

gnina v1.3 master:97fa6bc+   Built Oct  3 2024.
gnina is based on smina and AutoDock Vina.
Please cite appropriately.

Commandline: gnina --receptor Proteinas_preparadas/SRC.pdbqt --ligand Inhibidores/Targets/SRC/EGFR_P_SRC_215.pdbqt --autobox_ligand Compuestos_preparados/SRC.pdbqt --autobox_add 18 --exhaustiveness 16 --cnn_scoring none --out docking/inhibidores/EGFR_P_SRC_215_L_SRC.pdbqt --log docking/inhibidores/EGFR_P_SRC_215_L_SRC.log
Using random seed: 580586500

mode |  affinity  |  intramol  |    CNN     |   CNN
     | (kcal/mol) | (kcal/mol) | pose score | affinity
-----+------------+------------+------------+----------
    1       -8.82       -0.71      -1.0000      0.000
    2       -8.79       -0.72      -1.0000      0.000
    3       -8.56       -0.75      -1.0000      0.000
    4       -8.27        5.76      -1.0000      0.000
    5       -7.75       -0.56      -1.0000      0.000
    6       -7.63       -0.34      -1.0000      0.000
    7       -7.20       -0.65      -1.0000      0.000
    8       -6.79        0.18      -1.0000      0.000
    9       -6.77       -0.29      -1.0000      0.000
