              _             
             (_)            
   __ _ _ __  _ _ __   __ _ 
  / _` | '_ \| | '_ \ / _` |
 | (_| | | | | | | | | (_| |
  \__, |_| |_|_|_| |_|\__,_|
   __/ |                    
  |___/                     

gnina v1.3 master:97fa6bc+   Built Oct  3 2024.
gnina is based on smina and AutoDock Vina.
Please cite appropriately.

Commandline: gnina --receptor Proteinas_preparadas/STAT3.pdbqt --ligand Inhibidores/Targets/STAT3/EGFR_P_STAT3_152.pdbqt --autobox_ligand Compuestos_preparados/STAT3.pdbqt --autobox_add 18 --exhaustiveness 16 --out docking/inhibidores/EGFR_P_STAT3_152_L_STAT3.pdbqt --log docking/inhibidores/EGFR_P_STAT3_152_L_STAT3.log
Using random seed: -1888091988

mode |  affinity  |  intramol  |    CNN     |   CNN
     | (kcal/mol) | (kcal/mol) | pose score | affinity
-----+------------+------------+------------+----------
    1       -7.73       -0.74       0.7908      6.186
    2       -7.74       -0.78       0.7807      6.242
    3       -7.46       -1.06       0.7628      6.416
    4       -6.98       -1.14       0.5456      5.813
    5       -6.55       -1.20       0.4780      5.634
    6       -7.47       -0.95       0.4685      5.791
    7       -7.90       -1.02       0.4595      5.542
    8       -7.06       -1.17       0.4102      5.605
    9       -7.74       -0.77       0.4084      5.279
