              _             
             (_)            
   __ _ _ __  _ _ __   __ _ 
  / _` | '_ \| | '_ \ / _` |
 | (_| | | | | | | | | (_| |
  \__, |_| |_|_|_| |_|\__,_|
   __/ |                    
  |___/                     

gnina v1.3 master:97fa6bc+   Built Oct  3 2024.
gnina is based on smina and AutoDock Vina.
Please cite appropriately.

Commandline: gnina --receptor Proteinas_preparadas/STAT3.pdbqt --ligand Inhibidores/Targets/STAT3/EGFR_P_STAT3_282.pdbqt --autobox_ligand Compuestos_preparados/STAT3.pdbqt --autobox_add 18 --exhaustiveness 16 --cnn_scoring none --out docking/inhibidores/EGFR_P_STAT3_282_L_STAT3.pdbqt --log docking/inhibidores/EGFR_P_STAT3_282_L_STAT3.log
Using random seed: -1943247626

mode |  affinity  |  intramol  |    CNN     |   CNN
     | (kcal/mol) | (kcal/mol) | pose score | affinity
-----+------------+------------+------------+----------
    1       -6.35       -0.05      -1.0000      0.000
    2       -6.27        0.06      -1.0000      0.000
    3       -6.22        0.10      -1.0000      0.000
    4       -6.12        0.15      -1.0000      0.000
    5       -6.12        0.18      -1.0000      0.000
    6       -6.04       -0.20      -1.0000      0.000
    7       -5.81       -0.21      -1.0000      0.000
    8       -5.80       -0.22      -1.0000      0.000
    9       -5.79       -0.27      -1.0000      0.000
