              _             
             (_)            
   __ _ _ __  _ _ __   __ _ 
  / _` | '_ \| | '_ \ / _` |
 | (_| | | | | | | | | (_| |
  \__, |_| |_|_|_| |_|\__,_|
   __/ |                    
  |___/                     

gnina v1.3 master:97fa6bc+   Built Oct  3 2024.
gnina is based on smina and AutoDock Vina.
Please cite appropriately.

Commandline: gnina --receptor Proteinas_preparadas/STAT3.pdbqt --ligand Inhibidores/Targets/STAT3/EGFR_P_STAT3_305.pdbqt --autobox_ligand Compuestos_preparados/STAT3.pdbqt --autobox_add 18 --exhaustiveness 16 --cnn_scoring none --out docking/inhibidores/EGFR_P_STAT3_305_L_STAT3.pdbqt --log docking/inhibidores/EGFR_P_STAT3_305_L_STAT3.log
Using random seed: 239271104

mode |  affinity  |  intramol  |    CNN     |   CNN
     | (kcal/mol) | (kcal/mol) | pose score | affinity
-----+------------+------------+------------+----------
    1       -7.39       -0.28      -1.0000      0.000
    2       -7.15       -0.36      -1.0000      0.000
    3       -7.08       -0.05      -1.0000      0.000
    4       -7.02        0.13      -1.0000      0.000
    5       -6.64       -0.05      -1.0000      0.000
    6       -6.59        0.05      -1.0000      0.000
    7       -6.48       -0.12      -1.0000      0.000
    8       -6.48       -0.35      -1.0000      0.000
    9       -6.44       -0.05      -1.0000      0.000
