              _             
             (_)            
   __ _ _ __  _ _ __   __ _ 
  / _` | '_ \| | '_ \ / _` |
 | (_| | | | | | | | | (_| |
  \__, |_| |_|_|_| |_|\__,_|
   __/ |                    
  |___/                     

gnina v1.3 master:97fa6bc+   Built Oct  3 2024.
gnina is based on smina and AutoDock Vina.
Please cite appropriately.

Commandline: gnina --receptor Proteinas_preparadas/STAT3.pdbqt --ligand Inhibidores/Targets/STAT3/EGFR_P_STAT3_306.pdbqt --autobox_ligand Compuestos_preparados/STAT3.pdbqt --autobox_add 18 --exhaustiveness 16 --cnn_scoring none --out docking/inhibidores/EGFR_P_STAT3_306_L_STAT3.pdbqt --log docking/inhibidores/EGFR_P_STAT3_306_L_STAT3.log
Using random seed: -1208897698

mode |  affinity  |  intramol  |    CNN     |   CNN
     | (kcal/mol) | (kcal/mol) | pose score | affinity
-----+------------+------------+------------+----------
    1       -8.95       -0.23      -1.0000      0.000
    2       -8.27       -0.71      -1.0000      0.000
    3       -8.09       -0.76      -1.0000      0.000
    4       -7.90       -0.61      -1.0000      0.000
    5       -7.87       -0.83      -1.0000      0.000
    6       -7.72        0.33      -1.0000      0.000
    7       -7.68       -1.20      -1.0000      0.000
    8       -7.68       -0.61      -1.0000      0.000
    9       -7.62       -0.87      -1.0000      0.000
