              _             
             (_)            
   __ _ _ __  _ _ __   __ _ 
  / _` | '_ \| | '_ \ / _` |
 | (_| | | | | | | | | (_| |
  \__, |_| |_|_|_| |_|\__,_|
   __/ |                    
  |___/                     

gnina v1.3 master:97fa6bc+   Built Oct  3 2024.
gnina is based on smina and AutoDock Vina.
Please cite appropriately.

Commandline: gnina --receptor Proteinas_preparadas/MAPK1.pdbqt --ligand Inhibidores/Targets/MAPK1/EGFR_P_MAPK1_165.pdbqt --autobox_ligand Compuestos_preparados/MAPK1.pdbqt --autobox_add 18 --exhaustiveness 16 --cnn_scoring none --out docking/inhibidores/EGFR_P_MAPK1_165_L_MAPK1.pdbqt --log docking/inhibidores/EGFR_P_MAPK1_165_L_MAPK1.log
Using random seed: 69261668

mode |  affinity  |  intramol  |    CNN     |   CNN
     | (kcal/mol) | (kcal/mol) | pose score | affinity
-----+------------+------------+------------+----------
    1       -9.10       -0.25      -1.0000      0.000
    2       -8.99       -0.80      -1.0000      0.000
    3       -8.79       -0.23      -1.0000      0.000
    4       -8.75       -0.44      -1.0000      0.000
    5       -8.64       -0.60      -1.0000      0.000
    6       -8.55       -0.62      -1.0000      0.000
    7       -8.52       -1.03      -1.0000      0.000
    8       -8.40        0.95      -1.0000      0.000
    9       -8.30       -1.10      -1.0000      0.000
