              _             
             (_)            
   __ _ _ __  _ _ __   __ _ 
  / _` | '_ \| | '_ \ / _` |
 | (_| | | | | | | | | (_| |
  \__, |_| |_|_|_| |_|\__,_|
   __/ |                    
  |___/                     

gnina v1.3 master:97fa6bc+   Built Oct  3 2024.
gnina is based on smina and AutoDock Vina.
Please cite appropriately.

Commandline: gnina --receptor Proteinas_preparadas/STAT3.pdbqt --ligand Inhibidores/Targets/STAT3/EGFR_P_STAT3_239.pdbqt --autobox_ligand Compuestos_preparados/STAT3.pdbqt --autobox_add 18 --exhaustiveness 16 --cnn_scoring none --out docking/inhibidores/EGFR_P_STAT3_239_L_STAT3.pdbqt --log docking/inhibidores/EGFR_P_STAT3_239_L_STAT3.log
Using random seed: 405953824

mode |  affinity  |  intramol  |    CNN     |   CNN
     | (kcal/mol) | (kcal/mol) | pose score | affinity
-----+------------+------------+------------+----------
    1       -8.23       -0.15      -1.0000      0.000
    2       -7.96       -0.39      -1.0000      0.000
    3       -7.82       -0.73      -1.0000      0.000
    4       -7.82       -0.77      -1.0000      0.000
    5       -7.75       -0.99      -1.0000      0.000
    6       -7.40       -0.91      -1.0000      0.000
    7       -7.38       -0.66      -1.0000      0.000
    8       -7.36       -0.86      -1.0000      0.000
    9       -7.35       -0.58      -1.0000      0.000
