              _             
             (_)            
   __ _ _ __  _ _ __   __ _ 
  / _` | '_ \| | '_ \ / _` |
 | (_| | | | | | | | | (_| |
  \__, |_| |_|_|_| |_|\__,_|
   __/ |                    
  |___/                     

gnina v1.3 master:97fa6bc+   Built Oct  3 2024.
gnina is based on smina and AutoDock Vina.
Please cite appropriately.

Commandline: gnina --receptor Proteinas_preparadas/STAT3.pdbqt --ligand Inhibidores/Targets/STAT3/EGFR_P_STAT3_251.pdbqt --autobox_ligand Compuestos_preparados/STAT3.pdbqt --autobox_add 18 --exhaustiveness 16 --cnn_scoring none --out docking/inhibidores/EGFR_P_STAT3_251_L_STAT3.pdbqt --log docking/inhibidores/EGFR_P_STAT3_251_L_STAT3.log
Using random seed: 700329533

mode |  affinity  |  intramol  |    CNN     |   CNN
     | (kcal/mol) | (kcal/mol) | pose score | affinity
-----+------------+------------+------------+----------
    1       -8.15       -0.78      -1.0000      0.000
    2       -8.13       -0.28      -1.0000      0.000
    3       -8.06       -0.92      -1.0000      0.000
    4       -8.01       -0.57      -1.0000      0.000
    5       -7.98       -0.39      -1.0000      0.000
    6       -7.84       -0.35      -1.0000      0.000
    7       -7.82       -0.69      -1.0000      0.000
    8       -7.77        0.26      -1.0000      0.000
    9       -7.76        0.28      -1.0000      0.000
