              _             
             (_)            
   __ _ _ __  _ _ __   __ _ 
  / _` | '_ \| | '_ \ / _` |
 | (_| | | | | | | | | (_| |
  \__, |_| |_|_|_| |_|\__,_|
   __/ |                    
  |___/                     

gnina v1.3 master:97fa6bc+   Built Oct  3 2024.
gnina is based on smina and AutoDock Vina.
Please cite appropriately.

Commandline: gnina --receptor Proteinas_preparadas/STAT3.pdbqt --ligand Inhibidores/Targets/STAT3/EGFR_P_STAT3_297.pdbqt --autobox_ligand Compuestos_preparados/STAT3.pdbqt --autobox_add 18 --exhaustiveness 16 --cnn_scoring none --out docking/inhibidores/EGFR_P_STAT3_297_L_STAT3.pdbqt --log docking/inhibidores/EGFR_P_STAT3_297_L_STAT3.log
Using random seed: 673921432

mode |  affinity  |  intramol  |    CNN     |   CNN
     | (kcal/mol) | (kcal/mol) | pose score | affinity
-----+------------+------------+------------+----------
    1       -7.41       -0.22      -1.0000      0.000
    2       -6.99       -0.51      -1.0000      0.000
    3       -6.82       -0.12      -1.0000      0.000
    4       -6.78       -0.43      -1.0000      0.000
    5       -6.77       -0.56      -1.0000      0.000
    6       -6.73       -0.53      -1.0000      0.000
    7       -6.69        0.29      -1.0000      0.000
    8       -6.59       -0.17      -1.0000      0.000
    9       -6.49       -0.47      -1.0000      0.000
