              _             
             (_)            
   __ _ _ __  _ _ __   __ _ 
  / _` | '_ \| | '_ \ / _` |
 | (_| | | | | | | | | (_| |
  \__, |_| |_|_|_| |_|\__,_|
   __/ |                    
  |___/                     

gnina v1.3 master:97fa6bc+   Built Oct  3 2024.
gnina is based on smina and AutoDock Vina.
Please cite appropriately.

Commandline: gnina --receptor Proteinas_preparadas/SRC.pdbqt --ligand Inhibidores/Targets/SRC/EGFR_P_SRC_143.pdbqt --autobox_ligand Compuestos_preparados/SRC.pdbqt --autobox_add 18 --exhaustiveness 16 --out docking/inhibidores/EGFR_P_SRC_143_L_SRC.pdbqt --log docking/inhibidores/EGFR_P_SRC_143_L_SRC.log
Using random seed: 1482605552

mode |  affinity  |  intramol  |    CNN     |   CNN
     | (kcal/mol) | (kcal/mol) | pose score | affinity
-----+------------+------------+------------+----------
    1       -7.90        0.57       0.7809      6.568
    2       -7.40        1.01       0.5569      6.355
    3       -8.82       -0.20       0.5557      7.473
    4       -7.64        1.06       0.5347      6.299
    5       -7.72        0.89       0.5263      6.670
    6       -9.03        0.14       0.5252      7.375
    7       -6.51        1.10       0.4889      6.299
    8      -10.31        0.48       0.4773      7.407
    9       -6.57        0.79       0.4117      6.099
