              _             
             (_)            
   __ _ _ __  _ _ __   __ _ 
  / _` | '_ \| | '_ \ / _` |
 | (_| | | | | | | | | (_| |
  \__, |_| |_|_|_| |_|\__,_|
   __/ |                    
  |___/                     

gnina v1.3 master:97fa6bc+   Built Oct  3 2024.
gnina is based on smina and AutoDock Vina.
Please cite appropriately.

Commandline: gnina --receptor Proteinas_preparadas/SRC.pdbqt --ligand Inhibidores/Targets/SRC/EGFR_P_SRC_136.pdbqt --autobox_ligand Compuestos_preparados/SRC.pdbqt --autobox_add 18 --exhaustiveness 16 --out docking/inhibidores/EGFR_P_SRC_136_L_SRC.pdbqt --log docking/inhibidores/EGFR_P_SRC_136_L_SRC.log
Using random seed: 1942986598

mode |  affinity  |  intramol  |    CNN     |   CNN
     | (kcal/mol) | (kcal/mol) | pose score | affinity
-----+------------+------------+------------+----------
    1      -10.55        6.00       0.9379      7.839
    2       -9.81        5.08       0.8338      7.721
    3       -9.22        5.23       0.8337      7.873
    4       -8.11        6.22       0.7334      6.409
    5       -7.99        2.12       0.7070      6.297
    6      -10.10        7.76       0.6400      7.583
    7       -8.38        2.13       0.5900      7.474
    8       -7.48        5.53       0.5889      6.556
    9       -7.41        7.78       0.5182      6.103
