              _             
             (_)            
   __ _ _ __  _ _ __   __ _ 
  / _` | '_ \| | '_ \ / _` |
 | (_| | | | | | | | | (_| |
  \__, |_| |_|_|_| |_|\__,_|
   __/ |                    
  |___/                     

gnina v1.3 master:97fa6bc+   Built Oct  3 2024.
gnina is based on smina and AutoDock Vina.
Please cite appropriately.

Commandline: gnina --receptor Proteinas_preparadas/STAT3.pdbqt --ligand Inhibidores/Targets/STAT3/EGFR_P_STAT3_147.pdbqt --autobox_ligand Compuestos_preparados/STAT3.pdbqt --autobox_add 18 --exhaustiveness 16 --out docking/inhibidores/EGFR_P_STAT3_147_L_STAT3.pdbqt --log docking/inhibidores/EGFR_P_STAT3_147_L_STAT3.log
Using random seed: -415518858

mode |  affinity  |  intramol  |    CNN     |   CNN
     | (kcal/mol) | (kcal/mol) | pose score | affinity
-----+------------+------------+------------+----------
    1       -7.04       -0.70       0.7057      5.782
    2       -7.03       -0.66       0.6776      5.933
    3       -6.78       -0.63       0.4694      5.715
    4       -7.04       -0.79       0.4279      5.138
    5       -5.97       -0.79       0.3713      5.297
    6       -6.95       -0.49       0.2804      5.441
    7       -5.99       -0.74       0.2580      4.805
    8       -6.68       -0.59       0.2248      5.067
    9       -6.19       -0.81       0.2175      5.261
