              _             
             (_)            
   __ _ _ __  _ _ __   __ _ 
  / _` | '_ \| | '_ \ / _` |
 | (_| | | | | | | | | (_| |
  \__, |_| |_|_|_| |_|\__,_|
   __/ |                    
  |___/                     

gnina v1.3 master:97fa6bc+   Built Oct  3 2024.
gnina is based on smina and AutoDock Vina.
Please cite appropriately.

Commandline: gnina --receptor Proteinas_preparadas/STAT3.pdbqt --ligand Inhibidores/Targets/STAT3/EGFR_P_STAT3_270.pdbqt --autobox_ligand Compuestos_preparados/STAT3.pdbqt --autobox_add 18 --exhaustiveness 16 --cnn_scoring none --out docking/inhibidores/EGFR_P_STAT3_270_L_STAT3.pdbqt --log docking/inhibidores/EGFR_P_STAT3_270_L_STAT3.log
Using random seed: -1857358473

mode |  affinity  |  intramol  |    CNN     |   CNN
     | (kcal/mol) | (kcal/mol) | pose score | affinity
-----+------------+------------+------------+----------
    1       -6.01       -0.52      -1.0000      0.000
    2       -5.93        0.28      -1.0000      0.000
    3       -5.93        0.78      -1.0000      0.000
    4       -5.80        0.99      -1.0000      0.000
    5       -5.72       -0.25      -1.0000      0.000
    6       -5.60       -0.10      -1.0000      0.000
    7       -5.58       -0.46      -1.0000      0.000
    8       -5.54       -0.26      -1.0000      0.000
    9       -5.50       -0.21      -1.0000      0.000
