              _             
             (_)            
   __ _ _ __  _ _ __   __ _ 
  / _` | '_ \| | '_ \ / _` |
 | (_| | | | | | | | | (_| |
  \__, |_| |_|_|_| |_|\__,_|
   __/ |                    
  |___/                     

gnina v1.3 master:97fa6bc+   Built Oct  3 2024.
gnina is based on smina and AutoDock Vina.
Please cite appropriately.

Commandline: gnina --receptor Proteinas_preparadas/MAPK1.pdbqt --ligand Inhibidores/Targets/MAPK1/EGFR_P_MAPK1_161.pdbqt --autobox_ligand Compuestos_preparados/MAPK1.pdbqt --autobox_add 18 --exhaustiveness 16 --cnn_scoring none --out docking/inhibidores/EGFR_P_MAPK1_161_L_MAPK1.pdbqt --log docking/inhibidores/EGFR_P_MAPK1_161_L_MAPK1.log
Using random seed: -2019967850

mode |  affinity  |  intramol  |    CNN     |   CNN
     | (kcal/mol) | (kcal/mol) | pose score | affinity
-----+------------+------------+------------+----------
    1       -9.39       -0.10      -1.0000      0.000
    2       -8.89       -0.13      -1.0000      0.000
    3       -8.76       -0.15      -1.0000      0.000
    4       -8.75       -0.17      -1.0000      0.000
    5       -8.59       -0.16      -1.0000      0.000
    6       -8.31       -0.13      -1.0000      0.000
    7       -8.31       -0.10      -1.0000      0.000
    8       -7.90       -0.07      -1.0000      0.000
    9       -7.81       -0.10      -1.0000      0.000
