              _             
             (_)            
   __ _ _ __  _ _ __   __ _ 
  / _` | '_ \| | '_ \ / _` |
 | (_| | | | | | | | | (_| |
  \__, |_| |_|_|_| |_|\__,_|
   __/ |                    
  |___/                     

gnina v1.3 master:97fa6bc+   Built Oct  3 2024.
gnina is based on smina and AutoDock Vina.
Please cite appropriately.

Commandline: gnina --receptor Proteinas_preparadas/MAPK1.pdbqt --ligand Inhibidores/Targets/MAPK1/EGFR_P_MAPK1_168.pdbqt --autobox_ligand Compuestos_preparados/MAPK1.pdbqt --autobox_add 18 --exhaustiveness 16 --cnn_scoring none --out docking/inhibidores/EGFR_P_MAPK1_168_L_MAPK1.pdbqt --log docking/inhibidores/EGFR_P_MAPK1_168_L_MAPK1.log
Using random seed: -278812603

mode |  affinity  |  intramol  |    CNN     |   CNN
     | (kcal/mol) | (kcal/mol) | pose score | affinity
-----+------------+------------+------------+----------
    1       -9.18       -0.56      -1.0000      0.000
    2       -9.10       -0.83      -1.0000      0.000
    3       -8.84       -0.77      -1.0000      0.000
    4       -8.80       -0.21      -1.0000      0.000
    5       -8.77       -0.06      -1.0000      0.000
    6       -8.74       -0.29      -1.0000      0.000
    7       -8.73       -0.36      -1.0000      0.000
    8       -8.71        1.05      -1.0000      0.000
    9       -8.65        0.12      -1.0000      0.000
