              _             
             (_)            
   __ _ _ __  _ _ __   __ _ 
  / _` | '_ \| | '_ \ / _` |
 | (_| | | | | | | | | (_| |
  \__, |_| |_|_|_| |_|\__,_|
   __/ |                    
  |___/                     

gnina v1.3 master:97fa6bc+   Built Oct  3 2024.
gnina is based on smina and AutoDock Vina.
Please cite appropriately.

Commandline: gnina --receptor Proteinas_preparadas/SRC.pdbqt --ligand Inhibidores/Targets/SRC/EGFR_P_SRC_229.pdbqt --autobox_ligand Compuestos_preparados/SRC.pdbqt --autobox_add 18 --exhaustiveness 16 --cnn_scoring none --out docking/inhibidores/EGFR_P_SRC_229_L_SRC.pdbqt --log docking/inhibidores/EGFR_P_SRC_229_L_SRC.log
Using random seed: -1004316220

mode |  affinity  |  intramol  |    CNN     |   CNN
     | (kcal/mol) | (kcal/mol) | pose score | affinity
-----+------------+------------+------------+----------
    1      -10.24        2.47      -1.0000      0.000
    2       -9.72        6.74      -1.0000      0.000
    3       -9.63        6.79      -1.0000      0.000
    4       -9.57        6.74      -1.0000      0.000
    5       -9.53        1.14      -1.0000      0.000
    6       -9.40        5.47      -1.0000      0.000
    7       -9.36        6.75      -1.0000      0.000
    8       -9.13        5.22      -1.0000      0.000
    9       -9.11        4.98      -1.0000      0.000
