              _             
             (_)            
   __ _ _ __  _ _ __   __ _ 
  / _` | '_ \| | '_ \ / _` |
 | (_| | | | | | | | | (_| |
  \__, |_| |_|_|_| |_|\__,_|
   __/ |                    
  |___/                     

gnina v1.3 master:97fa6bc+   Built Oct  3 2024.
gnina is based on smina and AutoDock Vina.
Please cite appropriately.

Commandline: gnina --receptor Proteinas_preparadas/MAPK1.pdbqt --ligand Inhibidores/Targets/MAPK1/EGFR_P_MAPK1_103.pdbqt --autobox_ligand Compuestos_preparados/MAPK1.pdbqt --autobox_add 18 --exhaustiveness 16 --out docking/inhibidores/EGFR_P_MAPK1_103_L_MAPK1.pdbqt --log docking/inhibidores/EGFR_P_MAPK1_103_L_MAPK1.log
Using random seed: 1268689476

mode |  affinity  |  intramol  |    CNN     |   CNN
     | (kcal/mol) | (kcal/mol) | pose score | affinity
-----+------------+------------+------------+----------
    1      -11.05        6.74       0.8128      7.968
    2       -9.43        7.26       0.6341      7.870
    3      -10.50        5.42       0.5347      7.477
    4      -10.64        4.78       0.2488      7.489
    5       -6.91        7.39       0.1733      5.855
    6       -6.79        2.25       0.1607      5.481
    7      -10.35       10.18       0.1474      6.753
    8       -9.71        8.61       0.1454      6.744
    9       -6.70        6.64       0.1158      5.113
