              _             
             (_)            
   __ _ _ __  _ _ __   __ _ 
  / _` | '_ \| | '_ \ / _` |
 | (_| | | | | | | | | (_| |
  \__, |_| |_|_|_| |_|\__,_|
   __/ |                    
  |___/                     

gnina v1.3 master:97fa6bc+   Built Oct  3 2024.
gnina is based on smina and AutoDock Vina.
Please cite appropriately.

Commandline: gnina --receptor Proteinas_preparadas/SRC.pdbqt --ligand Inhibidores/Targets/SRC/EGFR_P_SRC_141.pdbqt --autobox_ligand Compuestos_preparados/SRC.pdbqt --autobox_add 18 --exhaustiveness 16 --out docking/inhibidores/EGFR_P_SRC_141_L_SRC.pdbqt --log docking/inhibidores/EGFR_P_SRC_141_L_SRC.log
Using random seed: 1472424604

mode |  affinity  |  intramol  |    CNN     |   CNN
     | (kcal/mol) | (kcal/mol) | pose score | affinity
-----+------------+------------+------------+----------
    1      -10.31       -0.71       0.8017      7.465
    2      -10.34       -0.72       0.7962      7.454
    3       -9.71       -0.73       0.5144      7.217
    4       -9.59       -0.58       0.2830      6.736
    5       -6.54       -0.79       0.2465      5.599
    6       -6.80        1.44       0.2426      5.361
    7       -8.50       -0.84       0.2235      6.797
    8       -8.59       -0.75       0.2171      6.735
    9       -9.68       -0.31       0.2125      6.574
