              _             
             (_)            
   __ _ _ __  _ _ __   __ _ 
  / _` | '_ \| | '_ \ / _` |
 | (_| | | | | | | | | (_| |
  \__, |_| |_|_|_| |_|\__,_|
   __/ |                    
  |___/                     

gnina v1.3 master:97fa6bc+   Built Oct  3 2024.
gnina is based on smina and AutoDock Vina.
Please cite appropriately.

Commandline: gnina --receptor Proteinas_preparadas/STAT3.pdbqt --ligand Inhibidores/Targets/STAT3/EGFR_P_STAT3_144.pdbqt --autobox_ligand Compuestos_preparados/STAT3.pdbqt --autobox_add 18 --exhaustiveness 16 --out docking/inhibidores/EGFR_P_STAT3_144_L_STAT3.pdbqt --log docking/inhibidores/EGFR_P_STAT3_144_L_STAT3.log
Using random seed: -387655204

mode |  affinity  |  intramol  |    CNN     |   CNN
     | (kcal/mol) | (kcal/mol) | pose score | affinity
-----+------------+------------+------------+----------
    1       -6.70       -1.27       0.4702      6.182
    2       -7.53       -0.65       0.4657      5.619
    3       -7.29       -0.61       0.4056      5.583
    4       -7.21       -0.71       0.4040      6.049
    5       -6.83       -1.14       0.3581      5.800
    6       -7.42       -0.92       0.3520      5.897
    7       -6.56       -0.95       0.3341      5.892
    8       -7.03        0.30       0.3097      5.829
    9       -6.46       -0.87       0.3023      5.826
