              _             
             (_)            
   __ _ _ __  _ _ __   __ _ 
  / _` | '_ \| | '_ \ / _` |
 | (_| | | | | | | | | (_| |
  \__, |_| |_|_|_| |_|\__,_|
   __/ |                    
  |___/                     

gnina v1.3 master:97fa6bc+   Built Oct  3 2024.
gnina is based on smina and AutoDock Vina.
Please cite appropriately.

Commandline: gnina --receptor Proteinas_preparadas/STAT3.pdbqt --ligand Inhibidores/Targets/STAT3/EGFR_P_STAT3_162.pdbqt --autobox_ligand Compuestos_preparados/STAT3.pdbqt --autobox_add 18 --exhaustiveness 16 --out docking/inhibidores/EGFR_P_STAT3_162_L_STAT3.pdbqt --log docking/inhibidores/EGFR_P_STAT3_162_L_STAT3.log
Using random seed: -1831215248

mode |  affinity  |  intramol  |    CNN     |   CNN
     | (kcal/mol) | (kcal/mol) | pose score | affinity
-----+------------+------------+------------+----------
    1       -7.69       -0.86       0.8425      5.969
    2       -7.82       -0.73       0.8282      5.995
    3       -6.63       -0.82       0.6471      5.615
    4       -6.84       -1.07       0.6056      5.558
    5       -6.98       -0.57       0.5907      5.768
    6       -7.30       -1.18       0.5742      5.160
    7       -7.84       -0.85       0.5711      5.403
    8       -6.99       -1.19       0.5693      5.391
    9       -6.89       -0.92       0.5139      5.354
