              _             
             (_)            
   __ _ _ __  _ _ __   __ _ 
  / _` | '_ \| | '_ \ / _` |
 | (_| | | | | | | | | (_| |
  \__, |_| |_|_|_| |_|\__,_|
   __/ |                    
  |___/                     

gnina v1.3 master:97fa6bc+   Built Oct  3 2024.
gnina is based on smina and AutoDock Vina.
Please cite appropriately.

Commandline: gnina --receptor Proteinas_preparadas/SRC.pdbqt --ligand Inhibidores/Targets/SRC/EGFR_P_SRC_139.pdbqt --autobox_ligand Compuestos_preparados/SRC.pdbqt --autobox_add 18 --exhaustiveness 16 --out docking/inhibidores/EGFR_P_SRC_139_L_SRC.pdbqt --log docking/inhibidores/EGFR_P_SRC_139_L_SRC.log
Using random seed: 459998632

mode |  affinity  |  intramol  |    CNN     |   CNN
     | (kcal/mol) | (kcal/mol) | pose score | affinity
-----+------------+------------+------------+----------
    1       -9.92        5.09       0.8694      8.114
    2       -6.54        1.18       0.7709      6.732
    3       -7.59        1.39       0.7573      6.537
    4       -6.62        0.54       0.7211      6.414
    5       -7.12        0.66       0.5335      6.494
    6       -7.29        0.59       0.5285      6.315
    7       -6.87        0.72       0.4466      6.584
    8       -7.49        0.27       0.4382      5.906
    9       -7.40        0.23       0.4103      6.136
