              _             
             (_)            
   __ _ _ __  _ _ __   __ _ 
  / _` | '_ \| | '_ \ / _` |
 | (_| | | | | | | | | (_| |
  \__, |_| |_|_|_| |_|\__,_|
   __/ |                    
  |___/                     

gnina v1.3 master:97fa6bc+   Built Oct  3 2024.
gnina is based on smina and AutoDock Vina.
Please cite appropriately.

Commandline: gnina --receptor Proteinas_preparadas/STAT3.pdbqt --ligand Inhibidores/Targets/STAT3/EGFR_P_STAT3_146.pdbqt --autobox_ligand Compuestos_preparados/STAT3.pdbqt --autobox_add 18 --exhaustiveness 16 --out docking/inhibidores/EGFR_P_STAT3_146_L_STAT3.pdbqt --log docking/inhibidores/EGFR_P_STAT3_146_L_STAT3.log
Using random seed: 538651406

mode |  affinity  |  intramol  |    CNN     |   CNN
     | (kcal/mol) | (kcal/mol) | pose score | affinity
-----+------------+------------+------------+----------
    1       -6.69       -0.70       0.5102      5.547
    2       -6.57       -0.63       0.4737      5.694
    3       -7.24       -0.62       0.3712      5.031
    4       -6.58       -0.85       0.2716      4.879
    5       -6.83       -0.71       0.2669      4.950
    6       -6.53       -0.90       0.2504      5.113
    7       -6.84       -0.96       0.2447      5.123
    8       -6.83       -0.79       0.2306      4.715
    9       -6.69       -1.04       0.2215      4.512
