              _             
             (_)            
   __ _ _ __  _ _ __   __ _ 
  / _` | '_ \| | '_ \ / _` |
 | (_| | | | | | | | | (_| |
  \__, |_| |_|_|_| |_|\__,_|
   __/ |                    
  |___/                     

gnina v1.3 master:97fa6bc+   Built Oct  3 2024.
gnina is based on smina and AutoDock Vina.
Please cite appropriately.

Commandline: gnina --receptor Proteinas_preparadas/SRC.pdbqt --ligand Inhibidores/Targets/SRC/EGFR_P_SRC_206.pdbqt --autobox_ligand Compuestos_preparados/SRC.pdbqt --autobox_add 18 --exhaustiveness 16 --cnn_scoring none --out docking/inhibidores/EGFR_P_SRC_206_L_SRC.pdbqt --log docking/inhibidores/EGFR_P_SRC_206_L_SRC.log
Using random seed: 1751665566

mode |  affinity  |  intramol  |    CNN     |   CNN
     | (kcal/mol) | (kcal/mol) | pose score | affinity
-----+------------+------------+------------+----------
    1      -10.15       -1.05      -1.0000      0.000
    2      -10.14       -1.04      -1.0000      0.000
    3       -9.86       -0.91      -1.0000      0.000
    4       -9.66       -1.13      -1.0000      0.000
    5       -9.38       -0.80      -1.0000      0.000
    6       -9.34       -0.76      -1.0000      0.000
    7       -8.87        4.68      -1.0000      0.000
    8       -8.77       -0.80      -1.0000      0.000
    9       -8.55        0.17      -1.0000      0.000
