              _             
             (_)            
   __ _ _ __  _ _ __   __ _ 
  / _` | '_ \| | '_ \ / _` |
 | (_| | | | | | | | | (_| |
  \__, |_| |_|_|_| |_|\__,_|
   __/ |                    
  |___/                     

gnina v1.3 master:97fa6bc+   Built Oct  3 2024.
gnina is based on smina and AutoDock Vina.
Please cite appropriately.

Commandline: gnina --receptor Proteinas_preparadas/MAPK1.pdbqt --ligand Inhibidores/Targets/MAPK1/EGFR_P_MAPK1_172.pdbqt --autobox_ligand Compuestos_preparados/MAPK1.pdbqt --autobox_add 18 --exhaustiveness 16 --cnn_scoring none --out docking/inhibidores/EGFR_P_MAPK1_172_L_MAPK1.pdbqt --log docking/inhibidores/EGFR_P_MAPK1_172_L_MAPK1.log
Using random seed: -2141558557

mode |  affinity  |  intramol  |    CNN     |   CNN
     | (kcal/mol) | (kcal/mol) | pose score | affinity
-----+------------+------------+------------+----------
    1      -10.55       -0.15      -1.0000      0.000
    2      -10.25       -0.12      -1.0000      0.000
    3       -9.95       -0.12      -1.0000      0.000
    4       -8.81       -0.14      -1.0000      0.000
    5       -8.80       -0.13      -1.0000      0.000
    6       -8.73        0.01      -1.0000      0.000
    7       -8.51       -0.22      -1.0000      0.000
    8       -8.44        0.09      -1.0000      0.000
    9       -8.14       -0.12      -1.0000      0.000
