              _             
             (_)            
   __ _ _ __  _ _ __   __ _ 
  / _` | '_ \| | '_ \ / _` |
 | (_| | | | | | | | | (_| |
  \__, |_| |_|_|_| |_|\__,_|
   __/ |                    
  |___/                     

gnina v1.3 master:97fa6bc+   Built Oct  3 2024.
gnina is based on smina and AutoDock Vina.
Please cite appropriately.

Commandline: gnina --receptor Proteinas_preparadas/STAT3.pdbqt --ligand Inhibidores/Targets/STAT3/EGFR_P_STAT3_279.pdbqt --autobox_ligand Compuestos_preparados/STAT3.pdbqt --autobox_add 18 --exhaustiveness 16 --cnn_scoring none --out docking/inhibidores/EGFR_P_STAT3_279_L_STAT3.pdbqt --log docking/inhibidores/EGFR_P_STAT3_279_L_STAT3.log
Using random seed: 1792391844

mode |  affinity  |  intramol  |    CNN     |   CNN
     | (kcal/mol) | (kcal/mol) | pose score | affinity
-----+------------+------------+------------+----------
    1       -7.23        0.71      -1.0000      0.000
    2       -7.20        1.34      -1.0000      0.000
    3       -7.17       -0.88      -1.0000      0.000
    4       -7.16       -0.81      -1.0000      0.000
    5       -6.96        1.00      -1.0000      0.000
    6       -6.94       -0.84      -1.0000      0.000
    7       -6.90        0.61      -1.0000      0.000
    8       -6.89       -0.20      -1.0000      0.000
    9       -6.84       -0.83      -1.0000      0.000
