              _             
             (_)            
   __ _ _ __  _ _ __   __ _ 
  / _` | '_ \| | '_ \ / _` |
 | (_| | | | | | | | | (_| |
  \__, |_| |_|_|_| |_|\__,_|
   __/ |                    
  |___/                     

gnina v1.3 master:97fa6bc+   Built Oct  3 2024.
gnina is based on smina and AutoDock Vina.
Please cite appropriately.

Commandline: gnina --receptor Proteinas_preparadas/MAPK1.pdbqt --ligand Inhibidores/Targets/MAPK1/EGFR_P_MAPK1_92.pdbqt --autobox_ligand Compuestos_preparados/MAPK1.pdbqt --autobox_add 18 --exhaustiveness 16 --out docking/inhibidores/EGFR_P_MAPK1_92_L_MAPK1.pdbqt --log docking/inhibidores/EGFR_P_MAPK1_92_L_MAPK1.log
Using random seed: -1704264363

mode |  affinity  |  intramol  |    CNN     |   CNN
     | (kcal/mol) | (kcal/mol) | pose score | affinity
-----+------------+------------+------------+----------
    1       -8.71       -0.07       0.5741      7.266
    2       -8.74       -1.72       0.5331      7.330
    3       -9.13       -0.88       0.2058      6.332
    4       -8.38       -1.45       0.1406      5.892
    5       -8.12       -1.16       0.1380      6.042
    6       -8.36       -1.20       0.1259      5.682
    7       -9.17       -1.33       0.1189      7.058
    8       -8.10       -0.71       0.1163      6.078
    9       -8.42       -1.20       0.1148      6.002
