              _             
             (_)            
   __ _ _ __  _ _ __   __ _ 
  / _` | '_ \| | '_ \ / _` |
 | (_| | | | | | | | | (_| |
  \__, |_| |_|_|_| |_|\__,_|
   __/ |                    
  |___/                     

gnina v1.3 master:97fa6bc+   Built Oct  3 2024.
gnina is based on smina and AutoDock Vina.
Please cite appropriately.

Commandline: gnina --receptor Proteinas_preparadas/STAT3.pdbqt --ligand Inhibidores/Targets/STAT3/EGFR_P_STAT3_274.pdbqt --autobox_ligand Compuestos_preparados/STAT3.pdbqt --autobox_add 18 --exhaustiveness 16 --cnn_scoring none --out docking/inhibidores/EGFR_P_STAT3_274_L_STAT3.pdbqt --log docking/inhibidores/EGFR_P_STAT3_274_L_STAT3.log
Using random seed: -1641417445

mode |  affinity  |  intramol  |    CNN     |   CNN
     | (kcal/mol) | (kcal/mol) | pose score | affinity
-----+------------+------------+------------+----------
    1       -8.01       -1.08      -1.0000      0.000
    2       -8.00       -1.35      -1.0000      0.000
    3       -7.93       -0.83      -1.0000      0.000
    4       -7.89       -0.74      -1.0000      0.000
    5       -7.85       -1.36      -1.0000      0.000
    6       -7.55       -1.14      -1.0000      0.000
    7       -7.50       -1.45      -1.0000      0.000
    8       -7.49       -1.18      -1.0000      0.000
    9       -7.44       -1.51      -1.0000      0.000
