              _             
             (_)            
   __ _ _ __  _ _ __   __ _ 
  / _` | '_ \| | '_ \ / _` |
 | (_| | | | | | | | | (_| |
  \__, |_| |_|_|_| |_|\__,_|
   __/ |                    
  |___/                     

gnina v1.3 master:97fa6bc+   Built Oct  3 2024.
gnina is based on smina and AutoDock Vina.
Please cite appropriately.

Commandline: gnina --receptor Proteinas_preparadas/STAT3.pdbqt --ligand Inhibidores/Targets/STAT3/EGFR_P_STAT3_257.pdbqt --autobox_ligand Compuestos_preparados/STAT3.pdbqt --autobox_add 18 --exhaustiveness 16 --cnn_scoring none --out docking/inhibidores/EGFR_P_STAT3_257_L_STAT3.pdbqt --log docking/inhibidores/EGFR_P_STAT3_257_L_STAT3.log
Using random seed: -1294806110

mode |  affinity  |  intramol  |    CNN     |   CNN
     | (kcal/mol) | (kcal/mol) | pose score | affinity
-----+------------+------------+------------+----------
    1       -7.73       -0.55      -1.0000      0.000
    2       -7.68       -0.44      -1.0000      0.000
    3       -7.56       -0.46      -1.0000      0.000
    4       -7.47       -0.43      -1.0000      0.000
    5       -7.19       -0.46      -1.0000      0.000
    6       -7.18       -0.41      -1.0000      0.000
    7       -7.03       -0.50      -1.0000      0.000
    8       -6.99       -0.42      -1.0000      0.000
    9       -6.94       -0.40      -1.0000      0.000
