              _             
             (_)            
   __ _ _ __  _ _ __   __ _ 
  / _` | '_ \| | '_ \ / _` |
 | (_| | | | | | | | | (_| |
  \__, |_| |_|_|_| |_|\__,_|
   __/ |                    
  |___/                     

gnina v1.3 master:97fa6bc+   Built Oct  3 2024.
gnina is based on smina and AutoDock Vina.
Please cite appropriately.

Commandline: gnina --receptor Proteinas_preparadas/STAT3.pdbqt --ligand Inhibidores/Targets/STAT3/EGFR_P_STAT3_171.pdbqt --autobox_ligand Compuestos_preparados/STAT3.pdbqt --autobox_add 18 --exhaustiveness 16 --out docking/inhibidores/EGFR_P_STAT3_171_L_STAT3.pdbqt --log docking/inhibidores/EGFR_P_STAT3_171_L_STAT3.log
Using random seed: -911558144

mode |  affinity  |  intramol  |    CNN     |   CNN
     | (kcal/mol) | (kcal/mol) | pose score | affinity
-----+------------+------------+------------+----------
    1       -7.56       -1.04       0.4671      6.405
    2       -7.21       -0.95       0.4395      6.275
    3       -7.61       -0.88       0.4293      6.516
    4       -6.11       -1.01       0.3988      6.788
    5       -6.85        0.18       0.3935      6.419
    6       -7.69       -0.60       0.3819      6.280
    7       -6.42       -0.96       0.3759      6.564
    8       -7.27       -0.68       0.3654      6.323
    9       -7.36       -0.24       0.3624      6.184
