              _             
             (_)            
   __ _ _ __  _ _ __   __ _ 
  / _` | '_ \| | '_ \ / _` |
 | (_| | | | | | | | | (_| |
  \__, |_| |_|_|_| |_|\__,_|
   __/ |                    
  |___/                     

gnina v1.3 master:97fa6bc+   Built Oct  3 2024.
gnina is based on smina and AutoDock Vina.
Please cite appropriately.

Commandline: gnina --receptor Proteinas_preparadas/STAT3.pdbqt --ligand Inhibidores/Targets/STAT3/EGFR_P_STAT3_292.pdbqt --autobox_ligand Compuestos_preparados/STAT3.pdbqt --autobox_add 18 --exhaustiveness 16 --cnn_scoring none --out docking/inhibidores/EGFR_P_STAT3_292_L_STAT3.pdbqt --log docking/inhibidores/EGFR_P_STAT3_292_L_STAT3.log
Using random seed: -598497100

mode |  affinity  |  intramol  |    CNN     |   CNN
     | (kcal/mol) | (kcal/mol) | pose score | affinity
-----+------------+------------+------------+----------
    1       -7.83       -1.33      -1.0000      0.000
    2       -7.78        0.37      -1.0000      0.000
    3       -7.67       -1.23      -1.0000      0.000
    4       -7.60       -0.09      -1.0000      0.000
    5       -7.54        0.65      -1.0000      0.000
    6       -7.52       -1.42      -1.0000      0.000
    7       -7.49       -0.83      -1.0000      0.000
    8       -7.43       -1.44      -1.0000      0.000
    9       -7.39       -0.09      -1.0000      0.000
