              _             
             (_)            
   __ _ _ __  _ _ __   __ _ 
  / _` | '_ \| | '_ \ / _` |
 | (_| | | | | | | | | (_| |
  \__, |_| |_|_|_| |_|\__,_|
   __/ |                    
  |___/                     

gnina v1.3 master:97fa6bc+   Built Oct  3 2024.
gnina is based on smina and AutoDock Vina.
Please cite appropriately.

Commandline: gnina --receptor Proteinas_preparadas/STAT3.pdbqt --ligand Inhibidores/Targets/STAT3/EGFR_P_STAT3_264.pdbqt --autobox_ligand Compuestos_preparados/STAT3.pdbqt --autobox_add 18 --exhaustiveness 16 --cnn_scoring none --out docking/inhibidores/EGFR_P_STAT3_264_L_STAT3.pdbqt --log docking/inhibidores/EGFR_P_STAT3_264_L_STAT3.log
Using random seed: -890775183

mode |  affinity  |  intramol  |    CNN     |   CNN
     | (kcal/mol) | (kcal/mol) | pose score | affinity
-----+------------+------------+------------+----------
    1       -6.13       -0.14      -1.0000      0.000
    2       -5.68        0.81      -1.0000      0.000
    3       -5.63        0.38      -1.0000      0.000
    4       -5.55        0.66      -1.0000      0.000
    5       -5.51       -0.25      -1.0000      0.000
    6       -5.48       -0.18      -1.0000      0.000
    7       -5.48       -0.26      -1.0000      0.000
    8       -5.46       -0.13      -1.0000      0.000
    9       -5.27        0.20      -1.0000      0.000
