              _             
             (_)            
   __ _ _ __  _ _ __   __ _ 
  / _` | '_ \| | '_ \ / _` |
 | (_| | | | | | | | | (_| |
  \__, |_| |_|_|_| |_|\__,_|
   __/ |                    
  |___/                     

gnina v1.3 master:97fa6bc+   Built Oct  3 2024.
gnina is based on smina and AutoDock Vina.
Please cite appropriately.

Commandline: gnina --receptor Proteinas_preparadas/STAT3.pdbqt --ligand Inhibidores/Targets/STAT3/EGFR_P_STAT3_167.pdbqt --autobox_ligand Compuestos_preparados/STAT3.pdbqt --autobox_add 18 --exhaustiveness 16 --out docking/inhibidores/EGFR_P_STAT3_167_L_STAT3.pdbqt --log docking/inhibidores/EGFR_P_STAT3_167_L_STAT3.log
Using random seed: 1902184532

mode |  affinity  |  intramol  |    CNN     |   CNN
     | (kcal/mol) | (kcal/mol) | pose score | affinity
-----+------------+------------+------------+----------
    1       -7.50        0.14       0.7446      6.303
    2       -6.70       -1.53       0.6226      5.875
    3       -7.49        0.58       0.5202      5.961
    4       -7.01       -0.07       0.4897      5.122
    5       -7.78       -1.17       0.4430      5.467
    6       -6.96       -1.20       0.4393      5.632
    7       -7.46       -1.16       0.4301      5.551
    8       -6.81       -1.26       0.4182      5.481
    9       -7.12       -1.32       0.3815      5.690
