              _             
             (_)            
   __ _ _ __  _ _ __   __ _ 
  / _` | '_ \| | '_ \ / _` |
 | (_| | | | | | | | | (_| |
  \__, |_| |_|_|_| |_|\__,_|
   __/ |                    
  |___/                     

gnina v1.3 master:97fa6bc+   Built Oct  3 2024.
gnina is based on smina and AutoDock Vina.
Please cite appropriately.

Commandline: gnina --receptor Proteinas_preparadas/STAT3.pdbqt --ligand Inhibidores/Targets/STAT3/EGFR_P_STAT3_261.pdbqt --autobox_ligand Compuestos_preparados/STAT3.pdbqt --autobox_add 18 --exhaustiveness 16 --cnn_scoring none --out docking/inhibidores/EGFR_P_STAT3_261_L_STAT3.pdbqt --log docking/inhibidores/EGFR_P_STAT3_261_L_STAT3.log
Using random seed: 844769652

mode |  affinity  |  intramol  |    CNN     |   CNN
     | (kcal/mol) | (kcal/mol) | pose score | affinity
-----+------------+------------+------------+----------
    1       -6.52        0.13      -1.0000      0.000
    2       -6.49       -0.35      -1.0000      0.000
    3       -6.36       -0.44      -1.0000      0.000
    4       -6.32        0.17      -1.0000      0.000
    5       -6.28       -0.89      -1.0000      0.000
    6       -6.26       -0.76      -1.0000      0.000
    7       -6.26       -1.00      -1.0000      0.000
    8       -6.26       -0.35      -1.0000      0.000
    9       -6.23       -0.64      -1.0000      0.000
