              _             
             (_)            
   __ _ _ __  _ _ __   __ _ 
  / _` | '_ \| | '_ \ / _` |
 | (_| | | | | | | | | (_| |
  \__, |_| |_|_|_| |_|\__,_|
   __/ |                    
  |___/                     

gnina v1.3 master:97fa6bc+   Built Oct  3 2024.
gnina is based on smina and AutoDock Vina.
Please cite appropriately.

Commandline: gnina --receptor Proteinas_preparadas/SRC.pdbqt --ligand Inhibidores/Targets/SRC/EGFR_P_SRC_138.pdbqt --autobox_ligand Compuestos_preparados/SRC.pdbqt --autobox_add 18 --exhaustiveness 16 --out docking/inhibidores/EGFR_P_SRC_138_L_SRC.pdbqt --log docking/inhibidores/EGFR_P_SRC_138_L_SRC.log
Using random seed: -1048527022

mode |  affinity  |  intramol  |    CNN     |   CNN
     | (kcal/mol) | (kcal/mol) | pose score | affinity
-----+------------+------------+------------+----------
    1       -9.10       -1.03       0.4827      8.026
    2       -8.96       -0.75       0.4783      7.901
    3       -9.73       -1.09       0.4329      7.915
    4       -8.55       -0.60       0.3812      7.833
    5       -9.01       -1.05       0.3267      7.803
    6       -9.08       -1.01       0.3140      7.732
    7       -8.68       -1.11       0.2389      7.596
    8       -8.29       -1.73       0.1974      7.287
    9       -8.36       -0.89       0.1042      5.639
