              _             
             (_)            
   __ _ _ __  _ _ __   __ _ 
  / _` | '_ \| | '_ \ / _` |
 | (_| | | | | | | | | (_| |
  \__, |_| |_|_|_| |_|\__,_|
   __/ |                    
  |___/                     

gnina v1.3 master:97fa6bc+   Built Oct  3 2024.
gnina is based on smina and AutoDock Vina.
Please cite appropriately.

Commandline: gnina --receptor Proteinas_preparadas/MAPK1.pdbqt --ligand Inhibidores/Targets/MAPK1/EGFR_P_MAPK1_100.pdbqt --autobox_ligand Compuestos_preparados/MAPK1.pdbqt --autobox_add 18 --exhaustiveness 16 --out docking/inhibidores/EGFR_P_MAPK1_100_L_MAPK1.pdbqt --log docking/inhibidores/EGFR_P_MAPK1_100_L_MAPK1.log
Using random seed: 1211411106

mode |  affinity  |  intramol  |    CNN     |   CNN
     | (kcal/mol) | (kcal/mol) | pose score | affinity
-----+------------+------------+------------+----------
    1       -8.56       -1.38       0.4926      7.703
    2       -9.13       -0.20       0.3654      7.602
    3       -9.13       -0.80       0.3580      7.676
    4       -9.66       -1.34       0.3488      7.497
    5       -8.38       -1.46       0.2948      7.613
    6       -9.53        0.58       0.2580      7.312
    7       -8.92       -1.57       0.2179      7.406
    8       -8.80       -1.03       0.1735      6.569
    9       -8.41       -1.17       0.1559      7.343
