              _             
             (_)            
   __ _ _ __  _ _ __   __ _ 
  / _` | '_ \| | '_ \ / _` |
 | (_| | | | | | | | | (_| |
  \__, |_| |_|_|_| |_|\__,_|
   __/ |                    
  |___/                     

gnina v1.3 master:97fa6bc+   Built Oct  3 2024.
gnina is based on smina and AutoDock Vina.
Please cite appropriately.

Commandline: gnina --receptor Proteinas_preparadas/STAT3.pdbqt --ligand Inhibidores/Targets/STAT3/EGFR_P_STAT3_241.pdbqt --autobox_ligand Compuestos_preparados/STAT3.pdbqt --autobox_add 18 --exhaustiveness 16 --cnn_scoring none --out docking/inhibidores/EGFR_P_STAT3_241_L_STAT3.pdbqt --log docking/inhibidores/EGFR_P_STAT3_241_L_STAT3.log
Using random seed: 1146935488

mode |  affinity  |  intramol  |    CNN     |   CNN
     | (kcal/mol) | (kcal/mol) | pose score | affinity
-----+------------+------------+------------+----------
    1       -7.33       -0.68      -1.0000      0.000
    2       -7.24       -0.22      -1.0000      0.000
    3       -7.11        0.00      -1.0000      0.000
    4       -6.77       -0.14      -1.0000      0.000
    5       -6.63       -0.56      -1.0000      0.000
    6       -6.62       -0.65      -1.0000      0.000
    7       -6.54       -0.82      -1.0000      0.000
    8       -6.52       -0.43      -1.0000      0.000
    9       -6.48       -0.65      -1.0000      0.000
