              _             
             (_)            
   __ _ _ __  _ _ __   __ _ 
  / _` | '_ \| | '_ \ / _` |
 | (_| | | | | | | | | (_| |
  \__, |_| |_|_|_| |_|\__,_|
   __/ |                    
  |___/                     

gnina v1.3 master:97fa6bc+   Built Oct  3 2024.
gnina is based on smina and AutoDock Vina.
Please cite appropriately.

Commandline: gnina --receptor Proteinas_preparadas/SRC.pdbqt --ligand Inhibidores/Targets/SRC/EGFR_P_SRC_134.pdbqt --autobox_ligand Compuestos_preparados/SRC.pdbqt --autobox_add 18 --exhaustiveness 16 --out docking/inhibidores/EGFR_P_SRC_134_L_SRC.pdbqt --log docking/inhibidores/EGFR_P_SRC_134_L_SRC.log
Using random seed: 1932896320

mode |  affinity  |  intramol  |    CNN     |   CNN
     | (kcal/mol) | (kcal/mol) | pose score | affinity
-----+------------+------------+------------+----------
    1      -10.54       -0.72       0.8453      7.521
    2      -10.54       -0.71       0.8409      7.508
    3       -6.60       -0.82       0.6746      6.498
    4       -7.04       -0.91       0.5217      6.449
    5       -6.78       -0.81       0.4669      6.453
    6       -8.95       -0.51       0.3519      7.036
    7       -9.00       -0.79       0.2944      6.881
    8       -6.55       -0.67       0.2749      5.393
    9       -7.28       -0.77       0.2485      5.963
