              _             
             (_)            
   __ _ _ __  _ _ __   __ _ 
  / _` | '_ \| | '_ \ / _` |
 | (_| | | | | | | | | (_| |
  \__, |_| |_|_|_| |_|\__,_|
   __/ |                    
  |___/                     

gnina v1.3 master:97fa6bc+   Built Oct  3 2024.
gnina is based on smina and AutoDock Vina.
Please cite appropriately.

Commandline: gnina --receptor Proteinas_preparadas/STAT3.pdbqt --ligand Inhibidores/Targets/STAT3/EGFR_P_STAT3_155.pdbqt --autobox_ligand Compuestos_preparados/STAT3.pdbqt --autobox_add 18 --exhaustiveness 16 --out docking/inhibidores/EGFR_P_STAT3_155_L_STAT3.pdbqt --log docking/inhibidores/EGFR_P_STAT3_155_L_STAT3.log
Using random seed: 918745564

mode |  affinity  |  intramol  |    CNN     |   CNN
     | (kcal/mol) | (kcal/mol) | pose score | affinity
-----+------------+------------+------------+----------
    1       -7.61       -0.77       0.8307      5.750
    2       -7.67       -0.78       0.8129      5.818
    3       -7.26       -1.05       0.5883      5.456
    4       -7.80       -0.94       0.5054      5.037
    5       -6.41       -1.21       0.4940      5.194
    6       -7.31       -1.17       0.4839      4.900
    7       -6.35       -0.97       0.4578      5.303
    8       -7.76       -1.10       0.4571      4.988
    9       -6.94       -0.93       0.4485      5.365
