              _             
             (_)            
   __ _ _ __  _ _ __   __ _ 
  / _` | '_ \| | '_ \ / _` |
 | (_| | | | | | | | | (_| |
  \__, |_| |_|_|_| |_|\__,_|
   __/ |                    
  |___/                     

gnina v1.3 master:97fa6bc+   Built Oct  3 2024.
gnina is based on smina and AutoDock Vina.
Please cite appropriately.

Commandline: gnina --receptor Proteinas_preparadas/STAT3.pdbqt --ligand Inhibidores/Targets/STAT3/EGFR_P_STAT3_154.pdbqt --autobox_ligand Compuestos_preparados/STAT3.pdbqt --autobox_add 18 --exhaustiveness 16 --out docking/inhibidores/EGFR_P_STAT3_154_L_STAT3.pdbqt --log docking/inhibidores/EGFR_P_STAT3_154_L_STAT3.log
Using random seed: 956732408

mode |  affinity  |  intramol  |    CNN     |   CNN
     | (kcal/mol) | (kcal/mol) | pose score | affinity
-----+------------+------------+------------+----------
    1       -5.21       -0.22       0.7006      5.363
    2       -6.46       -0.61       0.6882      5.419
    3       -6.37       -0.27       0.6047      5.135
    4       -5.66       -0.32       0.5327      5.231
    5       -5.72       -0.24       0.4835      5.418
    6       -5.18       -0.60       0.4466      5.005
    7       -5.95       -0.43       0.3985      4.414
    8       -5.96       -0.59       0.3943      5.034
    9       -6.17       -0.58       0.3607      5.175
