              _             
             (_)            
   __ _ _ __  _ _ __   __ _ 
  / _` | '_ \| | '_ \ / _` |
 | (_| | | | | | | | | (_| |
  \__, |_| |_|_|_| |_|\__,_|
   __/ |                    
  |___/                     

gnina v1.3 master:97fa6bc+   Built Oct  3 2024.
gnina is based on smina and AutoDock Vina.
Please cite appropriately.

Commandline: gnina --receptor Proteinas_preparadas/STAT3.pdbqt --ligand Inhibidores/Targets/STAT3/EGFR_P_STAT3_253.pdbqt --autobox_ligand Compuestos_preparados/STAT3.pdbqt --autobox_add 18 --exhaustiveness 16 --cnn_scoring none --out docking/inhibidores/EGFR_P_STAT3_253_L_STAT3.pdbqt --log docking/inhibidores/EGFR_P_STAT3_253_L_STAT3.log
Using random seed: -482312006

mode |  affinity  |  intramol  |    CNN     |   CNN
     | (kcal/mol) | (kcal/mol) | pose score | affinity
-----+------------+------------+------------+----------
    1       -7.75       -0.76      -1.0000      0.000
    2       -7.49       -0.67      -1.0000      0.000
    3       -7.43       -0.71      -1.0000      0.000
    4       -7.42       -0.70      -1.0000      0.000
    5       -7.37       -0.72      -1.0000      0.000
    6       -7.30       -0.58      -1.0000      0.000
    7       -7.19       -0.61      -1.0000      0.000
    8       -7.14       -0.04      -1.0000      0.000
    9       -7.12       -0.72      -1.0000      0.000
