              _             
             (_)            
   __ _ _ __  _ _ __   __ _ 
  / _` | '_ \| | '_ \ / _` |
 | (_| | | | | | | | | (_| |
  \__, |_| |_|_|_| |_|\__,_|
   __/ |                    
  |___/                     

gnina v1.3 master:97fa6bc+   Built Oct  3 2024.
gnina is based on smina and AutoDock Vina.
Please cite appropriately.

Commandline: gnina --receptor Proteinas_preparadas/SRC.pdbqt --ligand Inhibidores/Targets/SRC/EGFR_P_SRC_223.pdbqt --autobox_ligand Compuestos_preparados/SRC.pdbqt --autobox_add 18 --exhaustiveness 16 --cnn_scoring none --out docking/inhibidores/EGFR_P_SRC_223_L_SRC.pdbqt --log docking/inhibidores/EGFR_P_SRC_223_L_SRC.log
Using random seed: -855788266

mode |  affinity  |  intramol  |    CNN     |   CNN
     | (kcal/mol) | (kcal/mol) | pose score | affinity
-----+------------+------------+------------+----------
    1       -8.82        0.39      -1.0000      0.000
    2       -8.36        0.48      -1.0000      0.000
    3       -8.19        1.10      -1.0000      0.000
    4       -8.13        0.93      -1.0000      0.000
    5       -8.10        0.47      -1.0000      0.000
    6       -8.04        0.09      -1.0000      0.000
    7       -7.91        0.19      -1.0000      0.000
    8       -7.67       -0.03      -1.0000      0.000
    9       -7.66       -0.35      -1.0000      0.000
