              _             
             (_)            
   __ _ _ __  _ _ __   __ _ 
  / _` | '_ \| | '_ \ / _` |
 | (_| | | | | | | | | (_| |
  \__, |_| |_|_|_| |_|\__,_|
   __/ |                    
  |___/                     

gnina v1.3 master:97fa6bc+   Built Oct  3 2024.
gnina is based on smina and AutoDock Vina.
Please cite appropriately.

Commandline: gnina --receptor Proteinas_preparadas/SRC.pdbqt --ligand Inhibidores/Targets/SRC/EGFR_P_SRC_217.pdbqt --autobox_ligand Compuestos_preparados/SRC.pdbqt --autobox_add 18 --exhaustiveness 16 --cnn_scoring none --out docking/inhibidores/EGFR_P_SRC_217_L_SRC.pdbqt --log docking/inhibidores/EGFR_P_SRC_217_L_SRC.log
Using random seed: -154496348

mode |  affinity  |  intramol  |    CNN     |   CNN
     | (kcal/mol) | (kcal/mol) | pose score | affinity
-----+------------+------------+------------+----------
    1      -10.58       -0.70      -1.0000      0.000
    2      -10.54       -0.69      -1.0000      0.000
    3      -10.45       -0.70      -1.0000      0.000
    4      -10.19       -0.81      -1.0000      0.000
    5      -10.16       -0.81      -1.0000      0.000
    6       -9.86       -0.88      -1.0000      0.000
    7       -9.67       -0.91      -1.0000      0.000
    8       -9.26       -0.73      -1.0000      0.000
    9       -9.03       -0.15      -1.0000      0.000
