              _             
             (_)            
   __ _ _ __  _ _ __   __ _ 
  / _` | '_ \| | '_ \ / _` |
 | (_| | | | | | | | | (_| |
  \__, |_| |_|_|_| |_|\__,_|
   __/ |                    
  |___/                     

gnina v1.3 master:97fa6bc+   Built Oct  3 2024.
gnina is based on smina and AutoDock Vina.
Please cite appropriately.

Commandline: gnina --receptor Proteinas_preparadas/STAT3.pdbqt --ligand Inhibidores/Targets/STAT3/EGFR_P_STAT3_151.pdbqt --autobox_ligand Compuestos_preparados/STAT3.pdbqt --autobox_add 18 --exhaustiveness 16 --out docking/inhibidores/EGFR_P_STAT3_151_L_STAT3.pdbqt --log docking/inhibidores/EGFR_P_STAT3_151_L_STAT3.log
Using random seed: -562165486

mode |  affinity  |  intramol  |    CNN     |   CNN
     | (kcal/mol) | (kcal/mol) | pose score | affinity
-----+------------+------------+------------+----------
    1       -7.00       -1.39       0.5072      6.868
    2       -6.64       -1.52       0.4840      6.364
    3       -7.37       -1.71       0.4525      7.061
    4       -6.36       -1.47       0.4521      6.705
    5       -6.89       -1.08       0.4234      6.453
    6       -7.81       -0.50       0.4091      6.569
    7       -6.97       -0.88       0.3964      6.810
    8       -7.18       -0.46       0.3604      6.180
    9       -7.25       -1.30       0.3189      6.419
