              _             
             (_)            
   __ _ _ __  _ _ __   __ _ 
  / _` | '_ \| | '_ \ / _` |
 | (_| | | | | | | | | (_| |
  \__, |_| |_|_|_| |_|\__,_|
   __/ |                    
  |___/                     

gnina v1.3 master:97fa6bc+   Built Oct  3 2024.
gnina is based on smina and AutoDock Vina.
Please cite appropriately.

Commandline: gnina --receptor Proteinas_preparadas/STAT3.pdbqt --ligand Inhibidores/Targets/STAT3/EGFR_P_STAT3_303.pdbqt --autobox_ligand Compuestos_preparados/STAT3.pdbqt --autobox_add 18 --exhaustiveness 16 --cnn_scoring none --out docking/inhibidores/EGFR_P_STAT3_303_L_STAT3.pdbqt --log docking/inhibidores/EGFR_P_STAT3_303_L_STAT3.log
Using random seed: 1869324138

mode |  affinity  |  intramol  |    CNN     |   CNN
     | (kcal/mol) | (kcal/mol) | pose score | affinity
-----+------------+------------+------------+----------
    1       -7.13        0.00      -1.0000      0.000
    2       -7.11        0.00      -1.0000      0.000
    3       -6.57        0.00      -1.0000      0.000
    4       -6.55        0.00      -1.0000      0.000
    5       -6.53        0.00      -1.0000      0.000
    6       -6.49        0.00      -1.0000      0.000
    7       -6.47        0.00      -1.0000      0.000
    8       -6.45        0.00      -1.0000      0.000
    9       -6.34        0.00      -1.0000      0.000
