              _             
             (_)            
   __ _ _ __  _ _ __   __ _ 
  / _` | '_ \| | '_ \ / _` |
 | (_| | | | | | | | | (_| |
  \__, |_| |_|_|_| |_|\__,_|
   __/ |                    
  |___/                     

gnina v1.3 master:97fa6bc+   Built Oct  3 2024.
gnina is based on smina and AutoDock Vina.
Please cite appropriately.

Commandline: gnina --receptor Proteinas_preparadas/EGFR.pdbqt --ligand Inhibidores/Targets/EGFR/MAPK1_P_EGFR_56.pdbqt --autobox_ligand Compuestos_preparados/EGFR.pdbqt --autobox_add 18 --exhaustiveness 16 --cnn_scoring none --out docking/inhibidores/MAPK1_P_EGFR_56_L_EGFR.pdbqt --log docking/inhibidores/MAPK1_P_EGFR_56_L_EGFR.log
Using random seed: -14345208

mode |  affinity  |  intramol  |    CNN     |   CNN
     | (kcal/mol) | (kcal/mol) | pose score | affinity
-----+------------+------------+------------+----------
    1       -9.39       -0.02      -1.0000      0.000
    2       -9.36       -0.41      -1.0000      0.000
    3       -9.26        0.48      -1.0000      0.000
    4       -9.22        0.07      -1.0000      0.000
    5       -9.20       -0.86      -1.0000      0.000
    6       -9.17       -1.01      -1.0000      0.000
    7       -9.13       -0.59      -1.0000      0.000
    8       -9.00        0.80      -1.0000      0.000
    9       -8.88       -1.16      -1.0000      0.000
