              _             
             (_)            
   __ _ _ __  _ _ __   __ _ 
  / _` | '_ \| | '_ \ / _` |
 | (_| | | | | | | | | (_| |
  \__, |_| |_|_|_| |_|\__,_|
   __/ |                    
  |___/                     

gnina v1.3 master:97fa6bc+   Built Oct  3 2024.
gnina is based on smina and AutoDock Vina.
Please cite appropriately.

Commandline: gnina --receptor Proteinas_preparadas/EGFR.pdbqt --ligand Inhibidores/Targets/EGFR/MAPK1_P_EGFR_17.pdbqt --autobox_ligand Compuestos_preparados/EGFR.pdbqt --autobox_add 18 --exhaustiveness 16 --cnn_scoring none --out docking/inhibidores/MAPK1_P_EGFR_17_L_EGFR.pdbqt --log docking/inhibidores/MAPK1_P_EGFR_17_L_EGFR.log
Using random seed: -914662781

mode |  affinity  |  intramol  |    CNN     |   CNN
     | (kcal/mol) | (kcal/mol) | pose score | affinity
-----+------------+------------+------------+----------
    1       -9.07        0.37      -1.0000      0.000
    2       -8.74       -0.29      -1.0000      0.000
    3       -8.71        0.28      -1.0000      0.000
    4       -8.68       -0.55      -1.0000      0.000
    5       -8.62       -0.31      -1.0000      0.000
    6       -8.58       -1.28      -1.0000      0.000
    7       -8.51       -1.40      -1.0000      0.000
    8       -8.46        0.13      -1.0000      0.000
    9       -8.36        0.54      -1.0000      0.000
