              _             
             (_)            
   __ _ _ __  _ _ __   __ _ 
  / _` | '_ \| | '_ \ / _` |
 | (_| | | | | | | | | (_| |
  \__, |_| |_|_|_| |_|\__,_|
   __/ |                    
  |___/                     

gnina v1.3 master:97fa6bc+   Built Oct  3 2024.
gnina is based on smina and AutoDock Vina.
Please cite appropriately.

Commandline: gnina --receptor Proteinas_preparadas/EGFR.pdbqt --ligand Inhibidores/Targets/EGFR/MAPK1_P_EGFR_64.pdbqt --autobox_ligand Compuestos_preparados/EGFR.pdbqt --autobox_add 18 --exhaustiveness 16 --cnn_scoring none --out docking/inhibidores/MAPK1_P_EGFR_64_L_EGFR.pdbqt --log docking/inhibidores/MAPK1_P_EGFR_64_L_EGFR.log
Using random seed: -809255361

mode |  affinity  |  intramol  |    CNN     |   CNN
     | (kcal/mol) | (kcal/mol) | pose score | affinity
-----+------------+------------+------------+----------
    1       -7.86        0.50      -1.0000      0.000
    2       -7.73       -0.68      -1.0000      0.000
    3       -7.72        0.26      -1.0000      0.000
    4       -7.62        0.13      -1.0000      0.000
    5       -7.60        0.71      -1.0000      0.000
    6       -7.58        0.57      -1.0000      0.000
    7       -7.55       -0.77      -1.0000      0.000
    8       -7.36        0.65      -1.0000      0.000
    9       -7.28       -0.65      -1.0000      0.000
