              _             
             (_)            
   __ _ _ __  _ _ __   __ _ 
  / _` | '_ \| | '_ \ / _` |
 | (_| | | | | | | | | (_| |
  \__, |_| |_|_|_| |_|\__,_|
   __/ |                    
  |___/                     

gnina v1.3 master:97fa6bc+   Built Oct  3 2024.
gnina is based on smina and AutoDock Vina.
Please cite appropriately.

Commandline: gnina --receptor Proteinas_preparadas/EGFR.pdbqt --ligand Inhibidores/Targets/EGFR/MAPK1_P_EGFR_84.pdbqt --autobox_ligand Compuestos_preparados/EGFR.pdbqt --autobox_add 18 --exhaustiveness 16 --cnn_scoring none --out docking/inhibidores/MAPK1_P_EGFR_84_L_EGFR.pdbqt --log docking/inhibidores/MAPK1_P_EGFR_84_L_EGFR.log
Using random seed: 611720635

mode |  affinity  |  intramol  |    CNN     |   CNN
     | (kcal/mol) | (kcal/mol) | pose score | affinity
-----+------------+------------+------------+----------
    1       -9.03       -0.53      -1.0000      0.000
    2       -8.98       -0.96      -1.0000      0.000
    3       -8.77        0.44      -1.0000      0.000
    4       -8.70       -0.50      -1.0000      0.000
    5       -8.68       -1.06      -1.0000      0.000
    6       -8.68       -0.69      -1.0000      0.000
    7       -8.56       -0.20      -1.0000      0.000
    8       -8.50       -0.09      -1.0000      0.000
    9       -8.47       -0.84      -1.0000      0.000
