              _             
             (_)            
   __ _ _ __  _ _ __   __ _ 
  / _` | '_ \| | '_ \ / _` |
 | (_| | | | | | | | | (_| |
  \__, |_| |_|_|_| |_|\__,_|
   __/ |                    
  |___/                     

gnina v1.3 master:97fa6bc+   Built Oct  3 2024.
gnina is based on smina and AutoDock Vina.
Please cite appropriately.

Commandline: gnina --receptor Proteinas_preparadas/EGFR.pdbqt --ligand Inhibidores/Targets/EGFR/MAPK1_P_EGFR_49.pdbqt --autobox_ligand Compuestos_preparados/EGFR.pdbqt --autobox_add 18 --exhaustiveness 16 --cnn_scoring none --out docking/inhibidores/MAPK1_P_EGFR_49_L_EGFR.pdbqt --log docking/inhibidores/MAPK1_P_EGFR_49_L_EGFR.log
Using random seed: 1571145973

mode |  affinity  |  intramol  |    CNN     |   CNN
     | (kcal/mol) | (kcal/mol) | pose score | affinity
-----+------------+------------+------------+----------
    1       -8.44        0.08      -1.0000      0.000
    2       -8.29       -0.52      -1.0000      0.000
    3       -8.29       -0.53      -1.0000      0.000
    4       -8.28       -0.84      -1.0000      0.000
    5       -8.26       -0.94      -1.0000      0.000
    6       -8.17       -1.17      -1.0000      0.000
    7       -8.12       -0.57      -1.0000      0.000
    8       -8.01       -0.98      -1.0000      0.000
    9       -8.01       -0.25      -1.0000      0.000
