              _             
             (_)            
   __ _ _ __  _ _ __   __ _ 
  / _` | '_ \| | '_ \ / _` |
 | (_| | | | | | | | | (_| |
  \__, |_| |_|_|_| |_|\__,_|
   __/ |                    
  |___/                     

gnina v1.3 master:97fa6bc+   Built Oct  3 2024.
gnina is based on smina and AutoDock Vina.
Please cite appropriately.

Commandline: gnina --receptor Proteinas_preparadas/EGFR.pdbqt --ligand Inhibidores/Targets/EGFR/MAPK1_P_EGFR_80.pdbqt --autobox_ligand Compuestos_preparados/EGFR.pdbqt --autobox_add 18 --exhaustiveness 16 --cnn_scoring none --out docking/inhibidores/MAPK1_P_EGFR_80_L_EGFR.pdbqt --log docking/inhibidores/MAPK1_P_EGFR_80_L_EGFR.log
Using random seed: 751910816

mode |  affinity  |  intramol  |    CNN     |   CNN
     | (kcal/mol) | (kcal/mol) | pose score | affinity
-----+------------+------------+------------+----------
    1       -8.26       -0.17      -1.0000      0.000
    2       -8.21       -1.51      -1.0000      0.000
    3       -8.19        0.74      -1.0000      0.000
    4       -8.09        1.57      -1.0000      0.000
    5       -8.08        0.46      -1.0000      0.000
    6       -8.07       -1.00      -1.0000      0.000
    7       -7.95       -0.91      -1.0000      0.000
    8       -7.95       -0.01      -1.0000      0.000
    9       -7.94       -1.01      -1.0000      0.000
