              _             
             (_)            
   __ _ _ __  _ _ __   __ _ 
  / _` | '_ \| | '_ \ / _` |
 | (_| | | | | | | | | (_| |
  \__, |_| |_|_|_| |_|\__,_|
   __/ |                    
  |___/                     

gnina v1.3 master:97fa6bc+   Built Oct  3 2024.
gnina is based on smina and AutoDock Vina.
Please cite appropriately.

Commandline: gnina --receptor Proteinas_preparadas/EGFR.pdbqt --ligand Inhibidores/Targets/EGFR/MAPK1_P_EGFR_71.pdbqt --autobox_ligand Compuestos_preparados/EGFR.pdbqt --autobox_add 18 --exhaustiveness 16 --cnn_scoring none --out docking/inhibidores/MAPK1_P_EGFR_71_L_EGFR.pdbqt --log docking/inhibidores/MAPK1_P_EGFR_71_L_EGFR.log
Using random seed: -50269152

mode |  affinity  |  intramol  |    CNN     |   CNN
     | (kcal/mol) | (kcal/mol) | pose score | affinity
-----+------------+------------+------------+----------
    1       -8.75       -0.70      -1.0000      0.000
    2       -8.70       -1.02      -1.0000      0.000
    3       -8.64        0.27      -1.0000      0.000
    4       -8.63        0.34      -1.0000      0.000
    5       -8.59       -0.98      -1.0000      0.000
    6       -8.49       -0.77      -1.0000      0.000
    7       -8.49        0.11      -1.0000      0.000
    8       -8.45        0.01      -1.0000      0.000
    9       -8.45       -0.98      -1.0000      0.000
