              _             
             (_)            
   __ _ _ __  _ _ __   __ _ 
  / _` | '_ \| | '_ \ / _` |
 | (_| | | | | | | | | (_| |
  \__, |_| |_|_|_| |_|\__,_|
   __/ |                    
  |___/                     

gnina v1.3 master:97fa6bc+   Built Oct  3 2024.
gnina is based on smina and AutoDock Vina.
Please cite appropriately.

Commandline: gnina --receptor Proteinas_preparadas/EGFR.pdbqt --ligand Inhibidores/Targets/EGFR/MAPK1_P_EGFR_15.pdbqt --autobox_ligand Compuestos_preparados/EGFR.pdbqt --autobox_add 18 --exhaustiveness 16 --cnn_scoring none --out docking/inhibidores/MAPK1_P_EGFR_15_L_EGFR.pdbqt --log docking/inhibidores/MAPK1_P_EGFR_15_L_EGFR.log
Using random seed: -905500608

mode |  affinity  |  intramol  |    CNN     |   CNN
     | (kcal/mol) | (kcal/mol) | pose score | affinity
-----+------------+------------+------------+----------
    1       -8.10       -0.47      -1.0000      0.000
    2       -8.00       -0.78      -1.0000      0.000
    3       -7.86       -0.28      -1.0000      0.000
    4       -7.85       -0.71      -1.0000      0.000
    5       -7.81       -0.83      -1.0000      0.000
    6       -7.80       -1.03      -1.0000      0.000
    7       -7.74       -0.77      -1.0000      0.000
    8       -7.69       -0.26      -1.0000      0.000
    9       -7.68       -0.47      -1.0000      0.000
