              _             
             (_)            
   __ _ _ __  _ _ __   __ _ 
  / _` | '_ \| | '_ \ / _` |
 | (_| | | | | | | | | (_| |
  \__, |_| |_|_|_| |_|\__,_|
   __/ |                    
  |___/                     

gnina v1.3 master:97fa6bc+   Built Oct  3 2024.
gnina is based on smina and AutoDock Vina.
Please cite appropriately.

Commandline: gnina --receptor Proteinas_preparadas/EGFR.pdbqt --ligand Inhibidores/Targets/EGFR/MAPK1_P_EGFR_11.pdbqt --autobox_ligand Compuestos_preparados/EGFR.pdbqt --autobox_add 18 --exhaustiveness 16 --cnn_scoring none --out docking/inhibidores/MAPK1_P_EGFR_11_L_EGFR.pdbqt --log docking/inhibidores/MAPK1_P_EGFR_11_L_EGFR.log
Using random seed: 1225390828

mode |  affinity  |  intramol  |    CNN     |   CNN
     | (kcal/mol) | (kcal/mol) | pose score | affinity
-----+------------+------------+------------+----------
    1       -8.07       -0.79      -1.0000      0.000
    2       -7.87       -0.42      -1.0000      0.000
    3       -7.41       -0.91      -1.0000      0.000
    4       -7.41       -0.81      -1.0000      0.000
    5       -7.35       -0.63      -1.0000      0.000
    6       -7.27       -0.90      -1.0000      0.000
    7       -7.26       -0.77      -1.0000      0.000
    8       -7.26       -0.40      -1.0000      0.000
    9       -7.25       -0.72      -1.0000      0.000
