              _             
             (_)            
   __ _ _ __  _ _ __   __ _ 
  / _` | '_ \| | '_ \ / _` |
 | (_| | | | | | | | | (_| |
  \__, |_| |_|_|_| |_|\__,_|
   __/ |                    
  |___/                     

gnina v1.3 master:97fa6bc+   Built Oct  3 2024.
gnina is based on smina and AutoDock Vina.
Please cite appropriately.

Commandline: gnina --receptor Proteinas_preparadas/EGFR.pdbqt --ligand Inhibidores/Targets/EGFR/MAPK1_P_EGFR_72.pdbqt --autobox_ligand Compuestos_preparados/EGFR.pdbqt --autobox_add 18 --exhaustiveness 16 --cnn_scoring none --out docking/inhibidores/MAPK1_P_EGFR_72_L_EGFR.pdbqt --log docking/inhibidores/MAPK1_P_EGFR_72_L_EGFR.log
Using random seed: 662300976

mode |  affinity  |  intramol  |    CNN     |   CNN
     | (kcal/mol) | (kcal/mol) | pose score | affinity
-----+------------+------------+------------+----------
    1      -10.51        0.04      -1.0000      0.000
    2      -10.41       -0.49      -1.0000      0.000
    3      -10.33       -0.41      -1.0000      0.000
    4      -10.11       -0.04      -1.0000      0.000
    5       -9.99       -0.23      -1.0000      0.000
    6       -9.95       -0.08      -1.0000      0.000
    7       -9.90       -0.76      -1.0000      0.000
    8       -9.89       -0.16      -1.0000      0.000
    9       -9.88       -0.59      -1.0000      0.000
