              _             
             (_)            
   __ _ _ __  _ _ __   __ _ 
  / _` | '_ \| | '_ \ / _` |
 | (_| | | | | | | | | (_| |
  \__, |_| |_|_|_| |_|\__,_|
   __/ |                    
  |___/                     

gnina v1.3 master:97fa6bc+   Built Oct  3 2024.
gnina is based on smina and AutoDock Vina.
Please cite appropriately.

Commandline: gnina --receptor Proteinas_preparadas/EGFR.pdbqt --ligand Inhibidores/Targets/EGFR/MAPK1_P_EGFR_7.pdbqt --autobox_ligand Compuestos_preparados/EGFR.pdbqt --autobox_add 18 --exhaustiveness 16 --out docking/inhibidores/MAPK1_P_EGFR_7_L_EGFR.pdbqt --log docking/inhibidores/MAPK1_P_EGFR_7_L_EGFR.log
Using random seed: 35706914

mode |  affinity  |  intramol  |    CNN     |   CNN
     | (kcal/mol) | (kcal/mol) | pose score | affinity
-----+------------+------------+------------+----------
    1       -8.60       -0.96       0.6593      6.841
    2       -8.56       -0.98       0.3056      5.380
    3       -8.14       -1.07       0.2898      6.774
    4       -8.08       -0.61       0.2575      5.335
    5       -7.79       -0.55       0.2440      6.444
    6       -9.21       -0.64       0.2062      5.833
    7       -8.35       -1.03       0.1743      6.400
    8       -7.90       -0.92       0.1686      5.901
    9       -7.85       -0.99       0.1569      5.888
