              _             
             (_)            
   __ _ _ __  _ _ __   __ _ 
  / _` | '_ \| | '_ \ / _` |
 | (_| | | | | | | | | (_| |
  \__, |_| |_|_|_| |_|\__,_|
   __/ |                    
  |___/                     

gnina v1.3 master:97fa6bc+   Built Oct  3 2024.
gnina is based on smina and AutoDock Vina.
Please cite appropriately.

Commandline: gnina --receptor Proteinas_preparadas/EGFR.pdbqt --ligand Inhibidores/Targets/EGFR/MAPK1_P_EGFR_67.pdbqt --autobox_ligand Compuestos_preparados/EGFR.pdbqt --autobox_add 18 --exhaustiveness 16 --cnn_scoring none --out docking/inhibidores/MAPK1_P_EGFR_67_L_EGFR.pdbqt --log docking/inhibidores/MAPK1_P_EGFR_67_L_EGFR.log
Using random seed: 1604811088

mode |  affinity  |  intramol  |    CNN     |   CNN
     | (kcal/mol) | (kcal/mol) | pose score | affinity
-----+------------+------------+------------+----------
    1       -9.34        0.66      -1.0000      0.000
    2       -9.19       -0.74      -1.0000      0.000
    3       -9.06       -0.98      -1.0000      0.000
    4       -9.01       -0.35      -1.0000      0.000
    5       -8.95       -0.35      -1.0000      0.000
    6       -8.90        0.91      -1.0000      0.000
    7       -8.86       -0.71      -1.0000      0.000
    8       -8.73        0.80      -1.0000      0.000
    9       -8.61        0.31      -1.0000      0.000
