              _             
             (_)            
   __ _ _ __  _ _ __   __ _ 
  / _` | '_ \| | '_ \ / _` |
 | (_| | | | | | | | | (_| |
  \__, |_| |_|_|_| |_|\__,_|
   __/ |                    
  |___/                     

gnina v1.3 master:97fa6bc+   Built Oct  3 2024.
gnina is based on smina and AutoDock Vina.
Please cite appropriately.

Commandline: gnina --receptor Proteinas_preparadas/EGFR.pdbqt --ligand Inhibidores/Targets/EGFR/MAPK1_P_EGFR_2.pdbqt --autobox_ligand Compuestos_preparados/EGFR.pdbqt --autobox_add 18 --exhaustiveness 16 --cnn_scoring none --out docking/inhibidores/MAPK1_P_EGFR_2_L_EGFR.pdbqt --log docking/inhibidores/MAPK1_P_EGFR_2_L_EGFR.log
Using random seed: -1990647421

mode |  affinity  |  intramol  |    CNN     |   CNN
     | (kcal/mol) | (kcal/mol) | pose score | affinity
-----+------------+------------+------------+----------
    1       -9.57       -0.85      -1.0000      0.000
    2       -9.18       -0.87      -1.0000      0.000
    3       -9.13       -0.74      -1.0000      0.000
    4       -9.13        0.27      -1.0000      0.000
    5       -9.00        0.52      -1.0000      0.000
    6       -8.98       -0.75      -1.0000      0.000
    7       -8.93       -0.20      -1.0000      0.000
    8       -8.89        0.58      -1.0000      0.000
    9       -8.87        0.27      -1.0000      0.000
