              _             
             (_)            
   __ _ _ __  _ _ __   __ _ 
  / _` | '_ \| | '_ \ / _` |
 | (_| | | | | | | | | (_| |
  \__, |_| |_|_|_| |_|\__,_|
   __/ |                    
  |___/                     

gnina v1.3 master:97fa6bc+   Built Oct  3 2024.
gnina is based on smina and AutoDock Vina.
Please cite appropriately.

Commandline: gnina --receptor Proteinas_preparadas/EGFR.pdbqt --ligand Inhibidores/Targets/EGFR/MAPK1_P_EGFR_25.pdbqt --autobox_ligand Compuestos_preparados/EGFR.pdbqt --autobox_add 18 --exhaustiveness 16 --out docking/inhibidores/MAPK1_P_EGFR_25_L_EGFR.pdbqt --log docking/inhibidores/MAPK1_P_EGFR_25_L_EGFR.log
Using random seed: -1731007965

mode |  affinity  |  intramol  |    CNN     |   CNN
     | (kcal/mol) | (kcal/mol) | pose score | affinity
-----+------------+------------+------------+----------
    1       -7.78       -0.87       0.5991      6.126
    2       -7.85        0.46       0.5682      6.069
    3       -7.70       -0.54       0.5047      5.843
    4       -7.78       -0.90       0.4811      5.563
    5       -7.73       -0.74       0.3724      6.406
    6       -8.99       -0.84       0.3536      6.441
    7       -8.19       -0.71       0.3483      6.334
    8       -8.73       -0.41       0.3036      6.313
    9      -10.00       -0.39       0.3015      7.321
