              _             
             (_)            
   __ _ _ __  _ _ __   __ _ 
  / _` | '_ \| | '_ \ / _` |
 | (_| | | | | | | | | (_| |
  \__, |_| |_|_|_| |_|\__,_|
   __/ |                    
  |___/                     

gnina v1.3 master:97fa6bc+   Built Oct  3 2024.
gnina is based on smina and AutoDock Vina.
Please cite appropriately.

Commandline: gnina --receptor Proteinas_preparadas/EGFR.pdbqt --ligand Inhibidores/Targets/EGFR/MAPK1_P_EGFR_60.pdbqt --autobox_ligand Compuestos_preparados/EGFR.pdbqt --autobox_add 18 --exhaustiveness 16 --cnn_scoring none --out docking/inhibidores/MAPK1_P_EGFR_60_L_EGFR.pdbqt --log docking/inhibidores/MAPK1_P_EGFR_60_L_EGFR.log
Using random seed: -2117387766

mode |  affinity  |  intramol  |    CNN     |   CNN
     | (kcal/mol) | (kcal/mol) | pose score | affinity
-----+------------+------------+------------+----------
    1       -8.20       -0.71      -1.0000      0.000
    2       -8.14        0.42      -1.0000      0.000
    3       -8.10       -0.11      -1.0000      0.000
    4       -8.06       -0.26      -1.0000      0.000
    5       -8.03       -0.76      -1.0000      0.000
    6       -7.70       -0.78      -1.0000      0.000
    7       -7.69        0.49      -1.0000      0.000
    8       -7.69        0.74      -1.0000      0.000
    9       -7.67       -0.51      -1.0000      0.000
