              _             
             (_)            
   __ _ _ __  _ _ __   __ _ 
  / _` | '_ \| | '_ \ / _` |
 | (_| | | | | | | | | (_| |
  \__, |_| |_|_|_| |_|\__,_|
   __/ |                    
  |___/                     

gnina v1.3 master:97fa6bc+   Built Oct  3 2024.
gnina is based on smina and AutoDock Vina.
Please cite appropriately.

Commandline: gnina --receptor Proteinas_preparadas/EGFR.pdbqt --ligand Inhibidores/Targets/EGFR/MAPK1_P_EGFR_30.pdbqt --autobox_ligand Compuestos_preparados/EGFR.pdbqt --autobox_add 18 --exhaustiveness 16 --out docking/inhibidores/MAPK1_P_EGFR_30_L_EGFR.pdbqt --log docking/inhibidores/MAPK1_P_EGFR_30_L_EGFR.log
Using random seed: 1138599671

mode |  affinity  |  intramol  |    CNN     |   CNN
     | (kcal/mol) | (kcal/mol) | pose score | affinity
-----+------------+------------+------------+----------
    1       -8.16        0.37       0.2943      5.815
    2       -7.78       -0.92       0.2854      6.322
    3       -8.37       -0.48       0.2712      6.655
    4       -9.20        0.65       0.2550      6.559
    5       -7.99       -1.23       0.2445      6.971
    6       -8.18       -0.98       0.2092      6.789
    7       -9.25       -0.69       0.1974      5.599
    8       -8.58        0.12       0.1888      6.271
    9       -8.58       -0.42       0.1882      5.171
