              _             
             (_)            
   __ _ _ __  _ _ __   __ _ 
  / _` | '_ \| | '_ \ / _` |
 | (_| | | | | | | | | (_| |
  \__, |_| |_|_|_| |_|\__,_|
   __/ |                    
  |___/                     

gnina v1.3 master:97fa6bc+   Built Oct  3 2024.
gnina is based on smina and AutoDock Vina.
Please cite appropriately.

Commandline: gnina --receptor Proteinas_preparadas/EGFR.pdbqt --ligand Inhibidores/Targets/EGFR/MAPK1_P_EGFR_38.pdbqt --autobox_ligand Compuestos_preparados/EGFR.pdbqt --autobox_add 18 --exhaustiveness 16 --cnn_scoring none --out docking/inhibidores/MAPK1_P_EGFR_38_L_EGFR.pdbqt --log docking/inhibidores/MAPK1_P_EGFR_38_L_EGFR.log
Using random seed: -284837151

mode |  affinity  |  intramol  |    CNN     |   CNN
     | (kcal/mol) | (kcal/mol) | pose score | affinity
-----+------------+------------+------------+----------
    1       -9.20        2.20      -1.0000      0.000
    2       -9.03       -0.99      -1.0000      0.000
    3       -8.99       -1.29      -1.0000      0.000
    4       -8.94        0.36      -1.0000      0.000
    5       -8.94       -1.21      -1.0000      0.000
    6       -8.75       -0.45      -1.0000      0.000
    7       -8.73       -0.89      -1.0000      0.000
    8       -8.67        0.08      -1.0000      0.000
    9       -8.56        0.41      -1.0000      0.000
