              _             
             (_)            
   __ _ _ __  _ _ __   __ _ 
  / _` | '_ \| | '_ \ / _` |
 | (_| | | | | | | | | (_| |
  \__, |_| |_|_|_| |_|\__,_|
   __/ |                    
  |___/                     

gnina v1.3 master:97fa6bc+   Built Oct  3 2024.
gnina is based on smina and AutoDock Vina.
Please cite appropriately.

Commandline: gnina --receptor Proteinas_preparadas/EGFR.pdbqt --ligand Inhibidores/Targets/EGFR/MAPK1_P_EGFR_54.pdbqt --autobox_ligand Compuestos_preparados/EGFR.pdbqt --autobox_add 18 --exhaustiveness 16 --cnn_scoring none --out docking/inhibidores/MAPK1_P_EGFR_54_L_EGFR.pdbqt --log docking/inhibidores/MAPK1_P_EGFR_54_L_EGFR.log
Using random seed: 1722479384

mode |  affinity  |  intramol  |    CNN     |   CNN
     | (kcal/mol) | (kcal/mol) | pose score | affinity
-----+------------+------------+------------+----------
    1       -8.38       -0.89      -1.0000      0.000
    2       -7.87       -0.91      -1.0000      0.000
    3       -7.71       -0.27      -1.0000      0.000
    4       -7.68        1.76      -1.0000      0.000
    5       -7.68        2.07      -1.0000      0.000
    6       -7.67       -0.07      -1.0000      0.000
    7       -7.58       -0.23      -1.0000      0.000
    8       -7.57       -0.70      -1.0000      0.000
    9       -7.55       -0.92      -1.0000      0.000
