              _             
             (_)            
   __ _ _ __  _ _ __   __ _ 
  / _` | '_ \| | '_ \ / _` |
 | (_| | | | | | | | | (_| |
  \__, |_| |_|_|_| |_|\__,_|
   __/ |                    
  |___/                     

gnina v1.3 master:97fa6bc+   Built Oct  3 2024.
gnina is based on smina and AutoDock Vina.
Please cite appropriately.

Commandline: gnina --receptor Proteinas_preparadas/EGFR.pdbqt --ligand Inhibidores/Targets/EGFR/MAPK1_P_EGFR_63.pdbqt --autobox_ligand Compuestos_preparados/EGFR.pdbqt --autobox_add 18 --exhaustiveness 16 --cnn_scoring none --out docking/inhibidores/MAPK1_P_EGFR_63_L_EGFR.pdbqt --log docking/inhibidores/MAPK1_P_EGFR_63_L_EGFR.log
Using random seed: 849570051

mode |  affinity  |  intramol  |    CNN     |   CNN
     | (kcal/mol) | (kcal/mol) | pose score | affinity
-----+------------+------------+------------+----------
    1      -10.30        0.24      -1.0000      0.000
    2      -10.08        2.26      -1.0000      0.000
    3       -9.95        0.32      -1.0000      0.000
    4       -9.72        0.17      -1.0000      0.000
    5       -9.71       -0.99      -1.0000      0.000
    6       -9.61       -0.75      -1.0000      0.000
    7       -9.51       -0.62      -1.0000      0.000
    8       -9.51       -1.00      -1.0000      0.000
    9       -9.49       -0.42      -1.0000      0.000
