              _             
             (_)            
   __ _ _ __  _ _ __   __ _ 
  / _` | '_ \| | '_ \ / _` |
 | (_| | | | | | | | | (_| |
  \__, |_| |_|_|_| |_|\__,_|
   __/ |                    
  |___/                     

gnina v1.3 master:97fa6bc+   Built Oct  3 2024.
gnina is based on smina and AutoDock Vina.
Please cite appropriately.

Commandline: gnina --receptor Proteinas_preparadas/EGFR.pdbqt --ligand Inhibidores/Targets/EGFR/MAPK1_P_EGFR_83.pdbqt --autobox_ligand Compuestos_preparados/EGFR.pdbqt --autobox_add 18 --exhaustiveness 16 --cnn_scoring none --out docking/inhibidores/MAPK1_P_EGFR_83_L_EGFR.pdbqt --log docking/inhibidores/MAPK1_P_EGFR_83_L_EGFR.log
Using random seed: -891337046

mode |  affinity  |  intramol  |    CNN     |   CNN
     | (kcal/mol) | (kcal/mol) | pose score | affinity
-----+------------+------------+------------+----------
    1      -10.43       -0.45      -1.0000      0.000
    2      -10.16       -0.26      -1.0000      0.000
    3       -9.55       -0.71      -1.0000      0.000
    4       -9.48       -0.72      -1.0000      0.000
    5       -9.38       -0.07      -1.0000      0.000
    6       -9.27       -0.70      -1.0000      0.000
    7       -9.25       -0.34      -1.0000      0.000
    8       -9.21       -0.76      -1.0000      0.000
    9       -9.19       -0.76      -1.0000      0.000
