              _             
             (_)            
   __ _ _ __  _ _ __   __ _ 
  / _` | '_ \| | '_ \ / _` |
 | (_| | | | | | | | | (_| |
  \__, |_| |_|_|_| |_|\__,_|
   __/ |                    
  |___/                     

gnina v1.3 master:97fa6bc+   Built Oct  3 2024.
gnina is based on smina and AutoDock Vina.
Please cite appropriately.

Commandline: gnina --receptor Proteinas_preparadas/EGFR.pdbqt --ligand Inhibidores/Targets/EGFR/MAPK1_P_EGFR_57.pdbqt --autobox_ligand Compuestos_preparados/EGFR.pdbqt --autobox_add 18 --exhaustiveness 16 --cnn_scoring none --out docking/inhibidores/MAPK1_P_EGFR_57_L_EGFR.pdbqt --log docking/inhibidores/MAPK1_P_EGFR_57_L_EGFR.log
Using random seed: 1936427220

mode |  affinity  |  intramol  |    CNN     |   CNN
     | (kcal/mol) | (kcal/mol) | pose score | affinity
-----+------------+------------+------------+----------
    1      -10.44       -0.90      -1.0000      0.000
    2      -10.30        0.34      -1.0000      0.000
    3      -10.29        0.18      -1.0000      0.000
    4      -10.16       -0.65      -1.0000      0.000
    5      -10.10       -0.85      -1.0000      0.000
    6      -10.09       -0.80      -1.0000      0.000
    7      -10.07        0.15      -1.0000      0.000
    8      -10.03        0.58      -1.0000      0.000
    9      -10.02        0.56      -1.0000      0.000
