              _             
             (_)            
   __ _ _ __  _ _ __   __ _ 
  / _` | '_ \| | '_ \ / _` |
 | (_| | | | | | | | | (_| |
  \__, |_| |_|_|_| |_|\__,_|
   __/ |                    
  |___/                     

gnina v1.3 master:97fa6bc+   Built Oct  3 2024.
gnina is based on smina and AutoDock Vina.
Please cite appropriately.

Commandline: gnina --receptor Proteinas_preparadas/EGFR.pdbqt --ligand Inhibidores/Targets/EGFR/MAPK1_P_EGFR_76.pdbqt --autobox_ligand Compuestos_preparados/EGFR.pdbqt --autobox_add 18 --exhaustiveness 16 --cnn_scoring none --out docking/inhibidores/MAPK1_P_EGFR_76_L_EGFR.pdbqt --log docking/inhibidores/MAPK1_P_EGFR_76_L_EGFR.log
Using random seed: -1230139536

mode |  affinity  |  intramol  |    CNN     |   CNN
     | (kcal/mol) | (kcal/mol) | pose score | affinity
-----+------------+------------+------------+----------
    1       -8.44       -0.62      -1.0000      0.000
    2       -8.37       -0.32      -1.0000      0.000
    3       -8.35        0.10      -1.0000      0.000
    4       -8.28       -0.50      -1.0000      0.000
    5       -8.16        0.96      -1.0000      0.000
    6       -8.14       -1.20      -1.0000      0.000
    7       -8.08       -0.31      -1.0000      0.000
    8       -8.04       -0.96      -1.0000      0.000
    9       -8.00       -0.85      -1.0000      0.000
