              _             
             (_)            
   __ _ _ __  _ _ __   __ _ 
  / _` | '_ \| | '_ \ / _` |
 | (_| | | | | | | | | (_| |
  \__, |_| |_|_|_| |_|\__,_|
   __/ |                    
  |___/                     

gnina v1.3 master:97fa6bc+   Built Oct  3 2024.
gnina is based on smina and AutoDock Vina.
Please cite appropriately.

Commandline: gnina --receptor Proteinas_preparadas/EGFR.pdbqt --ligand Inhibidores/Targets/EGFR/MAPK1_P_EGFR_81.pdbqt --autobox_ligand Compuestos_preparados/EGFR.pdbqt --autobox_add 18 --exhaustiveness 16 --cnn_scoring none --out docking/inhibidores/MAPK1_P_EGFR_81_L_EGFR.pdbqt --log docking/inhibidores/MAPK1_P_EGFR_81_L_EGFR.log
Using random seed: -669382410

mode |  affinity  |  intramol  |    CNN     |   CNN
     | (kcal/mol) | (kcal/mol) | pose score | affinity
-----+------------+------------+------------+----------
    1       -9.88        5.22      -1.0000      0.000
    2       -9.80        0.71      -1.0000      0.000
    3       -9.59       -0.63      -1.0000      0.000
    4       -9.42        1.25      -1.0000      0.000
    5       -9.42       -0.49      -1.0000      0.000
    6       -9.40       -0.53      -1.0000      0.000
    7       -9.37       -0.44      -1.0000      0.000
    8       -9.30       -0.02      -1.0000      0.000
    9       -9.28       -0.62      -1.0000      0.000
