              _             
             (_)            
   __ _ _ __  _ _ __   __ _ 
  / _` | '_ \| | '_ \ / _` |
 | (_| | | | | | | | | (_| |
  \__, |_| |_|_|_| |_|\__,_|
   __/ |                    
  |___/                     

gnina v1.3 master:97fa6bc+   Built Oct  3 2024.
gnina is based on smina and AutoDock Vina.
Please cite appropriately.

Commandline: gnina --receptor Proteinas_preparadas/EGFR.pdbqt --ligand Inhibidores/Targets/EGFR/MAPK1_P_EGFR_43.pdbqt --autobox_ligand Compuestos_preparados/EGFR.pdbqt --autobox_add 18 --exhaustiveness 16 --cnn_scoring none --out docking/inhibidores/MAPK1_P_EGFR_43_L_EGFR.pdbqt --log docking/inhibidores/MAPK1_P_EGFR_43_L_EGFR.log
Using random seed: -2123509357

mode |  affinity  |  intramol  |    CNN     |   CNN
     | (kcal/mol) | (kcal/mol) | pose score | affinity
-----+------------+------------+------------+----------
    1       -9.18        0.36      -1.0000      0.000
    2       -9.10        1.05      -1.0000      0.000
    3       -9.02        1.77      -1.0000      0.000
    4       -8.82        0.14      -1.0000      0.000
    5       -8.75       -0.10      -1.0000      0.000
    6       -8.68       -0.40      -1.0000      0.000
    7       -8.67        0.81      -1.0000      0.000
    8       -8.66        0.31      -1.0000      0.000
    9       -8.52       -0.08      -1.0000      0.000
