              _             
             (_)            
   __ _ _ __  _ _ __   __ _ 
  / _` | '_ \| | '_ \ / _` |
 | (_| | | | | | | | | (_| |
  \__, |_| |_|_|_| |_|\__,_|
   __/ |                    
  |___/                     

gnina v1.3 master:97fa6bc+   Built Oct  3 2024.
gnina is based on smina and AutoDock Vina.
Please cite appropriately.

Commandline: gnina --receptor Proteinas_preparadas/EGFR.pdbqt --ligand Inhibidores/Targets/EGFR/MAPK1_P_EGFR_29.pdbqt --autobox_ligand Compuestos_preparados/EGFR.pdbqt --autobox_add 18 --exhaustiveness 16 --cnn_scoring none --out docking/inhibidores/MAPK1_P_EGFR_29_L_EGFR.pdbqt --log docking/inhibidores/MAPK1_P_EGFR_29_L_EGFR.log
Using random seed: 1523496093

mode |  affinity  |  intramol  |    CNN     |   CNN
     | (kcal/mol) | (kcal/mol) | pose score | affinity
-----+------------+------------+------------+----------
    1      -10.16       -0.17      -1.0000      0.000
    2      -10.08        0.36      -1.0000      0.000
    3      -10.03        0.18      -1.0000      0.000
    4       -9.99       -1.08      -1.0000      0.000
    5       -9.86       -1.77      -1.0000      0.000
    6       -9.80       -1.57      -1.0000      0.000
    7       -9.77        0.01      -1.0000      0.000
    8       -9.77       -0.75      -1.0000      0.000
    9       -9.65       -0.22      -1.0000      0.000
