              _             
             (_)            
   __ _ _ __  _ _ __   __ _ 
  / _` | '_ \| | '_ \ / _` |
 | (_| | | | | | | | | (_| |
  \__, |_| |_|_|_| |_|\__,_|
   __/ |                    
  |___/                     

gnina v1.3 master:97fa6bc+   Built Oct  3 2024.
gnina is based on smina and AutoDock Vina.
Please cite appropriately.

Commandline: gnina --receptor Proteinas_preparadas/EGFR.pdbqt --ligand Inhibidores/Targets/EGFR/MAPK1_P_EGFR_59.pdbqt --autobox_ligand Compuestos_preparados/EGFR.pdbqt --autobox_add 18 --exhaustiveness 16 --cnn_scoring none --out docking/inhibidores/MAPK1_P_EGFR_59_L_EGFR.pdbqt --log docking/inhibidores/MAPK1_P_EGFR_59_L_EGFR.log
Using random seed: 647434008

mode |  affinity  |  intramol  |    CNN     |   CNN
     | (kcal/mol) | (kcal/mol) | pose score | affinity
-----+------------+------------+------------+----------
    1       -9.14        0.91      -1.0000      0.000
    2       -8.94        1.76      -1.0000      0.000
    3       -8.85        0.64      -1.0000      0.000
    4       -8.82       -0.13      -1.0000      0.000
    5       -8.75       -0.57      -1.0000      0.000
    6       -8.70        1.31      -1.0000      0.000
    7       -8.67       -0.08      -1.0000      0.000
    8       -8.65        2.52      -1.0000      0.000
    9       -8.64        1.56      -1.0000      0.000
