              _             
             (_)            
   __ _ _ __  _ _ __   __ _ 
  / _` | '_ \| | '_ \ / _` |
 | (_| | | | | | | | | (_| |
  \__, |_| |_|_|_| |_|\__,_|
   __/ |                    
  |___/                     

gnina v1.3 master:97fa6bc+   Built Oct  3 2024.
gnina is based on smina and AutoDock Vina.
Please cite appropriately.

Commandline: gnina --receptor Proteinas_preparadas/EGFR.pdbqt --ligand Inhibidores/Targets/EGFR/MAPK1_P_EGFR_69.pdbqt --autobox_ligand Compuestos_preparados/EGFR.pdbqt --autobox_add 18 --exhaustiveness 16 --cnn_scoring none --out docking/inhibidores/MAPK1_P_EGFR_69_L_EGFR.pdbqt --log docking/inhibidores/MAPK1_P_EGFR_69_L_EGFR.log
Using random seed: 763670968

mode |  affinity  |  intramol  |    CNN     |   CNN
     | (kcal/mol) | (kcal/mol) | pose score | affinity
-----+------------+------------+------------+----------
    1       -9.89       -0.63      -1.0000      0.000
    2       -9.77       -0.31      -1.0000      0.000
    3       -9.61       -0.42      -1.0000      0.000
    4       -9.21        0.97      -1.0000      0.000
    5       -9.19       -0.55      -1.0000      0.000
    6       -9.18       -0.04      -1.0000      0.000
    7       -9.13        1.02      -1.0000      0.000
    8       -9.13       -0.12      -1.0000      0.000
    9       -9.04       -0.28      -1.0000      0.000
