              _             
             (_)            
   __ _ _ __  _ _ __   __ _ 
  / _` | '_ \| | '_ \ / _` |
 | (_| | | | | | | | | (_| |
  \__, |_| |_|_|_| |_|\__,_|
   __/ |                    
  |___/                     

gnina v1.3 master:97fa6bc+   Built Oct  3 2024.
gnina is based on smina and AutoDock Vina.
Please cite appropriately.

Commandline: gnina --receptor Proteinas_preparadas/EGFR.pdbqt --ligand Inhibidores/Targets/EGFR/MAPK1_P_EGFR_1.pdbqt --autobox_ligand Compuestos_preparados/EGFR.pdbqt --autobox_add 18 --exhaustiveness 16 --cnn_scoring none --out docking/inhibidores/MAPK1_P_EGFR_1_L_EGFR.pdbqt --log docking/inhibidores/MAPK1_P_EGFR_1_L_EGFR.log
Using random seed: -265360958

mode |  affinity  |  intramol  |    CNN     |   CNN
     | (kcal/mol) | (kcal/mol) | pose score | affinity
-----+------------+------------+------------+----------
    1       -9.14       -0.89      -1.0000      0.000
    2       -9.13        0.41      -1.0000      0.000
    3       -9.08        0.83      -1.0000      0.000
    4       -9.06        0.50      -1.0000      0.000
    5       -8.79        0.48      -1.0000      0.000
    6       -8.71       -0.48      -1.0000      0.000
    7       -8.67        0.31      -1.0000      0.000
    8       -8.64       -0.52      -1.0000      0.000
    9       -8.47       -1.07      -1.0000      0.000
