              _             
             (_)            
   __ _ _ __  _ _ __   __ _ 
  / _` | '_ \| | '_ \ / _` |
 | (_| | | | | | | | | (_| |
  \__, |_| |_|_|_| |_|\__,_|
   __/ |                    
  |___/                     

gnina v1.3 master:97fa6bc+   Built Oct  3 2024.
gnina is based on smina and AutoDock Vina.
Please cite appropriately.

Commandline: gnina --receptor Proteinas_preparadas/EGFR.pdbqt --ligand Inhibidores/Targets/EGFR/MAPK1_P_EGFR_22.pdbqt --autobox_ligand Compuestos_preparados/EGFR.pdbqt --autobox_add 18 --exhaustiveness 16 --out docking/inhibidores/MAPK1_P_EGFR_22_L_EGFR.pdbqt --log docking/inhibidores/MAPK1_P_EGFR_22_L_EGFR.log
Using random seed: -1829633824

mode |  affinity  |  intramol  |    CNN     |   CNN
     | (kcal/mol) | (kcal/mol) | pose score | affinity
-----+------------+------------+------------+----------
    1       -9.64       -0.69       0.6890      6.326
    2       -9.36       -1.08       0.6016      6.996
    3       -9.16       -0.90       0.5511      7.086
    4       -8.53       -0.22       0.4863      6.488
    5      -10.36       -0.62       0.4743      7.703
    6       -8.64       -0.68       0.4528      6.549
    7       -8.40       -0.83       0.3909      6.508
    8       -9.58       -0.02       0.3099      5.837
    9       -8.51       -1.13       0.2877      5.254
