              _             
             (_)            
   __ _ _ __  _ _ __   __ _ 
  / _` | '_ \| | '_ \ / _` |
 | (_| | | | | | | | | (_| |
  \__, |_| |_|_|_| |_|\__,_|
   __/ |                    
  |___/                     

gnina v1.3 master:97fa6bc+   Built Oct  3 2024.
gnina is based on smina and AutoDock Vina.
Please cite appropriately.

Commandline: gnina --receptor Proteinas_preparadas/EGFR.pdbqt --ligand Inhibidores/Targets/EGFR/MAPK1_P_EGFR_26.pdbqt --autobox_ligand Compuestos_preparados/EGFR.pdbqt --autobox_add 18 --exhaustiveness 16 --out docking/inhibidores/MAPK1_P_EGFR_26_L_EGFR.pdbqt --log docking/inhibidores/MAPK1_P_EGFR_26_L_EGFR.log
Using random seed: -99454595

mode |  affinity  |  intramol  |    CNN     |   CNN
     | (kcal/mol) | (kcal/mol) | pose score | affinity
-----+------------+------------+------------+----------
    1      -10.18       -1.32       0.7117      8.134
    2      -10.33       -0.55       0.5394      7.586
    3      -10.05       -1.64       0.5349      7.484
    4      -10.94       -0.70       0.5274      7.803
    5      -10.79       -0.04       0.4327      7.430
    6      -11.01       -0.96       0.4133      7.580
    7      -10.55       -1.67       0.3715      7.200
    8       -9.51       -1.27       0.3627      6.683
    9      -10.38       -1.57       0.3431      7.454
