              _             
             (_)            
   __ _ _ __  _ _ __   __ _ 
  / _` | '_ \| | '_ \ / _` |
 | (_| | | | | | | | | (_| |
  \__, |_| |_|_|_| |_|\__,_|
   __/ |                    
  |___/                     

gnina v1.3 master:97fa6bc+   Built Oct  3 2024.
gnina is based on smina and AutoDock Vina.
Please cite appropriately.

Commandline: gnina --receptor Proteinas_preparadas/EGFR.pdbqt --ligand Inhibidores/Targets/EGFR/MAPK1_P_EGFR_14.pdbqt --autobox_ligand Compuestos_preparados/EGFR.pdbqt --autobox_add 18 --exhaustiveness 16 --out docking/inhibidores/MAPK1_P_EGFR_14_L_EGFR.pdbqt --log docking/inhibidores/MAPK1_P_EGFR_14_L_EGFR.log
Using random seed: 230191878

mode |  affinity  |  intramol  |    CNN     |   CNN
     | (kcal/mol) | (kcal/mol) | pose score | affinity
-----+------------+------------+------------+----------
    1       -8.96       -0.20       0.3844      6.826
    2       -9.74        0.12       0.2681      6.692
    3       -9.69       -0.53       0.2159      6.298
    4      -10.12        0.67       0.1780      6.345
    5      -10.06        0.56       0.1711      6.383
    6       -8.83       -0.42       0.1539      6.562
    7       -8.15       -0.47       0.1538      6.555
    8       -9.14        0.15       0.1240      6.316
    9       -8.70       -0.48       0.1155      6.698
