              _             
             (_)            
   __ _ _ __  _ _ __   __ _ 
  / _` | '_ \| | '_ \ / _` |
 | (_| | | | | | | | | (_| |
  \__, |_| |_|_|_| |_|\__,_|
   __/ |                    
  |___/                     

gnina v1.3 master:97fa6bc+   Built Oct  3 2024.
gnina is based on smina and AutoDock Vina.
Please cite appropriately.

Commandline: gnina --receptor Proteinas_preparadas/EGFR.pdbqt --ligand Inhibidores/Targets/EGFR/MAPK1_P_EGFR_34.pdbqt --autobox_ligand Compuestos_preparados/EGFR.pdbqt --autobox_add 18 --exhaustiveness 16 --cnn_scoring none --out docking/inhibidores/MAPK1_P_EGFR_34_L_EGFR.pdbqt --log docking/inhibidores/MAPK1_P_EGFR_34_L_EGFR.log
Using random seed: -1382334852

mode |  affinity  |  intramol  |    CNN     |   CNN
     | (kcal/mol) | (kcal/mol) | pose score | affinity
-----+------------+------------+------------+----------
    1       -8.87        0.57      -1.0000      0.000
    2       -8.70       -1.15      -1.0000      0.000
    3       -8.67        2.39      -1.0000      0.000
    4       -8.60       -0.95      -1.0000      0.000
    5       -8.54       -0.74      -1.0000      0.000
    6       -8.47       -0.90      -1.0000      0.000
    7       -8.32       -1.14      -1.0000      0.000
    8       -8.28       -0.28      -1.0000      0.000
    9       -8.26       -0.03      -1.0000      0.000
