              _             
             (_)            
   __ _ _ __  _ _ __   __ _ 
  / _` | '_ \| | '_ \ / _` |
 | (_| | | | | | | | | (_| |
  \__, |_| |_|_|_| |_|\__,_|
   __/ |                    
  |___/                     

gnina v1.3 master:97fa6bc+   Built Oct  3 2024.
gnina is based on smina and AutoDock Vina.
Please cite appropriately.

Commandline: gnina --receptor Proteinas_preparadas/EGFR.pdbqt --ligand Inhibidores/Targets/EGFR/SRC_P_EGFR_101.pdbqt --autobox_ligand Compuestos_preparados/EGFR.pdbqt --autobox_add 18 --exhaustiveness 16 --cnn_scoring none --out docking/inhibidores/SRC_P_EGFR_101_L_EGFR.pdbqt --log docking/inhibidores/SRC_P_EGFR_101_L_EGFR.log
Using random seed: 1940051867

mode |  affinity  |  intramol  |    CNN     |   CNN
     | (kcal/mol) | (kcal/mol) | pose score | affinity
-----+------------+------------+------------+----------
    1       -9.46       -0.47      -1.0000      0.000
    2       -9.00       -0.46      -1.0000      0.000
    3       -8.99       -0.37      -1.0000      0.000
    4       -8.93       -0.82      -1.0000      0.000
    5       -8.91       -0.24      -1.0000      0.000
    6       -8.80       -0.08      -1.0000      0.000
    7       -8.66       -0.68      -1.0000      0.000
    8       -8.63       -0.89      -1.0000      0.000
    9       -8.52       -1.09      -1.0000      0.000
