              _             
             (_)            
   __ _ _ __  _ _ __   __ _ 
  / _` | '_ \| | '_ \ / _` |
 | (_| | | | | | | | | (_| |
  \__, |_| |_|_|_| |_|\__,_|
   __/ |                    
  |___/                     

gnina v1.3 master:97fa6bc+   Built Oct  3 2024.
gnina is based on smina and AutoDock Vina.
Please cite appropriately.

Commandline: gnina --receptor Proteinas_preparadas/EGFR.pdbqt --ligand Inhibidores/Targets/EGFR/SRC_P_EGFR_59.pdbqt --autobox_ligand Compuestos_preparados/EGFR.pdbqt --autobox_add 18 --exhaustiveness 16 --out docking/inhibidores/SRC_P_EGFR_59_L_EGFR.pdbqt --log docking/inhibidores/SRC_P_EGFR_59_L_EGFR.log
Using random seed: 1769317944

mode |  affinity  |  intramol  |    CNN     |   CNN
     | (kcal/mol) | (kcal/mol) | pose score | affinity
-----+------------+------------+------------+----------
    1       -8.38       -1.17       0.6573      6.993
    2       -8.67       -0.84       0.5861      6.909
    3       -8.33       -1.19       0.5661      6.777
    4       -8.71       -1.25       0.5478      6.789
    5       -7.90       -0.96       0.3986      6.626
    6       -8.70       -0.85       0.2983      6.528
    7       -7.88       -0.98       0.2001      6.541
    8       -8.61       -1.31       0.1914      6.188
    9       -8.88       -0.93       0.1381      6.387
