              _             
             (_)            
   __ _ _ __  _ _ __   __ _ 
  / _` | '_ \| | '_ \ / _` |
 | (_| | | | | | | | | (_| |
  \__, |_| |_|_|_| |_|\__,_|
   __/ |                    
  |___/                     

gnina v1.3 master:97fa6bc+   Built Oct  3 2024.
gnina is based on smina and AutoDock Vina.
Please cite appropriately.

Commandline: gnina --receptor Proteinas_preparadas/EGFR.pdbqt --ligand Inhibidores/Targets/EGFR/SRC_P_EGFR_89.pdbqt --autobox_ligand Compuestos_preparados/EGFR.pdbqt --autobox_add 18 --exhaustiveness 16 --cnn_scoring none --out docking/inhibidores/SRC_P_EGFR_89_L_EGFR.pdbqt --log docking/inhibidores/SRC_P_EGFR_89_L_EGFR.log
Using random seed: -1177599176

mode |  affinity  |  intramol  |    CNN     |   CNN
     | (kcal/mol) | (kcal/mol) | pose score | affinity
-----+------------+------------+------------+----------
    1       -8.43       -0.30      -1.0000      0.000
    2       -8.20        0.13      -1.0000      0.000
    3       -8.13       -0.21      -1.0000      0.000
    4       -7.96       -1.53      -1.0000      0.000
    5       -7.95        1.48      -1.0000      0.000
    6       -7.90       -0.42      -1.0000      0.000
    7       -7.88       -1.25      -1.0000      0.000
    8       -7.86       -0.04      -1.0000      0.000
    9       -7.82       -0.74      -1.0000      0.000
