              _             
             (_)            
   __ _ _ __  _ _ __   __ _ 
  / _` | '_ \| | '_ \ / _` |
 | (_| | | | | | | | | (_| |
  \__, |_| |_|_|_| |_|\__,_|
   __/ |                    
  |___/                     

gnina v1.3 master:97fa6bc+   Built Oct  3 2024.
gnina is based on smina and AutoDock Vina.
Please cite appropriately.

Commandline: gnina --receptor Proteinas_preparadas/MAPK1.pdbqt --ligand Inhibidores/Targets/MAPK1/SRC_P_MAPK1_194.pdbqt --autobox_ligand Compuestos_preparados/MAPK1.pdbqt --autobox_add 18 --exhaustiveness 16 --cnn_scoring none --out docking/inhibidores/SRC_P_MAPK1_194_L_MAPK1.pdbqt --log docking/inhibidores/SRC_P_MAPK1_194_L_MAPK1.log
Using random seed: 1115127806

mode |  affinity  |  intramol  |    CNN     |   CNN
     | (kcal/mol) | (kcal/mol) | pose score | affinity
-----+------------+------------+------------+----------
    1       -9.56       -0.29      -1.0000      0.000
    2       -9.33       -0.09      -1.0000      0.000
    3       -9.09       -1.27      -1.0000      0.000
    4       -9.06       -0.26      -1.0000      0.000
    5       -9.04       -1.39      -1.0000      0.000
    6       -8.96       -1.50      -1.0000      0.000
    7       -8.96       -0.93      -1.0000      0.000
    8       -8.95       -1.65      -1.0000      0.000
    9       -8.66       -0.87      -1.0000      0.000
