              _             
             (_)            
   __ _ _ __  _ _ __   __ _ 
  / _` | '_ \| | '_ \ / _` |
 | (_| | | | | | | | | (_| |
  \__, |_| |_|_|_| |_|\__,_|
   __/ |                    
  |___/                     

gnina v1.3 master:97fa6bc+   Built Oct  3 2024.
gnina is based on smina and AutoDock Vina.
Please cite appropriately.

Commandline: gnina --receptor Proteinas_preparadas/EGFR.pdbqt --ligand Inhibidores/Targets/EGFR/SRC_P_EGFR_122.pdbqt --autobox_ligand Compuestos_preparados/EGFR.pdbqt --autobox_add 18 --exhaustiveness 16 --cnn_scoring none --out docking/inhibidores/SRC_P_EGFR_122_L_EGFR.pdbqt --log docking/inhibidores/SRC_P_EGFR_122_L_EGFR.log
Using random seed: -245794188

mode |  affinity  |  intramol  |    CNN     |   CNN
     | (kcal/mol) | (kcal/mol) | pose score | affinity
-----+------------+------------+------------+----------
    1       -8.65       -1.12      -1.0000      0.000
    2       -8.45       -0.16      -1.0000      0.000
    3       -8.43       -1.16      -1.0000      0.000
    4       -8.33       -1.29      -1.0000      0.000
    5       -8.30       -1.50      -1.0000      0.000
    6       -8.28       -1.23      -1.0000      0.000
    7       -8.17       -0.69      -1.0000      0.000
    8       -8.10       -0.56      -1.0000      0.000
    9       -8.09       -1.40      -1.0000      0.000
