              _             
             (_)            
   __ _ _ __  _ _ __   __ _ 
  / _` | '_ \| | '_ \ / _` |
 | (_| | | | | | | | | (_| |
  \__, |_| |_|_|_| |_|\__,_|
   __/ |                    
  |___/                     

gnina v1.3 master:97fa6bc+   Built Oct  3 2024.
gnina is based on smina and AutoDock Vina.
Please cite appropriately.

Commandline: gnina --receptor Proteinas_preparadas/MAPK1.pdbqt --ligand Inhibidores/Targets/MAPK1/SRC_P_MAPK1_198.pdbqt --autobox_ligand Compuestos_preparados/MAPK1.pdbqt --autobox_add 18 --exhaustiveness 16 --cnn_scoring none --out docking/inhibidores/SRC_P_MAPK1_198_L_MAPK1.pdbqt --log docking/inhibidores/SRC_P_MAPK1_198_L_MAPK1.log
Using random seed: 1701281428

mode |  affinity  |  intramol  |    CNN     |   CNN
     | (kcal/mol) | (kcal/mol) | pose score | affinity
-----+------------+------------+------------+----------
    1       -8.21       -0.36      -1.0000      0.000
    2       -8.16        0.05      -1.0000      0.000
    3       -8.13       -1.05      -1.0000      0.000
    4       -7.97       -0.50      -1.0000      0.000
    5       -7.92       -1.15      -1.0000      0.000
    6       -7.91       -0.85      -1.0000      0.000
    7       -7.84       -0.46      -1.0000      0.000
    8       -7.83       -1.16      -1.0000      0.000
    9       -7.76       -0.91      -1.0000      0.000
