              _             
             (_)            
   __ _ _ __  _ _ __   __ _ 
  / _` | '_ \| | '_ \ / _` |
 | (_| | | | | | | | | (_| |
  \__, |_| |_|_|_| |_|\__,_|
   __/ |                    
  |___/                     

gnina v1.3 master:97fa6bc+   Built Oct  3 2024.
gnina is based on smina and AutoDock Vina.
Please cite appropriately.

Commandline: gnina --receptor Proteinas_preparadas/EGFR.pdbqt --ligand Inhibidores/Targets/EGFR/SRC_P_EGFR_50.pdbqt --autobox_ligand Compuestos_preparados/EGFR.pdbqt --autobox_add 18 --exhaustiveness 16 --out docking/inhibidores/SRC_P_EGFR_50_L_EGFR.pdbqt --log docking/inhibidores/SRC_P_EGFR_50_L_EGFR.log
Using random seed: -1368529352

mode |  affinity  |  intramol  |    CNN     |   CNN
     | (kcal/mol) | (kcal/mol) | pose score | affinity
-----+------------+------------+------------+----------
    1      -10.81       -0.34       0.2389      7.211
    2      -10.98        0.04       0.1924      7.237
    3      -11.22       -0.48       0.1578      7.145
    4      -10.62       -0.16       0.1482      7.400
    5       -9.79       -0.65       0.1296      7.033
    6       -9.49       -0.31       0.0982      7.074
    7      -10.59        0.12       0.0935      6.841
    8       -9.48       -0.42       0.0899      5.272
    9       -9.19       -0.34       0.0802      5.860
