              _             
             (_)            
   __ _ _ __  _ _ __   __ _ 
  / _` | '_ \| | '_ \ / _` |
 | (_| | | | | | | | | (_| |
  \__, |_| |_|_|_| |_|\__,_|
   __/ |                    
  |___/                     

gnina v1.3 master:97fa6bc+   Built Oct  3 2024.
gnina is based on smina and AutoDock Vina.
Please cite appropriately.

Commandline: gnina --receptor Proteinas_preparadas/STAT3.pdbqt --ligand Inhibidores/Targets/STAT3/SRC_P_STAT3_315.pdbqt --autobox_ligand Compuestos_preparados/STAT3.pdbqt --autobox_add 18 --exhaustiveness 16 --cnn_scoring none --out docking/inhibidores/SRC_P_STAT3_315_L_STAT3.pdbqt --log docking/inhibidores/SRC_P_STAT3_315_L_STAT3.log
Using random seed: -741744320

mode |  affinity  |  intramol  |    CNN     |   CNN
     | (kcal/mol) | (kcal/mol) | pose score | affinity
-----+------------+------------+------------+----------
    1       -8.22       -0.74      -1.0000      0.000
    2       -8.12       -0.88      -1.0000      0.000
    3       -8.04       -0.86      -1.0000      0.000
    4       -8.03       -0.75      -1.0000      0.000
    5       -8.02        0.10      -1.0000      0.000
    6       -7.92       -0.39      -1.0000      0.000
    7       -7.88       -0.87      -1.0000      0.000
    8       -7.82       -0.91      -1.0000      0.000
    9       -7.81       -0.82      -1.0000      0.000
