              _             
             (_)            
   __ _ _ __  _ _ __   __ _ 
  / _` | '_ \| | '_ \ / _` |
 | (_| | | | | | | | | (_| |
  \__, |_| |_|_|_| |_|\__,_|
   __/ |                    
  |___/                     

gnina v1.3 master:97fa6bc+   Built Oct  3 2024.
gnina is based on smina and AutoDock Vina.
Please cite appropriately.

Commandline: gnina --receptor Proteinas_preparadas/EGFR.pdbqt --ligand Inhibidores/Targets/EGFR/SRC_P_EGFR_92.pdbqt --autobox_ligand Compuestos_preparados/EGFR.pdbqt --autobox_add 18 --exhaustiveness 16 --cnn_scoring none --out docking/inhibidores/SRC_P_EGFR_92_L_EGFR.pdbqt --log docking/inhibidores/SRC_P_EGFR_92_L_EGFR.log
Using random seed: 1989224656

mode |  affinity  |  intramol  |    CNN     |   CNN
     | (kcal/mol) | (kcal/mol) | pose score | affinity
-----+------------+------------+------------+----------
    1      -10.55        0.55      -1.0000      0.000
    2      -10.54        0.50      -1.0000      0.000
    3      -10.13        0.63      -1.0000      0.000
    4       -9.78        0.13      -1.0000      0.000
    5       -9.70        0.40      -1.0000      0.000
    6       -9.67        0.00      -1.0000      0.000
    7       -9.51        0.32      -1.0000      0.000
    8       -9.44       -0.32      -1.0000      0.000
    9       -9.41        0.70      -1.0000      0.000
