              _             
             (_)            
   __ _ _ __  _ _ __   __ _ 
  / _` | '_ \| | '_ \ / _` |
 | (_| | | | | | | | | (_| |
  \__, |_| |_|_|_| |_|\__,_|
   __/ |                    
  |___/                     

gnina v1.3 master:97fa6bc+   Built Oct  3 2024.
gnina is based on smina and AutoDock Vina.
Please cite appropriately.

Commandline: gnina --receptor Proteinas_preparadas/EGFR.pdbqt --ligand Inhibidores/Targets/EGFR/SRC_MAPK1_P_EGFR_155.pdbqt --autobox_ligand Compuestos_preparados/EGFR.pdbqt --autobox_add 18 --exhaustiveness 16 --cnn_scoring none --out docking/inhibidores/SRC_MAPK1_P_EGFR_155_L_EGFR.pdbqt --log docking/inhibidores/SRC_MAPK1_P_EGFR_155_L_EGFR.log
Using random seed: -2121515016

mode |  affinity  |  intramol  |    CNN     |   CNN
     | (kcal/mol) | (kcal/mol) | pose score | affinity
-----+------------+------------+------------+----------
    1      -10.60       -0.68      -1.0000      0.000
    2      -10.54       -0.65      -1.0000      0.000
    3      -10.02       -0.73      -1.0000      0.000
    4       -9.91       -0.69      -1.0000      0.000
    5       -9.85       -0.70      -1.0000      0.000
    6       -9.83       -0.25      -1.0000      0.000
    7       -9.81        0.77      -1.0000      0.000
    8       -9.77        0.13      -1.0000      0.000
    9       -9.73        0.34      -1.0000      0.000
