              _             
             (_)            
   __ _ _ __  _ _ __   __ _ 
  / _` | '_ \| | '_ \ / _` |
 | (_| | | | | | | | | (_| |
  \__, |_| |_|_|_| |_|\__,_|
   __/ |                    
  |___/                     

gnina v1.3 master:97fa6bc+   Built Oct  3 2024.
gnina is based on smina and AutoDock Vina.
Please cite appropriately.

Commandline: gnina --receptor Proteinas_preparadas/EGFR.pdbqt --ligand Inhibidores/Targets/EGFR/SRC_P_EGFR_77.pdbqt --autobox_ligand Compuestos_preparados/EGFR.pdbqt --autobox_add 18 --exhaustiveness 16 --out docking/inhibidores/SRC_P_EGFR_77_L_EGFR.pdbqt --log docking/inhibidores/SRC_P_EGFR_77_L_EGFR.log
Using random seed: 1808242681

mode |  affinity  |  intramol  |    CNN     |   CNN
     | (kcal/mol) | (kcal/mol) | pose score | affinity
-----+------------+------------+------------+----------
    1       -7.64       -1.40       0.4146      7.338
    2       -8.41       -0.73       0.3734      7.489
    3       -7.92       -1.82       0.2665      7.337
    4       -7.56       -1.04       0.2548      7.073
    5       -8.00       -1.56       0.1920      7.086
    6       -8.26       -1.60       0.1776      6.965
    7       -8.69       -1.65       0.1193      6.736
    8       -7.18       -1.51       0.1132      6.493
    9       -7.67       -1.38       0.1079      6.413
