              _             
             (_)            
   __ _ _ __  _ _ __   __ _ 
  / _` | '_ \| | '_ \ / _` |
 | (_| | | | | | | | | (_| |
  \__, |_| |_|_|_| |_|\__,_|
   __/ |                    
  |___/                     

gnina v1.3 master:97fa6bc+   Built Oct  3 2024.
gnina is based on smina and AutoDock Vina.
Please cite appropriately.

Commandline: gnina --receptor Proteinas_preparadas/MAPK1.pdbqt --ligand Inhibidores/Targets/MAPK1/SRC_P_MAPK1_185.pdbqt --autobox_ligand Compuestos_preparados/MAPK1.pdbqt --autobox_add 18 --exhaustiveness 16 --cnn_scoring none --out docking/inhibidores/SRC_P_MAPK1_185_L_MAPK1.pdbqt --log docking/inhibidores/SRC_P_MAPK1_185_L_MAPK1.log
Using random seed: 982183616

mode |  affinity  |  intramol  |    CNN     |   CNN
     | (kcal/mol) | (kcal/mol) | pose score | affinity
-----+------------+------------+------------+----------
    1      -10.11        1.99      -1.0000      0.000
    2      -10.04       -0.40      -1.0000      0.000
    3       -9.95       -0.73      -1.0000      0.000
    4       -9.93        1.73      -1.0000      0.000
    5       -9.67       -0.62      -1.0000      0.000
    6       -9.65       -0.87      -1.0000      0.000
    7       -9.34       -0.58      -1.0000      0.000
    8       -9.04        0.04      -1.0000      0.000
    9       -8.99       -0.57      -1.0000      0.000
