              _             
             (_)            
   __ _ _ __  _ _ __   __ _ 
  / _` | '_ \| | '_ \ / _` |
 | (_| | | | | | | | | (_| |
  \__, |_| |_|_|_| |_|\__,_|
   __/ |                    
  |___/                     

gnina v1.3 master:97fa6bc+   Built Oct  3 2024.
gnina is based on smina and AutoDock Vina.
Please cite appropriately.

Commandline: gnina --receptor Proteinas_preparadas/EGFR.pdbqt --ligand Inhibidores/Targets/EGFR/SRC_P_EGFR_65.pdbqt --autobox_ligand Compuestos_preparados/EGFR.pdbqt --autobox_add 18 --exhaustiveness 16 --out docking/inhibidores/SRC_P_EGFR_65_L_EGFR.pdbqt --log docking/inhibidores/SRC_P_EGFR_65_L_EGFR.log
Using random seed: 1844519742

mode |  affinity  |  intramol  |    CNN     |   CNN
     | (kcal/mol) | (kcal/mol) | pose score | affinity
-----+------------+------------+------------+----------
    1      -10.02       -0.67       0.6448      7.929
    2      -10.80       -0.54       0.4164      7.617
    3      -10.70       -0.15       0.2490      7.338
    4       -9.70        0.09       0.2341      7.190
    5      -10.98        0.61       0.2119      7.051
    6       -9.31       -0.73       0.1945      7.220
    7       -8.80       -0.90       0.1793      6.979
    8       -9.40       -0.60       0.1573      7.122
    9      -10.23       -0.79       0.1127      7.284
