              _             
             (_)            
   __ _ _ __  _ _ __   __ _ 
  / _` | '_ \| | '_ \ / _` |
 | (_| | | | | | | | | (_| |
  \__, |_| |_|_|_| |_|\__,_|
   __/ |                    
  |___/                     

gnina v1.3 master:97fa6bc+   Built Oct  3 2024.
gnina is based on smina and AutoDock Vina.
Please cite appropriately.

Commandline: gnina --receptor Proteinas_preparadas/EGFR.pdbqt --ligand Inhibidores/Targets/EGFR/SRC_P_EGFR_44.pdbqt --autobox_ligand Compuestos_preparados/EGFR.pdbqt --autobox_add 18 --exhaustiveness 16 --out docking/inhibidores/SRC_P_EGFR_44_L_EGFR.pdbqt --log docking/inhibidores/SRC_P_EGFR_44_L_EGFR.log
Using random seed: 1262963511

mode |  affinity  |  intramol  |    CNN     |   CNN
     | (kcal/mol) | (kcal/mol) | pose score | affinity
-----+------------+------------+------------+----------
    1       -8.13       -1.73       0.6211      7.276
    2       -9.08        0.21       0.3773      6.820
    3       -9.80        0.23       0.3714      6.623
    4       -8.99        0.46       0.3659      6.568
    5       -8.32       -1.84       0.3093      6.824
    6       -8.08       -0.22       0.3059      6.930
    7       -8.94        0.48       0.2748      6.432
    8       -8.62        0.09       0.2721      7.003
    9       -9.66        0.10       0.2498      7.115
