              _             
             (_)            
   __ _ _ __  _ _ __   __ _ 
  / _` | '_ \| | '_ \ / _` |
 | (_| | | | | | | | | (_| |
  \__, |_| |_|_|_| |_|\__,_|
   __/ |                    
  |___/                     

gnina v1.3 master:97fa6bc+   Built Oct  3 2024.
gnina is based on smina and AutoDock Vina.
Please cite appropriately.

Commandline: gnina --receptor Proteinas_preparadas/STAT3.pdbqt --ligand Inhibidores/Targets/STAT3/SRC_EGFR_P_STAT3_318.pdbqt --autobox_ligand Compuestos_preparados/STAT3.pdbqt --autobox_add 18 --exhaustiveness 16 --cnn_scoring none --out docking/inhibidores/SRC_EGFR_P_STAT3_318_L_STAT3.pdbqt --log docking/inhibidores/SRC_EGFR_P_STAT3_318_L_STAT3.log
Using random seed: -2014354484

mode |  affinity  |  intramol  |    CNN     |   CNN
     | (kcal/mol) | (kcal/mol) | pose score | affinity
-----+------------+------------+------------+----------
    1       -7.49       -1.25      -1.0000      0.000
    2       -7.43       -1.26      -1.0000      0.000
    3       -7.40       -1.25      -1.0000      0.000
    4       -7.29       -0.54      -1.0000      0.000
    5       -7.23       -0.01      -1.0000      0.000
    6       -7.06       -0.95      -1.0000      0.000
    7       -7.00       -0.72      -1.0000      0.000
    8       -6.94       -1.19      -1.0000      0.000
    9       -6.93       -0.73      -1.0000      0.000
