              _             
             (_)            
   __ _ _ __  _ _ __   __ _ 
  / _` | '_ \| | '_ \ / _` |
 | (_| | | | | | | | | (_| |
  \__, |_| |_|_|_| |_|\__,_|
   __/ |                    
  |___/                     

gnina v1.3 master:97fa6bc+   Built Oct  3 2024.
gnina is based on smina and AutoDock Vina.
Please cite appropriately.

Commandline: gnina --receptor Proteinas_preparadas/EGFR.pdbqt --ligand Inhibidores/Targets/EGFR/SRC_P_EGFR_69.pdbqt --autobox_ligand Compuestos_preparados/EGFR.pdbqt --autobox_add 18 --exhaustiveness 16 --out docking/inhibidores/SRC_P_EGFR_69_L_EGFR.pdbqt --log docking/inhibidores/SRC_P_EGFR_69_L_EGFR.log
Using random seed: -1159308458

mode |  affinity  |  intramol  |    CNN     |   CNN
     | (kcal/mol) | (kcal/mol) | pose score | affinity
-----+------------+------------+------------+----------
    1       -9.00       -0.94       0.3934      7.243
    2       -9.20       -1.33       0.3649      7.475
    3       -8.44       -0.91       0.3035      6.935
    4       -9.23       -0.47       0.1485      6.826
    5       -8.99       -1.10       0.1429      6.808
    6       -8.49       -0.56       0.1344      6.768
    7       -8.73       -1.07       0.1294      7.033
    8       -9.09       -1.26       0.1263      6.210
    9       -8.81        0.63       0.1201      5.748
