              _             
             (_)            
   __ _ _ __  _ _ __   __ _ 
  / _` | '_ \| | '_ \ / _` |
 | (_| | | | | | | | | (_| |
  \__, |_| |_|_|_| |_|\__,_|
   __/ |                    
  |___/                     

gnina v1.3 master:97fa6bc+   Built Oct  3 2024.
gnina is based on smina and AutoDock Vina.
Please cite appropriately.

Commandline: gnina --receptor Proteinas_preparadas/EGFR.pdbqt --ligand Inhibidores/Targets/EGFR/SRC_MAPK1_P_EGFR_156.pdbqt --autobox_ligand Compuestos_preparados/EGFR.pdbqt --autobox_add 18 --exhaustiveness 16 --cnn_scoring none --out docking/inhibidores/SRC_MAPK1_P_EGFR_156_L_EGFR.pdbqt --log docking/inhibidores/SRC_MAPK1_P_EGFR_156_L_EGFR.log
Using random seed: -170651742

mode |  affinity  |  intramol  |    CNN     |   CNN
     | (kcal/mol) | (kcal/mol) | pose score | affinity
-----+------------+------------+------------+----------
    1      -10.66       -0.19      -1.0000      0.000
    2      -10.41       -0.18      -1.0000      0.000
    3      -10.27       -0.17      -1.0000      0.000
    4      -10.06       -1.22      -1.0000      0.000
    5       -9.99       -0.81      -1.0000      0.000
    6       -9.99       -0.32      -1.0000      0.000
    7       -9.98       -0.88      -1.0000      0.000
    8       -9.97       -0.66      -1.0000      0.000
    9       -9.93       -0.77      -1.0000      0.000
