              _             
             (_)            
   __ _ _ __  _ _ __   __ _ 
  / _` | '_ \| | '_ \ / _` |
 | (_| | | | | | | | | (_| |
  \__, |_| |_|_|_| |_|\__,_|
   __/ |                    
  |___/                     

gnina v1.3 master:97fa6bc+   Built Oct  3 2024.
gnina is based on smina and AutoDock Vina.
Please cite appropriately.

Commandline: gnina --receptor Proteinas_preparadas/EGFR.pdbqt --ligand Inhibidores/Targets/EGFR/SRC_P_EGFR_123.pdbqt --autobox_ligand Compuestos_preparados/EGFR.pdbqt --autobox_add 18 --exhaustiveness 16 --cnn_scoring none --out docking/inhibidores/SRC_P_EGFR_123_L_EGFR.pdbqt --log docking/inhibidores/SRC_P_EGFR_123_L_EGFR.log
Using random seed: -1561693294

mode |  affinity  |  intramol  |    CNN     |   CNN
     | (kcal/mol) | (kcal/mol) | pose score | affinity
-----+------------+------------+------------+----------
    1       -8.81       -0.10      -1.0000      0.000
    2       -7.81       -0.09      -1.0000      0.000
    3       -7.70       -0.12      -1.0000      0.000
    4       -7.44       -0.08      -1.0000      0.000
    5       -7.43       -0.08      -1.0000      0.000
    6       -7.42       -0.08      -1.0000      0.000
    7       -7.29       -0.10      -1.0000      0.000
    8       -7.21       -0.11      -1.0000      0.000
    9       -7.21       -0.09      -1.0000      0.000
