              _             
             (_)            
   __ _ _ __  _ _ __   __ _ 
  / _` | '_ \| | '_ \ / _` |
 | (_| | | | | | | | | (_| |
  \__, |_| |_|_|_| |_|\__,_|
   __/ |                    
  |___/                     

gnina v1.3 master:97fa6bc+   Built Oct  3 2024.
gnina is based on smina and AutoDock Vina.
Please cite appropriately.

Commandline: gnina --receptor Proteinas_preparadas/EGFR.pdbqt --ligand Inhibidores/Targets/EGFR/SRC_P_EGFR_40.pdbqt --autobox_ligand Compuestos_preparados/EGFR.pdbqt --autobox_add 18 --exhaustiveness 16 --out docking/inhibidores/SRC_P_EGFR_40_L_EGFR.pdbqt --log docking/inhibidores/SRC_P_EGFR_40_L_EGFR.log
Using random seed: 200041504

mode |  affinity  |  intramol  |    CNN     |   CNN
     | (kcal/mol) | (kcal/mol) | pose score | affinity
-----+------------+------------+------------+----------
    1       -9.12        0.09       0.3740      7.708
    2       -9.59        0.06       0.3025      7.103
    3      -10.11        0.53       0.2225      7.667
    4       -9.39        0.48       0.1742      7.194
    5       -9.71       -1.14       0.1550      7.049
    6       -9.83       -0.85       0.1303      7.446
    7       -9.14       -1.02       0.1243      7.512
    8       -9.76       -0.30       0.1020      7.404
    9       -9.19       -0.92       0.0928      7.292
