              _             
             (_)            
   __ _ _ __  _ _ __   __ _ 
  / _` | '_ \| | '_ \ / _` |
 | (_| | | | | | | | | (_| |
  \__, |_| |_|_|_| |_|\__,_|
   __/ |                    
  |___/                     

gnina v1.3 master:97fa6bc+   Built Oct  3 2024.
gnina is based on smina and AutoDock Vina.
Please cite appropriately.

Commandline: gnina --receptor Proteinas_preparadas/EGFR.pdbqt --ligand Inhibidores/Targets/EGFR/SRC_P_EGFR_142.pdbqt --autobox_ligand Compuestos_preparados/EGFR.pdbqt --autobox_add 18 --exhaustiveness 16 --cnn_scoring none --out docking/inhibidores/SRC_P_EGFR_142_L_EGFR.pdbqt --log docking/inhibidores/SRC_P_EGFR_142_L_EGFR.log
Using random seed: 1605452566

mode |  affinity  |  intramol  |    CNN     |   CNN
     | (kcal/mol) | (kcal/mol) | pose score | affinity
-----+------------+------------+------------+----------
    1       -7.98       -0.58      -1.0000      0.000
    2       -7.92        0.69      -1.0000      0.000
    3       -7.89       -0.02      -1.0000      0.000
    4       -7.88        0.21      -1.0000      0.000
    5       -7.63       -0.67      -1.0000      0.000
    6       -7.63       -0.66      -1.0000      0.000
    7       -7.63       -0.72      -1.0000      0.000
    8       -7.57       -0.26      -1.0000      0.000
    9       -7.48       -0.64      -1.0000      0.000
