              _             
             (_)            
   __ _ _ __  _ _ __   __ _ 
  / _` | '_ \| | '_ \ / _` |
 | (_| | | | | | | | | (_| |
  \__, |_| |_|_|_| |_|\__,_|
   __/ |                    
  |___/                     

gnina v1.3 master:97fa6bc+   Built Oct  3 2024.
gnina is based on smina and AutoDock Vina.
Please cite appropriately.

Commandline: gnina --receptor Proteinas_preparadas/EGFR.pdbqt --ligand Inhibidores/Targets/EGFR/SRC_P_EGFR_153.pdbqt --autobox_ligand Compuestos_preparados/EGFR.pdbqt --autobox_add 18 --exhaustiveness 16 --cnn_scoring none --out docking/inhibidores/SRC_P_EGFR_153_L_EGFR.pdbqt --log docking/inhibidores/SRC_P_EGFR_153_L_EGFR.log
Using random seed: -2116948629

mode |  affinity  |  intramol  |    CNN     |   CNN
     | (kcal/mol) | (kcal/mol) | pose score | affinity
-----+------------+------------+------------+----------
    1       -8.71        0.48      -1.0000      0.000
    2       -8.56       -0.15      -1.0000      0.000
    3       -8.52        0.30      -1.0000      0.000
    4       -8.47       -0.01      -1.0000      0.000
    5       -8.40       -0.16      -1.0000      0.000
    6       -8.35       -0.13      -1.0000      0.000
    7       -8.28       -0.75      -1.0000      0.000
    8       -8.28       -0.55      -1.0000      0.000
    9       -8.26       -0.03      -1.0000      0.000
