              _             
             (_)            
   __ _ _ __  _ _ __   __ _ 
  / _` | '_ \| | '_ \ / _` |
 | (_| | | | | | | | | (_| |
  \__, |_| |_|_|_| |_|\__,_|
   __/ |                    
  |___/                     

gnina v1.3 master:97fa6bc+   Built Oct  3 2024.
gnina is based on smina and AutoDock Vina.
Please cite appropriately.

Commandline: gnina --receptor Proteinas_preparadas/EGFR.pdbqt --ligand Inhibidores/Targets/EGFR_STAT3/SRC_P_EGFR_STAT3_86.pdbqt --autobox_ligand Compuestos_preparados/EGFR.pdbqt --autobox_add 18 --exhaustiveness 16 --out docking/inhibidores/SRC_P_EGFR_STAT3_86_L_EGFR.pdbqt --log docking/inhibidores/SRC_P_EGFR_STAT3_86_L_EGFR.log
Using random seed: 447823866

mode |  affinity  |  intramol  |    CNN     |   CNN
     | (kcal/mol) | (kcal/mol) | pose score | affinity
-----+------------+------------+------------+----------
    1       -8.17       -0.84       0.3868      7.530
    2       -8.60       -0.91       0.3308      7.590
    3       -8.46       -1.59       0.2269      7.436
    4       -7.73       -1.75       0.2259      5.640
    5       -8.00       -0.00       0.2202      6.834
    6       -8.05       -0.99       0.1827      7.281
    7       -8.31       -1.16       0.1611      6.793
    8       -8.40       -0.80       0.1536      6.762
    9       -8.09       -1.28       0.1522      7.141
