              _             
             (_)            
   __ _ _ __  _ _ __   __ _ 
  / _` | '_ \| | '_ \ / _` |
 | (_| | | | | | | | | (_| |
  \__, |_| |_|_|_| |_|\__,_|
   __/ |                    
  |___/                     

gnina v1.3 master:97fa6bc+   Built Oct  3 2024.
gnina is based on smina and AutoDock Vina.
Please cite appropriately.

Commandline: gnina --receptor Proteinas_preparadas/EGFR.pdbqt --ligand Inhibidores/Targets/EGFR/SRC_P_EGFR_102.pdbqt --autobox_ligand Compuestos_preparados/EGFR.pdbqt --autobox_add 18 --exhaustiveness 16 --cnn_scoring none --out docking/inhibidores/SRC_P_EGFR_102_L_EGFR.pdbqt --log docking/inhibidores/SRC_P_EGFR_102_L_EGFR.log
Using random seed: -851796248

mode |  affinity  |  intramol  |    CNN     |   CNN
     | (kcal/mol) | (kcal/mol) | pose score | affinity
-----+------------+------------+------------+----------
    1      -11.58        0.87      -1.0000      0.000
    2      -11.53       -0.37      -1.0000      0.000
    3      -11.24       -0.06      -1.0000      0.000
    4      -11.10        0.04      -1.0000      0.000
    5      -10.68       -0.21      -1.0000      0.000
    6      -10.23       -0.25      -1.0000      0.000
    7      -10.20       -0.50      -1.0000      0.000
    8      -10.19       -0.88      -1.0000      0.000
    9      -10.11        0.29      -1.0000      0.000
