              _             
             (_)            
   __ _ _ __  _ _ __   __ _ 
  / _` | '_ \| | '_ \ / _` |
 | (_| | | | | | | | | (_| |
  \__, |_| |_|_|_| |_|\__,_|
   __/ |                    
  |___/                     

gnina v1.3 master:97fa6bc+   Built Oct  3 2024.
gnina is based on smina and AutoDock Vina.
Please cite appropriately.

Commandline: gnina --receptor Proteinas_preparadas/EGFR.pdbqt --ligand Inhibidores/Targets/EGFR/SRC_P_EGFR_104.pdbqt --autobox_ligand Compuestos_preparados/EGFR.pdbqt --autobox_add 18 --exhaustiveness 16 --cnn_scoring none --out docking/inhibidores/SRC_P_EGFR_104_L_EGFR.pdbqt --log docking/inhibidores/SRC_P_EGFR_104_L_EGFR.log
Using random seed: -1864125936

mode |  affinity  |  intramol  |    CNN     |   CNN
     | (kcal/mol) | (kcal/mol) | pose score | affinity
-----+------------+------------+------------+----------
    1       -9.99       -0.69      -1.0000      0.000
    2       -9.81       -0.68      -1.0000      0.000
    3       -9.69       -0.33      -1.0000      0.000
    4       -9.66       -0.57      -1.0000      0.000
    5       -9.61       -0.20      -1.0000      0.000
    6       -9.55       -0.21      -1.0000      0.000
    7       -9.33       -0.43      -1.0000      0.000
    8       -9.32        2.84      -1.0000      0.000
    9       -9.32       -0.11      -1.0000      0.000
