              _             
             (_)            
   __ _ _ __  _ _ __   __ _ 
  / _` | '_ \| | '_ \ / _` |
 | (_| | | | | | | | | (_| |
  \__, |_| |_|_|_| |_|\__,_|
   __/ |                    
  |___/                     

gnina v1.3 master:97fa6bc+   Built Oct  3 2024.
gnina is based on smina and AutoDock Vina.
Please cite appropriately.

Commandline: gnina --receptor Proteinas_preparadas/EGFR.pdbqt --ligand Inhibidores/Targets/EGFR/SRC_P_EGFR_126.pdbqt --autobox_ligand Compuestos_preparados/EGFR.pdbqt --autobox_add 18 --exhaustiveness 16 --cnn_scoring none --out docking/inhibidores/SRC_P_EGFR_126_L_EGFR.pdbqt --log docking/inhibidores/SRC_P_EGFR_126_L_EGFR.log
Using random seed: 709107391

mode |  affinity  |  intramol  |    CNN     |   CNN
     | (kcal/mol) | (kcal/mol) | pose score | affinity
-----+------------+------------+------------+----------
    1      -10.00        0.59      -1.0000      0.000
    2       -9.65        0.28      -1.0000      0.000
    3       -9.50        0.33      -1.0000      0.000
    4       -9.28       -0.03      -1.0000      0.000
    5       -9.09       -0.33      -1.0000      0.000
    6       -9.04        2.29      -1.0000      0.000
    7       -8.96        0.83      -1.0000      0.000
    8       -8.83       -0.88      -1.0000      0.000
    9       -8.78        0.42      -1.0000      0.000
