              _             
             (_)            
   __ _ _ __  _ _ __   __ _ 
  / _` | '_ \| | '_ \ / _` |
 | (_| | | | | | | | | (_| |
  \__, |_| |_|_|_| |_|\__,_|
   __/ |                    
  |___/                     

gnina v1.3 master:97fa6bc+   Built Oct  3 2024.
gnina is based on smina and AutoDock Vina.
Please cite appropriately.

Commandline: gnina --receptor Proteinas_preparadas/MAPK1.pdbqt --ligand Inhibidores/Targets/MAPK1/SRC_P_MAPK1_122.pdbqt --autobox_ligand Compuestos_preparados/MAPK1.pdbqt --autobox_add 18 --exhaustiveness 16 --out docking/inhibidores/SRC_P_MAPK1_122_L_MAPK1.pdbqt --log docking/inhibidores/SRC_P_MAPK1_122_L_MAPK1.log
Using random seed: -1182377673

mode |  affinity  |  intramol  |    CNN     |   CNN
     | (kcal/mol) | (kcal/mol) | pose score | affinity
-----+------------+------------+------------+----------
    1       -9.83       -0.25       0.2536      7.953
    2       -8.87        0.59       0.2279      7.990
    3      -10.30        0.29       0.2149      7.849
    4      -10.23       -0.37       0.1886      7.782
    5      -10.55       -0.33       0.1583      7.427
    6       -9.14       -0.35       0.0860      7.154
    7       -8.95        0.28       0.0821      5.640
    8       -9.47       -0.56       0.0698      6.949
    9       -9.32       -0.56       0.0542      7.173
