              _             
             (_)            
   __ _ _ __  _ _ __   __ _ 
  / _` | '_ \| | '_ \ / _` |
 | (_| | | | | | | | | (_| |
  \__, |_| |_|_|_| |_|\__,_|
   __/ |                    
  |___/                     

gnina v1.3 master:97fa6bc+   Built Oct  3 2024.
gnina is based on smina and AutoDock Vina.
Please cite appropriately.

Commandline: gnina --receptor Proteinas_preparadas/MAPK1.pdbqt --ligand Inhibidores/Targets/MAPK1/SRC_P_MAPK1_112.pdbqt --autobox_ligand Compuestos_preparados/MAPK1.pdbqt --autobox_add 18 --exhaustiveness 16 --out docking/inhibidores/SRC_P_MAPK1_112_L_MAPK1.pdbqt --log docking/inhibidores/SRC_P_MAPK1_112_L_MAPK1.log
Using random seed: 374921826

mode |  affinity  |  intramol  |    CNN     |   CNN
     | (kcal/mol) | (kcal/mol) | pose score | affinity
-----+------------+------------+------------+----------
    1       -9.64       -1.29       0.6354      7.658
    2       -9.95       -0.56       0.4676      7.511
    3       -9.50       -1.85       0.4125      7.471
    4       -7.88       -0.42       0.1711      6.702
    5       -9.56       -1.43       0.1593      7.183
    6       -8.63       -1.10       0.1554      6.976
    7       -8.34        0.71       0.1007      6.463
    8       -7.73       -1.55       0.0964      5.739
    9       -8.58       -1.29       0.0858      6.159
