              _             
             (_)            
   __ _ _ __  _ _ __   __ _ 
  / _` | '_ \| | '_ \ / _` |
 | (_| | | | | | | | | (_| |
  \__, |_| |_|_|_| |_|\__,_|
   __/ |                    
  |___/                     

gnina v1.3 master:97fa6bc+   Built Oct  3 2024.
gnina is based on smina and AutoDock Vina.
Please cite appropriately.

Commandline: gnina --receptor Proteinas_preparadas/EGFR.pdbqt --ligand Inhibidores/Targets/EGFR/SRC_P_EGFR_75.pdbqt --autobox_ligand Compuestos_preparados/EGFR.pdbqt --autobox_add 18 --exhaustiveness 16 --out docking/inhibidores/SRC_P_EGFR_75_L_EGFR.pdbqt --log docking/inhibidores/SRC_P_EGFR_75_L_EGFR.log
Using random seed: 47468572

mode |  affinity  |  intramol  |    CNN     |   CNN
     | (kcal/mol) | (kcal/mol) | pose score | affinity
-----+------------+------------+------------+----------
    1       -9.60       -0.80       0.8309      7.222
    2       -9.57       -0.82       0.8300      7.224
    3       -8.97       -0.42       0.7495      7.156
    4       -8.49       -0.23       0.7221      7.167
    5       -9.07       -0.50       0.6920      7.120
    6       -8.91        0.34       0.5958      6.768
    7       -9.37       -0.55       0.4603      6.770
    8       -9.36       -0.53       0.4565      6.736
    9       -8.61        0.13       0.4201      6.668
