              _             
             (_)            
   __ _ _ __  _ _ __   __ _ 
  / _` | '_ \| | '_ \ / _` |
 | (_| | | | | | | | | (_| |
  \__, |_| |_|_|_| |_|\__,_|
   __/ |                    
  |___/                     

gnina v1.3 master:97fa6bc+   Built Oct  3 2024.
gnina is based on smina and AutoDock Vina.
Please cite appropriately.

Commandline: gnina --receptor Proteinas_preparadas/EGFR.pdbqt --ligand Inhibidores/Targets/EGFR/SRC_P_EGFR_76.pdbqt --autobox_ligand Compuestos_preparados/EGFR.pdbqt --autobox_add 18 --exhaustiveness 16 --out docking/inhibidores/SRC_P_EGFR_76_L_EGFR.pdbqt --log docking/inhibidores/SRC_P_EGFR_76_L_EGFR.log
Using random seed: 1469497736

mode |  affinity  |  intramol  |    CNN     |   CNN
     | (kcal/mol) | (kcal/mol) | pose score | affinity
-----+------------+------------+------------+----------
    1       -9.81        0.35       0.7974      8.324
    2       -9.87        0.29       0.7616      8.195
    3       -9.08       -0.98       0.5943      8.078
    4       -9.55       -0.43       0.5067      7.781
    5       -9.18        0.11       0.2351      7.360
    6      -10.17        0.33       0.1958      6.689
    7      -10.32        0.32       0.1837      6.756
    8       -9.31        0.19       0.1088      6.345
    9       -8.86       -0.04       0.0952      6.289
