              _             
             (_)            
   __ _ _ __  _ _ __   __ _ 
  / _` | '_ \| | '_ \ / _` |
 | (_| | | | | | | | | (_| |
  \__, |_| |_|_|_| |_|\__,_|
   __/ |                    
  |___/                     

gnina v1.3 master:97fa6bc+   Built Oct  3 2024.
gnina is based on smina and AutoDock Vina.
Please cite appropriately.

Commandline: gnina --receptor Proteinas_preparadas/STAT3.pdbqt --ligand Inhibidores/Targets/STAT3/SRC_EGFR_P_STAT3_317.pdbqt --autobox_ligand Compuestos_preparados/STAT3.pdbqt --autobox_add 18 --exhaustiveness 16 --cnn_scoring none --out docking/inhibidores/SRC_EGFR_P_STAT3_317_L_STAT3.pdbqt --log docking/inhibidores/SRC_EGFR_P_STAT3_317_L_STAT3.log
Using random seed: -2042193792

mode |  affinity  |  intramol  |    CNN     |   CNN
     | (kcal/mol) | (kcal/mol) | pose score | affinity
-----+------------+------------+------------+----------
    1       -7.69       -0.32      -1.0000      0.000
    2       -7.47       -0.42      -1.0000      0.000
    3       -7.42       -0.43      -1.0000      0.000
    4       -7.35       -0.88      -1.0000      0.000
    5       -7.33       -0.86      -1.0000      0.000
    6       -7.29       -0.62      -1.0000      0.000
    7       -7.29        0.08      -1.0000      0.000
    8       -7.23       -0.69      -1.0000      0.000
    9       -7.15       -0.60      -1.0000      0.000
