              _             
             (_)            
   __ _ _ __  _ _ __   __ _ 
  / _` | '_ \| | '_ \ / _` |
 | (_| | | | | | | | | (_| |
  \__, |_| |_|_|_| |_|\__,_|
   __/ |                    
  |___/                     

gnina v1.3 master:97fa6bc+   Built Oct  3 2024.
gnina is based on smina and AutoDock Vina.
Please cite appropriately.

Commandline: gnina --receptor Proteinas_preparadas/MAPK1.pdbqt --ligand Inhibidores/Targets/MAPK1/SRC_P_MAPK1_107.pdbqt --autobox_ligand Compuestos_preparados/MAPK1.pdbqt --autobox_add 18 --exhaustiveness 16 --out docking/inhibidores/SRC_P_MAPK1_107_L_MAPK1.pdbqt --log docking/inhibidores/SRC_P_MAPK1_107_L_MAPK1.log
Using random seed: -624073568

mode |  affinity  |  intramol  |    CNN     |   CNN
     | (kcal/mol) | (kcal/mol) | pose score | affinity
-----+------------+------------+------------+----------
    1       -8.91       -1.64       0.4166      7.376
    2       -8.59       -0.64       0.3124      7.374
    3       -8.71       -1.75       0.2639      7.355
    4       -8.19       -1.36       0.1731      6.562
    5       -8.92       -0.21       0.1502      7.052
    6       -8.44       -1.50       0.1478      6.888
    7       -8.65       -1.51       0.1363      6.688
    8       -8.69       -1.53       0.1314      6.776
    9       -8.49        0.02       0.1141      6.211
