              _             
             (_)            
   __ _ _ __  _ _ __   __ _ 
  / _` | '_ \| | '_ \ / _` |
 | (_| | | | | | | | | (_| |
  \__, |_| |_|_|_| |_|\__,_|
   __/ |                    
  |___/                     

gnina v1.3 master:97fa6bc+   Built Oct  3 2024.
gnina is based on smina and AutoDock Vina.
Please cite appropriately.

Commandline: gnina --receptor Proteinas_preparadas/MAPK1.pdbqt --ligand Inhibidores/Targets/MAPK1/SRC_EGFR_P_MAPK1_126.pdbqt --autobox_ligand Compuestos_preparados/MAPK1.pdbqt --autobox_add 18 --exhaustiveness 16 --out docking/inhibidores/SRC_EGFR_P_MAPK1_126_L_MAPK1.pdbqt --log docking/inhibidores/SRC_EGFR_P_MAPK1_126_L_MAPK1.log
Using random seed: 434661249

mode |  affinity  |  intramol  |    CNN     |   CNN
     | (kcal/mol) | (kcal/mol) | pose score | affinity
-----+------------+------------+------------+----------
    1      -10.34        0.58       0.6065      7.391
    2      -10.95        0.80       0.5876      7.601
    3       -9.90        0.74       0.5538      7.344
    4       -9.88       -0.75       0.3878      7.158
    5       -8.73        0.69       0.3304      6.972
    6       -9.94       -1.17       0.3001      6.981
    7       -8.95       -0.89       0.2916      6.745
    8       -9.83       -0.56       0.2760      6.995
    9      -10.30       -0.50       0.2460      6.621
