              _             
             (_)            
   __ _ _ __  _ _ __   __ _ 
  / _` | '_ \| | '_ \ / _` |
 | (_| | | | | | | | | (_| |
  \__, |_| |_|_|_| |_|\__,_|
   __/ |                    
  |___/                     

gnina v1.3 master:97fa6bc+   Built Oct  3 2024.
gnina is based on smina and AutoDock Vina.
Please cite appropriately.

Commandline: gnina --receptor Proteinas_preparadas/EGFR.pdbqt --ligand Inhibidores/Targets/EGFR/SRC_P_EGFR_128.pdbqt --autobox_ligand Compuestos_preparados/EGFR.pdbqt --autobox_add 18 --exhaustiveness 16 --cnn_scoring none --out docking/inhibidores/SRC_P_EGFR_128_L_EGFR.pdbqt --log docking/inhibidores/SRC_P_EGFR_128_L_EGFR.log
Using random seed: -1579973828

mode |  affinity  |  intramol  |    CNN     |   CNN
     | (kcal/mol) | (kcal/mol) | pose score | affinity
-----+------------+------------+------------+----------
    1       -8.64       -0.32      -1.0000      0.000
    2       -8.49       -0.61      -1.0000      0.000
    3       -8.44       -0.78      -1.0000      0.000
    4       -8.06       -1.41      -1.0000      0.000
    5       -8.05        0.03      -1.0000      0.000
    6       -8.05       -0.06      -1.0000      0.000
    7       -8.05       -0.12      -1.0000      0.000
    8       -8.03       -0.93      -1.0000      0.000
    9       -8.03       -0.32      -1.0000      0.000
