              _             
             (_)            
   __ _ _ __  _ _ __   __ _ 
  / _` | '_ \| | '_ \ / _` |
 | (_| | | | | | | | | (_| |
  \__, |_| |_|_|_| |_|\__,_|
   __/ |                    
  |___/                     

gnina v1.3 master:97fa6bc+   Built Oct  3 2024.
gnina is based on smina and AutoDock Vina.
Please cite appropriately.

Commandline: gnina --receptor Proteinas_preparadas/EGFR.pdbqt --ligand Inhibidores/Targets/EGFR/SRC_P_EGFR_55.pdbqt --autobox_ligand Compuestos_preparados/EGFR.pdbqt --autobox_add 18 --exhaustiveness 16 --out docking/inhibidores/SRC_P_EGFR_55_L_EGFR.pdbqt --log docking/inhibidores/SRC_P_EGFR_55_L_EGFR.log
Using random seed: -129115364

mode |  affinity  |  intramol  |    CNN     |   CNN
     | (kcal/mol) | (kcal/mol) | pose score | affinity
-----+------------+------------+------------+----------
    1       -8.37       -0.72       0.3470      7.110
    2       -8.45       -0.37       0.3120      7.188
    3       -7.72       -1.44       0.2981      7.156
    4       -7.93       -1.12       0.2656      7.034
    5       -8.78       -0.58       0.1882      7.136
    6       -7.71       -1.46       0.1777      6.625
    7       -9.94        0.03       0.1772      6.437
    8       -9.59       -0.18       0.1620      6.396
    9       -8.61       -0.15       0.1536      5.843
