              _             
             (_)            
   __ _ _ __  _ _ __   __ _ 
  / _` | '_ \| | '_ \ / _` |
 | (_| | | | | | | | | (_| |
  \__, |_| |_|_|_| |_|\__,_|
   __/ |                    
  |___/                     

gnina v1.3 master:97fa6bc+   Built Oct  3 2024.
gnina is based on smina and AutoDock Vina.
Please cite appropriately.

Commandline: gnina --receptor Proteinas_preparadas/EGFR.pdbqt --ligand Inhibidores/Targets/EGFR/SRC_P_EGFR_70.pdbqt --autobox_ligand Compuestos_preparados/EGFR.pdbqt --autobox_add 18 --exhaustiveness 16 --out docking/inhibidores/SRC_P_EGFR_70_L_EGFR.pdbqt --log docking/inhibidores/SRC_P_EGFR_70_L_EGFR.log
Using random seed: 348574695

mode |  affinity  |  intramol  |    CNN     |   CNN
     | (kcal/mol) | (kcal/mol) | pose score | affinity
-----+------------+------------+------------+----------
    1       -9.08       -0.93       0.7852      7.569
    2       -9.03       -0.95       0.6849      7.498
    3       -9.28       -0.70       0.6629      7.274
    4       -9.26       -0.59       0.6517      7.263
    5       -9.28       -0.59       0.5812      7.227
    6       -9.16       -0.61       0.5658      7.114
    7       -8.55       -0.77       0.2339      6.868
    8       -7.67       -0.95       0.1526      5.453
    9       -8.21       -0.92       0.1271      5.475
