              _             
             (_)            
   __ _ _ __  _ _ __   __ _ 
  / _` | '_ \| | '_ \ / _` |
 | (_| | | | | | | | | (_| |
  \__, |_| |_|_|_| |_|\__,_|
   __/ |                    
  |___/                     

gnina v1.3 master:97fa6bc+   Built Oct  3 2024.
gnina is based on smina and AutoDock Vina.
Please cite appropriately.

Commandline: gnina --receptor Proteinas_preparadas/MAPK1.pdbqt --ligand Inhibidores/Targets/MAPK1/SRC_P_MAPK1_175.pdbqt --autobox_ligand Compuestos_preparados/MAPK1.pdbqt --autobox_add 18 --exhaustiveness 16 --cnn_scoring none --out docking/inhibidores/SRC_P_MAPK1_175_L_MAPK1.pdbqt --log docking/inhibidores/SRC_P_MAPK1_175_L_MAPK1.log
Using random seed: -814838128

mode |  affinity  |  intramol  |    CNN     |   CNN
     | (kcal/mol) | (kcal/mol) | pose score | affinity
-----+------------+------------+------------+----------
    1       -9.56       -1.23      -1.0000      0.000
    2       -9.14       -0.55      -1.0000      0.000
    3       -9.07       -0.13      -1.0000      0.000
    4       -8.91       -0.10      -1.0000      0.000
    5       -8.86       -0.39      -1.0000      0.000
    6       -8.84       -0.46      -1.0000      0.000
    7       -8.68       -1.17      -1.0000      0.000
    8       -8.62       -0.74      -1.0000      0.000
    9       -8.60       -0.46      -1.0000      0.000
