              _             
             (_)            
   __ _ _ __  _ _ __   __ _ 
  / _` | '_ \| | '_ \ / _` |
 | (_| | | | | | | | | (_| |
  \__, |_| |_|_|_| |_|\__,_|
   __/ |                    
  |___/                     

gnina v1.3 master:97fa6bc+   Built Oct  3 2024.
gnina is based on smina and AutoDock Vina.
Please cite appropriately.

Commandline: gnina --receptor Proteinas_preparadas/MAPK1.pdbqt --ligand Inhibidores/Targets/MAPK1/SRC_P_MAPK1_118.pdbqt --autobox_ligand Compuestos_preparados/MAPK1.pdbqt --autobox_add 18 --exhaustiveness 16 --out docking/inhibidores/SRC_P_MAPK1_118_L_MAPK1.pdbqt --log docking/inhibidores/SRC_P_MAPK1_118_L_MAPK1.log
Using random seed: 371731010

mode |  affinity  |  intramol  |    CNN     |   CNN
     | (kcal/mol) | (kcal/mol) | pose score | affinity
-----+------------+------------+------------+----------
    1       -8.99       -1.69       0.7230      7.824
    2       -9.51       -1.48       0.7187      7.735
    3       -9.38       -1.42       0.3882      7.508
    4       -7.82        1.98       0.1747      7.036
    5       -8.27       -1.38       0.1571      6.565
    6       -7.89       -1.36       0.1541      6.815
    7       -7.63        0.74       0.1395      7.008
    8       -7.61       -1.59       0.1252      6.180
    9       -8.72       -1.38       0.1227      6.790
