              _             
             (_)            
   __ _ _ __  _ _ __   __ _ 
  / _` | '_ \| | '_ \ / _` |
 | (_| | | | | | | | | (_| |
  \__, |_| |_|_|_| |_|\__,_|
   __/ |                    
  |___/                     

gnina v1.3 master:97fa6bc+   Built Oct  3 2024.
gnina is based on smina and AutoDock Vina.
Please cite appropriately.

Commandline: gnina --receptor Proteinas_preparadas/EGFR.pdbqt --ligand Inhibidores/Targets/EGFR/SRC_P_EGFR_48.pdbqt --autobox_ligand Compuestos_preparados/EGFR.pdbqt --autobox_add 18 --exhaustiveness 16 --out docking/inhibidores/SRC_P_EGFR_48_L_EGFR.pdbqt --log docking/inhibidores/SRC_P_EGFR_48_L_EGFR.log
Using random seed: -504131195

mode |  affinity  |  intramol  |    CNN     |   CNN
     | (kcal/mol) | (kcal/mol) | pose score | affinity
-----+------------+------------+------------+----------
    1       -9.21       -0.92       0.8322      7.552
    2       -8.83       -0.95       0.7736      7.494
    3       -9.07       -0.72       0.6931      7.275
    4       -9.33       -1.03       0.6603      7.369
    5       -8.73       -1.14       0.6541      7.522
    6       -9.44        0.20       0.3346      7.038
    7       -8.41       -0.93       0.3085      6.962
    8       -9.08       -0.54       0.2819      6.833
    9       -8.45       -0.75       0.2701      6.739
