              _             
             (_)            
   __ _ _ __  _ _ __   __ _ 
  / _` | '_ \| | '_ \ / _` |
 | (_| | | | | | | | | (_| |
  \__, |_| |_|_|_| |_|\__,_|
   __/ |                    
  |___/                     

gnina v1.3 master:97fa6bc+   Built Oct  3 2024.
gnina is based on smina and AutoDock Vina.
Please cite appropriately.

Commandline: gnina --receptor Proteinas_preparadas/EGFR.pdbqt --ligand Inhibidores/Targets/EGFR/SRC_P_EGFR_111.pdbqt --autobox_ligand Compuestos_preparados/EGFR.pdbqt --autobox_add 18 --exhaustiveness 16 --cnn_scoring none --out docking/inhibidores/SRC_P_EGFR_111_L_EGFR.pdbqt --log docking/inhibidores/SRC_P_EGFR_111_L_EGFR.log
Using random seed: 1991446912

mode |  affinity  |  intramol  |    CNN     |   CNN
     | (kcal/mol) | (kcal/mol) | pose score | affinity
-----+------------+------------+------------+----------
    1      -10.63       -0.90      -1.0000      0.000
    2      -10.57       -0.70      -1.0000      0.000
    3      -10.13       -0.93      -1.0000      0.000
    4      -10.11       -0.74      -1.0000      0.000
    5       -9.98       -0.03      -1.0000      0.000
    6       -9.87       -0.59      -1.0000      0.000
    7       -9.68       -0.28      -1.0000      0.000
    8       -9.63       -0.67      -1.0000      0.000
    9       -9.61       -0.73      -1.0000      0.000
