              _             
             (_)            
   __ _ _ __  _ _ __   __ _ 
  / _` | '_ \| | '_ \ / _` |
 | (_| | | | | | | | | (_| |
  \__, |_| |_|_|_| |_|\__,_|
   __/ |                    
  |___/                     

gnina v1.3 master:97fa6bc+   Built Oct  3 2024.
gnina is based on smina and AutoDock Vina.
Please cite appropriately.

Commandline: gnina --receptor Proteinas_preparadas/STAT3.pdbqt --ligand Inhibidores/Targets/EGFR_STAT3/SRC_P_EGFR_STAT3_86.pdbqt --autobox_ligand Compuestos_preparados/STAT3.pdbqt --autobox_add 18 --exhaustiveness 16 --out docking/inhibidores/SRC_P_EGFR_STAT3_86_L_STAT3.pdbqt --log docking/inhibidores/SRC_P_EGFR_STAT3_86_L_STAT3.log
Using random seed: 1621801696

mode |  affinity  |  intramol  |    CNN     |   CNN
     | (kcal/mol) | (kcal/mol) | pose score | affinity
-----+------------+------------+------------+----------
    1       -6.42       -1.35       0.7882      7.184
    2       -6.12       -1.84       0.5456      6.331
    3       -6.79       -1.34       0.4851      6.583
    4       -6.36       -1.34       0.3914      6.177
    5       -6.34       -1.50       0.3864      6.323
    6       -6.85       -1.52       0.3681      5.961
    7       -6.92       -1.49       0.3112      6.086
    8       -6.43       -2.05       0.2956      6.205
    9       -6.34       -1.47       0.2956      6.178
