              _             
             (_)            
   __ _ _ __  _ _ __   __ _ 
  / _` | '_ \| | '_ \ / _` |
 | (_| | | | | | | | | (_| |
  \__, |_| |_|_|_| |_|\__,_|
   __/ |                    
  |___/                     

gnina v1.3 master:97fa6bc+   Built Oct  3 2024.
gnina is based on smina and AutoDock Vina.
Please cite appropriately.

Commandline: gnina --receptor Proteinas_preparadas/EGFR.pdbqt --ligand Inhibidores/Targets/EGFR/SRC_P_EGFR_68.pdbqt --autobox_ligand Compuestos_preparados/EGFR.pdbqt --autobox_add 18 --exhaustiveness 16 --out docking/inhibidores/SRC_P_EGFR_68_L_EGFR.pdbqt --log docking/inhibidores/SRC_P_EGFR_68_L_EGFR.log
Using random seed: 668565720

mode |  affinity  |  intramol  |    CNN     |   CNN
     | (kcal/mol) | (kcal/mol) | pose score | affinity
-----+------------+------------+------------+----------
    1      -10.05       -0.81       0.7551      8.218
    2       -9.92       -0.87       0.6458      8.299
    3      -10.16       -0.80       0.5541      7.943
    4       -9.10       -1.06       0.5146      8.084
    5       -9.39       -0.57       0.5072      7.904
    6      -10.18        0.15       0.3876      8.092
    7      -10.90       -0.74       0.3212      7.944
    8       -8.93       -0.98       0.2139      7.532
    9       -8.78       -0.51       0.1906      7.590
