              _             
             (_)            
   __ _ _ __  _ _ __   __ _ 
  / _` | '_ \| | '_ \ / _` |
 | (_| | | | | | | | | (_| |
  \__, |_| |_|_|_| |_|\__,_|
   __/ |                    
  |___/                     

gnina v1.3 master:97fa6bc+   Built Oct  3 2024.
gnina is based on smina and AutoDock Vina.
Please cite appropriately.

Commandline: gnina --receptor Proteinas_preparadas/EGFR.pdbqt --ligand Inhibidores/Targets/EGFR/SRC_P_EGFR_61.pdbqt --autobox_ligand Compuestos_preparados/EGFR.pdbqt --autobox_add 18 --exhaustiveness 16 --out docking/inhibidores/SRC_P_EGFR_61_L_EGFR.pdbqt --log docking/inhibidores/SRC_P_EGFR_61_L_EGFR.log
Using random seed: -1390273424

mode |  affinity  |  intramol  |    CNN     |   CNN
     | (kcal/mol) | (kcal/mol) | pose score | affinity
-----+------------+------------+------------+----------
    1       -8.64       -0.87       0.8319      8.038
    2       -8.77        1.00       0.7475      7.548
    3       -8.66       -1.47       0.7418      7.858
    4       -8.51       -1.57       0.6401      7.603
    5       -8.04       -0.34       0.6119      7.539
    6       -9.12        0.50       0.5427      7.433
    7       -9.36        0.31       0.5399      7.415
    8       -8.97        0.50       0.5311      7.549
    9       -8.95       -0.82       0.4708      7.803
