              _             
             (_)            
   __ _ _ __  _ _ __   __ _ 
  / _` | '_ \| | '_ \ / _` |
 | (_| | | | | | | | | (_| |
  \__, |_| |_|_|_| |_|\__,_|
   __/ |                    
  |___/                     

gnina v1.3 master:97fa6bc+   Built Oct  3 2024.
gnina is based on smina and AutoDock Vina.
Please cite appropriately.

Commandline: gnina --receptor Proteinas_preparadas/EGFR.pdbqt --ligand Inhibidores/Targets/EGFR/SRC_P_EGFR_56.pdbqt --autobox_ligand Compuestos_preparados/EGFR.pdbqt --autobox_add 18 --exhaustiveness 16 --out docking/inhibidores/SRC_P_EGFR_56_L_EGFR.pdbqt --log docking/inhibidores/SRC_P_EGFR_56_L_EGFR.log
Using random seed: 2046728300

mode |  affinity  |  intramol  |    CNN     |   CNN
     | (kcal/mol) | (kcal/mol) | pose score | affinity
-----+------------+------------+------------+----------
    1      -10.43       -0.91       0.9322      7.653
    2       -9.60       -0.86       0.9031      7.570
    3      -10.63       -0.87       0.8913      7.667
    4       -9.59       -1.26       0.8144      7.909
    5      -10.56       -0.75       0.6292      7.210
    6       -9.72       -1.14       0.5012      7.312
    7       -9.83       -0.65       0.4679      7.306
    8       -9.01       -0.76       0.3922      7.082
    9       -8.69       -0.63       0.3538      6.827
