              _             
             (_)            
   __ _ _ __  _ _ __   __ _ 
  / _` | '_ \| | '_ \ / _` |
 | (_| | | | | | | | | (_| |
  \__, |_| |_|_|_| |_|\__,_|
   __/ |                    
  |___/                     

gnina v1.3 master:97fa6bc+   Built Oct  3 2024.
gnina is based on smina and AutoDock Vina.
Please cite appropriately.

Commandline: gnina --receptor Proteinas_preparadas/MAPK1.pdbqt --ligand Inhibidores/Targets/MAPK1/SRC_P_MAPK1_189.pdbqt --autobox_ligand Compuestos_preparados/MAPK1.pdbqt --autobox_add 18 --exhaustiveness 16 --cnn_scoring none --out docking/inhibidores/SRC_P_MAPK1_189_L_MAPK1.pdbqt --log docking/inhibidores/SRC_P_MAPK1_189_L_MAPK1.log
Using random seed: -1422218251

mode |  affinity  |  intramol  |    CNN     |   CNN
     | (kcal/mol) | (kcal/mol) | pose score | affinity
-----+------------+------------+------------+----------
    1       -8.78        0.36      -1.0000      0.000
    2       -8.74       -0.83      -1.0000      0.000
    3       -8.67       -1.03      -1.0000      0.000
    4       -8.58       -0.79      -1.0000      0.000
    5       -8.56       -1.31      -1.0000      0.000
    6       -8.46       -1.03      -1.0000      0.000
    7       -8.28       -1.05      -1.0000      0.000
    8       -8.12       -1.02      -1.0000      0.000
    9       -8.06       -0.40      -1.0000      0.000
