              _             
             (_)            
   __ _ _ __  _ _ __   __ _ 
  / _` | '_ \| | '_ \ / _` |
 | (_| | | | | | | | | (_| |
  \__, |_| |_|_|_| |_|\__,_|
   __/ |                    
  |___/                     

gnina v1.3 master:97fa6bc+   Built Oct  3 2024.
gnina is based on smina and AutoDock Vina.
Please cite appropriately.

Commandline: gnina --receptor Proteinas_preparadas/EGFR.pdbqt --ligand Inhibidores/Targets/EGFR/SRC_P_EGFR_118.pdbqt --autobox_ligand Compuestos_preparados/EGFR.pdbqt --autobox_add 18 --exhaustiveness 16 --cnn_scoring none --out docking/inhibidores/SRC_P_EGFR_118_L_EGFR.pdbqt --log docking/inhibidores/SRC_P_EGFR_118_L_EGFR.log
Using random seed: 894368128

mode |  affinity  |  intramol  |    CNN     |   CNN
     | (kcal/mol) | (kcal/mol) | pose score | affinity
-----+------------+------------+------------+----------
    1      -10.48        1.00      -1.0000      0.000
    2      -10.30        1.35      -1.0000      0.000
    3      -10.23       -0.95      -1.0000      0.000
    4      -10.21       -0.44      -1.0000      0.000
    5      -10.14       -0.51      -1.0000      0.000
    6      -10.07        1.01      -1.0000      0.000
    7      -10.06        0.45      -1.0000      0.000
    8       -9.97       -0.98      -1.0000      0.000
    9       -9.95       -1.05      -1.0000      0.000
