              _             
             (_)            
   __ _ _ __  _ _ __   __ _ 
  / _` | '_ \| | '_ \ / _` |
 | (_| | | | | | | | | (_| |
  \__, |_| |_|_|_| |_|\__,_|
   __/ |                    
  |___/                     

gnina v1.3 master:97fa6bc+   Built Oct  3 2024.
gnina is based on smina and AutoDock Vina.
Please cite appropriately.

Commandline: gnina --receptor Proteinas_preparadas/MAPK1.pdbqt --ligand Inhibidores/Targets/MAPK1/SRC_P_MAPK1_124.pdbqt --autobox_ligand Compuestos_preparados/MAPK1.pdbqt --autobox_add 18 --exhaustiveness 16 --out docking/inhibidores/SRC_P_MAPK1_124_L_MAPK1.pdbqt --log docking/inhibidores/SRC_P_MAPK1_124_L_MAPK1.log
Using random seed: 1958414346

mode |  affinity  |  intramol  |    CNN     |   CNN
     | (kcal/mol) | (kcal/mol) | pose score | affinity
-----+------------+------------+------------+----------
    1       -9.97       -1.71       0.8702      8.178
    2       -9.20       -1.66       0.2579      7.297
    3       -9.42       -2.42       0.2549      7.432
    4       -8.13       -0.74       0.2248      6.910
    5       -8.55       -1.32       0.1787      7.055
    6       -9.25       -1.73       0.1742      6.991
    7       -9.36       -0.90       0.1674      7.205
    8       -7.87       -1.16       0.1549      6.641
    9       -9.76       -2.07       0.1395      7.432
