              _             
             (_)            
   __ _ _ __  _ _ __   __ _ 
  / _` | '_ \| | '_ \ / _` |
 | (_| | | | | | | | | (_| |
  \__, |_| |_|_|_| |_|\__,_|
   __/ |                    
  |___/                     

gnina v1.3 master:97fa6bc+   Built Oct  3 2024.
gnina is based on smina and AutoDock Vina.
Please cite appropriately.

Commandline: gnina --receptor Proteinas_preparadas/EGFR.pdbqt --ligand Inhibidores/Targets/EGFR/SRC_P_EGFR_67.pdbqt --autobox_ligand Compuestos_preparados/EGFR.pdbqt --autobox_add 18 --exhaustiveness 16 --out docking/inhibidores/SRC_P_EGFR_67_L_EGFR.pdbqt --log docking/inhibidores/SRC_P_EGFR_67_L_EGFR.log
Using random seed: -980905606

mode |  affinity  |  intramol  |    CNN     |   CNN
     | (kcal/mol) | (kcal/mol) | pose score | affinity
-----+------------+------------+------------+----------
    1       -6.39       -1.04       0.4709      6.014
    2       -7.69       -0.97       0.4081      6.744
    3       -8.97       -0.35       0.4058      7.110
    4       -7.40        0.44       0.3965      6.801
    5       -9.49       -0.67       0.3249      6.965
    6       -7.90       -0.25       0.2827      6.552
    7       -8.57       -0.70       0.2360      6.814
    8       -9.42       -0.73       0.2254      6.646
    9       -8.83       -0.80       0.2164      6.172
