              _             
             (_)            
   __ _ _ __  _ _ __   __ _ 
  / _` | '_ \| | '_ \ / _` |
 | (_| | | | | | | | | (_| |
  \__, |_| |_|_|_| |_|\__,_|
   __/ |                    
  |___/                     

gnina v1.3 master:97fa6bc+   Built Oct  3 2024.
gnina is based on smina and AutoDock Vina.
Please cite appropriately.

Commandline: gnina --receptor Proteinas_preparadas/EGFR.pdbqt --ligand Inhibidores/Targets/EGFR/SRC_P_EGFR_148.pdbqt --autobox_ligand Compuestos_preparados/EGFR.pdbqt --autobox_add 18 --exhaustiveness 16 --cnn_scoring none --out docking/inhibidores/SRC_P_EGFR_148_L_EGFR.pdbqt --log docking/inhibidores/SRC_P_EGFR_148_L_EGFR.log
Using random seed: 852368633

mode |  affinity  |  intramol  |    CNN     |   CNN
     | (kcal/mol) | (kcal/mol) | pose score | affinity
-----+------------+------------+------------+----------
    1       -9.58       -0.80      -1.0000      0.000
    2       -9.38        0.92      -1.0000      0.000
    3       -9.26        0.86      -1.0000      0.000
    4       -9.19       -0.22      -1.0000      0.000
    5       -9.18        0.15      -1.0000      0.000
    6       -9.14       -0.38      -1.0000      0.000
    7       -9.08       -0.50      -1.0000      0.000
    8       -9.04       -0.48      -1.0000      0.000
    9       -9.04        0.12      -1.0000      0.000
