              _             
             (_)            
   __ _ _ __  _ _ __   __ _ 
  / _` | '_ \| | '_ \ / _` |
 | (_| | | | | | | | | (_| |
  \__, |_| |_|_|_| |_|\__,_|
   __/ |                    
  |___/                     

gnina v1.3 master:97fa6bc+   Built Oct  3 2024.
gnina is based on smina and AutoDock Vina.
Please cite appropriately.

Commandline: gnina --receptor Proteinas_preparadas/EGFR.pdbqt --ligand Inhibidores/Targets/EGFR/SRC_P_EGFR_121.pdbqt --autobox_ligand Compuestos_preparados/EGFR.pdbqt --autobox_add 18 --exhaustiveness 16 --cnn_scoring none --out docking/inhibidores/SRC_P_EGFR_121_L_EGFR.pdbqt --log docking/inhibidores/SRC_P_EGFR_121_L_EGFR.log
Using random seed: 1622988531

mode |  affinity  |  intramol  |    CNN     |   CNN
     | (kcal/mol) | (kcal/mol) | pose score | affinity
-----+------------+------------+------------+----------
    1       -9.34        0.46      -1.0000      0.000
    2       -9.30       -1.38      -1.0000      0.000
    3       -9.17        0.44      -1.0000      0.000
    4       -9.15        0.46      -1.0000      0.000
    5       -9.15        0.30      -1.0000      0.000
    6       -9.11       -1.12      -1.0000      0.000
    7       -9.09        0.15      -1.0000      0.000
    8       -8.97       -0.82      -1.0000      0.000
    9       -8.87        0.22      -1.0000      0.000
