              _             
             (_)            
   __ _ _ __  _ _ __   __ _ 
  / _` | '_ \| | '_ \ / _` |
 | (_| | | | | | | | | (_| |
  \__, |_| |_|_|_| |_|\__,_|
   __/ |                    
  |___/                     

gnina v1.3 master:97fa6bc+   Built Oct  3 2024.
gnina is based on smina and AutoDock Vina.
Please cite appropriately.

Commandline: gnina --receptor Proteinas_preparadas/EGFR.pdbqt --ligand Inhibidores/Targets/EGFR/SRC_P_EGFR_114.pdbqt --autobox_ligand Compuestos_preparados/EGFR.pdbqt --autobox_add 18 --exhaustiveness 16 --cnn_scoring none --out docking/inhibidores/SRC_P_EGFR_114_L_EGFR.pdbqt --log docking/inhibidores/SRC_P_EGFR_114_L_EGFR.log
Using random seed: -1641270968

mode |  affinity  |  intramol  |    CNN     |   CNN
     | (kcal/mol) | (kcal/mol) | pose score | affinity
-----+------------+------------+------------+----------
    1       -7.76       -0.90      -1.0000      0.000
    2       -7.72       -0.82      -1.0000      0.000
    3       -7.57       -0.87      -1.0000      0.000
    4       -7.57       -0.68      -1.0000      0.000
    5       -7.55       -0.77      -1.0000      0.000
    6       -7.48       -0.71      -1.0000      0.000
    7       -7.47        1.48      -1.0000      0.000
    8       -7.46       -1.57      -1.0000      0.000
    9       -7.46       -0.37      -1.0000      0.000
