              _             
             (_)            
   __ _ _ __  _ _ __   __ _ 
  / _` | '_ \| | '_ \ / _` |
 | (_| | | | | | | | | (_| |
  \__, |_| |_|_|_| |_|\__,_|
   __/ |                    
  |___/                     

gnina v1.3 master:97fa6bc+   Built Oct  3 2024.
gnina is based on smina and AutoDock Vina.
Please cite appropriately.

Commandline: gnina --receptor Proteinas_preparadas/EGFR.pdbqt --ligand Inhibidores/Targets/EGFR/SRC_P_EGFR_79.pdbqt --autobox_ligand Compuestos_preparados/EGFR.pdbqt --autobox_add 18 --exhaustiveness 16 --out docking/inhibidores/SRC_P_EGFR_79_L_EGFR.pdbqt --log docking/inhibidores/SRC_P_EGFR_79_L_EGFR.log
Using random seed: 1903580745

mode |  affinity  |  intramol  |    CNN     |   CNN
     | (kcal/mol) | (kcal/mol) | pose score | affinity
-----+------------+------------+------------+----------
    1       -9.86        0.10       0.6256      7.475
    2      -10.31       -0.71       0.5196      7.763
    3      -10.41       -0.40       0.2778      7.409
    4       -9.72        0.01       0.2775      7.210
    5       -9.00       -0.01       0.2682      7.231
    6       -9.33        0.43       0.2438      7.256
    7      -10.72        0.57       0.2248      7.189
    8       -8.94        0.48       0.1823      7.048
    9       -9.85       -0.24       0.1485      7.155
