              _             
             (_)            
   __ _ _ __  _ _ __   __ _ 
  / _` | '_ \| | '_ \ / _` |
 | (_| | | | | | | | | (_| |
  \__, |_| |_|_|_| |_|\__,_|
   __/ |                    
  |___/                     

gnina v1.3 master:97fa6bc+   Built Oct  3 2024.
gnina is based on smina and AutoDock Vina.
Please cite appropriately.

Commandline: gnina --receptor Proteinas_preparadas/EGFR.pdbqt --ligand Inhibidores/Targets/EGFR/SRC_P_EGFR_98.pdbqt --autobox_ligand Compuestos_preparados/EGFR.pdbqt --autobox_add 18 --exhaustiveness 16 --cnn_scoring none --out docking/inhibidores/SRC_P_EGFR_98_L_EGFR.pdbqt --log docking/inhibidores/SRC_P_EGFR_98_L_EGFR.log
Using random seed: -200569443

mode |  affinity  |  intramol  |    CNN     |   CNN
     | (kcal/mol) | (kcal/mol) | pose score | affinity
-----+------------+------------+------------+----------
    1       -8.68       -1.00      -1.0000      0.000
    2       -8.66       -0.62      -1.0000      0.000
    3       -8.60        0.38      -1.0000      0.000
    4       -8.53       -0.64      -1.0000      0.000
    5       -8.44        0.35      -1.0000      0.000
    6       -8.36       -0.71      -1.0000      0.000
    7       -8.28       -0.81      -1.0000      0.000
    8       -8.20       -0.42      -1.0000      0.000
    9       -8.17       -1.24      -1.0000      0.000
