              _             
             (_)            
   __ _ _ __  _ _ __   __ _ 
  / _` | '_ \| | '_ \ / _` |
 | (_| | | | | | | | | (_| |
  \__, |_| |_|_|_| |_|\__,_|
   __/ |                    
  |___/                     

gnina v1.3 master:97fa6bc+   Built Oct  3 2024.
gnina is based on smina and AutoDock Vina.
Please cite appropriately.

Commandline: gnina --receptor Proteinas_preparadas/MAPK1.pdbqt --ligand Inhibidores/Targets/MAPK1/SRC_P_MAPK1_119.pdbqt --autobox_ligand Compuestos_preparados/MAPK1.pdbqt --autobox_add 18 --exhaustiveness 16 --out docking/inhibidores/SRC_P_MAPK1_119_L_MAPK1.pdbqt --log docking/inhibidores/SRC_P_MAPK1_119_L_MAPK1.log
Using random seed: -38357537

mode |  affinity  |  intramol  |    CNN     |   CNN
     | (kcal/mol) | (kcal/mol) | pose score | affinity
-----+------------+------------+------------+----------
    1       -7.38       -0.63       0.3310      6.056
    2       -9.67       -0.07       0.3044      7.261
    3       -9.60       -1.23       0.1563      6.987
    4       -9.52       -0.46       0.1410      6.820
    5       -8.10       -0.51       0.1198      5.941
    6       -7.81       -0.04       0.1136      6.037
    7       -7.33       -1.55       0.1104      5.842
    8       -7.32       -1.21       0.1088      5.685
    9       -7.68       -0.69       0.1044      5.616
