              _             
             (_)            
   __ _ _ __  _ _ __   __ _ 
  / _` | '_ \| | '_ \ / _` |
 | (_| | | | | | | | | (_| |
  \__, |_| |_|_|_| |_|\__,_|
   __/ |                    
  |___/                     

gnina v1.3 master:97fa6bc+   Built Oct  3 2024.
gnina is based on smina and AutoDock Vina.
Please cite appropriately.

Commandline: gnina --receptor Proteinas_preparadas/EGFR.pdbqt --ligand Inhibidores/Targets/EGFR/SRC_P_EGFR_112.pdbqt --autobox_ligand Compuestos_preparados/EGFR.pdbqt --autobox_add 18 --exhaustiveness 16 --cnn_scoring none --out docking/inhibidores/SRC_P_EGFR_112_L_EGFR.pdbqt --log docking/inhibidores/SRC_P_EGFR_112_L_EGFR.log
Using random seed: -1248127578

mode |  affinity  |  intramol  |    CNN     |   CNN
     | (kcal/mol) | (kcal/mol) | pose score | affinity
-----+------------+------------+------------+----------
    1      -10.08       -0.76      -1.0000      0.000
    2      -10.02       -0.12      -1.0000      0.000
    3       -9.83       -0.74      -1.0000      0.000
    4       -9.81       -0.08      -1.0000      0.000
    5       -9.68       -0.08      -1.0000      0.000
    6       -9.54       -0.58      -1.0000      0.000
    7       -9.43       -0.17      -1.0000      0.000
    8       -9.37       -0.71      -1.0000      0.000
    9       -9.29       -0.84      -1.0000      0.000
