              _             
             (_)            
   __ _ _ __  _ _ __   __ _ 
  / _` | '_ \| | '_ \ / _` |
 | (_| | | | | | | | | (_| |
  \__, |_| |_|_|_| |_|\__,_|
   __/ |                    
  |___/                     

gnina v1.3 master:97fa6bc+   Built Oct  3 2024.
gnina is based on smina and AutoDock Vina.
Please cite appropriately.

Commandline: gnina --receptor Proteinas_preparadas/EGFR.pdbqt --ligand Inhibidores/Targets/EGFR/SRC_P_EGFR_41.pdbqt --autobox_ligand Compuestos_preparados/EGFR.pdbqt --autobox_add 18 --exhaustiveness 16 --out docking/inhibidores/SRC_P_EGFR_41_L_EGFR.pdbqt --log docking/inhibidores/SRC_P_EGFR_41_L_EGFR.log
Using random seed: 915472032

mode |  affinity  |  intramol  |    CNN     |   CNN
     | (kcal/mol) | (kcal/mol) | pose score | affinity
-----+------------+------------+------------+----------
    1       -8.31        0.05       0.3893      6.501
    2       -8.35       -1.13       0.1675      6.331
    3      -10.08        0.31       0.1256      7.167
    4       -9.59       -0.58       0.1012      7.030
    5       -8.61       -0.32       0.0937      5.948
    6       -8.66       -1.13       0.0859      5.976
    7       -9.47       -0.64       0.0857      7.160
    8       -9.83       -0.43       0.0701      6.909
    9       -8.68       -0.52       0.0697      5.329
