              _             
             (_)            
   __ _ _ __  _ _ __   __ _ 
  / _` | '_ \| | '_ \ / _` |
 | (_| | | | | | | | | (_| |
  \__, |_| |_|_|_| |_|\__,_|
   __/ |                    
  |___/                     

gnina v1.3 master:97fa6bc+   Built Oct  3 2024.
gnina is based on smina and AutoDock Vina.
Please cite appropriately.

Commandline: gnina --receptor Proteinas_preparadas/MAPK1.pdbqt --ligand Inhibidores/Targets/MAPK1/SRC_P_MAPK1_108.pdbqt --autobox_ligand Compuestos_preparados/MAPK1.pdbqt --autobox_add 18 --exhaustiveness 16 --out docking/inhibidores/SRC_P_MAPK1_108_L_MAPK1.pdbqt --log docking/inhibidores/SRC_P_MAPK1_108_L_MAPK1.log
Using random seed: 1347370020

mode |  affinity  |  intramol  |    CNN     |   CNN
     | (kcal/mol) | (kcal/mol) | pose score | affinity
-----+------------+------------+------------+----------
    1       -9.50       -1.62       0.3676      7.522
    2       -9.68       -1.71       0.3328      7.632
    3       -7.75       -1.29       0.3320      6.062
    4       -8.76       -1.08       0.2570      7.426
    5       -8.25       -1.33       0.1826      7.045
    6       -7.15       -1.13       0.1716      5.740
    7       -8.70       -1.61       0.1657      7.064
    8       -9.39       -0.80       0.1443      7.165
    9       -8.02       -1.27       0.1431      6.549
