              _             
             (_)            
   __ _ _ __  _ _ __   __ _ 
  / _` | '_ \| | '_ \ / _` |
 | (_| | | | | | | | | (_| |
  \__, |_| |_|_|_| |_|\__,_|
   __/ |                    
  |___/                     

gnina v1.3 master:97fa6bc+   Built Oct  3 2024.
gnina is based on smina and AutoDock Vina.
Please cite appropriately.

Commandline: gnina --receptor Proteinas_preparadas/STAT3.pdbqt --ligand Bases_conjuntas/Targets/EGFR_STAT3/EGFR_STAT3_591.pdbqt --autobox_ligand Compuestos_preparados/STAT3.pdbqt --autobox_add 18 --exhaustiveness 16 --cnn_scoring none --out docking/bases_conjuntas/EGFR_STAT3_591_L_STAT3.pdbqt --log docking/bases_conjuntas/EGFR_STAT3_591_L_STAT3.log
Using random seed: -815608435

mode |  affinity  |  intramol  |    CNN     |   CNN
     | (kcal/mol) | (kcal/mol) | pose score | affinity
-----+------------+------------+------------+----------
    1       -5.41       -0.88      -1.0000      0.000
    2       -5.40       -0.73      -1.0000      0.000
    3       -5.22       -0.93      -1.0000      0.000
    4       -5.13        0.40      -1.0000      0.000
    5       -4.98       -0.75      -1.0000      0.000
    6       -4.97       -0.90      -1.0000      0.000
    7       -4.90       -1.12      -1.0000      0.000
    8       -4.83       -0.87      -1.0000      0.000
    9       -4.82       -0.90      -1.0000      0.000
