              _             
             (_)            
   __ _ _ __  _ _ __   __ _ 
  / _` | '_ \| | '_ \ / _` |
 | (_| | | | | | | | | (_| |
  \__, |_| |_|_|_| |_|\__,_|
   __/ |                    
  |___/                     

gnina v1.3 master:97fa6bc+   Built Oct  3 2024.
gnina is based on smina and AutoDock Vina.
Please cite appropriately.

Commandline: gnina --receptor Proteinas_preparadas/EGFR.pdbqt --ligand Bases_conjuntas/Targets/EGFR_MAPK1/EGFR_MAPK1_165.pdbqt --autobox_ligand Compuestos_preparados/EGFR.pdbqt --autobox_add 18 --exhaustiveness 16 --out docking/bases_conjuntas/EGFR_MAPK1_165_L_EGFR.pdbqt --log docking/bases_conjuntas/EGFR_MAPK1_165_L_EGFR.log
Using random seed: -1625185918

mode |  affinity  |  intramol  |    CNN     |   CNN
     | (kcal/mol) | (kcal/mol) | pose score | affinity
-----+------------+------------+------------+----------
    1       -7.36       -1.16       0.5322      7.707
    2       -7.51       -0.45       0.4723      7.501
    3       -8.41        0.18       0.4570      7.192
    4       -8.70        0.70       0.4489      6.441
    5       -7.84        0.42       0.4025      7.123
    6       -7.36       -0.85       0.3994      6.485
    7       -7.33        2.11       0.3629      6.913
    8       -8.46        0.44       0.3513      7.173
    9       -7.08        8.81       0.3328      6.376
