              _             
             (_)            
   __ _ _ __  _ _ __   __ _ 
  / _` | '_ \| | '_ \ / _` |
 | (_| | | | | | | | | (_| |
  \__, |_| |_|_|_| |_|\__,_|
   __/ |                    
  |___/                     

gnina v1.3 master:97fa6bc+   Built Oct  3 2024.
gnina is based on smina and AutoDock Vina.
Please cite appropriately.

Commandline: gnina --receptor Proteinas_preparadas/EGFR.pdbqt --ligand Bases_conjuntas/Targets/EGFR_MAPK1/EGFR_MAPK1_880.pdbqt --autobox_ligand Compuestos_preparados/EGFR.pdbqt --autobox_add 18 --exhaustiveness 16 --out docking/bases_conjuntas/EGFR_MAPK1_880_L_EGFR.pdbqt --log docking/bases_conjuntas/EGFR_MAPK1_880_L_EGFR.log
Using random seed: 249485423

mode |  affinity  |  intramol  |    CNN     |   CNN
     | (kcal/mol) | (kcal/mol) | pose score | affinity
-----+------------+------------+------------+----------
    1       -8.87       -1.33       0.8547      7.880
    2       -8.47       -1.25       0.7889      7.862
    3       -8.35       -0.44       0.6293      7.677
    4       -8.49       -0.85       0.6122      6.619
    5       -8.78       -1.17       0.5389      6.681
    6       -9.65       -0.27       0.5318      7.359
    7      -10.00       -0.53       0.4526      7.495
    8       -7.85       -1.17       0.4515      6.968
    9       -9.58       -0.77       0.4431      7.396
