              _             
             (_)            
   __ _ _ __  _ _ __   __ _ 
  / _` | '_ \| | '_ \ / _` |
 | (_| | | | | | | | | (_| |
  \__, |_| |_|_|_| |_|\__,_|
   __/ |                    
  |___/                     

gnina v1.3 master:97fa6bc+   Built Oct  3 2024.
gnina is based on smina and AutoDock Vina.
Please cite appropriately.

Commandline: gnina --receptor Proteinas_preparadas/EGFR.pdbqt --ligand Bases_conjuntas/Targets/EGFR_MAPK1/EGFR_MAPK1_305.pdbqt --autobox_ligand Compuestos_preparados/EGFR.pdbqt --autobox_add 18 --exhaustiveness 16 --cnn_scoring none --out docking/bases_conjuntas/EGFR_MAPK1_305_L_EGFR.pdbqt --log docking/bases_conjuntas/EGFR_MAPK1_305_L_EGFR.log
Using random seed: 426024028

mode |  affinity  |  intramol  |    CNN     |   CNN
     | (kcal/mol) | (kcal/mol) | pose score | affinity
-----+------------+------------+------------+----------
    1       -9.55        0.18      -1.0000      0.000
    2       -9.21       -0.83      -1.0000      0.000
    3       -9.20       -0.37      -1.0000      0.000
    4       -9.14       -0.69      -1.0000      0.000
    5       -9.09        0.17      -1.0000      0.000
    6       -9.00       -0.23      -1.0000      0.000
    7       -8.99        0.49      -1.0000      0.000
    8       -8.84       -1.17      -1.0000      0.000
    9       -8.69       -1.01      -1.0000      0.000
