              _             
             (_)            
   __ _ _ __  _ _ __   __ _ 
  / _` | '_ \| | '_ \ / _` |
 | (_| | | | | | | | | (_| |
  \__, |_| |_|_|_| |_|\__,_|
   __/ |                    
  |___/                     

gnina v1.3 master:97fa6bc+   Built Oct  3 2024.
gnina is based on smina and AutoDock Vina.
Please cite appropriately.

Commandline: gnina --receptor Proteinas_preparadas/EGFR.pdbqt --ligand Bases_conjuntas/Targets/EGFR_MAPK1/EGFR_MAPK1_325.pdbqt --autobox_ligand Compuestos_preparados/EGFR.pdbqt --autobox_add 18 --exhaustiveness 16 --cnn_scoring none --out docking/bases_conjuntas/EGFR_MAPK1_325_L_EGFR.pdbqt --log docking/bases_conjuntas/EGFR_MAPK1_325_L_EGFR.log
Using random seed: -1309088392

mode |  affinity  |  intramol  |    CNN     |   CNN
     | (kcal/mol) | (kcal/mol) | pose score | affinity
-----+------------+------------+------------+----------
    1       -9.54        0.05      -1.0000      0.000
    2       -9.47       -0.35      -1.0000      0.000
    3       -9.27        0.16      -1.0000      0.000
    4       -9.07       -0.15      -1.0000      0.000
    5       -9.01       -0.49      -1.0000      0.000
    6       -8.91       -0.59      -1.0000      0.000
    7       -8.66       -1.16      -1.0000      0.000
    8       -8.56       -0.86      -1.0000      0.000
    9       -8.42       -0.19      -1.0000      0.000
