              _             
             (_)            
   __ _ _ __  _ _ __   __ _ 
  / _` | '_ \| | '_ \ / _` |
 | (_| | | | | | | | | (_| |
  \__, |_| |_|_|_| |_|\__,_|
   __/ |                    
  |___/                     

gnina v1.3 master:97fa6bc+   Built Oct  3 2024.
gnina is based on smina and AutoDock Vina.
Please cite appropriately.

Commandline: gnina --receptor Proteinas_preparadas/EGFR.pdbqt --ligand Bases_conjuntas/Targets/EGFR_MAPK1/EGFR_MAPK1_772.pdbqt --autobox_ligand Compuestos_preparados/EGFR.pdbqt --autobox_add 18 --exhaustiveness 16 --out docking/bases_conjuntas/EGFR_MAPK1_772_L_EGFR.pdbqt --log docking/bases_conjuntas/EGFR_MAPK1_772_L_EGFR.log
Using random seed: -1294696616

mode |  affinity  |  intramol  |    CNN     |   CNN
     | (kcal/mol) | (kcal/mol) | pose score | affinity
-----+------------+------------+------------+----------
    1       -7.99       -0.46       0.4954      5.724
    2       -7.71       -0.55       0.3295      5.944
    3       -9.27        0.01       0.3248      6.425
    4       -7.51       -0.74       0.2859      6.243
    5       -7.71       -1.32       0.2345      5.940
    6       -8.62        0.00       0.2300      5.964
    7       -8.06       -0.92       0.2117      5.887
    8       -7.88       -1.21       0.2008      6.057
    9       -8.58        0.15       0.1860      6.874
