              _             
             (_)            
   __ _ _ __  _ _ __   __ _ 
  / _` | '_ \| | '_ \ / _` |
 | (_| | | | | | | | | (_| |
  \__, |_| |_|_|_| |_|\__,_|
   __/ |                    
  |___/                     

gnina v1.3 master:97fa6bc+   Built Oct  3 2024.
gnina is based on smina and AutoDock Vina.
Please cite appropriately.

Commandline: gnina --receptor Proteinas_preparadas/MAPK1.pdbqt --ligand Bases_conjuntas/Targets/EGFR_MAPK1/EGFR_MAPK1_546.pdbqt --autobox_ligand Compuestos_preparados/MAPK1.pdbqt --autobox_add 18 --exhaustiveness 16 --out docking/bases_conjuntas/EGFR_MAPK1_546_L_MAPK1.pdbqt --log docking/bases_conjuntas/EGFR_MAPK1_546_L_MAPK1.log
Using random seed: -944610746

mode |  affinity  |  intramol  |    CNN     |   CNN
     | (kcal/mol) | (kcal/mol) | pose score | affinity
-----+------------+------------+------------+----------
    1       -7.47       -0.10       0.5020      7.611
    2       -7.71        2.58       0.4243      6.857
    3       -7.66       -2.12       0.2877      6.289
    4       -7.86       -0.85       0.2312      6.591
    5       -7.75        1.18       0.2252      6.464
    6       -7.56       -0.16       0.2251      6.517
    7       -7.39        0.07       0.2092      6.110
    8       -7.52       -1.30       0.2053      5.972
    9       -7.00       -1.33       0.1936      5.942
