              _             
             (_)            
   __ _ _ __  _ _ __   __ _ 
  / _` | '_ \| | '_ \ / _` |
 | (_| | | | | | | | | (_| |
  \__, |_| |_|_|_| |_|\__,_|
   __/ |                    
  |___/                     

gnina v1.3 master:97fa6bc+   Built Oct  3 2024.
gnina is based on smina and AutoDock Vina.
Please cite appropriately.

Commandline: gnina --receptor Proteinas_preparadas/MAPK1.pdbqt --ligand Bases_conjuntas/Targets/EGFR_MAPK1/EGFR_MAPK1_581.pdbqt --autobox_ligand Compuestos_preparados/MAPK1.pdbqt --autobox_add 18 --exhaustiveness 16 --out docking/bases_conjuntas/EGFR_MAPK1_581_L_MAPK1.pdbqt --log docking/bases_conjuntas/EGFR_MAPK1_581_L_MAPK1.log
Using random seed: 1782706612

mode |  affinity  |  intramol  |    CNN     |   CNN
     | (kcal/mol) | (kcal/mol) | pose score | affinity
-----+------------+------------+------------+----------
    1       -8.04        2.43       0.6001      7.477
    2       -8.21       -0.21       0.4725      6.964
    3       -8.10        0.13       0.4086      7.167
    4       -8.52       -0.44       0.3893      7.304
    5       -9.41        3.19       0.3517      7.121
    6       -9.08       -0.91       0.3263      6.957
    7       -8.36       -0.35       0.2762      7.216
    8       -7.07       -1.27       0.2247      6.114
    9       -7.79       -0.67       0.1980      7.261
