              _             
             (_)            
   __ _ _ __  _ _ __   __ _ 
  / _` | '_ \| | '_ \ / _` |
 | (_| | | | | | | | | (_| |
  \__, |_| |_|_|_| |_|\__,_|
   __/ |                    
  |___/                     

gnina v1.3 master:97fa6bc+   Built Oct  3 2024.
gnina is based on smina and AutoDock Vina.
Please cite appropriately.

Commandline: gnina --receptor Proteinas_preparadas/EGFR.pdbqt --ligand Bases_conjuntas/Targets/EGFR_MAPK1/EGFR_MAPK1_486.pdbqt --autobox_ligand Compuestos_preparados/EGFR.pdbqt --autobox_add 18 --exhaustiveness 16 --out docking/bases_conjuntas/EGFR_MAPK1_486_L_EGFR.pdbqt --log docking/bases_conjuntas/EGFR_MAPK1_486_L_EGFR.log
Using random seed: 1230654264

mode |  affinity  |  intramol  |    CNN     |   CNN
     | (kcal/mol) | (kcal/mol) | pose score | affinity
-----+------------+------------+------------+----------
    1       -7.26       -0.01       0.7156      7.336
    2       -7.85       -0.72       0.6040      6.297
    3       -8.37        1.00       0.5545      7.305
    4       -8.05        0.02       0.5392      7.269
    5       -9.35       -0.86       0.4217      7.146
    6       -7.44        0.33       0.4114      6.091
    7       -9.03       -0.81       0.4013      6.889
    8       -7.78        0.23       0.3674      6.942
    9       -8.83        0.76       0.3320      6.901
