              _             
             (_)            
   __ _ _ __  _ _ __   __ _ 
  / _` | '_ \| | '_ \ / _` |
 | (_| | | | | | | | | (_| |
  \__, |_| |_|_|_| |_|\__,_|
   __/ |                    
  |___/                     

gnina v1.3 master:97fa6bc+   Built Oct  3 2024.
gnina is based on smina and AutoDock Vina.
Please cite appropriately.

Commandline: gnina --receptor Proteinas_preparadas/EGFR.pdbqt --ligand Bases_conjuntas/Targets/EGFR_STAT3/EGFR_STAT3_576.pdbqt --autobox_ligand Compuestos_preparados/EGFR.pdbqt --autobox_add 18 --exhaustiveness 16 --cnn_scoring none --out docking/bases_conjuntas/EGFR_STAT3_576_L_EGFR.pdbqt --log docking/bases_conjuntas/EGFR_STAT3_576_L_EGFR.log
Using random seed: -1733664012

mode |  affinity  |  intramol  |    CNN     |   CNN
     | (kcal/mol) | (kcal/mol) | pose score | affinity
-----+------------+------------+------------+----------
    1       -9.80       -0.64      -1.0000      0.000
    2       -9.26        0.15      -1.0000      0.000
    3       -9.20       -0.46      -1.0000      0.000
    4       -9.16       -0.53      -1.0000      0.000
    5       -8.79       -0.59      -1.0000      0.000
    6       -8.74       -0.51      -1.0000      0.000
    7       -8.72        0.51      -1.0000      0.000
    8       -8.62       -0.59      -1.0000      0.000
    9       -8.60       -0.60      -1.0000      0.000
