              _             
             (_)            
   __ _ _ __  _ _ __   __ _ 
  / _` | '_ \| | '_ \ / _` |
 | (_| | | | | | | | | (_| |
  \__, |_| |_|_|_| |_|\__,_|
   __/ |                    
  |___/                     

gnina v1.3 master:97fa6bc+   Built Oct  3 2024.
gnina is based on smina and AutoDock Vina.
Please cite appropriately.

Commandline: gnina --receptor Proteinas_preparadas/EGFR.pdbqt --ligand Bases_conjuntas/Targets/EGFR_MAPK1/EGFR_MAPK1_941.pdbqt --autobox_ligand Compuestos_preparados/EGFR.pdbqt --autobox_add 18 --exhaustiveness 16 --out docking/bases_conjuntas/EGFR_MAPK1_941_L_EGFR.pdbqt --log docking/bases_conjuntas/EGFR_MAPK1_941_L_EGFR.log
Using random seed: -1485861255

mode |  affinity  |  intramol  |    CNN     |   CNN
     | (kcal/mol) | (kcal/mol) | pose score | affinity
-----+------------+------------+------------+----------
    1       -9.42        0.76       0.7905      5.670
    2       -8.31       -0.13       0.7857      6.110
    3       -9.29        0.32       0.7398      6.093
    4       -7.64       -0.00       0.7349      6.177
    5       -8.79       -0.61       0.6599      6.424
    6       -9.22        0.92       0.6460      6.663
    7       -9.20       -0.15       0.6345      6.052
    8       -9.05        0.73       0.6169      5.906
    9       -7.89       -0.08       0.5341      5.373
