              _             
             (_)            
   __ _ _ __  _ _ __   __ _ 
  / _` | '_ \| | '_ \ / _` |
 | (_| | | | | | | | | (_| |
  \__, |_| |_|_|_| |_|\__,_|
   __/ |                    
  |___/                     

gnina v1.3 master:97fa6bc+   Built Oct  3 2024.
gnina is based on smina and AutoDock Vina.
Please cite appropriately.

Commandline: gnina --receptor Proteinas_preparadas/EGFR.pdbqt --ligand Bases_conjuntas/Targets/EGFR_MAPK1/EGFR_MAPK1_1065.pdbqt --autobox_ligand Compuestos_preparados/EGFR.pdbqt --autobox_add 18 --exhaustiveness 16 --out docking/bases_conjuntas/EGFR_MAPK1_1065_L_EGFR.pdbqt --log docking/bases_conjuntas/EGFR_MAPK1_1065_L_EGFR.log
Using random seed: -232128916

mode |  affinity  |  intramol  |    CNN     |   CNN
     | (kcal/mol) | (kcal/mol) | pose score | affinity
-----+------------+------------+------------+----------
    1       -7.73       -0.92       0.4123      6.514
    2       -9.26       -0.95       0.3701      6.783
    3       -7.35       -0.78       0.3616      6.292
    4       -8.43       -0.77       0.3114      6.646
    5       -8.33       -1.10       0.2981      6.365
    6       -8.03       -1.33       0.2886      6.372
    7       -7.50       -0.94       0.2796      5.887
    8       -7.50       -0.48       0.2723      6.155
    9       -7.69       -0.56       0.2715      6.622
