              _             
             (_)            
   __ _ _ __  _ _ __   __ _ 
  / _` | '_ \| | '_ \ / _` |
 | (_| | | | | | | | | (_| |
  \__, |_| |_|_|_| |_|\__,_|
   __/ |                    
  |___/                     

gnina v1.3 master:97fa6bc+   Built Oct  3 2024.
gnina is based on smina and AutoDock Vina.
Please cite appropriately.

Commandline: gnina --receptor Proteinas_preparadas/MAPK1.pdbqt --ligand Bases_conjuntas/Targets/EGFR_MAPK1/EGFR_MAPK1_340.pdbqt --autobox_ligand Compuestos_preparados/MAPK1.pdbqt --autobox_add 18 --exhaustiveness 16 --out docking/bases_conjuntas/EGFR_MAPK1_340_L_MAPK1.pdbqt --log docking/bases_conjuntas/EGFR_MAPK1_340_L_MAPK1.log
Using random seed: -1651789664

mode |  affinity  |  intramol  |    CNN     |   CNN
     | (kcal/mol) | (kcal/mol) | pose score | affinity
-----+------------+------------+------------+----------
    1       -8.67        3.57       0.5082      6.511
    2       -6.80       -0.05       0.4067      6.617
    3       -6.38        0.37       0.3552      6.218
    4       -6.66       -0.02       0.2965      6.196
    5       -7.23       -0.42       0.2701      6.292
    6       -6.78        0.20       0.2619      5.988
    7       -6.82       -0.42       0.2598      5.544
    8       -7.34       -0.41       0.2539      6.077
    9       -6.14        0.40       0.2470      5.934
