              _             
             (_)            
   __ _ _ __  _ _ __   __ _ 
  / _` | '_ \| | '_ \ / _` |
 | (_| | | | | | | | | (_| |
  \__, |_| |_|_|_| |_|\__,_|
   __/ |                    
  |___/                     

gnina v1.3 master:97fa6bc+   Built Oct  3 2024.
gnina is based on smina and AutoDock Vina.
Please cite appropriately.

Commandline: gnina --receptor Proteinas_preparadas/EGFR.pdbqt --ligand Bases_conjuntas/Targets/EGFR_MAPK1/EGFR_MAPK1_398.pdbqt --autobox_ligand Compuestos_preparados/EGFR.pdbqt --autobox_add 18 --exhaustiveness 16 --out docking/bases_conjuntas/EGFR_MAPK1_398_L_EGFR.pdbqt --log docking/bases_conjuntas/EGFR_MAPK1_398_L_EGFR.log
Using random seed: 1770452832

mode |  affinity  |  intramol  |    CNN     |   CNN
     | (kcal/mol) | (kcal/mol) | pose score | affinity
-----+------------+------------+------------+----------
    1       -9.74       -0.58       0.5720      7.346
    2       -7.12        0.03       0.5149      6.235
    3       -7.81       -0.48       0.4313      5.933
    4       -7.29       -0.74       0.3776      5.954
    5       -7.86       -0.31       0.3247      6.200
    6       -7.20       -0.43       0.2909      5.749
    7      -11.08       -0.75       0.2749      6.801
    8       -6.98       -0.80       0.2705      5.500
    9       -7.83       -0.44       0.2410      5.330
