              _             
             (_)            
   __ _ _ __  _ _ __   __ _ 
  / _` | '_ \| | '_ \ / _` |
 | (_| | | | | | | | | (_| |
  \__, |_| |_|_|_| |_|\__,_|
   __/ |                    
  |___/                     

gnina v1.3 master:97fa6bc+   Built Oct  3 2024.
gnina is based on smina and AutoDock Vina.
Please cite appropriately.

Commandline: gnina --receptor Proteinas_preparadas/EGFR.pdbqt --ligand Bases_conjuntas/Targets/EGFR_MAPK1/EGFR_MAPK1_440.pdbqt --autobox_ligand Compuestos_preparados/EGFR.pdbqt --autobox_add 18 --exhaustiveness 16 --cnn_scoring none --out docking/bases_conjuntas/EGFR_MAPK1_440_L_EGFR.pdbqt --log docking/bases_conjuntas/EGFR_MAPK1_440_L_EGFR.log
Using random seed: -1840095963

mode |  affinity  |  intramol  |    CNN     |   CNN
     | (kcal/mol) | (kcal/mol) | pose score | affinity
-----+------------+------------+------------+----------
    1      -10.60        0.18      -1.0000      0.000
    2      -10.29        1.05      -1.0000      0.000
    3       -9.80       -0.13      -1.0000      0.000
    4       -9.74        0.58      -1.0000      0.000
    5       -9.69        0.63      -1.0000      0.000
    6       -9.60        0.23      -1.0000      0.000
    7       -9.59       -0.49      -1.0000      0.000
    8       -9.56       -0.36      -1.0000      0.000
    9       -9.45       -0.48      -1.0000      0.000
