              _             
             (_)            
   __ _ _ __  _ _ __   __ _ 
  / _` | '_ \| | '_ \ / _` |
 | (_| | | | | | | | | (_| |
  \__, |_| |_|_|_| |_|\__,_|
   __/ |                    
  |___/                     

gnina v1.3 master:97fa6bc+   Built Oct  3 2024.
gnina is based on smina and AutoDock Vina.
Please cite appropriately.

Commandline: gnina --receptor Proteinas_preparadas/EGFR.pdbqt --ligand Bases_conjuntas/Targets/EGFR_MAPK1/EGFR_MAPK1_275.pdbqt --autobox_ligand Compuestos_preparados/EGFR.pdbqt --autobox_add 18 --exhaustiveness 16 --cnn_scoring none --out docking/bases_conjuntas/EGFR_MAPK1_275_L_EGFR.pdbqt --log docking/bases_conjuntas/EGFR_MAPK1_275_L_EGFR.log
Using random seed: 766537190

mode |  affinity  |  intramol  |    CNN     |   CNN
     | (kcal/mol) | (kcal/mol) | pose score | affinity
-----+------------+------------+------------+----------
    1       -9.96        5.48      -1.0000      0.000
    2       -9.55       -0.36      -1.0000      0.000
    3       -9.54        5.12      -1.0000      0.000
    4       -9.32        2.18      -1.0000      0.000
    5       -9.03        2.53      -1.0000      0.000
    6       -8.98       -0.58      -1.0000      0.000
    7       -8.88        2.69      -1.0000      0.000
    8       -8.77        0.06      -1.0000      0.000
    9       -8.67        0.39      -1.0000      0.000
