              _             
             (_)            
   __ _ _ __  _ _ __   __ _ 
  / _` | '_ \| | '_ \ / _` |
 | (_| | | | | | | | | (_| |
  \__, |_| |_|_|_| |_|\__,_|
   __/ |                    
  |___/                     

gnina v1.3 master:97fa6bc+   Built Oct  3 2024.
gnina is based on smina and AutoDock Vina.
Please cite appropriately.

Commandline: gnina --receptor Proteinas_preparadas/EGFR.pdbqt --ligand Bases_conjuntas/Targets/EGFR_MAPK1/EGFR_MAPK1_73.pdbqt --autobox_ligand Compuestos_preparados/EGFR.pdbqt --autobox_add 18 --exhaustiveness 16 --cnn_scoring none --out docking/bases_conjuntas/EGFR_MAPK1_73_L_EGFR.pdbqt --log docking/bases_conjuntas/EGFR_MAPK1_73_L_EGFR.log
Using random seed: -318124772

mode |  affinity  |  intramol  |    CNN     |   CNN
     | (kcal/mol) | (kcal/mol) | pose score | affinity
-----+------------+------------+------------+----------
    1       -9.83        1.68      -1.0000      0.000
    2       -9.43       -0.54      -1.0000      0.000
    3       -9.05        1.14      -1.0000      0.000
    4       -8.96       -0.88      -1.0000      0.000
    5       -8.95       -0.35      -1.0000      0.000
    6       -8.80       -0.46      -1.0000      0.000
    7       -8.60       -0.60      -1.0000      0.000
    8       -8.58       -1.48      -1.0000      0.000
    9       -8.52       -1.20      -1.0000      0.000
