              _             
             (_)            
   __ _ _ __  _ _ __   __ _ 
  / _` | '_ \| | '_ \ / _` |
 | (_| | | | | | | | | (_| |
  \__, |_| |_|_|_| |_|\__,_|
   __/ |                    
  |___/                     

gnina v1.3 master:97fa6bc+   Built Oct  3 2024.
gnina is based on smina and AutoDock Vina.
Please cite appropriately.

Commandline: gnina --receptor Proteinas_preparadas/EGFR.pdbqt --ligand Bases_conjuntas/Targets/EGFR_MAPK1/EGFR_MAPK1_871.pdbqt --autobox_ligand Compuestos_preparados/EGFR.pdbqt --autobox_add 18 --exhaustiveness 16 --out docking/bases_conjuntas/EGFR_MAPK1_871_L_EGFR.pdbqt --log docking/bases_conjuntas/EGFR_MAPK1_871_L_EGFR.log
Using random seed: -150208538

mode |  affinity  |  intramol  |    CNN     |   CNN
     | (kcal/mol) | (kcal/mol) | pose score | affinity
-----+------------+------------+------------+----------
    1       -7.28       -1.05       0.5670      6.784
    2       -6.82       -1.73       0.4523      6.513
    3       -7.31       -0.67       0.4323      7.001
    4       -8.15       -1.76       0.4271      7.174
    5       -8.25       -1.35       0.3629      7.233
    6       -8.14       -1.80       0.3366      7.135
    7       -7.52       -1.89       0.3170      6.050
    8       -7.82       -1.47       0.2952      6.006
    9       -6.68       -1.36       0.2804      6.158
