              _             
             (_)            
   __ _ _ __  _ _ __   __ _ 
  / _` | '_ \| | '_ \ / _` |
 | (_| | | | | | | | | (_| |
  \__, |_| |_|_|_| |_|\__,_|
   __/ |                    
  |___/                     

gnina v1.3 master:97fa6bc+   Built Oct  3 2024.
gnina is based on smina and AutoDock Vina.
Please cite appropriately.

Commandline: gnina --receptor Proteinas_preparadas/MAPK1.pdbqt --ligand Bases_conjuntas/Targets/EGFR_MAPK1/EGFR_MAPK1_217.pdbqt --autobox_ligand Compuestos_preparados/MAPK1.pdbqt --autobox_add 18 --exhaustiveness 16 --cnn_scoring none --out docking/bases_conjuntas/EGFR_MAPK1_217_L_MAPK1.pdbqt --log docking/bases_conjuntas/EGFR_MAPK1_217_L_MAPK1.log
Using random seed: 370272252

mode |  affinity  |  intramol  |    CNN     |   CNN
     | (kcal/mol) | (kcal/mol) | pose score | affinity
-----+------------+------------+------------+----------
    1       -8.73        0.05      -1.0000      0.000
    2       -8.60       -1.05      -1.0000      0.000
    3       -8.26        0.51      -1.0000      0.000
    4       -8.26       -1.09      -1.0000      0.000
    5       -8.20       -0.78      -1.0000      0.000
    6       -8.16        0.26      -1.0000      0.000
    7       -8.12       -0.41      -1.0000      0.000
    8       -7.98        0.15      -1.0000      0.000
    9       -7.87       -0.38      -1.0000      0.000
