              _             
             (_)            
   __ _ _ __  _ _ __   __ _ 
  / _` | '_ \| | '_ \ / _` |
 | (_| | | | | | | | | (_| |
  \__, |_| |_|_|_| |_|\__,_|
   __/ |                    
  |___/                     

gnina v1.3 master:97fa6bc+   Built Oct  3 2024.
gnina is based on smina and AutoDock Vina.
Please cite appropriately.

Commandline: gnina --receptor Proteinas_preparadas/EGFR.pdbqt --ligand Bases_conjuntas/Targets/EGFR_MAPK1/EGFR_MAPK1_1039.pdbqt --autobox_ligand Compuestos_preparados/EGFR.pdbqt --autobox_add 18 --exhaustiveness 16 --out docking/bases_conjuntas/EGFR_MAPK1_1039_L_EGFR.pdbqt --log docking/bases_conjuntas/EGFR_MAPK1_1039_L_EGFR.log
Using random seed: 454853250

mode |  affinity  |  intramol  |    CNN     |   CNN
     | (kcal/mol) | (kcal/mol) | pose score | affinity
-----+------------+------------+------------+----------
    1       -7.68       -0.42       0.7594      7.105
    2       -7.05       -0.77       0.6514      6.788
    3       -6.92       -0.75       0.5776      6.587
    4       -6.95       -0.24       0.4499      6.418
    5       -7.61        0.99       0.3871      6.729
    6       -8.58       -0.50       0.3815      5.836
    7       -7.20       -0.70       0.3428      5.789
    8       -7.25       -0.40       0.3179      5.400
    9       -6.82        0.80       0.3020      6.670
