              _             
             (_)            
   __ _ _ __  _ _ __   __ _ 
  / _` | '_ \| | '_ \ / _` |
 | (_| | | | | | | | | (_| |
  \__, |_| |_|_|_| |_|\__,_|
   __/ |                    
  |___/                     

gnina v1.3 master:97fa6bc+   Built Oct  3 2024.
gnina is based on smina and AutoDock Vina.
Please cite appropriately.

Commandline: gnina --receptor Proteinas_preparadas/MAPK1.pdbqt --ligand Bases_conjuntas/Targets/EGFR_MAPK1/EGFR_MAPK1_307.pdbqt --autobox_ligand Compuestos_preparados/MAPK1.pdbqt --autobox_add 18 --exhaustiveness 16 --out docking/bases_conjuntas/EGFR_MAPK1_307_L_MAPK1.pdbqt --log docking/bases_conjuntas/EGFR_MAPK1_307_L_MAPK1.log
Using random seed: -68346536

mode |  affinity  |  intramol  |    CNN     |   CNN
     | (kcal/mol) | (kcal/mol) | pose score | affinity
-----+------------+------------+------------+----------
    1       -6.01        0.98       0.7051      6.767
    2       -5.98       -0.84       0.5887      5.629
    3       -6.72        0.55       0.5064      5.479
    4       -7.82        0.52       0.4947      6.657
    5       -8.57       -0.59       0.4855      6.925
    6       -8.49       -0.79       0.4795      7.240
    7       -6.05        0.37       0.4379      5.586
    8       -9.12        1.73       0.4325      7.088
    9       -7.84       -0.96       0.4126      6.601
