              _             
             (_)            
   __ _ _ __  _ _ __   __ _ 
  / _` | '_ \| | '_ \ / _` |
 | (_| | | | | | | | | (_| |
  \__, |_| |_|_|_| |_|\__,_|
   __/ |                    
  |___/                     

gnina v1.3 master:97fa6bc+   Built Oct  3 2024.
gnina is based on smina and AutoDock Vina.
Please cite appropriately.

Commandline: gnina --receptor Proteinas_preparadas/MAPK1.pdbqt --ligand Bases_conjuntas/Targets/EGFR_MAPK1/EGFR_MAPK1_995.pdbqt --autobox_ligand Compuestos_preparados/MAPK1.pdbqt --autobox_add 18 --exhaustiveness 16 --out docking/bases_conjuntas/EGFR_MAPK1_995_L_MAPK1.pdbqt --log docking/bases_conjuntas/EGFR_MAPK1_995_L_MAPK1.log
Using random seed: -2086755200

mode |  affinity  |  intramol  |    CNN     |   CNN
     | (kcal/mol) | (kcal/mol) | pose score | affinity
-----+------------+------------+------------+----------
    1       -8.01       -0.74       0.6501      7.066
    2       -7.18        1.12       0.4958      6.298
    3       -7.92       -0.16       0.4280      7.555
    4       -8.32       -0.96       0.3471      6.441
    5       -7.61        1.20       0.2769      5.918
    6       -8.47       -0.38       0.2519      6.655
    7       -8.07       -1.35       0.2492      7.182
    8       -8.18       -0.85       0.2196      6.346
    9       -8.35        1.33       0.2070      6.871
