              _             
             (_)            
   __ _ _ __  _ _ __   __ _ 
  / _` | '_ \| | '_ \ / _` |
 | (_| | | | | | | | | (_| |
  \__, |_| |_|_|_| |_|\__,_|
   __/ |                    
  |___/                     

gnina v1.3 master:97fa6bc+   Built Oct  3 2024.
gnina is based on smina and AutoDock Vina.
Please cite appropriately.

Commandline: gnina --receptor Proteinas_preparadas/MAPK1.pdbqt --ligand Bases_conjuntas/Targets/EGFR_MAPK1/EGFR_MAPK1_638.pdbqt --autobox_ligand Compuestos_preparados/MAPK1.pdbqt --autobox_add 18 --exhaustiveness 16 --out docking/bases_conjuntas/EGFR_MAPK1_638_L_MAPK1.pdbqt --log docking/bases_conjuntas/EGFR_MAPK1_638_L_MAPK1.log
Using random seed: 1252022827

mode |  affinity  |  intramol  |    CNN     |   CNN
     | (kcal/mol) | (kcal/mol) | pose score | affinity
-----+------------+------------+------------+----------
    1       -9.17        5.39       0.5697      7.809
    2       -7.04        1.12       0.5181      7.621
    3       -8.96        3.37       0.5125      7.479
    4       -7.66       -0.41       0.4522      6.928
    5       -7.34        1.33       0.4428      6.483
    6       -9.12        6.83       0.4148      7.490
    7       -6.43       -0.36       0.3958      5.877
    8       -6.64        0.21       0.2750      5.820
    9       -6.65        2.72       0.2595      6.389
