              _             
             (_)            
   __ _ _ __  _ _ __   __ _ 
  / _` | '_ \| | '_ \ / _` |
 | (_| | | | | | | | | (_| |
  \__, |_| |_|_|_| |_|\__,_|
   __/ |                    
  |___/                     

gnina v1.3 master:97fa6bc+   Built Oct  3 2024.
gnina is based on smina and AutoDock Vina.
Please cite appropriately.

Commandline: gnina --receptor Proteinas_preparadas/MAPK1.pdbqt --ligand Bases_conjuntas/Targets/EGFR_MAPK1/EGFR_MAPK1_59.pdbqt --autobox_ligand Compuestos_preparados/MAPK1.pdbqt --autobox_add 18 --exhaustiveness 16 --out docking/bases_conjuntas/EGFR_MAPK1_59_L_MAPK1.pdbqt --log docking/bases_conjuntas/EGFR_MAPK1_59_L_MAPK1.log
Using random seed: 1259062830

mode |  affinity  |  intramol  |    CNN     |   CNN
     | (kcal/mol) | (kcal/mol) | pose score | affinity
-----+------------+------------+------------+----------
    1       -7.89       -0.98       0.8016      6.584
    2       -9.08       -0.40       0.6314      6.783
    3       -7.42       -0.77       0.6220      6.408
    4       -7.82        0.93       0.5705      6.765
    5       -6.86       -0.09       0.5263      6.729
    6       -7.06       -0.07       0.4856      6.611
    7       -8.46       -0.44       0.4596      6.831
    8       -7.51       -0.68       0.4594      6.726
    9       -8.10       -0.57       0.4512      6.440
