              _             
             (_)            
   __ _ _ __  _ _ __   __ _ 
  / _` | '_ \| | '_ \ / _` |
 | (_| | | | | | | | | (_| |
  \__, |_| |_|_|_| |_|\__,_|
   __/ |                    
  |___/                     

gnina v1.3 master:97fa6bc+   Built Oct  3 2024.
gnina is based on smina and AutoDock Vina.
Please cite appropriately.

Commandline: gnina --receptor Proteinas_preparadas/EGFR.pdbqt --ligand Bases_conjuntas/Targets/EGFR_MAPK1/EGFR_MAPK1_722.pdbqt --autobox_ligand Compuestos_preparados/EGFR.pdbqt --autobox_add 18 --exhaustiveness 16 --out docking/bases_conjuntas/EGFR_MAPK1_722_L_EGFR.pdbqt --log docking/bases_conjuntas/EGFR_MAPK1_722_L_EGFR.log
Using random seed: 1337788006

mode |  affinity  |  intramol  |    CNN     |   CNN
     | (kcal/mol) | (kcal/mol) | pose score | affinity
-----+------------+------------+------------+----------
    1       -6.89       -1.82       0.6752      6.575
    2       -7.02        0.49       0.6182      7.130
    3       -6.42       -0.92       0.5896      6.541
    4       -6.36        2.21       0.4664      6.154
    5       -6.53       -1.12       0.4343      6.367
    6       -7.50        2.06       0.4183      6.894
    7       -7.23       -1.39       0.3450      6.738
    8       -7.01       -1.53       0.3306      6.066
    9       -7.25       -1.85       0.3154      6.475
