              _             
             (_)            
   __ _ _ __  _ _ __   __ _ 
  / _` | '_ \| | '_ \ / _` |
 | (_| | | | | | | | | (_| |
  \__, |_| |_|_|_| |_|\__,_|
   __/ |                    
  |___/                     

gnina v1.3 master:97fa6bc+   Built Oct  3 2024.
gnina is based on smina and AutoDock Vina.
Please cite appropriately.

Commandline: gnina --receptor Proteinas_preparadas/EGFR.pdbqt --ligand Bases_conjuntas/Targets/EGFR_MAPK1/EGFR_MAPK1_633.pdbqt --autobox_ligand Compuestos_preparados/EGFR.pdbqt --autobox_add 18 --exhaustiveness 16 --out docking/bases_conjuntas/EGFR_MAPK1_633_L_EGFR.pdbqt --log docking/bases_conjuntas/EGFR_MAPK1_633_L_EGFR.log
Using random seed: -755298804

mode |  affinity  |  intramol  |    CNN     |   CNN
     | (kcal/mol) | (kcal/mol) | pose score | affinity
-----+------------+------------+------------+----------
    1       -8.12        0.54       0.6432      7.571
    2       -9.23        1.81       0.4441      6.798
    3       -8.10       -0.21       0.3941      6.328
    4       -9.41       -0.75       0.3406      6.903
    5       -7.82        1.13       0.3237      7.163
    6       -7.32       -1.13       0.2741      6.650
    7       -7.60       -0.50       0.2468      6.286
    8       -7.54        0.05       0.2330      6.656
    9       -7.86        0.57       0.2204      6.552
