              _             
             (_)            
   __ _ _ __  _ _ __   __ _ 
  / _` | '_ \| | '_ \ / _` |
 | (_| | | | | | | | | (_| |
  \__, |_| |_|_|_| |_|\__,_|
   __/ |                    
  |___/                     

gnina v1.3 master:97fa6bc+   Built Oct  3 2024.
gnina is based on smina and AutoDock Vina.
Please cite appropriately.

Commandline: gnina --receptor Proteinas_preparadas/EGFR.pdbqt --ligand Bases_conjuntas/Targets/EGFR_MAPK1/EGFR_MAPK1_488.pdbqt --autobox_ligand Compuestos_preparados/EGFR.pdbqt --autobox_add 18 --exhaustiveness 16 --out docking/bases_conjuntas/EGFR_MAPK1_488_L_EGFR.pdbqt --log docking/bases_conjuntas/EGFR_MAPK1_488_L_EGFR.log
Using random seed: -477182282

mode |  affinity  |  intramol  |    CNN     |   CNN
     | (kcal/mol) | (kcal/mol) | pose score | affinity
-----+------------+------------+------------+----------
    1       -7.48       -0.54       0.6921      6.725
    2       -6.83       -0.78       0.6524      6.142
    3       -7.37       -1.00       0.6381      6.765
    4       -8.59       -0.22       0.6375      7.036
    5       -9.77       -1.33       0.6018      7.454
    6       -6.93       -0.57       0.5878      6.270
    7       -7.78       -0.35       0.5802      6.869
    8       -9.48       -0.73       0.4836      6.750
    9       -7.47       -0.30       0.4831      5.768
