              _             
             (_)            
   __ _ _ __  _ _ __   __ _ 
  / _` | '_ \| | '_ \ / _` |
 | (_| | | | | | | | | (_| |
  \__, |_| |_|_|_| |_|\__,_|
   __/ |                    
  |___/                     

gnina v1.3 master:97fa6bc+   Built Oct  3 2024.
gnina is based on smina and AutoDock Vina.
Please cite appropriately.

Commandline: gnina --receptor Proteinas_preparadas/EGFR.pdbqt --ligand Bases_conjuntas/Targets/EGFR_MAPK1/EGFR_MAPK1_594.pdbqt --autobox_ligand Compuestos_preparados/EGFR.pdbqt --autobox_add 18 --exhaustiveness 16 --out docking/bases_conjuntas/EGFR_MAPK1_594_L_EGFR.pdbqt --log docking/bases_conjuntas/EGFR_MAPK1_594_L_EGFR.log
Using random seed: 571768864

mode |  affinity  |  intramol  |    CNN     |   CNN
     | (kcal/mol) | (kcal/mol) | pose score | affinity
-----+------------+------------+------------+----------
    1       -7.85        0.68       0.7498      7.322
    2       -6.36        1.19       0.7459      5.911
    3       -6.96        0.58       0.6858      6.551
    4       -7.60        0.69       0.6544      7.024
    5       -9.04        5.57       0.6449      7.577
    6       -7.98        0.77       0.6216      6.594
    7       -9.12        0.28       0.5394      6.929
    8       -9.25        5.42       0.5354      7.290
    9       -8.95        0.80       0.5081      6.644
