              _             
             (_)            
   __ _ _ __  _ _ __   __ _ 
  / _` | '_ \| | '_ \ / _` |
 | (_| | | | | | | | | (_| |
  \__, |_| |_|_|_| |_|\__,_|
   __/ |                    
  |___/                     

gnina v1.3 master:97fa6bc+   Built Oct  3 2024.
gnina is based on smina and AutoDock Vina.
Please cite appropriately.

Commandline: gnina --receptor Proteinas_preparadas/MAPK1.pdbqt --ligand Bases_conjuntas/Targets/EGFR_MAPK1/EGFR_MAPK1_543.pdbqt --autobox_ligand Compuestos_preparados/MAPK1.pdbqt --autobox_add 18 --exhaustiveness 16 --out docking/bases_conjuntas/EGFR_MAPK1_543_L_MAPK1.pdbqt --log docking/bases_conjuntas/EGFR_MAPK1_543_L_MAPK1.log
Using random seed: -968126888

mode |  affinity  |  intramol  |    CNN     |   CNN
     | (kcal/mol) | (kcal/mol) | pose score | affinity
-----+------------+------------+------------+----------
    1       -9.21       -0.80       0.5988      6.754
    2       -7.21       -0.67       0.5843      5.958
    3       -6.94       -1.31       0.5619      6.236
    4       -8.71       -0.59       0.5601      6.948
    5       -9.35       -0.37       0.5486      7.009
    6       -6.86       -0.96       0.4781      6.654
    7       -9.18       -0.87       0.4531      6.882
    8       -6.56       -0.51       0.4410      6.175
    9       -8.86       -0.43       0.4132      6.846
