              _             
             (_)            
   __ _ _ __  _ _ __   __ _ 
  / _` | '_ \| | '_ \ / _` |
 | (_| | | | | | | | | (_| |
  \__, |_| |_|_|_| |_|\__,_|
   __/ |                    
  |___/                     

gnina v1.3 master:97fa6bc+   Built Oct  3 2024.
gnina is based on smina and AutoDock Vina.
Please cite appropriately.

Commandline: gnina --receptor Proteinas_preparadas/MAPK1.pdbqt --ligand Bases_conjuntas/Targets/EGFR_MAPK1/EGFR_MAPK1_254.pdbqt --autobox_ligand Compuestos_preparados/MAPK1.pdbqt --autobox_add 18 --exhaustiveness 16 --out docking/bases_conjuntas/EGFR_MAPK1_254_L_MAPK1.pdbqt --log docking/bases_conjuntas/EGFR_MAPK1_254_L_MAPK1.log
Using random seed: 1450438370

mode |  affinity  |  intramol  |    CNN     |   CNN
     | (kcal/mol) | (kcal/mol) | pose score | affinity
-----+------------+------------+------------+----------
    1       -8.33       -0.62       0.1430      5.062
    2       -9.73       -1.81       0.1325      7.224
    3      -10.07       -1.09       0.1313      7.793
    4       -7.64       -1.52       0.1246      5.238
    5       -8.48       -1.29       0.0973      5.169
    6       -9.34       -1.27       0.0846      6.215
    7       -8.43       -1.19       0.0800      6.128
    8       -8.85       -1.94       0.0789      6.481
    9       -8.41       -0.47       0.0767      5.994
