              _             
             (_)            
   __ _ _ __  _ _ __   __ _ 
  / _` | '_ \| | '_ \ / _` |
 | (_| | | | | | | | | (_| |
  \__, |_| |_|_|_| |_|\__,_|
   __/ |                    
  |___/                     

gnina v1.3 master:97fa6bc+   Built Oct  3 2024.
gnina is based on smina and AutoDock Vina.
Please cite appropriately.

Commandline: gnina --receptor Proteinas_preparadas/EGFR.pdbqt --ligand Bases_conjuntas/Targets/EGFR_MAPK1/EGFR_MAPK1_1112.pdbqt --autobox_ligand Compuestos_preparados/EGFR.pdbqt --autobox_add 18 --exhaustiveness 16 --out docking/bases_conjuntas/EGFR_MAPK1_1112_L_EGFR.pdbqt --log docking/bases_conjuntas/EGFR_MAPK1_1112_L_EGFR.log
Using random seed: 713614854

mode |  affinity  |  intramol  |    CNN     |   CNN
     | (kcal/mol) | (kcal/mol) | pose score | affinity
-----+------------+------------+------------+----------
    1       -8.23       -0.48       0.4797      7.304
    2       -7.66       -1.25       0.3681      6.993
    3       -9.48        0.68       0.3113      7.118
    4       -7.65       -1.29       0.2530      7.232
    5       -9.01        0.19       0.2379      6.377
    6       -9.18       -0.84       0.2242      6.694
    7       -7.28       -1.23       0.1990      6.084
    8       -7.55        0.41       0.1920      6.500
    9       -7.11       -0.92       0.1919      6.063
