              _             
             (_)            
   __ _ _ __  _ _ __   __ _ 
  / _` | '_ \| | '_ \ / _` |
 | (_| | | | | | | | | (_| |
  \__, |_| |_|_|_| |_|\__,_|
   __/ |                    
  |___/                     

gnina v1.3 master:97fa6bc+   Built Oct  3 2024.
gnina is based on smina and AutoDock Vina.
Please cite appropriately.

Commandline: gnina --receptor Proteinas_preparadas/SRC.pdbqt --ligand Bases_conjuntas/Targets/EGFR_SRC/EGFR_SRC_561.pdbqt --autobox_ligand Compuestos_preparados/SRC.pdbqt --autobox_add 18 --exhaustiveness 16 --cnn_scoring none --out docking/bases_conjuntas/EGFR_SRC_561_L_SRC.pdbqt --log docking/bases_conjuntas/EGFR_SRC_561_L_SRC.log
Using random seed: 644992793

mode |  affinity  |  intramol  |    CNN     |   CNN
     | (kcal/mol) | (kcal/mol) | pose score | affinity
-----+------------+------------+------------+----------
    1      -10.01        1.97      -1.0000      0.000
    2       -9.91        0.67      -1.0000      0.000
    3       -9.60       -0.05      -1.0000      0.000
    4       -9.21        1.19      -1.0000      0.000
    5       -9.08        1.51      -1.0000      0.000
    6       -9.05       12.03      -1.0000      0.000
    7       -8.98       -0.20      -1.0000      0.000
    8       -8.96       -0.20      -1.0000      0.000
    9       -8.89        1.99      -1.0000      0.000
