              _             
             (_)            
   __ _ _ __  _ _ __   __ _ 
  / _` | '_ \| | '_ \ / _` |
 | (_| | | | | | | | | (_| |
  \__, |_| |_|_|_| |_|\__,_|
   __/ |                    
  |___/                     

gnina v1.3 master:97fa6bc+   Built Oct  3 2024.
gnina is based on smina and AutoDock Vina.
Please cite appropriately.

Commandline: gnina --receptor Proteinas_preparadas/EGFR.pdbqt --ligand Bases_conjuntas/Targets/EGFR_MAPK1/EGFR_MAPK1_982.pdbqt --autobox_ligand Compuestos_preparados/EGFR.pdbqt --autobox_add 18 --exhaustiveness 16 --out docking/bases_conjuntas/EGFR_MAPK1_982_L_EGFR.pdbqt --log docking/bases_conjuntas/EGFR_MAPK1_982_L_EGFR.log
Using random seed: 1054006672

mode |  affinity  |  intramol  |    CNN     |   CNN
     | (kcal/mol) | (kcal/mol) | pose score | affinity
-----+------------+------------+------------+----------
    1       -8.96       -0.78       0.5441      7.013
    2       -7.19       -1.50       0.4631      6.520
    3       -7.59       -0.81       0.4373      6.763
    4       -7.72       -1.34       0.4222      6.852
    5       -7.76       -1.60       0.3138      6.865
    6       -8.48       -1.72       0.3069      6.734
    7       -7.54       -1.17       0.2730      6.119
    8       -8.16       -1.53       0.2500      6.472
    9       -8.60       -1.75       0.2467      6.454
