              _             
             (_)            
   __ _ _ __  _ _ __   __ _ 
  / _` | '_ \| | '_ \ / _` |
 | (_| | | | | | | | | (_| |
  \__, |_| |_|_|_| |_|\__,_|
   __/ |                    
  |___/                     

gnina v1.3 master:97fa6bc+   Built Oct  3 2024.
gnina is based on smina and AutoDock Vina.
Please cite appropriately.

Commandline: gnina --receptor Proteinas_preparadas/EGFR.pdbqt --ligand Bases_conjuntas/Targets/EGFR_MAPK1/EGFR_MAPK1_1096.pdbqt --autobox_ligand Compuestos_preparados/EGFR.pdbqt --autobox_add 18 --exhaustiveness 16 --out docking/bases_conjuntas/EGFR_MAPK1_1096_L_EGFR.pdbqt --log docking/bases_conjuntas/EGFR_MAPK1_1096_L_EGFR.log
Using random seed: 55272538

mode |  affinity  |  intramol  |    CNN     |   CNN
     | (kcal/mol) | (kcal/mol) | pose score | affinity
-----+------------+------------+------------+----------
    1       -9.51        2.83       0.4899      7.401
    2       -8.68       -2.21       0.4778      7.385
    3       -9.26       -0.48       0.4567      6.793
    4       -8.59       -1.23       0.4330      7.032
    5       -9.00       -2.61       0.4318      7.114
    6       -8.72       -0.76       0.3928      6.944
    7       -7.95       -1.77       0.3719      7.183
    8       -9.30       -1.12       0.3699      7.046
    9       -9.18        2.95       0.3666      7.055
