              _             
             (_)            
   __ _ _ __  _ _ __   __ _ 
  / _` | '_ \| | '_ \ / _` |
 | (_| | | | | | | | | (_| |
  \__, |_| |_|_|_| |_|\__,_|
   __/ |                    
  |___/                     

gnina v1.3 master:97fa6bc+   Built Oct  3 2024.
gnina is based on smina and AutoDock Vina.
Please cite appropriately.

Commandline: gnina --receptor Proteinas_preparadas/EGFR.pdbqt --ligand Bases_conjuntas/Targets/EGFR_MAPK1/EGFR_MAPK1_901.pdbqt --autobox_ligand Compuestos_preparados/EGFR.pdbqt --autobox_add 18 --exhaustiveness 16 --out docking/bases_conjuntas/EGFR_MAPK1_901_L_EGFR.pdbqt --log docking/bases_conjuntas/EGFR_MAPK1_901_L_EGFR.log
Using random seed: -889872304

mode |  affinity  |  intramol  |    CNN     |   CNN
     | (kcal/mol) | (kcal/mol) | pose score | affinity
-----+------------+------------+------------+----------
    1       -7.95       -0.71       0.7407      6.357
    2       -8.31       -1.20       0.5251      7.241
    3       -9.46       -0.07       0.2810      7.245
    4       -7.93        0.31       0.2782      5.864
    5       -8.30       -0.93       0.2581      5.987
    6      -10.40       -0.63       0.2118      6.627
    7       -8.22       -1.26       0.2106      6.119
    8      -10.13        0.22       0.1984      7.076
    9       -8.22       -0.73       0.1960      5.953
