              _             
             (_)            
   __ _ _ __  _ _ __   __ _ 
  / _` | '_ \| | '_ \ / _` |
 | (_| | | | | | | | | (_| |
  \__, |_| |_|_|_| |_|\__,_|
   __/ |                    
  |___/                     

gnina v1.3 master:97fa6bc+   Built Oct  3 2024.
gnina is based on smina and AutoDock Vina.
Please cite appropriately.

Commandline: gnina --receptor Proteinas_preparadas/MAPK1.pdbqt --ligand Bases_conjuntas/Targets/EGFR_MAPK1/EGFR_MAPK1_591.pdbqt --autobox_ligand Compuestos_preparados/MAPK1.pdbqt --autobox_add 18 --exhaustiveness 16 --out docking/bases_conjuntas/EGFR_MAPK1_591_L_MAPK1.pdbqt --log docking/bases_conjuntas/EGFR_MAPK1_591_L_MAPK1.log
Using random seed: 14724125

mode |  affinity  |  intramol  |    CNN     |   CNN
     | (kcal/mol) | (kcal/mol) | pose score | affinity
-----+------------+------------+------------+----------
    1       -6.35       -1.60       0.4537      6.402
    2       -6.95        0.56       0.3637      6.343
    3       -7.01       -0.45       0.3595      6.573
    4       -7.86        2.16       0.3183      6.327
    5       -7.71       -1.34       0.3153      6.391
    6       -6.69        0.29       0.3003      6.290
    7       -7.72       -0.40       0.2937      6.072
    8       -7.50       -1.12       0.2689      6.303
    9       -7.75       -1.28       0.2429      6.120
