              _             
             (_)            
   __ _ _ __  _ _ __   __ _ 
  / _` | '_ \| | '_ \ / _` |
 | (_| | | | | | | | | (_| |
  \__, |_| |_|_|_| |_|\__,_|
   __/ |                    
  |___/                     

gnina v1.3 master:97fa6bc+   Built Oct  3 2024.
gnina is based on smina and AutoDock Vina.
Please cite appropriately.

Commandline: gnina --receptor Proteinas_preparadas/MAPK1.pdbqt --ligand Bases_conjuntas/Targets/EGFR_MAPK1/EGFR_MAPK1_166.pdbqt --autobox_ligand Compuestos_preparados/MAPK1.pdbqt --autobox_add 18 --exhaustiveness 16 --out docking/bases_conjuntas/EGFR_MAPK1_166_L_MAPK1.pdbqt --log docking/bases_conjuntas/EGFR_MAPK1_166_L_MAPK1.log
Using random seed: 1658297140

mode |  affinity  |  intramol  |    CNN     |   CNN
     | (kcal/mol) | (kcal/mol) | pose score | affinity
-----+------------+------------+------------+----------
    1       -5.77       -0.39       0.4439      5.219
    2       -5.83       -1.42       0.3223      5.460
    3       -5.94       -2.04       0.3136      6.114
    4       -5.80       -1.22       0.3132      5.182
    5       -8.16       -0.60       0.2927      6.587
    6       -6.10       -1.08       0.2820      6.124
    7       -6.68        1.49       0.2568      6.536
    8       -6.91       -1.27       0.2491      6.199
    9       -6.78        0.26       0.2412      6.166
