              _             
             (_)            
   __ _ _ __  _ _ __   __ _ 
  / _` | '_ \| | '_ \ / _` |
 | (_| | | | | | | | | (_| |
  \__, |_| |_|_|_| |_|\__,_|
   __/ |                    
  |___/                     

gnina v1.3 master:97fa6bc+   Built Oct  3 2024.
gnina is based on smina and AutoDock Vina.
Please cite appropriately.

Commandline: gnina --receptor Proteinas_preparadas/MAPK1.pdbqt --ligand Bases_conjuntas/Targets/EGFR_MAPK1/EGFR_MAPK1_628.pdbqt --autobox_ligand Compuestos_preparados/MAPK1.pdbqt --autobox_add 18 --exhaustiveness 16 --out docking/bases_conjuntas/EGFR_MAPK1_628_L_MAPK1.pdbqt --log docking/bases_conjuntas/EGFR_MAPK1_628_L_MAPK1.log
Using random seed: 1216518742

mode |  affinity  |  intramol  |    CNN     |   CNN
     | (kcal/mol) | (kcal/mol) | pose score | affinity
-----+------------+------------+------------+----------
    1       -7.41        0.03       0.6116      6.058
    2       -8.22       -0.06       0.5384      6.765
    3       -6.83        0.23       0.4296      5.969
    4       -7.64        0.60       0.4087      6.154
    5      -10.60        0.68       0.3993      6.810
    6       -6.59        0.08       0.3774      5.551
    7       -7.98        0.26       0.3510      5.962
    8       -6.68        0.40       0.3436      5.394
    9       -7.60        0.58       0.3431      6.135
