              _             
             (_)            
   __ _ _ __  _ _ __   __ _ 
  / _` | '_ \| | '_ \ / _` |
 | (_| | | | | | | | | (_| |
  \__, |_| |_|_|_| |_|\__,_|
   __/ |                    
  |___/                     

gnina v1.3 master:97fa6bc+   Built Oct  3 2024.
gnina is based on smina and AutoDock Vina.
Please cite appropriately.

Commandline: gnina --receptor Proteinas_preparadas/MAPK1.pdbqt --ligand Bases_conjuntas/Targets/EGFR_MAPK1/EGFR_MAPK1_3.pdbqt --autobox_ligand Compuestos_preparados/MAPK1.pdbqt --autobox_add 18 --exhaustiveness 16 --out docking/bases_conjuntas/EGFR_MAPK1_3_L_MAPK1.pdbqt --log docking/bases_conjuntas/EGFR_MAPK1_3_L_MAPK1.log
Using random seed: 319375576

mode |  affinity  |  intramol  |    CNN     |   CNN
     | (kcal/mol) | (kcal/mol) | pose score | affinity
-----+------------+------------+------------+----------
    1       -6.22        0.13       0.5782      5.088
    2       -8.09        0.54       0.4757      6.622
    3       -6.92        0.25       0.3965      5.972
    4       -6.80        0.38       0.3483      6.371
    5       -9.52        0.58       0.3344      6.941
    6       -6.27       -0.88       0.3036      6.262
    7       -7.47        0.43       0.2879      6.310
    8       -8.85       -0.85       0.2640      6.746
    9       -6.04       -0.94       0.2373      5.073
