              _             
             (_)            
   __ _ _ __  _ _ __   __ _ 
  / _` | '_ \| | '_ \ / _` |
 | (_| | | | | | | | | (_| |
  \__, |_| |_|_|_| |_|\__,_|
   __/ |                    
  |___/                     

gnina v1.3 master:97fa6bc+   Built Oct  3 2024.
gnina is based on smina and AutoDock Vina.
Please cite appropriately.

Commandline: gnina --receptor Proteinas_preparadas/EGFR.pdbqt --ligand Bases_conjuntas/Targets/EGFR_MAPK1/EGFR_MAPK1_62.pdbqt --autobox_ligand Compuestos_preparados/EGFR.pdbqt --autobox_add 18 --exhaustiveness 16 --cnn_scoring none --out docking/bases_conjuntas/EGFR_MAPK1_62_L_EGFR.pdbqt --log docking/bases_conjuntas/EGFR_MAPK1_62_L_EGFR.log
Using random seed: 2001621879

mode |  affinity  |  intramol  |    CNN     |   CNN
     | (kcal/mol) | (kcal/mol) | pose score | affinity
-----+------------+------------+------------+----------
    1       -8.73       -1.61      -1.0000      0.000
    2       -8.59       -0.08      -1.0000      0.000
    3       -8.51       -1.14      -1.0000      0.000
    4       -8.50       -1.69      -1.0000      0.000
    5       -8.48       -1.60      -1.0000      0.000
    6       -8.33       -1.06      -1.0000      0.000
    7       -8.22       -1.89      -1.0000      0.000
    8       -8.20       -1.66      -1.0000      0.000
    9       -8.19       -1.38      -1.0000      0.000
