              _             
             (_)            
   __ _ _ __  _ _ __   __ _ 
  / _` | '_ \| | '_ \ / _` |
 | (_| | | | | | | | | (_| |
  \__, |_| |_|_|_| |_|\__,_|
   __/ |                    
  |___/                     

gnina v1.3 master:97fa6bc+   Built Oct  3 2024.
gnina is based on smina and AutoDock Vina.
Please cite appropriately.

Commandline: gnina --receptor Proteinas_preparadas/EGFR.pdbqt --ligand Bases_conjuntas/Targets/EGFR_MAPK1/EGFR_MAPK1_934.pdbqt --autobox_ligand Compuestos_preparados/EGFR.pdbqt --autobox_add 18 --exhaustiveness 16 --out docking/bases_conjuntas/EGFR_MAPK1_934_L_EGFR.pdbqt --log docking/bases_conjuntas/EGFR_MAPK1_934_L_EGFR.log
Using random seed: -2088620829

mode |  affinity  |  intramol  |    CNN     |   CNN
     | (kcal/mol) | (kcal/mol) | pose score | affinity
-----+------------+------------+------------+----------
    1       -6.83       -2.86       0.8255      7.606
    2       -7.99       -1.79       0.6806      7.550
    3       -6.48       -0.79       0.6189      7.049
    4       -6.57       -1.02       0.6153      7.116
    5       -6.52       -2.03       0.5184      6.400
    6       -6.91       -2.25       0.5074      7.080
    7       -7.69       -1.59       0.4491      6.501
    8       -9.03       -1.24       0.4455      6.482
    9       -8.84        0.15       0.4259      6.802
