              _             
             (_)            
   __ _ _ __  _ _ __   __ _ 
  / _` | '_ \| | '_ \ / _` |
 | (_| | | | | | | | | (_| |
  \__, |_| |_|_|_| |_|\__,_|
   __/ |                    
  |___/                     

gnina v1.3 master:97fa6bc+   Built Oct  3 2024.
gnina is based on smina and AutoDock Vina.
Please cite appropriately.

Commandline: gnina --receptor Proteinas_preparadas/EGFR.pdbqt --ligand Bases_conjuntas/Targets/EGFR_MAPK1/EGFR_MAPK1_550.pdbqt --autobox_ligand Compuestos_preparados/EGFR.pdbqt --autobox_add 18 --exhaustiveness 16 --cnn_scoring none --out docking/bases_conjuntas/EGFR_MAPK1_550_L_EGFR.pdbqt --log docking/bases_conjuntas/EGFR_MAPK1_550_L_EGFR.log
Using random seed: 1841644091

mode |  affinity  |  intramol  |    CNN     |   CNN
     | (kcal/mol) | (kcal/mol) | pose score | affinity
-----+------------+------------+------------+----------
    1       -7.48        0.17      -1.0000      0.000
    2       -7.46        0.19      -1.0000      0.000
    3       -7.40       -0.50      -1.0000      0.000
    4       -7.38       -0.02      -1.0000      0.000
    5       -7.38        0.07      -1.0000      0.000
    6       -7.37       -0.53      -1.0000      0.000
    7       -7.24        0.23      -1.0000      0.000
    8       -7.21        0.27      -1.0000      0.000
    9       -7.19        0.04      -1.0000      0.000
