              _             
             (_)            
   __ _ _ __  _ _ __   __ _ 
  / _` | '_ \| | '_ \ / _` |
 | (_| | | | | | | | | (_| |
  \__, |_| |_|_|_| |_|\__,_|
   __/ |                    
  |___/                     

gnina v1.3 master:97fa6bc+   Built Oct  3 2024.
gnina is based on smina and AutoDock Vina.
Please cite appropriately.

Commandline: gnina --receptor Proteinas_preparadas/MAPK1.pdbqt --ligand Bases_conjuntas/Targets/EGFR_MAPK1/EGFR_MAPK1_100.pdbqt --autobox_ligand Compuestos_preparados/MAPK1.pdbqt --autobox_add 18 --exhaustiveness 16 --out docking/bases_conjuntas/EGFR_MAPK1_100_L_MAPK1.pdbqt --log docking/bases_conjuntas/EGFR_MAPK1_100_L_MAPK1.log
Using random seed: -1407081438

mode |  affinity  |  intramol  |    CNN     |   CNN
     | (kcal/mol) | (kcal/mol) | pose score | affinity
-----+------------+------------+------------+----------
    1       -9.02       -1.55       0.7080      7.818
    2       -9.85       -1.00       0.6939      7.420
    3       -8.97       -0.63       0.5077      7.168
    4       -9.80       -1.42       0.4959      7.692
    5       -9.42       -1.53       0.4815      7.694
    6       -9.12       -0.74       0.4787      7.080
    7       -9.09        0.12       0.4674      6.056
    8       -8.05       -0.63       0.4362      7.232
    9       -9.74       -0.17       0.4333      7.180
