              _             
             (_)            
   __ _ _ __  _ _ __   __ _ 
  / _` | '_ \| | '_ \ / _` |
 | (_| | | | | | | | | (_| |
  \__, |_| |_|_|_| |_|\__,_|
   __/ |                    
  |___/                     

gnina v1.3 master:97fa6bc+   Built Oct  3 2024.
gnina is based on smina and AutoDock Vina.
Please cite appropriately.

Commandline: gnina --receptor Proteinas_preparadas/MAPK1.pdbqt --ligand Bases_conjuntas/Targets/EGFR_MAPK1/EGFR_MAPK1_66.pdbqt --autobox_ligand Compuestos_preparados/MAPK1.pdbqt --autobox_add 18 --exhaustiveness 16 --cnn_scoring none --out docking/bases_conjuntas/EGFR_MAPK1_66_L_MAPK1.pdbqt --log docking/bases_conjuntas/EGFR_MAPK1_66_L_MAPK1.log
Using random seed: 1943739971

mode |  affinity  |  intramol  |    CNN     |   CNN
     | (kcal/mol) | (kcal/mol) | pose score | affinity
-----+------------+------------+------------+----------
    1       -8.17       -0.53      -1.0000      0.000
    2       -7.89        1.38      -1.0000      0.000
    3       -7.67       -0.97      -1.0000      0.000
    4       -7.52       -0.95      -1.0000      0.000
    5       -7.51       -0.99      -1.0000      0.000
    6       -7.46       -0.32      -1.0000      0.000
    7       -7.26       -1.35      -1.0000      0.000
    8       -7.12        1.10      -1.0000      0.000
    9       -7.09       -0.78      -1.0000      0.000
