              _             
             (_)            
   __ _ _ __  _ _ __   __ _ 
  / _` | '_ \| | '_ \ / _` |
 | (_| | | | | | | | | (_| |
  \__, |_| |_|_|_| |_|\__,_|
   __/ |                    
  |___/                     

gnina v1.3 master:97fa6bc+   Built Oct  3 2024.
gnina is based on smina and AutoDock Vina.
Please cite appropriately.

Commandline: gnina --receptor Proteinas_preparadas/EGFR.pdbqt --ligand Bases_conjuntas/Targets/EGFR_SRC/EGFR_SRC_565.pdbqt --autobox_ligand Compuestos_preparados/EGFR.pdbqt --autobox_add 18 --exhaustiveness 16 --cnn_scoring none --out docking/bases_conjuntas/EGFR_SRC_565_L_EGFR.pdbqt --log docking/bases_conjuntas/EGFR_SRC_565_L_EGFR.log
Using random seed: -906490880

mode |  affinity  |  intramol  |    CNN     |   CNN
     | (kcal/mol) | (kcal/mol) | pose score | affinity
-----+------------+------------+------------+----------
    1      -11.94       10.15      -1.0000      0.000
    2      -11.68        1.26      -1.0000      0.000
    3      -11.30        1.10      -1.0000      0.000
    4      -11.16        1.25      -1.0000      0.000
    5      -11.00        0.64      -1.0000      0.000
    6      -10.71        0.53      -1.0000      0.000
    7      -10.52        2.56      -1.0000      0.000
    8      -10.11        0.58      -1.0000      0.000
    9       -9.89        1.91      -1.0000      0.000
