              _             
             (_)            
   __ _ _ __  _ _ __   __ _ 
  / _` | '_ \| | '_ \ / _` |
 | (_| | | | | | | | | (_| |
  \__, |_| |_|_|_| |_|\__,_|
   __/ |                    
  |___/                     

gnina v1.3 master:97fa6bc+   Built Oct  3 2024.
gnina is based on smina and AutoDock Vina.
Please cite appropriately.

Commandline: gnina --receptor Proteinas_preparadas/MAPK1.pdbqt --ligand Bases_conjuntas/Targets/EGFR_MAPK1/EGFR_MAPK1_445.pdbqt --autobox_ligand Compuestos_preparados/MAPK1.pdbqt --autobox_add 18 --exhaustiveness 16 --out docking/bases_conjuntas/EGFR_MAPK1_445_L_MAPK1.pdbqt --log docking/bases_conjuntas/EGFR_MAPK1_445_L_MAPK1.log
Using random seed: 801655436

mode |  affinity  |  intramol  |    CNN     |   CNN
     | (kcal/mol) | (kcal/mol) | pose score | affinity
-----+------------+------------+------------+----------
    1       -7.59       -0.93       0.5313      6.874
    2       -7.22       -0.33       0.4776      6.484
    3       -8.41       -0.76       0.4728      6.587
    4       -7.31       -1.06       0.4471      5.674
    5       -7.60       -0.35       0.3247      7.201
    6       -8.01       -0.93       0.3094      6.152
    7       -9.65       -1.36       0.2934      7.003
    8       -8.51       -0.02       0.2814      7.023
    9       -7.66        0.18       0.2749      5.919
