              _             
             (_)            
   __ _ _ __  _ _ __   __ _ 
  / _` | '_ \| | '_ \ / _` |
 | (_| | | | | | | | | (_| |
  \__, |_| |_|_|_| |_|\__,_|
   __/ |                    
  |___/                     

gnina v1.3 master:97fa6bc+   Built Oct  3 2024.
gnina is based on smina and AutoDock Vina.
Please cite appropriately.

Commandline: gnina --receptor Proteinas_preparadas/MAPK1.pdbqt --ligand Bases_conjuntas/Targets/EGFR_MAPK1/EGFR_MAPK1_621.pdbqt --autobox_ligand Compuestos_preparados/MAPK1.pdbqt --autobox_add 18 --exhaustiveness 16 --out docking/bases_conjuntas/EGFR_MAPK1_621_L_MAPK1.pdbqt --log docking/bases_conjuntas/EGFR_MAPK1_621_L_MAPK1.log
Using random seed: -911608771

mode |  affinity  |  intramol  |    CNN     |   CNN
     | (kcal/mol) | (kcal/mol) | pose score | affinity
-----+------------+------------+------------+----------
    1       -6.49        0.00       0.4611      6.014
    2       -8.33        0.00       0.3792      6.543
    3       -6.27        0.00       0.3263      5.973
    4       -9.21        0.00       0.2956      7.109
    5       -8.06        0.00       0.2544      5.851
    6       -7.01        0.00       0.2322      6.066
    7       -7.35        0.00       0.2271      5.956
    8       -6.71        0.00       0.1969      6.355
    9       -6.32        0.00       0.1824      5.409
