              _             
             (_)            
   __ _ _ __  _ _ __   __ _ 
  / _` | '_ \| | '_ \ / _` |
 | (_| | | | | | | | | (_| |
  \__, |_| |_|_|_| |_|\__,_|
   __/ |                    
  |___/                     

gnina v1.3 master:97fa6bc+   Built Oct  3 2024.
gnina is based on smina and AutoDock Vina.
Please cite appropriately.

Commandline: gnina --receptor Proteinas_preparadas/EGFR.pdbqt --ligand Bases_conjuntas/Targets/EGFR_MAPK1/EGFR_MAPK1_256.pdbqt --autobox_ligand Compuestos_preparados/EGFR.pdbqt --autobox_add 18 --exhaustiveness 16 --cnn_scoring none --out docking/bases_conjuntas/EGFR_MAPK1_256_L_EGFR.pdbqt --log docking/bases_conjuntas/EGFR_MAPK1_256_L_EGFR.log
Using random seed: -2143265202

mode |  affinity  |  intramol  |    CNN     |   CNN
     | (kcal/mol) | (kcal/mol) | pose score | affinity
-----+------------+------------+------------+----------
    1      -10.49       -0.04      -1.0000      0.000
    2      -10.41       -0.69      -1.0000      0.000
    3      -10.36        0.23      -1.0000      0.000
    4      -10.36        0.87      -1.0000      0.000
    5      -10.16       -0.39      -1.0000      0.000
    6       -9.98       -0.84      -1.0000      0.000
    7       -9.95       -0.77      -1.0000      0.000
    8       -9.89       -0.30      -1.0000      0.000
    9       -9.54       -0.16      -1.0000      0.000
