              _             
             (_)            
   __ _ _ __  _ _ __   __ _ 
  / _` | '_ \| | '_ \ / _` |
 | (_| | | | | | | | | (_| |
  \__, |_| |_|_|_| |_|\__,_|
   __/ |                    
  |___/                     

gnina v1.3 master:97fa6bc+   Built Oct  3 2024.
gnina is based on smina and AutoDock Vina.
Please cite appropriately.

Commandline: gnina --receptor Proteinas_preparadas/EGFR.pdbqt --ligand Bases_conjuntas/Targets/EGFR_MAPK1/EGFR_MAPK1_224.pdbqt --autobox_ligand Compuestos_preparados/EGFR.pdbqt --autobox_add 18 --exhaustiveness 16 --cnn_scoring none --out docking/bases_conjuntas/EGFR_MAPK1_224_L_EGFR.pdbqt --log docking/bases_conjuntas/EGFR_MAPK1_224_L_EGFR.log
Using random seed: 1981430279

mode |  affinity  |  intramol  |    CNN     |   CNN
     | (kcal/mol) | (kcal/mol) | pose score | affinity
-----+------------+------------+------------+----------
    1       -9.55       -0.58      -1.0000      0.000
    2       -9.50       -0.57      -1.0000      0.000
    3       -9.41       -0.85      -1.0000      0.000
    4       -9.36       -1.03      -1.0000      0.000
    5       -9.35       -0.48      -1.0000      0.000
    6       -9.27       -0.90      -1.0000      0.000
    7       -9.24       -0.86      -1.0000      0.000
    8       -9.10       -0.86      -1.0000      0.000
    9       -8.97       -0.56      -1.0000      0.000
