              _             
             (_)            
   __ _ _ __  _ _ __   __ _ 
  / _` | '_ \| | '_ \ / _` |
 | (_| | | | | | | | | (_| |
  \__, |_| |_|_|_| |_|\__,_|
   __/ |                    
  |___/                     

gnina v1.3 master:97fa6bc+   Built Oct  3 2024.
gnina is based on smina and AutoDock Vina.
Please cite appropriately.

Commandline: gnina --receptor Proteinas_preparadas/MAPK1.pdbqt --ligand Bases_conjuntas/Targets/EGFR_MAPK1/EGFR_MAPK1_566.pdbqt --autobox_ligand Compuestos_preparados/MAPK1.pdbqt --autobox_add 18 --exhaustiveness 16 --out docking/bases_conjuntas/EGFR_MAPK1_566_L_MAPK1.pdbqt --log docking/bases_conjuntas/EGFR_MAPK1_566_L_MAPK1.log
Using random seed: -1780824844

mode |  affinity  |  intramol  |    CNN     |   CNN
     | (kcal/mol) | (kcal/mol) | pose score | affinity
-----+------------+------------+------------+----------
    1       -9.59        0.40       0.5192      7.030
    2       -9.01       -0.70       0.4931      6.702
    3       -8.34       -0.40       0.4305      6.608
    4       -8.44       -1.37       0.4185      6.831
    5       -7.81       -1.50       0.4107      6.506
    6       -7.77       -0.95       0.3946      6.373
    7       -9.24       -0.27       0.3557      6.634
    8       -8.94       -0.58       0.3540      6.607
    9       -7.89       -1.93       0.3480      6.607
