              _             
             (_)            
   __ _ _ __  _ _ __   __ _ 
  / _` | '_ \| | '_ \ / _` |
 | (_| | | | | | | | | (_| |
  \__, |_| |_|_|_| |_|\__,_|
   __/ |                    
  |___/                     

gnina v1.3 master:97fa6bc+   Built Oct  3 2024.
gnina is based on smina and AutoDock Vina.
Please cite appropriately.

Commandline: gnina --receptor Proteinas_preparadas/MAPK1.pdbqt --ligand Bases_conjuntas/Targets/EGFR_MAPK1/EGFR_MAPK1_867.pdbqt --autobox_ligand Compuestos_preparados/MAPK1.pdbqt --autobox_add 18 --exhaustiveness 16 --out docking/bases_conjuntas/EGFR_MAPK1_867_L_MAPK1.pdbqt --log docking/bases_conjuntas/EGFR_MAPK1_867_L_MAPK1.log
Using random seed: -323025883

mode |  affinity  |  intramol  |    CNN     |   CNN
     | (kcal/mol) | (kcal/mol) | pose score | affinity
-----+------------+------------+------------+----------
    1       -9.54       -0.60       0.6184      6.985
    2       -7.37       -0.92       0.5638      6.222
    3       -9.08        0.53       0.5395      7.240
    4       -8.02       -0.60       0.4701      6.201
    5       -8.88       -0.69       0.4114      7.055
    6       -7.94       -1.43       0.3903      6.758
    7       -7.63       -0.28       0.3447      6.742
    8       -7.58        0.46       0.3425      6.700
    9       -7.60       -0.34       0.3398      6.733
