              _             
             (_)            
   __ _ _ __  _ _ __   __ _ 
  / _` | '_ \| | '_ \ / _` |
 | (_| | | | | | | | | (_| |
  \__, |_| |_|_|_| |_|\__,_|
   __/ |                    
  |___/                     

gnina v1.3 master:97fa6bc+   Built Oct  3 2024.
gnina is based on smina and AutoDock Vina.
Please cite appropriately.

Commandline: gnina --receptor Proteinas_preparadas/EGFR.pdbqt --ligand Bases_conjuntas/Targets/EGFR_MAPK1/EGFR_MAPK1_1145.pdbqt --autobox_ligand Compuestos_preparados/EGFR.pdbqt --autobox_add 18 --exhaustiveness 16 --out docking/bases_conjuntas/EGFR_MAPK1_1145_L_EGFR.pdbqt --log docking/bases_conjuntas/EGFR_MAPK1_1145_L_EGFR.log
Using random seed: 2041988987

mode |  affinity  |  intramol  |    CNN     |   CNN
     | (kcal/mol) | (kcal/mol) | pose score | affinity
-----+------------+------------+------------+----------
    1       -8.36       -0.49       0.6113      7.398
    2       -8.48        0.51       0.5953      7.333
    3       -6.49        0.43       0.5949      6.490
    4       -8.78        0.28       0.5546      7.330
    5       -8.54       -0.62       0.5346      7.291
    6       -7.10        0.35       0.3803      7.080
    7       -8.17       -0.23       0.3663      7.116
    8       -7.38        0.43       0.3609      7.115
    9       -8.36        0.16       0.3555      6.950
