              _             
             (_)            
   __ _ _ __  _ _ __   __ _ 
  / _` | '_ \| | '_ \ / _` |
 | (_| | | | | | | | | (_| |
  \__, |_| |_|_|_| |_|\__,_|
   __/ |                    
  |___/                     

gnina v1.3 master:97fa6bc+   Built Oct  3 2024.
gnina is based on smina and AutoDock Vina.
Please cite appropriately.

Commandline: gnina --receptor Proteinas_preparadas/MAPK1.pdbqt --ligand Bases_conjuntas/Targets/EGFR_MAPK1/EGFR_MAPK1_57.pdbqt --autobox_ligand Compuestos_preparados/MAPK1.pdbqt --autobox_add 18 --exhaustiveness 16 --cnn_scoring none --out docking/bases_conjuntas/EGFR_MAPK1_57_L_MAPK1.pdbqt --log docking/bases_conjuntas/EGFR_MAPK1_57_L_MAPK1.log
Using random seed: -1316696312

mode |  affinity  |  intramol  |    CNN     |   CNN
     | (kcal/mol) | (kcal/mol) | pose score | affinity
-----+------------+------------+------------+----------
    1       -8.24       -0.25      -1.0000      0.000
    2       -7.93        0.70      -1.0000      0.000
    3       -7.74       -1.15      -1.0000      0.000
    4       -7.74       -1.66      -1.0000      0.000
    5       -7.68        0.36      -1.0000      0.000
    6       -7.56       -1.72      -1.0000      0.000
    7       -7.53        0.03      -1.0000      0.000
    8       -7.50       -1.09      -1.0000      0.000
    9       -7.48       -0.61      -1.0000      0.000
