              _             
             (_)            
   __ _ _ __  _ _ __   __ _ 
  / _` | '_ \| | '_ \ / _` |
 | (_| | | | | | | | | (_| |
  \__, |_| |_|_|_| |_|\__,_|
   __/ |                    
  |___/                     

gnina v1.3 master:97fa6bc+   Built Oct  3 2024.
gnina is based on smina and AutoDock Vina.
Please cite appropriately.

Commandline: gnina --receptor Proteinas_preparadas/MAPK1.pdbqt --ligand Bases_conjuntas/Targets/EGFR_MAPK1/EGFR_MAPK1_403.pdbqt --autobox_ligand Compuestos_preparados/MAPK1.pdbqt --autobox_add 18 --exhaustiveness 16 --cnn_scoring none --out docking/bases_conjuntas/EGFR_MAPK1_403_L_MAPK1.pdbqt --log docking/bases_conjuntas/EGFR_MAPK1_403_L_MAPK1.log
Using random seed: 682780225

mode |  affinity  |  intramol  |    CNN     |   CNN
     | (kcal/mol) | (kcal/mol) | pose score | affinity
-----+------------+------------+------------+----------
    1       -9.72       -0.54      -1.0000      0.000
    2       -9.26       -0.04      -1.0000      0.000
    3       -9.01       -1.10      -1.0000      0.000
    4       -8.85       -0.07      -1.0000      0.000
    5       -8.77       -0.20      -1.0000      0.000
    6       -8.60       -0.68      -1.0000      0.000
    7       -8.57       -0.67      -1.0000      0.000
    8       -8.56       -0.78      -1.0000      0.000
    9       -8.53       -0.77      -1.0000      0.000
