              _             
             (_)            
   __ _ _ __  _ _ __   __ _ 
  / _` | '_ \| | '_ \ / _` |
 | (_| | | | | | | | | (_| |
  \__, |_| |_|_|_| |_|\__,_|
   __/ |                    
  |___/                     

gnina v1.3 master:97fa6bc+   Built Oct  3 2024.
gnina is based on smina and AutoDock Vina.
Please cite appropriately.

Commandline: gnina --receptor Proteinas_preparadas/EGFR.pdbqt --ligand Bases_conjuntas/Targets/EGFR_MAPK1/EGFR_MAPK1_789.pdbqt --autobox_ligand Compuestos_preparados/EGFR.pdbqt --autobox_add 18 --exhaustiveness 16 --out docking/bases_conjuntas/EGFR_MAPK1_789_L_EGFR.pdbqt --log docking/bases_conjuntas/EGFR_MAPK1_789_L_EGFR.log
Using random seed: -1903162600

mode |  affinity  |  intramol  |    CNN     |   CNN
     | (kcal/mol) | (kcal/mol) | pose score | affinity
-----+------------+------------+------------+----------
    1       -9.02        0.09       0.8742      6.315
    2       -9.75       -0.15       0.8055      6.111
    3       -9.15        0.93       0.6193      5.928
    4       -9.69        0.34       0.6115      5.629
    5       -8.50        0.10       0.5779      6.255
    6       -8.14        0.04       0.5324      5.428
    7       -9.36       -0.21       0.5283      6.067
    8      -10.19        1.40       0.5065      5.651
    9       -8.90        0.02       0.4576      6.345
