              _             
             (_)            
   __ _ _ __  _ _ __   __ _ 
  / _` | '_ \| | '_ \ / _` |
 | (_| | | | | | | | | (_| |
  \__, |_| |_|_|_| |_|\__,_|
   __/ |                    
  |___/                     

gnina v1.3 master:97fa6bc+   Built Oct  3 2024.
gnina is based on smina and AutoDock Vina.
Please cite appropriately.

Commandline: gnina --receptor Proteinas_preparadas/EGFR.pdbqt --ligand Bases_conjuntas/Targets/EGFR_MAPK1/EGFR_MAPK1_596.pdbqt --autobox_ligand Compuestos_preparados/EGFR.pdbqt --autobox_add 18 --exhaustiveness 16 --out docking/bases_conjuntas/EGFR_MAPK1_596_L_EGFR.pdbqt --log docking/bases_conjuntas/EGFR_MAPK1_596_L_EGFR.log
Using random seed: 1413014206

mode |  affinity  |  intramol  |    CNN     |   CNN
     | (kcal/mol) | (kcal/mol) | pose score | affinity
-----+------------+------------+------------+----------
    1       -5.92       -1.11       0.3393      5.241
    2       -6.48       -0.85       0.3186      5.498
    3       -7.95       -0.41       0.2855      6.601
    4       -5.93       -0.80       0.2558      4.973
    5       -8.34       -0.84       0.2537      6.270
    6       -7.84        1.65       0.2438      5.939
    7       -8.33       -0.95       0.2297      6.310
    8       -7.26       -0.56       0.2167      6.137
    9       -7.25       -1.28       0.2133      5.905
