              _             
             (_)            
   __ _ _ __  _ _ __   __ _ 
  / _` | '_ \| | '_ \ / _` |
 | (_| | | | | | | | | (_| |
  \__, |_| |_|_|_| |_|\__,_|
   __/ |                    
  |___/                     

gnina v1.3 master:97fa6bc+   Built Oct  3 2024.
gnina is based on smina and AutoDock Vina.
Please cite appropriately.

Commandline: gnina --receptor Proteinas_preparadas/EGFR.pdbqt --ligand Bases_conjuntas/Targets/EGFR_MAPK1/EGFR_MAPK1_691.pdbqt --autobox_ligand Compuestos_preparados/EGFR.pdbqt --autobox_add 18 --exhaustiveness 16 --out docking/bases_conjuntas/EGFR_MAPK1_691_L_EGFR.pdbqt --log docking/bases_conjuntas/EGFR_MAPK1_691_L_EGFR.log
Using random seed: -1208137472

mode |  affinity  |  intramol  |    CNN     |   CNN
     | (kcal/mol) | (kcal/mol) | pose score | affinity
-----+------------+------------+------------+----------
    1       -7.60       -0.64       0.7133      6.490
    2       -7.85        0.10       0.6625      6.953
    3       -8.27       -0.91       0.4923      6.658
    4       -9.25       -0.09       0.4882      7.111
    5       -9.87       -0.30       0.4728      7.047
    6       -8.34       -0.71       0.4263      6.825
    7       -9.40       -0.39       0.4257      6.710
    8       -8.87       -0.50       0.3834      6.455
    9       -9.04       -0.49       0.3691      6.518
