              _             
             (_)            
   __ _ _ __  _ _ __   __ _ 
  / _` | '_ \| | '_ \ / _` |
 | (_| | | | | | | | | (_| |
  \__, |_| |_|_|_| |_|\__,_|
   __/ |                    
  |___/                     

gnina v1.3 master:97fa6bc+   Built Oct  3 2024.
gnina is based on smina and AutoDock Vina.
Please cite appropriately.

Commandline: gnina --receptor Proteinas_preparadas/EGFR.pdbqt --ligand Bases_conjuntas/Targets/EGFR_MAPK1/EGFR_MAPK1_187.pdbqt --autobox_ligand Compuestos_preparados/EGFR.pdbqt --autobox_add 18 --exhaustiveness 16 --cnn_scoring none --out docking/bases_conjuntas/EGFR_MAPK1_187_L_EGFR.pdbqt --log docking/bases_conjuntas/EGFR_MAPK1_187_L_EGFR.log
Using random seed: 2003561052

mode |  affinity  |  intramol  |    CNN     |   CNN
     | (kcal/mol) | (kcal/mol) | pose score | affinity
-----+------------+------------+------------+----------
    1      -10.06       -0.36      -1.0000      0.000
    2       -9.57       -0.19      -1.0000      0.000
    3       -9.30       -0.55      -1.0000      0.000
    4       -9.09       -1.08      -1.0000      0.000
    5       -8.97       -0.54      -1.0000      0.000
    6       -8.94        0.37      -1.0000      0.000
    7       -8.91       -0.04      -1.0000      0.000
    8       -8.91       -0.37      -1.0000      0.000
    9       -8.88       -0.77      -1.0000      0.000
