              _             
             (_)            
   __ _ _ __  _ _ __   __ _ 
  / _` | '_ \| | '_ \ / _` |
 | (_| | | | | | | | | (_| |
  \__, |_| |_|_|_| |_|\__,_|
   __/ |                    
  |___/                     

gnina v1.3 master:97fa6bc+   Built Oct  3 2024.
gnina is based on smina and AutoDock Vina.
Please cite appropriately.

Commandline: gnina --receptor Proteinas_preparadas/EGFR.pdbqt --ligand Bases_conjuntas/Targets/EGFR_MAPK1/EGFR_MAPK1_792.pdbqt --autobox_ligand Compuestos_preparados/EGFR.pdbqt --autobox_add 18 --exhaustiveness 16 --out docking/bases_conjuntas/EGFR_MAPK1_792_L_EGFR.pdbqt --log docking/bases_conjuntas/EGFR_MAPK1_792_L_EGFR.log
Using random seed: -724608129

mode |  affinity  |  intramol  |    CNN     |   CNN
     | (kcal/mol) | (kcal/mol) | pose score | affinity
-----+------------+------------+------------+----------
    1       -8.10        0.55       0.7004      6.475
    2       -8.19        0.35       0.6278      7.222
    3       -9.73        1.93       0.5941      6.868
    4       -8.23       -0.82       0.4990      6.209
    5      -10.05       -0.57       0.4654      7.181
    6       -9.17        0.88       0.4606      6.928
    7       -9.90        0.59       0.4388      7.365
    8       -9.58        0.48       0.4131      6.662
    9       -9.50        0.03       0.4043      7.048
