              _             
             (_)            
   __ _ _ __  _ _ __   __ _ 
  / _` | '_ \| | '_ \ / _` |
 | (_| | | | | | | | | (_| |
  \__, |_| |_|_|_| |_|\__,_|
   __/ |                    
  |___/                     

gnina v1.3 master:97fa6bc+   Built Oct  3 2024.
gnina is based on smina and AutoDock Vina.
Please cite appropriately.

Commandline: gnina --receptor Proteinas_preparadas/MAPK1.pdbqt --ligand Bases_conjuntas/Targets/EGFR_MAPK1/EGFR_MAPK1_783.pdbqt --autobox_ligand Compuestos_preparados/MAPK1.pdbqt --autobox_add 18 --exhaustiveness 16 --out docking/bases_conjuntas/EGFR_MAPK1_783_L_MAPK1.pdbqt --log docking/bases_conjuntas/EGFR_MAPK1_783_L_MAPK1.log
Using random seed: 143257816

mode |  affinity  |  intramol  |    CNN     |   CNN
     | (kcal/mol) | (kcal/mol) | pose score | affinity
-----+------------+------------+------------+----------
    1       -8.26        0.17       0.4243      6.658
    2       -7.73       -0.53       0.3010      6.051
    3       -9.24       -0.89       0.2936      6.804
    4       -7.32       -1.54       0.2409      5.713
    5       -7.07       -0.97       0.2354      5.643
    6       -7.02       -0.11       0.2309      5.884
    7       -7.05       -1.02       0.2261      5.889
    8       -7.22       -0.55       0.2129      5.926
    9       -8.21       -0.92       0.2104      6.472
