              _             
             (_)            
   __ _ _ __  _ _ __   __ _ 
  / _` | '_ \| | '_ \ / _` |
 | (_| | | | | | | | | (_| |
  \__, |_| |_|_|_| |_|\__,_|
   __/ |                    
  |___/                     

gnina v1.3 master:97fa6bc+   Built Oct  3 2024.
gnina is based on smina and AutoDock Vina.
Please cite appropriately.

Commandline: gnina --receptor Proteinas_preparadas/MAPK1.pdbqt --ligand Bases_conjuntas/Targets/EGFR_MAPK1/EGFR_MAPK1_504.pdbqt --autobox_ligand Compuestos_preparados/MAPK1.pdbqt --autobox_add 18 --exhaustiveness 16 --out docking/bases_conjuntas/EGFR_MAPK1_504_L_MAPK1.pdbqt --log docking/bases_conjuntas/EGFR_MAPK1_504_L_MAPK1.log
Using random seed: 89360004

mode |  affinity  |  intramol  |    CNN     |   CNN
     | (kcal/mol) | (kcal/mol) | pose score | affinity
-----+------------+------------+------------+----------
    1       -7.98       -1.39       0.3658      6.514
    2       -7.92       -0.46       0.3030      6.488
    3       -7.64        2.62       0.2264      6.303
    4       -7.28       -0.52       0.2201      6.297
    5       -7.16       -0.83       0.2123      6.383
    6       -8.00       -1.61       0.1895      6.032
    7       -7.49       -0.38       0.1831      6.782
    8       -8.11       -0.78       0.1688      4.735
    9       -9.67       -0.79       0.1550      6.722
