              _             
             (_)            
   __ _ _ __  _ _ __   __ _ 
  / _` | '_ \| | '_ \ / _` |
 | (_| | | | | | | | | (_| |
  \__, |_| |_|_|_| |_|\__,_|
   __/ |                    
  |___/                     

gnina v1.3 master:97fa6bc+   Built Oct  3 2024.
gnina is based on smina and AutoDock Vina.
Please cite appropriately.

Commandline: gnina --receptor Proteinas_preparadas/MAPK1.pdbqt --ligand Bases_conjuntas/Targets/EGFR_MAPK1/EGFR_MAPK1_1068.pdbqt --autobox_ligand Compuestos_preparados/MAPK1.pdbqt --autobox_add 18 --exhaustiveness 16 --out docking/bases_conjuntas/EGFR_MAPK1_1068_L_MAPK1.pdbqt --log docking/bases_conjuntas/EGFR_MAPK1_1068_L_MAPK1.log
Using random seed: -1970166104

mode |  affinity  |  intramol  |    CNN     |   CNN
     | (kcal/mol) | (kcal/mol) | pose score | affinity
-----+------------+------------+------------+----------
    1       -6.50       -1.39       0.5616      6.680
    2       -6.06        0.93       0.5612      6.852
    3       -7.27       -1.04       0.5472      6.945
    4       -6.80        0.75       0.4802      6.705
    5       -7.08       -1.27       0.4577      6.788
    6       -8.02       -1.27       0.4503      7.046
    7       -6.31       -1.60       0.3934      6.804
    8       -6.88       -1.63       0.3321      6.395
    9       -8.00        1.35       0.3212      6.693
