              _             
             (_)            
   __ _ _ __  _ _ __   __ _ 
  / _` | '_ \| | '_ \ / _` |
 | (_| | | | | | | | | (_| |
  \__, |_| |_|_|_| |_|\__,_|
   __/ |                    
  |___/                     

gnina v1.3 master:97fa6bc+   Built Oct  3 2024.
gnina is based on smina and AutoDock Vina.
Please cite appropriately.

Commandline: gnina --receptor Proteinas_preparadas/EGFR.pdbqt --ligand Bases_conjuntas/Targets/EGFR_MAPK1/EGFR_MAPK1_766.pdbqt --autobox_ligand Compuestos_preparados/EGFR.pdbqt --autobox_add 18 --exhaustiveness 16 --out docking/bases_conjuntas/EGFR_MAPK1_766_L_EGFR.pdbqt --log docking/bases_conjuntas/EGFR_MAPK1_766_L_EGFR.log
Using random seed: 2006088412

mode |  affinity  |  intramol  |    CNN     |   CNN
     | (kcal/mol) | (kcal/mol) | pose score | affinity
-----+------------+------------+------------+----------
    1       -8.08       -0.56       0.3415      6.248
    2       -7.44       -0.65       0.2854      6.833
    3       -7.71       -1.30       0.2717      6.681
    4       -8.59        0.87       0.2299      6.051
    5       -9.13       -0.07       0.2249      6.956
    6       -9.59       -0.37       0.2128      6.631
    7       -8.26       -1.38       0.2064      5.969
    8       -7.55       -1.35       0.2011      5.792
    9       -9.44        0.21       0.1996      6.894
