              _             
             (_)            
   __ _ _ __  _ _ __   __ _ 
  / _` | '_ \| | '_ \ / _` |
 | (_| | | | | | | | | (_| |
  \__, |_| |_|_|_| |_|\__,_|
   __/ |                    
  |___/                     

gnina v1.3 master:97fa6bc+   Built Oct  3 2024.
gnina is based on smina and AutoDock Vina.
Please cite appropriately.

Commandline: gnina --receptor Proteinas_preparadas/EGFR.pdbqt --ligand Bases_conjuntas/Targets/EGFR_MAPK1/EGFR_MAPK1_404.pdbqt --autobox_ligand Compuestos_preparados/EGFR.pdbqt --autobox_add 18 --exhaustiveness 16 --out docking/bases_conjuntas/EGFR_MAPK1_404_L_EGFR.pdbqt --log docking/bases_conjuntas/EGFR_MAPK1_404_L_EGFR.log
Using random seed: -921714405

mode |  affinity  |  intramol  |    CNN     |   CNN
     | (kcal/mol) | (kcal/mol) | pose score | affinity
-----+------------+------------+------------+----------
    1       -7.79       -0.97       0.6218      7.303
    2       -7.89       -1.04       0.4616      6.355
    3       -9.97       -0.87       0.3975      6.913
    4       -8.87       -0.96       0.3259      6.604
    5       -7.05       -0.81       0.2933      6.101
    6       -6.97       -1.09       0.2886      6.198
    7       -8.99       -1.01       0.2624      6.305
    8       -7.17       -1.16       0.2468      5.868
    9       -8.59       -1.06       0.2408      6.339
