              _             
             (_)            
   __ _ _ __  _ _ __   __ _ 
  / _` | '_ \| | '_ \ / _` |
 | (_| | | | | | | | | (_| |
  \__, |_| |_|_|_| |_|\__,_|
   __/ |                    
  |___/                     

gnina v1.3 master:97fa6bc+   Built Oct  3 2024.
gnina is based on smina and AutoDock Vina.
Please cite appropriately.

Commandline: gnina --receptor Proteinas_preparadas/MAPK1.pdbqt --ligand Bases_conjuntas/Targets/EGFR_MAPK1/EGFR_MAPK1_558.pdbqt --autobox_ligand Compuestos_preparados/MAPK1.pdbqt --autobox_add 18 --exhaustiveness 16 --out docking/bases_conjuntas/EGFR_MAPK1_558_L_MAPK1.pdbqt --log docking/bases_conjuntas/EGFR_MAPK1_558_L_MAPK1.log
Using random seed: 425174548

mode |  affinity  |  intramol  |    CNN     |   CNN
     | (kcal/mol) | (kcal/mol) | pose score | affinity
-----+------------+------------+------------+----------
    1       -6.22       -0.69       0.5928      5.404
    2       -7.60       -0.89       0.4996      6.686
    3       -6.48       -0.75       0.4592      6.498
    4       -6.37       -0.58       0.4385      6.265
    5       -8.50       -0.53       0.4173      6.679
    6       -6.52       -0.32       0.4131      6.148
    7       -6.97       -0.70       0.3545      6.277
    8       -6.36       -0.71       0.3197      6.280
    9       -9.14       -0.85       0.3067      6.603
