              _             
             (_)            
   __ _ _ __  _ _ __   __ _ 
  / _` | '_ \| | '_ \ / _` |
 | (_| | | | | | | | | (_| |
  \__, |_| |_|_|_| |_|\__,_|
   __/ |                    
  |___/                     

gnina v1.3 master:97fa6bc+   Built Oct  3 2024.
gnina is based on smina and AutoDock Vina.
Please cite appropriately.

Commandline: gnina --receptor Proteinas_preparadas/EGFR.pdbqt --ligand Bases_conjuntas/Targets/EGFR_MAPK1/EGFR_MAPK1_171.pdbqt --autobox_ligand Compuestos_preparados/EGFR.pdbqt --autobox_add 18 --exhaustiveness 16 --out docking/bases_conjuntas/EGFR_MAPK1_171_L_EGFR.pdbqt --log docking/bases_conjuntas/EGFR_MAPK1_171_L_EGFR.log
Using random seed: 1259087034

mode |  affinity  |  intramol  |    CNN     |   CNN
     | (kcal/mol) | (kcal/mol) | pose score | affinity
-----+------------+------------+------------+----------
    1      -11.08        0.23       0.4066      8.043
    2       -9.71       -1.05       0.3247      6.238
    3      -10.09       -1.07       0.2891      7.478
    4       -9.57        1.53       0.2818      7.590
    5      -10.41       -1.13       0.2362      7.852
    6       -9.90       -0.91       0.2117      7.566
    7      -10.64       -0.44       0.2083      7.274
    8       -9.81       -0.65       0.2064      7.583
    9      -11.11       -0.98       0.1952      7.395
