              _             
             (_)            
   __ _ _ __  _ _ __   __ _ 
  / _` | '_ \| | '_ \ / _` |
 | (_| | | | | | | | | (_| |
  \__, |_| |_|_|_| |_|\__,_|
   __/ |                    
  |___/                     

gnina v1.3 master:97fa6bc+   Built Oct  3 2024.
gnina is based on smina and AutoDock Vina.
Please cite appropriately.

Commandline: gnina --receptor Proteinas_preparadas/MAPK1.pdbqt --ligand Bases_conjuntas/Targets/EGFR_MAPK1/EGFR_MAPK1_630.pdbqt --autobox_ligand Compuestos_preparados/MAPK1.pdbqt --autobox_add 18 --exhaustiveness 16 --out docking/bases_conjuntas/EGFR_MAPK1_630_L_MAPK1.pdbqt --log docking/bases_conjuntas/EGFR_MAPK1_630_L_MAPK1.log
Using random seed: -1991853030

mode |  affinity  |  intramol  |    CNN     |   CNN
     | (kcal/mol) | (kcal/mol) | pose score | affinity
-----+------------+------------+------------+----------
    1       -7.09       -0.89       0.5402      6.874
    2       -9.60       -1.42       0.3753      7.014
    3       -7.07        0.64       0.3579      5.975
    4       -8.97       -0.69       0.3459      6.838
    5       -7.47       -0.38       0.3332      6.549
    6       -8.50       -0.80       0.2764      6.552
    7       -8.10       -1.15       0.2498      7.052
    8       -7.14        1.67       0.2210      5.786
    9       -9.16       -0.70       0.2115      6.786
