              _             
             (_)            
   __ _ _ __  _ _ __   __ _ 
  / _` | '_ \| | '_ \ / _` |
 | (_| | | | | | | | | (_| |
  \__, |_| |_|_|_| |_|\__,_|
   __/ |                    
  |___/                     

gnina v1.3 master:97fa6bc+   Built Oct  3 2024.
gnina is based on smina and AutoDock Vina.
Please cite appropriately.

Commandline: gnina --receptor Proteinas_preparadas/MAPK1.pdbqt --ligand Bases_conjuntas/Targets/EGFR_MAPK1/EGFR_MAPK1_966.pdbqt --autobox_ligand Compuestos_preparados/MAPK1.pdbqt --autobox_add 18 --exhaustiveness 16 --out docking/bases_conjuntas/EGFR_MAPK1_966_L_MAPK1.pdbqt --log docking/bases_conjuntas/EGFR_MAPK1_966_L_MAPK1.log
Using random seed: -660823672

mode |  affinity  |  intramol  |    CNN     |   CNN
     | (kcal/mol) | (kcal/mol) | pose score | affinity
-----+------------+------------+------------+----------
    1       -7.37       -0.86       0.6793      6.453
    2       -7.69       -0.20       0.6382      5.737
    3       -7.56       -0.77       0.6064      6.326
    4       -9.86        0.34       0.4896      6.829
    5       -7.19       -0.69       0.4433      5.941
    6       -7.20        0.16       0.4336      6.198
    7      -10.12       -0.56       0.4219      6.736
    8       -7.67       -0.65       0.4112      6.105
    9       -8.25        1.37       0.3682      6.423
