              _             
             (_)            
   __ _ _ __  _ _ __   __ _ 
  / _` | '_ \| | '_ \ / _` |
 | (_| | | | | | | | | (_| |
  \__, |_| |_|_|_| |_|\__,_|
   __/ |                    
  |___/                     

gnina v1.3 master:97fa6bc+   Built Oct  3 2024.
gnina is based on smina and AutoDock Vina.
Please cite appropriately.

Commandline: gnina --receptor Proteinas_preparadas/MAPK1.pdbqt --ligand Bases_conjuntas/Targets/EGFR_MAPK1/EGFR_MAPK1_205.pdbqt --autobox_ligand Compuestos_preparados/MAPK1.pdbqt --autobox_add 18 --exhaustiveness 16 --out docking/bases_conjuntas/EGFR_MAPK1_205_L_MAPK1.pdbqt --log docking/bases_conjuntas/EGFR_MAPK1_205_L_MAPK1.log
Using random seed: 971938374

mode |  affinity  |  intramol  |    CNN     |   CNN
     | (kcal/mol) | (kcal/mol) | pose score | affinity
-----+------------+------------+------------+----------
    1       -8.05       -1.26       0.3122      6.552
    2       -9.78        1.70       0.3058      6.976
    3       -9.06       -1.26       0.2546      7.483
    4       -9.18       -0.55       0.2489      7.231
    5       -8.76        1.61       0.2102      6.242
    6       -8.06       -1.22       0.2094      5.745
    7      -10.11        0.49       0.2066      7.342
    8       -8.36        1.08       0.1914      7.225
    9       -7.70       -0.65       0.1867      6.787
