              _             
             (_)            
   __ _ _ __  _ _ __   __ _ 
  / _` | '_ \| | '_ \ / _` |
 | (_| | | | | | | | | (_| |
  \__, |_| |_|_|_| |_|\__,_|
   __/ |                    
  |___/                     

gnina v1.3 master:97fa6bc+   Built Oct  3 2024.
gnina is based on smina and AutoDock Vina.
Please cite appropriately.

Commandline: gnina --receptor Proteinas_preparadas/EGFR.pdbqt --ligand Bases_conjuntas/Targets/EGFR_MAPK1/EGFR_MAPK1_1019.pdbqt --autobox_ligand Compuestos_preparados/EGFR.pdbqt --autobox_add 18 --exhaustiveness 16 --out docking/bases_conjuntas/EGFR_MAPK1_1019_L_EGFR.pdbqt --log docking/bases_conjuntas/EGFR_MAPK1_1019_L_EGFR.log
Using random seed: 346545348

mode |  affinity  |  intramol  |    CNN     |   CNN
     | (kcal/mol) | (kcal/mol) | pose score | affinity
-----+------------+------------+------------+----------
    1       -8.27       -0.23       0.6987      6.714
    2       -8.00       -0.20       0.6206      6.058
    3       -8.58       -0.18       0.5954      6.771
    4       -7.73       -0.10       0.5838      6.904
    5       -8.94        2.43       0.5313      7.114
    6       -8.88       -0.06       0.4777      7.357
    7       -7.78       -0.54       0.4314      5.692
    8       -8.09       -1.03       0.4238      7.130
    9       -8.07       -0.36       0.4125      5.744
