              _             
             (_)            
   __ _ _ __  _ _ __   __ _ 
  / _` | '_ \| | '_ \ / _` |
 | (_| | | | | | | | | (_| |
  \__, |_| |_|_|_| |_|\__,_|
   __/ |                    
  |___/                     

gnina v1.3 master:97fa6bc+   Built Oct  3 2024.
gnina is based on smina and AutoDock Vina.
Please cite appropriately.

Commandline: gnina --receptor Proteinas_preparadas/MAPK1.pdbqt --ligand Bases_conjuntas/Targets/EGFR_MAPK1/EGFR_MAPK1_988.pdbqt --autobox_ligand Compuestos_preparados/MAPK1.pdbqt --autobox_add 18 --exhaustiveness 16 --out docking/bases_conjuntas/EGFR_MAPK1_988_L_MAPK1.pdbqt --log docking/bases_conjuntas/EGFR_MAPK1_988_L_MAPK1.log
Using random seed: -2132020544

mode |  affinity  |  intramol  |    CNN     |   CNN
     | (kcal/mol) | (kcal/mol) | pose score | affinity
-----+------------+------------+------------+----------
    1       -7.76       -1.47       0.7559      7.092
    2       -8.33       -2.11       0.7080      6.897
    3       -7.71       -1.75       0.6266      6.828
    4       -7.09        0.13       0.5768      5.983
    5       -8.13       -1.15       0.5438      6.211
    6       -7.90       -0.20       0.5375      7.054
    7       -8.28       -0.09       0.5262      6.486
    8       -7.87       -0.95       0.5170      5.790
    9       -7.95       -0.80       0.5048      5.730
