              _             
             (_)            
   __ _ _ __  _ _ __   __ _ 
  / _` | '_ \| | '_ \ / _` |
 | (_| | | | | | | | | (_| |
  \__, |_| |_|_|_| |_|\__,_|
   __/ |                    
  |___/                     

gnina v1.3 master:97fa6bc+   Built Oct  3 2024.
gnina is based on smina and AutoDock Vina.
Please cite appropriately.

Commandline: gnina --receptor Proteinas_preparadas/MAPK1.pdbqt --ligand Bases_conjuntas/Targets/EGFR_MAPK1/EGFR_MAPK1_944.pdbqt --autobox_ligand Compuestos_preparados/MAPK1.pdbqt --autobox_add 18 --exhaustiveness 16 --out docking/bases_conjuntas/EGFR_MAPK1_944_L_MAPK1.pdbqt --log docking/bases_conjuntas/EGFR_MAPK1_944_L_MAPK1.log
Using random seed: 389110132

mode |  affinity  |  intramol  |    CNN     |   CNN
     | (kcal/mol) | (kcal/mol) | pose score | affinity
-----+------------+------------+------------+----------
    1       -8.56       -0.15       0.5990      7.312
    2       -9.35       -0.91       0.5688      7.168
    3       -8.56        0.77       0.5413      6.964
    4       -7.99       -0.64       0.5076      6.759
    5       -6.43        0.85       0.5027      6.324
    6       -7.83       -0.65       0.4658      6.796
    7       -8.81        0.70       0.4423      6.888
    8       -7.82       -0.21       0.4350      6.805
    9       -9.30        0.47       0.4121      6.874
