              _             
             (_)            
   __ _ _ __  _ _ __   __ _ 
  / _` | '_ \| | '_ \ / _` |
 | (_| | | | | | | | | (_| |
  \__, |_| |_|_|_| |_|\__,_|
   __/ |                    
  |___/                     

gnina v1.3 master:97fa6bc+   Built Oct  3 2024.
gnina is based on smina and AutoDock Vina.
Please cite appropriately.

Commandline: gnina --receptor Proteinas_preparadas/MAPK1.pdbqt --ligand Bases_conjuntas/Targets/EGFR_MAPK1/EGFR_MAPK1_580.pdbqt --autobox_ligand Compuestos_preparados/MAPK1.pdbqt --autobox_add 18 --exhaustiveness 16 --out docking/bases_conjuntas/EGFR_MAPK1_580_L_MAPK1.pdbqt --log docking/bases_conjuntas/EGFR_MAPK1_580_L_MAPK1.log
Using random seed: -737905680

mode |  affinity  |  intramol  |    CNN     |   CNN
     | (kcal/mol) | (kcal/mol) | pose score | affinity
-----+------------+------------+------------+----------
    1       -8.46       -0.72       0.3695      6.896
    2       -8.65       -0.23       0.3165      6.671
    3       -6.58       -0.50       0.2953      6.415
    4       -6.84       -1.51       0.2895      6.476
    5       -8.23        0.11       0.2777      6.681
    6       -6.97       -0.81       0.2642      6.380
    7       -8.18       -0.18       0.2241      6.510
    8       -6.09       -2.24       0.1933      5.626
    9       -5.76       -1.97       0.1925      6.176
