              _             
             (_)            
   __ _ _ __  _ _ __   __ _ 
  / _` | '_ \| | '_ \ / _` |
 | (_| | | | | | | | | (_| |
  \__, |_| |_|_|_| |_|\__,_|
   __/ |                    
  |___/                     

gnina v1.3 master:97fa6bc+   Built Oct  3 2024.
gnina is based on smina and AutoDock Vina.
Please cite appropriately.

Commandline: gnina --receptor Proteinas_preparadas/MAPK1.pdbqt --ligand Bases_conjuntas/Targets/EGFR_MAPK1/EGFR_MAPK1_574.pdbqt --autobox_ligand Compuestos_preparados/MAPK1.pdbqt --autobox_add 18 --exhaustiveness 16 --out docking/bases_conjuntas/EGFR_MAPK1_574_L_MAPK1.pdbqt --log docking/bases_conjuntas/EGFR_MAPK1_574_L_MAPK1.log
Using random seed: 1773145854

mode |  affinity  |  intramol  |    CNN     |   CNN
     | (kcal/mol) | (kcal/mol) | pose score | affinity
-----+------------+------------+------------+----------
    1       -7.54       -1.20       0.3315      6.462
    2       -6.89       -0.78       0.3117      6.652
    3       -9.10        0.13       0.2848      6.889
    4       -8.46       -0.69       0.2329      6.652
    5       -8.30        0.68       0.2257      7.117
    6       -8.21       -0.29       0.2096      6.364
    7       -8.61       -0.25       0.2015      6.565
    8       -8.14        0.18       0.1922      6.405
    9       -7.14       -1.16       0.1732      6.103
