              _             
             (_)            
   __ _ _ __  _ _ __   __ _ 
  / _` | '_ \| | '_ \ / _` |
 | (_| | | | | | | | | (_| |
  \__, |_| |_|_|_| |_|\__,_|
   __/ |                    
  |___/                     

gnina v1.3 master:97fa6bc+   Built Oct  3 2024.
gnina is based on smina and AutoDock Vina.
Please cite appropriately.

Commandline: gnina --receptor Proteinas_preparadas/MAPK1.pdbqt --ligand Bases_conjuntas/Targets/EGFR_MAPK1/EGFR_MAPK1_1048.pdbqt --autobox_ligand Compuestos_preparados/MAPK1.pdbqt --autobox_add 18 --exhaustiveness 16 --out docking/bases_conjuntas/EGFR_MAPK1_1048_L_MAPK1.pdbqt --log docking/bases_conjuntas/EGFR_MAPK1_1048_L_MAPK1.log
Using random seed: -515773675

mode |  affinity  |  intramol  |    CNN     |   CNN
     | (kcal/mol) | (kcal/mol) | pose score | affinity
-----+------------+------------+------------+----------
    1       -7.03       -1.13       0.5707      6.258
    2       -7.96       -1.32       0.5423      7.057
    3       -9.11       -0.63       0.3212      6.272
    4       -8.42        2.27       0.2839      6.141
    5       -7.72       -1.13       0.2026      5.886
    6       -9.61       -1.35       0.1793      6.174
    7       -7.46       -0.73       0.1639      5.674
    8       -8.46       -0.43       0.1614      5.973
    9       -8.81       -0.91       0.1579      5.899
