              _             
             (_)            
   __ _ _ __  _ _ __   __ _ 
  / _` | '_ \| | '_ \ / _` |
 | (_| | | | | | | | | (_| |
  \__, |_| |_|_|_| |_|\__,_|
   __/ |                    
  |___/                     

gnina v1.3 master:97fa6bc+   Built Oct  3 2024.
gnina is based on smina and AutoDock Vina.
Please cite appropriately.

Commandline: gnina --receptor Proteinas_preparadas/MAPK1.pdbqt --ligand Bases_conjuntas/Targets/EGFR_MAPK1/EGFR_MAPK1_481.pdbqt --autobox_ligand Compuestos_preparados/MAPK1.pdbqt --autobox_add 18 --exhaustiveness 16 --out docking/bases_conjuntas/EGFR_MAPK1_481_L_MAPK1.pdbqt --log docking/bases_conjuntas/EGFR_MAPK1_481_L_MAPK1.log
Using random seed: -1664846240

mode |  affinity  |  intramol  |    CNN     |   CNN
     | (kcal/mol) | (kcal/mol) | pose score | affinity
-----+------------+------------+------------+----------
    1       -6.80       -0.64       0.6752      5.891
    2       -8.81       -0.63       0.6197      7.395
    3       -9.72        0.68       0.5913      7.405
    4       -7.36        0.34       0.5382      7.073
    5       -9.80       -0.09       0.5306      7.159
    6       -6.88       -0.78       0.5153      5.355
    7       -6.85       -0.89       0.4818      6.280
    8       -7.74       -0.27       0.4737      6.840
    9       -7.04       -0.82       0.4416      5.729
