              _             
             (_)            
   __ _ _ __  _ _ __   __ _ 
  / _` | '_ \| | '_ \ / _` |
 | (_| | | | | | | | | (_| |
  \__, |_| |_|_|_| |_|\__,_|
   __/ |                    
  |___/                     

gnina v1.3 master:97fa6bc+   Built Oct  3 2024.
gnina is based on smina and AutoDock Vina.
Please cite appropriately.

Commandline: gnina --receptor Proteinas_preparadas/MAPK1.pdbqt --ligand Bases_conjuntas/Targets/EGFR_MAPK1/EGFR_MAPK1_721.pdbqt --autobox_ligand Compuestos_preparados/MAPK1.pdbqt --autobox_add 18 --exhaustiveness 16 --out docking/bases_conjuntas/EGFR_MAPK1_721_L_MAPK1.pdbqt --log docking/bases_conjuntas/EGFR_MAPK1_721_L_MAPK1.log
Using random seed: -1370843135

mode |  affinity  |  intramol  |    CNN     |   CNN
     | (kcal/mol) | (kcal/mol) | pose score | affinity
-----+------------+------------+------------+----------
    1       -9.13       -1.15       0.3797      7.372
    2       -9.09       -0.56       0.3576      7.050
    3       -8.48       -0.92       0.3539      7.676
    4       -8.51       -0.06       0.3134      6.975
    5       -8.78       -0.65       0.2829      7.320
    6       -8.94       -0.82       0.2481      7.250
    7       -9.38       -0.93       0.2428      7.144
    8       -8.34        0.76       0.2409      6.751
    9       -7.71       -0.78       0.2385      6.473
