              _             
             (_)            
   __ _ _ __  _ _ __   __ _ 
  / _` | '_ \| | '_ \ / _` |
 | (_| | | | | | | | | (_| |
  \__, |_| |_|_|_| |_|\__,_|
   __/ |                    
  |___/                     

gnina v1.3 master:97fa6bc+   Built Oct  3 2024.
gnina is based on smina and AutoDock Vina.
Please cite appropriately.

Commandline: gnina --receptor Proteinas_preparadas/EGFR.pdbqt --ligand Bases_conjuntas/Targets/EGFR_MAPK1/EGFR_MAPK1_128.pdbqt --autobox_ligand Compuestos_preparados/EGFR.pdbqt --autobox_add 18 --exhaustiveness 16 --cnn_scoring none --out docking/bases_conjuntas/EGFR_MAPK1_128_L_EGFR.pdbqt --log docking/bases_conjuntas/EGFR_MAPK1_128_L_EGFR.log
Using random seed: -1370136654

mode |  affinity  |  intramol  |    CNN     |   CNN
     | (kcal/mol) | (kcal/mol) | pose score | affinity
-----+------------+------------+------------+----------
    1       -9.56        1.21      -1.0000      0.000
    2       -9.20       -0.48      -1.0000      0.000
    3       -9.18        0.94      -1.0000      0.000
    4       -9.16        0.32      -1.0000      0.000
    5       -8.86       -0.08      -1.0000      0.000
    6       -8.75       -0.26      -1.0000      0.000
    7       -8.69        0.38      -1.0000      0.000
    8       -8.66        1.05      -1.0000      0.000
    9       -8.62        0.31      -1.0000      0.000
