              _             
             (_)            
   __ _ _ __  _ _ __   __ _ 
  / _` | '_ \| | '_ \ / _` |
 | (_| | | | | | | | | (_| |
  \__, |_| |_|_|_| |_|\__,_|
   __/ |                    
  |___/                     

gnina v1.3 master:97fa6bc+   Built Oct  3 2024.
gnina is based on smina and AutoDock Vina.
Please cite appropriately.

Commandline: gnina --receptor Proteinas_preparadas/MAPK1.pdbqt --ligand Bases_conjuntas/Targets/EGFR_MAPK1/EGFR_MAPK1_327.pdbqt --autobox_ligand Compuestos_preparados/MAPK1.pdbqt --autobox_add 18 --exhaustiveness 16 --out docking/bases_conjuntas/EGFR_MAPK1_327_L_MAPK1.pdbqt --log docking/bases_conjuntas/EGFR_MAPK1_327_L_MAPK1.log
Using random seed: 715723917

mode |  affinity  |  intramol  |    CNN     |   CNN
     | (kcal/mol) | (kcal/mol) | pose score | affinity
-----+------------+------------+------------+----------
    1       -7.33       -1.33       0.5900      6.971
    2       -7.16       -0.80       0.5300      6.628
    3       -7.53       -1.76       0.5169      6.972
    4       -7.30        1.38       0.5068      6.753
    5       -8.09       -1.39       0.4437      6.688
    6       -7.77       -0.94       0.4127      6.775
    7       -7.29       -1.04       0.3871      6.301
    8       -7.12       -1.07       0.3705      6.428
    9       -7.33       -1.24       0.3532      6.068
