              _             
             (_)            
   __ _ _ __  _ _ __   __ _ 
  / _` | '_ \| | '_ \ / _` |
 | (_| | | | | | | | | (_| |
  \__, |_| |_|_|_| |_|\__,_|
   __/ |                    
  |___/                     

gnina v1.3 master:97fa6bc+   Built Oct  3 2024.
gnina is based on smina and AutoDock Vina.
Please cite appropriately.

Commandline: gnina --receptor Proteinas_preparadas/MAPK1.pdbqt --ligand Bases_conjuntas/Targets/EGFR_MAPK1/EGFR_MAPK1_87.pdbqt --autobox_ligand Compuestos_preparados/MAPK1.pdbqt --autobox_add 18 --exhaustiveness 16 --cnn_scoring none --out docking/bases_conjuntas/EGFR_MAPK1_87_L_MAPK1.pdbqt --log docking/bases_conjuntas/EGFR_MAPK1_87_L_MAPK1.log
Using random seed: 1279842524

mode |  affinity  |  intramol  |    CNN     |   CNN
     | (kcal/mol) | (kcal/mol) | pose score | affinity
-----+------------+------------+------------+----------
    1       -8.65       -0.80      -1.0000      0.000
    2       -8.57       -0.25      -1.0000      0.000
    3       -8.24       -0.18      -1.0000      0.000
    4       -8.22       -1.11      -1.0000      0.000
    5       -8.21       -0.23      -1.0000      0.000
    6       -7.90       -0.38      -1.0000      0.000
    7       -7.90       -0.36      -1.0000      0.000
    8       -7.88       -0.84      -1.0000      0.000
    9       -7.85       -1.09      -1.0000      0.000
