              _             
             (_)            
   __ _ _ __  _ _ __   __ _ 
  / _` | '_ \| | '_ \ / _` |
 | (_| | | | | | | | | (_| |
  \__, |_| |_|_|_| |_|\__,_|
   __/ |                    
  |___/                     

gnina v1.3 master:97fa6bc+   Built Oct  3 2024.
gnina is based on smina and AutoDock Vina.
Please cite appropriately.

Commandline: gnina --receptor Proteinas_preparadas/MAPK1.pdbqt --ligand Bases_conjuntas/Targets/EGFR_MAPK1/EGFR_MAPK1_951.pdbqt --autobox_ligand Compuestos_preparados/MAPK1.pdbqt --autobox_add 18 --exhaustiveness 16 --out docking/bases_conjuntas/EGFR_MAPK1_951_L_MAPK1.pdbqt --log docking/bases_conjuntas/EGFR_MAPK1_951_L_MAPK1.log
Using random seed: -996443354

mode |  affinity  |  intramol  |    CNN     |   CNN
     | (kcal/mol) | (kcal/mol) | pose score | affinity
-----+------------+------------+------------+----------
    1       -7.15       -0.62       0.7943      6.613
    2       -7.60       -1.11       0.5936      6.544
    3       -9.30       -1.67       0.4656      6.792
    4      -10.21       -0.72       0.4114      7.310
    5       -7.20       -0.98       0.3991      5.604
    6       -7.12       -0.67       0.3933      6.327
    7       -7.06       -0.78       0.3757      6.236
    8       -6.86       -0.61       0.3582      5.898
    9       -7.98       -1.09       0.2925      6.926
