              _             
             (_)            
   __ _ _ __  _ _ __   __ _ 
  / _` | '_ \| | '_ \ / _` |
 | (_| | | | | | | | | (_| |
  \__, |_| |_|_|_| |_|\__,_|
   __/ |                    
  |___/                     

gnina v1.3 master:97fa6bc+   Built Oct  3 2024.
gnina is based on smina and AutoDock Vina.
Please cite appropriately.

Commandline: gnina --receptor Proteinas_preparadas/EGFR.pdbqt --ligand Bases_conjuntas/Targets/EGFR_MAPK1/EGFR_MAPK1_870.pdbqt --autobox_ligand Compuestos_preparados/EGFR.pdbqt --autobox_add 18 --exhaustiveness 16 --out docking/bases_conjuntas/EGFR_MAPK1_870_L_EGFR.pdbqt --log docking/bases_conjuntas/EGFR_MAPK1_870_L_EGFR.log
Using random seed: 753863124

mode |  affinity  |  intramol  |    CNN     |   CNN
     | (kcal/mol) | (kcal/mol) | pose score | affinity
-----+------------+------------+------------+----------
    1       -8.95       -0.46       0.5179      6.887
    2       -8.17       -1.38       0.4953      6.651
    3       -8.44       -0.85       0.4724      6.649
    4       -8.21       -0.70       0.4406      6.437
    5       -7.91       -0.30       0.4344      6.586
    6       -8.05        1.23       0.4115      6.456
    7       -7.04        0.46       0.4050      6.250
    8       -7.53        0.74       0.3811      6.249
    9       -7.06       -1.30       0.3696      6.323
