              _             
             (_)            
   __ _ _ __  _ _ __   __ _ 
  / _` | '_ \| | '_ \ / _` |
 | (_| | | | | | | | | (_| |
  \__, |_| |_|_|_| |_|\__,_|
   __/ |                    
  |___/                     

gnina v1.3 master:97fa6bc+   Built Oct  3 2024.
gnina is based on smina and AutoDock Vina.
Please cite appropriately.

Commandline: gnina --receptor Proteinas_preparadas/EGFR.pdbqt --ligand Bases_conjuntas/Targets/EGFR_MAPK1/EGFR_MAPK1_1095.pdbqt --autobox_ligand Compuestos_preparados/EGFR.pdbqt --autobox_add 18 --exhaustiveness 16 --out docking/bases_conjuntas/EGFR_MAPK1_1095_L_EGFR.pdbqt --log docking/bases_conjuntas/EGFR_MAPK1_1095_L_EGFR.log
Using random seed: 1669805434

mode |  affinity  |  intramol  |    CNN     |   CNN
     | (kcal/mol) | (kcal/mol) | pose score | affinity
-----+------------+------------+------------+----------
    1       -7.52       -0.45       0.7593      7.148
    2       -7.70        0.10       0.7237      7.193
    3       -7.05       -0.75       0.6614      6.200
    4       -7.39       -0.91       0.5155      5.980
    5       -7.14       -0.70       0.4225      5.842
    6       -7.05       -0.68       0.3564      5.708
    7       -7.68       -0.09       0.2804      6.206
    8       -7.36       -0.55       0.2717      5.907
    9       -8.50        0.14       0.2454      6.354
