              _             
             (_)            
   __ _ _ __  _ _ __   __ _ 
  / _` | '_ \| | '_ \ / _` |
 | (_| | | | | | | | | (_| |
  \__, |_| |_|_|_| |_|\__,_|
   __/ |                    
  |___/                     

gnina v1.3 master:97fa6bc+   Built Oct  3 2024.
gnina is based on smina and AutoDock Vina.
Please cite appropriately.

Commandline: gnina --receptor Proteinas_preparadas/MAPK1.pdbqt --ligand Bases_conjuntas/Targets/EGFR_MAPK1/EGFR_MAPK1_570.pdbqt --autobox_ligand Compuestos_preparados/MAPK1.pdbqt --autobox_add 18 --exhaustiveness 16 --out docking/bases_conjuntas/EGFR_MAPK1_570_L_MAPK1.pdbqt --log docking/bases_conjuntas/EGFR_MAPK1_570_L_MAPK1.log
Using random seed: 212289430

mode |  affinity  |  intramol  |    CNN     |   CNN
     | (kcal/mol) | (kcal/mol) | pose score | affinity
-----+------------+------------+------------+----------
    1       -6.11       -0.45       0.5738      6.119
    2       -6.46        0.64       0.5122      5.987
    3       -5.82        0.25       0.3545      5.276
    4       -6.83       -0.35       0.3068      5.293
    5       -6.65       -0.52       0.2832      5.552
    6       -6.98        0.30       0.2807      5.828
    7       -7.76       -0.52       0.2658      5.795
    8       -7.50       -0.33       0.2536      5.513
    9       -6.15       -0.49       0.2531      5.195
