              _             
             (_)            
   __ _ _ __  _ _ __   __ _ 
  / _` | '_ \| | '_ \ / _` |
 | (_| | | | | | | | | (_| |
  \__, |_| |_|_|_| |_|\__,_|
   __/ |                    
  |___/                     

gnina v1.3 master:97fa6bc+   Built Oct  3 2024.
gnina is based on smina and AutoDock Vina.
Please cite appropriately.

Commandline: gnina --receptor Proteinas_preparadas/EGFR.pdbqt --ligand Bases_conjuntas/Targets/EGFR_MAPK1/EGFR_MAPK1_152.pdbqt --autobox_ligand Compuestos_preparados/EGFR.pdbqt --autobox_add 18 --exhaustiveness 16 --cnn_scoring none --out docking/bases_conjuntas/EGFR_MAPK1_152_L_EGFR.pdbqt --log docking/bases_conjuntas/EGFR_MAPK1_152_L_EGFR.log
Using random seed: 1814752279

mode |  affinity  |  intramol  |    CNN     |   CNN
     | (kcal/mol) | (kcal/mol) | pose score | affinity
-----+------------+------------+------------+----------
    1       -9.35       -1.00      -1.0000      0.000
    2       -9.27        0.04      -1.0000      0.000
    3       -9.20        0.34      -1.0000      0.000
    4       -8.66        0.18      -1.0000      0.000
    5       -8.61        0.84      -1.0000      0.000
    6       -8.61       -1.02      -1.0000      0.000
    7       -8.59       -0.21      -1.0000      0.000
    8       -8.59       -0.24      -1.0000      0.000
    9       -8.58       -0.40      -1.0000      0.000
