              _             
             (_)            
   __ _ _ __  _ _ __   __ _ 
  / _` | '_ \| | '_ \ / _` |
 | (_| | | | | | | | | (_| |
  \__, |_| |_|_|_| |_|\__,_|
   __/ |                    
  |___/                     

gnina v1.3 master:97fa6bc+   Built Oct  3 2024.
gnina is based on smina and AutoDock Vina.
Please cite appropriately.

Commandline: gnina --receptor Proteinas_preparadas/EGFR.pdbqt --ligand Bases_conjuntas/Targets/EGFR_MAPK1/EGFR_MAPK1_576.pdbqt --autobox_ligand Compuestos_preparados/EGFR.pdbqt --autobox_add 18 --exhaustiveness 16 --out docking/bases_conjuntas/EGFR_MAPK1_576_L_EGFR.pdbqt --log docking/bases_conjuntas/EGFR_MAPK1_576_L_EGFR.log
Using random seed: -290022730

mode |  affinity  |  intramol  |    CNN     |   CNN
     | (kcal/mol) | (kcal/mol) | pose score | affinity
-----+------------+------------+------------+----------
    1       -7.11       -1.24       0.4518      6.532
    2       -7.45       -0.96       0.3267      6.001
    3       -8.31       -0.88       0.3071      6.000
    4       -7.47       -0.70       0.2966      5.744
    5       -7.41       -0.79       0.2905      6.019
    6       -8.23       -0.70       0.2663      6.002
    7       -7.24       -0.77       0.2661      5.323
    8       -8.13       -0.29       0.2490      6.164
    9       -8.34       -0.73       0.2480      6.124
