              _             
             (_)            
   __ _ _ __  _ _ __   __ _ 
  / _` | '_ \| | '_ \ / _` |
 | (_| | | | | | | | | (_| |
  \__, |_| |_|_|_| |_|\__,_|
   __/ |                    
  |___/                     

gnina v1.3 master:97fa6bc+   Built Oct  3 2024.
gnina is based on smina and AutoDock Vina.
Please cite appropriately.

Commandline: gnina --receptor Proteinas_preparadas/EGFR.pdbqt --ligand Bases_conjuntas/Targets/EGFR_MAPK1/EGFR_MAPK1_778.pdbqt --autobox_ligand Compuestos_preparados/EGFR.pdbqt --autobox_add 18 --exhaustiveness 16 --out docking/bases_conjuntas/EGFR_MAPK1_778_L_EGFR.pdbqt --log docking/bases_conjuntas/EGFR_MAPK1_778_L_EGFR.log
Using random seed: -1254642874

mode |  affinity  |  intramol  |    CNN     |   CNN
     | (kcal/mol) | (kcal/mol) | pose score | affinity
-----+------------+------------+------------+----------
    1       -8.49       -0.19       0.4682      6.640
    2       -7.77       -0.61       0.3897      6.672
    3       -7.80        0.29       0.3270      5.913
    4       -8.90       -0.45       0.3081      6.556
    5       -7.79       -0.11       0.2851      6.332
    6       -7.63        1.09       0.2786      6.476
    7       -8.19        0.36       0.2562      6.345
    8       -7.60       -0.23       0.2378      5.504
    9       -9.63       -0.75       0.2340      6.797
