              _             
             (_)            
   __ _ _ __  _ _ __   __ _ 
  / _` | '_ \| | '_ \ / _` |
 | (_| | | | | | | | | (_| |
  \__, |_| |_|_|_| |_|\__,_|
   __/ |                    
  |___/                     

gnina v1.3 master:97fa6bc+   Built Oct  3 2024.
gnina is based on smina and AutoDock Vina.
Please cite appropriately.

Commandline: gnina --receptor Proteinas_preparadas/EGFR.pdbqt --ligand Bases_conjuntas/Targets/EGFR_MAPK1/EGFR_MAPK1_873.pdbqt --autobox_ligand Compuestos_preparados/EGFR.pdbqt --autobox_add 18 --exhaustiveness 16 --out docking/bases_conjuntas/EGFR_MAPK1_873_L_EGFR.pdbqt --log docking/bases_conjuntas/EGFR_MAPK1_873_L_EGFR.log
Using random seed: 1659797664

mode |  affinity  |  intramol  |    CNN     |   CNN
     | (kcal/mol) | (kcal/mol) | pose score | affinity
-----+------------+------------+------------+----------
    1       -7.77       -0.79       0.7658      6.483
    2       -7.99        0.09       0.7171      7.171
    3       -7.45       -1.03       0.7043      7.217
    4       -7.07       -0.93       0.6829      6.998
    5       -7.12       -0.20       0.6019      6.991
    6       -6.93        0.48       0.5390      6.063
    7       -7.71        0.19       0.5277      6.607
    8       -7.29       -0.63       0.4964      6.042
    9       -7.41       -1.15       0.4499      6.774
