              _             
             (_)            
   __ _ _ __  _ _ __   __ _ 
  / _` | '_ \| | '_ \ / _` |
 | (_| | | | | | | | | (_| |
  \__, |_| |_|_|_| |_|\__,_|
   __/ |                    
  |___/                     

gnina v1.3 master:97fa6bc+   Built Oct  3 2024.
gnina is based on smina and AutoDock Vina.
Please cite appropriately.

Commandline: gnina --receptor Proteinas_preparadas/MAPK1.pdbqt --ligand Bases_conjuntas/Targets/EGFR_MAPK1/EGFR_MAPK1_198.pdbqt --autobox_ligand Compuestos_preparados/MAPK1.pdbqt --autobox_add 18 --exhaustiveness 16 --out docking/bases_conjuntas/EGFR_MAPK1_198_L_MAPK1.pdbqt --log docking/bases_conjuntas/EGFR_MAPK1_198_L_MAPK1.log
Using random seed: 2065904385

mode |  affinity  |  intramol  |    CNN     |   CNN
     | (kcal/mol) | (kcal/mol) | pose score | affinity
-----+------------+------------+------------+----------
    1       -8.01       -1.04       0.7456      6.784
    2       -8.66       -1.34       0.6129      6.797
    3       -8.50        0.94       0.4051      6.395
    4       -9.95       -0.11       0.4051      6.618
    5       -9.42       -1.25       0.3792      6.388
    6       -8.64        0.10       0.3595      6.361
    7       -7.88       -1.10       0.3386      5.848
    8       -8.85        0.02       0.3283      6.158
    9       -8.76       -0.68       0.2920      6.301
