              _             
             (_)            
   __ _ _ __  _ _ __   __ _ 
  / _` | '_ \| | '_ \ / _` |
 | (_| | | | | | | | | (_| |
  \__, |_| |_|_|_| |_|\__,_|
   __/ |                    
  |___/                     

gnina v1.3 master:97fa6bc+   Built Oct  3 2024.
gnina is based on smina and AutoDock Vina.
Please cite appropriately.

Commandline: gnina --receptor Proteinas_preparadas/EGFR.pdbqt --ligand Bases_conjuntas/Targets/EGFR_MAPK1/EGFR_MAPK1_623.pdbqt --autobox_ligand Compuestos_preparados/EGFR.pdbqt --autobox_add 18 --exhaustiveness 16 --out docking/bases_conjuntas/EGFR_MAPK1_623_L_EGFR.pdbqt --log docking/bases_conjuntas/EGFR_MAPK1_623_L_EGFR.log
Using random seed: -1893804359

mode |  affinity  |  intramol  |    CNN     |   CNN
     | (kcal/mol) | (kcal/mol) | pose score | affinity
-----+------------+------------+------------+----------
    1       -9.34       -1.11       0.4572      6.742
    2       -8.38       -1.06       0.4463      6.883
    3       -9.54       -0.61       0.4383      7.509
    4       -8.88       -0.48       0.4378      6.866
    5       -9.04       -0.35       0.3998      6.300
    6       -8.69       -1.57       0.3838      6.642
    7       -8.45       -1.14       0.3507      6.729
    8       -8.21       -1.19       0.3374      6.616
    9       -9.50       -0.07       0.2700      7.168
