              _             
             (_)            
   __ _ _ __  _ _ __   __ _ 
  / _` | '_ \| | '_ \ / _` |
 | (_| | | | | | | | | (_| |
  \__, |_| |_|_|_| |_|\__,_|
   __/ |                    
  |___/                     

gnina v1.3 master:97fa6bc+   Built Oct  3 2024.
gnina is based on smina and AutoDock Vina.
Please cite appropriately.

Commandline: gnina --receptor Proteinas_preparadas/EGFR.pdbqt --ligand Bases_conjuntas/Targets/EGFR_MAPK1/EGFR_MAPK1_837.pdbqt --autobox_ligand Compuestos_preparados/EGFR.pdbqt --autobox_add 18 --exhaustiveness 16 --out docking/bases_conjuntas/EGFR_MAPK1_837_L_EGFR.pdbqt --log docking/bases_conjuntas/EGFR_MAPK1_837_L_EGFR.log
Using random seed: -839093114

mode |  affinity  |  intramol  |    CNN     |   CNN
     | (kcal/mol) | (kcal/mol) | pose score | affinity
-----+------------+------------+------------+----------
    1       -8.93       -0.99       0.8862      7.799
    2       -8.63       -0.17       0.5866      7.256
    3       -8.60       -2.60       0.5565      7.044
    4       -7.41       -1.07       0.5251      6.376
    5       -8.07       -2.06       0.5186      7.159
    6       -7.63       -1.45       0.5082      7.070
    7       -8.60       -1.27       0.5074      7.288
    8       -7.45       -0.58       0.4537      6.182
    9       -7.54       -1.17       0.4293      6.642
