              _             
             (_)            
   __ _ _ __  _ _ __   __ _ 
  / _` | '_ \| | '_ \ / _` |
 | (_| | | | | | | | | (_| |
  \__, |_| |_|_|_| |_|\__,_|
   __/ |                    
  |___/                     

gnina v1.3 master:97fa6bc+   Built Oct  3 2024.
gnina is based on smina and AutoDock Vina.
Please cite appropriately.

Commandline: gnina --receptor Proteinas_preparadas/EGFR.pdbqt --ligand Bases_conjuntas/Targets/EGFR_MAPK1/EGFR_MAPK1_932.pdbqt --autobox_ligand Compuestos_preparados/EGFR.pdbqt --autobox_add 18 --exhaustiveness 16 --out docking/bases_conjuntas/EGFR_MAPK1_932_L_EGFR.pdbqt --log docking/bases_conjuntas/EGFR_MAPK1_932_L_EGFR.log
Using random seed: 958459734

mode |  affinity  |  intramol  |    CNN     |   CNN
     | (kcal/mol) | (kcal/mol) | pose score | affinity
-----+------------+------------+------------+----------
    1       -6.96       -1.14       0.5738      6.799
    2       -7.36       -0.27       0.5198      6.698
    3       -9.93       -0.87       0.4872      6.891
    4       -7.08       -0.87       0.4673      6.503
    5       -7.67        0.57       0.4483      6.811
    6       -7.35       -0.42       0.3975      6.461
    7       -7.69        1.33       0.3840      6.841
    8       -7.80       -0.28       0.2848      6.458
    9       -6.98       -0.32       0.2781      6.124
