              _             
             (_)            
   __ _ _ __  _ _ __   __ _ 
  / _` | '_ \| | '_ \ / _` |
 | (_| | | | | | | | | (_| |
  \__, |_| |_|_|_| |_|\__,_|
   __/ |                    
  |___/                     

gnina v1.3 master:97fa6bc+   Built Oct  3 2024.
gnina is based on smina and AutoDock Vina.
Please cite appropriately.

Commandline: gnina --receptor Proteinas_preparadas/MAPK1.pdbqt --ligand Bases_conjuntas/Targets/EGFR_MAPK1/EGFR_MAPK1_330.pdbqt --autobox_ligand Compuestos_preparados/MAPK1.pdbqt --autobox_add 18 --exhaustiveness 16 --out docking/bases_conjuntas/EGFR_MAPK1_330_L_MAPK1.pdbqt --log docking/bases_conjuntas/EGFR_MAPK1_330_L_MAPK1.log
Using random seed: 114703209

mode |  affinity  |  intramol  |    CNN     |   CNN
     | (kcal/mol) | (kcal/mol) | pose score | affinity
-----+------------+------------+------------+----------
    1       -8.43        0.14       0.4446      7.111
    2       -5.53       -1.07       0.4003      6.549
    3       -5.70       -0.08       0.3999      5.922
    4       -6.00       -1.41       0.3113      6.096
    5       -5.70        1.56       0.2988      5.583
    6       -5.62        0.88       0.2387      5.428
    7       -6.57        0.27       0.2344      6.197
    8       -6.84       -0.02       0.2303      6.403
    9       -6.13        0.13       0.2293      5.968
