              _             
             (_)            
   __ _ _ __  _ _ __   __ _ 
  / _` | '_ \| | '_ \ / _` |
 | (_| | | | | | | | | (_| |
  \__, |_| |_|_|_| |_|\__,_|
   __/ |                    
  |___/                     

gnina v1.3 master:97fa6bc+   Built Oct  3 2024.
gnina is based on smina and AutoDock Vina.
Please cite appropriately.

Commandline: gnina --receptor Proteinas_preparadas/EGFR.pdbqt --ligand Bases_conjuntas/Targets/EGFR_MAPK1/EGFR_MAPK1_1048.pdbqt --autobox_ligand Compuestos_preparados/EGFR.pdbqt --autobox_add 18 --exhaustiveness 16 --out docking/bases_conjuntas/EGFR_MAPK1_1048_L_EGFR.pdbqt --log docking/bases_conjuntas/EGFR_MAPK1_1048_L_EGFR.log
Using random seed: -398008696

mode |  affinity  |  intramol  |    CNN     |   CNN
     | (kcal/mol) | (kcal/mol) | pose score | affinity
-----+------------+------------+------------+----------
    1       -7.56       -1.28       0.5832      6.649
    2       -7.43       -1.08       0.5017      6.204
    3       -6.91       -0.91       0.3082      5.738
    4       -7.29       -1.58       0.2839      5.175
    5       -7.32       -0.56       0.2263      5.161
    6       -6.88       -0.88       0.2099      5.685
    7       -6.82       -0.95       0.1960      5.626
    8       -7.06       -1.84       0.1745      5.467
    9       -7.15       -0.80       0.1717      5.509
