              _             
             (_)            
   __ _ _ __  _ _ __   __ _ 
  / _` | '_ \| | '_ \ / _` |
 | (_| | | | | | | | | (_| |
  \__, |_| |_|_|_| |_|\__,_|
   __/ |                    
  |___/                     

gnina v1.3 master:97fa6bc+   Built Oct  3 2024.
gnina is based on smina and AutoDock Vina.
Please cite appropriately.

Commandline: gnina --receptor Proteinas_preparadas/MAPK1.pdbqt --ligand Bases_conjuntas/Targets/EGFR_MAPK1/EGFR_MAPK1_540.pdbqt --autobox_ligand Compuestos_preparados/MAPK1.pdbqt --autobox_add 18 --exhaustiveness 16 --cnn_scoring none --out docking/bases_conjuntas/EGFR_MAPK1_540_L_MAPK1.pdbqt --log docking/bases_conjuntas/EGFR_MAPK1_540_L_MAPK1.log
Using random seed: -1099768743

mode |  affinity  |  intramol  |    CNN     |   CNN
     | (kcal/mol) | (kcal/mol) | pose score | affinity
-----+------------+------------+------------+----------
    1       -6.74        0.60      -1.0000      0.000
    2       -6.64       -0.56      -1.0000      0.000
    3       -6.45       -0.35      -1.0000      0.000
    4       -6.44        0.12      -1.0000      0.000
    5       -6.43       -0.59      -1.0000      0.000
    6       -6.42       -0.67      -1.0000      0.000
    7       -6.42       -0.53      -1.0000      0.000
    8       -6.41       -0.50      -1.0000      0.000
    9       -6.40       -0.73      -1.0000      0.000
