              _             
             (_)            
   __ _ _ __  _ _ __   __ _ 
  / _` | '_ \| | '_ \ / _` |
 | (_| | | | | | | | | (_| |
  \__, |_| |_|_|_| |_|\__,_|
   __/ |                    
  |___/                     

gnina v1.3 master:97fa6bc+   Built Oct  3 2024.
gnina is based on smina and AutoDock Vina.
Please cite appropriately.

Commandline: gnina --receptor Proteinas_preparadas/EGFR.pdbqt --ligand Bases_conjuntas/Targets/EGFR_MAPK1/EGFR_MAPK1_1128.pdbqt --autobox_ligand Compuestos_preparados/EGFR.pdbqt --autobox_add 18 --exhaustiveness 16 --out docking/bases_conjuntas/EGFR_MAPK1_1128_L_EGFR.pdbqt --log docking/bases_conjuntas/EGFR_MAPK1_1128_L_EGFR.log
Using random seed: 1316383665

mode |  affinity  |  intramol  |    CNN     |   CNN
     | (kcal/mol) | (kcal/mol) | pose score | affinity
-----+------------+------------+------------+----------
    1       -9.72       -0.08       0.8305      6.618
    2       -7.32        0.22       0.6006      7.019
    3       -9.12       -0.68       0.5918      6.703
    4       -7.84       -1.06       0.5453      6.221
    5       -8.39       -0.94       0.4588      6.936
    6       -8.19        0.03       0.4191      6.376
    7       -9.26       -1.39       0.4055      6.520
    8       -9.10       -0.72       0.3832      6.131
    9       -8.25       -1.03       0.3615      7.297
