              _             
             (_)            
   __ _ _ __  _ _ __   __ _ 
  / _` | '_ \| | '_ \ / _` |
 | (_| | | | | | | | | (_| |
  \__, |_| |_|_|_| |_|\__,_|
   __/ |                    
  |___/                     

gnina v1.3 master:97fa6bc+   Built Oct  3 2024.
gnina is based on smina and AutoDock Vina.
Please cite appropriately.

Commandline: gnina --receptor Proteinas_preparadas/MAPK1.pdbqt --ligand Bases_conjuntas/Targets/EGFR_MAPK1/EGFR_MAPK1_826.pdbqt --autobox_ligand Compuestos_preparados/MAPK1.pdbqt --autobox_add 18 --exhaustiveness 16 --out docking/bases_conjuntas/EGFR_MAPK1_826_L_MAPK1.pdbqt --log docking/bases_conjuntas/EGFR_MAPK1_826_L_MAPK1.log
Using random seed: 1936470782

mode |  affinity  |  intramol  |    CNN     |   CNN
     | (kcal/mol) | (kcal/mol) | pose score | affinity
-----+------------+------------+------------+----------
    1       -7.02       -1.20       0.3491      6.431
    2       -9.10        0.80       0.3399      7.059
    3       -7.96       -1.15       0.2968      7.307
    4       -8.54       -0.28       0.2783      6.510
    5       -8.84       -1.43       0.2554      6.699
    6       -8.58       -1.02       0.1952      6.542
    7       -7.44        1.32       0.1952      5.559
    8       -8.73       -0.63       0.1801      6.606
    9       -7.79        1.79       0.1799      7.171
