              _             
             (_)            
   __ _ _ __  _ _ __   __ _ 
  / _` | '_ \| | '_ \ / _` |
 | (_| | | | | | | | | (_| |
  \__, |_| |_|_|_| |_|\__,_|
   __/ |                    
  |___/                     

gnina v1.3 master:97fa6bc+   Built Oct  3 2024.
gnina is based on smina and AutoDock Vina.
Please cite appropriately.

Commandline: gnina --receptor Proteinas_preparadas/EGFR.pdbqt --ligand Bases_conjuntas/Targets/EGFR_MAPK1/EGFR_MAPK1_196.pdbqt --autobox_ligand Compuestos_preparados/EGFR.pdbqt --autobox_add 18 --exhaustiveness 16 --out docking/bases_conjuntas/EGFR_MAPK1_196_L_EGFR.pdbqt --log docking/bases_conjuntas/EGFR_MAPK1_196_L_EGFR.log
Using random seed: -1585602985

mode |  affinity  |  intramol  |    CNN     |   CNN
     | (kcal/mol) | (kcal/mol) | pose score | affinity
-----+------------+------------+------------+----------
    1       -6.76       -0.55       0.8191      7.301
    2       -7.29       -0.61       0.7519      7.125
    3       -6.89       -0.15       0.7047      7.077
    4       -7.34       -1.02       0.4787      6.830
    5       -7.37       -0.78       0.4670      5.833
    6       -6.61       -0.30       0.4074      5.857
    7       -6.98       -0.04       0.4067      6.742
    8       -7.06       -0.56       0.3827      6.020
    9       -6.94       -1.12       0.3436      6.481
