              _             
             (_)            
   __ _ _ __  _ _ __   __ _ 
  / _` | '_ \| | '_ \ / _` |
 | (_| | | | | | | | | (_| |
  \__, |_| |_|_|_| |_|\__,_|
   __/ |                    
  |___/                     

gnina v1.3 master:97fa6bc+   Built Oct  3 2024.
gnina is based on smina and AutoDock Vina.
Please cite appropriately.

Commandline: gnina --receptor Proteinas_preparadas/EGFR.pdbqt --ligand Bases_conjuntas/Targets/EGFR_MAPK1/EGFR_MAPK1_476.pdbqt --autobox_ligand Compuestos_preparados/EGFR.pdbqt --autobox_add 18 --exhaustiveness 16 --cnn_scoring none --out docking/bases_conjuntas/EGFR_MAPK1_476_L_EGFR.pdbqt --log docking/bases_conjuntas/EGFR_MAPK1_476_L_EGFR.log
Using random seed: -444868687

mode |  affinity  |  intramol  |    CNN     |   CNN
     | (kcal/mol) | (kcal/mol) | pose score | affinity
-----+------------+------------+------------+----------
    1       -9.39       -1.10      -1.0000      0.000
    2       -9.35        0.28      -1.0000      0.000
    3       -9.33       -1.18      -1.0000      0.000
    4       -9.25       -0.83      -1.0000      0.000
    5       -9.21       -0.68      -1.0000      0.000
    6       -9.18        0.92      -1.0000      0.000
    7       -8.81        0.28      -1.0000      0.000
    8       -8.73       -0.24      -1.0000      0.000
    9       -8.59       -0.36      -1.0000      0.000
