              _             
             (_)            
   __ _ _ __  _ _ __   __ _ 
  / _` | '_ \| | '_ \ / _` |
 | (_| | | | | | | | | (_| |
  \__, |_| |_|_|_| |_|\__,_|
   __/ |                    
  |___/                     

gnina v1.3 master:97fa6bc+   Built Oct  3 2024.
gnina is based on smina and AutoDock Vina.
Please cite appropriately.

Commandline: gnina --receptor Proteinas_preparadas/EGFR.pdbqt --ligand Bases_conjuntas/Targets/EGFR_MAPK1/EGFR_MAPK1_682.pdbqt --autobox_ligand Compuestos_preparados/EGFR.pdbqt --autobox_add 18 --exhaustiveness 16 --out docking/bases_conjuntas/EGFR_MAPK1_682_L_EGFR.pdbqt --log docking/bases_conjuntas/EGFR_MAPK1_682_L_EGFR.log
Using random seed: -928723930

mode |  affinity  |  intramol  |    CNN     |   CNN
     | (kcal/mol) | (kcal/mol) | pose score | affinity
-----+------------+------------+------------+----------
    1       -8.27       -0.76       0.7680      7.136
    2       -9.44       -0.59       0.7300      6.968
    3       -8.21       -0.52       0.7133      7.011
    4       -8.21       -0.67       0.7009      6.038
    5       -8.13       -0.92       0.5719      6.908
    6      -10.11       -0.65       0.5670      6.893
    7       -8.51       -1.56       0.4898      7.108
    8       -8.28        0.12       0.4341      5.971
    9       -9.48       -0.70       0.4221      6.770
