              _             
             (_)            
   __ _ _ __  _ _ __   __ _ 
  / _` | '_ \| | '_ \ / _` |
 | (_| | | | | | | | | (_| |
  \__, |_| |_|_|_| |_|\__,_|
   __/ |                    
  |___/                     

gnina v1.3 master:97fa6bc+   Built Oct  3 2024.
gnina is based on smina and AutoDock Vina.
Please cite appropriately.

Commandline: gnina --receptor Proteinas_preparadas/EGFR.pdbqt --ligand Bases_conjuntas/Targets/EGFR_MAPK1/EGFR_MAPK1_680.pdbqt --autobox_ligand Compuestos_preparados/EGFR.pdbqt --autobox_add 18 --exhaustiveness 16 --out docking/bases_conjuntas/EGFR_MAPK1_680_L_EGFR.pdbqt --log docking/bases_conjuntas/EGFR_MAPK1_680_L_EGFR.log
Using random seed: 1059260764

mode |  affinity  |  intramol  |    CNN     |   CNN
     | (kcal/mol) | (kcal/mol) | pose score | affinity
-----+------------+------------+------------+----------
    1       -7.10       -1.27       0.6175      6.816
    2       -8.03       -0.69       0.6074      7.258
    3       -7.15       -1.02       0.4371      6.553
    4       -8.54       -0.19       0.4102      7.059
    5       -7.19       -0.20       0.3928      5.669
    6       -7.64       -0.05       0.3856      5.872
    7       -7.75       -0.64       0.3667      6.623
    8       -7.26        0.52       0.3064      6.060
    9       -7.53       -0.35       0.2866      5.663
