              _             
             (_)            
   __ _ _ __  _ _ __   __ _ 
  / _` | '_ \| | '_ \ / _` |
 | (_| | | | | | | | | (_| |
  \__, |_| |_|_|_| |_|\__,_|
   __/ |                    
  |___/                     

gnina v1.3 master:97fa6bc+   Built Oct  3 2024.
gnina is based on smina and AutoDock Vina.
Please cite appropriately.

Commandline: gnina --receptor Proteinas_preparadas/MAPK1.pdbqt --ligand Bases_conjuntas/Targets/EGFR_MAPK1/EGFR_MAPK1_746.pdbqt --autobox_ligand Compuestos_preparados/MAPK1.pdbqt --autobox_add 18 --exhaustiveness 16 --out docking/bases_conjuntas/EGFR_MAPK1_746_L_MAPK1.pdbqt --log docking/bases_conjuntas/EGFR_MAPK1_746_L_MAPK1.log
Using random seed: 1343478718

mode |  affinity  |  intramol  |    CNN     |   CNN
     | (kcal/mol) | (kcal/mol) | pose score | affinity
-----+------------+------------+------------+----------
    1       -8.36       -0.11       0.3443      6.165
    2       -5.97       -0.28       0.1780      4.698
    3       -7.11       -0.27       0.1730      5.010
    4       -6.71       -0.21       0.1590      4.884
    5       -6.49       -0.21       0.1577      5.045
    6       -6.48       -0.13       0.1490      4.441
    7       -6.58       -0.30       0.1446      4.557
    8       -5.93       -0.04       0.1399      4.727
    9       -7.40       -0.21       0.1336      3.698
