              _             
             (_)            
   __ _ _ __  _ _ __   __ _ 
  / _` | '_ \| | '_ \ / _` |
 | (_| | | | | | | | | (_| |
  \__, |_| |_|_|_| |_|\__,_|
   __/ |                    
  |___/                     

gnina v1.3 master:97fa6bc+   Built Oct  3 2024.
gnina is based on smina and AutoDock Vina.
Please cite appropriately.

Commandline: gnina --receptor Proteinas_preparadas/MAPK1.pdbqt --ligand Bases_conjuntas/Targets/EGFR_MAPK1/EGFR_MAPK1_741.pdbqt --autobox_ligand Compuestos_preparados/MAPK1.pdbqt --autobox_add 18 --exhaustiveness 16 --out docking/bases_conjuntas/EGFR_MAPK1_741_L_MAPK1.pdbqt --log docking/bases_conjuntas/EGFR_MAPK1_741_L_MAPK1.log
Using random seed: -1968424474

mode |  affinity  |  intramol  |    CNN     |   CNN
     | (kcal/mol) | (kcal/mol) | pose score | affinity
-----+------------+------------+------------+----------
    1       -6.68       -1.44       0.4273      6.268
    2       -7.33        0.04       0.3934      6.161
    3       -8.60       -0.97       0.3818      6.499
    4       -6.29       -1.40       0.3222      6.186
    5       -6.23       -1.17       0.3192      6.248
    6       -6.47       -0.60       0.2953      5.517
    7       -7.96       -0.39       0.2768      6.254
    8       -6.77       -1.08       0.2756      5.814
    9       -6.58       -1.16       0.2752      5.893
