              _             
             (_)            
   __ _ _ __  _ _ __   __ _ 
  / _` | '_ \| | '_ \ / _` |
 | (_| | | | | | | | | (_| |
  \__, |_| |_|_|_| |_|\__,_|
   __/ |                    
  |___/                     

gnina v1.3 master:97fa6bc+   Built Oct  3 2024.
gnina is based on smina and AutoDock Vina.
Please cite appropriately.

Commandline: gnina --receptor Proteinas_preparadas/EGFR.pdbqt --ligand Bases_conjuntas/Targets/EGFR_MAPK1/EGFR_MAPK1_832.pdbqt --autobox_ligand Compuestos_preparados/EGFR.pdbqt --autobox_add 18 --exhaustiveness 16 --out docking/bases_conjuntas/EGFR_MAPK1_832_L_EGFR.pdbqt --log docking/bases_conjuntas/EGFR_MAPK1_832_L_EGFR.log
Using random seed: -1571278940

mode |  affinity  |  intramol  |    CNN     |   CNN
     | (kcal/mol) | (kcal/mol) | pose score | affinity
-----+------------+------------+------------+----------
    1       -9.01       -0.21       0.4131      6.755
    2       -8.42        1.19       0.3730      6.003
    3       -9.16       -0.53       0.3596      6.874
    4       -8.38       -0.59       0.3383      5.925
    5       -8.64       -0.40       0.3274      6.798
    6       -9.80       -1.15       0.3180      7.455
    7       -9.16       -0.39       0.3159      7.344
    8       -9.05       -1.48       0.3050      7.148
    9       -8.23       -0.58       0.3018      6.469
