              _             
             (_)            
   __ _ _ __  _ _ __   __ _ 
  / _` | '_ \| | '_ \ / _` |
 | (_| | | | | | | | | (_| |
  \__, |_| |_|_|_| |_|\__,_|
   __/ |                    
  |___/                     

gnina v1.3 master:97fa6bc+   Built Oct  3 2024.
gnina is based on smina and AutoDock Vina.
Please cite appropriately.

Commandline: gnina --receptor Proteinas_preparadas/EGFR.pdbqt --ligand Bases_conjuntas/Targets/EGFR_MAPK1/EGFR_MAPK1_156.pdbqt --autobox_ligand Compuestos_preparados/EGFR.pdbqt --autobox_add 18 --exhaustiveness 16 --out docking/bases_conjuntas/EGFR_MAPK1_156_L_EGFR.pdbqt --log docking/bases_conjuntas/EGFR_MAPK1_156_L_EGFR.log
Using random seed: -529347812

mode |  affinity  |  intramol  |    CNN     |   CNN
     | (kcal/mol) | (kcal/mol) | pose score | affinity
-----+------------+------------+------------+----------
    1       -7.88       -0.60       0.7433      6.640
    2       -7.99       -0.57       0.6356      6.101
    3       -7.42        0.25       0.5553      6.950
    4       -7.82       -0.63       0.5255      6.721
    5       -7.65        0.46       0.5169      6.022
    6       -7.64        0.35       0.4955      6.298
    7       -8.34       -0.17       0.4204      6.526
    8       -8.38        0.28       0.3285      6.708
    9       -7.37       -0.89       0.3152      6.290
