              _             
             (_)            
   __ _ _ __  _ _ __   __ _ 
  / _` | '_ \| | '_ \ / _` |
 | (_| | | | | | | | | (_| |
  \__, |_| |_|_|_| |_|\__,_|
   __/ |                    
  |___/                     

gnina v1.3 master:97fa6bc+   Built Oct  3 2024.
gnina is based on smina and AutoDock Vina.
Please cite appropriately.

Commandline: gnina --receptor Proteinas_preparadas/EGFR.pdbqt --ligand Bases_conjuntas/Targets/EGFR_MAPK1/EGFR_MAPK1_827.pdbqt --autobox_ligand Compuestos_preparados/EGFR.pdbqt --autobox_add 18 --exhaustiveness 16 --out docking/bases_conjuntas/EGFR_MAPK1_827_L_EGFR.pdbqt --log docking/bases_conjuntas/EGFR_MAPK1_827_L_EGFR.log
Using random seed: -776362888

mode |  affinity  |  intramol  |    CNN     |   CNN
     | (kcal/mol) | (kcal/mol) | pose score | affinity
-----+------------+------------+------------+----------
    1       -7.93       -0.80       0.4263      6.511
    2       -8.00        0.49       0.4060      5.880
    3       -9.54       -1.01       0.2941      6.813
    4       -7.95       -0.07       0.2646      5.888
    5       -8.72       -0.77       0.2541      6.322
    6       -8.66       -1.29       0.2385      6.066
    7       -9.86       -0.89       0.2227      6.750
    8       -8.59       -0.77       0.2197      5.507
    9       -8.36       -0.52       0.1909      5.820
