              _             
             (_)            
   __ _ _ __  _ _ __   __ _ 
  / _` | '_ \| | '_ \ / _` |
 | (_| | | | | | | | | (_| |
  \__, |_| |_|_|_| |_|\__,_|
   __/ |                    
  |___/                     

gnina v1.3 master:97fa6bc+   Built Oct  3 2024.
gnina is based on smina and AutoDock Vina.
Please cite appropriately.

Commandline: gnina --receptor Proteinas_preparadas/STAT3.pdbqt --ligand Bases_conjuntas/Targets/EGFR_STAT3/EGFR_STAT3_588.pdbqt --autobox_ligand Compuestos_preparados/STAT3.pdbqt --autobox_add 18 --exhaustiveness 16 --cnn_scoring none --out docking/bases_conjuntas/EGFR_STAT3_588_L_STAT3.pdbqt --log docking/bases_conjuntas/EGFR_STAT3_588_L_STAT3.log
Using random seed: -755891738

mode |  affinity  |  intramol  |    CNN     |   CNN
     | (kcal/mol) | (kcal/mol) | pose score | affinity
-----+------------+------------+------------+----------
    1       -7.61       -0.12      -1.0000      0.000
    2       -7.49       -0.85      -1.0000      0.000
    3       -7.32       -0.53      -1.0000      0.000
    4       -7.28       -0.43      -1.0000      0.000
    5       -7.13       -0.70      -1.0000      0.000
    6       -7.12       -0.88      -1.0000      0.000
    7       -7.08       -0.97      -1.0000      0.000
    8       -6.90       -1.04      -1.0000      0.000
    9       -6.82       -0.96      -1.0000      0.000
