              _             
             (_)            
   __ _ _ __  _ _ __   __ _ 
  / _` | '_ \| | '_ \ / _` |
 | (_| | | | | | | | | (_| |
  \__, |_| |_|_|_| |_|\__,_|
   __/ |                    
  |___/                     

gnina v1.3 master:97fa6bc+   Built Oct  3 2024.
gnina is based on smina and AutoDock Vina.
Please cite appropriately.

Commandline: gnina --receptor Proteinas_preparadas/EGFR.pdbqt --ligand Bases_conjuntas/Targets/EGFR_MAPK1/EGFR_MAPK1_86.pdbqt --autobox_ligand Compuestos_preparados/EGFR.pdbqt --autobox_add 18 --exhaustiveness 16 --out docking/bases_conjuntas/EGFR_MAPK1_86_L_EGFR.pdbqt --log docking/bases_conjuntas/EGFR_MAPK1_86_L_EGFR.log
Using random seed: -1910903361

mode |  affinity  |  intramol  |    CNN     |   CNN
     | (kcal/mol) | (kcal/mol) | pose score | affinity
-----+------------+------------+------------+----------
    1       -7.82        0.04       0.7621      6.970
    2       -7.20        0.11       0.6852      6.306
    3       -7.81        0.32       0.6542      6.666
    4       -7.80       -0.12       0.5655      7.041
    5       -6.99       -0.17       0.5195      5.722
    6       -8.60        0.30       0.4703      6.469
    7       -6.88       -0.23       0.4662      6.219
    8       -8.27        2.93       0.4555      6.345
    9       -7.67        0.69       0.4511      5.722
