              _             
             (_)            
   __ _ _ __  _ _ __   __ _ 
  / _` | '_ \| | '_ \ / _` |
 | (_| | | | | | | | | (_| |
  \__, |_| |_|_|_| |_|\__,_|
   __/ |                    
  |___/                     

gnina v1.3 master:97fa6bc+   Built Oct  3 2024.
gnina is based on smina and AutoDock Vina.
Please cite appropriately.

Commandline: gnina --receptor Proteinas_preparadas/EGFR.pdbqt --ligand Bases_conjuntas/Targets/EGFR_MAPK1/EGFR_MAPK1_262.pdbqt --autobox_ligand Compuestos_preparados/EGFR.pdbqt --autobox_add 18 --exhaustiveness 16 --out docking/bases_conjuntas/EGFR_MAPK1_262_L_EGFR.pdbqt --log docking/bases_conjuntas/EGFR_MAPK1_262_L_EGFR.log
Using random seed: -452073019

mode |  affinity  |  intramol  |    CNN     |   CNN
     | (kcal/mol) | (kcal/mol) | pose score | affinity
-----+------------+------------+------------+----------
    1       -8.62       -0.06       0.7967      6.720
    2       -9.96        0.15       0.6265      7.591
    3       -7.87        0.13       0.4943      6.246
    4       -8.96        0.17       0.4892      7.311
    5       -8.11        0.67       0.4565      7.343
    6       -8.67        0.23       0.4512      6.363
    7       -9.98        0.78       0.4230      7.190
    8       -9.63        0.47       0.4141      7.099
    9       -8.86        0.25       0.3840      6.785
