              _             
             (_)            
   __ _ _ __  _ _ __   __ _ 
  / _` | '_ \| | '_ \ / _` |
 | (_| | | | | | | | | (_| |
  \__, |_| |_|_|_| |_|\__,_|
   __/ |                    
  |___/                     

gnina v1.3 master:97fa6bc+   Built Oct  3 2024.
gnina is based on smina and AutoDock Vina.
Please cite appropriately.

Commandline: gnina --receptor Proteinas_preparadas/MAPK1.pdbqt --ligand Bases_conjuntas/Targets/EGFR_MAPK1/EGFR_MAPK1_646.pdbqt --autobox_ligand Compuestos_preparados/MAPK1.pdbqt --autobox_add 18 --exhaustiveness 16 --out docking/bases_conjuntas/EGFR_MAPK1_646_L_MAPK1.pdbqt --log docking/bases_conjuntas/EGFR_MAPK1_646_L_MAPK1.log
Using random seed: 2127763372

mode |  affinity  |  intramol  |    CNN     |   CNN
     | (kcal/mol) | (kcal/mol) | pose score | affinity
-----+------------+------------+------------+----------
    1       -6.72       -1.35       0.2949      7.031
    2       -8.33       -0.57       0.2924      6.850
    3       -8.49       -0.41       0.2438      6.841
    4       -6.54       -0.64       0.2409      5.510
    5       -7.88       -0.67       0.2259      6.809
    6       -6.31       -1.55       0.1957      5.726
    7       -6.36       -1.68       0.1893      6.704
    8       -6.43       -0.84       0.1829      5.527
    9       -7.83       -0.24       0.1636      6.718
