              _             
             (_)            
   __ _ _ __  _ _ __   __ _ 
  / _` | '_ \| | '_ \ / _` |
 | (_| | | | | | | | | (_| |
  \__, |_| |_|_|_| |_|\__,_|
   __/ |                    
  |___/                     

gnina v1.3 master:97fa6bc+   Built Oct  3 2024.
gnina is based on smina and AutoDock Vina.
Please cite appropriately.

Commandline: gnina --receptor Proteinas_preparadas/MAPK1.pdbqt --ligand Bases_conjuntas/Targets/EGFR_MAPK1/EGFR_MAPK1_280.pdbqt --autobox_ligand Compuestos_preparados/MAPK1.pdbqt --autobox_add 18 --exhaustiveness 16 --cnn_scoring none --out docking/bases_conjuntas/EGFR_MAPK1_280_L_MAPK1.pdbqt --log docking/bases_conjuntas/EGFR_MAPK1_280_L_MAPK1.log
Using random seed: -810206598

mode |  affinity  |  intramol  |    CNN     |   CNN
     | (kcal/mol) | (kcal/mol) | pose score | affinity
-----+------------+------------+------------+----------
    1       -8.78        4.64      -1.0000      0.000
    2       -8.57       -0.85      -1.0000      0.000
    3       -8.56       -1.29      -1.0000      0.000
    4       -8.17       -1.46      -1.0000      0.000
    5       -8.00        4.38      -1.0000      0.000
    6       -7.65        5.03      -1.0000      0.000
    7       -7.42        4.54      -1.0000      0.000
    8       -7.19       -1.41      -1.0000      0.000
    9       -7.07        4.24      -1.0000      0.000
