              _             
             (_)            
   __ _ _ __  _ _ __   __ _ 
  / _` | '_ \| | '_ \ / _` |
 | (_| | | | | | | | | (_| |
  \__, |_| |_|_|_| |_|\__,_|
   __/ |                    
  |___/                     

gnina v1.3 master:97fa6bc+   Built Oct  3 2024.
gnina is based on smina and AutoDock Vina.
Please cite appropriately.

Commandline: gnina --receptor Proteinas_preparadas/MAPK1.pdbqt --ligand Bases_conjuntas/Targets/EGFR_MAPK1/EGFR_MAPK1_18.pdbqt --autobox_ligand Compuestos_preparados/MAPK1.pdbqt --autobox_add 18 --exhaustiveness 16 --out docking/bases_conjuntas/EGFR_MAPK1_18_L_MAPK1.pdbqt --log docking/bases_conjuntas/EGFR_MAPK1_18_L_MAPK1.log
Using random seed: -364662776

mode |  affinity  |  intramol  |    CNN     |   CNN
     | (kcal/mol) | (kcal/mol) | pose score | affinity
-----+------------+------------+------------+----------
    1       -7.53       -1.34       0.4170      7.472
    2       -8.65       -0.85       0.3808      7.377
    3       -7.91       -1.13       0.3471      6.741
    4       -8.12        1.01       0.2887      6.434
    5       -7.14       -0.24       0.2211      6.552
    6       -7.93       -0.90       0.1942      5.882
    7       -7.81       -0.62       0.1905      5.980
    8       -7.81       -0.99       0.1791      6.128
    9       -7.47       -0.96       0.1659      5.715
