              _             
             (_)            
   __ _ _ __  _ _ __   __ _ 
  / _` | '_ \| | '_ \ / _` |
 | (_| | | | | | | | | (_| |
  \__, |_| |_|_|_| |_|\__,_|
   __/ |                    
  |___/                     

gnina v1.3 master:97fa6bc+   Built Oct  3 2024.
gnina is based on smina and AutoDock Vina.
Please cite appropriately.

Commandline: gnina --receptor Proteinas_preparadas/MAPK1.pdbqt --ligand Bases_conjuntas/Targets/EGFR_MAPK1/EGFR_MAPK1_448.pdbqt --autobox_ligand Compuestos_preparados/MAPK1.pdbqt --autobox_add 18 --exhaustiveness 16 --out docking/bases_conjuntas/EGFR_MAPK1_448_L_MAPK1.pdbqt --log docking/bases_conjuntas/EGFR_MAPK1_448_L_MAPK1.log
Using random seed: 524844174

mode |  affinity  |  intramol  |    CNN     |   CNN
     | (kcal/mol) | (kcal/mol) | pose score | affinity
-----+------------+------------+------------+----------
    1       -8.20       -0.63       0.6682      6.962
    2       -8.78       -0.28       0.6033      7.391
    3       -8.65       -0.59       0.5695      6.991
    4       -9.12        0.49       0.5237      7.443
    5       -8.40       -0.40       0.4935      7.162
    6       -8.73       -0.70       0.4028      6.906
    7       -9.19       -2.12       0.3488      7.692
    8       -9.90       -0.45       0.3367      7.234
    9       -9.35       -0.93       0.3279      7.048
