              _             
             (_)            
   __ _ _ __  _ _ __   __ _ 
  / _` | '_ \| | '_ \ / _` |
 | (_| | | | | | | | | (_| |
  \__, |_| |_|_|_| |_|\__,_|
   __/ |                    
  |___/                     

gnina v1.3 master:97fa6bc+   Built Oct  3 2024.
gnina is based on smina and AutoDock Vina.
Please cite appropriately.

Commandline: gnina --receptor Proteinas_preparadas/MAPK1.pdbqt --ligand Bases_conjuntas/Targets/EGFR_MAPK1/EGFR_MAPK1_367.pdbqt --autobox_ligand Compuestos_preparados/MAPK1.pdbqt --autobox_add 18 --exhaustiveness 16 --out docking/bases_conjuntas/EGFR_MAPK1_367_L_MAPK1.pdbqt --log docking/bases_conjuntas/EGFR_MAPK1_367_L_MAPK1.log
Using random seed: 1563287365

mode |  affinity  |  intramol  |    CNN     |   CNN
     | (kcal/mol) | (kcal/mol) | pose score | affinity
-----+------------+------------+------------+----------
    1       -7.85       -1.63       0.6413      6.982
    2       -6.20       -0.76       0.5840      6.471
    3       -8.47       -1.08       0.5179      7.154
    4       -6.24       -0.60       0.4263      6.035
    5       -6.92       -0.71       0.4249      6.497
    6       -6.25       -0.86       0.4212      6.504
    7       -8.66       -0.35       0.3577      6.760
    8       -6.18       -0.66       0.3375      6.573
    9       -7.85       -1.22       0.3317      6.741
