              _             
             (_)            
   __ _ _ __  _ _ __   __ _ 
  / _` | '_ \| | '_ \ / _` |
 | (_| | | | | | | | | (_| |
  \__, |_| |_|_|_| |_|\__,_|
   __/ |                    
  |___/                     

gnina v1.3 master:97fa6bc+   Built Oct  3 2024.
gnina is based on smina and AutoDock Vina.
Please cite appropriately.

Commandline: gnina --receptor Proteinas_preparadas/EGFR.pdbqt --ligand Bases_conjuntas/Targets/EGFR_MAPK1/EGFR_MAPK1_877.pdbqt --autobox_ligand Compuestos_preparados/EGFR.pdbqt --autobox_add 18 --exhaustiveness 16 --out docking/bases_conjuntas/EGFR_MAPK1_877_L_EGFR.pdbqt --log docking/bases_conjuntas/EGFR_MAPK1_877_L_EGFR.log
Using random seed: 1264864453

mode |  affinity  |  intramol  |    CNN     |   CNN
     | (kcal/mol) | (kcal/mol) | pose score | affinity
-----+------------+------------+------------+----------
    1       -7.19       -0.49       0.5502      5.889
    2       -7.60       -0.79       0.4694      6.036
    3       -7.20       -0.49       0.4669      6.797
    4       -7.26       -0.56       0.4473      6.178
    5       -7.16       -0.92       0.3907      6.524
    6       -7.86       -0.40       0.3650      6.694
    7       -9.75        0.56       0.2858      6.671
    8       -8.65        0.16       0.2603      6.547
    9       -7.27        0.33       0.2448      6.118
