              _             
             (_)            
   __ _ _ __  _ _ __   __ _ 
  / _` | '_ \| | '_ \ / _` |
 | (_| | | | | | | | | (_| |
  \__, |_| |_|_|_| |_|\__,_|
   __/ |                    
  |___/                     

gnina v1.3 master:97fa6bc+   Built Oct  3 2024.
gnina is based on smina and AutoDock Vina.
Please cite appropriately.

Commandline: gnina --receptor Proteinas_preparadas/MAPK1.pdbqt --ligand Bases_conjuntas/Targets/EGFR_MAPK1/EGFR_MAPK1_6.pdbqt --autobox_ligand Compuestos_preparados/MAPK1.pdbqt --autobox_add 18 --exhaustiveness 16 --out docking/bases_conjuntas/EGFR_MAPK1_6_L_MAPK1.pdbqt --log docking/bases_conjuntas/EGFR_MAPK1_6_L_MAPK1.log
Using random seed: -334578388

mode |  affinity  |  intramol  |    CNN     |   CNN
     | (kcal/mol) | (kcal/mol) | pose score | affinity
-----+------------+------------+------------+----------
    1       -7.59        0.77       0.4971      5.981
    2       -7.81        0.89       0.4744      6.454
    3       -7.11        1.76       0.4463      6.193
    4       -9.32        0.05       0.4279      6.989
    5       -9.28        1.14       0.3858      7.021
    6       -6.78        0.69       0.3277      5.408
    7       -7.98       -0.15       0.2904      6.314
    8       -8.11        1.42       0.2364      6.475
    9       -6.39        0.07       0.2084      5.506
