              _             
             (_)            
   __ _ _ __  _ _ __   __ _ 
  / _` | '_ \| | '_ \ / _` |
 | (_| | | | | | | | | (_| |
  \__, |_| |_|_|_| |_|\__,_|
   __/ |                    
  |___/                     

gnina v1.3 master:97fa6bc+   Built Oct  3 2024.
gnina is based on smina and AutoDock Vina.
Please cite appropriately.

Commandline: gnina --receptor Proteinas_preparadas/EGFR.pdbqt --ligand Bases_conjuntas/Targets/EGFR_MAPK1/EGFR_MAPK1_17.pdbqt --autobox_ligand Compuestos_preparados/EGFR.pdbqt --autobox_add 18 --exhaustiveness 16 --cnn_scoring none --out docking/bases_conjuntas/EGFR_MAPK1_17_L_EGFR.pdbqt --log docking/bases_conjuntas/EGFR_MAPK1_17_L_EGFR.log
Using random seed: -934039443

mode |  affinity  |  intramol  |    CNN     |   CNN
     | (kcal/mol) | (kcal/mol) | pose score | affinity
-----+------------+------------+------------+----------
    1       -9.23       -1.14      -1.0000      0.000
    2       -9.12       -1.16      -1.0000      0.000
    3       -9.00       -1.07      -1.0000      0.000
    4       -8.99       -0.83      -1.0000      0.000
    5       -8.87       -0.33      -1.0000      0.000
    6       -8.70       -0.61      -1.0000      0.000
    7       -8.57       -0.33      -1.0000      0.000
    8       -8.37       -1.36      -1.0000      0.000
    9       -8.31       -0.51      -1.0000      0.000
