              _             
             (_)            
   __ _ _ __  _ _ __   __ _ 
  / _` | '_ \| | '_ \ / _` |
 | (_| | | | | | | | | (_| |
  \__, |_| |_|_|_| |_|\__,_|
   __/ |                    
  |___/                     

gnina v1.3 master:97fa6bc+   Built Oct  3 2024.
gnina is based on smina and AutoDock Vina.
Please cite appropriately.

Commandline: gnina --receptor Proteinas_preparadas/MAPK1.pdbqt --ligand Bases_conjuntas/Targets/EGFR_MAPK1/EGFR_MAPK1_356.pdbqt --autobox_ligand Compuestos_preparados/MAPK1.pdbqt --autobox_add 18 --exhaustiveness 16 --out docking/bases_conjuntas/EGFR_MAPK1_356_L_MAPK1.pdbqt --log docking/bases_conjuntas/EGFR_MAPK1_356_L_MAPK1.log
Using random seed: 1870590023

mode |  affinity  |  intramol  |    CNN     |   CNN
     | (kcal/mol) | (kcal/mol) | pose score | affinity
-----+------------+------------+------------+----------
    1       -7.11       -0.06       0.7565      6.370
    2       -7.33       -0.44       0.7449      5.355
    3       -8.31       -0.22       0.6737      6.436
    4       -9.15        1.11       0.6176      6.265
    5       -8.53        0.76       0.5606      6.469
    6       -6.84       -0.12       0.5000      5.601
    7       -7.12        1.18       0.4134      4.954
    8       -9.80        0.14       0.4096      6.264
    9       -8.59       -0.38       0.3969      6.320
