              _             
             (_)            
   __ _ _ __  _ _ __   __ _ 
  / _` | '_ \| | '_ \ / _` |
 | (_| | | | | | | | | (_| |
  \__, |_| |_|_|_| |_|\__,_|
   __/ |                    
  |___/                     

gnina v1.3 master:97fa6bc+   Built Oct  3 2024.
gnina is based on smina and AutoDock Vina.
Please cite appropriately.

Commandline: gnina --receptor Proteinas_preparadas/MAPK1.pdbqt --ligand Bases_conjuntas/Targets/EGFR_MAPK1/EGFR_MAPK1_1066.pdbqt --autobox_ligand Compuestos_preparados/MAPK1.pdbqt --autobox_add 18 --exhaustiveness 16 --out docking/bases_conjuntas/EGFR_MAPK1_1066_L_MAPK1.pdbqt --log docking/bases_conjuntas/EGFR_MAPK1_1066_L_MAPK1.log
Using random seed: 294444024

mode |  affinity  |  intramol  |    CNN     |   CNN
     | (kcal/mol) | (kcal/mol) | pose score | affinity
-----+------------+------------+------------+----------
    1      -10.51       -1.55       0.3561      7.031
    2       -7.60       -1.41       0.3409      7.175
    3       -9.69       -1.11       0.2645      6.526
    4       -8.15       -0.89       0.2616      7.011
    5       -8.97        0.08       0.2607      6.498
    6       -8.20       -0.85       0.2588      7.369
    7       -7.64       -2.10       0.2451      5.410
    8      -10.61       -1.24       0.2268      6.654
    9       -8.49       -0.89       0.2235      5.523
