              _             
             (_)            
   __ _ _ __  _ _ __   __ _ 
  / _` | '_ \| | '_ \ / _` |
 | (_| | | | | | | | | (_| |
  \__, |_| |_|_|_| |_|\__,_|
   __/ |                    
  |___/                     

gnina v1.3 master:97fa6bc+   Built Oct  3 2024.
gnina is based on smina and AutoDock Vina.
Please cite appropriately.

Commandline: gnina --receptor Proteinas_preparadas/MAPK1.pdbqt --ligand Bases_conjuntas/Targets/EGFR_MAPK1/EGFR_MAPK1_669.pdbqt --autobox_ligand Compuestos_preparados/MAPK1.pdbqt --autobox_add 18 --exhaustiveness 16 --out docking/bases_conjuntas/EGFR_MAPK1_669_L_MAPK1.pdbqt --log docking/bases_conjuntas/EGFR_MAPK1_669_L_MAPK1.log
Using random seed: 186945075

mode |  affinity  |  intramol  |    CNN     |   CNN
     | (kcal/mol) | (kcal/mol) | pose score | affinity
-----+------------+------------+------------+----------
    1       -7.45       -0.15       0.5248      6.474
    2       -6.38        0.47       0.5046      6.421
    3       -6.66        0.05       0.4875      6.498
    4       -9.20        1.07       0.4838      7.030
    5       -6.64        0.04       0.3578      5.704
    6       -8.50       -0.80       0.3237      6.456
    7       -8.48        0.22       0.3177      6.780
    8       -6.49        0.52       0.3136      6.117
    9       -8.26       -0.02       0.2892      6.692
