              _             
             (_)            
   __ _ _ __  _ _ __   __ _ 
  / _` | '_ \| | '_ \ / _` |
 | (_| | | | | | | | | (_| |
  \__, |_| |_|_|_| |_|\__,_|
   __/ |                    
  |___/                     

gnina v1.3 master:97fa6bc+   Built Oct  3 2024.
gnina is based on smina and AutoDock Vina.
Please cite appropriately.

Commandline: gnina --receptor Proteinas_preparadas/EGFR.pdbqt --ligand Bases_conjuntas/Targets/EGFR_MAPK1/EGFR_MAPK1_70.pdbqt --autobox_ligand Compuestos_preparados/EGFR.pdbqt --autobox_add 18 --exhaustiveness 16 --out docking/bases_conjuntas/EGFR_MAPK1_70_L_EGFR.pdbqt --log docking/bases_conjuntas/EGFR_MAPK1_70_L_EGFR.log
Using random seed: 1911462159

mode |  affinity  |  intramol  |    CNN     |   CNN
     | (kcal/mol) | (kcal/mol) | pose score | affinity
-----+------------+------------+------------+----------
    1       -9.99       -0.74       0.5905      7.122
    2       -7.50       -1.06       0.4495      6.068
    3       -8.84       -0.82       0.4087      6.697
    4       -8.86       -0.32       0.4015      6.580
    5       -7.86       -0.57       0.2641      6.065
    6      -10.05       -0.32       0.2629      6.482
    7       -9.13       -0.40       0.2556      6.042
    8       -7.73       -1.43       0.2430      6.492
    9       -9.66       -0.55       0.2428      6.382
