              _             
             (_)            
   __ _ _ __  _ _ __   __ _ 
  / _` | '_ \| | '_ \ / _` |
 | (_| | | | | | | | | (_| |
  \__, |_| |_|_|_| |_|\__,_|
   __/ |                    
  |___/                     

gnina v1.3 master:97fa6bc+   Built Oct  3 2024.
gnina is based on smina and AutoDock Vina.
Please cite appropriately.

Commandline: gnina --receptor Proteinas_preparadas/MAPK1.pdbqt --ligand Bases_conjuntas/Targets/EGFR_MAPK1/EGFR_MAPK1_742.pdbqt --autobox_ligand Compuestos_preparados/MAPK1.pdbqt --autobox_add 18 --exhaustiveness 16 --out docking/bases_conjuntas/EGFR_MAPK1_742_L_MAPK1.pdbqt --log docking/bases_conjuntas/EGFR_MAPK1_742_L_MAPK1.log
Using random seed: 1191833634

mode |  affinity  |  intramol  |    CNN     |   CNN
     | (kcal/mol) | (kcal/mol) | pose score | affinity
-----+------------+------------+------------+----------
    1       -9.44       -0.32       0.3315      7.704
    2       -8.79       -0.18       0.2496      7.025
    3       -8.59       -1.94       0.2377      7.450
    4       -7.65       -0.70       0.2243      7.049
    5       -8.29       -1.65       0.2223      6.548
    6       -8.39        2.23       0.1892      7.037
    7       -7.91        2.55       0.1865      7.036
    8       -8.48        1.24       0.1754      6.924
    9       -7.90       -1.42       0.1747      6.955
