              _             
             (_)            
   __ _ _ __  _ _ __   __ _ 
  / _` | '_ \| | '_ \ / _` |
 | (_| | | | | | | | | (_| |
  \__, |_| |_|_|_| |_|\__,_|
   __/ |                    
  |___/                     

gnina v1.3 master:97fa6bc+   Built Oct  3 2024.
gnina is based on smina and AutoDock Vina.
Please cite appropriately.

Commandline: gnina --receptor Proteinas_preparadas/MAPK1.pdbqt --ligand Bases_conjuntas/Targets/EGFR_MAPK1/EGFR_MAPK1_475.pdbqt --autobox_ligand Compuestos_preparados/MAPK1.pdbqt --autobox_add 18 --exhaustiveness 16 --cnn_scoring none --out docking/bases_conjuntas/EGFR_MAPK1_475_L_MAPK1.pdbqt --log docking/bases_conjuntas/EGFR_MAPK1_475_L_MAPK1.log
Using random seed: 1895591816

mode |  affinity  |  intramol  |    CNN     |   CNN
     | (kcal/mol) | (kcal/mol) | pose score | affinity
-----+------------+------------+------------+----------
    1       -9.42        0.53      -1.0000      0.000
    2       -9.39        0.83      -1.0000      0.000
    3       -9.21       -1.06      -1.0000      0.000
    4       -9.18        0.32      -1.0000      0.000
    5       -9.02        1.23      -1.0000      0.000
    6       -8.76        0.44      -1.0000      0.000
    7       -8.76        0.50      -1.0000      0.000
    8       -8.66        0.13      -1.0000      0.000
    9       -8.61       -1.30      -1.0000      0.000
