              _             
             (_)            
   __ _ _ __  _ _ __   __ _ 
  / _` | '_ \| | '_ \ / _` |
 | (_| | | | | | | | | (_| |
  \__, |_| |_|_|_| |_|\__,_|
   __/ |                    
  |___/                     

gnina v1.3 master:97fa6bc+   Built Oct  3 2024.
gnina is based on smina and AutoDock Vina.
Please cite appropriately.

Commandline: gnina --receptor Proteinas_preparadas/MAPK1.pdbqt --ligand Bases_conjuntas/Targets/EGFR_MAPK1/EGFR_MAPK1_357.pdbqt --autobox_ligand Compuestos_preparados/MAPK1.pdbqt --autobox_add 18 --exhaustiveness 16 --out docking/bases_conjuntas/EGFR_MAPK1_357_L_MAPK1.pdbqt --log docking/bases_conjuntas/EGFR_MAPK1_357_L_MAPK1.log
Using random seed: -1478438091

mode |  affinity  |  intramol  |    CNN     |   CNN
     | (kcal/mol) | (kcal/mol) | pose score | affinity
-----+------------+------------+------------+----------
    1      -10.83       -0.20       0.6172      6.885
    2       -7.14       -0.14       0.6071      5.776
    3       -8.21       -0.01       0.5031      6.257
    4       -7.22       -0.39       0.4369      5.953
    5       -6.50       -0.39       0.4141      5.448
    6       -6.89        0.05       0.3911      6.025
    7       -9.61       -0.22       0.3291      6.165
    8       -8.39        0.83       0.3226      6.591
    9       -7.75       -0.43       0.3225      6.347
