              _             
             (_)            
   __ _ _ __  _ _ __   __ _ 
  / _` | '_ \| | '_ \ / _` |
 | (_| | | | | | | | | (_| |
  \__, |_| |_|_|_| |_|\__,_|
   __/ |                    
  |___/                     

gnina v1.3 master:97fa6bc+   Built Oct  3 2024.
gnina is based on smina and AutoDock Vina.
Please cite appropriately.

Commandline: gnina --receptor Proteinas_preparadas/EGFR.pdbqt --ligand Bases_conjuntas/Targets/EGFR_MAPK1/EGFR_MAPK1_556.pdbqt --autobox_ligand Compuestos_preparados/EGFR.pdbqt --autobox_add 18 --exhaustiveness 16 --out docking/bases_conjuntas/EGFR_MAPK1_556_L_EGFR.pdbqt --log docking/bases_conjuntas/EGFR_MAPK1_556_L_EGFR.log
Using random seed: -2022291432

mode |  affinity  |  intramol  |    CNN     |   CNN
     | (kcal/mol) | (kcal/mol) | pose score | affinity
-----+------------+------------+------------+----------
    1       -6.77       -0.64       0.7698      6.627
    2       -7.07        1.69       0.7663      6.655
    3       -6.94        0.38       0.7528      7.064
    4       -6.63       -0.65       0.6120      6.845
    5       -6.56        0.31       0.5603      6.803
    6       -7.22        0.81       0.5591      6.556
    7       -6.85       -0.46       0.5130      6.063
    8       -7.73        0.74       0.5123      6.762
    9       -7.97        0.38       0.4946      6.009
