              _             
             (_)            
   __ _ _ __  _ _ __   __ _ 
  / _` | '_ \| | '_ \ / _` |
 | (_| | | | | | | | | (_| |
  \__, |_| |_|_|_| |_|\__,_|
   __/ |                    
  |___/                     

gnina v1.3 master:97fa6bc+   Built Oct  3 2024.
gnina is based on smina and AutoDock Vina.
Please cite appropriately.

Commandline: gnina --receptor Proteinas_preparadas/EGFR.pdbqt --ligand Bases_conjuntas/Targets/EGFR_SRC/EGFR_SRC_571.pdbqt --autobox_ligand Compuestos_preparados/EGFR.pdbqt --autobox_add 18 --exhaustiveness 16 --cnn_scoring none --out docking/bases_conjuntas/EGFR_SRC_571_L_EGFR.pdbqt --log docking/bases_conjuntas/EGFR_SRC_571_L_EGFR.log
Using random seed: -310027463

mode |  affinity  |  intramol  |    CNN     |   CNN
     | (kcal/mol) | (kcal/mol) | pose score | affinity
-----+------------+------------+------------+----------
    1       -6.40       -0.21      -1.0000      0.000
    2       -6.39       -0.61      -1.0000      0.000
    3       -6.36       -0.78      -1.0000      0.000
    4       -6.27        0.44      -1.0000      0.000
    5       -6.27        0.21      -1.0000      0.000
    6       -6.24       -0.44      -1.0000      0.000
    7       -6.21       -0.01      -1.0000      0.000
    8       -6.21        0.65      -1.0000      0.000
    9       -6.17       -0.79      -1.0000      0.000
