              _             
             (_)            
   __ _ _ __  _ _ __   __ _ 
  / _` | '_ \| | '_ \ / _` |
 | (_| | | | | | | | | (_| |
  \__, |_| |_|_|_| |_|\__,_|
   __/ |                    
  |___/                     

gnina v1.3 master:97fa6bc+   Built Oct  3 2024.
gnina is based on smina and AutoDock Vina.
Please cite appropriately.

Commandline: gnina --receptor Proteinas_preparadas/MAPK1.pdbqt --ligand Bases_conjuntas/Targets/EGFR_MAPK1/EGFR_MAPK1_971.pdbqt --autobox_ligand Compuestos_preparados/MAPK1.pdbqt --autobox_add 18 --exhaustiveness 16 --out docking/bases_conjuntas/EGFR_MAPK1_971_L_MAPK1.pdbqt --log docking/bases_conjuntas/EGFR_MAPK1_971_L_MAPK1.log
Using random seed: 1569910263

mode |  affinity  |  intramol  |    CNN     |   CNN
     | (kcal/mol) | (kcal/mol) | pose score | affinity
-----+------------+------------+------------+----------
    1       -8.45       -0.31       0.4707      7.119
    2       -7.43       -0.91       0.4113      6.545
    3       -8.55       -0.99       0.3952      6.454
    4       -6.48       -0.79       0.3701      5.810
    5       -8.23       -0.44       0.3081      6.944
    6       -6.59        0.01       0.3054      5.382
    7       -8.03       -0.78       0.3009      6.985
    8       -8.18       -0.58       0.2558      6.477
    9       -7.14       -0.63       0.2404      5.331
