              _             
             (_)            
   __ _ _ __  _ _ __   __ _ 
  / _` | '_ \| | '_ \ / _` |
 | (_| | | | | | | | | (_| |
  \__, |_| |_|_|_| |_|\__,_|
   __/ |                    
  |___/                     

gnina v1.3 master:97fa6bc+   Built Oct  3 2024.
gnina is based on smina and AutoDock Vina.
Please cite appropriately.

Commandline: gnina --receptor Proteinas_preparadas/EGFR.pdbqt --ligand Bases_conjuntas/Targets/EGFR_MAPK1/EGFR_MAPK1_1016.pdbqt --autobox_ligand Compuestos_preparados/EGFR.pdbqt --autobox_add 18 --exhaustiveness 16 --out docking/bases_conjuntas/EGFR_MAPK1_1016_L_EGFR.pdbqt --log docking/bases_conjuntas/EGFR_MAPK1_1016_L_EGFR.log
Using random seed: 1966396601

mode |  affinity  |  intramol  |    CNN     |   CNN
     | (kcal/mol) | (kcal/mol) | pose score | affinity
-----+------------+------------+------------+----------
    1       -7.77        0.77       0.4716      6.931
    2       -8.72        1.54       0.4446      7.453
    3       -8.10       -1.31       0.4178      6.550
    4       -7.72       -1.74       0.3195      7.396
    5       -8.34       -0.46       0.3001      6.144
    6       -7.86        0.78       0.2787      6.205
    7       -8.03        1.00       0.2715      5.996
    8       -7.90       -0.88       0.2669      6.242
    9       -8.39       -0.22       0.2505      6.592
