              _             
             (_)            
   __ _ _ __  _ _ __   __ _ 
  / _` | '_ \| | '_ \ / _` |
 | (_| | | | | | | | | (_| |
  \__, |_| |_|_|_| |_|\__,_|
   __/ |                    
  |___/                     

gnina v1.3 master:97fa6bc+   Built Oct  3 2024.
gnina is based on smina and AutoDock Vina.
Please cite appropriately.

Commandline: gnina --receptor Proteinas_preparadas/MAPK1.pdbqt --ligand Bases_conjuntas/Targets/EGFR_MAPK1/EGFR_MAPK1_1069.pdbqt --autobox_ligand Compuestos_preparados/MAPK1.pdbqt --autobox_add 18 --exhaustiveness 16 --out docking/bases_conjuntas/EGFR_MAPK1_1069_L_MAPK1.pdbqt --log docking/bases_conjuntas/EGFR_MAPK1_1069_L_MAPK1.log
Using random seed: -497050562

mode |  affinity  |  intramol  |    CNN     |   CNN
     | (kcal/mol) | (kcal/mol) | pose score | affinity
-----+------------+------------+------------+----------
    1       -9.73        1.09       0.6147      7.155
    2       -6.72        0.79       0.4234      6.868
    3       -6.68       -0.36       0.4179      6.128
    4       -6.93        0.23       0.4144      5.045
    5       -7.29        0.49       0.3768      6.764
    6       -8.86        0.47       0.3419      6.595
    7       -6.66       -0.18       0.3213      6.280
    8       -7.98        0.31       0.3054      6.621
    9       -6.37        0.06       0.3028      5.363
