              _             
             (_)            
   __ _ _ __  _ _ __   __ _ 
  / _` | '_ \| | '_ \ / _` |
 | (_| | | | | | | | | (_| |
  \__, |_| |_|_|_| |_|\__,_|
   __/ |                    
  |___/                     

gnina v1.3 master:97fa6bc+   Built Oct  3 2024.
gnina is based on smina and AutoDock Vina.
Please cite appropriately.

Commandline: gnina --receptor Proteinas_preparadas/MAPK1.pdbqt --ligand Bases_conjuntas/Targets/EGFR_MAPK1/EGFR_MAPK1_95.pdbqt --autobox_ligand Compuestos_preparados/MAPK1.pdbqt --autobox_add 18 --exhaustiveness 16 --cnn_scoring none --out docking/bases_conjuntas/EGFR_MAPK1_95_L_MAPK1.pdbqt --log docking/bases_conjuntas/EGFR_MAPK1_95_L_MAPK1.log
Using random seed: -2053992972

mode |  affinity  |  intramol  |    CNN     |   CNN
     | (kcal/mol) | (kcal/mol) | pose score | affinity
-----+------------+------------+------------+----------
    1       -9.01        0.42      -1.0000      0.000
    2       -8.20        4.86      -1.0000      0.000
    3       -8.19        7.47      -1.0000      0.000
    4       -8.10        7.48      -1.0000      0.000
    5       -7.95       -1.87      -1.0000      0.000
    6       -7.92       -1.66      -1.0000      0.000
    7       -7.86       -2.11      -1.0000      0.000
    8       -7.86        0.94      -1.0000      0.000
    9       -7.85       -1.47      -1.0000      0.000
