              _             
             (_)            
   __ _ _ __  _ _ __   __ _ 
  / _` | '_ \| | '_ \ / _` |
 | (_| | | | | | | | | (_| |
  \__, |_| |_|_|_| |_|\__,_|
   __/ |                    
  |___/                     

gnina v1.3 master:97fa6bc+   Built Oct  3 2024.
gnina is based on smina and AutoDock Vina.
Please cite appropriately.

Commandline: gnina --receptor Proteinas_preparadas/EGFR.pdbqt --ligand Bases_conjuntas/Targets/EGFR_MAPK1/EGFR_MAPK1_183.pdbqt --autobox_ligand Compuestos_preparados/EGFR.pdbqt --autobox_add 18 --exhaustiveness 16 --cnn_scoring none --out docking/bases_conjuntas/EGFR_MAPK1_183_L_EGFR.pdbqt --log docking/bases_conjuntas/EGFR_MAPK1_183_L_EGFR.log
Using random seed: 1159359899

mode |  affinity  |  intramol  |    CNN     |   CNN
     | (kcal/mol) | (kcal/mol) | pose score | affinity
-----+------------+------------+------------+----------
    1       -9.88       -0.48      -1.0000      0.000
    2       -9.68       -0.36      -1.0000      0.000
    3       -9.31       -0.54      -1.0000      0.000
    4       -9.25       -0.55      -1.0000      0.000
    5       -9.24        0.11      -1.0000      0.000
    6       -9.03       -0.86      -1.0000      0.000
    7       -8.86       -0.69      -1.0000      0.000
    8       -8.85       -1.08      -1.0000      0.000
    9       -8.67       -0.98      -1.0000      0.000
