              _             
             (_)            
   __ _ _ __  _ _ __   __ _ 
  / _` | '_ \| | '_ \ / _` |
 | (_| | | | | | | | | (_| |
  \__, |_| |_|_|_| |_|\__,_|
   __/ |                    
  |___/                     

gnina v1.3 master:97fa6bc+   Built Oct  3 2024.
gnina is based on smina and AutoDock Vina.
Please cite appropriately.

Commandline: gnina --receptor Proteinas_preparadas/EGFR.pdbqt --ligand Bases_conjuntas/Targets/EGFR_MAPK1/EGFR_MAPK1_541.pdbqt --autobox_ligand Compuestos_preparados/EGFR.pdbqt --autobox_add 18 --exhaustiveness 16 --cnn_scoring none --out docking/bases_conjuntas/EGFR_MAPK1_541_L_EGFR.pdbqt --log docking/bases_conjuntas/EGFR_MAPK1_541_L_EGFR.log
Using random seed: 79301223

mode |  affinity  |  intramol  |    CNN     |   CNN
     | (kcal/mol) | (kcal/mol) | pose score | affinity
-----+------------+------------+------------+----------
    1       -5.62       -0.26      -1.0000      0.000
    2       -5.54       -0.38      -1.0000      0.000
    3       -5.47       -0.40      -1.0000      0.000
    4       -5.43       -0.74      -1.0000      0.000
    5       -5.30       -0.52      -1.0000      0.000
    6       -5.27       -0.36      -1.0000      0.000
    7       -5.24       -0.67      -1.0000      0.000
    8       -5.05       -0.72      -1.0000      0.000
    9       -5.04       -0.51      -1.0000      0.000
