              _             
             (_)            
   __ _ _ __  _ _ __   __ _ 
  / _` | '_ \| | '_ \ / _` |
 | (_| | | | | | | | | (_| |
  \__, |_| |_|_|_| |_|\__,_|
   __/ |                    
  |___/                     

gnina v1.3 master:97fa6bc+   Built Oct  3 2024.
gnina is based on smina and AutoDock Vina.
Please cite appropriately.

Commandline: gnina --receptor Proteinas_preparadas/MAPK1.pdbqt --ligand Bases_conjuntas/Targets/EGFR_MAPK1/EGFR_MAPK1_680.pdbqt --autobox_ligand Compuestos_preparados/MAPK1.pdbqt --autobox_add 18 --exhaustiveness 16 --out docking/bases_conjuntas/EGFR_MAPK1_680_L_MAPK1.pdbqt --log docking/bases_conjuntas/EGFR_MAPK1_680_L_MAPK1.log
Using random seed: -355596828

mode |  affinity  |  intramol  |    CNN     |   CNN
     | (kcal/mol) | (kcal/mol) | pose score | affinity
-----+------------+------------+------------+----------
    1       -7.38       -0.53       0.5355      7.235
    2       -6.73       -0.47       0.3858      6.276
    3       -9.96       -0.55       0.3793      6.997
    4       -7.49       -0.66       0.3576      6.775
    5       -6.78       -0.81       0.3536      6.157
    6       -9.26       -0.53       0.3483      6.817
    7       -8.65        0.02       0.3419      6.841
    8       -7.00       -0.50       0.3407      6.154
    9       -6.64       -0.66       0.3083      6.104
