              _             
             (_)            
   __ _ _ __  _ _ __   __ _ 
  / _` | '_ \| | '_ \ / _` |
 | (_| | | | | | | | | (_| |
  \__, |_| |_|_|_| |_|\__,_|
   __/ |                    
  |___/                     

gnina v1.3 master:97fa6bc+   Built Oct  3 2024.
gnina is based on smina and AutoDock Vina.
Please cite appropriately.

Commandline: gnina --receptor Proteinas_preparadas/MAPK1.pdbqt --ligand Bases_conjuntas/Targets/EGFR_MAPK1/EGFR_MAPK1_691.pdbqt --autobox_ligand Compuestos_preparados/MAPK1.pdbqt --autobox_add 18 --exhaustiveness 16 --out docking/bases_conjuntas/EGFR_MAPK1_691_L_MAPK1.pdbqt --log docking/bases_conjuntas/EGFR_MAPK1_691_L_MAPK1.log
Using random seed: 711427427

mode |  affinity  |  intramol  |    CNN     |   CNN
     | (kcal/mol) | (kcal/mol) | pose score | affinity
-----+------------+------------+------------+----------
    1       -8.02       -0.09       0.6279      7.316
    2       -7.07       -0.23       0.5441      6.762
    3       -9.10       -0.53       0.5236      6.813
    4       -8.50        0.06       0.4970      7.069
    5       -8.29       -0.61       0.4920      6.635
    6       -8.15       -0.14       0.4854      6.754
    7       -6.77       -0.65       0.4756      5.751
    8       -8.57       -0.68       0.4743      6.778
    9       -8.65       -0.14       0.3802      6.545
