              _             
             (_)            
   __ _ _ __  _ _ __   __ _ 
  / _` | '_ \| | '_ \ / _` |
 | (_| | | | | | | | | (_| |
  \__, |_| |_|_|_| |_|\__,_|
   __/ |                    
  |___/                     

gnina v1.3 master:97fa6bc+   Built Oct  3 2024.
gnina is based on smina and AutoDock Vina.
Please cite appropriately.

Commandline: gnina --receptor Proteinas_preparadas/MAPK1.pdbqt --ligand Bases_conjuntas/Targets/EGFR_MAPK1/EGFR_MAPK1_563.pdbqt --autobox_ligand Compuestos_preparados/MAPK1.pdbqt --autobox_add 18 --exhaustiveness 16 --out docking/bases_conjuntas/EGFR_MAPK1_563_L_MAPK1.pdbqt --log docking/bases_conjuntas/EGFR_MAPK1_563_L_MAPK1.log
Using random seed: 905570215

mode |  affinity  |  intramol  |    CNN     |   CNN
     | (kcal/mol) | (kcal/mol) | pose score | affinity
-----+------------+------------+------------+----------
    1       -8.37       -1.39       0.5303      6.432
    2       -8.07       -1.09       0.4244      6.492
    3       -7.45       -1.53       0.3681      6.301
    4       -7.38       -0.94       0.3082      5.558
    5       -9.92        1.82       0.2882      7.234
    6       -7.79       -1.17       0.2466      6.813
    7      -10.49       -1.17       0.2429      7.035
    8       -7.63       -0.98       0.2331      6.081
    9       -8.36       -1.13       0.2278      6.153
