              _             
             (_)            
   __ _ _ __  _ _ __   __ _ 
  / _` | '_ \| | '_ \ / _` |
 | (_| | | | | | | | | (_| |
  \__, |_| |_|_|_| |_|\__,_|
   __/ |                    
  |___/                     

gnina v1.3 master:97fa6bc+   Built Oct  3 2024.
gnina is based on smina and AutoDock Vina.
Please cite appropriately.

Commandline: gnina --receptor Proteinas_preparadas/MAPK1.pdbqt --ligand Bases_conjuntas/Targets/EGFR_MAPK1/EGFR_MAPK1_82.pdbqt --autobox_ligand Compuestos_preparados/MAPK1.pdbqt --autobox_add 18 --exhaustiveness 16 --out docking/bases_conjuntas/EGFR_MAPK1_82_L_MAPK1.pdbqt --log docking/bases_conjuntas/EGFR_MAPK1_82_L_MAPK1.log
Using random seed: 924421255

mode |  affinity  |  intramol  |    CNN     |   CNN
     | (kcal/mol) | (kcal/mol) | pose score | affinity
-----+------------+------------+------------+----------
    1       -8.53       -0.85       0.3833      6.434
    2       -8.94       -0.70       0.2094      6.499
    3       -8.16        0.68       0.1709      6.148
    4      -10.82       -0.73       0.1637      7.233
    5       -8.93       -0.61       0.1611      5.618
    6       -9.22       -0.92       0.1451      7.281
    7       -9.62       -0.20       0.1423      5.642
    8       -8.71       -0.62       0.1422      5.412
    9       -9.04        0.39       0.1408      5.716
