              _             
             (_)            
   __ _ _ __  _ _ __   __ _ 
  / _` | '_ \| | '_ \ / _` |
 | (_| | | | | | | | | (_| |
  \__, |_| |_|_|_| |_|\__,_|
   __/ |                    
  |___/                     

gnina v1.3 master:97fa6bc+   Built Oct  3 2024.
gnina is based on smina and AutoDock Vina.
Please cite appropriately.

Commandline: gnina --receptor Proteinas_preparadas/EGFR.pdbqt --ligand Bases_conjuntas/Targets/EGFR_MAPK1/EGFR_MAPK1_651.pdbqt --autobox_ligand Compuestos_preparados/EGFR.pdbqt --autobox_add 18 --exhaustiveness 16 --out docking/bases_conjuntas/EGFR_MAPK1_651_L_EGFR.pdbqt --log docking/bases_conjuntas/EGFR_MAPK1_651_L_EGFR.log
Using random seed: 1363315485

mode |  affinity  |  intramol  |    CNN     |   CNN
     | (kcal/mol) | (kcal/mol) | pose score | affinity
-----+------------+------------+------------+----------
    1       -9.06       -0.31       0.6615      6.198
    2       -7.93       -0.96       0.5312      6.136
    3       -8.19        0.22       0.2907      6.757
    4       -8.46       -0.75       0.2744      5.582
    5       -7.81       -0.71       0.2687      6.548
    6       -8.68        0.29       0.2673      6.057
    7       -9.34        0.16       0.2607      7.114
    8       -8.30       -0.70       0.2472      5.557
    9      -10.38        0.61       0.2377      6.818
