              _             
             (_)            
   __ _ _ __  _ _ __   __ _ 
  / _` | '_ \| | '_ \ / _` |
 | (_| | | | | | | | | (_| |
  \__, |_| |_|_|_| |_|\__,_|
   __/ |                    
  |___/                     

gnina v1.3 master:97fa6bc+   Built Oct  3 2024.
gnina is based on smina and AutoDock Vina.
Please cite appropriately.

Commandline: gnina --receptor Proteinas_preparadas/EGFR.pdbqt --ligand Bases_conjuntas/Targets/EGFR_MAPK1/EGFR_MAPK1_885.pdbqt --autobox_ligand Compuestos_preparados/EGFR.pdbqt --autobox_add 18 --exhaustiveness 16 --out docking/bases_conjuntas/EGFR_MAPK1_885_L_EGFR.pdbqt --log docking/bases_conjuntas/EGFR_MAPK1_885_L_EGFR.log
Using random seed: 1611316334

mode |  affinity  |  intramol  |    CNN     |   CNN
     | (kcal/mol) | (kcal/mol) | pose score | affinity
-----+------------+------------+------------+----------
    1       -7.62       -0.07       0.6665      7.361
    2       -8.33       -0.78       0.6150      6.890
    3       -7.87       -0.60       0.4974      6.568
    4       -8.11       -1.33       0.4956      7.043
    5       -7.98       -0.16       0.3967      6.915
    6       -8.54       -1.28       0.3854      7.087
    7       -7.69        3.71       0.3538      6.860
    8       -8.37       -1.50       0.3499      6.821
    9       -7.88       -1.62       0.3341      7.057
