              _             
             (_)            
   __ _ _ __  _ _ __   __ _ 
  / _` | '_ \| | '_ \ / _` |
 | (_| | | | | | | | | (_| |
  \__, |_| |_|_|_| |_|\__,_|
   __/ |                    
  |___/                     

gnina v1.3 master:97fa6bc+   Built Oct  3 2024.
gnina is based on smina and AutoDock Vina.
Please cite appropriately.

Commandline: gnina --receptor Proteinas_preparadas/EGFR.pdbqt --ligand Bases_conjuntas/Targets/EGFR_MAPK1/EGFR_MAPK1_521.pdbqt --autobox_ligand Compuestos_preparados/EGFR.pdbqt --autobox_add 18 --exhaustiveness 16 --out docking/bases_conjuntas/EGFR_MAPK1_521_L_EGFR.pdbqt --log docking/bases_conjuntas/EGFR_MAPK1_521_L_EGFR.log
Using random seed: -1245845731

mode |  affinity  |  intramol  |    CNN     |   CNN
     | (kcal/mol) | (kcal/mol) | pose score | affinity
-----+------------+------------+------------+----------
    1       -7.50        0.85       0.6820      6.815
    2       -7.91       -0.72       0.6036      7.178
    3       -7.48        0.45       0.5696      6.579
    4       -7.92        0.89       0.5263      7.153
    5       -8.22       -0.98       0.5106      7.160
    6       -8.50       -0.83       0.5085      6.949
    7       -7.31        0.27       0.4906      6.199
    8       -7.10       -0.23       0.4773      5.920
    9       -8.74       -0.08       0.4514      6.922
