              _             
             (_)            
   __ _ _ __  _ _ __   __ _ 
  / _` | '_ \| | '_ \ / _` |
 | (_| | | | | | | | | (_| |
  \__, |_| |_|_|_| |_|\__,_|
   __/ |                    
  |___/                     

gnina v1.3 master:97fa6bc+   Built Oct  3 2024.
gnina is based on smina and AutoDock Vina.
Please cite appropriately.

Commandline: gnina --receptor Proteinas_preparadas/EGFR.pdbqt --ligand Bases_conjuntas/Targets/EGFR_MAPK1/EGFR_MAPK1_57.pdbqt --autobox_ligand Compuestos_preparados/EGFR.pdbqt --autobox_add 18 --exhaustiveness 16 --out docking/bases_conjuntas/EGFR_MAPK1_57_L_EGFR.pdbqt --log docking/bases_conjuntas/EGFR_MAPK1_57_L_EGFR.log
Using random seed: 1555350008

mode |  affinity  |  intramol  |    CNN     |   CNN
     | (kcal/mol) | (kcal/mol) | pose score | affinity
-----+------------+------------+------------+----------
    1       -8.59       -0.44       0.5296      7.534
    2       -7.53       -0.50       0.5181      6.841
    3       -9.34       -0.67       0.4692      7.154
    4       -7.74       -1.04       0.4070      5.884
    5       -9.46       -0.42       0.3797      6.203
    6       -9.39       -0.35       0.3580      6.323
    7       -7.69       -0.67       0.3433      5.989
    8       -8.62        0.43       0.3100      6.568
    9       -8.61       -0.91       0.3058      6.585
