              _             
             (_)            
   __ _ _ __  _ _ __   __ _ 
  / _` | '_ \| | '_ \ / _` |
 | (_| | | | | | | | | (_| |
  \__, |_| |_|_|_| |_|\__,_|
   __/ |                    
  |___/                     

gnina v1.3 master:97fa6bc+   Built Oct  3 2024.
gnina is based on smina and AutoDock Vina.
Please cite appropriately.

Commandline: gnina --receptor Proteinas_preparadas/MAPK1.pdbqt --ligand Bases_conjuntas/Targets/EGFR_MAPK1/EGFR_MAPK1_807.pdbqt --autobox_ligand Compuestos_preparados/MAPK1.pdbqt --autobox_add 18 --exhaustiveness 16 --out docking/bases_conjuntas/EGFR_MAPK1_807_L_MAPK1.pdbqt --log docking/bases_conjuntas/EGFR_MAPK1_807_L_MAPK1.log
Using random seed: -924023176

mode |  affinity  |  intramol  |    CNN     |   CNN
     | (kcal/mol) | (kcal/mol) | pose score | affinity
-----+------------+------------+------------+----------
    1       -8.47       -0.10       0.8008      7.247
    2       -8.51       -1.12       0.7649      7.326
    3       -8.77       -0.20       0.5901      7.022
    4       -9.71       -0.64       0.5657      7.529
    5       -8.92       -0.36       0.3934      6.838
    6       -7.77       -1.11       0.3825      6.599
    7      -10.53       -0.82       0.3666      7.509
    8       -7.16       -1.45       0.3634      6.273
    9       -8.38       -0.41       0.3015      6.066
