              _             
             (_)            
   __ _ _ __  _ _ __   __ _ 
  / _` | '_ \| | '_ \ / _` |
 | (_| | | | | | | | | (_| |
  \__, |_| |_|_|_| |_|\__,_|
   __/ |                    
  |___/                     

gnina v1.3 master:97fa6bc+   Built Oct  3 2024.
gnina is based on smina and AutoDock Vina.
Please cite appropriately.

Commandline: gnina --receptor Proteinas_preparadas/MAPK1.pdbqt --ligand Bases_conjuntas/Targets/EGFR_MAPK1/EGFR_MAPK1_665.pdbqt --autobox_ligand Compuestos_preparados/MAPK1.pdbqt --autobox_add 18 --exhaustiveness 16 --out docking/bases_conjuntas/EGFR_MAPK1_665_L_MAPK1.pdbqt --log docking/bases_conjuntas/EGFR_MAPK1_665_L_MAPK1.log
Using random seed: -919681376

mode |  affinity  |  intramol  |    CNN     |   CNN
     | (kcal/mol) | (kcal/mol) | pose score | affinity
-----+------------+------------+------------+----------
    1       -6.56       -0.57       0.5527      6.386
    2       -7.50       -0.12       0.4044      6.107
    3       -6.56       -0.09       0.3782      5.521
    4       -6.64       -0.39       0.3569      5.809
    5       -7.58       -0.18       0.3334      5.382
    6       -9.18       -0.61       0.2947      6.379
    7       -9.10       -0.26       0.2748      6.539
    8       -6.68       -0.34       0.2661      6.071
    9       -7.34       -0.63       0.2477      5.964
