              _             
             (_)            
   __ _ _ __  _ _ __   __ _ 
  / _` | '_ \| | '_ \ / _` |
 | (_| | | | | | | | | (_| |
  \__, |_| |_|_|_| |_|\__,_|
   __/ |                    
  |___/                     

gnina v1.3 master:97fa6bc+   Built Oct  3 2024.
gnina is based on smina and AutoDock Vina.
Please cite appropriately.

Commandline: gnina --receptor Proteinas_preparadas/EGFR.pdbqt --ligand Bases_conjuntas/Targets/EGFR_MAPK1/EGFR_MAPK1_798.pdbqt --autobox_ligand Compuestos_preparados/EGFR.pdbqt --autobox_add 18 --exhaustiveness 16 --out docking/bases_conjuntas/EGFR_MAPK1_798_L_EGFR.pdbqt --log docking/bases_conjuntas/EGFR_MAPK1_798_L_EGFR.log
Using random seed: 451180260

mode |  affinity  |  intramol  |    CNN     |   CNN
     | (kcal/mol) | (kcal/mol) | pose score | affinity
-----+------------+------------+------------+----------
    1       -8.58       -0.52       0.7814      6.486
    2       -7.75       -0.64       0.7154      7.259
    3       -7.79       -0.23       0.6373      7.065
    4       -7.80       -0.37       0.5423      6.458
    5       -9.03       -0.48       0.5146      6.224
    6       -8.08       -0.19       0.5004      6.399
    7       -8.01       -0.81       0.4448      6.134
    8       -8.32        0.25       0.4417      6.526
    9       -8.79       -0.51       0.4227      6.694
