              _             
             (_)            
   __ _ _ __  _ _ __   __ _ 
  / _` | '_ \| | '_ \ / _` |
 | (_| | | | | | | | | (_| |
  \__, |_| |_|_|_| |_|\__,_|
   __/ |                    
  |___/                     

gnina v1.3 master:97fa6bc+   Built Oct  3 2024.
gnina is based on smina and AutoDock Vina.
Please cite appropriately.

Commandline: gnina --receptor Proteinas_preparadas/EGFR.pdbqt --ligand Bases_conjuntas/Targets/EGFR_MAPK1/EGFR_MAPK1_72.pdbqt --autobox_ligand Compuestos_preparados/EGFR.pdbqt --autobox_add 18 --exhaustiveness 16 --cnn_scoring none --out docking/bases_conjuntas/EGFR_MAPK1_72_L_EGFR.pdbqt --log docking/bases_conjuntas/EGFR_MAPK1_72_L_EGFR.log
Using random seed: 1273413140

mode |  affinity  |  intramol  |    CNN     |   CNN
     | (kcal/mol) | (kcal/mol) | pose score | affinity
-----+------------+------------+------------+----------
    1       -9.14       -1.66      -1.0000      0.000
    2       -8.44       -2.07      -1.0000      0.000
    3       -8.24       -0.50      -1.0000      0.000
    4       -8.08       -1.38      -1.0000      0.000
    5       -8.03       -1.79      -1.0000      0.000
    6       -7.95       -2.02      -1.0000      0.000
    7       -7.94       -1.86      -1.0000      0.000
    8       -7.89        0.39      -1.0000      0.000
    9       -7.83       -0.54      -1.0000      0.000
