              _             
             (_)            
   __ _ _ __  _ _ __   __ _ 
  / _` | '_ \| | '_ \ / _` |
 | (_| | | | | | | | | (_| |
  \__, |_| |_|_|_| |_|\__,_|
   __/ |                    
  |___/                     

gnina v1.3 master:97fa6bc+   Built Oct  3 2024.
gnina is based on smina and AutoDock Vina.
Please cite appropriately.

Commandline: gnina --receptor Proteinas_preparadas/MAPK1.pdbqt --ligand Bases_conjuntas/Targets/EGFR_MAPK1/EGFR_MAPK1_407.pdbqt --autobox_ligand Compuestos_preparados/MAPK1.pdbqt --autobox_add 18 --exhaustiveness 16 --out docking/bases_conjuntas/EGFR_MAPK1_407_L_MAPK1.pdbqt --log docking/bases_conjuntas/EGFR_MAPK1_407_L_MAPK1.log
Using random seed: -1416984790

mode |  affinity  |  intramol  |    CNN     |   CNN
     | (kcal/mol) | (kcal/mol) | pose score | affinity
-----+------------+------------+------------+----------
    1       -7.31        0.11       0.6620      7.007
    2       -7.78        0.26       0.4572      6.893
    3       -8.10        0.13       0.4469      6.390
    4       -8.51        1.25       0.3264      6.685
    5       -7.67        0.28       0.2422      6.132
    6       -7.18       -0.32       0.2301      6.192
    7       -7.71        1.75       0.2227      6.061
    8       -9.18       -0.07       0.2174      6.469
    9       -8.71       -1.08       0.1975      5.896
