              _             
             (_)            
   __ _ _ __  _ _ __   __ _ 
  / _` | '_ \| | '_ \ / _` |
 | (_| | | | | | | | | (_| |
  \__, |_| |_|_|_| |_|\__,_|
   __/ |                    
  |___/                     

gnina v1.3 master:97fa6bc+   Built Oct  3 2024.
gnina is based on smina and AutoDock Vina.
Please cite appropriately.

Commandline: gnina --receptor Proteinas_preparadas/EGFR.pdbqt --ligand Bases_conjuntas/Targets/EGFR_MAPK1/EGFR_MAPK1_578.pdbqt --autobox_ligand Compuestos_preparados/EGFR.pdbqt --autobox_add 18 --exhaustiveness 16 --out docking/bases_conjuntas/EGFR_MAPK1_578_L_EGFR.pdbqt --log docking/bases_conjuntas/EGFR_MAPK1_578_L_EGFR.log
Using random seed: 814952624

mode |  affinity  |  intramol  |    CNN     |   CNN
     | (kcal/mol) | (kcal/mol) | pose score | affinity
-----+------------+------------+------------+----------
    1       -7.58        0.23       0.7202      6.926
    2       -7.56       -0.70       0.7067      6.865
    3       -8.02       -0.48       0.6449      6.150
    4       -7.87       -0.99       0.4964      6.114
    5       -9.36       -0.33       0.4053      7.019
    6       -8.71        0.27       0.3129      6.897
    7       -8.52       -0.50       0.2784      6.321
    8       -8.21       -0.99       0.2779      6.313
    9       -8.27       -0.55       0.2308      6.205
