              _             
             (_)            
   __ _ _ __  _ _ __   __ _ 
  / _` | '_ \| | '_ \ / _` |
 | (_| | | | | | | | | (_| |
  \__, |_| |_|_|_| |_|\__,_|
   __/ |                    
  |___/                     

gnina v1.3 master:97fa6bc+   Built Oct  3 2024.
gnina is based on smina and AutoDock Vina.
Please cite appropriately.

Commandline: gnina --receptor Proteinas_preparadas/MAPK1.pdbqt --ligand Bases_conjuntas/Targets/EGFR_MAPK1/EGFR_MAPK1_639.pdbqt --autobox_ligand Compuestos_preparados/MAPK1.pdbqt --autobox_add 18 --exhaustiveness 16 --out docking/bases_conjuntas/EGFR_MAPK1_639_L_MAPK1.pdbqt --log docking/bases_conjuntas/EGFR_MAPK1_639_L_MAPK1.log
Using random seed: 129161559

mode |  affinity  |  intramol  |    CNN     |   CNN
     | (kcal/mol) | (kcal/mol) | pose score | affinity
-----+------------+------------+------------+----------
    1       -8.47       -0.16       0.3423      6.404
    2       -7.36       -0.20       0.3278      7.330
    3       -7.68       -0.07       0.2929      6.215
    4       -8.73       -1.02       0.2371      7.354
    5       -7.58       -0.38       0.2239      6.081
    6       -7.87       -1.29       0.2127      6.797
    7       -7.34        0.03       0.2084      5.863
    8       -7.61       -2.16       0.2071      7.050
    9       -8.17       -1.07       0.1968      5.970
