              _             
             (_)            
   __ _ _ __  _ _ __   __ _ 
  / _` | '_ \| | '_ \ / _` |
 | (_| | | | | | | | | (_| |
  \__, |_| |_|_|_| |_|\__,_|
   __/ |                    
  |___/                     

gnina v1.3 master:97fa6bc+   Built Oct  3 2024.
gnina is based on smina and AutoDock Vina.
Please cite appropriately.

Commandline: gnina --receptor Proteinas_preparadas/MAPK1.pdbqt --ligand Bases_conjuntas/Targets/EGFR_MAPK1/EGFR_MAPK1_1042.pdbqt --autobox_ligand Compuestos_preparados/MAPK1.pdbqt --autobox_add 18 --exhaustiveness 16 --out docking/bases_conjuntas/EGFR_MAPK1_1042_L_MAPK1.pdbqt --log docking/bases_conjuntas/EGFR_MAPK1_1042_L_MAPK1.log
Using random seed: 384280132

mode |  affinity  |  intramol  |    CNN     |   CNN
     | (kcal/mol) | (kcal/mol) | pose score | affinity
-----+------------+------------+------------+----------
    1       -9.42       -0.35       0.5805      7.386
    2       -9.07       -0.40       0.4967      7.047
    3       -8.82       -0.89       0.4707      7.107
    4       -7.23       -1.04       0.4685      6.855
    5       -7.76       -0.06       0.3134      6.597
    6       -8.55       -1.68       0.3095      6.535
    7       -7.57       -0.52       0.2841      6.771
    8       -7.84       -0.62       0.2706      7.269
    9       -7.99       -0.28       0.2673      7.028
