              _             
             (_)            
   __ _ _ __  _ _ __   __ _ 
  / _` | '_ \| | '_ \ / _` |
 | (_| | | | | | | | | (_| |
  \__, |_| |_|_|_| |_|\__,_|
   __/ |                    
  |___/                     

gnina v1.3 master:97fa6bc+   Built Oct  3 2024.
gnina is based on smina and AutoDock Vina.
Please cite appropriately.

Commandline: gnina --receptor Proteinas_preparadas/MAPK1.pdbqt --ligand Bases_conjuntas/Targets/EGFR_MAPK1/EGFR_MAPK1_199.pdbqt --autobox_ligand Compuestos_preparados/MAPK1.pdbqt --autobox_add 18 --exhaustiveness 16 --out docking/bases_conjuntas/EGFR_MAPK1_199_L_MAPK1.pdbqt --log docking/bases_conjuntas/EGFR_MAPK1_199_L_MAPK1.log
Using random seed: -1073183883

mode |  affinity  |  intramol  |    CNN     |   CNN
     | (kcal/mol) | (kcal/mol) | pose score | affinity
-----+------------+------------+------------+----------
    1       -7.47       -0.37       0.5148      6.606
    2       -7.57       -0.22       0.3424      5.153
    3       -7.92       -1.44       0.3291      6.535
    4       -9.22       -0.79       0.3236      6.859
    5       -8.84        0.56       0.2969      6.603
    6       -6.38        0.35       0.2960      5.998
    7       -8.43       -0.34       0.2873      6.847
    8       -6.69       -0.48       0.2851      6.199
    9       -8.18       -0.40       0.2820      6.622
