              _             
             (_)            
   __ _ _ __  _ _ __   __ _ 
  / _` | '_ \| | '_ \ / _` |
 | (_| | | | | | | | | (_| |
  \__, |_| |_|_|_| |_|\__,_|
   __/ |                    
  |___/                     

gnina v1.3 master:97fa6bc+   Built Oct  3 2024.
gnina is based on smina and AutoDock Vina.
Please cite appropriately.

Commandline: gnina --receptor Proteinas_preparadas/MAPK1.pdbqt --ligand Bases_conjuntas/Targets/EGFR_MAPK1/EGFR_MAPK1_744.pdbqt --autobox_ligand Compuestos_preparados/MAPK1.pdbqt --autobox_add 18 --exhaustiveness 16 --out docking/bases_conjuntas/EGFR_MAPK1_744_L_MAPK1.pdbqt --log docking/bases_conjuntas/EGFR_MAPK1_744_L_MAPK1.log
Using random seed: 1691240910

mode |  affinity  |  intramol  |    CNN     |   CNN
     | (kcal/mol) | (kcal/mol) | pose score | affinity
-----+------------+------------+------------+----------
    1       -8.61       -0.89       0.6727      7.174
    2       -8.43       -0.23       0.5622      7.298
    3       -8.85       -1.77       0.4794      6.576
    4       -9.45       -0.95       0.4727      7.295
    5       -9.72       -0.81       0.4140      7.216
    6       -9.47       -1.31       0.3628      6.417
    7       -8.55       -0.94       0.3524      6.969
    8       -8.25       -0.77       0.3377      6.865
    9       -8.81       -1.15       0.3177      6.900
