              _             
             (_)            
   __ _ _ __  _ _ __   __ _ 
  / _` | '_ \| | '_ \ / _` |
 | (_| | | | | | | | | (_| |
  \__, |_| |_|_|_| |_|\__,_|
   __/ |                    
  |___/                     

gnina v1.3 master:97fa6bc+   Built Oct  3 2024.
gnina is based on smina and AutoDock Vina.
Please cite appropriately.

Commandline: gnina --receptor Proteinas_preparadas/MAPK1.pdbqt --ligand Bases_conjuntas/Targets/EGFR_MAPK1/EGFR_MAPK1_780.pdbqt --autobox_ligand Compuestos_preparados/MAPK1.pdbqt --autobox_add 18 --exhaustiveness 16 --out docking/bases_conjuntas/EGFR_MAPK1_780_L_MAPK1.pdbqt --log docking/bases_conjuntas/EGFR_MAPK1_780_L_MAPK1.log
Using random seed: 1167067264

mode |  affinity  |  intramol  |    CNN     |   CNN
     | (kcal/mol) | (kcal/mol) | pose score | affinity
-----+------------+------------+------------+----------
    1       -6.33       -0.85       0.3440      6.472
    2       -6.09       -1.30       0.2713      5.831
    3       -8.40       -0.85       0.2399      6.511
    4       -8.96        1.38       0.2165      6.372
    5       -6.75       -1.16       0.2113      5.777
    6       -7.32       -1.00       0.2044      6.911
    7       -6.99       -0.22       0.1716      4.792
    8       -8.16       -0.99       0.1700      5.864
    9       -9.20       -0.31       0.1667      6.952
