              _             
             (_)            
   __ _ _ __  _ _ __   __ _ 
  / _` | '_ \| | '_ \ / _` |
 | (_| | | | | | | | | (_| |
  \__, |_| |_|_|_| |_|\__,_|
   __/ |                    
  |___/                     

gnina v1.3 master:97fa6bc+   Built Oct  3 2024.
gnina is based on smina and AutoDock Vina.
Please cite appropriately.

Commandline: gnina --receptor Proteinas_preparadas/MAPK1.pdbqt --ligand Bases_conjuntas/Targets/EGFR_MAPK1/EGFR_MAPK1_728.pdbqt --autobox_ligand Compuestos_preparados/MAPK1.pdbqt --autobox_add 18 --exhaustiveness 16 --out docking/bases_conjuntas/EGFR_MAPK1_728_L_MAPK1.pdbqt --log docking/bases_conjuntas/EGFR_MAPK1_728_L_MAPK1.log
Using random seed: 1822429072

mode |  affinity  |  intramol  |    CNN     |   CNN
     | (kcal/mol) | (kcal/mol) | pose score | affinity
-----+------------+------------+------------+----------
    1       -7.69       -0.58       0.7372      6.952
    2       -8.09       -1.43       0.7176      6.843
    3       -7.41       -0.27       0.6766      6.160
    4       -8.08        1.48       0.5230      6.786
    5       -7.28       -1.02       0.4674      6.441
    6       -7.54       -0.88       0.4585      5.832
    7       -9.02        1.31       0.4574      7.169
    8       -8.56        0.18       0.3151      5.755
    9       -8.10       -0.69       0.2927      5.839
