              _             
             (_)            
   __ _ _ __  _ _ __   __ _ 
  / _` | '_ \| | '_ \ / _` |
 | (_| | | | | | | | | (_| |
  \__, |_| |_|_|_| |_|\__,_|
   __/ |                    
  |___/                     

gnina v1.3 master:97fa6bc+   Built Oct  3 2024.
gnina is based on smina and AutoDock Vina.
Please cite appropriately.

Commandline: gnina --receptor Proteinas_preparadas/EGFR.pdbqt --ligand Bases_conjuntas/Targets/EGFR_MAPK1/EGFR_MAPK1_952.pdbqt --autobox_ligand Compuestos_preparados/EGFR.pdbqt --autobox_add 18 --exhaustiveness 16 --out docking/bases_conjuntas/EGFR_MAPK1_952_L_EGFR.pdbqt --log docking/bases_conjuntas/EGFR_MAPK1_952_L_EGFR.log
Using random seed: 1491846227

mode |  affinity  |  intramol  |    CNN     |   CNN
     | (kcal/mol) | (kcal/mol) | pose score | affinity
-----+------------+------------+------------+----------
    1       -8.13       -2.14       0.8555      7.642
    2       -8.37       -2.28       0.8146      7.754
    3       -8.80       -0.66       0.7721      7.405
    4       -7.68       -1.34       0.6439      7.488
    5       -8.20       -1.35       0.6392      7.345
    6       -8.94       -2.15       0.4462      7.250
    7       -8.15       -1.26       0.3915      6.064
    8       -7.83       -1.23       0.3910      6.208
    9       -8.01       -1.04       0.3780      6.216
