              _             
             (_)            
   __ _ _ __  _ _ __   __ _ 
  / _` | '_ \| | '_ \ / _` |
 | (_| | | | | | | | | (_| |
  \__, |_| |_|_|_| |_|\__,_|
   __/ |                    
  |___/                     

gnina v1.3 master:97fa6bc+   Built Oct  3 2024.
gnina is based on smina and AutoDock Vina.
Please cite appropriately.

Commandline: gnina --receptor Proteinas_preparadas/EGFR.pdbqt --ligand Bases_conjuntas/Targets/EGFR_MAPK1/EGFR_MAPK1_731.pdbqt --autobox_ligand Compuestos_preparados/EGFR.pdbqt --autobox_add 18 --exhaustiveness 16 --out docking/bases_conjuntas/EGFR_MAPK1_731_L_EGFR.pdbqt --log docking/bases_conjuntas/EGFR_MAPK1_731_L_EGFR.log
Using random seed: 1979611285

mode |  affinity  |  intramol  |    CNN     |   CNN
     | (kcal/mol) | (kcal/mol) | pose score | affinity
-----+------------+------------+------------+----------
    1       -9.13       -0.85       0.6032      6.609
    2      -10.83       -0.66       0.5450      7.453
    3       -9.43       -0.94       0.5200      6.549
    4       -8.99       -0.04       0.4567      6.672
    5      -10.73       -1.01       0.4530      6.945
    6       -9.86        0.29       0.4277      6.886
    7      -10.08       -0.58       0.4255      6.883
    8       -9.75        0.10       0.3626      7.540
    9       -9.44       -0.84       0.2995      6.783
