              _             
             (_)            
   __ _ _ __  _ _ __   __ _ 
  / _` | '_ \| | '_ \ / _` |
 | (_| | | | | | | | | (_| |
  \__, |_| |_|_|_| |_|\__,_|
   __/ |                    
  |___/                     

gnina v1.3 master:97fa6bc+   Built Oct  3 2024.
gnina is based on smina and AutoDock Vina.
Please cite appropriately.

Commandline: gnina --receptor Proteinas_preparadas/MAPK1.pdbqt --ligand Bases_conjuntas/Targets/EGFR_MAPK1/EGFR_MAPK1_876.pdbqt --autobox_ligand Compuestos_preparados/MAPK1.pdbqt --autobox_add 18 --exhaustiveness 16 --out docking/bases_conjuntas/EGFR_MAPK1_876_L_MAPK1.pdbqt --log docking/bases_conjuntas/EGFR_MAPK1_876_L_MAPK1.log
Using random seed: -2126149450

mode |  affinity  |  intramol  |    CNN     |   CNN
     | (kcal/mol) | (kcal/mol) | pose score | affinity
-----+------------+------------+------------+----------
    1       -7.97        0.04       0.6996      6.524
    2       -9.38       -0.14       0.6620      6.551
    3       -7.62       -0.68       0.5798      5.665
    4       -8.09       -0.02       0.5064      6.526
    5       -7.40       -0.46       0.4765      6.337
    6       -8.93       -0.21       0.4762      5.854
    7       -9.66        0.09       0.4692      6.600
    8       -9.30       -0.97       0.4206      6.536
    9       -8.81        0.06       0.4183      6.417
