              _             
             (_)            
   __ _ _ __  _ _ __   __ _ 
  / _` | '_ \| | '_ \ / _` |
 | (_| | | | | | | | | (_| |
  \__, |_| |_|_|_| |_|\__,_|
   __/ |                    
  |___/                     

gnina v1.3 master:97fa6bc+   Built Oct  3 2024.
gnina is based on smina and AutoDock Vina.
Please cite appropriately.

Commandline: gnina --receptor Proteinas_preparadas/EGFR.pdbqt --ligand Bases_conjuntas/Targets/EGFR_MAPK1/EGFR_MAPK1_306.pdbqt --autobox_ligand Compuestos_preparados/EGFR.pdbqt --autobox_add 18 --exhaustiveness 16 --out docking/bases_conjuntas/EGFR_MAPK1_306_L_EGFR.pdbqt --log docking/bases_conjuntas/EGFR_MAPK1_306_L_EGFR.log
Using random seed: -1485954461

mode |  affinity  |  intramol  |    CNN     |   CNN
     | (kcal/mol) | (kcal/mol) | pose score | affinity
-----+------------+------------+------------+----------
    1       -7.14       -0.46       0.5565      6.945
    2       -7.03       -1.35       0.5240      6.322
    3       -7.25       -1.12       0.4977      6.161
    4       -8.89       -0.65       0.4719      7.526
    5       -6.95       -1.28       0.4372      6.341
    6       -6.81       -0.62       0.3841      6.549
    7       -7.56       -0.93       0.2748      6.092
    8       -7.18       -0.97       0.2685      5.724
    9       -9.08       -0.68       0.2649      6.842
