              _             
             (_)            
   __ _ _ __  _ _ __   __ _ 
  / _` | '_ \| | '_ \ / _` |
 | (_| | | | | | | | | (_| |
  \__, |_| |_|_|_| |_|\__,_|
   __/ |                    
  |___/                     

gnina v1.3 master:97fa6bc+   Built Oct  3 2024.
gnina is based on smina and AutoDock Vina.
Please cite appropriately.

Commandline: gnina --receptor Proteinas_preparadas/EGFR.pdbqt --ligand Bases_conjuntas/Targets/EGFR_MAPK1/EGFR_MAPK1_1114.pdbqt --autobox_ligand Compuestos_preparados/EGFR.pdbqt --autobox_add 18 --exhaustiveness 16 --out docking/bases_conjuntas/EGFR_MAPK1_1114_L_EGFR.pdbqt --log docking/bases_conjuntas/EGFR_MAPK1_1114_L_EGFR.log
Using random seed: -658634724

mode |  affinity  |  intramol  |    CNN     |   CNN
     | (kcal/mol) | (kcal/mol) | pose score | affinity
-----+------------+------------+------------+----------
    1       -8.15       -1.10       0.3362      7.112
    2       -7.82       -0.92       0.1955      6.150
    3       -7.88       -0.19       0.1865      6.213
    4       -8.92       -0.67       0.1764      6.033
    5       -8.69       -0.13       0.1684      6.315
    6       -7.58       -0.89       0.1580      6.777
    7       -7.95       -1.10       0.1530      6.848
    8       -8.15       -0.94       0.1445      6.725
    9       -8.56       -0.56       0.1170      6.516
