              _             
             (_)            
   __ _ _ __  _ _ __   __ _ 
  / _` | '_ \| | '_ \ / _` |
 | (_| | | | | | | | | (_| |
  \__, |_| |_|_|_| |_|\__,_|
   __/ |                    
  |___/                     

gnina v1.3 master:97fa6bc+   Built Oct  3 2024.
gnina is based on smina and AutoDock Vina.
Please cite appropriately.

Commandline: gnina --receptor Proteinas_preparadas/EGFR.pdbqt --ligand Bases_conjuntas/Targets/EGFR_MAPK1/EGFR_MAPK1_749.pdbqt --autobox_ligand Compuestos_preparados/EGFR.pdbqt --autobox_add 18 --exhaustiveness 16 --out docking/bases_conjuntas/EGFR_MAPK1_749_L_EGFR.pdbqt --log docking/bases_conjuntas/EGFR_MAPK1_749_L_EGFR.log
Using random seed: -81784832

mode |  affinity  |  intramol  |    CNN     |   CNN
     | (kcal/mol) | (kcal/mol) | pose score | affinity
-----+------------+------------+------------+----------
    1       -8.21        0.36       0.3878      7.119
    2       -8.13       -0.92       0.2801      6.611
    3       -8.42       -0.06       0.2713      6.157
    4       -7.60       -1.36       0.2606      6.012
    5       -7.69       -0.65       0.2572      6.479
    6       -8.02       -2.27       0.2511      6.547
    7       -7.42       -2.41       0.2458      6.216
    8       -8.21       -0.90       0.2457      5.250
    9       -7.53       -0.48       0.2399      5.864
