              _             
             (_)            
   __ _ _ __  _ _ __   __ _ 
  / _` | '_ \| | '_ \ / _` |
 | (_| | | | | | | | | (_| |
  \__, |_| |_|_|_| |_|\__,_|
   __/ |                    
  |___/                     

gnina v1.3 master:97fa6bc+   Built Oct  3 2024.
gnina is based on smina and AutoDock Vina.
Please cite appropriately.

Commandline: gnina --receptor Proteinas_preparadas/MAPK1.pdbqt --ligand Bases_conjuntas/Targets/EGFR_MAPK1/EGFR_MAPK1_160.pdbqt --autobox_ligand Compuestos_preparados/MAPK1.pdbqt --autobox_add 18 --exhaustiveness 16 --cnn_scoring none --out docking/bases_conjuntas/EGFR_MAPK1_160_L_MAPK1.pdbqt --log docking/bases_conjuntas/EGFR_MAPK1_160_L_MAPK1.log
Using random seed: -611611462

mode |  affinity  |  intramol  |    CNN     |   CNN
     | (kcal/mol) | (kcal/mol) | pose score | affinity
-----+------------+------------+------------+----------
    1       -8.64        0.69      -1.0000      0.000
    2       -8.13        0.72      -1.0000      0.000
    3       -8.02       -0.56      -1.0000      0.000
    4       -7.84       -0.41      -1.0000      0.000
    5       -7.54        0.53      -1.0000      0.000
    6       -7.50       -0.62      -1.0000      0.000
    7       -7.47        0.02      -1.0000      0.000
    8       -7.43        1.31      -1.0000      0.000
    9       -7.43        0.80      -1.0000      0.000
