              _             
             (_)            
   __ _ _ __  _ _ __   __ _ 
  / _` | '_ \| | '_ \ / _` |
 | (_| | | | | | | | | (_| |
  \__, |_| |_|_|_| |_|\__,_|
   __/ |                    
  |___/                     

gnina v1.3 master:97fa6bc+   Built Oct  3 2024.
gnina is based on smina and AutoDock Vina.
Please cite appropriately.

Commandline: gnina --receptor Proteinas_preparadas/EGFR.pdbqt --ligand Bases_conjuntas/Targets/EGFR_MAPK1/EGFR_MAPK1_954.pdbqt --autobox_ligand Compuestos_preparados/EGFR.pdbqt --autobox_add 18 --exhaustiveness 16 --out docking/bases_conjuntas/EGFR_MAPK1_954_L_EGFR.pdbqt --log docking/bases_conjuntas/EGFR_MAPK1_954_L_EGFR.log
Using random seed: -1495000876

mode |  affinity  |  intramol  |    CNN     |   CNN
     | (kcal/mol) | (kcal/mol) | pose score | affinity
-----+------------+------------+------------+----------
    1       -7.66       -0.46       0.6353      6.429
    2       -8.68        0.04       0.6230      6.605
    3       -8.32        0.64       0.5777      6.753
    4       -8.15       -0.21       0.5457      6.298
    5       -7.75        0.58       0.5420      6.530
    6       -8.59       -0.72       0.5275      6.492
    7       -8.66        0.85       0.5186      6.812
    8       -8.39       -0.20       0.5007      6.592
    9       -8.32       -0.26       0.4818      6.329
