              _             
             (_)            
   __ _ _ __  _ _ __   __ _ 
  / _` | '_ \| | '_ \ / _` |
 | (_| | | | | | | | | (_| |
  \__, |_| |_|_|_| |_|\__,_|
   __/ |                    
  |___/                     

gnina v1.3 master:97fa6bc+   Built Oct  3 2024.
gnina is based on smina and AutoDock Vina.
Please cite appropriately.

Commandline: gnina --receptor Proteinas_preparadas/MAPK1.pdbqt --ligand Bases_conjuntas/Targets/EGFR_MAPK1/EGFR_MAPK1_365.pdbqt --autobox_ligand Compuestos_preparados/MAPK1.pdbqt --autobox_add 18 --exhaustiveness 16 --cnn_scoring none --out docking/bases_conjuntas/EGFR_MAPK1_365_L_MAPK1.pdbqt --log docking/bases_conjuntas/EGFR_MAPK1_365_L_MAPK1.log
Using random seed: -1838527408

mode |  affinity  |  intramol  |    CNN     |   CNN
     | (kcal/mol) | (kcal/mol) | pose score | affinity
-----+------------+------------+------------+----------
    1      -10.52        1.89      -1.0000      0.000
    2      -10.34        0.41      -1.0000      0.000
    3      -10.10        0.34      -1.0000      0.000
    4       -9.96       -0.07      -1.0000      0.000
    5       -9.74        0.74      -1.0000      0.000
    6       -9.68       -0.55      -1.0000      0.000
    7       -9.63       -0.49      -1.0000      0.000
    8       -9.38       -0.27      -1.0000      0.000
    9       -9.37       -0.31      -1.0000      0.000
