              _             
             (_)            
   __ _ _ __  _ _ __   __ _ 
  / _` | '_ \| | '_ \ / _` |
 | (_| | | | | | | | | (_| |
  \__, |_| |_|_|_| |_|\__,_|
   __/ |                    
  |___/                     

gnina v1.3 master:97fa6bc+   Built Oct  3 2024.
gnina is based on smina and AutoDock Vina.
Please cite appropriately.

Commandline: gnina --receptor Proteinas_preparadas/MAPK1.pdbqt --ligand Bases_conjuntas/Targets/EGFR_MAPK1/EGFR_MAPK1_121.pdbqt --autobox_ligand Compuestos_preparados/MAPK1.pdbqt --autobox_add 18 --exhaustiveness 16 --out docking/bases_conjuntas/EGFR_MAPK1_121_L_MAPK1.pdbqt --log docking/bases_conjuntas/EGFR_MAPK1_121_L_MAPK1.log
Using random seed: 1181319642

mode |  affinity  |  intramol  |    CNN     |   CNN
     | (kcal/mol) | (kcal/mol) | pose score | affinity
-----+------------+------------+------------+----------
    1       -9.85       -0.99       0.5874      6.867
    2       -9.16       -1.21       0.4421      6.852
    3       -8.81       -0.08       0.3791      6.943
    4       -9.33       -1.16       0.3692      6.581
    5       -9.06       -1.50       0.3252      6.269
    6       -9.64       -0.93       0.3199      7.207
    7       -9.29        0.46       0.3016      6.165
    8       -9.50       -0.54       0.2948      6.415
    9       -8.81       -0.49       0.2782      6.682
