              _             
             (_)            
   __ _ _ __  _ _ __   __ _ 
  / _` | '_ \| | '_ \ / _` |
 | (_| | | | | | | | | (_| |
  \__, |_| |_|_|_| |_|\__,_|
   __/ |                    
  |___/                     

gnina v1.3 master:97fa6bc+   Built Oct  3 2024.
gnina is based on smina and AutoDock Vina.
Please cite appropriately.

Commandline: gnina --receptor Proteinas_preparadas/MAPK1.pdbqt --ligand Bases_conjuntas/Targets/EGFR_MAPK1/EGFR_MAPK1_1086.pdbqt --autobox_ligand Compuestos_preparados/MAPK1.pdbqt --autobox_add 18 --exhaustiveness 16 --out docking/bases_conjuntas/EGFR_MAPK1_1086_L_MAPK1.pdbqt --log docking/bases_conjuntas/EGFR_MAPK1_1086_L_MAPK1.log
Using random seed: 529281245

mode |  affinity  |  intramol  |    CNN     |   CNN
     | (kcal/mol) | (kcal/mol) | pose score | affinity
-----+------------+------------+------------+----------
    1       -7.28       -0.64       0.2710      6.767
    2       -6.64       -0.27       0.2157      6.514
    3       -7.37       -0.28       0.1845      5.938
    4       -8.55       -0.18       0.1677      6.099
    5       -6.29       -0.47       0.1511      5.991
    6       -7.94       -0.09       0.1490      6.556
    7       -6.83       -0.30       0.1439      6.398
    8       -6.50       -0.84       0.1348      5.603
    9       -6.99       -1.58       0.1319      6.156
