              _             
             (_)            
   __ _ _ __  _ _ __   __ _ 
  / _` | '_ \| | '_ \ / _` |
 | (_| | | | | | | | | (_| |
  \__, |_| |_|_|_| |_|\__,_|
   __/ |                    
  |___/                     

gnina v1.3 master:97fa6bc+   Built Oct  3 2024.
gnina is based on smina and AutoDock Vina.
Please cite appropriately.

Commandline: gnina --receptor Proteinas_preparadas/MAPK1.pdbqt --ligand Bases_conjuntas/Targets/EGFR_MAPK1/EGFR_MAPK1_348.pdbqt --autobox_ligand Compuestos_preparados/MAPK1.pdbqt --autobox_add 18 --exhaustiveness 16 --out docking/bases_conjuntas/EGFR_MAPK1_348_L_MAPK1.pdbqt --log docking/bases_conjuntas/EGFR_MAPK1_348_L_MAPK1.log
Using random seed: -919322272

mode |  affinity  |  intramol  |    CNN     |   CNN
     | (kcal/mol) | (kcal/mol) | pose score | affinity
-----+------------+------------+------------+----------
    1       -7.04        0.31       0.5676      5.421
    2       -6.85        0.04       0.5480      5.639
    3       -7.45       -0.15       0.5440      6.298
    4       -7.23       -0.59       0.5408      6.146
    5       -7.41       -0.49       0.5186      6.106
    6       -8.04       -0.27       0.4910      5.678
    7       -7.94        0.45       0.4894      5.958
    8       -8.39       -0.28       0.4559      6.117
    9       -6.81       -0.51       0.4432      6.285
