              _             
             (_)            
   __ _ _ __  _ _ __   __ _ 
  / _` | '_ \| | '_ \ / _` |
 | (_| | | | | | | | | (_| |
  \__, |_| |_|_|_| |_|\__,_|
   __/ |                    
  |___/                     

gnina v1.3 master:97fa6bc+   Built Oct  3 2024.
gnina is based on smina and AutoDock Vina.
Please cite appropriately.

Commandline: gnina --receptor Proteinas_preparadas/MAPK1.pdbqt --ligand Bases_conjuntas/Targets/EGFR_MAPK1/EGFR_MAPK1_588.pdbqt --autobox_ligand Compuestos_preparados/MAPK1.pdbqt --autobox_add 18 --exhaustiveness 16 --out docking/bases_conjuntas/EGFR_MAPK1_588_L_MAPK1.pdbqt --log docking/bases_conjuntas/EGFR_MAPK1_588_L_MAPK1.log
Using random seed: 250130734

mode |  affinity  |  intramol  |    CNN     |   CNN
     | (kcal/mol) | (kcal/mol) | pose score | affinity
-----+------------+------------+------------+----------
    1       -7.63        1.27       0.6322      6.864
    2       -7.61       -1.59       0.4231      6.465
    3       -5.37       -1.26       0.2532      5.134
    4       -6.56       -1.72       0.2182      5.276
    5       -5.21       -1.62       0.2118      5.692
    6       -5.39       -1.46       0.1990      4.904
    7       -5.65       -1.61       0.1979      4.478
    8       -5.27       -1.26       0.1958      4.528
    9       -5.22       -1.45       0.1957      5.289
