              _             
             (_)            
   __ _ _ __  _ _ __   __ _ 
  / _` | '_ \| | '_ \ / _` |
 | (_| | | | | | | | | (_| |
  \__, |_| |_|_|_| |_|\__,_|
   __/ |                    
  |___/                     

gnina v1.3 master:97fa6bc+   Built Oct  3 2024.
gnina is based on smina and AutoDock Vina.
Please cite appropriately.

Commandline: gnina --receptor Proteinas_preparadas/EGFR.pdbqt --ligand Bases_conjuntas/Targets/EGFR_MAPK1/EGFR_MAPK1_380.pdbqt --autobox_ligand Compuestos_preparados/EGFR.pdbqt --autobox_add 18 --exhaustiveness 16 --cnn_scoring none --out docking/bases_conjuntas/EGFR_MAPK1_380_L_EGFR.pdbqt --log docking/bases_conjuntas/EGFR_MAPK1_380_L_EGFR.log
Using random seed: -67551076

mode |  affinity  |  intramol  |    CNN     |   CNN
     | (kcal/mol) | (kcal/mol) | pose score | affinity
-----+------------+------------+------------+----------
    1      -10.33        0.08      -1.0000      0.000
    2       -9.80       -0.63      -1.0000      0.000
    3       -9.78       -0.42      -1.0000      0.000
    4       -9.56       -0.85      -1.0000      0.000
    5       -9.39        0.24      -1.0000      0.000
    6       -9.37       -0.75      -1.0000      0.000
    7       -9.26       -1.03      -1.0000      0.000
    8       -9.18        0.69      -1.0000      0.000
    9       -9.14       -1.02      -1.0000      0.000
