              _             
             (_)            
   __ _ _ __  _ _ __   __ _ 
  / _` | '_ \| | '_ \ / _` |
 | (_| | | | | | | | | (_| |
  \__, |_| |_|_|_| |_|\__,_|
   __/ |                    
  |___/                     

gnina v1.3 master:97fa6bc+   Built Oct  3 2024.
gnina is based on smina and AutoDock Vina.
Please cite appropriately.

Commandline: gnina --receptor Proteinas_preparadas/EGFR.pdbqt --ligand Bases_conjuntas/Targets/EGFR_MAPK1/EGFR_MAPK1_243.pdbqt --autobox_ligand Compuestos_preparados/EGFR.pdbqt --autobox_add 18 --exhaustiveness 16 --out docking/bases_conjuntas/EGFR_MAPK1_243_L_EGFR.pdbqt --log docking/bases_conjuntas/EGFR_MAPK1_243_L_EGFR.log
Using random seed: -407517170

mode |  affinity  |  intramol  |    CNN     |   CNN
     | (kcal/mol) | (kcal/mol) | pose score | affinity
-----+------------+------------+------------+----------
    1       -8.87       -0.59       0.3226      7.023
    2       -8.90       -2.15       0.2762      6.933
    3       -8.64       -1.65       0.2549      6.578
    4       -8.87       -2.02       0.2336      6.848
    5       -8.24       -1.97       0.2239      6.695
    6       -8.06       -0.35       0.1978      6.437
    7       -8.25       -1.36       0.1887      6.221
    8       -8.19       -2.12       0.1850      6.406
    9       -8.52        0.26       0.1751      6.558
