              _             
             (_)            
   __ _ _ __  _ _ __   __ _ 
  / _` | '_ \| | '_ \ / _` |
 | (_| | | | | | | | | (_| |
  \__, |_| |_|_|_| |_|\__,_|
   __/ |                    
  |___/                     

gnina v1.3 master:97fa6bc+   Built Oct  3 2024.
gnina is based on smina and AutoDock Vina.
Please cite appropriately.

Commandline: gnina --receptor Proteinas_preparadas/MAPK1.pdbqt --ligand Bases_conjuntas/Targets/EGFR_MAPK1/EGFR_MAPK1_533.pdbqt --autobox_ligand Compuestos_preparados/MAPK1.pdbqt --autobox_add 18 --exhaustiveness 16 --out docking/bases_conjuntas/EGFR_MAPK1_533_L_MAPK1.pdbqt --log docking/bases_conjuntas/EGFR_MAPK1_533_L_MAPK1.log
Using random seed: -316831808

mode |  affinity  |  intramol  |    CNN     |   CNN
     | (kcal/mol) | (kcal/mol) | pose score | affinity
-----+------------+------------+------------+----------
    1       -7.33       -0.50       0.6872      6.749
    2       -7.31       -0.22       0.4429      6.556
    3       -8.96       -0.77       0.4390      6.930
    4       -7.53       -0.31       0.4066      6.783
    5       -8.41       -0.21       0.4032      6.895
    6       -7.38       -0.72       0.3980      7.106
    7       -8.19       -0.74       0.3775      6.125
    8       -8.55       -0.28       0.3725      6.915
    9       -6.79       -0.68       0.3389      6.039
