              _             
             (_)            
   __ _ _ __  _ _ __   __ _ 
  / _` | '_ \| | '_ \ / _` |
 | (_| | | | | | | | | (_| |
  \__, |_| |_|_|_| |_|\__,_|
   __/ |                    
  |___/                     

gnina v1.3 master:97fa6bc+   Built Oct  3 2024.
gnina is based on smina and AutoDock Vina.
Please cite appropriately.

Commandline: gnina --receptor Proteinas_preparadas/EGFR.pdbqt --ligand Bases_conjuntas/Targets/EGFR_MAPK1/EGFR_MAPK1_474.pdbqt --autobox_ligand Compuestos_preparados/EGFR.pdbqt --autobox_add 18 --exhaustiveness 16 --cnn_scoring none --out docking/bases_conjuntas/EGFR_MAPK1_474_L_EGFR.pdbqt --log docking/bases_conjuntas/EGFR_MAPK1_474_L_EGFR.log
Using random seed: 774085349

mode |  affinity  |  intramol  |    CNN     |   CNN
     | (kcal/mol) | (kcal/mol) | pose score | affinity
-----+------------+------------+------------+----------
    1       -9.85        0.15      -1.0000      0.000
    2       -9.44       -1.56      -1.0000      0.000
    3       -9.42        0.24      -1.0000      0.000
    4       -9.37       -0.16      -1.0000      0.000
    5       -9.36       -0.05      -1.0000      0.000
    6       -9.28       -0.58      -1.0000      0.000
    7       -9.23        0.18      -1.0000      0.000
    8       -9.12       -1.14      -1.0000      0.000
    9       -9.03       -1.33      -1.0000      0.000
