              _             
             (_)            
   __ _ _ __  _ _ __   __ _ 
  / _` | '_ \| | '_ \ / _` |
 | (_| | | | | | | | | (_| |
  \__, |_| |_|_|_| |_|\__,_|
   __/ |                    
  |___/                     

gnina v1.3 master:97fa6bc+   Built Oct  3 2024.
gnina is based on smina and AutoDock Vina.
Please cite appropriately.

Commandline: gnina --receptor Proteinas_preparadas/MAPK1.pdbqt --ligand Bases_conjuntas/Targets/EGFR_MAPK1/EGFR_MAPK1_138.pdbqt --autobox_ligand Compuestos_preparados/MAPK1.pdbqt --autobox_add 18 --exhaustiveness 16 --out docking/bases_conjuntas/EGFR_MAPK1_138_L_MAPK1.pdbqt --log docking/bases_conjuntas/EGFR_MAPK1_138_L_MAPK1.log
Using random seed: 1125791688

mode |  affinity  |  intramol  |    CNN     |   CNN
     | (kcal/mol) | (kcal/mol) | pose score | affinity
-----+------------+------------+------------+----------
    1       -8.19       -1.26       0.4789      6.499
    2       -7.69       -0.25       0.4460      6.259
    3       -7.19       -0.53       0.4342      6.024
    4       -7.21       -0.75       0.4138      6.255
    5       -7.64       -0.29       0.4058      6.308
    6       -7.04       -1.35       0.3832      5.990
    7       -9.39        0.74       0.3388      6.525
    8       -8.76       -0.16       0.3379      6.584
    9       -7.99       -0.99       0.3293      6.153
