              _             
             (_)            
   __ _ _ __  _ _ __   __ _ 
  / _` | '_ \| | '_ \ / _` |
 | (_| | | | | | | | | (_| |
  \__, |_| |_|_|_| |_|\__,_|
   __/ |                    
  |___/                     

gnina v1.3 master:97fa6bc+   Built Oct  3 2024.
gnina is based on smina and AutoDock Vina.
Please cite appropriately.

Commandline: gnina --receptor Proteinas_preparadas/MAPK1.pdbqt --ligand Bases_conjuntas/Targets/EGFR_MAPK1/EGFR_MAPK1_593.pdbqt --autobox_ligand Compuestos_preparados/MAPK1.pdbqt --autobox_add 18 --exhaustiveness 16 --out docking/bases_conjuntas/EGFR_MAPK1_593_L_MAPK1.pdbqt --log docking/bases_conjuntas/EGFR_MAPK1_593_L_MAPK1.log
Using random seed: 305599329

mode |  affinity  |  intramol  |    CNN     |   CNN
     | (kcal/mol) | (kcal/mol) | pose score | affinity
-----+------------+------------+------------+----------
    1       -7.91        3.71       0.3796      7.060
    2       -8.56        0.60       0.3048      7.370
    3       -7.87        0.42       0.2887      6.560
    4       -8.02       -1.29       0.2713      6.605
    5       -8.18       -1.93       0.2661      6.287
    6       -7.61        0.88       0.2486      5.770
    7       -7.85       -0.84       0.2449      6.497
    8       -8.25        1.69       0.2434      6.415
    9       -8.37       -0.04       0.2185      6.667
