              _             
             (_)            
   __ _ _ __  _ _ __   __ _ 
  / _` | '_ \| | '_ \ / _` |
 | (_| | | | | | | | | (_| |
  \__, |_| |_|_|_| |_|\__,_|
   __/ |                    
  |___/                     

gnina v1.3 master:97fa6bc+   Built Oct  3 2024.
gnina is based on smina and AutoDock Vina.
Please cite appropriately.

Commandline: gnina --receptor Proteinas_preparadas/MAPK1.pdbqt --ligand Bases_conjuntas/Targets/EGFR_MAPK1/EGFR_MAPK1_774.pdbqt --autobox_ligand Compuestos_preparados/MAPK1.pdbqt --autobox_add 18 --exhaustiveness 16 --out docking/bases_conjuntas/EGFR_MAPK1_774_L_MAPK1.pdbqt --log docking/bases_conjuntas/EGFR_MAPK1_774_L_MAPK1.log
Using random seed: -849085184

mode |  affinity  |  intramol  |    CNN     |   CNN
     | (kcal/mol) | (kcal/mol) | pose score | affinity
-----+------------+------------+------------+----------
    1       -9.73       -0.01       0.7466      6.991
    2       -7.23       -0.25       0.7000      6.454
    3       -7.29       -0.41       0.6843      6.715
    4       -8.50        0.41       0.6617      6.881
    5       -9.28        0.63       0.6486      6.869
    6       -7.68        0.61       0.6430      6.187
    7       -7.68       -0.29       0.6277      6.592
    8       -8.07       -0.17       0.6205      6.498
    9       -7.83        1.01       0.6158      6.398
