              _             
             (_)            
   __ _ _ __  _ _ __   __ _ 
  / _` | '_ \| | '_ \ / _` |
 | (_| | | | | | | | | (_| |
  \__, |_| |_|_|_| |_|\__,_|
   __/ |                    
  |___/                     

gnina v1.3 master:97fa6bc+   Built Oct  3 2024.
gnina is based on smina and AutoDock Vina.
Please cite appropriately.

Commandline: gnina --receptor Proteinas_preparadas/EGFR.pdbqt --ligand Bases_conjuntas/Targets/EGFR_MAPK1/EGFR_MAPK1_876.pdbqt --autobox_ligand Compuestos_preparados/EGFR.pdbqt --autobox_add 18 --exhaustiveness 16 --out docking/bases_conjuntas/EGFR_MAPK1_876_L_EGFR.pdbqt --log docking/bases_conjuntas/EGFR_MAPK1_876_L_EGFR.log
Using random seed: 699416357

mode |  affinity  |  intramol  |    CNN     |   CNN
     | (kcal/mol) | (kcal/mol) | pose score | affinity
-----+------------+------------+------------+----------
    1       -7.54       -0.94       0.8593      6.605
    2       -7.56        0.13       0.8438      6.885
    3       -7.62       -0.53       0.7941      6.348
    4       -9.89       -0.04       0.7272      7.120
    5       -8.16        0.63       0.5804      6.175
    6       -7.76       -0.38       0.5731      6.220
    7       -8.48        0.23       0.5482      5.775
    8       -8.85       -0.83       0.5441      6.566
    9       -8.26        0.84       0.4858      6.136
