              _             
             (_)            
   __ _ _ __  _ _ __   __ _ 
  / _` | '_ \| | '_ \ / _` |
 | (_| | | | | | | | | (_| |
  \__, |_| |_|_|_| |_|\__,_|
   __/ |                    
  |___/                     

gnina v1.3 master:97fa6bc+   Built Oct  3 2024.
gnina is based on smina and AutoDock Vina.
Please cite appropriately.

Commandline: gnina --receptor Proteinas_preparadas/MAPK1.pdbqt --ligand Bases_conjuntas/Targets/EGFR_MAPK1/EGFR_MAPK1_859.pdbqt --autobox_ligand Compuestos_preparados/MAPK1.pdbqt --autobox_add 18 --exhaustiveness 16 --out docking/bases_conjuntas/EGFR_MAPK1_859_L_MAPK1.pdbqt --log docking/bases_conjuntas/EGFR_MAPK1_859_L_MAPK1.log
Using random seed: 914733650

mode |  affinity  |  intramol  |    CNN     |   CNN
     | (kcal/mol) | (kcal/mol) | pose score | affinity
-----+------------+------------+------------+----------
    1       -7.45       -0.93       0.5511      6.241
    2       -8.42       -0.76       0.4672      6.992
    3       -8.48        0.77       0.4184      6.500
    4       -7.36        0.21       0.4086      6.667
    5       -7.06       -1.22       0.4028      6.477
    6       -8.92       -0.51       0.3872      7.191
    7       -7.37       -1.14       0.3866      6.023
    8       -8.11       -0.10       0.3397      7.191
    9       -8.58       -0.96       0.3086      6.861
