              _             
             (_)            
   __ _ _ __  _ _ __   __ _ 
  / _` | '_ \| | '_ \ / _` |
 | (_| | | | | | | | | (_| |
  \__, |_| |_|_|_| |_|\__,_|
   __/ |                    
  |___/                     

gnina v1.3 master:97fa6bc+   Built Oct  3 2024.
gnina is based on smina and AutoDock Vina.
Please cite appropriately.

Commandline: gnina --receptor Proteinas_preparadas/MAPK1.pdbqt --ligand Bases_conjuntas/Targets/EGFR_MAPK1/EGFR_MAPK1_282.pdbqt --autobox_ligand Compuestos_preparados/MAPK1.pdbqt --autobox_add 18 --exhaustiveness 16 --cnn_scoring none --out docking/bases_conjuntas/EGFR_MAPK1_282_L_MAPK1.pdbqt --log docking/bases_conjuntas/EGFR_MAPK1_282_L_MAPK1.log
Using random seed: 784489985

mode |  affinity  |  intramol  |    CNN     |   CNN
     | (kcal/mol) | (kcal/mol) | pose score | affinity
-----+------------+------------+------------+----------
    1       -8.95       -0.93      -1.0000      0.000
    2       -8.22        0.78      -1.0000      0.000
    3       -8.11       -0.54      -1.0000      0.000
    4       -8.08        0.43      -1.0000      0.000
    5       -7.81       -1.10      -1.0000      0.000
    6       -7.79       -0.37      -1.0000      0.000
    7       -7.77        0.36      -1.0000      0.000
    8       -7.68       -0.89      -1.0000      0.000
    9       -7.59       -0.72      -1.0000      0.000
