              _             
             (_)            
   __ _ _ __  _ _ __   __ _ 
  / _` | '_ \| | '_ \ / _` |
 | (_| | | | | | | | | (_| |
  \__, |_| |_|_|_| |_|\__,_|
   __/ |                    
  |___/                     

gnina v1.3 master:97fa6bc+   Built Oct  3 2024.
gnina is based on smina and AutoDock Vina.
Please cite appropriately.

Commandline: gnina --receptor Proteinas_preparadas/EGFR.pdbqt --ligand Bases_conjuntas/Targets/EGFR_MAPK1/EGFR_MAPK1_752.pdbqt --autobox_ligand Compuestos_preparados/EGFR.pdbqt --autobox_add 18 --exhaustiveness 16 --out docking/bases_conjuntas/EGFR_MAPK1_752_L_EGFR.pdbqt --log docking/bases_conjuntas/EGFR_MAPK1_752_L_EGFR.log
Using random seed: -151112883

mode |  affinity  |  intramol  |    CNN     |   CNN
     | (kcal/mol) | (kcal/mol) | pose score | affinity
-----+------------+------------+------------+----------
    1       -8.47       -2.38       0.7180      7.515
    2       -8.17       -1.81       0.6703      7.532
    3       -9.48        3.12       0.6456      7.163
    4       -8.69       -1.62       0.6227      7.125
    5       -9.23       -2.50       0.5669      6.699
    6       -9.43        0.90       0.4490      7.191
    7       -8.11       -0.86       0.4370      7.264
    8       -9.07       -2.35       0.4216      7.025
    9       -8.01       -0.23       0.3997      7.258
