              _             
             (_)            
   __ _ _ __  _ _ __   __ _ 
  / _` | '_ \| | '_ \ / _` |
 | (_| | | | | | | | | (_| |
  \__, |_| |_|_|_| |_|\__,_|
   __/ |                    
  |___/                     

gnina v1.3 master:97fa6bc+   Built Oct  3 2024.
gnina is based on smina and AutoDock Vina.
Please cite appropriately.

Commandline: gnina --receptor Proteinas_preparadas/EGFR.pdbqt --ligand Bases_conjuntas/Targets/EGFR_MAPK1/EGFR_MAPK1_1086.pdbqt --autobox_ligand Compuestos_preparados/EGFR.pdbqt --autobox_add 18 --exhaustiveness 16 --out docking/bases_conjuntas/EGFR_MAPK1_1086_L_EGFR.pdbqt --log docking/bases_conjuntas/EGFR_MAPK1_1086_L_EGFR.log
Using random seed: 1852892049

mode |  affinity  |  intramol  |    CNN     |   CNN
     | (kcal/mol) | (kcal/mol) | pose score | affinity
-----+------------+------------+------------+----------
    1       -7.48       -1.03       0.3291      7.206
    2       -8.49       -0.66       0.2656      6.893
    3       -7.14       -1.05       0.2436      6.933
    4       -6.84       -0.33       0.2228      6.642
    5       -6.89       -0.40       0.2208      6.404
    6       -6.57       -1.07       0.1953      6.649
    7       -7.74       -0.12       0.1594      6.708
    8       -7.78       -0.32       0.1530      6.088
    9       -7.30       -1.13       0.1522      6.242
