              _             
             (_)            
   __ _ _ __  _ _ __   __ _ 
  / _` | '_ \| | '_ \ / _` |
 | (_| | | | | | | | | (_| |
  \__, |_| |_|_|_| |_|\__,_|
   __/ |                    
  |___/                     

gnina v1.3 master:97fa6bc+   Built Oct  3 2024.
gnina is based on smina and AutoDock Vina.
Please cite appropriately.

Commandline: gnina --receptor Proteinas_preparadas/MAPK1.pdbqt --ligand Bases_conjuntas/Targets/EGFR_MAPK1/EGFR_MAPK1_809.pdbqt --autobox_ligand Compuestos_preparados/MAPK1.pdbqt --autobox_add 18 --exhaustiveness 16 --out docking/bases_conjuntas/EGFR_MAPK1_809_L_MAPK1.pdbqt --log docking/bases_conjuntas/EGFR_MAPK1_809_L_MAPK1.log
Using random seed: 2068436174

mode |  affinity  |  intramol  |    CNN     |   CNN
     | (kcal/mol) | (kcal/mol) | pose score | affinity
-----+------------+------------+------------+----------
    1       -5.92       -0.57       0.5070      4.930
    2       -6.97       -0.81       0.4817      4.987
    3       -5.91       -0.60       0.4358      4.503
    4       -6.61       -0.49       0.2905      4.169
    5       -6.45       -0.79       0.2898      4.120
    6       -5.49       -0.26       0.2752      4.001
    7       -5.24       -0.50       0.2460      3.591
    8       -6.39       -0.64       0.2418      5.175
    9       -5.48        0.01       0.2407      3.639
