              _             
             (_)            
   __ _ _ __  _ _ __   __ _ 
  / _` | '_ \| | '_ \ / _` |
 | (_| | | | | | | | | (_| |
  \__, |_| |_|_|_| |_|\__,_|
   __/ |                    
  |___/                     

gnina v1.3 master:97fa6bc+   Built Oct  3 2024.
gnina is based on smina and AutoDock Vina.
Please cite appropriately.

Commandline: gnina --receptor Proteinas_preparadas/EGFR.pdbqt --ligand Bases_conjuntas/Targets/EGFR_MAPK1/EGFR_MAPK1_429.pdbqt --autobox_ligand Compuestos_preparados/EGFR.pdbqt --autobox_add 18 --exhaustiveness 16 --out docking/bases_conjuntas/EGFR_MAPK1_429_L_EGFR.pdbqt --log docking/bases_conjuntas/EGFR_MAPK1_429_L_EGFR.log
Using random seed: 1882115680

mode |  affinity  |  intramol  |    CNN     |   CNN
     | (kcal/mol) | (kcal/mol) | pose score | affinity
-----+------------+------------+------------+----------
    1       -8.83       -0.75       0.4894      7.544
    2       -9.14        0.38       0.4751      6.619
    3      -10.22       -0.65       0.4700      7.355
    4       -7.84       -0.79       0.4184      5.884
    5       -7.94       -0.87       0.3854      5.978
    6       -8.07       -0.40       0.3794      5.915
    7       -8.41       -0.05       0.3750      5.820
    8       -8.18       -0.81       0.3201      6.292
    9       -8.95       -0.66       0.2957      6.928
