              _             
             (_)            
   __ _ _ __  _ _ __   __ _ 
  / _` | '_ \| | '_ \ / _` |
 | (_| | | | | | | | | (_| |
  \__, |_| |_|_|_| |_|\__,_|
   __/ |                    
  |___/                     

gnina v1.3 master:97fa6bc+   Built Oct  3 2024.
gnina is based on smina and AutoDock Vina.
Please cite appropriately.

Commandline: gnina --receptor Proteinas_preparadas/EGFR.pdbqt --ligand Bases_conjuntas/Targets/EGFR_MAPK1/EGFR_MAPK1_649.pdbqt --autobox_ligand Compuestos_preparados/EGFR.pdbqt --autobox_add 18 --exhaustiveness 16 --out docking/bases_conjuntas/EGFR_MAPK1_649_L_EGFR.pdbqt --log docking/bases_conjuntas/EGFR_MAPK1_649_L_EGFR.log
Using random seed: 527950368

mode |  affinity  |  intramol  |    CNN     |   CNN
     | (kcal/mol) | (kcal/mol) | pose score | affinity
-----+------------+------------+------------+----------
    1       -7.62       -0.35       0.7293      7.068
    2       -7.44       -0.37       0.6607      6.713
    3       -7.54        0.62       0.6598      6.964
    4       -7.04       -0.67       0.6470      6.688
    5       -7.82        0.48       0.5661      6.579
    6       -7.76        0.21       0.5427      5.824
    7       -7.23        0.17       0.4697      5.443
    8       -7.22        0.63       0.4270      6.293
    9       -7.54       -0.65       0.4079      5.762
