              _             
             (_)            
   __ _ _ __  _ _ __   __ _ 
  / _` | '_ \| | '_ \ / _` |
 | (_| | | | | | | | | (_| |
  \__, |_| |_|_|_| |_|\__,_|
   __/ |                    
  |___/                     

gnina v1.3 master:97fa6bc+   Built Oct  3 2024.
gnina is based on smina and AutoDock Vina.
Please cite appropriately.

Commandline: gnina --receptor Proteinas_preparadas/MAPK1.pdbqt --ligand Bases_conjuntas/Targets/EGFR_MAPK1/EGFR_MAPK1_799.pdbqt --autobox_ligand Compuestos_preparados/MAPK1.pdbqt --autobox_add 18 --exhaustiveness 16 --out docking/bases_conjuntas/EGFR_MAPK1_799_L_MAPK1.pdbqt --log docking/bases_conjuntas/EGFR_MAPK1_799_L_MAPK1.log
Using random seed: 561808774

mode |  affinity  |  intramol  |    CNN     |   CNN
     | (kcal/mol) | (kcal/mol) | pose score | affinity
-----+------------+------------+------------+----------
    1       -6.38       -0.27       0.5284      6.454
    2       -7.09       -0.82       0.5150      6.789
    3       -6.74       -0.68       0.4253      6.265
    4       -6.21       -0.57       0.3221      5.967
    5       -8.32       -1.37       0.2676      6.748
    6       -8.33       -1.21       0.2605      6.417
    7       -7.29       -1.38       0.2482      6.310
    8       -8.38        0.44       0.1829      6.676
    9       -6.87       -1.22       0.1701      5.948
