              _             
             (_)            
   __ _ _ __  _ _ __   __ _ 
  / _` | '_ \| | '_ \ / _` |
 | (_| | | | | | | | | (_| |
  \__, |_| |_|_|_| |_|\__,_|
   __/ |                    
  |___/                     

gnina v1.3 master:97fa6bc+   Built Oct  3 2024.
gnina is based on smina and AutoDock Vina.
Please cite appropriately.

Commandline: gnina --receptor Proteinas_preparadas/EGFR.pdbqt --ligand Bases_conjuntas/Targets/EGFR_MAPK1/EGFR_MAPK1_702.pdbqt --autobox_ligand Compuestos_preparados/EGFR.pdbqt --autobox_add 18 --exhaustiveness 16 --out docking/bases_conjuntas/EGFR_MAPK1_702_L_EGFR.pdbqt --log docking/bases_conjuntas/EGFR_MAPK1_702_L_EGFR.log
Using random seed: -1605339203

mode |  affinity  |  intramol  |    CNN     |   CNN
     | (kcal/mol) | (kcal/mol) | pose score | affinity
-----+------------+------------+------------+----------
    1       -7.06       -0.67       0.5662      6.976
    2       -8.76       -0.63       0.4612      7.386
    3       -7.20       -0.67       0.4305      5.737
    4       -6.77       -1.16       0.3815      6.589
    5       -7.88       -0.78       0.3445      6.628
    6       -7.29       -0.04       0.3185      5.651
    7       -7.27       -0.31       0.2971      5.933
    8       -7.40       -0.20       0.2867      6.040
    9       -7.14       -0.42       0.2820      5.897
