              _             
             (_)            
   __ _ _ __  _ _ __   __ _ 
  / _` | '_ \| | '_ \ / _` |
 | (_| | | | | | | | | (_| |
  \__, |_| |_|_|_| |_|\__,_|
   __/ |                    
  |___/                     

gnina v1.3 master:97fa6bc+   Built Oct  3 2024.
gnina is based on smina and AutoDock Vina.
Please cite appropriately.

Commandline: gnina --receptor Proteinas_preparadas/EGFR.pdbqt --ligand Bases_conjuntas/Targets/EGFR_SRC/EGFR_SRC_573.pdbqt --autobox_ligand Compuestos_preparados/EGFR.pdbqt --autobox_add 18 --exhaustiveness 16 --cnn_scoring none --out docking/bases_conjuntas/EGFR_SRC_573_L_EGFR.pdbqt --log docking/bases_conjuntas/EGFR_SRC_573_L_EGFR.log
Using random seed: -431928189

mode |  affinity  |  intramol  |    CNN     |   CNN
     | (kcal/mol) | (kcal/mol) | pose score | affinity
-----+------------+------------+------------+----------
    1       -7.85        0.20      -1.0000      0.000
    2       -7.76       -0.13      -1.0000      0.000
    3       -7.75       -0.22      -1.0000      0.000
    4       -7.57        0.49      -1.0000      0.000
    5       -7.56       -0.03      -1.0000      0.000
    6       -7.47        0.17      -1.0000      0.000
    7       -7.45       -0.31      -1.0000      0.000
    8       -7.45       -0.34      -1.0000      0.000
    9       -7.25        0.75      -1.0000      0.000
