              _             
             (_)            
   __ _ _ __  _ _ __   __ _ 
  / _` | '_ \| | '_ \ / _` |
 | (_| | | | | | | | | (_| |
  \__, |_| |_|_|_| |_|\__,_|
   __/ |                    
  |___/                     

gnina v1.3 master:97fa6bc+   Built Oct  3 2024.
gnina is based on smina and AutoDock Vina.
Please cite appropriately.

Commandline: gnina --receptor Proteinas_preparadas/MAPK1.pdbqt --ligand Bases_conjuntas/Targets/EGFR_MAPK1/EGFR_MAPK1_788.pdbqt --autobox_ligand Compuestos_preparados/MAPK1.pdbqt --autobox_add 18 --exhaustiveness 16 --out docking/bases_conjuntas/EGFR_MAPK1_788_L_MAPK1.pdbqt --log docking/bases_conjuntas/EGFR_MAPK1_788_L_MAPK1.log
Using random seed: -1902232912

mode |  affinity  |  intramol  |    CNN     |   CNN
     | (kcal/mol) | (kcal/mol) | pose score | affinity
-----+------------+------------+------------+----------
    1       -7.41       -0.05       0.6870      6.904
    2       -7.46        0.51       0.5768      7.091
    3       -6.79       -0.15       0.5056      6.711
    4       -7.53        0.18       0.4777      6.477
    5       -7.42       -0.38       0.4397      6.198
    6       -8.96       -0.53       0.4392      6.804
    7       -8.35        0.08       0.3835      6.954
    8       -7.10       -0.15       0.3746      6.701
    9       -9.52        0.21       0.3621      6.744
