              _             
             (_)            
   __ _ _ __  _ _ __   __ _ 
  / _` | '_ \| | '_ \ / _` |
 | (_| | | | | | | | | (_| |
  \__, |_| |_|_|_| |_|\__,_|
   __/ |                    
  |___/                     

gnina v1.3 master:97fa6bc+   Built Oct  3 2024.
gnina is based on smina and AutoDock Vina.
Please cite appropriately.

Commandline: gnina --receptor Proteinas_preparadas/EGFR.pdbqt --ligand Bases_conjuntas/Targets/EGFR_MAPK1/EGFR_MAPK1_103.pdbqt --autobox_ligand Compuestos_preparados/EGFR.pdbqt --autobox_add 18 --exhaustiveness 16 --out docking/bases_conjuntas/EGFR_MAPK1_103_L_EGFR.pdbqt --log docking/bases_conjuntas/EGFR_MAPK1_103_L_EGFR.log
Using random seed: 1379442071

mode |  affinity  |  intramol  |    CNN     |   CNN
     | (kcal/mol) | (kcal/mol) | pose score | affinity
-----+------------+------------+------------+----------
    1       -7.98       -1.36       0.7632      6.966
    2       -8.94       -0.97       0.5711      7.556
    3       -9.85       -0.79       0.5200      7.036
    4       -8.28       -0.64       0.3854      6.071
    5       -8.21       -1.37       0.3824      6.465
    6       -9.00       -0.07       0.3548      6.112
    7       -7.63       -1.13       0.3458      5.856
    8       -8.02       -1.12       0.3318      5.996
    9       -7.91       -0.61       0.3224      6.228
