              _             
             (_)            
   __ _ _ __  _ _ __   __ _ 
  / _` | '_ \| | '_ \ / _` |
 | (_| | | | | | | | | (_| |
  \__, |_| |_|_|_| |_|\__,_|
   __/ |                    
  |___/                     

gnina v1.3 master:97fa6bc+   Built Oct  3 2024.
gnina is based on smina and AutoDock Vina.
Please cite appropriately.

Commandline: gnina --receptor Proteinas_preparadas/EGFR.pdbqt --ligand Bases_conjuntas/Targets/EGFR_MAPK1/EGFR_MAPK1_882.pdbqt --autobox_ligand Compuestos_preparados/EGFR.pdbqt --autobox_add 18 --exhaustiveness 16 --out docking/bases_conjuntas/EGFR_MAPK1_882_L_EGFR.pdbqt --log docking/bases_conjuntas/EGFR_MAPK1_882_L_EGFR.log
Using random seed: -935054808

mode |  affinity  |  intramol  |    CNN     |   CNN
     | (kcal/mol) | (kcal/mol) | pose score | affinity
-----+------------+------------+------------+----------
    1       -7.12        1.14       0.8115      7.295
    2       -6.23        0.81       0.6138      6.396
    3       -8.23        1.14       0.5993      6.938
    4       -7.77        0.12       0.5416      6.405
    5       -7.02        0.06       0.5028      6.032
    6       -8.70        1.62       0.4138      6.556
    7       -6.43       -0.18       0.3568      5.924
    8       -8.59        1.39       0.3048      6.633
    9       -6.42        0.22       0.2852      6.332
