              _             
             (_)            
   __ _ _ __  _ _ __   __ _ 
  / _` | '_ \| | '_ \ / _` |
 | (_| | | | | | | | | (_| |
  \__, |_| |_|_|_| |_|\__,_|
   __/ |                    
  |___/                     

gnina v1.3 master:97fa6bc+   Built Oct  3 2024.
gnina is based on smina and AutoDock Vina.
Please cite appropriately.

Commandline: gnina --receptor Proteinas_preparadas/EGFR.pdbqt --ligand Bases_conjuntas/Targets/EGFR_MAPK1/EGFR_MAPK1_1120.pdbqt --autobox_ligand Compuestos_preparados/EGFR.pdbqt --autobox_add 18 --exhaustiveness 16 --out docking/bases_conjuntas/EGFR_MAPK1_1120_L_EGFR.pdbqt --log docking/bases_conjuntas/EGFR_MAPK1_1120_L_EGFR.log
Using random seed: 2057191984

mode |  affinity  |  intramol  |    CNN     |   CNN
     | (kcal/mol) | (kcal/mol) | pose score | affinity
-----+------------+------------+------------+----------
    1       -8.05       -0.58       0.6125      7.155
    2       -9.81       -0.51       0.5943      7.650
    3       -9.34       -1.18       0.5895      7.507
    4       -9.63       -0.47       0.4980      7.480
    5       -8.70       -1.00       0.4733      6.480
    6       -8.30        0.96       0.4361      6.198
    7      -10.14        0.04       0.4244      7.307
    8       -8.33        1.75       0.3984      6.229
    9       -9.04       -0.65       0.3800      6.453
