              _             
             (_)            
   __ _ _ __  _ _ __   __ _ 
  / _` | '_ \| | '_ \ / _` |
 | (_| | | | | | | | | (_| |
  \__, |_| |_|_|_| |_|\__,_|
   __/ |                    
  |___/                     

gnina v1.3 master:97fa6bc+   Built Oct  3 2024.
gnina is based on smina and AutoDock Vina.
Please cite appropriately.

Commandline: gnina --receptor Proteinas_preparadas/MAPK1.pdbqt --ligand Bases_conjuntas/Targets/EGFR_MAPK1/EGFR_MAPK1_885.pdbqt --autobox_ligand Compuestos_preparados/MAPK1.pdbqt --autobox_add 18 --exhaustiveness 16 --out docking/bases_conjuntas/EGFR_MAPK1_885_L_MAPK1.pdbqt --log docking/bases_conjuntas/EGFR_MAPK1_885_L_MAPK1.log
Using random seed: -648476765

mode |  affinity  |  intramol  |    CNN     |   CNN
     | (kcal/mol) | (kcal/mol) | pose score | affinity
-----+------------+------------+------------+----------
    1       -8.16       -1.65       0.3875      6.911
    2       -6.87       -1.76       0.2162      5.336
    3       -9.59       -1.15       0.2062      6.942
    4       -8.33       -1.56       0.1968      6.923
    5       -7.06       -1.12       0.1850      5.560
    6       -7.32       -1.33       0.1753      5.772
    7       -8.49        0.57       0.1748      5.747
    8       -6.94       -1.77       0.1683      6.145
    9       -7.72       -0.43       0.1600      6.432
