              _             
             (_)            
   __ _ _ __  _ _ __   __ _ 
  / _` | '_ \| | '_ \ / _` |
 | (_| | | | | | | | | (_| |
  \__, |_| |_|_|_| |_|\__,_|
   __/ |                    
  |___/                     

gnina v1.3 master:97fa6bc+   Built Oct  3 2024.
gnina is based on smina and AutoDock Vina.
Please cite appropriately.

Commandline: gnina --receptor Proteinas_preparadas/MAPK1.pdbqt --ligand Bases_conjuntas/Targets/EGFR_MAPK1/EGFR_MAPK1_709.pdbqt --autobox_ligand Compuestos_preparados/MAPK1.pdbqt --autobox_add 18 --exhaustiveness 16 --out docking/bases_conjuntas/EGFR_MAPK1_709_L_MAPK1.pdbqt --log docking/bases_conjuntas/EGFR_MAPK1_709_L_MAPK1.log
Using random seed: 561319840

mode |  affinity  |  intramol  |    CNN     |   CNN
     | (kcal/mol) | (kcal/mol) | pose score | affinity
-----+------------+------------+------------+----------
    1       -9.51        5.42       0.7369      7.281
    2       -8.65        0.43       0.4276      6.919
    3       -7.62        0.20       0.3744      6.200
    4       -6.19       -0.52       0.3303      5.362
    5       -6.92       -0.00       0.2940      5.642
    6       -5.81       -0.14       0.2932      5.648
    7       -6.38       -0.10       0.2540      5.024
    8       -6.51       -0.48       0.2470      5.780
    9       -5.96       -0.52       0.2046      5.363
