              _             
             (_)            
   __ _ _ __  _ _ __   __ _ 
  / _` | '_ \| | '_ \ / _` |
 | (_| | | | | | | | | (_| |
  \__, |_| |_|_|_| |_|\__,_|
   __/ |                    
  |___/                     

gnina v1.3 master:97fa6bc+   Built Oct  3 2024.
gnina is based on smina and AutoDock Vina.
Please cite appropriately.

Commandline: gnina --receptor Proteinas_preparadas/MAPK1.pdbqt --ligand Bases_conjuntas/Targets/EGFR_MAPK1/EGFR_MAPK1_679.pdbqt --autobox_ligand Compuestos_preparados/MAPK1.pdbqt --autobox_add 18 --exhaustiveness 16 --out docking/bases_conjuntas/EGFR_MAPK1_679_L_MAPK1.pdbqt --log docking/bases_conjuntas/EGFR_MAPK1_679_L_MAPK1.log
Using random seed: -117676065

mode |  affinity  |  intramol  |    CNN     |   CNN
     | (kcal/mol) | (kcal/mol) | pose score | affinity
-----+------------+------------+------------+----------
    1       -8.50       -0.34       0.6095      7.461
    2       -7.97        0.41       0.3534      7.644
    3       -9.03       -0.50       0.3085      6.885
    4       -8.91        0.24       0.3082      6.732
    5       -8.79       -1.20       0.2964      6.775
    6       -8.79       -0.32       0.2908      7.070
    7       -7.88       -0.05       0.2383      6.248
    8       -8.34       -1.08       0.2287      5.800
    9       -8.88       -1.50       0.2172      6.556
