              _             
             (_)            
   __ _ _ __  _ _ __   __ _ 
  / _` | '_ \| | '_ \ / _` |
 | (_| | | | | | | | | (_| |
  \__, |_| |_|_|_| |_|\__,_|
   __/ |                    
  |___/                     

gnina v1.3 master:97fa6bc+   Built Oct  3 2024.
gnina is based on smina and AutoDock Vina.
Please cite appropriately.

Commandline: gnina --receptor Proteinas_preparadas/EGFR.pdbqt --ligand Bases_conjuntas/Targets/EGFR_MAPK1/EGFR_MAPK1_412.pdbqt --autobox_ligand Compuestos_preparados/EGFR.pdbqt --autobox_add 18 --exhaustiveness 16 --cnn_scoring none --out docking/bases_conjuntas/EGFR_MAPK1_412_L_EGFR.pdbqt --log docking/bases_conjuntas/EGFR_MAPK1_412_L_EGFR.log
Using random seed: 1491674080

mode |  affinity  |  intramol  |    CNN     |   CNN
     | (kcal/mol) | (kcal/mol) | pose score | affinity
-----+------------+------------+------------+----------
    1       -9.12        1.41      -1.0000      0.000
    2       -9.10       -0.88      -1.0000      0.000
    3       -9.08        0.55      -1.0000      0.000
    4       -9.00       -1.05      -1.0000      0.000
    5       -8.98        0.54      -1.0000      0.000
    6       -8.87       -0.30      -1.0000      0.000
    7       -8.80        0.60      -1.0000      0.000
    8       -8.66        0.36      -1.0000      0.000
    9       -8.62       -0.70      -1.0000      0.000
