              _             
             (_)            
   __ _ _ __  _ _ __   __ _ 
  / _` | '_ \| | '_ \ / _` |
 | (_| | | | | | | | | (_| |
  \__, |_| |_|_|_| |_|\__,_|
   __/ |                    
  |___/                     

gnina v1.3 master:97fa6bc+   Built Oct  3 2024.
gnina is based on smina and AutoDock Vina.
Please cite appropriately.

Commandline: gnina --receptor Proteinas_preparadas/MAPK1.pdbqt --ligand Bases_conjuntas/Targets/EGFR_MAPK1/EGFR_MAPK1_980.pdbqt --autobox_ligand Compuestos_preparados/MAPK1.pdbqt --autobox_add 18 --exhaustiveness 16 --out docking/bases_conjuntas/EGFR_MAPK1_980_L_MAPK1.pdbqt --log docking/bases_conjuntas/EGFR_MAPK1_980_L_MAPK1.log
Using random seed: 820264041

mode |  affinity  |  intramol  |    CNN     |   CNN
     | (kcal/mol) | (kcal/mol) | pose score | affinity
-----+------------+------------+------------+----------
    1       -6.28        0.46       0.5674      6.468
    2       -7.88        0.16       0.4878      7.125
    3       -7.46       -1.14       0.4388      5.929
    4       -6.47        0.15       0.3541      6.454
    5       -7.14        0.36       0.3490      6.216
    6       -6.93        1.39       0.3446      6.501
    7       -6.89       -0.89       0.3368      5.781
    8       -8.46        0.23       0.3284      6.710
    9       -6.42        0.17       0.3264      6.012
