              _             
             (_)            
   __ _ _ __  _ _ __   __ _ 
  / _` | '_ \| | '_ \ / _` |
 | (_| | | | | | | | | (_| |
  \__, |_| |_|_|_| |_|\__,_|
   __/ |                    
  |___/                     

gnina v1.3 master:97fa6bc+   Built Oct  3 2024.
gnina is based on smina and AutoDock Vina.
Please cite appropriately.

Commandline: gnina --receptor Proteinas_preparadas/EGFR.pdbqt --ligand Bases_conjuntas/Targets/EGFR_MAPK1/EGFR_MAPK1_225.pdbqt --autobox_ligand Compuestos_preparados/EGFR.pdbqt --autobox_add 18 --exhaustiveness 16 --out docking/bases_conjuntas/EGFR_MAPK1_225_L_EGFR.pdbqt --log docking/bases_conjuntas/EGFR_MAPK1_225_L_EGFR.log
Using random seed: -207855872

mode |  affinity  |  intramol  |    CNN     |   CNN
     | (kcal/mol) | (kcal/mol) | pose score | affinity
-----+------------+------------+------------+----------
    1       -7.80       -0.47       0.7957      7.252
    2       -7.69       -0.58       0.7500      7.026
    3       -6.98       -0.54       0.6870      7.127
    4       -8.76       -0.58       0.6678      7.027
    5       -8.01       -0.66       0.4122      5.720
    6       -7.35       -0.48       0.3397      6.151
    7       -7.68        0.29       0.3264      5.823
    8       -9.82       -0.48       0.3125      6.864
    9       -6.79       -0.44       0.3081      5.496
