              _             
             (_)            
   __ _ _ __  _ _ __   __ _ 
  / _` | '_ \| | '_ \ / _` |
 | (_| | | | | | | | | (_| |
  \__, |_| |_|_|_| |_|\__,_|
   __/ |                    
  |___/                     

gnina v1.3 master:97fa6bc+   Built Oct  3 2024.
gnina is based on smina and AutoDock Vina.
Please cite appropriately.

Commandline: gnina --receptor Proteinas_preparadas/MAPK1.pdbqt --ligand Bases_conjuntas/Targets/EGFR_MAPK1/EGFR_MAPK1_11.pdbqt --autobox_ligand Compuestos_preparados/MAPK1.pdbqt --autobox_add 18 --exhaustiveness 16 --out docking/bases_conjuntas/EGFR_MAPK1_11_L_MAPK1.pdbqt --log docking/bases_conjuntas/EGFR_MAPK1_11_L_MAPK1.log
Using random seed: 2062555554

mode |  affinity  |  intramol  |    CNN     |   CNN
     | (kcal/mol) | (kcal/mol) | pose score | affinity
-----+------------+------------+------------+----------
    1       -6.89        0.56       0.3512      5.846
    2       -5.75       -0.22       0.3145      5.551
    3       -7.05       -0.01       0.2950      5.978
    4       -6.94        0.07       0.2859      5.899
    5       -5.93        0.39       0.2844      5.735
    6       -7.88        3.25       0.2742      6.231
    7       -6.44        0.27       0.2391      6.000
    8       -7.02        0.40       0.2284      5.352
    9       -6.94        0.33       0.2279      5.834
