              _             
             (_)            
   __ _ _ __  _ _ __   __ _ 
  / _` | '_ \| | '_ \ / _` |
 | (_| | | | | | | | | (_| |
  \__, |_| |_|_|_| |_|\__,_|
   __/ |                    
  |___/                     

gnina v1.3 master:97fa6bc+   Built Oct  3 2024.
gnina is based on smina and AutoDock Vina.
Please cite appropriately.

Commandline: gnina --receptor Proteinas_preparadas/EGFR.pdbqt --ligand Bases_conjuntas/Targets/EGFR_MAPK1/EGFR_MAPK1_1056.pdbqt --autobox_ligand Compuestos_preparados/EGFR.pdbqt --autobox_add 18 --exhaustiveness 16 --out docking/bases_conjuntas/EGFR_MAPK1_1056_L_EGFR.pdbqt --log docking/bases_conjuntas/EGFR_MAPK1_1056_L_EGFR.log
Using random seed: -2095606760

mode |  affinity  |  intramol  |    CNN     |   CNN
     | (kcal/mol) | (kcal/mol) | pose score | affinity
-----+------------+------------+------------+----------
    1       -9.16       -1.09       0.5554      7.004
    2       -7.62       -0.98       0.5334      5.883
    3       -7.69       -0.71       0.5250      6.635
    4       -7.99       -0.35       0.3965      6.670
    5       -8.34       -0.76       0.3753      6.535
    6       -9.35        1.04       0.3664      6.689
    7       -9.22        0.94       0.3478      6.516
    8       -8.16       -0.70       0.3372      6.225
    9       -7.72       -0.31       0.3362      6.214
