              _             
             (_)            
   __ _ _ __  _ _ __   __ _ 
  / _` | '_ \| | '_ \ / _` |
 | (_| | | | | | | | | (_| |
  \__, |_| |_|_|_| |_|\__,_|
   __/ |                    
  |___/                     

gnina v1.3 master:97fa6bc+   Built Oct  3 2024.
gnina is based on smina and AutoDock Vina.
Please cite appropriately.

Commandline: gnina --receptor Proteinas_preparadas/MAPK1.pdbqt --ligand Bases_conjuntas/Targets/EGFR_MAPK1/EGFR_MAPK1_1026.pdbqt --autobox_ligand Compuestos_preparados/MAPK1.pdbqt --autobox_add 18 --exhaustiveness 16 --out docking/bases_conjuntas/EGFR_MAPK1_1026_L_MAPK1.pdbqt --log docking/bases_conjuntas/EGFR_MAPK1_1026_L_MAPK1.log
Using random seed: -380672698

mode |  affinity  |  intramol  |    CNN     |   CNN
     | (kcal/mol) | (kcal/mol) | pose score | affinity
-----+------------+------------+------------+----------
    1       -7.71       -2.27       0.3900      6.799
    2       -7.63       -1.50       0.2830      7.017
    3       -6.14       -1.95       0.2782      6.480
    4       -6.53       -2.38       0.2196      6.020
    5       -7.50       -1.05       0.2111      6.691
    6       -6.35       -1.54       0.2094      6.116
    7       -6.64       -0.63       0.1917      5.948
    8       -6.52       -1.77       0.1787      5.306
    9       -7.18       -1.20       0.1724      6.563
