              _             
             (_)            
   __ _ _ __  _ _ __   __ _ 
  / _` | '_ \| | '_ \ / _` |
 | (_| | | | | | | | | (_| |
  \__, |_| |_|_|_| |_|\__,_|
   __/ |                    
  |___/                     

gnina v1.3 master:97fa6bc+   Built Oct  3 2024.
gnina is based on smina and AutoDock Vina.
Please cite appropriately.

Commandline: gnina --receptor Proteinas_preparadas/EGFR.pdbqt --ligand Bases_conjuntas/Targets/EGFR_MAPK1/EGFR_MAPK1_514.pdbqt --autobox_ligand Compuestos_preparados/EGFR.pdbqt --autobox_add 18 --exhaustiveness 16 --cnn_scoring none --out docking/bases_conjuntas/EGFR_MAPK1_514_L_EGFR.pdbqt --log docking/bases_conjuntas/EGFR_MAPK1_514_L_EGFR.log
Using random seed: 1143167433

mode |  affinity  |  intramol  |    CNN     |   CNN
     | (kcal/mol) | (kcal/mol) | pose score | affinity
-----+------------+------------+------------+----------
    1       -3.93        0.06      -1.0000      0.000
    2       -3.92        0.09      -1.0000      0.000
    3       -3.84        0.99      -1.0000      0.000
    4       -3.79        0.05      -1.0000      0.000
    5       -3.74        0.25      -1.0000      0.000
    6       -3.65       -0.02      -1.0000      0.000
    7       -3.58        0.04      -1.0000      0.000
    8       -3.58       -0.02      -1.0000      0.000
    9       -3.57        0.05      -1.0000      0.000
