              _             
             (_)            
   __ _ _ __  _ _ __   __ _ 
  / _` | '_ \| | '_ \ / _` |
 | (_| | | | | | | | | (_| |
  \__, |_| |_|_|_| |_|\__,_|
   __/ |                    
  |___/                     

gnina v1.3 master:97fa6bc+   Built Oct  3 2024.
gnina is based on smina and AutoDock Vina.
Please cite appropriately.

Commandline: gnina --receptor Proteinas_preparadas/MAPK1.pdbqt --ligand Bases_conjuntas/Targets/EGFR_MAPK1/EGFR_MAPK1_573.pdbqt --autobox_ligand Compuestos_preparados/MAPK1.pdbqt --autobox_add 18 --exhaustiveness 16 --out docking/bases_conjuntas/EGFR_MAPK1_573_L_MAPK1.pdbqt --log docking/bases_conjuntas/EGFR_MAPK1_573_L_MAPK1.log
Using random seed: -1658614736

mode |  affinity  |  intramol  |    CNN     |   CNN
     | (kcal/mol) | (kcal/mol) | pose score | affinity
-----+------------+------------+------------+----------
    1       -7.26       -0.67       0.5163      6.982
    2       -7.54       -1.18       0.2852      6.636
    3       -6.96       -0.74       0.2176      6.084
    4       -6.53       -1.15       0.2145      6.759
    5       -7.66       -0.13       0.1904      4.800
    6       -6.89       -1.35       0.1899      4.530
    7       -6.57       -1.52       0.1883      5.925
    8       -5.97       -1.42       0.1836      6.278
    9       -7.11       -0.28       0.1796      6.186
