              _             
             (_)            
   __ _ _ __  _ _ __   __ _ 
  / _` | '_ \| | '_ \ / _` |
 | (_| | | | | | | | | (_| |
  \__, |_| |_|_|_| |_|\__,_|
   __/ |                    
  |___/                     

gnina v1.3 master:97fa6bc+   Built Oct  3 2024.
gnina is based on smina and AutoDock Vina.
Please cite appropriately.

Commandline: gnina --receptor Proteinas_preparadas/MAPK1.pdbqt --ligand Bases_conjuntas/Targets/EGFR_MAPK1/EGFR_MAPK1_318.pdbqt --autobox_ligand Compuestos_preparados/MAPK1.pdbqt --autobox_add 18 --exhaustiveness 16 --out docking/bases_conjuntas/EGFR_MAPK1_318_L_MAPK1.pdbqt --log docking/bases_conjuntas/EGFR_MAPK1_318_L_MAPK1.log
Using random seed: 820554299

mode |  affinity  |  intramol  |    CNN     |   CNN
     | (kcal/mol) | (kcal/mol) | pose score | affinity
-----+------------+------------+------------+----------
    1       -7.35        0.46       0.6693      6.549
    2       -6.75       -1.74       0.6583      6.501
    3       -7.79       -1.06       0.6308      7.112
    4       -5.07       -1.40       0.5763      5.777
    5       -7.02       -0.53       0.5686      6.288
    6       -6.72        0.06       0.5424      6.727
    7       -5.53       -1.42       0.5208      5.751
    8       -5.79       -1.63       0.4132      6.307
    9       -6.35       -0.45       0.4109      5.638
