              _             
             (_)            
   __ _ _ __  _ _ __   __ _ 
  / _` | '_ \| | '_ \ / _` |
 | (_| | | | | | | | | (_| |
  \__, |_| |_|_|_| |_|\__,_|
   __/ |                    
  |___/                     

gnina v1.3 master:97fa6bc+   Built Oct  3 2024.
gnina is based on smina and AutoDock Vina.
Please cite appropriately.

Commandline: gnina --receptor Proteinas_preparadas/EGFR.pdbqt --ligand Bases_conjuntas/Targets/EGFR_MAPK1/EGFR_MAPK1_1126.pdbqt --autobox_ligand Compuestos_preparados/EGFR.pdbqt --autobox_add 18 --exhaustiveness 16 --out docking/bases_conjuntas/EGFR_MAPK1_1126_L_EGFR.pdbqt --log docking/bases_conjuntas/EGFR_MAPK1_1126_L_EGFR.log
Using random seed: 169538976

mode |  affinity  |  intramol  |    CNN     |   CNN
     | (kcal/mol) | (kcal/mol) | pose score | affinity
-----+------------+------------+------------+----------
    1       -9.81       -0.55       0.4414      6.689
    2       -7.94       -0.54       0.3623      6.471
    3       -9.66       -0.57       0.3469      6.656
    4       -8.65       -0.56       0.3456      6.652
    5       -9.17       -0.45       0.3278      7.399
    6       -7.78       -0.54       0.3105      6.294
    7       -8.93       -0.52       0.3063      6.043
    8       -8.99       -0.76       0.2946      6.245
    9       -8.64       -0.60       0.2754      6.780
