              _             
             (_)            
   __ _ _ __  _ _ __   __ _ 
  / _` | '_ \| | '_ \ / _` |
 | (_| | | | | | | | | (_| |
  \__, |_| |_|_|_| |_|\__,_|
   __/ |                    
  |___/                     

gnina v1.3 master:97fa6bc+   Built Oct  3 2024.
gnina is based on smina and AutoDock Vina.
Please cite appropriately.

Commandline: gnina --receptor Proteinas_preparadas/MAPK1.pdbqt --ligand Bases_conjuntas/Targets/EGFR_MAPK1/EGFR_MAPK1_974.pdbqt --autobox_ligand Compuestos_preparados/MAPK1.pdbqt --autobox_add 18 --exhaustiveness 16 --out docking/bases_conjuntas/EGFR_MAPK1_974_L_MAPK1.pdbqt --log docking/bases_conjuntas/EGFR_MAPK1_974_L_MAPK1.log
Using random seed: -1980204184

mode |  affinity  |  intramol  |    CNN     |   CNN
     | (kcal/mol) | (kcal/mol) | pose score | affinity
-----+------------+------------+------------+----------
    1       -7.61       -0.46       0.4163      5.711
    2       -8.62       -0.59       0.3860      5.948
    3       -9.38       -0.70       0.3754      7.043
    4      -10.26       -1.03       0.3329      7.367
    5       -8.82        0.61       0.3204      7.103
    6       -9.24        0.11       0.3025      6.527
    7       -8.74       -0.30       0.2938      6.421
    8       -7.68       -0.51       0.2914      5.573
    9       -7.88       -0.67       0.2863      5.619
