              _             
             (_)            
   __ _ _ __  _ _ __   __ _ 
  / _` | '_ \| | '_ \ / _` |
 | (_| | | | | | | | | (_| |
  \__, |_| |_|_|_| |_|\__,_|
   __/ |                    
  |___/                     

gnina v1.3 master:97fa6bc+   Built Oct  3 2024.
gnina is based on smina and AutoDock Vina.
Please cite appropriately.

Commandline: gnina --receptor Proteinas_preparadas/MAPK1.pdbqt --ligand Bases_conjuntas/Targets/EGFR_MAPK1/EGFR_MAPK1_236.pdbqt --autobox_ligand Compuestos_preparados/MAPK1.pdbqt --autobox_add 18 --exhaustiveness 16 --out docking/bases_conjuntas/EGFR_MAPK1_236_L_MAPK1.pdbqt --log docking/bases_conjuntas/EGFR_MAPK1_236_L_MAPK1.log
Using random seed: 2034515764

mode |  affinity  |  intramol  |    CNN     |   CNN
     | (kcal/mol) | (kcal/mol) | pose score | affinity
-----+------------+------------+------------+----------
    1       -8.94        1.04       0.5479      7.067
    2       -8.62       -0.61       0.5339      7.284
    3       -8.67       -0.90       0.4370      7.166
    4       -9.25        2.19       0.4205      7.017
    5       -7.44        0.03       0.4150      6.620
    6       -9.83       -0.12       0.4096      7.226
    7       -7.92        0.89       0.4022      7.247
    8       -9.33       -1.03       0.3979      7.129
    9       -7.09       -0.30       0.3729      6.120
