              _             
             (_)            
   __ _ _ __  _ _ __   __ _ 
  / _` | '_ \| | '_ \ / _` |
 | (_| | | | | | | | | (_| |
  \__, |_| |_|_|_| |_|\__,_|
   __/ |                    
  |___/                     

gnina v1.3 master:97fa6bc+   Built Oct  3 2024.
gnina is based on smina and AutoDock Vina.
Please cite appropriately.

Commandline: gnina --receptor Proteinas_preparadas/EGFR.pdbqt --ligand Bases_conjuntas/Targets/EGFR_SRC/EGFR_SRC_562.pdbqt --autobox_ligand Compuestos_preparados/EGFR.pdbqt --autobox_add 18 --exhaustiveness 16 --cnn_scoring none --out docking/bases_conjuntas/EGFR_SRC_562_L_EGFR.pdbqt --log docking/bases_conjuntas/EGFR_SRC_562_L_EGFR.log
Using random seed: -645610783

mode |  affinity  |  intramol  |    CNN     |   CNN
     | (kcal/mol) | (kcal/mol) | pose score | affinity
-----+------------+------------+------------+----------
    1      -11.14       10.91      -1.0000      0.000
    2      -10.16        8.67      -1.0000      0.000
    3      -10.09        1.60      -1.0000      0.000
    4      -10.03        6.80      -1.0000      0.000
    5       -9.96        4.09      -1.0000      0.000
    6       -9.83       11.63      -1.0000      0.000
    7       -9.74        1.69      -1.0000      0.000
    8       -9.74        2.94      -1.0000      0.000
    9       -9.65        4.04      -1.0000      0.000
