              _             
             (_)            
   __ _ _ __  _ _ __   __ _ 
  / _` | '_ \| | '_ \ / _` |
 | (_| | | | | | | | | (_| |
  \__, |_| |_|_|_| |_|\__,_|
   __/ |                    
  |___/                     

gnina v1.3 master:97fa6bc+   Built Oct  3 2024.
gnina is based on smina and AutoDock Vina.
Please cite appropriately.

Commandline: gnina --receptor Proteinas_preparadas/MAPK1.pdbqt --ligand Bases_conjuntas/Targets/EGFR_MAPK1/EGFR_MAPK1_1054.pdbqt --autobox_ligand Compuestos_preparados/MAPK1.pdbqt --autobox_add 18 --exhaustiveness 16 --out docking/bases_conjuntas/EGFR_MAPK1_1054_L_MAPK1.pdbqt --log docking/bases_conjuntas/EGFR_MAPK1_1054_L_MAPK1.log
Using random seed: 2137693384

mode |  affinity  |  intramol  |    CNN     |   CNN
     | (kcal/mol) | (kcal/mol) | pose score | affinity
-----+------------+------------+------------+----------
    1       -6.20       -1.01       0.6828      6.758
    2       -9.18        0.53       0.4934      6.845
    3       -7.73       -0.76       0.4799      6.556
    4       -8.59       -0.44       0.4594      7.064
    5       -8.30       -0.71       0.3738      6.578
    6       -6.27       -0.81       0.3587      5.505
    7       -6.95        0.75       0.3331      6.127
    8       -8.61        0.59       0.3279      6.699
    9       -7.19       -0.98       0.3103      6.242
