              _             
             (_)            
   __ _ _ __  _ _ __   __ _ 
  / _` | '_ \| | '_ \ / _` |
 | (_| | | | | | | | | (_| |
  \__, |_| |_|_|_| |_|\__,_|
   __/ |                    
  |___/                     

gnina v1.3 master:97fa6bc+   Built Oct  3 2024.
gnina is based on smina and AutoDock Vina.
Please cite appropriately.

Commandline: gnina --receptor Proteinas_preparadas/EGFR.pdbqt --ligand Bases_conjuntas/Targets/EGFR_MAPK1/EGFR_MAPK1_174.pdbqt --autobox_ligand Compuestos_preparados/EGFR.pdbqt --autobox_add 18 --exhaustiveness 16 --cnn_scoring none --out docking/bases_conjuntas/EGFR_MAPK1_174_L_EGFR.pdbqt --log docking/bases_conjuntas/EGFR_MAPK1_174_L_EGFR.log
Using random seed: -338383806

mode |  affinity  |  intramol  |    CNN     |   CNN
     | (kcal/mol) | (kcal/mol) | pose score | affinity
-----+------------+------------+------------+----------
    1      -10.06       -0.60      -1.0000      0.000
    2       -9.98       -0.63      -1.0000      0.000
    3       -9.86        0.11      -1.0000      0.000
    4       -9.85       -0.06      -1.0000      0.000
    5       -9.73       -0.72      -1.0000      0.000
    6       -9.70       -0.42      -1.0000      0.000
    7       -9.53       -0.68      -1.0000      0.000
    8       -9.53       -0.98      -1.0000      0.000
    9       -9.34       -0.34      -1.0000      0.000
