              _             
             (_)            
   __ _ _ __  _ _ __   __ _ 
  / _` | '_ \| | '_ \ / _` |
 | (_| | | | | | | | | (_| |
  \__, |_| |_|_|_| |_|\__,_|
   __/ |                    
  |___/                     

gnina v1.3 master:97fa6bc+   Built Oct  3 2024.
gnina is based on smina and AutoDock Vina.
Please cite appropriately.

Commandline: gnina --receptor Proteinas_preparadas/EGFR.pdbqt --ligand Bases_conjuntas/Targets/EGFR_MAPK1/EGFR_MAPK1_949.pdbqt --autobox_ligand Compuestos_preparados/EGFR.pdbqt --autobox_add 18 --exhaustiveness 16 --out docking/bases_conjuntas/EGFR_MAPK1_949_L_EGFR.pdbqt --log docking/bases_conjuntas/EGFR_MAPK1_949_L_EGFR.log
Using random seed: -559536374

mode |  affinity  |  intramol  |    CNN     |   CNN
     | (kcal/mol) | (kcal/mol) | pose score | affinity
-----+------------+------------+------------+----------
    1       -8.27       -0.60       0.6135      6.514
    2       -9.24       -1.28       0.5718      7.068
    3       -9.30       -1.62       0.5551      6.913
    4       -8.41       -0.10       0.3865      5.956
    5       -8.28       -1.26       0.3272      6.042
    6       -9.64       -0.30       0.3128      6.594
    7       -9.29       -1.94       0.3068      6.059
    8      -12.46       -0.67       0.2957      7.279
    9       -8.87       -1.87       0.2911      5.498
