              _             
             (_)            
   __ _ _ __  _ _ __   __ _ 
  / _` | '_ \| | '_ \ / _` |
 | (_| | | | | | | | | (_| |
  \__, |_| |_|_|_| |_|\__,_|
   __/ |                    
  |___/                     

gnina v1.3 master:97fa6bc+   Built Oct  3 2024.
gnina is based on smina and AutoDock Vina.
Please cite appropriately.

Commandline: gnina --receptor Proteinas_preparadas/EGFR.pdbqt --ligand Bases_conjuntas/Targets/EGFR_MAPK1/EGFR_MAPK1_770.pdbqt --autobox_ligand Compuestos_preparados/EGFR.pdbqt --autobox_add 18 --exhaustiveness 16 --out docking/bases_conjuntas/EGFR_MAPK1_770_L_EGFR.pdbqt --log docking/bases_conjuntas/EGFR_MAPK1_770_L_EGFR.log
Using random seed: 1141371949

mode |  affinity  |  intramol  |    CNN     |   CNN
     | (kcal/mol) | (kcal/mol) | pose score | affinity
-----+------------+------------+------------+----------
    1       -9.22        4.39       0.5761      7.355
    2       -7.33       -0.03       0.3922      5.647
    3       -7.54        0.27       0.3609      6.308
    4       -7.18        0.96       0.3091      6.150
    5       -9.36        1.42       0.2776      6.405
    6       -7.93       -1.12       0.2752      6.637
    7       -7.94       -0.31       0.2722      6.573
    8       -7.86        1.36       0.2690      6.239
    9       -7.59       -0.55       0.2450      6.274
