              _             
             (_)            
   __ _ _ __  _ _ __   __ _ 
  / _` | '_ \| | '_ \ / _` |
 | (_| | | | | | | | | (_| |
  \__, |_| |_|_|_| |_|\__,_|
   __/ |                    
  |___/                     

gnina v1.3 master:97fa6bc+   Built Oct  3 2024.
gnina is based on smina and AutoDock Vina.
Please cite appropriately.

Commandline: gnina --receptor Proteinas_preparadas/MAPK1.pdbqt --ligand Bases_conjuntas/Targets/EGFR_MAPK1/EGFR_MAPK1_983.pdbqt --autobox_ligand Compuestos_preparados/MAPK1.pdbqt --autobox_add 18 --exhaustiveness 16 --out docking/bases_conjuntas/EGFR_MAPK1_983_L_MAPK1.pdbqt --log docking/bases_conjuntas/EGFR_MAPK1_983_L_MAPK1.log
Using random seed: -1876539165

mode |  affinity  |  intramol  |    CNN     |   CNN
     | (kcal/mol) | (kcal/mol) | pose score | affinity
-----+------------+------------+------------+----------
    1       -6.20       -1.29       0.6572      6.867
    2       -6.35       -1.86       0.3272      6.924
    3       -6.12       -0.94       0.3049      6.495
    4       -7.24       -2.21       0.2969      7.044
    5       -6.59       -1.29       0.2886      6.659
    6       -7.36       -1.01       0.2789      7.029
    7       -6.32       -2.08       0.2769      7.035
    8       -5.86       -1.41       0.2745      6.108
    9       -6.37       -2.02       0.2681      6.812
