              _             
             (_)            
   __ _ _ __  _ _ __   __ _ 
  / _` | '_ \| | '_ \ / _` |
 | (_| | | | | | | | | (_| |
  \__, |_| |_|_|_| |_|\__,_|
   __/ |                    
  |___/                     

gnina v1.3 master:97fa6bc+   Built Oct  3 2024.
gnina is based on smina and AutoDock Vina.
Please cite appropriately.

Commandline: gnina --receptor Proteinas_preparadas/EGFR.pdbqt --ligand Bases_conjuntas/Targets/EGFR_MAPK1/EGFR_MAPK1_536.pdbqt --autobox_ligand Compuestos_preparados/EGFR.pdbqt --autobox_add 18 --exhaustiveness 16 --cnn_scoring none --out docking/bases_conjuntas/EGFR_MAPK1_536_L_EGFR.pdbqt --log docking/bases_conjuntas/EGFR_MAPK1_536_L_EGFR.log
Using random seed: -41177286

mode |  affinity  |  intramol  |    CNN     |   CNN
     | (kcal/mol) | (kcal/mol) | pose score | affinity
-----+------------+------------+------------+----------
    1       -7.29       -0.25      -1.0000      0.000
    2       -7.10       -0.32      -1.0000      0.000
    3       -6.81        0.11      -1.0000      0.000
    4       -6.75       -0.39      -1.0000      0.000
    5       -6.68        0.65      -1.0000      0.000
    6       -6.63       -0.10      -1.0000      0.000
    7       -6.60       -0.60      -1.0000      0.000
    8       -6.47       -0.65      -1.0000      0.000
    9       -6.32       -0.30      -1.0000      0.000
