              _             
             (_)            
   __ _ _ __  _ _ __   __ _ 
  / _` | '_ \| | '_ \ / _` |
 | (_| | | | | | | | | (_| |
  \__, |_| |_|_|_| |_|\__,_|
   __/ |                    
  |___/                     

gnina v1.3 master:97fa6bc+   Built Oct  3 2024.
gnina is based on smina and AutoDock Vina.
Please cite appropriately.

Commandline: gnina --receptor Proteinas_preparadas/EGFR.pdbqt --ligand Bases_conjuntas/Targets/EGFR_MAPK1/EGFR_MAPK1_519.pdbqt --autobox_ligand Compuestos_preparados/EGFR.pdbqt --autobox_add 18 --exhaustiveness 16 --out docking/bases_conjuntas/EGFR_MAPK1_519_L_EGFR.pdbqt --log docking/bases_conjuntas/EGFR_MAPK1_519_L_EGFR.log
Using random seed: 99368286

mode |  affinity  |  intramol  |    CNN     |   CNN
     | (kcal/mol) | (kcal/mol) | pose score | affinity
-----+------------+------------+------------+----------
    1       -7.11        0.11       0.7991      6.258
    2       -9.12       -0.37       0.6489      6.971
    3       -8.96        0.39       0.4414      6.681
    4       -7.17       -0.36       0.4341      6.378
    5       -7.86       -0.08       0.4268      6.360
    6       -7.24       -1.03       0.3350      6.269
    7       -7.56       -0.11       0.3267      6.302
    8       -7.16       -0.03       0.3004      5.915
    9       -9.35       -1.20       0.2880      6.703
