              _             
             (_)            
   __ _ _ __  _ _ __   __ _ 
  / _` | '_ \| | '_ \ / _` |
 | (_| | | | | | | | | (_| |
  \__, |_| |_|_|_| |_|\__,_|
   __/ |                    
  |___/                     

gnina v1.3 master:97fa6bc+   Built Oct  3 2024.
gnina is based on smina and AutoDock Vina.
Please cite appropriately.

Commandline: gnina --receptor Proteinas_preparadas/MAPK1.pdbqt --ligand Bases_conjuntas/Targets/EGFR_MAPK1/EGFR_MAPK1_1075.pdbqt --autobox_ligand Compuestos_preparados/MAPK1.pdbqt --autobox_add 18 --exhaustiveness 16 --out docking/bases_conjuntas/EGFR_MAPK1_1075_L_MAPK1.pdbqt --log docking/bases_conjuntas/EGFR_MAPK1_1075_L_MAPK1.log
Using random seed: 2131367348

mode |  affinity  |  intramol  |    CNN     |   CNN
     | (kcal/mol) | (kcal/mol) | pose score | affinity
-----+------------+------------+------------+----------
    1       -9.81       -2.27       0.3500      7.914
    2       -9.40       -1.65       0.1612      7.672
    3       -7.40       -2.65       0.1371      5.585
    4       -9.66       -1.23       0.1241      7.554
    5       -8.29       -1.79       0.1080      6.526
    6       -7.54       -1.25       0.0911      6.690
    7       -7.51       -2.62       0.0747      6.230
    8       -9.39       -0.97       0.0678      7.023
    9       -7.01       -1.42       0.0609      6.085
