              _             
             (_)            
   __ _ _ __  _ _ __   __ _ 
  / _` | '_ \| | '_ \ / _` |
 | (_| | | | | | | | | (_| |
  \__, |_| |_|_|_| |_|\__,_|
   __/ |                    
  |___/                     

gnina v1.3 master:97fa6bc+   Built Oct  3 2024.
gnina is based on smina and AutoDock Vina.
Please cite appropriately.

Commandline: gnina --receptor Proteinas_preparadas/MAPK1.pdbqt --ligand Bases_conjuntas/Targets/EGFR_MAPK1/EGFR_MAPK1_797.pdbqt --autobox_ligand Compuestos_preparados/MAPK1.pdbqt --autobox_add 18 --exhaustiveness 16 --out docking/bases_conjuntas/EGFR_MAPK1_797_L_MAPK1.pdbqt --log docking/bases_conjuntas/EGFR_MAPK1_797_L_MAPK1.log
Using random seed: 904153072

mode |  affinity  |  intramol  |    CNN     |   CNN
     | (kcal/mol) | (kcal/mol) | pose score | affinity
-----+------------+------------+------------+----------
    1       -8.26       -0.04       0.7808      6.865
    2       -7.40        0.52       0.6572      6.981
    3       -7.70       -1.14       0.5667      7.073
    4       -7.14       -0.62       0.5650      6.903
    5      -10.02        0.50       0.5330      7.369
    6       -7.60       -0.37       0.4922      6.745
    7       -8.01       -0.44       0.4506      6.883
    8       -8.65        0.00       0.4154      7.227
    9       -7.43        0.57       0.3725      6.534
