              _             
             (_)            
   __ _ _ __  _ _ __   __ _ 
  / _` | '_ \| | '_ \ / _` |
 | (_| | | | | | | | | (_| |
  \__, |_| |_|_|_| |_|\__,_|
   __/ |                    
  |___/                     

gnina v1.3 master:97fa6bc+   Built Oct  3 2024.
gnina is based on smina and AutoDock Vina.
Please cite appropriately.

Commandline: gnina --receptor Proteinas_preparadas/STAT3.pdbqt --ligand Bases_conjuntas/Targets/EGFR_STAT3/EGFR_STAT3_590.pdbqt --autobox_ligand Compuestos_preparados/STAT3.pdbqt --autobox_add 18 --exhaustiveness 16 --cnn_scoring none --out docking/bases_conjuntas/EGFR_STAT3_590_L_STAT3.pdbqt --log docking/bases_conjuntas/EGFR_STAT3_590_L_STAT3.log
Using random seed: 430112228

mode |  affinity  |  intramol  |    CNN     |   CNN
     | (kcal/mol) | (kcal/mol) | pose score | affinity
-----+------------+------------+------------+----------
    1       -6.15       -0.22      -1.0000      0.000
    2       -5.93       -0.18      -1.0000      0.000
    3       -5.77        0.91      -1.0000      0.000
    4       -5.69       -0.89      -1.0000      0.000
    5       -5.54       -0.19      -1.0000      0.000
    6       -5.54       -1.60      -1.0000      0.000
    7       -5.54       -0.47      -1.0000      0.000
    8       -5.52       -0.28      -1.0000      0.000
    9       -5.50       -0.58      -1.0000      0.000
