              _             
             (_)            
   __ _ _ __  _ _ __   __ _ 
  / _` | '_ \| | '_ \ / _` |
 | (_| | | | | | | | | (_| |
  \__, |_| |_|_|_| |_|\__,_|
   __/ |                    
  |___/                     

gnina v1.3 master:97fa6bc+   Built Oct  3 2024.
gnina is based on smina and AutoDock Vina.
Please cite appropriately.

Commandline: gnina --receptor Proteinas_preparadas/MAPK1.pdbqt --ligand Bases_conjuntas/Targets/EGFR_MAPK1/EGFR_MAPK1_485.pdbqt --autobox_ligand Compuestos_preparados/MAPK1.pdbqt --autobox_add 18 --exhaustiveness 16 --out docking/bases_conjuntas/EGFR_MAPK1_485_L_MAPK1.pdbqt --log docking/bases_conjuntas/EGFR_MAPK1_485_L_MAPK1.log
Using random seed: -2127622976

mode |  affinity  |  intramol  |    CNN     |   CNN
     | (kcal/mol) | (kcal/mol) | pose score | affinity
-----+------------+------------+------------+----------
    1       -7.34       -1.29       0.6146      7.338
    2       -7.53       -0.46       0.5705      6.668
    3       -8.25       -1.40       0.4702      7.100
    4       -6.77       -0.45       0.4546      6.531
    5       -8.96       -1.67       0.3604      6.985
    6       -7.35       -0.63       0.3536      6.391
    7       -7.55       -0.95       0.3477      6.735
    8       -8.13       -0.88       0.3377      6.613
    9       -6.71       -0.42       0.3365      6.370
