              _             
             (_)            
   __ _ _ __  _ _ __   __ _ 
  / _` | '_ \| | '_ \ / _` |
 | (_| | | | | | | | | (_| |
  \__, |_| |_|_|_| |_|\__,_|
   __/ |                    
  |___/                     

gnina v1.3 master:97fa6bc+   Built Oct  3 2024.
gnina is based on smina and AutoDock Vina.
Please cite appropriately.

Commandline: gnina --receptor Proteinas_preparadas/MAPK1.pdbqt --ligand Bases_conjuntas/Targets/EGFR_MAPK1/EGFR_MAPK1_309.pdbqt --autobox_ligand Compuestos_preparados/MAPK1.pdbqt --autobox_add 18 --exhaustiveness 16 --out docking/bases_conjuntas/EGFR_MAPK1_309_L_MAPK1.pdbqt --log docking/bases_conjuntas/EGFR_MAPK1_309_L_MAPK1.log
Using random seed: 1686914688

mode |  affinity  |  intramol  |    CNN     |   CNN
     | (kcal/mol) | (kcal/mol) | pose score | affinity
-----+------------+------------+------------+----------
    1       -6.19       -1.07       0.1420      5.230
    2       -7.09       -0.61       0.1331      4.559
    3       -8.01       -0.71       0.1186      4.839
    4       -6.20       -1.07       0.1067      4.586
    5       -6.27       -0.96       0.0927      4.528
    6       -4.46       -0.93       0.0924      4.348
    7       -7.24       -1.05       0.0915      4.973
    8       -6.62       -0.58       0.0841      4.968
    9       -6.56       -0.18       0.0835      4.715
