              _             
             (_)            
   __ _ _ __  _ _ __   __ _ 
  / _` | '_ \| | '_ \ / _` |
 | (_| | | | | | | | | (_| |
  \__, |_| |_|_|_| |_|\__,_|
   __/ |                    
  |___/                     

gnina v1.3 master:97fa6bc+   Built Oct  3 2024.
gnina is based on smina and AutoDock Vina.
Please cite appropriately.

Commandline: gnina --receptor Proteinas_preparadas/MAPK1.pdbqt --ligand Bases_conjuntas/Targets/EGFR_MAPK1/EGFR_MAPK1_197.pdbqt --autobox_ligand Compuestos_preparados/MAPK1.pdbqt --autobox_add 18 --exhaustiveness 16 --cnn_scoring none --out docking/bases_conjuntas/EGFR_MAPK1_197_L_MAPK1.pdbqt --log docking/bases_conjuntas/EGFR_MAPK1_197_L_MAPK1.log
Using random seed: -1845745765

mode |  affinity  |  intramol  |    CNN     |   CNN
     | (kcal/mol) | (kcal/mol) | pose score | affinity
-----+------------+------------+------------+----------
    1       -9.49       -0.16      -1.0000      0.000
    2       -9.15        0.99      -1.0000      0.000
    3       -8.43       -0.12      -1.0000      0.000
    4       -8.04       -0.28      -1.0000      0.000
    5       -7.83        0.06      -1.0000      0.000
    6       -7.56       -0.28      -1.0000      0.000
    7       -7.40       -0.45      -1.0000      0.000
    8       -7.36       -0.47      -1.0000      0.000
    9       -7.09       -0.53      -1.0000      0.000
