              _             
             (_)            
   __ _ _ __  _ _ __   __ _ 
  / _` | '_ \| | '_ \ / _` |
 | (_| | | | | | | | | (_| |
  \__, |_| |_|_|_| |_|\__,_|
   __/ |                    
  |___/                     

gnina v1.3 master:97fa6bc+   Built Oct  3 2024.
gnina is based on smina and AutoDock Vina.
Please cite appropriately.

Commandline: gnina --receptor Proteinas_preparadas/SRC.pdbqt --ligand Bases_conjuntas/Targets/EGFR_SRC/EGFR_SRC_570.pdbqt --autobox_ligand Compuestos_preparados/SRC.pdbqt --autobox_add 18 --exhaustiveness 16 --cnn_scoring none --out docking/bases_conjuntas/EGFR_SRC_570_L_SRC.pdbqt --log docking/bases_conjuntas/EGFR_SRC_570_L_SRC.log
Using random seed: -1244602127

mode |  affinity  |  intramol  |    CNN     |   CNN
     | (kcal/mol) | (kcal/mol) | pose score | affinity
-----+------------+------------+------------+----------
    1       -5.62       -0.06      -1.0000      0.000
    2       -5.53       -0.06      -1.0000      0.000
    3       -5.50       -0.06      -1.0000      0.000
    4       -5.42        0.03      -1.0000      0.000
    5       -5.40       -0.07      -1.0000      0.000
    6       -5.32       -0.05      -1.0000      0.000
    7       -5.26       -0.07      -1.0000      0.000
    8       -5.21       -0.07      -1.0000      0.000
    9       -5.06        0.36      -1.0000      0.000
