              _             
             (_)            
   __ _ _ __  _ _ __   __ _ 
  / _` | '_ \| | '_ \ / _` |
 | (_| | | | | | | | | (_| |
  \__, |_| |_|_|_| |_|\__,_|
   __/ |                    
  |___/                     

gnina v1.3 master:97fa6bc+   Built Oct  3 2024.
gnina is based on smina and AutoDock Vina.
Please cite appropriately.

Commandline: gnina --receptor Proteinas_preparadas/EGFR.pdbqt --ligand Bases_conjuntas/Targets/EGFR_MAPK1/EGFR_MAPK1_25.pdbqt --autobox_ligand Compuestos_preparados/EGFR.pdbqt --autobox_add 18 --exhaustiveness 16 --out docking/bases_conjuntas/EGFR_MAPK1_25_L_EGFR.pdbqt --log docking/bases_conjuntas/EGFR_MAPK1_25_L_EGFR.log
Using random seed: 1967088526

mode |  affinity  |  intramol  |    CNN     |   CNN
     | (kcal/mol) | (kcal/mol) | pose score | affinity
-----+------------+------------+------------+----------
    1       -6.24       -0.76       0.6704      6.981
    2       -6.63       -0.12       0.5189      6.478
    3       -6.64       -0.13       0.4989      6.743
    4       -6.42       -1.08       0.4513      5.497
    5       -6.29       -0.12       0.3579      5.446
    6       -6.21        0.39       0.3570      5.514
    7       -6.28       -1.06       0.3395      6.294
    8       -6.67        0.75       0.3078      6.144
    9       -6.24       -1.10       0.2997      5.670
