              _             
             (_)            
   __ _ _ __  _ _ __   __ _ 
  / _` | '_ \| | '_ \ / _` |
 | (_| | | | | | | | | (_| |
  \__, |_| |_|_|_| |_|\__,_|
   __/ |                    
  |___/                     

gnina v1.3 master:97fa6bc+   Built Oct  3 2024.
gnina is based on smina and AutoDock Vina.
Please cite appropriately.

Commandline: gnina --receptor Proteinas_preparadas/EGFR.pdbqt --ligand Bases_conjuntas/Targets/EGFR_MAPK1/EGFR_MAPK1_715.pdbqt --autobox_ligand Compuestos_preparados/EGFR.pdbqt --autobox_add 18 --exhaustiveness 16 --out docking/bases_conjuntas/EGFR_MAPK1_715_L_EGFR.pdbqt --log docking/bases_conjuntas/EGFR_MAPK1_715_L_EGFR.log
Using random seed: -34493034

mode |  affinity  |  intramol  |    CNN     |   CNN
     | (kcal/mol) | (kcal/mol) | pose score | affinity
-----+------------+------------+------------+----------
    1       -7.81       -1.44       0.6654      6.565
    2       -8.04       -1.12       0.5707      6.849
    3       -7.55        0.23       0.5029      6.160
    4       -9.29       -0.14       0.3381      6.617
    5       -8.15       -1.32       0.3375      6.639
    6       -7.40       -0.20       0.3332      6.019
    7       -8.32       -0.90       0.3231      6.381
    8       -7.79       -0.70       0.3189      5.463
    9       -7.56       -0.77       0.3108      6.444
