              _             
             (_)            
   __ _ _ __  _ _ __   __ _ 
  / _` | '_ \| | '_ \ / _` |
 | (_| | | | | | | | | (_| |
  \__, |_| |_|_|_| |_|\__,_|
   __/ |                    
  |___/                     

gnina v1.3 master:97fa6bc+   Built Oct  3 2024.
gnina is based on smina and AutoDock Vina.
Please cite appropriately.

Commandline: gnina --receptor Proteinas_preparadas/EGFR.pdbqt --ligand Bases_conjuntas/Targets/EGFR_MAPK1/EGFR_MAPK1_1058.pdbqt --autobox_ligand Compuestos_preparados/EGFR.pdbqt --autobox_add 18 --exhaustiveness 16 --out docking/bases_conjuntas/EGFR_MAPK1_1058_L_EGFR.pdbqt --log docking/bases_conjuntas/EGFR_MAPK1_1058_L_EGFR.log
Using random seed: 887026104

mode |  affinity  |  intramol  |    CNN     |   CNN
     | (kcal/mol) | (kcal/mol) | pose score | affinity
-----+------------+------------+------------+----------
    1       -9.48        1.35       0.4714      6.995
    2       -8.00       -1.44       0.4251      6.729
    3       -7.63       -0.78       0.3824      6.459
    4       -8.36       -0.80       0.3747      6.716
    5       -8.52       -1.62       0.3584      6.585
    6       -9.39        0.54       0.3432      6.944
    7       -7.72        0.19       0.3216      6.976
    8       -8.31       -0.41       0.3188      6.885
    9       -7.41       -0.20       0.3111      6.344
