              _             
             (_)            
   __ _ _ __  _ _ __   __ _ 
  / _` | '_ \| | '_ \ / _` |
 | (_| | | | | | | | | (_| |
  \__, |_| |_|_|_| |_|\__,_|
   __/ |                    
  |___/                     

gnina v1.3 master:97fa6bc+   Built Oct  3 2024.
gnina is based on smina and AutoDock Vina.
Please cite appropriately.

Commandline: gnina --receptor Proteinas_preparadas/MAPK1.pdbqt --ligand Bases_conjuntas/Targets/EGFR_MAPK1/EGFR_MAPK1_290.pdbqt --autobox_ligand Compuestos_preparados/MAPK1.pdbqt --autobox_add 18 --exhaustiveness 16 --cnn_scoring none --out docking/bases_conjuntas/EGFR_MAPK1_290_L_MAPK1.pdbqt --log docking/bases_conjuntas/EGFR_MAPK1_290_L_MAPK1.log
Using random seed: -1195335760

mode |  affinity  |  intramol  |    CNN     |   CNN
     | (kcal/mol) | (kcal/mol) | pose score | affinity
-----+------------+------------+------------+----------
    1       -8.39        0.37      -1.0000      0.000
    2       -8.08        0.58      -1.0000      0.000
    3       -7.63       -0.26      -1.0000      0.000
    4       -7.60        0.29      -1.0000      0.000
    5       -7.31       -0.55      -1.0000      0.000
    6       -7.28       -0.63      -1.0000      0.000
    7       -7.26        0.22      -1.0000      0.000
    8       -7.17       -0.08      -1.0000      0.000
    9       -7.17       -0.86      -1.0000      0.000
