              _             
             (_)            
   __ _ _ __  _ _ __   __ _ 
  / _` | '_ \| | '_ \ / _` |
 | (_| | | | | | | | | (_| |
  \__, |_| |_|_|_| |_|\__,_|
   __/ |                    
  |___/                     

gnina v1.3 master:97fa6bc+   Built Oct  3 2024.
gnina is based on smina and AutoDock Vina.
Please cite appropriately.

Commandline: gnina --receptor Proteinas_preparadas/EGFR.pdbqt --ligand Bases_conjuntas/Targets/EGFR_MAPK1/EGFR_MAPK1_852.pdbqt --autobox_ligand Compuestos_preparados/EGFR.pdbqt --autobox_add 18 --exhaustiveness 16 --out docking/bases_conjuntas/EGFR_MAPK1_852_L_EGFR.pdbqt --log docking/bases_conjuntas/EGFR_MAPK1_852_L_EGFR.log
Using random seed: 117711153

mode |  affinity  |  intramol  |    CNN     |   CNN
     | (kcal/mol) | (kcal/mol) | pose score | affinity
-----+------------+------------+------------+----------
    1       -8.00       -0.49       0.8994      7.612
    2       -7.50        0.40       0.8007      7.279
    3       -9.74       -0.32       0.6534      6.872
    4       -7.34       -0.49       0.5742      6.008
    5       -8.72       -0.82       0.5342      7.108
    6       -8.47       -0.57       0.5141      7.188
    7       -7.31        0.10       0.5061      6.002
    8       -9.14       -0.42       0.4304      6.876
    9       -7.72       -0.69       0.4239      6.438
