              _             
             (_)            
   __ _ _ __  _ _ __   __ _ 
  / _` | '_ \| | '_ \ / _` |
 | (_| | | | | | | | | (_| |
  \__, |_| |_|_|_| |_|\__,_|
   __/ |                    
  |___/                     

gnina v1.3 master:97fa6bc+   Built Oct  3 2024.
gnina is based on smina and AutoDock Vina.
Please cite appropriately.

Commandline: gnina --receptor Proteinas_preparadas/EGFR.pdbqt --ligand Bases_conjuntas/Targets/EGFR_MAPK1/EGFR_MAPK1_559.pdbqt --autobox_ligand Compuestos_preparados/EGFR.pdbqt --autobox_add 18 --exhaustiveness 16 --out docking/bases_conjuntas/EGFR_MAPK1_559_L_EGFR.pdbqt --log docking/bases_conjuntas/EGFR_MAPK1_559_L_EGFR.log
Using random seed: -1974322724

mode |  affinity  |  intramol  |    CNN     |   CNN
     | (kcal/mol) | (kcal/mol) | pose score | affinity
-----+------------+------------+------------+----------
    1       -7.24       -0.11       0.9136      7.184
    2       -7.57        0.34       0.8649      6.739
    3       -8.14       -0.19       0.7761      6.368
    4       -7.36       -0.20       0.7595      6.386
    5       -8.43        0.82       0.5580      6.623
    6       -6.99        0.62       0.5512      6.545
    7       -8.49        1.22       0.5398      6.404
    8       -8.19        0.96       0.5114      6.405
    9       -7.07        1.15       0.4539      6.238
