              _             
             (_)            
   __ _ _ __  _ _ __   __ _ 
  / _` | '_ \| | '_ \ / _` |
 | (_| | | | | | | | | (_| |
  \__, |_| |_|_|_| |_|\__,_|
   __/ |                    
  |___/                     

gnina v1.3 master:97fa6bc+   Built Oct  3 2024.
gnina is based on smina and AutoDock Vina.
Please cite appropriately.

Commandline: gnina --receptor Proteinas_preparadas/MAPK1.pdbqt --ligand Bases_conjuntas/Targets/EGFR_MAPK1/EGFR_MAPK1_633.pdbqt --autobox_ligand Compuestos_preparados/MAPK1.pdbqt --autobox_add 18 --exhaustiveness 16 --out docking/bases_conjuntas/EGFR_MAPK1_633_L_MAPK1.pdbqt --log docking/bases_conjuntas/EGFR_MAPK1_633_L_MAPK1.log
Using random seed: -1593237100

mode |  affinity  |  intramol  |    CNN     |   CNN
     | (kcal/mol) | (kcal/mol) | pose score | affinity
-----+------------+------------+------------+----------
    1       -7.60       -0.47       0.3591      6.700
    2       -7.98       -0.07       0.3554      7.217
    3       -8.27       -0.86       0.3432      7.051
    4       -8.03       -0.42       0.2942      6.598
    5       -7.84       -1.28       0.2648      6.382
    6       -7.63        0.26       0.2532      5.685
    7       -8.75       -0.25       0.2221      6.910
    8       -7.56       -0.38       0.2152      5.124
    9       -7.56       -0.27       0.2051      5.893
