              _             
             (_)            
   __ _ _ __  _ _ __   __ _ 
  / _` | '_ \| | '_ \ / _` |
 | (_| | | | | | | | | (_| |
  \__, |_| |_|_|_| |_|\__,_|
   __/ |                    
  |___/                     

gnina v1.3 master:97fa6bc+   Built Oct  3 2024.
gnina is based on smina and AutoDock Vina.
Please cite appropriately.

Commandline: gnina --receptor Proteinas_preparadas/EGFR.pdbqt --ligand Bases_conjuntas/Targets/EGFR_MAPK1/EGFR_MAPK1_828.pdbqt --autobox_ligand Compuestos_preparados/EGFR.pdbqt --autobox_add 18 --exhaustiveness 16 --out docking/bases_conjuntas/EGFR_MAPK1_828_L_EGFR.pdbqt --log docking/bases_conjuntas/EGFR_MAPK1_828_L_EGFR.log
Using random seed: -99054748

mode |  affinity  |  intramol  |    CNN     |   CNN
     | (kcal/mol) | (kcal/mol) | pose score | affinity
-----+------------+------------+------------+----------
    1       -9.63       -1.03       0.3933      7.250
    2       -8.32       -1.07       0.2948      6.660
    3       -8.58       -0.56       0.2782      5.976
    4       -8.21       -0.78       0.2557      6.631
    5       -9.42        0.99       0.2556      6.419
    6       -9.30        0.02       0.2545      6.837
    7       -9.39       -0.04       0.2364      7.099
    8       -8.25       -1.09       0.2286      6.227
    9       -9.12       -0.54       0.2252      6.650
