              _             
             (_)            
   __ _ _ __  _ _ __   __ _ 
  / _` | '_ \| | '_ \ / _` |
 | (_| | | | | | | | | (_| |
  \__, |_| |_|_|_| |_|\__,_|
   __/ |                    
  |___/                     

gnina v1.3 master:97fa6bc+   Built Oct  3 2024.
gnina is based on smina and AutoDock Vina.
Please cite appropriately.

Commandline: gnina --receptor Proteinas_preparadas/MAPK1.pdbqt --ligand Bases_conjuntas/Targets/EGFR_MAPK1/EGFR_MAPK1_500.pdbqt --autobox_ligand Compuestos_preparados/MAPK1.pdbqt --autobox_add 18 --exhaustiveness 16 --out docking/bases_conjuntas/EGFR_MAPK1_500_L_MAPK1.pdbqt --log docking/bases_conjuntas/EGFR_MAPK1_500_L_MAPK1.log
Using random seed: -2113369144

mode |  affinity  |  intramol  |    CNN     |   CNN
     | (kcal/mol) | (kcal/mol) | pose score | affinity
-----+------------+------------+------------+----------
    1       -6.64       -0.91       0.5966      6.284
    2       -8.89       -1.61       0.5558      7.492
    3       -8.29       -1.19       0.5379      7.107
    4       -6.84       -1.10       0.5209      6.977
    5       -7.93       -0.96       0.5103      6.336
    6       -8.98       -0.33       0.4752      6.400
    7       -7.38        0.44       0.4645      6.414
    8       -7.06        0.18       0.4475      6.249
    9       -8.23       -0.76       0.3959      6.451
