              _             
             (_)            
   __ _ _ __  _ _ __   __ _ 
  / _` | '_ \| | '_ \ / _` |
 | (_| | | | | | | | | (_| |
  \__, |_| |_|_|_| |_|\__,_|
   __/ |                    
  |___/                     

gnina v1.3 master:97fa6bc+   Built Oct  3 2024.
gnina is based on smina and AutoDock Vina.
Please cite appropriately.

Commandline: gnina --receptor Proteinas_preparadas/EGFR.pdbqt --ligand Bases_conjuntas/Targets/EGFR_MAPK1/EGFR_MAPK1_962.pdbqt --autobox_ligand Compuestos_preparados/EGFR.pdbqt --autobox_add 18 --exhaustiveness 16 --out docking/bases_conjuntas/EGFR_MAPK1_962_L_EGFR.pdbqt --log docking/bases_conjuntas/EGFR_MAPK1_962_L_EGFR.log
Using random seed: 57175053

mode |  affinity  |  intramol  |    CNN     |   CNN
     | (kcal/mol) | (kcal/mol) | pose score | affinity
-----+------------+------------+------------+----------
    1       -8.17       -1.01       0.7927      6.114
    2       -7.06       -0.85       0.6970      4.684
    3       -8.19        1.04       0.6425      5.663
    4       -7.98       -0.23       0.5786      5.517
    5       -6.68       -0.54       0.5757      5.190
    6       -6.79       -0.19       0.5584      4.900
    7       -8.19        1.04       0.5357      5.183
    8       -7.31       -1.02       0.4695      4.742
    9       -7.06       -1.14       0.4105      5.088
