              _             
             (_)            
   __ _ _ __  _ _ __   __ _ 
  / _` | '_ \| | '_ \ / _` |
 | (_| | | | | | | | | (_| |
  \__, |_| |_|_|_| |_|\__,_|
   __/ |                    
  |___/                     

gnina v1.3 master:97fa6bc+   Built Oct  3 2024.
gnina is based on smina and AutoDock Vina.
Please cite appropriately.

Commandline: gnina --receptor Proteinas_preparadas/MAPK1.pdbqt --ligand Bases_conjuntas/Targets/EGFR_MAPK1/EGFR_MAPK1_47.pdbqt --autobox_ligand Compuestos_preparados/MAPK1.pdbqt --autobox_add 18 --exhaustiveness 16 --out docking/bases_conjuntas/EGFR_MAPK1_47_L_MAPK1.pdbqt --log docking/bases_conjuntas/EGFR_MAPK1_47_L_MAPK1.log
Using random seed: 598111424

mode |  affinity  |  intramol  |    CNN     |   CNN
     | (kcal/mol) | (kcal/mol) | pose score | affinity
-----+------------+------------+------------+----------
    1       -9.37       -0.67       0.7774      6.819
    2       -8.38       -0.91       0.7058      6.692
    3      -10.96       -1.55       0.6572      7.373
    4       -9.24       -0.45       0.6338      6.579
    5      -10.10        2.54       0.5777      7.142
    6       -8.55       -0.48       0.5495      6.990
    7       -8.45       -0.97       0.5166      6.942
    8       -9.41       -0.35       0.4700      7.320
    9       -9.05       -0.53       0.4239      6.706
