              _             
             (_)            
   __ _ _ __  _ _ __   __ _ 
  / _` | '_ \| | '_ \ / _` |
 | (_| | | | | | | | | (_| |
  \__, |_| |_|_|_| |_|\__,_|
   __/ |                    
  |___/                     

gnina v1.3 master:97fa6bc+   Built Oct  3 2024.
gnina is based on smina and AutoDock Vina.
Please cite appropriately.

Commandline: gnina --receptor Proteinas_preparadas/EGFR.pdbqt --ligand Bases_conjuntas/Targets/EGFR_MAPK1/EGFR_MAPK1_43.pdbqt --autobox_ligand Compuestos_preparados/EGFR.pdbqt --autobox_add 18 --exhaustiveness 16 --out docking/bases_conjuntas/EGFR_MAPK1_43_L_EGFR.pdbqt --log docking/bases_conjuntas/EGFR_MAPK1_43_L_EGFR.log
Using random seed: -353540546

mode |  affinity  |  intramol  |    CNN     |   CNN
     | (kcal/mol) | (kcal/mol) | pose score | affinity
-----+------------+------------+------------+----------
    1       -7.44        0.56       0.7428      7.027
    2       -8.42        0.40       0.7407      7.160
    3       -7.22       -0.83       0.3585      5.778
    4       -8.52       -0.62       0.3423      6.254
    5       -7.25        0.07       0.3339      6.462
    6       -8.36        0.09       0.3112      6.067
    7       -8.62        0.22       0.2892      6.552
    8       -7.38       -0.26       0.2810      6.233
    9       -7.41        0.15       0.2806      5.858
