              _             
             (_)            
   __ _ _ __  _ _ __   __ _ 
  / _` | '_ \| | '_ \ / _` |
 | (_| | | | | | | | | (_| |
  \__, |_| |_|_|_| |_|\__,_|
   __/ |                    
  |___/                     

gnina v1.3 master:97fa6bc+   Built Oct  3 2024.
gnina is based on smina and AutoDock Vina.
Please cite appropriately.

Commandline: gnina --receptor Proteinas_preparadas/MAPK1.pdbqt --ligand Bases_conjuntas/Targets/EGFR_MAPK1/EGFR_MAPK1_843.pdbqt --autobox_ligand Compuestos_preparados/MAPK1.pdbqt --autobox_add 18 --exhaustiveness 16 --out docking/bases_conjuntas/EGFR_MAPK1_843_L_MAPK1.pdbqt --log docking/bases_conjuntas/EGFR_MAPK1_843_L_MAPK1.log
Using random seed: -1689461947

mode |  affinity  |  intramol  |    CNN     |   CNN
     | (kcal/mol) | (kcal/mol) | pose score | affinity
-----+------------+------------+------------+----------
    1       -8.34       -1.03       0.3104      7.150
    2       -8.86       -0.83       0.2647      6.554
    3       -7.75       -0.81       0.2390      6.320
    4       -9.46        2.14       0.2224      7.242
    5      -10.06       -0.92       0.2084      7.231
    6       -8.89       -1.21       0.1748      5.604
    7       -8.07       -1.10       0.1748      5.877
    8       -8.37        2.38       0.1648      6.900
    9       -8.65       -1.00       0.1593      6.472
