              _             
             (_)            
   __ _ _ __  _ _ __   __ _ 
  / _` | '_ \| | '_ \ / _` |
 | (_| | | | | | | | | (_| |
  \__, |_| |_|_|_| |_|\__,_|
   __/ |                    
  |___/                     

gnina v1.3 master:97fa6bc+   Built Oct  3 2024.
gnina is based on smina and AutoDock Vina.
Please cite appropriately.

Commandline: gnina --receptor Proteinas_preparadas/SRC.pdbqt --ligand Bases_conjuntas/Targets/EGFR_SRC/EGFR_SRC_563.pdbqt --autobox_ligand Compuestos_preparados/SRC.pdbqt --autobox_add 18 --exhaustiveness 16 --cnn_scoring none --out docking/bases_conjuntas/EGFR_SRC_563_L_SRC.pdbqt --log docking/bases_conjuntas/EGFR_SRC_563_L_SRC.log
Using random seed: -739833492

mode |  affinity  |  intramol  |    CNN     |   CNN
     | (kcal/mol) | (kcal/mol) | pose score | affinity
-----+------------+------------+------------+----------
    1      -10.30       -0.44      -1.0000      0.000
    2      -10.26        3.75      -1.0000      0.000
    3      -10.14        1.83      -1.0000      0.000
    4      -10.10        0.39      -1.0000      0.000
    5       -9.96        1.73      -1.0000      0.000
    6       -9.81        3.78      -1.0000      0.000
    7       -9.63       -0.54      -1.0000      0.000
    8       -9.56        0.50      -1.0000      0.000
    9       -9.32        0.31      -1.0000      0.000
