              _             
             (_)            
   __ _ _ __  _ _ __   __ _ 
  / _` | '_ \| | '_ \ / _` |
 | (_| | | | | | | | | (_| |
  \__, |_| |_|_|_| |_|\__,_|
   __/ |                    
  |___/                     

gnina v1.3 master:97fa6bc+   Built Oct  3 2024.
gnina is based on smina and AutoDock Vina.
Please cite appropriately.

Commandline: gnina --receptor Proteinas_preparadas/EGFR.pdbqt --ligand Bases_conjuntas/Targets/EGFR_STAT3/EGFR_STAT3_585.pdbqt --autobox_ligand Compuestos_preparados/EGFR.pdbqt --autobox_add 18 --exhaustiveness 16 --cnn_scoring none --out docking/bases_conjuntas/EGFR_STAT3_585_L_EGFR.pdbqt --log docking/bases_conjuntas/EGFR_STAT3_585_L_EGFR.log
Using random seed: 766881692

mode |  affinity  |  intramol  |    CNN     |   CNN
     | (kcal/mol) | (kcal/mol) | pose score | affinity
-----+------------+------------+------------+----------
    1       -9.11        0.81      -1.0000      0.000
    2       -8.88        0.86      -1.0000      0.000
    3       -8.73        1.02      -1.0000      0.000
    4       -8.53       -0.24      -1.0000      0.000
    5       -8.49        0.04      -1.0000      0.000
    6       -8.48        0.72      -1.0000      0.000
    7       -8.45        0.71      -1.0000      0.000
    8       -8.45        0.80      -1.0000      0.000
    9       -8.40        0.64      -1.0000      0.000
