              _             
             (_)            
   __ _ _ __  _ _ __   __ _ 
  / _` | '_ \| | '_ \ / _` |
 | (_| | | | | | | | | (_| |
  \__, |_| |_|_|_| |_|\__,_|
   __/ |                    
  |___/                     

gnina v1.3 master:97fa6bc+   Built Oct  3 2024.
gnina is based on smina and AutoDock Vina.
Please cite appropriately.

Commandline: gnina --receptor Proteinas_preparadas/MAPK1.pdbqt --ligand Bases_conjuntas/Targets/EGFR_MAPK1/EGFR_MAPK1_557.pdbqt --autobox_ligand Compuestos_preparados/MAPK1.pdbqt --autobox_add 18 --exhaustiveness 16 --out docking/bases_conjuntas/EGFR_MAPK1_557_L_MAPK1.pdbqt --log docking/bases_conjuntas/EGFR_MAPK1_557_L_MAPK1.log
Using random seed: -1998373330

mode |  affinity  |  intramol  |    CNN     |   CNN
     | (kcal/mol) | (kcal/mol) | pose score | affinity
-----+------------+------------+------------+----------
    1       -9.05       -0.16       0.5099      7.186
    2       -7.79        0.58       0.4331      7.150
    3       -8.13       -0.81       0.4115      6.840
    4       -7.62       -0.29       0.2604      6.638
    5       -9.29       -0.83       0.2583      7.128
    6       -7.59       -0.72       0.2138      5.952
    7       -8.03       -0.59       0.2090      6.485
    8       -8.79        1.33       0.1834      6.751
    9       -9.35        0.99       0.1719      6.680
