              _             
             (_)            
   __ _ _ __  _ _ __   __ _ 
  / _` | '_ \| | '_ \ / _` |
 | (_| | | | | | | | | (_| |
  \__, |_| |_|_|_| |_|\__,_|
   __/ |                    
  |___/                     

gnina v1.3 master:97fa6bc+   Built Oct  3 2024.
gnina is based on smina and AutoDock Vina.
Please cite appropriately.

Commandline: gnina --receptor Proteinas_preparadas/MAPK1.pdbqt --ligand Bases_conjuntas/Targets/EGFR_MAPK1/EGFR_MAPK1_582.pdbqt --autobox_ligand Compuestos_preparados/MAPK1.pdbqt --autobox_add 18 --exhaustiveness 16 --out docking/bases_conjuntas/EGFR_MAPK1_582_L_MAPK1.pdbqt --log docking/bases_conjuntas/EGFR_MAPK1_582_L_MAPK1.log
Using random seed: -1911384610

mode |  affinity  |  intramol  |    CNN     |   CNN
     | (kcal/mol) | (kcal/mol) | pose score | affinity
-----+------------+------------+------------+----------
    1       -7.15       -0.27       0.6010      6.221
    2       -9.22        0.46       0.5721      7.319
    3       -6.99       -0.74       0.5465      6.542
    4       -7.45       -0.48       0.5271      6.968
    5       -6.83       -0.68       0.5024      6.236
    6       -6.86       -0.05       0.4923      6.124
    7       -9.04       -0.10       0.4549      6.930
    8       -8.48       -0.25       0.3630      6.651
    9       -7.23       -0.24       0.3533      6.532
