              _             
             (_)            
   __ _ _ __  _ _ __   __ _ 
  / _` | '_ \| | '_ \ / _` |
 | (_| | | | | | | | | (_| |
  \__, |_| |_|_|_| |_|\__,_|
   __/ |                    
  |___/                     

gnina v1.3 master:97fa6bc+   Built Oct  3 2024.
gnina is based on smina and AutoDock Vina.
Please cite appropriately.

Commandline: gnina --receptor Proteinas_preparadas/EGFR.pdbqt --ligand Bases_conjuntas/Targets/EGFR_MAPK1/EGFR_MAPK1_539.pdbqt --autobox_ligand Compuestos_preparados/EGFR.pdbqt --autobox_add 18 --exhaustiveness 16 --cnn_scoring none --out docking/bases_conjuntas/EGFR_MAPK1_539_L_EGFR.pdbqt --log docking/bases_conjuntas/EGFR_MAPK1_539_L_EGFR.log
Using random seed: 1622768522

mode |  affinity  |  intramol  |    CNN     |   CNN
     | (kcal/mol) | (kcal/mol) | pose score | affinity
-----+------------+------------+------------+----------
    1       -7.92        0.78      -1.0000      0.000
    2       -7.72        0.17      -1.0000      0.000
    3       -7.65        0.86      -1.0000      0.000
    4       -7.59        0.22      -1.0000      0.000
    5       -7.55       -0.27      -1.0000      0.000
    6       -7.44        0.01      -1.0000      0.000
    7       -7.42        0.78      -1.0000      0.000
    8       -7.26       -0.24      -1.0000      0.000
    9       -7.05        0.28      -1.0000      0.000
