              _             
             (_)            
   __ _ _ __  _ _ __   __ _ 
  / _` | '_ \| | '_ \ / _` |
 | (_| | | | | | | | | (_| |
  \__, |_| |_|_|_| |_|\__,_|
   __/ |                    
  |___/                     

gnina v1.3 master:97fa6bc+   Built Oct  3 2024.
gnina is based on smina and AutoDock Vina.
Please cite appropriately.

Commandline: gnina --receptor Proteinas_preparadas/MAPK1.pdbqt --ligand Bases_conjuntas/Targets/EGFR_MAPK1/EGFR_MAPK1_346.pdbqt --autobox_ligand Compuestos_preparados/MAPK1.pdbqt --autobox_add 18 --exhaustiveness 16 --out docking/bases_conjuntas/EGFR_MAPK1_346_L_MAPK1.pdbqt --log docking/bases_conjuntas/EGFR_MAPK1_346_L_MAPK1.log
Using random seed: 1940667379

mode |  affinity  |  intramol  |    CNN     |   CNN
     | (kcal/mol) | (kcal/mol) | pose score | affinity
-----+------------+------------+------------+----------
    1       -7.28       -0.15       0.6668      6.548
    2       -8.02       -0.18       0.6024      5.768
    3       -8.29       -0.16       0.6019      6.241
    4       -8.42       -0.00       0.5904      6.383
    5       -7.55       -0.14       0.5307      6.284
    6       -8.72       -0.01       0.5150      5.716
    7       -8.53       -0.06       0.4995      5.922
    8       -7.10        0.56       0.4981      6.076
    9       -8.36       -0.14       0.4866      5.571
