              _             
             (_)            
   __ _ _ __  _ _ __   __ _ 
  / _` | '_ \| | '_ \ / _` |
 | (_| | | | | | | | | (_| |
  \__, |_| |_|_|_| |_|\__,_|
   __/ |                    
  |___/                     

gnina v1.3 master:97fa6bc+   Built Oct  3 2024.
gnina is based on smina and AutoDock Vina.
Please cite appropriately.

Commandline: gnina --receptor Proteinas_preparadas/EGFR.pdbqt --ligand Bases_conjuntas/Targets/EGFR_MAPK1/EGFR_MAPK1_661.pdbqt --autobox_ligand Compuestos_preparados/EGFR.pdbqt --autobox_add 18 --exhaustiveness 16 --out docking/bases_conjuntas/EGFR_MAPK1_661_L_EGFR.pdbqt --log docking/bases_conjuntas/EGFR_MAPK1_661_L_EGFR.log
Using random seed: -1118979367

mode |  affinity  |  intramol  |    CNN     |   CNN
     | (kcal/mol) | (kcal/mol) | pose score | affinity
-----+------------+------------+------------+----------
    1       -7.52       -0.53       0.7106      6.720
    2       -6.44       -0.48       0.4927      6.567
    3       -7.38        0.47       0.4299      6.361
    4       -6.99       -0.73       0.4255      6.467
    5       -7.25       -1.47       0.2825      5.320
    6       -9.40        0.99       0.2502      6.446
    7       -7.85       -0.09       0.2479      6.367
    8       -9.51        0.01       0.2475      6.507
    9       -8.47        0.21       0.2387      6.782
