              _             
             (_)            
   __ _ _ __  _ _ __   __ _ 
  / _` | '_ \| | '_ \ / _` |
 | (_| | | | | | | | | (_| |
  \__, |_| |_|_|_| |_|\__,_|
   __/ |                    
  |___/                     

gnina v1.3 master:97fa6bc+   Built Oct  3 2024.
gnina is based on smina and AutoDock Vina.
Please cite appropriately.

Commandline: gnina --receptor Proteinas_preparadas/EGFR.pdbqt --ligand Bases_conjuntas/Targets/EGFR_MAPK1/EGFR_MAPK1_854.pdbqt --autobox_ligand Compuestos_preparados/EGFR.pdbqt --autobox_add 18 --exhaustiveness 16 --out docking/bases_conjuntas/EGFR_MAPK1_854_L_EGFR.pdbqt --log docking/bases_conjuntas/EGFR_MAPK1_854_L_EGFR.log
Using random seed: 1758434480

mode |  affinity  |  intramol  |    CNN     |   CNN
     | (kcal/mol) | (kcal/mol) | pose score | affinity
-----+------------+------------+------------+----------
    1       -6.78       -0.63       0.6301      6.220
    2       -6.98       -0.71       0.5626      6.319
    3       -6.95       -0.55       0.5305      6.031
    4       -6.64       -0.77       0.4273      6.721
    5       -6.55        0.11       0.3509      6.434
    6       -8.28       -0.10       0.3312      6.043
    7       -8.00       -0.01       0.3224      6.365
    8       -7.31       -0.91       0.2656      6.104
    9       -6.59       -1.21       0.2419      5.797
