              _             
             (_)            
   __ _ _ __  _ _ __   __ _ 
  / _` | '_ \| | '_ \ / _` |
 | (_| | | | | | | | | (_| |
  \__, |_| |_|_|_| |_|\__,_|
   __/ |                    
  |___/                     

gnina v1.3 master:97fa6bc+   Built Oct  3 2024.
gnina is based on smina and AutoDock Vina.
Please cite appropriately.

Commandline: gnina --receptor Proteinas_preparadas/EGFR.pdbqt --ligand Bases_conjuntas/Targets/EGFR_MAPK1/EGFR_MAPK1_370.pdbqt --autobox_ligand Compuestos_preparados/EGFR.pdbqt --autobox_add 18 --exhaustiveness 16 --out docking/bases_conjuntas/EGFR_MAPK1_370_L_EGFR.pdbqt --log docking/bases_conjuntas/EGFR_MAPK1_370_L_EGFR.log
Using random seed: -287045338

mode |  affinity  |  intramol  |    CNN     |   CNN
     | (kcal/mol) | (kcal/mol) | pose score | affinity
-----+------------+------------+------------+----------
    1       -9.41       -0.45       0.4760      7.484
    2       -8.14       -1.13       0.3305      6.428
    3       -8.93        0.02       0.3144      6.932
    4      -10.14       -0.68       0.2911      5.462
    5      -10.21       -0.36       0.2849      6.954
    6      -10.85       -1.22       0.2795      6.811
    7       -8.26       -0.99       0.2472      6.503
    8       -8.26       -0.26       0.2422      6.779
    9       -9.06       -0.64       0.2414      6.519
