              _             
             (_)            
   __ _ _ __  _ _ __   __ _ 
  / _` | '_ \| | '_ \ / _` |
 | (_| | | | | | | | | (_| |
  \__, |_| |_|_|_| |_|\__,_|
   __/ |                    
  |___/                     

gnina v1.3 master:97fa6bc+   Built Oct  3 2024.
gnina is based on smina and AutoDock Vina.
Please cite appropriately.

Commandline: gnina --receptor Proteinas_preparadas/MAPK1.pdbqt --ligand Bases_conjuntas/Targets/EGFR_MAPK1/EGFR_MAPK1_786.pdbqt --autobox_ligand Compuestos_preparados/MAPK1.pdbqt --autobox_add 18 --exhaustiveness 16 --out docking/bases_conjuntas/EGFR_MAPK1_786_L_MAPK1.pdbqt --log docking/bases_conjuntas/EGFR_MAPK1_786_L_MAPK1.log
Using random seed: -202934808

mode |  affinity  |  intramol  |    CNN     |   CNN
     | (kcal/mol) | (kcal/mol) | pose score | affinity
-----+------------+------------+------------+----------
    1       -8.45        0.67       0.5635      7.110
    2       -7.99       -0.45       0.5621      7.036
    3       -9.29       -0.87       0.4781      7.287
    4       -8.17       -0.57       0.4429      7.278
    5       -8.98       -0.66       0.4302      6.907
    6       -7.54       -1.03       0.3893      6.343
    7       -8.39       -1.55       0.3868      6.180
    8       -9.46        0.73       0.3523      6.666
    9       -8.57        0.62       0.2672      6.555
