              _             
             (_)            
   __ _ _ __  _ _ __   __ _ 
  / _` | '_ \| | '_ \ / _` |
 | (_| | | | | | | | | (_| |
  \__, |_| |_|_|_| |_|\__,_|
   __/ |                    
  |___/                     

gnina v1.3 master:97fa6bc+   Built Oct  3 2024.
gnina is based on smina and AutoDock Vina.
Please cite appropriately.

Commandline: gnina --receptor Proteinas_preparadas/MAPK1.pdbqt --ligand Bases_conjuntas/Targets/EGFR_MAPK1/EGFR_MAPK1_417.pdbqt --autobox_ligand Compuestos_preparados/MAPK1.pdbqt --autobox_add 18 --exhaustiveness 16 --out docking/bases_conjuntas/EGFR_MAPK1_417_L_MAPK1.pdbqt --log docking/bases_conjuntas/EGFR_MAPK1_417_L_MAPK1.log
Using random seed: -1827383578

mode |  affinity  |  intramol  |    CNN     |   CNN
     | (kcal/mol) | (kcal/mol) | pose score | affinity
-----+------------+------------+------------+----------
    1       -8.40       -0.92       0.6389      7.267
    2       -8.52       -1.31       0.6253      7.137
    3       -7.94       -1.57       0.5208      6.317
    4       -8.29        0.65       0.4234      6.673
    5       -8.62       -0.50       0.3303      6.501
    6       -7.19       -0.67       0.2903      5.907
    7       -7.61       -0.47       0.2808      5.775
    8       -6.91       -1.56       0.2607      6.429
    9       -7.04       -0.53       0.2559      5.920
