              _             
             (_)            
   __ _ _ __  _ _ __   __ _ 
  / _` | '_ \| | '_ \ / _` |
 | (_| | | | | | | | | (_| |
  \__, |_| |_|_|_| |_|\__,_|
   __/ |                    
  |___/                     

gnina v1.3 master:97fa6bc+   Built Oct  3 2024.
gnina is based on smina and AutoDock Vina.
Please cite appropriately.

Commandline: gnina --receptor Proteinas_preparadas/MAPK1.pdbqt --ligand Bases_conjuntas/Targets/EGFR_MAPK1/EGFR_MAPK1_208.pdbqt --autobox_ligand Compuestos_preparados/MAPK1.pdbqt --autobox_add 18 --exhaustiveness 16 --cnn_scoring none --out docking/bases_conjuntas/EGFR_MAPK1_208_L_MAPK1.pdbqt --log docking/bases_conjuntas/EGFR_MAPK1_208_L_MAPK1.log
Using random seed: 2029548277

mode |  affinity  |  intramol  |    CNN     |   CNN
     | (kcal/mol) | (kcal/mol) | pose score | affinity
-----+------------+------------+------------+----------
    1       -9.19        2.80      -1.0000      0.000
    2       -8.98        1.40      -1.0000      0.000
    3       -8.30        1.84      -1.0000      0.000
    4       -7.89        0.55      -1.0000      0.000
    5       -7.72        1.20      -1.0000      0.000
    6       -7.61        0.87      -1.0000      0.000
    7       -7.49        0.95      -1.0000      0.000
    8       -7.42        1.35      -1.0000      0.000
    9       -7.40        0.38      -1.0000      0.000
