              _             
             (_)            
   __ _ _ __  _ _ __   __ _ 
  / _` | '_ \| | '_ \ / _` |
 | (_| | | | | | | | | (_| |
  \__, |_| |_|_|_| |_|\__,_|
   __/ |                    
  |___/                     

gnina v1.3 master:97fa6bc+   Built Oct  3 2024.
gnina is based on smina and AutoDock Vina.
Please cite appropriately.

Commandline: gnina --receptor Proteinas_preparadas/EGFR.pdbqt --ligand Bases_conjuntas/Targets/EGFR_SRC/EGFR_SRC_572.pdbqt --autobox_ligand Compuestos_preparados/EGFR.pdbqt --autobox_add 18 --exhaustiveness 16 --cnn_scoring none --out docking/bases_conjuntas/EGFR_SRC_572_L_EGFR.pdbqt --log docking/bases_conjuntas/EGFR_SRC_572_L_EGFR.log
Using random seed: -1700858517

mode |  affinity  |  intramol  |    CNN     |   CNN
     | (kcal/mol) | (kcal/mol) | pose score | affinity
-----+------------+------------+------------+----------
    1       -7.87       -0.75      -1.0000      0.000
    2       -7.78       -1.83      -1.0000      0.000
    3       -7.77       -1.59      -1.0000      0.000
    4       -7.73       -1.46      -1.0000      0.000
    5       -7.67       -1.01      -1.0000      0.000
    6       -7.65       -1.75      -1.0000      0.000
    7       -7.58       -1.93      -1.0000      0.000
    8       -7.44       -0.64      -1.0000      0.000
    9       -7.41        0.27      -1.0000      0.000
