              _             
             (_)            
   __ _ _ __  _ _ __   __ _ 
  / _` | '_ \| | '_ \ / _` |
 | (_| | | | | | | | | (_| |
  \__, |_| |_|_|_| |_|\__,_|
   __/ |                    
  |___/                     

gnina v1.3 master:97fa6bc+   Built Oct  3 2024.
gnina is based on smina and AutoDock Vina.
Please cite appropriately.

Commandline: gnina --receptor Proteinas_preparadas/MAPK1.pdbqt --ligand Bases_conjuntas/Targets/EGFR_MAPK1/EGFR_MAPK1_453.pdbqt --autobox_ligand Compuestos_preparados/MAPK1.pdbqt --autobox_add 18 --exhaustiveness 16 --out docking/bases_conjuntas/EGFR_MAPK1_453_L_MAPK1.pdbqt --log docking/bases_conjuntas/EGFR_MAPK1_453_L_MAPK1.log
Using random seed: 46973918

mode |  affinity  |  intramol  |    CNN     |   CNN
     | (kcal/mol) | (kcal/mol) | pose score | affinity
-----+------------+------------+------------+----------
    1       -6.22       -1.08       0.1970      4.896
    2       -6.41       -0.93       0.1784      5.373
    3       -6.74       -0.74       0.1743      5.229
    4       -6.16       -0.77       0.1561      5.096
    5       -6.45       -0.73       0.1300      4.963
    6       -5.99       -0.83       0.1212      3.925
    7       -6.83       -0.49       0.1017      4.363
    8       -5.97       -0.87       0.0989      4.283
    9       -6.78       -0.82       0.0972      4.808
