              _             
             (_)            
   __ _ _ __  _ _ __   __ _ 
  / _` | '_ \| | '_ \ / _` |
 | (_| | | | | | | | | (_| |
  \__, |_| |_|_|_| |_|\__,_|
   __/ |                    
  |___/                     

gnina v1.3 master:97fa6bc+   Built Oct  3 2024.
gnina is based on smina and AutoDock Vina.
Please cite appropriately.

Commandline: gnina --receptor Proteinas_preparadas/MAPK1.pdbqt --ligand Bases_conjuntas/Targets/EGFR_MAPK1/EGFR_MAPK1_750.pdbqt --autobox_ligand Compuestos_preparados/MAPK1.pdbqt --autobox_add 18 --exhaustiveness 16 --out docking/bases_conjuntas/EGFR_MAPK1_750_L_MAPK1.pdbqt --log docking/bases_conjuntas/EGFR_MAPK1_750_L_MAPK1.log
Using random seed: 1096768738

mode |  affinity  |  intramol  |    CNN     |   CNN
     | (kcal/mol) | (kcal/mol) | pose score | affinity
-----+------------+------------+------------+----------
    1       -7.32       -0.70       0.5488      6.766
    2       -7.04        0.04       0.4339      6.394
    3       -8.01        0.14       0.4237      6.946
    4       -7.17       -0.90       0.4214      6.686
    5       -6.71       -0.70       0.4128      6.307
    6       -7.93       -0.35       0.4093      6.686
    7       -7.11       -1.18       0.3158      6.540
    8       -8.67       -0.20       0.2951      6.846
    9       -8.00       -0.37       0.2839      6.418
