              _             
             (_)            
   __ _ _ __  _ _ __   __ _ 
  / _` | '_ \| | '_ \ / _` |
 | (_| | | | | | | | | (_| |
  \__, |_| |_|_|_| |_|\__,_|
   __/ |                    
  |___/                     

gnina v1.3 master:97fa6bc+   Built Oct  3 2024.
gnina is based on smina and AutoDock Vina.
Please cite appropriately.

Commandline: gnina --receptor Proteinas_preparadas/MAPK1.pdbqt --ligand Bases_conjuntas/Targets/EGFR_MAPK1/EGFR_MAPK1_959.pdbqt --autobox_ligand Compuestos_preparados/MAPK1.pdbqt --autobox_add 18 --exhaustiveness 16 --out docking/bases_conjuntas/EGFR_MAPK1_959_L_MAPK1.pdbqt --log docking/bases_conjuntas/EGFR_MAPK1_959_L_MAPK1.log
Using random seed: 1624948338

mode |  affinity  |  intramol  |    CNN     |   CNN
     | (kcal/mol) | (kcal/mol) | pose score | affinity
-----+------------+------------+------------+----------
    1       -9.71       -0.35       0.5569      6.359
    2       -8.76       -0.63       0.5235      6.578
    3       -7.53       -0.56       0.4496      5.542
    4       -8.39       -0.38       0.3855      6.553
    5       -9.51       -0.67       0.3774      6.260
    6       -9.93       -0.71       0.3728      6.159
    7      -10.29       -0.64       0.3678      6.149
    8       -9.48       -0.45       0.2924      6.018
    9       -8.06       -0.43       0.2864      6.009
