              _             
             (_)            
   __ _ _ __  _ _ __   __ _ 
  / _` | '_ \| | '_ \ / _` |
 | (_| | | | | | | | | (_| |
  \__, |_| |_|_|_| |_|\__,_|
   __/ |                    
  |___/                     

gnina v1.3 master:97fa6bc+   Built Oct  3 2024.
gnina is based on smina and AutoDock Vina.
Please cite appropriately.

Commandline: gnina --receptor Proteinas_preparadas/MAPK1.pdbqt --ligand Bases_conjuntas/Targets/EGFR_MAPK1/EGFR_MAPK1_857.pdbqt --autobox_ligand Compuestos_preparados/MAPK1.pdbqt --autobox_add 18 --exhaustiveness 16 --out docking/bases_conjuntas/EGFR_MAPK1_857_L_MAPK1.pdbqt --log docking/bases_conjuntas/EGFR_MAPK1_857_L_MAPK1.log
Using random seed: 800332957

mode |  affinity  |  intramol  |    CNN     |   CNN
     | (kcal/mol) | (kcal/mol) | pose score | affinity
-----+------------+------------+------------+----------
    1       -8.14       -0.75       0.5722      7.378
    2       -7.35        0.10       0.4486      7.263
    3       -7.35       -0.75       0.4280      7.316
    4       -7.90        1.60       0.3365      6.939
    5       -8.52       -0.49       0.3099      7.337
    6       -8.61       -0.28       0.3041      7.081
    7       -7.87       -1.63       0.2901      6.423
    8       -8.26       -1.28       0.2808      6.799
    9       -7.53       -1.03       0.2327      6.980
