              _             
             (_)            
   __ _ _ __  _ _ __   __ _ 
  / _` | '_ \| | '_ \ / _` |
 | (_| | | | | | | | | (_| |
  \__, |_| |_|_|_| |_|\__,_|
   __/ |                    
  |___/                     

gnina v1.3 master:97fa6bc+   Built Oct  3 2024.
gnina is based on smina and AutoDock Vina.
Please cite appropriately.

Commandline: gnina --receptor Proteinas_preparadas/EGFR.pdbqt --ligand Bases_conjuntas/Targets/EGFR_MAPK1/EGFR_MAPK1_673.pdbqt --autobox_ligand Compuestos_preparados/EGFR.pdbqt --autobox_add 18 --exhaustiveness 16 --out docking/bases_conjuntas/EGFR_MAPK1_673_L_EGFR.pdbqt --log docking/bases_conjuntas/EGFR_MAPK1_673_L_EGFR.log
Using random seed: 1519188879

mode |  affinity  |  intramol  |    CNN     |   CNN
     | (kcal/mol) | (kcal/mol) | pose score | affinity
-----+------------+------------+------------+----------
    1       -7.92        0.49       0.5271      7.149
    2       -7.98       -0.80       0.5130      7.204
    3       -6.95       -1.10       0.5067      6.480
    4       -7.88       -0.48       0.4510      7.295
    5       -8.38       -0.90       0.3461      6.711
    6       -7.61       -1.12       0.3331      6.185
    7       -7.69       -1.80       0.3211      6.414
    8       -7.02       -0.89       0.3168      6.109
    9       -9.70        5.61       0.3118      7.306
