              _             
             (_)            
   __ _ _ __  _ _ __   __ _ 
  / _` | '_ \| | '_ \ / _` |
 | (_| | | | | | | | | (_| |
  \__, |_| |_|_|_| |_|\__,_|
   __/ |                    
  |___/                     

gnina v1.3 master:97fa6bc+   Built Oct  3 2024.
gnina is based on smina and AutoDock Vina.
Please cite appropriately.

Commandline: gnina --receptor Proteinas_preparadas/MAPK1.pdbqt --ligand Bases_conjuntas/Targets/EGFR_MAPK1/EGFR_MAPK1_562.pdbqt --autobox_ligand Compuestos_preparados/MAPK1.pdbqt --autobox_add 18 --exhaustiveness 16 --out docking/bases_conjuntas/EGFR_MAPK1_562_L_MAPK1.pdbqt --log docking/bases_conjuntas/EGFR_MAPK1_562_L_MAPK1.log
Using random seed: 1313165949

mode |  affinity  |  intramol  |    CNN     |   CNN
     | (kcal/mol) | (kcal/mol) | pose score | affinity
-----+------------+------------+------------+----------
    1       -7.84       -0.32       0.8128      7.065
    2       -8.92        0.37       0.5823      6.968
    3       -8.46       -0.34       0.5396      7.176
    4       -7.74        0.58       0.5066      6.968
    5       -7.40        0.15       0.4799      6.441
    6       -7.48       -0.92       0.3932      6.676
    7       -7.97        0.28       0.3916      6.608
    8       -8.31       -0.52       0.3861      6.901
    9       -8.18       -0.18       0.3578      6.796
