              _             
             (_)            
   __ _ _ __  _ _ __   __ _ 
  / _` | '_ \| | '_ \ / _` |
 | (_| | | | | | | | | (_| |
  \__, |_| |_|_|_| |_|\__,_|
   __/ |                    
  |___/                     

gnina v1.3 master:97fa6bc+   Built Oct  3 2024.
gnina is based on smina and AutoDock Vina.
Please cite appropriately.

Commandline: gnina --receptor Proteinas_preparadas/EGFR.pdbqt --ligand Bases_conjuntas/Targets/EGFR_MAPK1/EGFR_MAPK1_1008.pdbqt --autobox_ligand Compuestos_preparados/EGFR.pdbqt --autobox_add 18 --exhaustiveness 16 --out docking/bases_conjuntas/EGFR_MAPK1_1008_L_EGFR.pdbqt --log docking/bases_conjuntas/EGFR_MAPK1_1008_L_EGFR.log
Using random seed: 1908114827

mode |  affinity  |  intramol  |    CNN     |   CNN
     | (kcal/mol) | (kcal/mol) | pose score | affinity
-----+------------+------------+------------+----------
    1       -7.75       -0.80       0.4015      5.506
    2       -7.57       -0.66       0.2580      6.381
    3       -7.97       -0.39       0.2543      5.991
    4       -7.95        0.56       0.2363      6.013
    5       -8.86        0.31       0.2043      6.429
    6       -8.21        0.17       0.1982      6.469
    7       -7.74       -0.59       0.1970      6.113
    8       -9.41        0.70       0.1939      6.449
    9       -7.79       -0.03       0.1846      5.976
