              _             
             (_)            
   __ _ _ __  _ _ __   __ _ 
  / _` | '_ \| | '_ \ / _` |
 | (_| | | | | | | | | (_| |
  \__, |_| |_|_|_| |_|\__,_|
   __/ |                    
  |___/                     

gnina v1.3 master:97fa6bc+   Built Oct  3 2024.
gnina is based on smina and AutoDock Vina.
Please cite appropriately.

Commandline: gnina --receptor Proteinas_preparadas/EGFR.pdbqt --ligand Bases_conjuntas/Targets/EGFR_MAPK1/EGFR_MAPK1_843.pdbqt --autobox_ligand Compuestos_preparados/EGFR.pdbqt --autobox_add 18 --exhaustiveness 16 --out docking/bases_conjuntas/EGFR_MAPK1_843_L_EGFR.pdbqt --log docking/bases_conjuntas/EGFR_MAPK1_843_L_EGFR.log
Using random seed: -1350492113

mode |  affinity  |  intramol  |    CNN     |   CNN
     | (kcal/mol) | (kcal/mol) | pose score | affinity
-----+------------+------------+------------+----------
    1       -8.85       -0.73       0.4634      6.668
    2      -10.05       -0.15       0.3963      6.839
    3       -9.33       -0.96       0.3539      6.397
    4       -8.83       -0.97       0.3504      6.556
    5      -10.19        0.34       0.3349      7.319
    6      -10.18       -0.79       0.2829      6.452
    7       -8.85       -1.17       0.2686      6.312
    8      -10.22       -0.49       0.2511      6.599
    9       -9.73       -1.36       0.2496      7.404
