              _             
             (_)            
   __ _ _ __  _ _ __   __ _ 
  / _` | '_ \| | '_ \ / _` |
 | (_| | | | | | | | | (_| |
  \__, |_| |_|_|_| |_|\__,_|
   __/ |                    
  |___/                     

gnina v1.3 master:97fa6bc+   Built Oct  3 2024.
gnina is based on smina and AutoDock Vina.
Please cite appropriately.

Commandline: gnina --receptor Proteinas_preparadas/EGFR.pdbqt --ligand Bases_conjuntas/Targets/EGFR_MAPK1/EGFR_MAPK1_548.pdbqt --autobox_ligand Compuestos_preparados/EGFR.pdbqt --autobox_add 18 --exhaustiveness 16 --out docking/bases_conjuntas/EGFR_MAPK1_548_L_EGFR.pdbqt --log docking/bases_conjuntas/EGFR_MAPK1_548_L_EGFR.log
Using random seed: -680217608

mode |  affinity  |  intramol  |    CNN     |   CNN
     | (kcal/mol) | (kcal/mol) | pose score | affinity
-----+------------+------------+------------+----------
    1       -7.44       -1.06       0.6290      6.818
    2       -7.04       -0.23       0.5972      6.874
    3       -6.74       -0.42       0.5752      6.763
    4       -6.70       -0.87       0.4898      6.566
    5       -7.19       -0.98       0.4496      6.917
    6       -7.07       -0.77       0.3388      5.638
    7       -7.02       -0.46       0.3180      5.556
    8       -7.77       -0.37       0.2560      5.690
    9       -7.06        0.27       0.2338      5.515
