              _             
             (_)            
   __ _ _ __  _ _ __   __ _ 
  / _` | '_ \| | '_ \ / _` |
 | (_| | | | | | | | | (_| |
  \__, |_| |_|_|_| |_|\__,_|
   __/ |                    
  |___/                     

gnina v1.3 master:97fa6bc+   Built Oct  3 2024.
gnina is based on smina and AutoDock Vina.
Please cite appropriately.

Commandline: gnina --receptor Proteinas_preparadas/EGFR.pdbqt --ligand Bases_conjuntas/Targets/EGFR_MAPK1/EGFR_MAPK1_683.pdbqt --autobox_ligand Compuestos_preparados/EGFR.pdbqt --autobox_add 18 --exhaustiveness 16 --out docking/bases_conjuntas/EGFR_MAPK1_683_L_EGFR.pdbqt --log docking/bases_conjuntas/EGFR_MAPK1_683_L_EGFR.log
Using random seed: -1669406208

mode |  affinity  |  intramol  |    CNN     |   CNN
     | (kcal/mol) | (kcal/mol) | pose score | affinity
-----+------------+------------+------------+----------
    1       -7.53        0.01       0.8050      7.147
    2       -9.27        1.91       0.3889      6.579
    3       -8.90        1.16       0.3618      7.119
    4       -7.95       -1.05       0.3365      6.765
    5       -7.97       -1.02       0.3342      7.073
    6       -7.06       -0.45       0.3116      5.661
    7       -7.34       -0.99       0.3032      5.686
    8       -8.23       -1.09       0.2962      5.642
    9       -9.41        5.88       0.2690      6.530
