              _             
             (_)            
   __ _ _ __  _ _ __   __ _ 
  / _` | '_ \| | '_ \ / _` |
 | (_| | | | | | | | | (_| |
  \__, |_| |_|_|_| |_|\__,_|
   __/ |                    
  |___/                     

gnina v1.3 master:97fa6bc+   Built Oct  3 2024.
gnina is based on smina and AutoDock Vina.
Please cite appropriately.

Commandline: gnina --receptor Proteinas_preparadas/EGFR.pdbqt --ligand Bases_conjuntas/Targets/EGFR_MAPK1/EGFR_MAPK1_922.pdbqt --autobox_ligand Compuestos_preparados/EGFR.pdbqt --autobox_add 18 --exhaustiveness 16 --out docking/bases_conjuntas/EGFR_MAPK1_922_L_EGFR.pdbqt --log docking/bases_conjuntas/EGFR_MAPK1_922_L_EGFR.log
Using random seed: 1036985954

mode |  affinity  |  intramol  |    CNN     |   CNN
     | (kcal/mol) | (kcal/mol) | pose score | affinity
-----+------------+------------+------------+----------
    1       -7.65       -1.48       0.4665      6.692
    2       -9.16       -1.19       0.4478      7.052
    3       -8.33       -1.05       0.4469      6.538
    4      -10.42       -0.19       0.4200      6.842
    5       -7.44       -1.78       0.3538      5.963
    6       -7.78       -1.79       0.3425      6.027
    7       -8.92       -0.64       0.3307      6.771
    8       -9.01       -0.43       0.3231      6.766
    9       -8.64       -1.11       0.3200      7.140
