              _             
             (_)            
   __ _ _ __  _ _ __   __ _ 
  / _` | '_ \| | '_ \ / _` |
 | (_| | | | | | | | | (_| |
  \__, |_| |_|_|_| |_|\__,_|
   __/ |                    
  |___/                     

gnina v1.3 master:97fa6bc+   Built Oct  3 2024.
gnina is based on smina and AutoDock Vina.
Please cite appropriately.

Commandline: gnina --receptor Proteinas_preparadas/MAPK1.pdbqt --ligand Bases_conjuntas/Targets/EGFR_MAPK1/EGFR_MAPK1_832.pdbqt --autobox_ligand Compuestos_preparados/MAPK1.pdbqt --autobox_add 18 --exhaustiveness 16 --out docking/bases_conjuntas/EGFR_MAPK1_832_L_MAPK1.pdbqt --log docking/bases_conjuntas/EGFR_MAPK1_832_L_MAPK1.log
Using random seed: 462919065

mode |  affinity  |  intramol  |    CNN     |   CNN
     | (kcal/mol) | (kcal/mol) | pose score | affinity
-----+------------+------------+------------+----------
    1       -7.84        0.05       0.3780      7.032
    2       -7.76       -1.28       0.3611      6.541
    3       -7.81       -1.22       0.3431      6.497
    4       -8.02        0.50       0.3271      6.744
    5       -8.04       -0.40       0.3222      6.415
    6       -8.02       -0.39       0.2656      5.777
    7       -9.09        0.85       0.2567      6.737
    8       -9.86        1.03       0.2481      7.099
    9       -8.19       -0.87       0.2477      6.010
