              _             
             (_)            
   __ _ _ __  _ _ __   __ _ 
  / _` | '_ \| | '_ \ / _` |
 | (_| | | | | | | | | (_| |
  \__, |_| |_|_|_| |_|\__,_|
   __/ |                    
  |___/                     

gnina v1.3 master:97fa6bc+   Built Oct  3 2024.
gnina is based on smina and AutoDock Vina.
Please cite appropriately.

Commandline: gnina --receptor Proteinas_preparadas/MAPK1.pdbqt --ligand Bases_conjuntas/Targets/EGFR_MAPK1/EGFR_MAPK1_139.pdbqt --autobox_ligand Compuestos_preparados/MAPK1.pdbqt --autobox_add 18 --exhaustiveness 16 --out docking/bases_conjuntas/EGFR_MAPK1_139_L_MAPK1.pdbqt --log docking/bases_conjuntas/EGFR_MAPK1_139_L_MAPK1.log
Using random seed: -728795213

mode |  affinity  |  intramol  |    CNN     |   CNN
     | (kcal/mol) | (kcal/mol) | pose score | affinity
-----+------------+------------+------------+----------
    1       -9.75       -0.69       0.3428      7.542
    2      -10.37        0.10       0.3055      6.950
    3       -9.35       -1.34       0.2811      7.193
    4      -10.10       -0.40       0.2716      7.499
    5       -9.39       -1.13       0.2188      7.324
    6       -9.66       -0.96       0.2043      7.099
    7      -10.48       -0.63       0.2035      7.530
    8       -8.65       -0.80       0.1969      6.982
    9       -9.14       -0.07       0.1796      5.688
