              _             
             (_)            
   __ _ _ __  _ _ __   __ _ 
  / _` | '_ \| | '_ \ / _` |
 | (_| | | | | | | | | (_| |
  \__, |_| |_|_|_| |_|\__,_|
   __/ |                    
  |___/                     

gnina v1.3 master:97fa6bc+   Built Oct  3 2024.
gnina is based on smina and AutoDock Vina.
Please cite appropriately.

Commandline: gnina --receptor Proteinas_preparadas/MAPK1.pdbqt --ligand Bases_conjuntas/Targets/EGFR_MAPK1/EGFR_MAPK1_1008.pdbqt --autobox_ligand Compuestos_preparados/MAPK1.pdbqt --autobox_add 18 --exhaustiveness 16 --out docking/bases_conjuntas/EGFR_MAPK1_1008_L_MAPK1.pdbqt --log docking/bases_conjuntas/EGFR_MAPK1_1008_L_MAPK1.log
Using random seed: 38284235

mode |  affinity  |  intramol  |    CNN     |   CNN
     | (kcal/mol) | (kcal/mol) | pose score | affinity
-----+------------+------------+------------+----------
    1       -8.67        0.19       0.5150      7.413
    2       -8.61        0.25       0.3683      7.038
    3       -6.86        0.15       0.3556      6.901
    4       -7.24       -0.26       0.3341      6.694
    5       -7.84       -0.53       0.2743      5.759
    6       -8.88        0.35       0.2660      6.569
    7       -8.40        0.63       0.2636      6.858
    8       -8.56       -0.99       0.2474      6.334
    9       -8.92       -0.21       0.2125      6.304
