              _             
             (_)            
   __ _ _ __  _ _ __   __ _ 
  / _` | '_ \| | '_ \ / _` |
 | (_| | | | | | | | | (_| |
  \__, |_| |_|_|_| |_|\__,_|
   __/ |                    
  |___/                     

gnina v1.3 master:97fa6bc+   Built Oct  3 2024.
gnina is based on smina and AutoDock Vina.
Please cite appropriately.

Commandline: gnina --receptor Proteinas_preparadas/MAPK1.pdbqt --ligand Bases_conjuntas/Targets/EGFR_MAPK1/EGFR_MAPK1_855.pdbqt --autobox_ligand Compuestos_preparados/MAPK1.pdbqt --autobox_add 18 --exhaustiveness 16 --out docking/bases_conjuntas/EGFR_MAPK1_855_L_MAPK1.pdbqt --log docking/bases_conjuntas/EGFR_MAPK1_855_L_MAPK1.log
Using random seed: 1194247006

mode |  affinity  |  intramol  |    CNN     |   CNN
     | (kcal/mol) | (kcal/mol) | pose score | affinity
-----+------------+------------+------------+----------
    1       -8.98       -0.73       0.8075      7.111
    2       -6.97        0.53       0.5031      6.716
    3       -7.38       -0.03       0.4276      6.972
    4       -6.86       -0.36       0.3874      6.724
    5       -8.96       -0.08       0.3849      7.268
    6       -7.67       -0.00       0.3656      6.193
    7       -8.26        0.41       0.2919      6.459
    8       -7.50       -0.16       0.2898      5.446
    9       -8.47       -0.21       0.2875      6.897
