              _             
             (_)            
   __ _ _ __  _ _ __   __ _ 
  / _` | '_ \| | '_ \ / _` |
 | (_| | | | | | | | | (_| |
  \__, |_| |_|_|_| |_|\__,_|
   __/ |                    
  |___/                     

gnina v1.3 master:97fa6bc+   Built Oct  3 2024.
gnina is based on smina and AutoDock Vina.
Please cite appropriately.

Commandline: gnina --receptor Proteinas_preparadas/MAPK1.pdbqt --ligand Bases_conjuntas/Targets/EGFR_MAPK1/EGFR_MAPK1_845.pdbqt --autobox_ligand Compuestos_preparados/MAPK1.pdbqt --autobox_add 18 --exhaustiveness 16 --out docking/bases_conjuntas/EGFR_MAPK1_845_L_MAPK1.pdbqt --log docking/bases_conjuntas/EGFR_MAPK1_845_L_MAPK1.log
Using random seed: -1859268620

mode |  affinity  |  intramol  |    CNN     |   CNN
     | (kcal/mol) | (kcal/mol) | pose score | affinity
-----+------------+------------+------------+----------
    1       -8.44        0.11       0.7120      7.295
    2       -6.95       -1.32       0.5087      5.915
    3       -6.17        0.82       0.5003      5.605
    4       -7.57        1.20       0.4053      6.943
    5       -5.26       -0.15       0.3908      6.132
    6       -5.56       -0.41       0.3747      5.862
    7       -7.02       -0.25       0.3447      5.999
    8       -7.63       -0.17       0.3327      6.711
    9       -6.22       -1.31       0.3069      6.022
