              _             
             (_)            
   __ _ _ __  _ _ __   __ _ 
  / _` | '_ \| | '_ \ / _` |
 | (_| | | | | | | | | (_| |
  \__, |_| |_|_|_| |_|\__,_|
   __/ |                    
  |___/                     

gnina v1.3 master:97fa6bc+   Built Oct  3 2024.
gnina is based on smina and AutoDock Vina.
Please cite appropriately.

Commandline: gnina --receptor Proteinas_preparadas/MAPK1.pdbqt --ligand Bases_conjuntas/Targets/EGFR_MAPK1/EGFR_MAPK1_949.pdbqt --autobox_ligand Compuestos_preparados/MAPK1.pdbqt --autobox_add 18 --exhaustiveness 16 --out docking/bases_conjuntas/EGFR_MAPK1_949_L_MAPK1.pdbqt --log docking/bases_conjuntas/EGFR_MAPK1_949_L_MAPK1.log
Using random seed: -1348307946

mode |  affinity  |  intramol  |    CNN     |   CNN
     | (kcal/mol) | (kcal/mol) | pose score | affinity
-----+------------+------------+------------+----------
    1       -8.17       -1.29       0.4256      6.369
    2       -7.92       -1.25       0.4247      6.358
    3      -11.11       -0.51       0.3414      7.144
    4      -10.04       -0.33       0.2714      6.682
    5       -9.17       -1.71       0.2621      7.117
    6      -10.99       -0.73       0.2306      6.908
    7       -8.49       -1.44       0.2291      5.805
    8       -7.58       -0.88       0.2056      5.963
    9      -10.14       -1.29       0.2031      6.533
