              _             
             (_)            
   __ _ _ __  _ _ __   __ _ 
  / _` | '_ \| | '_ \ / _` |
 | (_| | | | | | | | | (_| |
  \__, |_| |_|_|_| |_|\__,_|
   __/ |                    
  |___/                     

gnina v1.3 master:97fa6bc+   Built Oct  3 2024.
gnina is based on smina and AutoDock Vina.
Please cite appropriately.

Commandline: gnina --receptor Proteinas_preparadas/EGFR.pdbqt --ligand Bases_conjuntas/Targets/EGFR_MAPK1/EGFR_MAPK1_8.pdbqt --autobox_ligand Compuestos_preparados/EGFR.pdbqt --autobox_add 18 --exhaustiveness 16 --out docking/bases_conjuntas/EGFR_MAPK1_8_L_EGFR.pdbqt --log docking/bases_conjuntas/EGFR_MAPK1_8_L_EGFR.log
Using random seed: -795415742

mode |  affinity  |  intramol  |    CNN     |   CNN
     | (kcal/mol) | (kcal/mol) | pose score | affinity
-----+------------+------------+------------+----------
    1       -7.63        0.57       0.5025      5.878
    2       -6.94       -0.79       0.5020      6.640
    3       -6.99       -0.02       0.4325      5.892
    4       -6.76       -0.93       0.4293      6.461
    5       -7.29       -0.19       0.4121      6.009
    6       -6.72       -0.36       0.4021      6.596
    7       -7.24       -0.60       0.3206      6.727
    8       -7.18       -0.42       0.3170      5.463
    9       -6.81        0.15       0.3104      5.417
