              _             
             (_)            
   __ _ _ __  _ _ __   __ _ 
  / _` | '_ \| | '_ \ / _` |
 | (_| | | | | | | | | (_| |
  \__, |_| |_|_|_| |_|\__,_|
   __/ |                    
  |___/                     

gnina v1.3 master:97fa6bc+   Built Oct  3 2024.
gnina is based on smina and AutoDock Vina.
Please cite appropriately.

Commandline: gnina --receptor Proteinas_preparadas/EGFR.pdbqt --ligand Bases_conjuntas/Targets/EGFR_MAPK1/EGFR_MAPK1_703.pdbqt --autobox_ligand Compuestos_preparados/EGFR.pdbqt --autobox_add 18 --exhaustiveness 16 --out docking/bases_conjuntas/EGFR_MAPK1_703_L_EGFR.pdbqt --log docking/bases_conjuntas/EGFR_MAPK1_703_L_EGFR.log
Using random seed: -2061008487

mode |  affinity  |  intramol  |    CNN     |   CNN
     | (kcal/mol) | (kcal/mol) | pose score | affinity
-----+------------+------------+------------+----------
    1       -8.82       -1.18       0.5711      6.811
    2       -9.53       -0.28       0.3608      6.445
    3       -8.10        2.48       0.3577      6.743
    4       -8.47        0.31       0.2973      6.648
    5       -9.02        0.00       0.2590      6.891
    6       -9.87       -0.87       0.2501      7.628
    7       -8.74       -1.36       0.2142      6.968
    8       -9.01       -0.27       0.2019      6.340
    9       -8.56        1.15       0.1884      6.116
