              _             
             (_)            
   __ _ _ __  _ _ __   __ _ 
  / _` | '_ \| | '_ \ / _` |
 | (_| | | | | | | | | (_| |
  \__, |_| |_|_|_| |_|\__,_|
   __/ |                    
  |___/                     

gnina v1.3 master:97fa6bc+   Built Oct  3 2024.
gnina is based on smina and AutoDock Vina.
Please cite appropriately.

Commandline: gnina --receptor Proteinas_preparadas/MAPK1.pdbqt --ligand Bases_conjuntas/Targets/EGFR_MAPK1/EGFR_MAPK1_838.pdbqt --autobox_ligand Compuestos_preparados/MAPK1.pdbqt --autobox_add 18 --exhaustiveness 16 --out docking/bases_conjuntas/EGFR_MAPK1_838_L_MAPK1.pdbqt --log docking/bases_conjuntas/EGFR_MAPK1_838_L_MAPK1.log
Using random seed: -2083021824

mode |  affinity  |  intramol  |    CNN     |   CNN
     | (kcal/mol) | (kcal/mol) | pose score | affinity
-----+------------+------------+------------+----------
    1       -7.09        0.00       0.5980      7.072
    2       -9.04       -0.07       0.5004      6.830
    3       -8.51       -0.79       0.4906      6.789
    4       -9.47       -0.66       0.4573      6.561
    5       -6.71       -1.39       0.4368      5.744
    6      -10.07       -0.58       0.4104      6.551
    7       -6.42       -0.91       0.3976      6.294
    8       -6.77       -0.02       0.3618      6.295
    9       -7.03       -0.98       0.3370      6.159
