              _             
             (_)            
   __ _ _ __  _ _ __   __ _ 
  / _` | '_ \| | '_ \ / _` |
 | (_| | | | | | | | | (_| |
  \__, |_| |_|_|_| |_|\__,_|
   __/ |                    
  |___/                     

gnina v1.3 master:97fa6bc+   Built Oct  3 2024.
gnina is based on smina and AutoDock Vina.
Please cite appropriately.

Commandline: gnina --receptor Proteinas_preparadas/STAT3.pdbqt --ligand Bases_conjuntas/Targets/EGFR_STAT3/EGFR_STAT3_585.pdbqt --autobox_ligand Compuestos_preparados/STAT3.pdbqt --autobox_add 18 --exhaustiveness 16 --cnn_scoring none --out docking/bases_conjuntas/EGFR_STAT3_585_L_STAT3.pdbqt --log docking/bases_conjuntas/EGFR_STAT3_585_L_STAT3.log
Using random seed: -2003516798

mode |  affinity  |  intramol  |    CNN     |   CNN
     | (kcal/mol) | (kcal/mol) | pose score | affinity
-----+------------+------------+------------+----------
    1       -8.00        1.03      -1.0000      0.000
    2       -7.88        0.64      -1.0000      0.000
    3       -7.79        0.80      -1.0000      0.000
    4       -7.61       -0.04      -1.0000      0.000
    5       -7.51        1.52      -1.0000      0.000
    6       -7.47       -0.68      -1.0000      0.000
    7       -7.47       -0.76      -1.0000      0.000
    8       -7.38        0.06      -1.0000      0.000
    9       -7.36        0.10      -1.0000      0.000
