              _             
             (_)            
   __ _ _ __  _ _ __   __ _ 
  / _` | '_ \| | '_ \ / _` |
 | (_| | | | | | | | | (_| |
  \__, |_| |_|_|_| |_|\__,_|
   __/ |                    
  |___/                     

gnina v1.3 master:97fa6bc+   Built Oct  3 2024.
gnina is based on smina and AutoDock Vina.
Please cite appropriately.

Commandline: gnina --receptor Proteinas_preparadas/EGFR.pdbqt --ligand Bases_conjuntas/Targets/EGFR_MAPK1/EGFR_MAPK1_1068.pdbqt --autobox_ligand Compuestos_preparados/EGFR.pdbqt --autobox_add 18 --exhaustiveness 16 --out docking/bases_conjuntas/EGFR_MAPK1_1068_L_EGFR.pdbqt --log docking/bases_conjuntas/EGFR_MAPK1_1068_L_EGFR.log
Using random seed: -101340094

mode |  affinity  |  intramol  |    CNN     |   CNN
     | (kcal/mol) | (kcal/mol) | pose score | affinity
-----+------------+------------+------------+----------
    1       -8.16       -0.60       0.4893      6.877
    2       -6.52       -1.16       0.4033      6.225
    3       -6.97       -1.23       0.3772      6.015
    4       -7.58       -0.78       0.3706      7.117
    5       -7.53        0.43       0.3273      6.533
    6       -7.33       -0.44       0.3144      6.373
    7       -6.28       -2.00       0.3047      6.523
    8       -6.36       -0.51       0.2746      6.289
    9       -6.86        0.36       0.2509      6.026
