              _             
             (_)            
   __ _ _ __  _ _ __   __ _ 
  / _` | '_ \| | '_ \ / _` |
 | (_| | | | | | | | | (_| |
  \__, |_| |_|_|_| |_|\__,_|
   __/ |                    
  |___/                     

gnina v1.3 master:97fa6bc+   Built Oct  3 2024.
gnina is based on smina and AutoDock Vina.
Please cite appropriately.

Commandline: gnina --receptor Proteinas_preparadas/MAPK1.pdbqt --ligand Bases_conjuntas/Targets/EGFR_MAPK1/EGFR_MAPK1_257.pdbqt --autobox_ligand Compuestos_preparados/MAPK1.pdbqt --autobox_add 18 --exhaustiveness 16 --out docking/bases_conjuntas/EGFR_MAPK1_257_L_MAPK1.pdbqt --log docking/bases_conjuntas/EGFR_MAPK1_257_L_MAPK1.log
Using random seed: -2113289888

mode |  affinity  |  intramol  |    CNN     |   CNN
     | (kcal/mol) | (kcal/mol) | pose score | affinity
-----+------------+------------+------------+----------
    1       -7.48       -0.26       0.6122      7.334
    2       -8.22        0.15       0.4592      6.649
    3       -7.64       -0.78       0.4358      7.179
    4       -7.49       -0.74       0.3149      6.595
    5       -8.74       -0.91       0.2820      7.101
    6       -8.31       -0.70       0.2141      6.254
    7       -8.43       -1.53       0.1839      5.861
    8       -7.97       -0.95       0.1805      5.787
    9       -8.25       -0.54       0.1762      6.027
