              _             
             (_)            
   __ _ _ __  _ _ __   __ _ 
  / _` | '_ \| | '_ \ / _` |
 | (_| | | | | | | | | (_| |
  \__, |_| |_|_|_| |_|\__,_|
   __/ |                    
  |___/                     

gnina v1.3 master:97fa6bc+   Built Oct  3 2024.
gnina is based on smina and AutoDock Vina.
Please cite appropriately.

Commandline: gnina --receptor Proteinas_preparadas/MAPK1.pdbqt --ligand Bases_conjuntas/Targets/EGFR_MAPK1/EGFR_MAPK1_642.pdbqt --autobox_ligand Compuestos_preparados/MAPK1.pdbqt --autobox_add 18 --exhaustiveness 16 --out docking/bases_conjuntas/EGFR_MAPK1_642_L_MAPK1.pdbqt --log docking/bases_conjuntas/EGFR_MAPK1_642_L_MAPK1.log
Using random seed: -1679831614

mode |  affinity  |  intramol  |    CNN     |   CNN
     | (kcal/mol) | (kcal/mol) | pose score | affinity
-----+------------+------------+------------+----------
    1       -6.44       -0.36       0.6318      6.446
    2       -8.61        0.45       0.6120      7.186
    3       -8.73       -1.34       0.6066      7.038
    4       -7.00       -0.55       0.5205      6.457
    5       -7.74       -0.33       0.5059      6.477
    6       -6.58       -0.34       0.4678      5.983
    7       -8.29        0.60       0.4669      6.883
    8       -6.62       -0.87       0.4554      6.304
    9       -7.92        0.27       0.4296      6.708
