              _             
             (_)            
   __ _ _ __  _ _ __   __ _ 
  / _` | '_ \| | '_ \ / _` |
 | (_| | | | | | | | | (_| |
  \__, |_| |_|_|_| |_|\__,_|
   __/ |                    
  |___/                     

gnina v1.3 master:97fa6bc+   Built Oct  3 2024.
gnina is based on smina and AutoDock Vina.
Please cite appropriately.

Commandline: gnina --receptor Proteinas_preparadas/EGFR.pdbqt --ligand Bases_conjuntas/Targets/EGFR_MAPK1/EGFR_MAPK1_185.pdbqt --autobox_ligand Compuestos_preparados/EGFR.pdbqt --autobox_add 18 --exhaustiveness 16 --cnn_scoring none --out docking/bases_conjuntas/EGFR_MAPK1_185_L_EGFR.pdbqt --log docking/bases_conjuntas/EGFR_MAPK1_185_L_EGFR.log
Using random seed: 2095929913

mode |  affinity  |  intramol  |    CNN     |   CNN
     | (kcal/mol) | (kcal/mol) | pose score | affinity
-----+------------+------------+------------+----------
    1       -9.54       -0.53      -1.0000      0.000
    2       -9.50       -0.86      -1.0000      0.000
    3       -9.46       -1.13      -1.0000      0.000
    4       -9.36       -0.87      -1.0000      0.000
    5       -9.01        0.45      -1.0000      0.000
    6       -8.91       -0.83      -1.0000      0.000
    7       -8.83       -0.36      -1.0000      0.000
    8       -8.81       -0.38      -1.0000      0.000
    9       -8.81       -0.68      -1.0000      0.000
