              _             
             (_)            
   __ _ _ __  _ _ __   __ _ 
  / _` | '_ \| | '_ \ / _` |
 | (_| | | | | | | | | (_| |
  \__, |_| |_|_|_| |_|\__,_|
   __/ |                    
  |___/                     

gnina v1.3 master:97fa6bc+   Built Oct  3 2024.
gnina is based on smina and AutoDock Vina.
Please cite appropriately.

Commandline: gnina --receptor Proteinas_preparadas/EGFR.pdbqt --ligand Bases_conjuntas/Targets/EGFR_MAPK1/EGFR_MAPK1_410.pdbqt --autobox_ligand Compuestos_preparados/EGFR.pdbqt --autobox_add 18 --exhaustiveness 16 --out docking/bases_conjuntas/EGFR_MAPK1_410_L_EGFR.pdbqt --log docking/bases_conjuntas/EGFR_MAPK1_410_L_EGFR.log
Using random seed: -835305597

mode |  affinity  |  intramol  |    CNN     |   CNN
     | (kcal/mol) | (kcal/mol) | pose score | affinity
-----+------------+------------+------------+----------
    1       -7.54       -0.69       0.8706      7.552
    2       -7.68        0.61       0.7624      7.341
    3       -7.11       -0.19       0.6175      6.149
    4       -8.08        0.72       0.5084      6.835
    5       -8.54        0.22       0.4891      6.805
    6       -7.69        0.29       0.4579      6.495
    7       -7.51        0.26       0.4321      6.158
    8       -7.53       -0.92       0.4263      6.316
    9       -8.44       -0.23       0.4185      6.778
