              _             
             (_)            
   __ _ _ __  _ _ __   __ _ 
  / _` | '_ \| | '_ \ / _` |
 | (_| | | | | | | | | (_| |
  \__, |_| |_|_|_| |_|\__,_|
   __/ |                    
  |___/                     

gnina v1.3 master:97fa6bc+   Built Oct  3 2024.
gnina is based on smina and AutoDock Vina.
Please cite appropriately.

Commandline: gnina --receptor Proteinas_preparadas/MAPK1.pdbqt --ligand Bases_conjuntas/Targets/EGFR_MAPK1/EGFR_MAPK1_472.pdbqt --autobox_ligand Compuestos_preparados/MAPK1.pdbqt --autobox_add 18 --exhaustiveness 16 --cnn_scoring none --out docking/bases_conjuntas/EGFR_MAPK1_472_L_MAPK1.pdbqt --log docking/bases_conjuntas/EGFR_MAPK1_472_L_MAPK1.log
Using random seed: 1576315434

mode |  affinity  |  intramol  |    CNN     |   CNN
     | (kcal/mol) | (kcal/mol) | pose score | affinity
-----+------------+------------+------------+----------
    1       -8.67       -0.22      -1.0000      0.000
    2       -8.58        0.25      -1.0000      0.000
    3       -8.58       -0.16      -1.0000      0.000
    4       -8.43        0.28      -1.0000      0.000
    5       -8.24       -1.45      -1.0000      0.000
    6       -8.11        0.18      -1.0000      0.000
    7       -8.09       -0.08      -1.0000      0.000
    8       -7.94        0.01      -1.0000      0.000
    9       -7.83       -0.05      -1.0000      0.000
