              _             
             (_)            
   __ _ _ __  _ _ __   __ _ 
  / _` | '_ \| | '_ \ / _` |
 | (_| | | | | | | | | (_| |
  \__, |_| |_|_|_| |_|\__,_|
   __/ |                    
  |___/                     

gnina v1.3 master:97fa6bc+   Built Oct  3 2024.
gnina is based on smina and AutoDock Vina.
Please cite appropriately.

Commandline: gnina --receptor Proteinas_preparadas/EGFR.pdbqt --ligand Bases_conjuntas/Targets/EGFR_MAPK1/EGFR_MAPK1_1012.pdbqt --autobox_ligand Compuestos_preparados/EGFR.pdbqt --autobox_add 18 --exhaustiveness 16 --out docking/bases_conjuntas/EGFR_MAPK1_1012_L_EGFR.pdbqt --log docking/bases_conjuntas/EGFR_MAPK1_1012_L_EGFR.log
Using random seed: -892145828

mode |  affinity  |  intramol  |    CNN     |   CNN
     | (kcal/mol) | (kcal/mol) | pose score | affinity
-----+------------+------------+------------+----------
    1       -7.49       -0.71       0.6605      6.835
    2       -7.24        0.26       0.5880      6.921
    3       -7.21       -0.36       0.5595      6.691
    4       -7.32       -0.47       0.5294      6.384
    5       -7.60       -0.34       0.5141      6.686
    6       -7.72       -0.42       0.4660      5.963
    7       -7.76        0.35       0.4609      6.687
    8       -9.56       -0.24       0.4406      6.926
    9       -6.92        0.13       0.4077      6.170
