              _             
             (_)            
   __ _ _ __  _ _ __   __ _ 
  / _` | '_ \| | '_ \ / _` |
 | (_| | | | | | | | | (_| |
  \__, |_| |_|_|_| |_|\__,_|
   __/ |                    
  |___/                     

gnina v1.3 master:97fa6bc+   Built Oct  3 2024.
gnina is based on smina and AutoDock Vina.
Please cite appropriately.

Commandline: gnina --receptor Proteinas_preparadas/EGFR.pdbqt --ligand Bases_conjuntas/Targets/EGFR_MAPK1/EGFR_MAPK1_117.pdbqt --autobox_ligand Compuestos_preparados/EGFR.pdbqt --autobox_add 18 --exhaustiveness 16 --out docking/bases_conjuntas/EGFR_MAPK1_117_L_EGFR.pdbqt --log docking/bases_conjuntas/EGFR_MAPK1_117_L_EGFR.log
Using random seed: 2059999256

mode |  affinity  |  intramol  |    CNN     |   CNN
     | (kcal/mol) | (kcal/mol) | pose score | affinity
-----+------------+------------+------------+----------
    1       -9.76       -2.32       0.4967      7.915
    2       -8.80       -0.72       0.4928      6.587
    3      -10.17       -1.64       0.4757      7.355
    4       -9.26       -0.31       0.4340      6.280
    5       -9.20       -0.94       0.3919      6.827
    6       -8.43       -1.26       0.3871      6.631
    7       -9.09       -0.29       0.3838      6.650
    8       -9.02       -0.98       0.3776      7.118
    9       -8.34       -0.31       0.3570      6.347
