              _             
             (_)            
   __ _ _ __  _ _ __   __ _ 
  / _` | '_ \| | '_ \ / _` |
 | (_| | | | | | | | | (_| |
  \__, |_| |_|_|_| |_|\__,_|
   __/ |                    
  |___/                     

gnina v1.3 master:97fa6bc+   Built Oct  3 2024.
gnina is based on smina and AutoDock Vina.
Please cite appropriately.

Commandline: gnina --receptor Proteinas_preparadas/EGFR.pdbqt --ligand Bases_conjuntas/Targets/EGFR_MAPK1/EGFR_MAPK1_475.pdbqt --autobox_ligand Compuestos_preparados/EGFR.pdbqt --autobox_add 18 --exhaustiveness 16 --out docking/bases_conjuntas/EGFR_MAPK1_475_L_EGFR.pdbqt --log docking/bases_conjuntas/EGFR_MAPK1_475_L_EGFR.log
Using random seed: -1169464250

mode |  affinity  |  intramol  |    CNN     |   CNN
     | (kcal/mol) | (kcal/mol) | pose score | affinity
-----+------------+------------+------------+----------
    1       -9.07       -1.30       0.7389      7.435
    2       -9.17       -0.80       0.6464      7.330
    3       -8.73       -0.86       0.5277      6.627
    4       -8.87       -1.33       0.4679      7.518
    5       -9.03       -0.92       0.4171      6.217
    6       -8.08       -1.23       0.3829      6.853
    7       -8.84       -1.33       0.3512      6.627
    8       -7.97       -0.74       0.3054      5.996
    9       -8.26       -1.60       0.2845      6.595
