              _             
             (_)            
   __ _ _ __  _ _ __   __ _ 
  / _` | '_ \| | '_ \ / _` |
 | (_| | | | | | | | | (_| |
  \__, |_| |_|_|_| |_|\__,_|
   __/ |                    
  |___/                     

gnina v1.3 master:97fa6bc+   Built Oct  3 2024.
gnina is based on smina and AutoDock Vina.
Please cite appropriately.

Commandline: gnina --receptor Proteinas_preparadas/EGFR.pdbqt --ligand Bases_conjuntas/Targets/EGFR_MAPK1/EGFR_MAPK1_1018.pdbqt --autobox_ligand Compuestos_preparados/EGFR.pdbqt --autobox_add 18 --exhaustiveness 16 --out docking/bases_conjuntas/EGFR_MAPK1_1018_L_EGFR.pdbqt --log docking/bases_conjuntas/EGFR_MAPK1_1018_L_EGFR.log
Using random seed: 1795726900

mode |  affinity  |  intramol  |    CNN     |   CNN
     | (kcal/mol) | (kcal/mol) | pose score | affinity
-----+------------+------------+------------+----------
    1       -6.99       -1.11       0.4501      5.965
    2       -6.12       -1.56       0.3370      5.940
    3       -6.59        0.47       0.3154      6.129
    4       -5.99       -1.59       0.3095      5.541
    5       -6.75       -0.33       0.3064      5.828
    6       -5.49       -1.40       0.2930      5.282
    7       -5.48       -1.42       0.2660      4.874
    8       -5.72       -1.24       0.2265      5.430
    9       -5.76       -1.53       0.2214      5.320
