              _             
             (_)            
   __ _ _ __  _ _ __   __ _ 
  / _` | '_ \| | '_ \ / _` |
 | (_| | | | | | | | | (_| |
  \__, |_| |_|_|_| |_|\__,_|
   __/ |                    
  |___/                     

gnina v1.3 master:97fa6bc+   Built Oct  3 2024.
gnina is based on smina and AutoDock Vina.
Please cite appropriately.

Commandline: gnina --receptor Proteinas_preparadas/MAPK1.pdbqt --ligand Bases_conjuntas/Targets/EGFR_MAPK1/EGFR_MAPK1_579.pdbqt --autobox_ligand Compuestos_preparados/MAPK1.pdbqt --autobox_add 18 --exhaustiveness 16 --out docking/bases_conjuntas/EGFR_MAPK1_579_L_MAPK1.pdbqt --log docking/bases_conjuntas/EGFR_MAPK1_579_L_MAPK1.log
Using random seed: 1225603101

mode |  affinity  |  intramol  |    CNN     |   CNN
     | (kcal/mol) | (kcal/mol) | pose score | affinity
-----+------------+------------+------------+----------
    1       -8.51       -1.71       0.4489      6.809
    2       -8.55       -1.13       0.4425      7.705
    3       -9.07       -0.81       0.3582      6.917
    4       -8.91       -0.70       0.3435      7.537
    5       -8.98        0.92       0.3267      6.928
    6       -8.76        3.10       0.3019      7.347
    7       -8.81       -1.59       0.2841      7.801
    8       -8.88        0.30       0.2596      6.689
    9       -8.21       -2.79       0.2366      6.449
