              _             
             (_)            
   __ _ _ __  _ _ __   __ _ 
  / _` | '_ \| | '_ \ / _` |
 | (_| | | | | | | | | (_| |
  \__, |_| |_|_|_| |_|\__,_|
   __/ |                    
  |___/                     

gnina v1.3 master:97fa6bc+   Built Oct  3 2024.
gnina is based on smina and AutoDock Vina.
Please cite appropriately.

Commandline: gnina --receptor Proteinas_preparadas/MAPK1.pdbqt --ligand Bases_conjuntas/Targets/EGFR_MAPK1/EGFR_MAPK1_1109.pdbqt --autobox_ligand Compuestos_preparados/MAPK1.pdbqt --autobox_add 18 --exhaustiveness 16 --out docking/bases_conjuntas/EGFR_MAPK1_1109_L_MAPK1.pdbqt --log docking/bases_conjuntas/EGFR_MAPK1_1109_L_MAPK1.log
Using random seed: -307120530

mode |  affinity  |  intramol  |    CNN     |   CNN
     | (kcal/mol) | (kcal/mol) | pose score | affinity
-----+------------+------------+------------+----------
    1       -7.81       -0.16       0.2088      7.047
    2       -9.01        2.16       0.1800      7.280
    3       -7.29       -1.11       0.1638      6.533
    4       -7.39       -0.90       0.1276      6.261
    5       -6.88       -0.48       0.1257      6.567
    6       -7.43       -1.41       0.1219      6.463
    7       -7.04        2.40       0.1195      5.211
    8       -7.42       -1.86       0.1144      6.377
    9       -6.88       -1.65       0.1115      6.677
