              _             
             (_)            
   __ _ _ __  _ _ __   __ _ 
  / _` | '_ \| | '_ \ / _` |
 | (_| | | | | | | | | (_| |
  \__, |_| |_|_|_| |_|\__,_|
   __/ |                    
  |___/                     

gnina v1.3 master:97fa6bc+   Built Oct  3 2024.
gnina is based on smina and AutoDock Vina.
Please cite appropriately.

Commandline: gnina --receptor Proteinas_preparadas/MAPK1.pdbqt --ligand Bases_conjuntas/Targets/EGFR_MAPK1/EGFR_MAPK1_928.pdbqt --autobox_ligand Compuestos_preparados/MAPK1.pdbqt --autobox_add 18 --exhaustiveness 16 --out docking/bases_conjuntas/EGFR_MAPK1_928_L_MAPK1.pdbqt --log docking/bases_conjuntas/EGFR_MAPK1_928_L_MAPK1.log
Using random seed: -470136802

mode |  affinity  |  intramol  |    CNN     |   CNN
     | (kcal/mol) | (kcal/mol) | pose score | affinity
-----+------------+------------+------------+----------
    1       -8.22       -0.83       0.4371      6.991
    2       -8.24       -0.71       0.4296      7.384
    3       -6.41       -0.26       0.3554      5.343
    4       -6.20        0.09       0.3482      6.831
    5       -5.79       -0.95       0.3457      5.696
    6       -6.94       -0.13       0.3450      6.369
    7       -6.37       -0.67       0.3296      6.216
    8       -6.00       -0.55       0.2805      5.464
    9       -5.81       -0.75       0.2360      6.679
