              _             
             (_)            
   __ _ _ __  _ _ __   __ _ 
  / _` | '_ \| | '_ \ / _` |
 | (_| | | | | | | | | (_| |
  \__, |_| |_|_|_| |_|\__,_|
   __/ |                    
  |___/                     

gnina v1.3 master:97fa6bc+   Built Oct  3 2024.
gnina is based on smina and AutoDock Vina.
Please cite appropriately.

Commandline: gnina --receptor Proteinas_preparadas/MAPK1.pdbqt --ligand Bases_conjuntas/Targets/EGFR_MAPK1/EGFR_MAPK1_572.pdbqt --autobox_ligand Compuestos_preparados/MAPK1.pdbqt --autobox_add 18 --exhaustiveness 16 --out docking/bases_conjuntas/EGFR_MAPK1_572_L_MAPK1.pdbqt --log docking/bases_conjuntas/EGFR_MAPK1_572_L_MAPK1.log
Using random seed: 668360672

mode |  affinity  |  intramol  |    CNN     |   CNN
     | (kcal/mol) | (kcal/mol) | pose score | affinity
-----+------------+------------+------------+----------
    1       -6.37       -0.28       0.8080      6.959
    2       -7.40       -1.14       0.6333      6.872
    3       -6.47       -1.03       0.6220      6.762
    4       -6.61       -1.21       0.5329      6.138
    5       -6.76       -0.86       0.5282      6.621
    6       -7.03       -0.03       0.5245      6.925
    7       -6.57        0.01       0.5179      6.470
    8       -8.97       -0.94       0.4941      7.169
    9       -8.27       -0.25       0.4920      6.728
