              _             
             (_)            
   __ _ _ __  _ _ __   __ _ 
  / _` | '_ \| | '_ \ / _` |
 | (_| | | | | | | | | (_| |
  \__, |_| |_|_|_| |_|\__,_|
   __/ |                    
  |___/                     

gnina v1.3 master:97fa6bc+   Built Oct  3 2024.
gnina is based on smina and AutoDock Vina.
Please cite appropriately.

Commandline: gnina --receptor Proteinas_preparadas/EGFR.pdbqt --ligand Bases_conjuntas/Targets/EGFR_MAPK1/EGFR_MAPK1_956.pdbqt --autobox_ligand Compuestos_preparados/EGFR.pdbqt --autobox_add 18 --exhaustiveness 16 --out docking/bases_conjuntas/EGFR_MAPK1_956_L_EGFR.pdbqt --log docking/bases_conjuntas/EGFR_MAPK1_956_L_EGFR.log
Using random seed: 1109555104

mode |  affinity  |  intramol  |    CNN     |   CNN
     | (kcal/mol) | (kcal/mol) | pose score | affinity
-----+------------+------------+------------+----------
    1       -9.26        0.45       0.6337      6.976
    2       -7.22       -0.11       0.5500      5.934
    3       -7.98       -0.41       0.4561      5.870
    4       -7.88       -0.39       0.4505      6.277
    5       -7.11       -0.39       0.3809      5.918
    6       -8.37        0.05       0.3316      5.815
    7       -7.39       -0.30       0.3227      5.816
    8      -10.03       -0.01       0.2845      5.826
    9      -10.65        0.11       0.2806      6.375
