              _             
             (_)            
   __ _ _ __  _ _ __   __ _ 
  / _` | '_ \| | '_ \ / _` |
 | (_| | | | | | | | | (_| |
  \__, |_| |_|_|_| |_|\__,_|
   __/ |                    
  |___/                     

gnina v1.3 master:97fa6bc+   Built Oct  3 2024.
gnina is based on smina and AutoDock Vina.
Please cite appropriately.

Commandline: gnina --receptor Proteinas_preparadas/EGFR.pdbqt --ligand Bases_conjuntas/Targets/EGFR_MAPK1/EGFR_MAPK1_1024.pdbqt --autobox_ligand Compuestos_preparados/EGFR.pdbqt --autobox_add 18 --exhaustiveness 16 --out docking/bases_conjuntas/EGFR_MAPK1_1024_L_EGFR.pdbqt --log docking/bases_conjuntas/EGFR_MAPK1_1024_L_EGFR.log
Using random seed: -582099730

mode |  affinity  |  intramol  |    CNN     |   CNN
     | (kcal/mol) | (kcal/mol) | pose score | affinity
-----+------------+------------+------------+----------
    1       -9.70        0.22       0.8352      7.273
    2       -9.27       -0.76       0.5665      6.220
    3       -9.30       -0.66       0.5414      6.245
    4       -9.14       -0.28       0.4650      6.153
    5       -8.69        0.15       0.4450      7.039
    6       -8.68       -0.36       0.4160      6.116
    7       -9.35       -0.05       0.4021      6.325
    8       -9.47       -1.60       0.3676      6.972
    9       -8.36       -0.35       0.3557      6.143
