              _             
             (_)            
   __ _ _ __  _ _ __   __ _ 
  / _` | '_ \| | '_ \ / _` |
 | (_| | | | | | | | | (_| |
  \__, |_| |_|_|_| |_|\__,_|
   __/ |                    
  |___/                     

gnina v1.3 master:97fa6bc+   Built Oct  3 2024.
gnina is based on smina and AutoDock Vina.
Please cite appropriately.

Commandline: gnina --receptor Proteinas_preparadas/MAPK1.pdbqt --ligand Bases_conjuntas/Targets/EGFR_MAPK1/EGFR_MAPK1_979.pdbqt --autobox_ligand Compuestos_preparados/MAPK1.pdbqt --autobox_add 18 --exhaustiveness 16 --out docking/bases_conjuntas/EGFR_MAPK1_979_L_MAPK1.pdbqt --log docking/bases_conjuntas/EGFR_MAPK1_979_L_MAPK1.log
Using random seed: -1448340646

mode |  affinity  |  intramol  |    CNN     |   CNN
     | (kcal/mol) | (kcal/mol) | pose score | affinity
-----+------------+------------+------------+----------
    1      -10.26       -0.69       0.6362      7.423
    2      -10.48       -0.21       0.6266      7.546
    3       -9.48       -0.40       0.5435      6.737
    4       -8.65       -0.27       0.5290      7.087
    5      -10.56       -1.00       0.5161      7.285
    6       -7.95        0.67       0.5144      6.866
    7      -10.00       -0.32       0.4696      7.280
    8       -7.75       -0.61       0.4541      6.732
    9       -7.85       -0.48       0.4400      6.024
