              _             
             (_)            
   __ _ _ __  _ _ __   __ _ 
  / _` | '_ \| | '_ \ / _` |
 | (_| | | | | | | | | (_| |
  \__, |_| |_|_|_| |_|\__,_|
   __/ |                    
  |___/                     

gnina v1.3 master:97fa6bc+   Built Oct  3 2024.
gnina is based on smina and AutoDock Vina.
Please cite appropriately.

Commandline: gnina --receptor Proteinas_preparadas/EGFR.pdbqt --ligand Bases_conjuntas/Targets/EGFR_MAPK1/EGFR_MAPK1_926.pdbqt --autobox_ligand Compuestos_preparados/EGFR.pdbqt --autobox_add 18 --exhaustiveness 16 --out docking/bases_conjuntas/EGFR_MAPK1_926_L_EGFR.pdbqt --log docking/bases_conjuntas/EGFR_MAPK1_926_L_EGFR.log
Using random seed: 879032136

mode |  affinity  |  intramol  |    CNN     |   CNN
     | (kcal/mol) | (kcal/mol) | pose score | affinity
-----+------------+------------+------------+----------
    1       -7.82       -0.92       0.5172      6.645
    2       -7.43       -1.11       0.3800      6.661
    3       -9.83       -0.85       0.3598      7.289
    4       -8.07       -1.92       0.3496      6.255
    5       -8.88       -1.86       0.3163      6.564
    6       -9.12       -2.27       0.2936      5.990
    7       -8.90       -1.13       0.2734      5.898
    8       -8.10       -0.40       0.2356      6.242
    9       -8.28       -1.77       0.2196      6.397
