              _             
             (_)            
   __ _ _ __  _ _ __   __ _ 
  / _` | '_ \| | '_ \ / _` |
 | (_| | | | | | | | | (_| |
  \__, |_| |_|_|_| |_|\__,_|
   __/ |                    
  |___/                     

gnina v1.3 master:97fa6bc+   Built Oct  3 2024.
gnina is based on smina and AutoDock Vina.
Please cite appropriately.

Commandline: gnina --receptor Proteinas_preparadas/EGFR.pdbqt --ligand Bases_conjuntas/Targets/EGFR_MAPK1/EGFR_MAPK1_216.pdbqt --autobox_ligand Compuestos_preparados/EGFR.pdbqt --autobox_add 18 --exhaustiveness 16 --out docking/bases_conjuntas/EGFR_MAPK1_216_L_EGFR.pdbqt --log docking/bases_conjuntas/EGFR_MAPK1_216_L_EGFR.log
Using random seed: -1556380581

mode |  affinity  |  intramol  |    CNN     |   CNN
     | (kcal/mol) | (kcal/mol) | pose score | affinity
-----+------------+------------+------------+----------
    1       -7.86       -0.78       0.8144      7.225
    2       -7.16       -0.20       0.8062      7.130
    3       -7.39       -0.96       0.7422      6.790
    4       -7.58        0.41       0.7104      7.050
    5       -7.41        0.34       0.7089      7.055
    6       -7.37       -0.52       0.6086      6.159
    7       -8.98        0.20       0.5400      7.103
    8       -7.73       -0.39       0.4899      6.686
    9       -9.35       -0.04       0.4113      7.133
