              _             
             (_)            
   __ _ _ __  _ _ __   __ _ 
  / _` | '_ \| | '_ \ / _` |
 | (_| | | | | | | | | (_| |
  \__, |_| |_|_|_| |_|\__,_|
   __/ |                    
  |___/                     

gnina v1.3 master:97fa6bc+   Built Oct  3 2024.
gnina is based on smina and AutoDock Vina.
Please cite appropriately.

Commandline: gnina --receptor Proteinas_preparadas/MAPK1.pdbqt --ligand Bases_conjuntas/Targets/EGFR_MAPK1/EGFR_MAPK1_111.pdbqt --autobox_ligand Compuestos_preparados/MAPK1.pdbqt --autobox_add 18 --exhaustiveness 16 --out docking/bases_conjuntas/EGFR_MAPK1_111_L_MAPK1.pdbqt --log docking/bases_conjuntas/EGFR_MAPK1_111_L_MAPK1.log
Using random seed: 972745067

mode |  affinity  |  intramol  |    CNN     |   CNN
     | (kcal/mol) | (kcal/mol) | pose score | affinity
-----+------------+------------+------------+----------
    1      -10.59       -0.45       0.6595      7.832
    2       -8.05       -0.50       0.5926      7.136
    3       -9.73        3.25       0.5420      7.655
    4       -9.64        0.39       0.4941      7.272
    5       -9.34        0.57       0.4761      6.734
    6       -8.71        0.33       0.4549      7.393
    7       -8.86        1.03       0.4434      5.926
    8      -10.68        2.14       0.4408      7.460
    9       -8.08       -1.29       0.4249      6.650
