              _             
             (_)            
   __ _ _ __  _ _ __   __ _ 
  / _` | '_ \| | '_ \ / _` |
 | (_| | | | | | | | | (_| |
  \__, |_| |_|_|_| |_|\__,_|
   __/ |                    
  |___/                     

gnina v1.3 master:97fa6bc+   Built Oct  3 2024.
gnina is based on smina and AutoDock Vina.
Please cite appropriately.

Commandline: gnina --receptor Proteinas_preparadas/MAPK1.pdbqt --ligand Bases_conjuntas/Targets/EGFR_MAPK1/EGFR_MAPK1_997.pdbqt --autobox_ligand Compuestos_preparados/MAPK1.pdbqt --autobox_add 18 --exhaustiveness 16 --out docking/bases_conjuntas/EGFR_MAPK1_997_L_MAPK1.pdbqt --log docking/bases_conjuntas/EGFR_MAPK1_997_L_MAPK1.log
Using random seed: 749416608

mode |  affinity  |  intramol  |    CNN     |   CNN
     | (kcal/mol) | (kcal/mol) | pose score | affinity
-----+------------+------------+------------+----------
    1       -7.76        1.43       0.4966      6.261
    2       -7.71        3.38       0.3844      7.090
    3       -9.54       -0.08       0.3698      7.194
    4       -7.23       -0.82       0.3154      6.044
    5       -8.14        1.88       0.3041      6.422
    6       -8.10       -1.26       0.2979      6.925
    7       -7.28       -0.19       0.2421      6.851
    8       -7.66        2.01       0.2395      6.022
    9       -7.49       -0.83       0.2394      5.922
