              _             
             (_)            
   __ _ _ __  _ _ __   __ _ 
  / _` | '_ \| | '_ \ / _` |
 | (_| | | | | | | | | (_| |
  \__, |_| |_|_|_| |_|\__,_|
   __/ |                    
  |___/                     

gnina v1.3 master:97fa6bc+   Built Oct  3 2024.
gnina is based on smina and AutoDock Vina.
Please cite appropriately.

Commandline: gnina --receptor Proteinas_preparadas/MAPK1.pdbqt --ligand Bases_conjuntas/Targets/EGFR_MAPK1/EGFR_MAPK1_116.pdbqt --autobox_ligand Compuestos_preparados/MAPK1.pdbqt --autobox_add 18 --exhaustiveness 16 --out docking/bases_conjuntas/EGFR_MAPK1_116_L_MAPK1.pdbqt --log docking/bases_conjuntas/EGFR_MAPK1_116_L_MAPK1.log
Using random seed: 1883185296

mode |  affinity  |  intramol  |    CNN     |   CNN
     | (kcal/mol) | (kcal/mol) | pose score | affinity
-----+------------+------------+------------+----------
    1       -9.90       -1.81       0.7253      7.921
    2       -8.51       -0.98       0.6065      6.639
    3       -9.70       -1.16       0.5621      7.163
    4       -7.85       -0.39       0.5471      7.283
    5       -8.01       -0.88       0.4956      7.379
    6       -7.94       -0.55       0.4147      6.363
    7       -9.63       -1.65       0.3981      7.160
    8       -9.54       -1.53       0.3633      6.780
    9       -8.55       -1.35       0.3476      6.734
