              _             
             (_)            
   __ _ _ __  _ _ __   __ _ 
  / _` | '_ \| | '_ \ / _` |
 | (_| | | | | | | | | (_| |
  \__, |_| |_|_|_| |_|\__,_|
   __/ |                    
  |___/                     

gnina v1.3 master:97fa6bc+   Built Oct  3 2024.
gnina is based on smina and AutoDock Vina.
Please cite appropriately.

Commandline: gnina --receptor Proteinas_preparadas/EGFR.pdbqt --ligand Bases_conjuntas/Targets/EGFR_MAPK1/EGFR_MAPK1_177.pdbqt --autobox_ligand Compuestos_preparados/EGFR.pdbqt --autobox_add 18 --exhaustiveness 16 --out docking/bases_conjuntas/EGFR_MAPK1_177_L_EGFR.pdbqt --log docking/bases_conjuntas/EGFR_MAPK1_177_L_EGFR.log
Using random seed: 1957099385

mode |  affinity  |  intramol  |    CNN     |   CNN
     | (kcal/mol) | (kcal/mol) | pose score | affinity
-----+------------+------------+------------+----------
    1       -7.37       -0.73       0.7787      7.486
    2       -7.75        0.10       0.4302      6.310
    3       -7.69       -0.34       0.4298      5.866
    4       -7.17        0.53       0.4289      6.168
    5       -8.03       -0.07       0.4255      6.858
    6       -7.39       -0.39       0.3248      5.460
    7       -8.16       -0.75       0.2884      6.298
    8       -9.55        0.08       0.2821      6.841
    9       -8.97       -0.35       0.2509      6.733
