              _             
             (_)            
   __ _ _ __  _ _ __   __ _ 
  / _` | '_ \| | '_ \ / _` |
 | (_| | | | | | | | | (_| |
  \__, |_| |_|_|_| |_|\__,_|
   __/ |                    
  |___/                     

gnina v1.3 master:97fa6bc+   Built Oct  3 2024.
gnina is based on smina and AutoDock Vina.
Please cite appropriately.

Commandline: gnina --receptor Proteinas_preparadas/EGFR.pdbqt --ligand Bases_conjuntas/Targets/EGFR_MAPK1/EGFR_MAPK1_20.pdbqt --autobox_ligand Compuestos_preparados/EGFR.pdbqt --autobox_add 18 --exhaustiveness 16 --cnn_scoring none --out docking/bases_conjuntas/EGFR_MAPK1_20_L_EGFR.pdbqt --log docking/bases_conjuntas/EGFR_MAPK1_20_L_EGFR.log
Using random seed: 1997261089

mode |  affinity  |  intramol  |    CNN     |   CNN
     | (kcal/mol) | (kcal/mol) | pose score | affinity
-----+------------+------------+------------+----------
    1       -9.63        1.35      -1.0000      0.000
    2       -9.48       -0.48      -1.0000      0.000
    3       -9.22       -0.75      -1.0000      0.000
    4       -9.02        0.09      -1.0000      0.000
    5       -8.99        0.19      -1.0000      0.000
    6       -8.81        0.35      -1.0000      0.000
    7       -8.75       -0.36      -1.0000      0.000
    8       -8.52        1.07      -1.0000      0.000
    9       -8.51        1.62      -1.0000      0.000
