              _             
             (_)            
   __ _ _ __  _ _ __   __ _ 
  / _` | '_ \| | '_ \ / _` |
 | (_| | | | | | | | | (_| |
  \__, |_| |_|_|_| |_|\__,_|
   __/ |                    
  |___/                     

gnina v1.3 master:97fa6bc+   Built Oct  3 2024.
gnina is based on smina and AutoDock Vina.
Please cite appropriately.

Commandline: gnina --receptor Proteinas_preparadas/EGFR.pdbqt --ligand Bases_conjuntas/Targets/EGFR_MAPK1/EGFR_MAPK1_660.pdbqt --autobox_ligand Compuestos_preparados/EGFR.pdbqt --autobox_add 18 --exhaustiveness 16 --out docking/bases_conjuntas/EGFR_MAPK1_660_L_EGFR.pdbqt --log docking/bases_conjuntas/EGFR_MAPK1_660_L_EGFR.log
Using random seed: -94522261

mode |  affinity  |  intramol  |    CNN     |   CNN
     | (kcal/mol) | (kcal/mol) | pose score | affinity
-----+------------+------------+------------+----------
    1       -7.77       -0.71       0.4363      6.823
    2       -8.82       -0.65       0.3944      7.182
    3       -9.16        0.53       0.3149      6.816
    4       -7.61       -0.49       0.2676      6.575
    5       -8.28       -1.10       0.2553      6.771
    6       -9.30       -0.07       0.2527      6.587
    7       -7.81       -1.43       0.2246      6.159
    8       -8.92        0.08       0.2242      6.886
    9       -8.69       -0.56       0.2221      6.696
