              _             
             (_)            
   __ _ _ __  _ _ __   __ _ 
  / _` | '_ \| | '_ \ / _` |
 | (_| | | | | | | | | (_| |
  \__, |_| |_|_|_| |_|\__,_|
   __/ |                    
  |___/                     

gnina v1.3 master:97fa6bc+   Built Oct  3 2024.
gnina is based on smina and AutoDock Vina.
Please cite appropriately.

Commandline: gnina --receptor Proteinas_preparadas/MAPK1.pdbqt --ligand Bases_conjuntas/Targets/EGFR_MAPK1/EGFR_MAPK1_152.pdbqt --autobox_ligand Compuestos_preparados/MAPK1.pdbqt --autobox_add 18 --exhaustiveness 16 --out docking/bases_conjuntas/EGFR_MAPK1_152_L_MAPK1.pdbqt --log docking/bases_conjuntas/EGFR_MAPK1_152_L_MAPK1.log
Using random seed: -130616102

mode |  affinity  |  intramol  |    CNN     |   CNN
     | (kcal/mol) | (kcal/mol) | pose score | affinity
-----+------------+------------+------------+----------
    1       -6.56        0.35       0.7013      6.309
    2       -6.57        0.38       0.6147      6.179
    3       -6.49        1.00       0.4546      6.118
    4       -6.58        1.12       0.4422      6.075
    5       -6.14       -0.05       0.4321      6.022
    6       -7.17        0.10       0.4070      6.142
    7       -6.06        1.51       0.3278      5.664
    8       -7.08        1.04       0.3221      5.160
    9       -6.83        0.20       0.2638      5.653
