              _             
             (_)            
   __ _ _ __  _ _ __   __ _ 
  / _` | '_ \| | '_ \ / _` |
 | (_| | | | | | | | | (_| |
  \__, |_| |_|_|_| |_|\__,_|
   __/ |                    
  |___/                     

gnina v1.3 master:97fa6bc+   Built Oct  3 2024.
gnina is based on smina and AutoDock Vina.
Please cite appropriately.

Commandline: gnina --receptor Proteinas_preparadas/MAPK1.pdbqt --ligand Bases_conjuntas/Targets/EGFR_MAPK1/EGFR_MAPK1_740.pdbqt --autobox_ligand Compuestos_preparados/MAPK1.pdbqt --autobox_add 18 --exhaustiveness 16 --out docking/bases_conjuntas/EGFR_MAPK1_740_L_MAPK1.pdbqt --log docking/bases_conjuntas/EGFR_MAPK1_740_L_MAPK1.log
Using random seed: -1738160602

mode |  affinity  |  intramol  |    CNN     |   CNN
     | (kcal/mol) | (kcal/mol) | pose score | affinity
-----+------------+------------+------------+----------
    1       -8.44       -0.37       0.4218      6.627
    2       -8.46        0.48       0.3010      6.075
    3       -8.65       -0.21       0.2923      6.225
    4       -7.58       -1.15       0.2612      5.984
    5       -8.02       -0.52       0.2355      5.805
    6       -7.91        0.11       0.2179      5.971
    7       -7.68       -0.84       0.2133      6.010
    8       -7.98        1.91       0.1956      5.604
    9       -8.83       -0.85       0.1943      5.714
