              _             
             (_)            
   __ _ _ __  _ _ __   __ _ 
  / _` | '_ \| | '_ \ / _` |
 | (_| | | | | | | | | (_| |
  \__, |_| |_|_|_| |_|\__,_|
   __/ |                    
  |___/                     

gnina v1.3 master:97fa6bc+   Built Oct  3 2024.
gnina is based on smina and AutoDock Vina.
Please cite appropriately.

Commandline: gnina --receptor Proteinas_preparadas/EGFR.pdbqt --ligand Bases_conjuntas/Targets/EGFR_MAPK1/EGFR_MAPK1_992.pdbqt --autobox_ligand Compuestos_preparados/EGFR.pdbqt --autobox_add 18 --exhaustiveness 16 --out docking/bases_conjuntas/EGFR_MAPK1_992_L_EGFR.pdbqt --log docking/bases_conjuntas/EGFR_MAPK1_992_L_EGFR.log
Using random seed: 91412962

mode |  affinity  |  intramol  |    CNN     |   CNN
     | (kcal/mol) | (kcal/mol) | pose score | affinity
-----+------------+------------+------------+----------
    1       -8.44       -1.61       0.4269      7.501
    2       -8.66       -1.44       0.3830      6.293
    3       -8.76       -0.27       0.3640      6.889
    4       -8.45       -0.74       0.3147      6.989
    5       -9.28        0.25       0.2682      7.398
    6       -8.94       -0.83       0.2585      6.953
    7       -8.63       -1.77       0.2578      6.495
    8       -8.73        0.14       0.2541      6.983
    9       -8.55       -0.74       0.2335      6.796
