              _             
             (_)            
   __ _ _ __  _ _ __   __ _ 
  / _` | '_ \| | '_ \ / _` |
 | (_| | | | | | | | | (_| |
  \__, |_| |_|_|_| |_|\__,_|
   __/ |                    
  |___/                     

gnina v1.3 master:97fa6bc+   Built Oct  3 2024.
gnina is based on smina and AutoDock Vina.
Please cite appropriately.

Commandline: gnina --receptor Proteinas_preparadas/EGFR.pdbqt --ligand Bases_conjuntas/Targets/EGFR_MAPK1/EGFR_MAPK1_384.pdbqt --autobox_ligand Compuestos_preparados/EGFR.pdbqt --autobox_add 18 --exhaustiveness 16 --out docking/bases_conjuntas/EGFR_MAPK1_384_L_EGFR.pdbqt --log docking/bases_conjuntas/EGFR_MAPK1_384_L_EGFR.log
Using random seed: -1976775417

mode |  affinity  |  intramol  |    CNN     |   CNN
     | (kcal/mol) | (kcal/mol) | pose score | affinity
-----+------------+------------+------------+----------
    1       -7.22       -0.25       0.9094      7.482
    2       -7.51       -0.24       0.8714      6.915
    3       -8.43        0.11       0.5812      6.107
    4       -7.41       -0.74       0.5661      6.069
    5       -7.49       -0.73       0.5356      6.135
    6       -7.49       -0.78       0.5250      6.395
    7       -7.52       -0.43       0.4048      6.417
    8       -7.23       -0.80       0.4000      5.745
    9       -8.05        0.36       0.3929      5.616
