              _             
             (_)            
   __ _ _ __  _ _ __   __ _ 
  / _` | '_ \| | '_ \ / _` |
 | (_| | | | | | | | | (_| |
  \__, |_| |_|_|_| |_|\__,_|
   __/ |                    
  |___/                     

gnina v1.3 master:97fa6bc+   Built Oct  3 2024.
gnina is based on smina and AutoDock Vina.
Please cite appropriately.

Commandline: gnina --receptor Proteinas_preparadas/EGFR.pdbqt --ligand Bases_conjuntas/Targets/EGFR_MAPK1/EGFR_MAPK1_1136.pdbqt --autobox_ligand Compuestos_preparados/EGFR.pdbqt --autobox_add 18 --exhaustiveness 16 --out docking/bases_conjuntas/EGFR_MAPK1_1136_L_EGFR.pdbqt --log docking/bases_conjuntas/EGFR_MAPK1_1136_L_EGFR.log
Using random seed: -1837581531

mode |  affinity  |  intramol  |    CNN     |   CNN
     | (kcal/mol) | (kcal/mol) | pose score | affinity
-----+------------+------------+------------+----------
    1       -6.18       -0.42       0.5120      5.570
    2       -6.39        0.34       0.4864      5.486
    3       -6.02       -0.46       0.4458      5.682
    4       -5.96       -0.18       0.3988      5.166
    5       -5.35       -0.26       0.3665      5.078
    6       -6.50       -0.48       0.3147      5.238
    7       -5.37       -0.28       0.2860      4.970
    8       -6.96       -0.10       0.2717      4.947
    9       -5.36       -0.42       0.2664      5.195
