              _             
             (_)            
   __ _ _ __  _ _ __   __ _ 
  / _` | '_ \| | '_ \ / _` |
 | (_| | | | | | | | | (_| |
  \__, |_| |_|_|_| |_|\__,_|
   __/ |                    
  |___/                     

gnina v1.3 master:97fa6bc+   Built Oct  3 2024.
gnina is based on smina and AutoDock Vina.
Please cite appropriately.

Commandline: gnina --receptor Proteinas_preparadas/EGFR.pdbqt --ligand Bases_conjuntas/Targets/EGFR_MAPK1/EGFR_MAPK1_444.pdbqt --autobox_ligand Compuestos_preparados/EGFR.pdbqt --autobox_add 18 --exhaustiveness 16 --out docking/bases_conjuntas/EGFR_MAPK1_444_L_EGFR.pdbqt --log docking/bases_conjuntas/EGFR_MAPK1_444_L_EGFR.log
Using random seed: -55719156

mode |  affinity  |  intramol  |    CNN     |   CNN
     | (kcal/mol) | (kcal/mol) | pose score | affinity
-----+------------+------------+------------+----------
    1      -10.13       -0.48       0.4708      7.638
    2       -9.21        0.69       0.3967      7.099
    3       -9.02       -0.72       0.3504      6.579
    4       -8.50       -1.57       0.3233      6.814
    5       -8.84       -1.41       0.3083      6.246
    6       -9.29        0.36       0.2623      7.089
    7       -8.49        0.38       0.2462      7.123
    8       -8.61        1.87       0.2337      6.986
    9       -9.12       -1.14       0.2185      7.003
