              _             
             (_)            
   __ _ _ __  _ _ __   __ _ 
  / _` | '_ \| | '_ \ / _` |
 | (_| | | | | | | | | (_| |
  \__, |_| |_|_|_| |_|\__,_|
   __/ |                    
  |___/                     

gnina v1.3 master:97fa6bc+   Built Oct  3 2024.
gnina is based on smina and AutoDock Vina.
Please cite appropriately.

Commandline: gnina --receptor Proteinas_preparadas/EGFR.pdbqt --ligand Bases_conjuntas/Targets/EGFR_MAPK1/EGFR_MAPK1_492.pdbqt --autobox_ligand Compuestos_preparados/EGFR.pdbqt --autobox_add 18 --exhaustiveness 16 --out docking/bases_conjuntas/EGFR_MAPK1_492_L_EGFR.pdbqt --log docking/bases_conjuntas/EGFR_MAPK1_492_L_EGFR.log
Using random seed: -2022849340

mode |  affinity  |  intramol  |    CNN     |   CNN
     | (kcal/mol) | (kcal/mol) | pose score | affinity
-----+------------+------------+------------+----------
    1       -8.59       -1.22       0.6280      6.972
    2       -8.82       -1.62       0.5156      6.901
    3       -7.84       -1.21       0.4999      7.041
    4       -8.61        0.25       0.4452      7.167
    5       -8.91       -0.52       0.3975      6.689
    6       -7.82       -0.59       0.3402      6.468
    7       -7.89       -0.33       0.3340      6.608
    8       -7.69       -0.97       0.2819      6.270
    9       -9.29       -0.66       0.2680      6.257
