              _             
             (_)            
   __ _ _ __  _ _ __   __ _ 
  / _` | '_ \| | '_ \ / _` |
 | (_| | | | | | | | | (_| |
  \__, |_| |_|_|_| |_|\__,_|
   __/ |                    
  |___/                     

gnina v1.3 master:97fa6bc+   Built Oct  3 2024.
gnina is based on smina and AutoDock Vina.
Please cite appropriately.

Commandline: gnina --receptor Proteinas_preparadas/MAPK1.pdbqt --ligand Bases_conjuntas/Targets/EGFR_MAPK1/EGFR_MAPK1_186.pdbqt --autobox_ligand Compuestos_preparados/MAPK1.pdbqt --autobox_add 18 --exhaustiveness 16 --out docking/bases_conjuntas/EGFR_MAPK1_186_L_MAPK1.pdbqt --log docking/bases_conjuntas/EGFR_MAPK1_186_L_MAPK1.log
Using random seed: 1163211718

mode |  affinity  |  intramol  |    CNN     |   CNN
     | (kcal/mol) | (kcal/mol) | pose score | affinity
-----+------------+------------+------------+----------
    1       -6.28       -1.29       0.3974      6.092
    2       -7.05       -0.04       0.3709      6.041
    3       -8.68        1.08       0.3559      7.093
    4       -8.75       -1.11       0.2934      6.720
    5       -8.03       -0.45       0.2629      6.676
    6       -7.60       -1.32       0.2247      6.264
    7       -7.98       -0.75       0.2131      6.112
    8       -8.65       -0.22       0.2122      6.485
    9       -7.89       -1.42       0.1912      6.353
