              _             
             (_)            
   __ _ _ __  _ _ __   __ _ 
  / _` | '_ \| | '_ \ / _` |
 | (_| | | | | | | | | (_| |
  \__, |_| |_|_|_| |_|\__,_|
   __/ |                    
  |___/                     

gnina v1.3 master:97fa6bc+   Built Oct  3 2024.
gnina is based on smina and AutoDock Vina.
Please cite appropriately.

Commandline: gnina --receptor Proteinas_preparadas/MAPK1.pdbqt --ligand Bases_conjuntas/Targets/EGFR_MAPK1/EGFR_MAPK1_1121.pdbqt --autobox_ligand Compuestos_preparados/MAPK1.pdbqt --autobox_add 18 --exhaustiveness 16 --out docking/bases_conjuntas/EGFR_MAPK1_1121_L_MAPK1.pdbqt --log docking/bases_conjuntas/EGFR_MAPK1_1121_L_MAPK1.log
Using random seed: 2008436304

mode |  affinity  |  intramol  |    CNN     |   CNN
     | (kcal/mol) | (kcal/mol) | pose score | affinity
-----+------------+------------+------------+----------
    1       -8.35       -0.53       0.4815      6.867
    2       -8.66       -0.33       0.4398      7.063
    3       -8.39       -0.09       0.4341      7.037
    4      -10.45       -0.04       0.4153      7.209
    5       -7.43        0.52       0.4137      6.774
    6       -8.82       -0.23       0.4023      6.539
    7       -8.34        0.43       0.4017      6.432
    8       -7.52        0.64       0.3892      6.787
    9      -10.13        1.93       0.3720      6.741
