              _             
             (_)            
   __ _ _ __  _ _ __   __ _ 
  / _` | '_ \| | '_ \ / _` |
 | (_| | | | | | | | | (_| |
  \__, |_| |_|_|_| |_|\__,_|
   __/ |                    
  |___/                     

gnina v1.3 master:97fa6bc+   Built Oct  3 2024.
gnina is based on smina and AutoDock Vina.
Please cite appropriately.

Commandline: gnina --receptor Proteinas_preparadas/MAPK1.pdbqt --ligand Bases_conjuntas/Targets/EGFR_MAPK1/EGFR_MAPK1_413.pdbqt --autobox_ligand Compuestos_preparados/MAPK1.pdbqt --autobox_add 18 --exhaustiveness 16 --out docking/bases_conjuntas/EGFR_MAPK1_413_L_MAPK1.pdbqt --log docking/bases_conjuntas/EGFR_MAPK1_413_L_MAPK1.log
Using random seed: 2008383832

mode |  affinity  |  intramol  |    CNN     |   CNN
     | (kcal/mol) | (kcal/mol) | pose score | affinity
-----+------------+------------+------------+----------
    1       -8.42       -0.23       0.5433      7.221
    2       -8.32        0.42       0.4184      7.025
    3       -8.08        0.53       0.3414      6.901
    4       -7.90        0.02       0.2868      6.596
    5       -7.07       -1.04       0.2821      6.624
    6       -8.00        1.38       0.2727      6.650
    7       -7.11       -0.42       0.2655      5.425
    8       -8.11        0.12       0.2349      6.654
    9       -9.02        0.35       0.2342      6.785
