              _             
             (_)            
   __ _ _ __  _ _ __   __ _ 
  / _` | '_ \| | '_ \ / _` |
 | (_| | | | | | | | | (_| |
  \__, |_| |_|_|_| |_|\__,_|
   __/ |                    
  |___/                     

gnina v1.3 master:97fa6bc+   Built Oct  3 2024.
gnina is based on smina and AutoDock Vina.
Please cite appropriately.

Commandline: gnina --receptor Proteinas_preparadas/EGFR.pdbqt --ligand Bases_conjuntas/Targets/EGFR_MAPK1/EGFR_MAPK1_242.pdbqt --autobox_ligand Compuestos_preparados/EGFR.pdbqt --autobox_add 18 --exhaustiveness 16 --out docking/bases_conjuntas/EGFR_MAPK1_242_L_EGFR.pdbqt --log docking/bases_conjuntas/EGFR_MAPK1_242_L_EGFR.log
Using random seed: 1816546780

mode |  affinity  |  intramol  |    CNN     |   CNN
     | (kcal/mol) | (kcal/mol) | pose score | affinity
-----+------------+------------+------------+----------
    1       -8.45       -0.27       0.2054      5.806
    2       -9.26       -1.70       0.1989      6.282
    3       -9.26        1.13       0.1946      6.103
    4       -8.92        0.01       0.1922      6.519
    5       -8.24       -1.68       0.1747      6.049
    6       -8.32       -1.16       0.1704      6.342
    7       -8.16       -1.56       0.1635      6.067
    8       -8.31       -0.58       0.1622      6.132
    9       -8.17        2.55       0.1607      6.541
