              _             
             (_)            
   __ _ _ __  _ _ __   __ _ 
  / _` | '_ \| | '_ \ / _` |
 | (_| | | | | | | | | (_| |
  \__, |_| |_|_|_| |_|\__,_|
   __/ |                    
  |___/                     

gnina v1.3 master:97fa6bc+   Built Oct  3 2024.
gnina is based on smina and AutoDock Vina.
Please cite appropriately.

Commandline: gnina --receptor Proteinas_preparadas/EGFR.pdbqt --ligand Bases_conjuntas/Targets/EGFR_MAPK1/EGFR_MAPK1_506.pdbqt --autobox_ligand Compuestos_preparados/EGFR.pdbqt --autobox_add 18 --exhaustiveness 16 --cnn_scoring none --out docking/bases_conjuntas/EGFR_MAPK1_506_L_EGFR.pdbqt --log docking/bases_conjuntas/EGFR_MAPK1_506_L_EGFR.log
Using random seed: -856140024

mode |  affinity  |  intramol  |    CNN     |   CNN
     | (kcal/mol) | (kcal/mol) | pose score | affinity
-----+------------+------------+------------+----------
    1       -9.89        0.19      -1.0000      0.000
    2       -9.59       -0.37      -1.0000      0.000
    3       -9.49       -0.40      -1.0000      0.000
    4       -9.43        0.05      -1.0000      0.000
    5       -9.29       -0.16      -1.0000      0.000
    6       -9.25        0.01      -1.0000      0.000
    7       -9.06       -0.08      -1.0000      0.000
    8       -9.06        0.43      -1.0000      0.000
    9       -8.93        0.48      -1.0000      0.000
