              _             
             (_)            
   __ _ _ __  _ _ __   __ _ 
  / _` | '_ \| | '_ \ / _` |
 | (_| | | | | | | | | (_| |
  \__, |_| |_|_|_| |_|\__,_|
   __/ |                    
  |___/                     

gnina v1.3 master:97fa6bc+   Built Oct  3 2024.
gnina is based on smina and AutoDock Vina.
Please cite appropriately.

Commandline: gnina --receptor Proteinas_preparadas/MAPK1.pdbqt --ligand Bases_conjuntas/Targets/EGFR_MAPK1/EGFR_MAPK1_704.pdbqt --autobox_ligand Compuestos_preparados/MAPK1.pdbqt --autobox_add 18 --exhaustiveness 16 --out docking/bases_conjuntas/EGFR_MAPK1_704_L_MAPK1.pdbqt --log docking/bases_conjuntas/EGFR_MAPK1_704_L_MAPK1.log
Using random seed: 1262468608

mode |  affinity  |  intramol  |    CNN     |   CNN
     | (kcal/mol) | (kcal/mol) | pose score | affinity
-----+------------+------------+------------+----------
    1       -6.04       -0.27       0.6723      6.192
    2       -5.44       -2.69       0.5537      6.650
    3       -6.57       -3.37       0.3773      6.098
    4       -5.55       -2.98       0.3208      6.536
    5       -5.49       -2.62       0.3075      6.461
    6       -7.84        0.01       0.2353      7.261
    7       -5.60       -1.78       0.2351      5.475
    8       -4.97       -2.91       0.2278      6.137
    9       -6.14       -0.57       0.1944      5.084
