              _             
             (_)            
   __ _ _ __  _ _ __   __ _ 
  / _` | '_ \| | '_ \ / _` |
 | (_| | | | | | | | | (_| |
  \__, |_| |_|_|_| |_|\__,_|
   __/ |                    
  |___/                     

gnina v1.3 master:97fa6bc+   Built Oct  3 2024.
gnina is based on smina and AutoDock Vina.
Please cite appropriately.

Commandline: gnina --receptor Proteinas_preparadas/MAPK1.pdbqt --ligand Bases_conjuntas/Targets/EGFR_MAPK1/EGFR_MAPK1_681.pdbqt --autobox_ligand Compuestos_preparados/MAPK1.pdbqt --autobox_add 18 --exhaustiveness 16 --out docking/bases_conjuntas/EGFR_MAPK1_681_L_MAPK1.pdbqt --log docking/bases_conjuntas/EGFR_MAPK1_681_L_MAPK1.log
Using random seed: 1673826498

mode |  affinity  |  intramol  |    CNN     |   CNN
     | (kcal/mol) | (kcal/mol) | pose score | affinity
-----+------------+------------+------------+----------
    1       -9.44        0.89       0.7082      7.201
    2      -10.92       -0.87       0.6457      7.012
    3       -9.82        2.38       0.5757      6.582
    4       -8.68        0.54       0.5080      6.662
    5       -9.78       -0.40       0.5052      6.675
    6      -10.21        0.30       0.3817      6.742
    7       -7.67       -0.99       0.3680      5.893
    8       -8.31        0.13       0.3492      5.686
    9      -10.20        2.00       0.3358      7.023
