              _             
             (_)            
   __ _ _ __  _ _ __   __ _ 
  / _` | '_ \| | '_ \ / _` |
 | (_| | | | | | | | | (_| |
  \__, |_| |_|_|_| |_|\__,_|
   __/ |                    
  |___/                     

gnina v1.3 master:97fa6bc+   Built Oct  3 2024.
gnina is based on smina and AutoDock Vina.
Please cite appropriately.

Commandline: gnina --receptor Proteinas_preparadas/EGFR.pdbqt --ligand Bases_conjuntas/Targets/EGFR_MAPK1/EGFR_MAPK1_363.pdbqt --autobox_ligand Compuestos_preparados/EGFR.pdbqt --autobox_add 18 --exhaustiveness 16 --cnn_scoring none --out docking/bases_conjuntas/EGFR_MAPK1_363_L_EGFR.pdbqt --log docking/bases_conjuntas/EGFR_MAPK1_363_L_EGFR.log
Using random seed: -199794880

mode |  affinity  |  intramol  |    CNN     |   CNN
     | (kcal/mol) | (kcal/mol) | pose score | affinity
-----+------------+------------+------------+----------
    1      -10.17        1.03      -1.0000      0.000
    2       -9.88       -0.01      -1.0000      0.000
    3       -9.51        1.05      -1.0000      0.000
    4       -9.05        0.57      -1.0000      0.000
    5       -8.86       -1.59      -1.0000      0.000
    6       -8.85        0.91      -1.0000      0.000
    7       -8.79        0.63      -1.0000      0.000
    8       -8.78        0.81      -1.0000      0.000
    9       -8.71        0.59      -1.0000      0.000
