              _             
             (_)            
   __ _ _ __  _ _ __   __ _ 
  / _` | '_ \| | '_ \ / _` |
 | (_| | | | | | | | | (_| |
  \__, |_| |_|_|_| |_|\__,_|
   __/ |                    
  |___/                     

gnina v1.3 master:97fa6bc+   Built Oct  3 2024.
gnina is based on smina and AutoDock Vina.
Please cite appropriately.

Commandline: gnina --receptor Proteinas_preparadas/MAPK1.pdbqt --ligand Bases_conjuntas/Targets/EGFR_MAPK1/EGFR_MAPK1_165.pdbqt --autobox_ligand Compuestos_preparados/MAPK1.pdbqt --autobox_add 18 --exhaustiveness 16 --cnn_scoring none --out docking/bases_conjuntas/EGFR_MAPK1_165_L_MAPK1.pdbqt --log docking/bases_conjuntas/EGFR_MAPK1_165_L_MAPK1.log
Using random seed: -1395931406

mode |  affinity  |  intramol  |    CNN     |   CNN
     | (kcal/mol) | (kcal/mol) | pose score | affinity
-----+------------+------------+------------+----------
    1       -7.47       -0.55      -1.0000      0.000
    2       -7.44       -1.36      -1.0000      0.000
    3       -7.38       -1.50      -1.0000      0.000
    4       -7.37       -1.00      -1.0000      0.000
    5       -7.37       -1.03      -1.0000      0.000
    6       -7.26       -1.52      -1.0000      0.000
    7       -7.25       -0.01      -1.0000      0.000
    8       -7.25       -0.94      -1.0000      0.000
    9       -7.25       -1.77      -1.0000      0.000
