              _             
             (_)            
   __ _ _ __  _ _ __   __ _ 
  / _` | '_ \| | '_ \ / _` |
 | (_| | | | | | | | | (_| |
  \__, |_| |_|_|_| |_|\__,_|
   __/ |                    
  |___/                     

gnina v1.3 master:97fa6bc+   Built Oct  3 2024.
gnina is based on smina and AutoDock Vina.
Please cite appropriately.

Commandline: gnina --receptor Proteinas_preparadas/EGFR.pdbqt --ligand Bases_conjuntas/Targets/EGFR_MAPK1/EGFR_MAPK1_416.pdbqt --autobox_ligand Compuestos_preparados/EGFR.pdbqt --autobox_add 18 --exhaustiveness 16 --out docking/bases_conjuntas/EGFR_MAPK1_416_L_EGFR.pdbqt --log docking/bases_conjuntas/EGFR_MAPK1_416_L_EGFR.log
Using random seed: 579768340

mode |  affinity  |  intramol  |    CNN     |   CNN
     | (kcal/mol) | (kcal/mol) | pose score | affinity
-----+------------+------------+------------+----------
    1       -9.13       -0.90       0.5066      7.179
    2       -7.39       -2.25       0.3977      6.411
    3       -9.16        0.11       0.3165      6.913
    4       -7.61       -2.24       0.2937      6.423
    5       -9.93        0.87       0.2914      6.889
    6       -8.86        0.97       0.2845      6.603
    7       -9.24        0.36       0.2837      6.886
    8       -7.45       -0.97       0.2804      6.834
    9       -8.87        0.55       0.2736      6.609
