              _             
             (_)            
   __ _ _ __  _ _ __   __ _ 
  / _` | '_ \| | '_ \ / _` |
 | (_| | | | | | | | | (_| |
  \__, |_| |_|_|_| |_|\__,_|
   __/ |                    
  |___/                     

gnina v1.3 master:97fa6bc+   Built Oct  3 2024.
gnina is based on smina and AutoDock Vina.
Please cite appropriately.

Commandline: gnina --receptor Proteinas_preparadas/MAPK1.pdbqt --ligand Bases_conjuntas/Targets/EGFR_MAPK1/EGFR_MAPK1_237.pdbqt --autobox_ligand Compuestos_preparados/MAPK1.pdbqt --autobox_add 18 --exhaustiveness 16 --out docking/bases_conjuntas/EGFR_MAPK1_237_L_MAPK1.pdbqt --log docking/bases_conjuntas/EGFR_MAPK1_237_L_MAPK1.log
Using random seed: 358332032

mode |  affinity  |  intramol  |    CNN     |   CNN
     | (kcal/mol) | (kcal/mol) | pose score | affinity
-----+------------+------------+------------+----------
    1       -8.66       -0.23       0.3670      6.793
    2       -8.54        0.06       0.2183      6.653
    3       -8.24       -0.39       0.1699      4.727
    4       -8.80        0.23       0.1540      6.253
    5       -9.02       -0.35       0.1481      6.192
    6       -7.85       -0.04       0.1397      5.824
    7       -7.18        0.02       0.1354      4.804
    8       -9.56        0.06       0.1353      5.188
    9       -7.23        0.27       0.1238      5.069
