              _             
             (_)            
   __ _ _ __  _ _ __   __ _ 
  / _` | '_ \| | '_ \ / _` |
 | (_| | | | | | | | | (_| |
  \__, |_| |_|_|_| |_|\__,_|
   __/ |                    
  |___/                     

gnina v1.3 master:97fa6bc+   Built Oct  3 2024.
gnina is based on smina and AutoDock Vina.
Please cite appropriately.

Commandline: gnina --receptor Proteinas_preparadas/MAPK1.pdbqt --ligand Bases_conjuntas/Targets/EGFR_MAPK1/EGFR_MAPK1_1082.pdbqt --autobox_ligand Compuestos_preparados/MAPK1.pdbqt --autobox_add 18 --exhaustiveness 16 --out docking/bases_conjuntas/EGFR_MAPK1_1082_L_MAPK1.pdbqt --log docking/bases_conjuntas/EGFR_MAPK1_1082_L_MAPK1.log
Using random seed: 1947057933

mode |  affinity  |  intramol  |    CNN     |   CNN
     | (kcal/mol) | (kcal/mol) | pose score | affinity
-----+------------+------------+------------+----------
    1       -8.95       -1.15       0.4559      7.523
    2       -7.52       -1.35       0.3859      7.695
    3       -7.26       -1.30       0.2611      7.090
    4       -7.65       -1.47       0.2527      7.253
    5       -6.96       -0.76       0.1931      6.382
    6       -7.58        0.91       0.1307      6.747
    7       -8.18       -1.72       0.1260      6.758
    8       -7.23       -1.71       0.1256      6.482
    9       -7.99       -1.56       0.0976      5.811
