              _             
             (_)            
   __ _ _ __  _ _ __   __ _ 
  / _` | '_ \| | '_ \ / _` |
 | (_| | | | | | | | | (_| |
  \__, |_| |_|_|_| |_|\__,_|
   __/ |                    
  |___/                     

gnina v1.3 master:97fa6bc+   Built Oct  3 2024.
gnina is based on smina and AutoDock Vina.
Please cite appropriately.

Commandline: gnina --receptor Proteinas_preparadas/EGFR.pdbqt --ligand Bases_conjuntas/Targets/EGFR_MAPK1/EGFR_MAPK1_805.pdbqt --autobox_ligand Compuestos_preparados/EGFR.pdbqt --autobox_add 18 --exhaustiveness 16 --out docking/bases_conjuntas/EGFR_MAPK1_805_L_EGFR.pdbqt --log docking/bases_conjuntas/EGFR_MAPK1_805_L_EGFR.log
Using random seed: 662126696

mode |  affinity  |  intramol  |    CNN     |   CNN
     | (kcal/mol) | (kcal/mol) | pose score | affinity
-----+------------+------------+------------+----------
    1       -8.69       -0.58       0.7411      6.941
    2       -8.11        0.31       0.7069      7.145
    3       -8.76        0.23       0.6766      6.994
    4       -9.49       -0.55       0.6546      6.528
    5       -9.10        0.96       0.5879      6.595
    6       -7.80       -0.39       0.4343      6.884
    7       -7.49        0.57       0.4127      6.556
    8       -8.15       -0.68       0.3647      6.391
    9       -8.61        3.70       0.3484      6.498
