              _             
             (_)            
   __ _ _ __  _ _ __   __ _ 
  / _` | '_ \| | '_ \ / _` |
 | (_| | | | | | | | | (_| |
  \__, |_| |_|_|_| |_|\__,_|
   __/ |                    
  |___/                     

gnina v1.3 master:97fa6bc+   Built Oct  3 2024.
gnina is based on smina and AutoDock Vina.
Please cite appropriately.

Commandline: gnina --receptor Proteinas_preparadas/MAPK1.pdbqt --ligand Bases_conjuntas/Targets/EGFR_MAPK1/EGFR_MAPK1_853.pdbqt --autobox_ligand Compuestos_preparados/MAPK1.pdbqt --autobox_add 18 --exhaustiveness 16 --out docking/bases_conjuntas/EGFR_MAPK1_853_L_MAPK1.pdbqt --log docking/bases_conjuntas/EGFR_MAPK1_853_L_MAPK1.log
Using random seed: -955076960

mode |  affinity  |  intramol  |    CNN     |   CNN
     | (kcal/mol) | (kcal/mol) | pose score | affinity
-----+------------+------------+------------+----------
    1       -9.43       -2.24       0.4998      7.658
    2       -8.89       -0.09       0.4658      6.882
    3       -8.23       -1.00       0.4615      7.859
    4       -8.63        0.17       0.4275      7.159
    5       -8.04       -1.16       0.4081      7.001
    6       -8.72       -0.82       0.3643      7.034
    7       -8.32        0.03       0.3277      6.870
    8       -9.27       -0.60       0.3154      6.941
    9       -8.82       -1.11       0.2999      6.951
