              _             
             (_)            
   __ _ _ __  _ _ __   __ _ 
  / _` | '_ \| | '_ \ / _` |
 | (_| | | | | | | | | (_| |
  \__, |_| |_|_|_| |_|\__,_|
   __/ |                    
  |___/                     

gnina v1.3 master:97fa6bc+   Built Oct  3 2024.
gnina is based on smina and AutoDock Vina.
Please cite appropriately.

Commandline: gnina --receptor Proteinas_preparadas/EGFR.pdbqt --ligand Bases_conjuntas/Targets/EGFR_MAPK1/EGFR_MAPK1_71.pdbqt --autobox_ligand Compuestos_preparados/EGFR.pdbqt --autobox_add 18 --exhaustiveness 16 --cnn_scoring none --out docking/bases_conjuntas/EGFR_MAPK1_71_L_EGFR.pdbqt --log docking/bases_conjuntas/EGFR_MAPK1_71_L_EGFR.log
Using random seed: -1875094139

mode |  affinity  |  intramol  |    CNN     |   CNN
     | (kcal/mol) | (kcal/mol) | pose score | affinity
-----+------------+------------+------------+----------
    1       -8.46       -0.87      -1.0000      0.000
    2       -8.43       -0.60      -1.0000      0.000
    3       -8.39        0.03      -1.0000      0.000
    4       -8.36       -0.52      -1.0000      0.000
    5       -8.06       -0.35      -1.0000      0.000
    6       -7.95       -0.87      -1.0000      0.000
    7       -7.94       -0.81      -1.0000      0.000
    8       -7.85       -0.91      -1.0000      0.000
    9       -7.79       -0.71      -1.0000      0.000
