              _             
             (_)            
   __ _ _ __  _ _ __   __ _ 
  / _` | '_ \| | '_ \ / _` |
 | (_| | | | | | | | | (_| |
  \__, |_| |_|_|_| |_|\__,_|
   __/ |                    
  |___/                     

gnina v1.3 master:97fa6bc+   Built Oct  3 2024.
gnina is based on smina and AutoDock Vina.
Please cite appropriately.

Commandline: gnina --receptor Proteinas_preparadas/EGFR.pdbqt --ligand Bases_conjuntas/Targets/EGFR_MAPK1/EGFR_MAPK1_863.pdbqt --autobox_ligand Compuestos_preparados/EGFR.pdbqt --autobox_add 18 --exhaustiveness 16 --out docking/bases_conjuntas/EGFR_MAPK1_863_L_EGFR.pdbqt --log docking/bases_conjuntas/EGFR_MAPK1_863_L_EGFR.log
Using random seed: -1173966768

mode |  affinity  |  intramol  |    CNN     |   CNN
     | (kcal/mol) | (kcal/mol) | pose score | affinity
-----+------------+------------+------------+----------
    1       -6.58       -0.17       0.7060      6.156
    2       -6.99        0.40       0.6918      6.421
    3       -7.61       -0.32       0.6442      6.034
    4       -8.49       -0.33       0.6122      5.973
    5       -7.71       -0.24       0.5772      6.230
    6       -9.12        0.09       0.5220      6.423
    7       -7.50       -0.64       0.4991      6.572
    8       -6.66       -0.42       0.4946      5.907
    9       -6.33       -0.47       0.4918      6.121
