              _             
             (_)            
   __ _ _ __  _ _ __   __ _ 
  / _` | '_ \| | '_ \ / _` |
 | (_| | | | | | | | | (_| |
  \__, |_| |_|_|_| |_|\__,_|
   __/ |                    
  |___/                     

gnina v1.3 master:97fa6bc+   Built Oct  3 2024.
gnina is based on smina and AutoDock Vina.
Please cite appropriately.

Commandline: gnina --receptor Proteinas_preparadas/EGFR.pdbqt --ligand Bases_conjuntas/Targets/EGFR_MAPK1/EGFR_MAPK1_39.pdbqt --autobox_ligand Compuestos_preparados/EGFR.pdbqt --autobox_add 18 --exhaustiveness 16 --out docking/bases_conjuntas/EGFR_MAPK1_39_L_EGFR.pdbqt --log docking/bases_conjuntas/EGFR_MAPK1_39_L_EGFR.log
Using random seed: 1135512608

mode |  affinity  |  intramol  |    CNN     |   CNN
     | (kcal/mol) | (kcal/mol) | pose score | affinity
-----+------------+------------+------------+----------
    1       -6.89       -0.81       0.7822      7.143
    2       -7.84       -0.91       0.6697      6.887
    3       -6.79        0.00       0.5095      6.854
    4       -8.62       -0.48       0.4341      6.976
    5       -8.52       -0.88       0.3703      6.802
    6       -6.82       -0.29       0.3663      6.715
    7       -7.41        0.29       0.3478      5.832
    8       -7.82        0.47       0.3449      6.242
    9       -7.47       -1.34       0.3267      6.873
