              _             
             (_)            
   __ _ _ __  _ _ __   __ _ 
  / _` | '_ \| | '_ \ / _` |
 | (_| | | | | | | | | (_| |
  \__, |_| |_|_|_| |_|\__,_|
   __/ |                    
  |___/                     

gnina v1.3 master:97fa6bc+   Built Oct  3 2024.
gnina is based on smina and AutoDock Vina.
Please cite appropriately.

Commandline: gnina --receptor Proteinas_preparadas/MAPK1.pdbqt --ligand Bases_conjuntas/Targets/EGFR_MAPK1/EGFR_MAPK1_674.pdbqt --autobox_ligand Compuestos_preparados/MAPK1.pdbqt --autobox_add 18 --exhaustiveness 16 --out docking/bases_conjuntas/EGFR_MAPK1_674_L_MAPK1.pdbqt --log docking/bases_conjuntas/EGFR_MAPK1_674_L_MAPK1.log
Using random seed: 266112700

mode |  affinity  |  intramol  |    CNN     |   CNN
     | (kcal/mol) | (kcal/mol) | pose score | affinity
-----+------------+------------+------------+----------
    1      -10.02       -0.40       0.4939      7.311
    2       -9.51        0.04       0.3709      7.094
    3       -9.91        0.12       0.3370      7.067
    4      -10.35       -0.06       0.3068      6.871
    5       -9.81       -1.53       0.2928      7.065
    6       -7.25       -0.24       0.2613      6.273
    7       -9.05       -0.52       0.2589      6.870
    8       -9.55       -0.75       0.2322      6.270
    9       -7.42       -1.41       0.2217      6.173
