              _             
             (_)            
   __ _ _ __  _ _ __   __ _ 
  / _` | '_ \| | '_ \ / _` |
 | (_| | | | | | | | | (_| |
  \__, |_| |_|_|_| |_|\__,_|
   __/ |                    
  |___/                     

gnina v1.3 master:97fa6bc+   Built Oct  3 2024.
gnina is based on smina and AutoDock Vina.
Please cite appropriately.

Commandline: gnina --receptor Proteinas_preparadas/EGFR.pdbqt --ligand Bases_conjuntas/Targets/EGFR_MAPK1/EGFR_MAPK1_1082.pdbqt --autobox_ligand Compuestos_preparados/EGFR.pdbqt --autobox_add 18 --exhaustiveness 16 --out docking/bases_conjuntas/EGFR_MAPK1_1082_L_EGFR.pdbqt --log docking/bases_conjuntas/EGFR_MAPK1_1082_L_EGFR.log
Using random seed: 1265247810

mode |  affinity  |  intramol  |    CNN     |   CNN
     | (kcal/mol) | (kcal/mol) | pose score | affinity
-----+------------+------------+------------+----------
    1       -7.97       -1.26       0.4024      7.543
    2       -7.84       -1.14       0.2997      7.033
    3       -8.12       -1.10       0.2323      7.935
    4       -9.68       -1.46       0.1997      6.596
    5       -8.92        0.42       0.1888      7.886
    6       -8.52        0.14       0.1604      7.534
    7       -8.14        0.30       0.1247      6.783
    8       -8.13       -1.68       0.1142      6.771
    9       -9.47       -0.82       0.1097      6.848
