              _             
             (_)            
   __ _ _ __  _ _ __   __ _ 
  / _` | '_ \| | '_ \ / _` |
 | (_| | | | | | | | | (_| |
  \__, |_| |_|_|_| |_|\__,_|
   __/ |                    
  |___/                     

gnina v1.3 master:97fa6bc+   Built Oct  3 2024.
gnina is based on smina and AutoDock Vina.
Please cite appropriately.

Commandline: gnina --receptor Proteinas_preparadas/EGFR.pdbqt --ligand Bases_conjuntas/Targets/EGFR_MAPK1/EGFR_MAPK1_567.pdbqt --autobox_ligand Compuestos_preparados/EGFR.pdbqt --autobox_add 18 --exhaustiveness 16 --out docking/bases_conjuntas/EGFR_MAPK1_567_L_EGFR.pdbqt --log docking/bases_conjuntas/EGFR_MAPK1_567_L_EGFR.log
Using random seed: -244702073

mode |  affinity  |  intramol  |    CNN     |   CNN
     | (kcal/mol) | (kcal/mol) | pose score | affinity
-----+------------+------------+------------+----------
    1       -8.15       -0.54       0.7428      6.280
    2      -10.04        0.30       0.7281      7.068
    3       -7.32       -0.14       0.6888      6.518
    4       -8.23       -0.64       0.6612      6.659
    5       -7.56       -0.29       0.5930      6.650
    6       -7.58        0.32       0.5824      5.986
    7       -7.28        0.00       0.5816      6.020
    8       -7.81       -0.19       0.5277      5.757
    9       -8.28       -0.63       0.5246      5.726
