              _             
             (_)            
   __ _ _ __  _ _ __   __ _ 
  / _` | '_ \| | '_ \ / _` |
 | (_| | | | | | | | | (_| |
  \__, |_| |_|_|_| |_|\__,_|
   __/ |                    
  |___/                     

gnina v1.3 master:97fa6bc+   Built Oct  3 2024.
gnina is based on smina and AutoDock Vina.
Please cite appropriately.

Commandline: gnina --receptor Proteinas_preparadas/EGFR.pdbqt --ligand Bases_conjuntas/Targets/EGFR_MAPK1/EGFR_MAPK1_689.pdbqt --autobox_ligand Compuestos_preparados/EGFR.pdbqt --autobox_add 18 --exhaustiveness 16 --out docking/bases_conjuntas/EGFR_MAPK1_689_L_EGFR.pdbqt --log docking/bases_conjuntas/EGFR_MAPK1_689_L_EGFR.log
Using random seed: 1972175511

mode |  affinity  |  intramol  |    CNN     |   CNN
     | (kcal/mol) | (kcal/mol) | pose score | affinity
-----+------------+------------+------------+----------
    1       -6.78        0.60       0.2832      5.660
    2       -7.07        0.06       0.2776      6.054
    3       -7.91        2.39       0.2387      6.399
    4       -6.97        3.94       0.2305      5.913
    5       -7.55       -1.17       0.2305      5.657
    6       -7.39        0.16       0.2218      6.162
    7       -7.61        0.09       0.2191      6.255
    8       -6.83       -0.64       0.2137      5.863
    9       -7.40        1.64       0.2022      5.825
