              _             
             (_)            
   __ _ _ __  _ _ __   __ _ 
  / _` | '_ \| | '_ \ / _` |
 | (_| | | | | | | | | (_| |
  \__, |_| |_|_|_| |_|\__,_|
   __/ |                    
  |___/                     

gnina v1.3 master:97fa6bc+   Built Oct  3 2024.
gnina is based on smina and AutoDock Vina.
Please cite appropriately.

Commandline: gnina --receptor Proteinas_preparadas/EGFR.pdbqt --ligand Bases_conjuntas/Targets/EGFR_MAPK1/EGFR_MAPK1_902.pdbqt --autobox_ligand Compuestos_preparados/EGFR.pdbqt --autobox_add 18 --exhaustiveness 16 --out docking/bases_conjuntas/EGFR_MAPK1_902_L_EGFR.pdbqt --log docking/bases_conjuntas/EGFR_MAPK1_902_L_EGFR.log
Using random seed: -2131259008

mode |  affinity  |  intramol  |    CNN     |   CNN
     | (kcal/mol) | (kcal/mol) | pose score | affinity
-----+------------+------------+------------+----------
    1       -7.72       -0.59       0.5918      6.110
    2       -8.49       -0.02       0.5243      6.515
    3       -7.79        1.47       0.3671      6.540
    4       -8.22       -0.46       0.3522      6.475
    5       -7.01       -0.37       0.3361      5.628
    6       -8.05       -0.49       0.3119      6.266
    7       -8.62       -0.25       0.2861      6.099
    8       -8.23        0.22       0.2711      6.917
    9       -7.68        0.05       0.2514      6.049
