              _             
             (_)            
   __ _ _ __  _ _ __   __ _ 
  / _` | '_ \| | '_ \ / _` |
 | (_| | | | | | | | | (_| |
  \__, |_| |_|_|_| |_|\__,_|
   __/ |                    
  |___/                     

gnina v1.3 master:97fa6bc+   Built Oct  3 2024.
gnina is based on smina and AutoDock Vina.
Please cite appropriately.

Commandline: gnina --receptor Proteinas_preparadas/EGFR.pdbqt --ligand Bases_conjuntas/Targets/EGFR_MAPK1/EGFR_MAPK1_447.pdbqt --autobox_ligand Compuestos_preparados/EGFR.pdbqt --autobox_add 18 --exhaustiveness 16 --cnn_scoring none --out docking/bases_conjuntas/EGFR_MAPK1_447_L_EGFR.pdbqt --log docking/bases_conjuntas/EGFR_MAPK1_447_L_EGFR.log
Using random seed: 1639125284

mode |  affinity  |  intramol  |    CNN     |   CNN
     | (kcal/mol) | (kcal/mol) | pose score | affinity
-----+------------+------------+------------+----------
    1       -8.76        0.08      -1.0000      0.000
    2       -8.68        0.21      -1.0000      0.000
    3       -8.49       -1.18      -1.0000      0.000
    4       -8.46       -0.62      -1.0000      0.000
    5       -8.44       -1.06      -1.0000      0.000
    6       -8.43       -0.85      -1.0000      0.000
    7       -8.40       -0.34      -1.0000      0.000
    8       -8.40       -0.73      -1.0000      0.000
    9       -8.28       -0.52      -1.0000      0.000
