              _             
             (_)            
   __ _ _ __  _ _ __   __ _ 
  / _` | '_ \| | '_ \ / _` |
 | (_| | | | | | | | | (_| |
  \__, |_| |_|_|_| |_|\__,_|
   __/ |                    
  |___/                     

gnina v1.3 master:97fa6bc+   Built Oct  3 2024.
gnina is based on smina and AutoDock Vina.
Please cite appropriately.

Commandline: gnina --receptor Proteinas_preparadas/MAPK1.pdbqt --ligand Bases_conjuntas/Targets/EGFR_MAPK1/EGFR_MAPK1_968.pdbqt --autobox_ligand Compuestos_preparados/MAPK1.pdbqt --autobox_add 18 --exhaustiveness 16 --out docking/bases_conjuntas/EGFR_MAPK1_968_L_MAPK1.pdbqt --log docking/bases_conjuntas/EGFR_MAPK1_968_L_MAPK1.log
Using random seed: -1954140627

mode |  affinity  |  intramol  |    CNN     |   CNN
     | (kcal/mol) | (kcal/mol) | pose score | affinity
-----+------------+------------+------------+----------
    1       -8.75       -0.96       0.3379      6.914
    2       -8.91       -0.54       0.2163      6.188
    3       -9.42        0.24       0.1898      6.984
    4       -8.82       -0.88       0.1894      6.471
    5      -10.00       -0.87       0.1713      7.021
    6       -9.71       -0.61       0.1628      5.961
    7       -9.96       -0.06       0.1332      6.084
    8       -9.12        0.36       0.1241      6.248
    9       -8.60       -0.93       0.1239      6.067
