              _             
             (_)            
   __ _ _ __  _ _ __   __ _ 
  / _` | '_ \| | '_ \ / _` |
 | (_| | | | | | | | | (_| |
  \__, |_| |_|_|_| |_|\__,_|
   __/ |                    
  |___/                     

gnina v1.3 master:97fa6bc+   Built Oct  3 2024.
gnina is based on smina and AutoDock Vina.
Please cite appropriately.

Commandline: gnina --receptor Proteinas_preparadas/EGFR.pdbqt --ligand Bases_conjuntas/Targets/EGFR_MAPK1/EGFR_MAPK1_1030.pdbqt --autobox_ligand Compuestos_preparados/EGFR.pdbqt --autobox_add 18 --exhaustiveness 16 --out docking/bases_conjuntas/EGFR_MAPK1_1030_L_EGFR.pdbqt --log docking/bases_conjuntas/EGFR_MAPK1_1030_L_EGFR.log
Using random seed: 1106001601

mode |  affinity  |  intramol  |    CNN     |   CNN
     | (kcal/mol) | (kcal/mol) | pose score | affinity
-----+------------+------------+------------+----------
    1       -7.38       -1.40       0.3990      6.042
    2       -7.80       -1.51       0.3891      6.103
    3       -7.83        0.44       0.3169      6.032
    4       -6.55       -1.79       0.3109      6.389
    5       -7.50       -1.98       0.2996      5.556
    6       -7.45       -1.41       0.2700      5.945
    7       -7.51       -1.51       0.2674      6.056
    8       -7.40       -1.97       0.2636      5.852
    9       -7.47       -1.68       0.2589      6.451
