              _             
             (_)            
   __ _ _ __  _ _ __   __ _ 
  / _` | '_ \| | '_ \ / _` |
 | (_| | | | | | | | | (_| |
  \__, |_| |_|_|_| |_|\__,_|
   __/ |                    
  |___/                     

gnina v1.3 master:97fa6bc+   Built Oct  3 2024.
gnina is based on smina and AutoDock Vina.
Please cite appropriately.

Commandline: gnina --receptor Proteinas_preparadas/MAPK1.pdbqt --ligand Bases_conjuntas/Targets/EGFR_MAPK1/EGFR_MAPK1_324.pdbqt --autobox_ligand Compuestos_preparados/MAPK1.pdbqt --autobox_add 18 --exhaustiveness 16 --cnn_scoring none --out docking/bases_conjuntas/EGFR_MAPK1_324_L_MAPK1.pdbqt --log docking/bases_conjuntas/EGFR_MAPK1_324_L_MAPK1.log
Using random seed: -1338854643

mode |  affinity  |  intramol  |    CNN     |   CNN
     | (kcal/mol) | (kcal/mol) | pose score | affinity
-----+------------+------------+------------+----------
    1       -9.06        0.50      -1.0000      0.000
    2       -9.02        1.21      -1.0000      0.000
    3       -8.62       -0.24      -1.0000      0.000
    4       -8.59       -1.14      -1.0000      0.000
    5       -8.43       -0.42      -1.0000      0.000
    6       -8.40        0.13      -1.0000      0.000
    7       -8.37       -0.89      -1.0000      0.000
    8       -8.30       -0.01      -1.0000      0.000
    9       -8.24       -0.81      -1.0000      0.000
