              _             
             (_)            
   __ _ _ __  _ _ __   __ _ 
  / _` | '_ \| | '_ \ / _` |
 | (_| | | | | | | | | (_| |
  \__, |_| |_|_|_| |_|\__,_|
   __/ |                    
  |___/                     

gnina v1.3 master:97fa6bc+   Built Oct  3 2024.
gnina is based on smina and AutoDock Vina.
Please cite appropriately.

Commandline: gnina --receptor Proteinas_preparadas/MAPK1.pdbqt --ligand Bases_conjuntas/Targets/EGFR_MAPK1/EGFR_MAPK1_1040.pdbqt --autobox_ligand Compuestos_preparados/MAPK1.pdbqt --autobox_add 18 --exhaustiveness 16 --out docking/bases_conjuntas/EGFR_MAPK1_1040_L_MAPK1.pdbqt --log docking/bases_conjuntas/EGFR_MAPK1_1040_L_MAPK1.log
Using random seed: -1731092882

mode |  affinity  |  intramol  |    CNN     |   CNN
     | (kcal/mol) | (kcal/mol) | pose score | affinity
-----+------------+------------+------------+----------
    1       -8.22       -1.47       0.5053      7.182
    2       -6.58       -1.02       0.4339      5.785
    3       -7.29        0.67       0.3374      6.310
    4       -8.82       -0.32       0.2690      6.588
    5       -8.42        0.02       0.2541      6.694
    6       -6.26       -0.85       0.2222      5.384
    7       -7.68       -0.70       0.2003      6.275
    8       -6.16       -0.43       0.1858      5.949
    9       -6.16       -0.21       0.1805      6.066
