              _             
             (_)            
   __ _ _ __  _ _ __   __ _ 
  / _` | '_ \| | '_ \ / _` |
 | (_| | | | | | | | | (_| |
  \__, |_| |_|_|_| |_|\__,_|
   __/ |                    
  |___/                     

gnina v1.3 master:97fa6bc+   Built Oct  3 2024.
gnina is based on smina and AutoDock Vina.
Please cite appropriately.

Commandline: gnina --receptor Proteinas_preparadas/MAPK1.pdbqt --ligand Bases_conjuntas/Targets/EGFR_MAPK1/EGFR_MAPK1_673.pdbqt --autobox_ligand Compuestos_preparados/MAPK1.pdbqt --autobox_add 18 --exhaustiveness 16 --out docking/bases_conjuntas/EGFR_MAPK1_673_L_MAPK1.pdbqt --log docking/bases_conjuntas/EGFR_MAPK1_673_L_MAPK1.log
Using random seed: -1197102400

mode |  affinity  |  intramol  |    CNN     |   CNN
     | (kcal/mol) | (kcal/mol) | pose score | affinity
-----+------------+------------+------------+----------
    1       -8.57        5.36       0.7016      7.958
    2       -7.74       -0.27       0.4841      7.563
    3       -7.62        0.64       0.4773      7.435
    4       -8.18        1.93       0.4694      7.301
    5       -8.60       -0.30       0.3979      6.700
    6       -7.43       -0.84       0.3961      6.859
    7       -9.07        0.62       0.3483      6.847
    8       -7.39       -0.76       0.3138      6.322
    9       -8.86       -0.88       0.3118      7.131
