              _             
             (_)            
   __ _ _ __  _ _ __   __ _ 
  / _` | '_ \| | '_ \ / _` |
 | (_| | | | | | | | | (_| |
  \__, |_| |_|_|_| |_|\__,_|
   __/ |                    
  |___/                     

gnina v1.3 master:97fa6bc+   Built Oct  3 2024.
gnina is based on smina and AutoDock Vina.
Please cite appropriately.

Commandline: gnina --receptor Proteinas_preparadas/MAPK1.pdbqt --ligand Bases_conjuntas/Targets/EGFR_MAPK1/EGFR_MAPK1_535.pdbqt --autobox_ligand Compuestos_preparados/MAPK1.pdbqt --autobox_add 18 --exhaustiveness 16 --out docking/bases_conjuntas/EGFR_MAPK1_535_L_MAPK1.pdbqt --log docking/bases_conjuntas/EGFR_MAPK1_535_L_MAPK1.log
Using random seed: 1049757468

mode |  affinity  |  intramol  |    CNN     |   CNN
     | (kcal/mol) | (kcal/mol) | pose score | affinity
-----+------------+------------+------------+----------
    1       -6.21       -0.76       0.6661      6.925
    2       -7.32        0.38       0.4726      7.059
    3       -6.18        0.15       0.4522      6.173
    4       -9.28        0.61       0.4471      6.746
    5       -6.34       -0.40       0.4047      6.153
    6       -9.16        0.45       0.3958      6.834
    7       -7.80        0.15       0.3752      6.548
    8       -7.11       -0.84       0.2558      6.783
    9       -7.24       -1.01       0.2423      6.052
