              _             
             (_)            
   __ _ _ __  _ _ __   __ _ 
  / _` | '_ \| | '_ \ / _` |
 | (_| | | | | | | | | (_| |
  \__, |_| |_|_|_| |_|\__,_|
   __/ |                    
  |___/                     

gnina v1.3 master:97fa6bc+   Built Oct  3 2024.
gnina is based on smina and AutoDock Vina.
Please cite appropriately.

Commandline: gnina --receptor Proteinas_preparadas/MAPK1.pdbqt --ligand Bases_conjuntas/Targets/EGFR_MAPK1/EGFR_MAPK1_539.pdbqt --autobox_ligand Compuestos_preparados/MAPK1.pdbqt --autobox_add 18 --exhaustiveness 16 --out docking/bases_conjuntas/EGFR_MAPK1_539_L_MAPK1.pdbqt --log docking/bases_conjuntas/EGFR_MAPK1_539_L_MAPK1.log
Using random seed: 688245096

mode |  affinity  |  intramol  |    CNN     |   CNN
     | (kcal/mol) | (kcal/mol) | pose score | affinity
-----+------------+------------+------------+----------
    1       -8.04       -0.76       0.7134      5.597
    2       -6.62       -0.46       0.5660      5.961
    3       -6.69       -1.12       0.4699      4.794
    4       -8.43       -0.30       0.4651      5.733
    5       -6.95       -0.29       0.4409      5.331
    6       -6.58       -0.85       0.4372      4.902
    7       -6.25       -0.06       0.4281      5.543
    8       -6.47        1.18       0.3824      4.945
    9       -7.19       -0.41       0.3424      4.354
