              _             
             (_)            
   __ _ _ __  _ _ __   __ _ 
  / _` | '_ \| | '_ \ / _` |
 | (_| | | | | | | | | (_| |
  \__, |_| |_|_|_| |_|\__,_|
   __/ |                    
  |___/                     

gnina v1.3 master:97fa6bc+   Built Oct  3 2024.
gnina is based on smina and AutoDock Vina.
Please cite appropriately.

Commandline: gnina --receptor Proteinas_preparadas/MAPK1.pdbqt --ligand Bases_conjuntas/Targets/EGFR_MAPK1/EGFR_MAPK1_930.pdbqt --autobox_ligand Compuestos_preparados/MAPK1.pdbqt --autobox_add 18 --exhaustiveness 16 --out docking/bases_conjuntas/EGFR_MAPK1_930_L_MAPK1.pdbqt --log docking/bases_conjuntas/EGFR_MAPK1_930_L_MAPK1.log
Using random seed: -1588814162

mode |  affinity  |  intramol  |    CNN     |   CNN
     | (kcal/mol) | (kcal/mol) | pose score | affinity
-----+------------+------------+------------+----------
    1       -9.06       -1.52       0.7031      8.123
    2       -8.22        1.00       0.5831      7.995
    3       -9.24       -0.93       0.5778      6.270
    4       -8.58       -0.16       0.5548      6.428
    5       -8.18       -0.93       0.4248      6.562
    6       -9.49       -0.83       0.4108      6.296
    7       -8.12       -0.84       0.3529      6.858
    8       -8.30       -0.10       0.3520      6.106
    9       -8.26       -1.58       0.3423      6.539
