              _             
             (_)            
   __ _ _ __  _ _ __   __ _ 
  / _` | '_ \| | '_ \ / _` |
 | (_| | | | | | | | | (_| |
  \__, |_| |_|_|_| |_|\__,_|
   __/ |                    
  |___/                     

gnina v1.3 master:97fa6bc+   Built Oct  3 2024.
gnina is based on smina and AutoDock Vina.
Please cite appropriately.

Commandline: gnina --receptor Proteinas_preparadas/MAPK1.pdbqt --ligand Bases_conjuntas/Targets/EGFR_MAPK1/EGFR_MAPK1_1114.pdbqt --autobox_ligand Compuestos_preparados/MAPK1.pdbqt --autobox_add 18 --exhaustiveness 16 --out docking/bases_conjuntas/EGFR_MAPK1_1114_L_MAPK1.pdbqt --log docking/bases_conjuntas/EGFR_MAPK1_1114_L_MAPK1.log
Using random seed: 359689472

mode |  affinity  |  intramol  |    CNN     |   CNN
     | (kcal/mol) | (kcal/mol) | pose score | affinity
-----+------------+------------+------------+----------
    1       -7.70       -1.03       0.3838      7.491
    2       -8.21       -1.18       0.3777      7.600
    3       -7.30       -1.05       0.2611      7.165
    4       -8.20       -1.15       0.2362      7.428
    5       -7.72       -0.43       0.1694      6.911
    6       -7.59        2.70       0.1473      6.251
    7       -9.30       -0.49       0.1342      6.349
    8       -8.12        3.08       0.1336      5.686
    9       -7.19       -1.32       0.1330      6.628
