              _             
             (_)            
   __ _ _ __  _ _ __   __ _ 
  / _` | '_ \| | '_ \ / _` |
 | (_| | | | | | | | | (_| |
  \__, |_| |_|_|_| |_|\__,_|
   __/ |                    
  |___/                     

gnina v1.3 master:97fa6bc+   Built Oct  3 2024.
gnina is based on smina and AutoDock Vina.
Please cite appropriately.

Commandline: gnina --receptor Proteinas_preparadas/EGFR.pdbqt --ligand Bases_conjuntas/Targets/EGFR_MAPK1/EGFR_MAPK1_263.pdbqt --autobox_ligand Compuestos_preparados/EGFR.pdbqt --autobox_add 18 --exhaustiveness 16 --out docking/bases_conjuntas/EGFR_MAPK1_263_L_EGFR.pdbqt --log docking/bases_conjuntas/EGFR_MAPK1_263_L_EGFR.log
Using random seed: 538042718

mode |  affinity  |  intramol  |    CNN     |   CNN
     | (kcal/mol) | (kcal/mol) | pose score | affinity
-----+------------+------------+------------+----------
    1       -7.91       -0.81       0.6193      6.915
    2      -10.69       -1.09       0.5879      7.457
    3       -7.50       -1.14       0.5754      6.972
    4       -8.33        0.50       0.5324      7.394
    5      -10.51       -1.59       0.5298      7.666
    6       -8.11        1.19       0.5140      6.611
    7       -9.79       -0.08       0.4769      7.593
    8      -10.10       -0.68       0.4276      6.962
    9       -8.73        0.02       0.4231      6.858
