              _             
             (_)            
   __ _ _ __  _ _ __   __ _ 
  / _` | '_ \| | '_ \ / _` |
 | (_| | | | | | | | | (_| |
  \__, |_| |_|_|_| |_|\__,_|
   __/ |                    
  |___/                     

gnina v1.3 master:97fa6bc+   Built Oct  3 2024.
gnina is based on smina and AutoDock Vina.
Please cite appropriately.

Commandline: gnina --receptor Proteinas_preparadas/EGFR.pdbqt --ligand Bases_conjuntas/Targets/EGFR_MAPK1/EGFR_MAPK1_379.pdbqt --autobox_ligand Compuestos_preparados/EGFR.pdbqt --autobox_add 18 --exhaustiveness 16 --cnn_scoring none --out docking/bases_conjuntas/EGFR_MAPK1_379_L_EGFR.pdbqt --log docking/bases_conjuntas/EGFR_MAPK1_379_L_EGFR.log
Using random seed: 1772406626

mode |  affinity  |  intramol  |    CNN     |   CNN
     | (kcal/mol) | (kcal/mol) | pose score | affinity
-----+------------+------------+------------+----------
    1      -10.11       -0.76      -1.0000      0.000
    2       -9.38        1.23      -1.0000      0.000
    3       -9.20       -0.79      -1.0000      0.000
    4       -9.18       -0.49      -1.0000      0.000
    5       -9.13       -0.90      -1.0000      0.000
    6       -9.08        1.81      -1.0000      0.000
    7       -9.02       -0.16      -1.0000      0.000
    8       -8.97        0.61      -1.0000      0.000
    9       -8.93        0.15      -1.0000      0.000
