              _             
             (_)            
   __ _ _ __  _ _ __   __ _ 
  / _` | '_ \| | '_ \ / _` |
 | (_| | | | | | | | | (_| |
  \__, |_| |_|_|_| |_|\__,_|
   __/ |                    
  |___/                     

gnina v1.3 master:97fa6bc+   Built Oct  3 2024.
gnina is based on smina and AutoDock Vina.
Please cite appropriately.

Commandline: gnina --receptor Proteinas_preparadas/MAPK1.pdbqt --ligand Bases_conjuntas/Targets/EGFR_MAPK1/EGFR_MAPK1_1108.pdbqt --autobox_ligand Compuestos_preparados/MAPK1.pdbqt --autobox_add 18 --exhaustiveness 16 --out docking/bases_conjuntas/EGFR_MAPK1_1108_L_MAPK1.pdbqt --log docking/bases_conjuntas/EGFR_MAPK1_1108_L_MAPK1.log
Using random seed: 1203602532

mode |  affinity  |  intramol  |    CNN     |   CNN
     | (kcal/mol) | (kcal/mol) | pose score | affinity
-----+------------+------------+------------+----------
    1       -7.35       -0.76       0.1330      6.719
    2       -8.06        0.98       0.1155      5.471
    3       -7.30        4.29       0.1107      6.585
    4       -7.21        4.17       0.0961      5.645
    5       -7.35       -0.20       0.0953      6.189
    6       -9.59        0.90       0.0927      5.721
    7       -6.64       -1.08       0.0879      5.759
    8       -7.11        0.27       0.0790      6.764
    9       -6.71       -0.53       0.0785      6.139
