              _             
             (_)            
   __ _ _ __  _ _ __   __ _ 
  / _` | '_ \| | '_ \ / _` |
 | (_| | | | | | | | | (_| |
  \__, |_| |_|_|_| |_|\__,_|
   __/ |                    
  |___/                     

gnina v1.3 master:97fa6bc+   Built Oct  3 2024.
gnina is based on smina and AutoDock Vina.
Please cite appropriately.

Commandline: gnina --receptor Proteinas_preparadas/MAPK1.pdbqt --ligand Bases_conjuntas/Targets/EGFR_MAPK1/EGFR_MAPK1_1056.pdbqt --autobox_ligand Compuestos_preparados/MAPK1.pdbqt --autobox_add 18 --exhaustiveness 16 --out docking/bases_conjuntas/EGFR_MAPK1_1056_L_MAPK1.pdbqt --log docking/bases_conjuntas/EGFR_MAPK1_1056_L_MAPK1.log
Using random seed: -214347928

mode |  affinity  |  intramol  |    CNN     |   CNN
     | (kcal/mol) | (kcal/mol) | pose score | affinity
-----+------------+------------+------------+----------
    1       -9.34       -0.39       0.7241      7.065
    2       -8.40        0.21       0.5450      7.002
    3       -6.93       -0.99       0.4695      6.555
    4       -6.96       -0.45       0.4576      6.749
    5       -8.02       -1.43       0.4193      6.674
    6       -8.72       -1.01       0.3917      6.733
    7       -6.83        0.34       0.3681      5.713
    8       -8.47       -0.29       0.3634      6.401
    9       -7.00       -0.22       0.3568      6.298
