              _             
             (_)            
   __ _ _ __  _ _ __   __ _ 
  / _` | '_ \| | '_ \ / _` |
 | (_| | | | | | | | | (_| |
  \__, |_| |_|_|_| |_|\__,_|
   __/ |                    
  |___/                     

gnina v1.3 master:97fa6bc+   Built Oct  3 2024.
gnina is based on smina and AutoDock Vina.
Please cite appropriately.

Commandline: gnina --receptor Proteinas_preparadas/EGFR.pdbqt --ligand Bases_conjuntas/Targets/EGFR_MAPK1/EGFR_MAPK1_1102.pdbqt --autobox_ligand Compuestos_preparados/EGFR.pdbqt --autobox_add 18 --exhaustiveness 16 --out docking/bases_conjuntas/EGFR_MAPK1_1102_L_EGFR.pdbqt --log docking/bases_conjuntas/EGFR_MAPK1_1102_L_EGFR.log
Using random seed: -85080951

mode |  affinity  |  intramol  |    CNN     |   CNN
     | (kcal/mol) | (kcal/mol) | pose score | affinity
-----+------------+------------+------------+----------
    1       -8.82       -2.21       0.0987      5.752
    2       -8.09       -0.75       0.0866      6.806
    3       -8.66        0.34       0.0826      6.250
    4       -8.33        0.36       0.0824      6.089
    5       -9.63       -1.29       0.0816      5.574
    6       -8.63       -0.42       0.0771      6.990
    7       -8.70       -1.31       0.0756      5.561
    8       -8.54       -0.79       0.0733      5.716
    9       -8.70       -0.70       0.0693      6.081
