              _             
             (_)            
   __ _ _ __  _ _ __   __ _ 
  / _` | '_ \| | '_ \ / _` |
 | (_| | | | | | | | | (_| |
  \__, |_| |_|_|_| |_|\__,_|
   __/ |                    
  |___/                     

gnina v1.3 master:97fa6bc+   Built Oct  3 2024.
gnina is based on smina and AutoDock Vina.
Please cite appropriately.

Commandline: gnina --receptor Proteinas_preparadas/MAPK1.pdbqt --ligand Bases_conjuntas/Targets/EGFR_MAPK1/EGFR_MAPK1_228.pdbqt --autobox_ligand Compuestos_preparados/MAPK1.pdbqt --autobox_add 18 --exhaustiveness 16 --cnn_scoring none --out docking/bases_conjuntas/EGFR_MAPK1_228_L_MAPK1.pdbqt --log docking/bases_conjuntas/EGFR_MAPK1_228_L_MAPK1.log
Using random seed: 902803470

mode |  affinity  |  intramol  |    CNN     |   CNN
     | (kcal/mol) | (kcal/mol) | pose score | affinity
-----+------------+------------+------------+----------
    1       -9.56        1.55      -1.0000      0.000
    2       -9.09        1.88      -1.0000      0.000
    3       -8.99        0.95      -1.0000      0.000
    4       -8.93        0.15      -1.0000      0.000
    5       -8.93        1.62      -1.0000      0.000
    6       -8.78        0.96      -1.0000      0.000
    7       -8.57        0.12      -1.0000      0.000
    8       -8.54        0.64      -1.0000      0.000
    9       -8.48        1.29      -1.0000      0.000
