              _             
             (_)            
   __ _ _ __  _ _ __   __ _ 
  / _` | '_ \| | '_ \ / _` |
 | (_| | | | | | | | | (_| |
  \__, |_| |_|_|_| |_|\__,_|
   __/ |                    
  |___/                     

gnina v1.3 master:97fa6bc+   Built Oct  3 2024.
gnina is based on smina and AutoDock Vina.
Please cite appropriately.

Commandline: gnina --receptor Proteinas_preparadas/MAPK1.pdbqt --ligand Bases_conjuntas/Targets/EGFR_MAPK1/EGFR_MAPK1_829.pdbqt --autobox_ligand Compuestos_preparados/MAPK1.pdbqt --autobox_add 18 --exhaustiveness 16 --out docking/bases_conjuntas/EGFR_MAPK1_829_L_MAPK1.pdbqt --log docking/bases_conjuntas/EGFR_MAPK1_829_L_MAPK1.log
Using random seed: 2047325501

mode |  affinity  |  intramol  |    CNN     |   CNN
     | (kcal/mol) | (kcal/mol) | pose score | affinity
-----+------------+------------+------------+----------
    1       -7.26        0.84       0.3971      6.338
    2       -7.29        0.59       0.3294      6.779
    3       -8.84        0.30       0.3288      6.977
    4       -8.20        0.00       0.3199      6.925
    5       -8.24        0.38       0.3071      7.017
    6       -7.59        0.45       0.2959      6.738
    7       -9.50       -0.08       0.2393      6.741
    8       -6.84       -0.44       0.2303      5.373
    9       -6.56       -0.17       0.2296      5.032
