              _             
             (_)            
   __ _ _ __  _ _ __   __ _ 
  / _` | '_ \| | '_ \ / _` |
 | (_| | | | | | | | | (_| |
  \__, |_| |_|_|_| |_|\__,_|
   __/ |                    
  |___/                     

gnina v1.3 master:97fa6bc+   Built Oct  3 2024.
gnina is based on smina and AutoDock Vina.
Please cite appropriately.

Commandline: gnina --receptor Proteinas_preparadas/MAPK1.pdbqt --ligand Bases_conjuntas/Targets/EGFR_MAPK1/EGFR_MAPK1_627.pdbqt --autobox_ligand Compuestos_preparados/MAPK1.pdbqt --autobox_add 18 --exhaustiveness 16 --out docking/bases_conjuntas/EGFR_MAPK1_627_L_MAPK1.pdbqt --log docking/bases_conjuntas/EGFR_MAPK1_627_L_MAPK1.log
Using random seed: -752914756

mode |  affinity  |  intramol  |    CNN     |   CNN
     | (kcal/mol) | (kcal/mol) | pose score | affinity
-----+------------+------------+------------+----------
    1       -8.73       -0.49       0.4132      6.882
    2       -8.63       -0.81       0.3938      7.150
    3       -7.45       -1.04       0.3356      6.588
    4       -8.84       -0.39       0.3347      6.964
    5       -7.85        0.47       0.2864      6.150
    6       -9.29       -1.64       0.2741      6.866
    7       -8.54       -1.06       0.2696      6.113
    8       -8.61       -0.60       0.2411      6.128
    9       -8.15        0.15       0.2254      6.837
