              _             
             (_)            
   __ _ _ __  _ _ __   __ _ 
  / _` | '_ \| | '_ \ / _` |
 | (_| | | | | | | | | (_| |
  \__, |_| |_|_|_| |_|\__,_|
   __/ |                    
  |___/                     

gnina v1.3 master:97fa6bc+   Built Oct  3 2024.
gnina is based on smina and AutoDock Vina.
Please cite appropriately.

Commandline: gnina --receptor Proteinas_preparadas/MAPK1.pdbqt --ligand Bases_conjuntas/Targets/EGFR_MAPK1/EGFR_MAPK1_985.pdbqt --autobox_ligand Compuestos_preparados/MAPK1.pdbqt --autobox_add 18 --exhaustiveness 16 --out docking/bases_conjuntas/EGFR_MAPK1_985_L_MAPK1.pdbqt --log docking/bases_conjuntas/EGFR_MAPK1_985_L_MAPK1.log
Using random seed: 1410408656

mode |  affinity  |  intramol  |    CNN     |   CNN
     | (kcal/mol) | (kcal/mol) | pose score | affinity
-----+------------+------------+------------+----------
    1       -8.34       -0.80       0.4638      7.504
    2       -8.60        1.91       0.4210      7.383
    3      -10.14        0.57       0.3851      7.235
    4       -7.54       -0.87       0.2739      6.301
    5       -8.98       -0.09       0.2472      6.610
    6      -10.25       -1.29       0.2391      6.850
    7       -8.06       -0.95       0.2326      6.830
    8       -8.36       -1.08       0.2156      5.616
    9       -8.96       -0.87       0.1815      6.847
