              _             
             (_)            
   __ _ _ __  _ _ __   __ _ 
  / _` | '_ \| | '_ \ / _` |
 | (_| | | | | | | | | (_| |
  \__, |_| |_|_|_| |_|\__,_|
   __/ |                    
  |___/                     

gnina v1.3 master:97fa6bc+   Built Oct  3 2024.
gnina is based on smina and AutoDock Vina.
Please cite appropriately.

Commandline: gnina --receptor Proteinas_preparadas/EGFR.pdbqt --ligand Bases_conjuntas/Targets/EGFR_MAPK1/EGFR_MAPK1_96.pdbqt --autobox_ligand Compuestos_preparados/EGFR.pdbqt --autobox_add 18 --exhaustiveness 16 --cnn_scoring none --out docking/bases_conjuntas/EGFR_MAPK1_96_L_EGFR.pdbqt --log docking/bases_conjuntas/EGFR_MAPK1_96_L_EGFR.log
Using random seed: 505223220

mode |  affinity  |  intramol  |    CNN     |   CNN
     | (kcal/mol) | (kcal/mol) | pose score | affinity
-----+------------+------------+------------+----------
    1       -8.76        0.97      -1.0000      0.000
    2       -8.70        0.40      -1.0000      0.000
    3       -8.66       -0.38      -1.0000      0.000
    4       -8.45       -0.91      -1.0000      0.000
    5       -8.44        3.25      -1.0000      0.000
    6       -8.44       -1.39      -1.0000      0.000
    7       -8.41       -0.95      -1.0000      0.000
    8       -8.17       -0.14      -1.0000      0.000
    9       -8.17       -0.53      -1.0000      0.000
