              _             
             (_)            
   __ _ _ __  _ _ __   __ _ 
  / _` | '_ \| | '_ \ / _` |
 | (_| | | | | | | | | (_| |
  \__, |_| |_|_|_| |_|\__,_|
   __/ |                    
  |___/                     

gnina v1.3 master:97fa6bc+   Built Oct  3 2024.
gnina is based on smina and AutoDock Vina.
Please cite appropriately.

Commandline: gnina --receptor Proteinas_preparadas/MAPK1.pdbqt --ligand Bases_conjuntas/Targets/EGFR_MAPK1/EGFR_MAPK1_239.pdbqt --autobox_ligand Compuestos_preparados/MAPK1.pdbqt --autobox_add 18 --exhaustiveness 16 --out docking/bases_conjuntas/EGFR_MAPK1_239_L_MAPK1.pdbqt --log docking/bases_conjuntas/EGFR_MAPK1_239_L_MAPK1.log
Using random seed: 1346755997

mode |  affinity  |  intramol  |    CNN     |   CNN
     | (kcal/mol) | (kcal/mol) | pose score | affinity
-----+------------+------------+------------+----------
    1       -6.79       -1.43       0.2193      5.323
    2       -8.09       -1.83       0.2142      6.227
    3       -6.78       -1.36       0.2099      5.853
    4       -7.55       -1.46       0.2039      5.954
    5       -7.16       -1.24       0.1897      5.896
    6       -7.51       -0.50       0.1800      6.110
    7       -8.06       -0.69       0.1602      5.694
    8       -6.67       -1.42       0.1544      5.840
    9       -7.49       -1.76       0.1450      5.146
