              _             
             (_)            
   __ _ _ __  _ _ __   __ _ 
  / _` | '_ \| | '_ \ / _` |
 | (_| | | | | | | | | (_| |
  \__, |_| |_|_|_| |_|\__,_|
   __/ |                    
  |___/                     

gnina v1.3 master:97fa6bc+   Built Oct  3 2024.
gnina is based on smina and AutoDock Vina.
Please cite appropriately.

Commandline: gnina --receptor Proteinas_preparadas/EGFR.pdbqt --ligand Bases_conjuntas/Targets/EGFR_MAPK1/EGFR_MAPK1_470.pdbqt --autobox_ligand Compuestos_preparados/EGFR.pdbqt --autobox_add 18 --exhaustiveness 16 --out docking/bases_conjuntas/EGFR_MAPK1_470_L_EGFR.pdbqt --log docking/bases_conjuntas/EGFR_MAPK1_470_L_EGFR.log
Using random seed: 668794374

mode |  affinity  |  intramol  |    CNN     |   CNN
     | (kcal/mol) | (kcal/mol) | pose score | affinity
-----+------------+------------+------------+----------
    1       -8.95       -0.60       0.6982      7.080
    2       -9.26       -0.01       0.6486      6.399
    3       -7.88       -0.79       0.6416      6.606
    4       -8.59       -0.24       0.5894      7.044
    5       -9.22        1.10       0.4343      6.517
    6       -8.29       -0.14       0.3965      5.934
    7       -8.02        0.93       0.3817      6.762
    8       -8.72       -0.72       0.3526      6.797
    9       -9.05       -0.86       0.3429      6.781
