              _             
             (_)            
   __ _ _ __  _ _ __   __ _ 
  / _` | '_ \| | '_ \ / _` |
 | (_| | | | | | | | | (_| |
  \__, |_| |_|_|_| |_|\__,_|
   __/ |                    
  |___/                     

gnina v1.3 master:97fa6bc+   Built Oct  3 2024.
gnina is based on smina and AutoDock Vina.
Please cite appropriately.

Commandline: gnina --receptor Proteinas_preparadas/MAPK1.pdbqt --ligand Bases_conjuntas/Targets/EGFR_MAPK1/EGFR_MAPK1_912.pdbqt --autobox_ligand Compuestos_preparados/MAPK1.pdbqt --autobox_add 18 --exhaustiveness 16 --out docking/bases_conjuntas/EGFR_MAPK1_912_L_MAPK1.pdbqt --log docking/bases_conjuntas/EGFR_MAPK1_912_L_MAPK1.log
Using random seed: -862857544

mode |  affinity  |  intramol  |    CNN     |   CNN
     | (kcal/mol) | (kcal/mol) | pose score | affinity
-----+------------+------------+------------+----------
    1       -7.13       -1.65       0.4632      6.857
    2       -6.58       -1.61       0.3947      6.373
    3       -6.93       -2.11       0.3648      6.847
    4       -7.36        2.46       0.3623      6.967
    5       -6.48       -1.12       0.3294      6.672
    6       -7.73       -3.15       0.3273      6.907
    7       -7.30       -1.28       0.3196      7.019
    8       -6.47       -2.02       0.3005      6.296
    9       -7.29       -2.19       0.2731      6.700
