              _             
             (_)            
   __ _ _ __  _ _ __   __ _ 
  / _` | '_ \| | '_ \ / _` |
 | (_| | | | | | | | | (_| |
  \__, |_| |_|_|_| |_|\__,_|
   __/ |                    
  |___/                     

gnina v1.3 master:97fa6bc+   Built Oct  3 2024.
gnina is based on smina and AutoDock Vina.
Please cite appropriately.

Commandline: gnina --receptor Proteinas_preparadas/EGFR.pdbqt --ligand Bases_conjuntas/Targets/EGFR_MAPK1/EGFR_MAPK1_457.pdbqt --autobox_ligand Compuestos_preparados/EGFR.pdbqt --autobox_add 18 --exhaustiveness 16 --out docking/bases_conjuntas/EGFR_MAPK1_457_L_EGFR.pdbqt --log docking/bases_conjuntas/EGFR_MAPK1_457_L_EGFR.log
Using random seed: -348802656

mode |  affinity  |  intramol  |    CNN     |   CNN
     | (kcal/mol) | (kcal/mol) | pose score | affinity
-----+------------+------------+------------+----------
    1       -8.03       -0.24       0.6098      6.591
    2       -6.70        0.61       0.5108      5.634
    3       -6.58        0.35       0.5078      5.847
    4       -5.76       -0.13       0.5073      5.368
    5       -6.39       -0.24       0.3879      5.450
    6       -7.06       -0.25       0.3643      5.515
    7       -6.21       -0.24       0.3613      5.430
    8       -6.72       -0.24       0.3573      5.430
    9       -7.47        0.47       0.3370      5.242
