              _             
             (_)            
   __ _ _ __  _ _ __   __ _ 
  / _` | '_ \| | '_ \ / _` |
 | (_| | | | | | | | | (_| |
  \__, |_| |_|_|_| |_|\__,_|
   __/ |                    
  |___/                     

gnina v1.3 master:97fa6bc+   Built Oct  3 2024.
gnina is based on smina and AutoDock Vina.
Please cite appropriately.

Commandline: gnina --receptor Proteinas_preparadas/MAPK1.pdbqt --ligand Bases_conjuntas/Targets/EGFR_MAPK1/EGFR_MAPK1_678.pdbqt --autobox_ligand Compuestos_preparados/MAPK1.pdbqt --autobox_add 18 --exhaustiveness 16 --out docking/bases_conjuntas/EGFR_MAPK1_678_L_MAPK1.pdbqt --log docking/bases_conjuntas/EGFR_MAPK1_678_L_MAPK1.log
Using random seed: -2028176232

mode |  affinity  |  intramol  |    CNN     |   CNN
     | (kcal/mol) | (kcal/mol) | pose score | affinity
-----+------------+------------+------------+----------
    1       -7.86       -2.45       0.5407      7.609
    2       -7.86        2.60       0.4751      7.589
    3       -8.01       -1.05       0.4238      6.779
    4       -7.79       -0.58       0.4090      6.903
    5       -7.74       -0.66       0.3825      6.813
    6       -7.27       -0.95       0.3769      7.132
    7       -7.95        3.26       0.3730      7.708
    8       -8.46        0.74       0.3662      6.982
    9       -8.18       -0.70       0.3474      7.069
