              _             
             (_)            
   __ _ _ __  _ _ __   __ _ 
  / _` | '_ \| | '_ \ / _` |
 | (_| | | | | | | | | (_| |
  \__, |_| |_|_|_| |_|\__,_|
   __/ |                    
  |___/                     

gnina v1.3 master:97fa6bc+   Built Oct  3 2024.
gnina is based on smina and AutoDock Vina.
Please cite appropriately.

Commandline: gnina --receptor Proteinas_preparadas/MAPK1.pdbqt --ligand Bases_conjuntas/Targets/EGFR_MAPK1/EGFR_MAPK1_920.pdbqt --autobox_ligand Compuestos_preparados/MAPK1.pdbqt --autobox_add 18 --exhaustiveness 16 --out docking/bases_conjuntas/EGFR_MAPK1_920_L_MAPK1.pdbqt --log docking/bases_conjuntas/EGFR_MAPK1_920_L_MAPK1.log
Using random seed: 921928545

mode |  affinity  |  intramol  |    CNN     |   CNN
     | (kcal/mol) | (kcal/mol) | pose score | affinity
-----+------------+------------+------------+----------
    1       -8.18        1.64       0.5768      6.927
    2       -8.15        0.18       0.5249      6.834
    3       -9.84       -0.11       0.5042      6.854
    4       -8.58       -0.16       0.4990      6.475
    5       -7.89        0.21       0.4216      6.260
    6       -7.77       -0.35       0.4173      6.579
    7       -8.07        0.50       0.3962      6.062
    8       -9.07        0.21       0.3328      6.604
    9       -7.96       -0.30       0.3166      6.169
