              _             
             (_)            
   __ _ _ __  _ _ __   __ _ 
  / _` | '_ \| | '_ \ / _` |
 | (_| | | | | | | | | (_| |
  \__, |_| |_|_|_| |_|\__,_|
   __/ |                    
  |___/                     

gnina v1.3 master:97fa6bc+   Built Oct  3 2024.
gnina is based on smina and AutoDock Vina.
Please cite appropriately.

Commandline: gnina --receptor Proteinas_preparadas/EGFR.pdbqt --ligand Bases_conjuntas/Targets/EGFR_MAPK1/EGFR_MAPK1_87.pdbqt --autobox_ligand Compuestos_preparados/EGFR.pdbqt --autobox_add 18 --exhaustiveness 16 --out docking/bases_conjuntas/EGFR_MAPK1_87_L_EGFR.pdbqt --log docking/bases_conjuntas/EGFR_MAPK1_87_L_EGFR.log
Using random seed: -773092591

mode |  affinity  |  intramol  |    CNN     |   CNN
     | (kcal/mol) | (kcal/mol) | pose score | affinity
-----+------------+------------+------------+----------
    1       -8.90       -0.76       0.6306      7.163
    2       -9.94       -0.72       0.6122      7.600
    3       -9.99       -1.44       0.6052      7.983
    4       -8.99       -0.67       0.4290      6.967
    5       -8.07       -0.93       0.4189      6.531
    6       -9.24       -0.51       0.3367      6.075
    7       -7.76       -0.92       0.3316      5.793
    8       -7.62       -0.79       0.3229      5.949
    9       -8.34        0.31       0.3212      5.964
