              _             
             (_)            
   __ _ _ __  _ _ __   __ _ 
  / _` | '_ \| | '_ \ / _` |
 | (_| | | | | | | | | (_| |
  \__, |_| |_|_|_| |_|\__,_|
   __/ |                    
  |___/                     

gnina v1.3 master:97fa6bc+   Built Oct  3 2024.
gnina is based on smina and AutoDock Vina.
Please cite appropriately.

Commandline: gnina --receptor Proteinas_preparadas/EGFR.pdbqt --ligand Bases_conjuntas/Targets/EGFR_MAPK1/EGFR_MAPK1_751.pdbqt --autobox_ligand Compuestos_preparados/EGFR.pdbqt --autobox_add 18 --exhaustiveness 16 --out docking/bases_conjuntas/EGFR_MAPK1_751_L_EGFR.pdbqt --log docking/bases_conjuntas/EGFR_MAPK1_751_L_EGFR.log
Using random seed: 1095535409

mode |  affinity  |  intramol  |    CNN     |   CNN
     | (kcal/mol) | (kcal/mol) | pose score | affinity
-----+------------+------------+------------+----------
    1       -7.89       -1.22       0.4891      6.721
    2       -8.25       -0.79       0.4334      6.457
    3       -7.92       -0.90       0.4213      6.592
    4       -8.70       -0.42       0.4104      6.330
    5       -7.80       -0.91       0.3609      6.254
    6       -8.48        0.16       0.3259      6.279
    7       -7.99       -0.53       0.3149      6.518
    8       -8.67       -0.85       0.3092      6.394
    9       -8.34       -0.68       0.2954      6.206
