              _             
             (_)            
   __ _ _ __  _ _ __   __ _ 
  / _` | '_ \| | '_ \ / _` |
 | (_| | | | | | | | | (_| |
  \__, |_| |_|_|_| |_|\__,_|
   __/ |                    
  |___/                     

gnina v1.3 master:97fa6bc+   Built Oct  3 2024.
gnina is based on smina and AutoDock Vina.
Please cite appropriately.

Commandline: gnina --receptor Proteinas_preparadas/MAPK1.pdbqt --ligand Bases_conjuntas/Targets/EGFR_MAPK1/EGFR_MAPK1_804.pdbqt --autobox_ligand Compuestos_preparados/MAPK1.pdbqt --autobox_add 18 --exhaustiveness 16 --out docking/bases_conjuntas/EGFR_MAPK1_804_L_MAPK1.pdbqt --log docking/bases_conjuntas/EGFR_MAPK1_804_L_MAPK1.log
Using random seed: -1427908017

mode |  affinity  |  intramol  |    CNN     |   CNN
     | (kcal/mol) | (kcal/mol) | pose score | affinity
-----+------------+------------+------------+----------
    1       -9.04       -0.18       0.7691      7.272
    2       -9.80        0.65       0.6304      7.590
    3       -9.25       -1.69       0.4574      7.458
    4      -10.03       -0.99       0.4417      7.348
    5       -8.44       -0.09       0.3979      7.339
    6       -8.35        0.38       0.3086      6.924
    7       -9.71        0.02       0.2656      6.545
    8       -8.69       -1.58       0.2618      6.489
    9       -9.00        0.75       0.2585      6.366
