              _             
             (_)            
   __ _ _ __  _ _ __   __ _ 
  / _` | '_ \| | '_ \ / _` |
 | (_| | | | | | | | | (_| |
  \__, |_| |_|_|_| |_|\__,_|
   __/ |                    
  |___/                     

gnina v1.3 master:97fa6bc+   Built Oct  3 2024.
gnina is based on smina and AutoDock Vina.
Please cite appropriately.

Commandline: gnina --receptor Proteinas_preparadas/EGFR.pdbqt --ligand Bases_conjuntas/Targets/EGFR_MAPK1/EGFR_MAPK1_368.pdbqt --autobox_ligand Compuestos_preparados/EGFR.pdbqt --autobox_add 18 --exhaustiveness 16 --cnn_scoring none --out docking/bases_conjuntas/EGFR_MAPK1_368_L_EGFR.pdbqt --log docking/bases_conjuntas/EGFR_MAPK1_368_L_EGFR.log
Using random seed: 817777552

mode |  affinity  |  intramol  |    CNN     |   CNN
     | (kcal/mol) | (kcal/mol) | pose score | affinity
-----+------------+------------+------------+----------
    1       -9.02       -0.82      -1.0000      0.000
    2       -8.53       -0.21      -1.0000      0.000
    3       -8.35        0.03      -1.0000      0.000
    4       -8.20        0.18      -1.0000      0.000
    5       -8.12       -0.47      -1.0000      0.000
    6       -8.08        6.66      -1.0000      0.000
    7       -7.72       -0.07      -1.0000      0.000
    8       -7.62       -1.08      -1.0000      0.000
    9       -7.57        6.17      -1.0000      0.000
