              _             
             (_)            
   __ _ _ __  _ _ __   __ _ 
  / _` | '_ \| | '_ \ / _` |
 | (_| | | | | | | | | (_| |
  \__, |_| |_|_|_| |_|\__,_|
   __/ |                    
  |___/                     

gnina v1.3 master:97fa6bc+   Built Oct  3 2024.
gnina is based on smina and AutoDock Vina.
Please cite appropriately.

Commandline: gnina --receptor Proteinas_preparadas/EGFR.pdbqt --ligand Bases_conjuntas/Targets/EGFR_MAPK1/EGFR_MAPK1_116.pdbqt --autobox_ligand Compuestos_preparados/EGFR.pdbqt --autobox_add 18 --exhaustiveness 16 --out docking/bases_conjuntas/EGFR_MAPK1_116_L_EGFR.pdbqt --log docking/bases_conjuntas/EGFR_MAPK1_116_L_EGFR.log
Using random seed: 1706432196

mode |  affinity  |  intramol  |    CNN     |   CNN
     | (kcal/mol) | (kcal/mol) | pose score | affinity
-----+------------+------------+------------+----------
    1       -9.06       -0.38       0.7513      6.798
    2       -9.11       -0.85       0.7048      6.887
    3       -8.10       -0.01       0.6053      5.865
    4       -8.31        0.02       0.5164      6.148
    5       -9.66       -0.12       0.4850      7.095
    6       -8.68       -0.80       0.4757      6.757
    7       -8.53       -0.63       0.4715      6.790
    8       -9.08       -0.79       0.4397      6.713
    9       -9.52       -0.91       0.3902      6.305
