              _             
             (_)            
   __ _ _ __  _ _ __   __ _ 
  / _` | '_ \| | '_ \ / _` |
 | (_| | | | | | | | | (_| |
  \__, |_| |_|_|_| |_|\__,_|
   __/ |                    
  |___/                     

gnina v1.3 master:97fa6bc+   Built Oct  3 2024.
gnina is based on smina and AutoDock Vina.
Please cite appropriately.

Commandline: gnina --receptor Proteinas_preparadas/EGFR.pdbqt --ligand Bases_conjuntas/Targets/EGFR_MAPK1/EGFR_MAPK1_515.pdbqt --autobox_ligand Compuestos_preparados/EGFR.pdbqt --autobox_add 18 --exhaustiveness 16 --cnn_scoring none --out docking/bases_conjuntas/EGFR_MAPK1_515_L_EGFR.pdbqt --log docking/bases_conjuntas/EGFR_MAPK1_515_L_EGFR.log
Using random seed: -1283170206

mode |  affinity  |  intramol  |    CNN     |   CNN
     | (kcal/mol) | (kcal/mol) | pose score | affinity
-----+------------+------------+------------+----------
    1       -8.87       -0.02      -1.0000      0.000
    2       -8.63        2.78      -1.0000      0.000
    3       -8.59       -0.39      -1.0000      0.000
    4       -8.52        0.37      -1.0000      0.000
    5       -8.23        1.18      -1.0000      0.000
    6       -8.17        0.20      -1.0000      0.000
    7       -8.17       -0.58      -1.0000      0.000
    8       -8.09        0.50      -1.0000      0.000
    9       -8.03        0.77      -1.0000      0.000
