              _             
             (_)            
   __ _ _ __  _ _ __   __ _ 
  / _` | '_ \| | '_ \ / _` |
 | (_| | | | | | | | | (_| |
  \__, |_| |_|_|_| |_|\__,_|
   __/ |                    
  |___/                     

gnina v1.3 master:97fa6bc+   Built Oct  3 2024.
gnina is based on smina and AutoDock Vina.
Please cite appropriately.

Commandline: gnina --receptor Proteinas_preparadas/MAPK1.pdbqt --ligand Bases_conjuntas/Targets/EGFR_MAPK1/EGFR_MAPK1_830.pdbqt --autobox_ligand Compuestos_preparados/MAPK1.pdbqt --autobox_add 18 --exhaustiveness 16 --out docking/bases_conjuntas/EGFR_MAPK1_830_L_MAPK1.pdbqt --log docking/bases_conjuntas/EGFR_MAPK1_830_L_MAPK1.log
Using random seed: -1514156976

mode |  affinity  |  intramol  |    CNN     |   CNN
     | (kcal/mol) | (kcal/mol) | pose score | affinity
-----+------------+------------+------------+----------
    1       -8.29        1.13       0.9534      7.160
    2       -9.04        1.47       0.8001      7.437
    3       -8.15       -0.68       0.7308      6.966
    4       -7.77        0.12       0.6870      6.925
    5       -9.00        0.47       0.5632      7.258
    6       -8.77        1.70       0.4703      7.379
    7       -9.73       -0.18       0.4268      6.813
    8       -8.00       -0.89       0.4222      6.610
    9       -8.07       -0.74       0.4113      6.733
