              _             
             (_)            
   __ _ _ __  _ _ __   __ _ 
  / _` | '_ \| | '_ \ / _` |
 | (_| | | | | | | | | (_| |
  \__, |_| |_|_|_| |_|\__,_|
   __/ |                    
  |___/                     

gnina v1.3 master:97fa6bc+   Built Oct  3 2024.
gnina is based on smina and AutoDock Vina.
Please cite appropriately.

Commandline: gnina --receptor Proteinas_preparadas/MAPK1.pdbqt --ligand Bases_conjuntas/Targets/EGFR_MAPK1/EGFR_MAPK1_241.pdbqt --autobox_ligand Compuestos_preparados/MAPK1.pdbqt --autobox_add 18 --exhaustiveness 16 --out docking/bases_conjuntas/EGFR_MAPK1_241_L_MAPK1.pdbqt --log docking/bases_conjuntas/EGFR_MAPK1_241_L_MAPK1.log
Using random seed: 1664552420

mode |  affinity  |  intramol  |    CNN     |   CNN
     | (kcal/mol) | (kcal/mol) | pose score | affinity
-----+------------+------------+------------+----------
    1      -11.62       -0.49       0.4696      8.198
    2       -8.20        0.73       0.4457      7.308
    3      -10.11       -0.08       0.3857      7.033
    4       -9.27       -0.41       0.3538      6.900
    5       -7.82       -0.09       0.3149      6.217
    6      -10.97       -0.05       0.2876      7.129
    7      -11.44        1.79       0.2306      7.666
    8       -8.00       -0.39       0.2246      6.362
    9       -7.97       -0.31       0.1933      6.453
