              _             
             (_)            
   __ _ _ __  _ _ __   __ _ 
  / _` | '_ \| | '_ \ / _` |
 | (_| | | | | | | | | (_| |
  \__, |_| |_|_|_| |_|\__,_|
   __/ |                    
  |___/                     

gnina v1.3 master:97fa6bc+   Built Oct  3 2024.
gnina is based on smina and AutoDock Vina.
Please cite appropriately.

Commandline: gnina --receptor Proteinas_preparadas/EGFR.pdbqt --ligand Bases_conjuntas/Targets/EGFR_MAPK1/EGFR_MAPK1_36.pdbqt --autobox_ligand Compuestos_preparados/EGFR.pdbqt --autobox_add 18 --exhaustiveness 16 --out docking/bases_conjuntas/EGFR_MAPK1_36_L_EGFR.pdbqt --log docking/bases_conjuntas/EGFR_MAPK1_36_L_EGFR.log
Using random seed: -1899846322

mode |  affinity  |  intramol  |    CNN     |   CNN
     | (kcal/mol) | (kcal/mol) | pose score | affinity
-----+------------+------------+------------+----------
    1       -8.04       -0.65       0.8195      6.847
    2       -8.34       -0.72       0.4593      6.721
    3       -7.92        1.10       0.4232      6.381
    4       -7.77       -0.92       0.3577      5.592
    5       -8.14       -0.67       0.2797      6.424
    6       -8.16       -0.52       0.2766      6.394
    7       -9.58       -0.13       0.2571      6.348
    8       -7.69        0.54       0.2454      5.776
    9       -9.01       -0.14       0.2394      6.560
