              _             
             (_)            
   __ _ _ __  _ _ __   __ _ 
  / _` | '_ \| | '_ \ / _` |
 | (_| | | | | | | | | (_| |
  \__, |_| |_|_|_| |_|\__,_|
   __/ |                    
  |___/                     

gnina v1.3 master:97fa6bc+   Built Oct  3 2024.
gnina is based on smina and AutoDock Vina.
Please cite appropriately.

Commandline: gnina --receptor Proteinas_preparadas/MAPK1.pdbqt --ligand Bases_conjuntas/Targets/EGFR_MAPK1/EGFR_MAPK1_722.pdbqt --autobox_ligand Compuestos_preparados/MAPK1.pdbqt --autobox_add 18 --exhaustiveness 16 --out docking/bases_conjuntas/EGFR_MAPK1_722_L_MAPK1.pdbqt --log docking/bases_conjuntas/EGFR_MAPK1_722_L_MAPK1.log
Using random seed: 1448508478

mode |  affinity  |  intramol  |    CNN     |   CNN
     | (kcal/mol) | (kcal/mol) | pose score | affinity
-----+------------+------------+------------+----------
    1       -6.95       -1.14       0.8666      7.126
    2       -7.93        3.20       0.7085      7.362
    3       -7.56        2.36       0.6655      7.298
    4       -8.48        0.73       0.6403      7.170
    5       -7.27       -2.13       0.6396      6.597
    6       -7.75       -1.48       0.6102      6.185
    7       -7.05       -1.91       0.6004      6.298
    8       -7.33        1.91       0.5631      6.202
    9       -8.13       -1.72       0.5521      7.099
