              _             
             (_)            
   __ _ _ __  _ _ __   __ _ 
  / _` | '_ \| | '_ \ / _` |
 | (_| | | | | | | | | (_| |
  \__, |_| |_|_|_| |_|\__,_|
   __/ |                    
  |___/                     

gnina v1.3 master:97fa6bc+   Built Oct  3 2024.
gnina is based on smina and AutoDock Vina.
Please cite appropriately.

Commandline: gnina --receptor Proteinas_preparadas/MAPK1.pdbqt --ligand Bases_conjuntas/Targets/EGFR_MAPK1/EGFR_MAPK1_135.pdbqt --autobox_ligand Compuestos_preparados/MAPK1.pdbqt --autobox_add 18 --exhaustiveness 16 --out docking/bases_conjuntas/EGFR_MAPK1_135_L_MAPK1.pdbqt --log docking/bases_conjuntas/EGFR_MAPK1_135_L_MAPK1.log
Using random seed: -483301638

mode |  affinity  |  intramol  |    CNN     |   CNN
     | (kcal/mol) | (kcal/mol) | pose score | affinity
-----+------------+------------+------------+----------
    1       -8.01       -1.38       0.4867      7.584
    2       -8.48       -0.53       0.4024      6.891
    3      -10.51       -0.09       0.2578      7.595
    4       -8.33       -1.71       0.1758      5.772
    5       -8.48        1.87       0.1684      5.631
    6       -8.19       -0.76       0.1666      4.784
    7       -8.36        1.54       0.1629      5.124
    8       -8.87       -1.12       0.1605      6.383
    9       -8.44       -0.80       0.1536      6.466
