              _             
             (_)            
   __ _ _ __  _ _ __   __ _ 
  / _` | '_ \| | '_ \ / _` |
 | (_| | | | | | | | | (_| |
  \__, |_| |_|_|_| |_|\__,_|
   __/ |                    
  |___/                     

gnina v1.3 master:97fa6bc+   Built Oct  3 2024.
gnina is based on smina and AutoDock Vina.
Please cite appropriately.

Commandline: gnina --receptor Proteinas_preparadas/EGFR.pdbqt --ligand Bases_conjuntas/Targets/EGFR_MAPK1/EGFR_MAPK1_223.pdbqt --autobox_ligand Compuestos_preparados/EGFR.pdbqt --autobox_add 18 --exhaustiveness 16 --cnn_scoring none --out docking/bases_conjuntas/EGFR_MAPK1_223_L_EGFR.pdbqt --log docking/bases_conjuntas/EGFR_MAPK1_223_L_EGFR.log
Using random seed: 893640302

mode |  affinity  |  intramol  |    CNN     |   CNN
     | (kcal/mol) | (kcal/mol) | pose score | affinity
-----+------------+------------+------------+----------
    1      -10.49       -0.73      -1.0000      0.000
    2      -10.32       -0.73      -1.0000      0.000
    3      -10.22        0.38      -1.0000      0.000
    4      -10.18        0.65      -1.0000      0.000
    5      -10.12       -1.59      -1.0000      0.000
    6      -10.11       -0.42      -1.0000      0.000
    7      -10.06        1.15      -1.0000      0.000
    8      -10.05       -0.17      -1.0000      0.000
    9      -10.05       -0.20      -1.0000      0.000
