              _             
             (_)            
   __ _ _ __  _ _ __   __ _ 
  / _` | '_ \| | '_ \ / _` |
 | (_| | | | | | | | | (_| |
  \__, |_| |_|_|_| |_|\__,_|
   __/ |                    
  |___/                     

gnina v1.3 master:97fa6bc+   Built Oct  3 2024.
gnina is based on smina and AutoDock Vina.
Please cite appropriately.

Commandline: gnina --receptor Proteinas_preparadas/MAPK1.pdbqt --ligand Bases_conjuntas/Targets/EGFR_MAPK1/EGFR_MAPK1_565.pdbqt --autobox_ligand Compuestos_preparados/MAPK1.pdbqt --autobox_add 18 --exhaustiveness 16 --out docking/bases_conjuntas/EGFR_MAPK1_565_L_MAPK1.pdbqt --log docking/bases_conjuntas/EGFR_MAPK1_565_L_MAPK1.log
Using random seed: 1457842179

mode |  affinity  |  intramol  |    CNN     |   CNN
     | (kcal/mol) | (kcal/mol) | pose score | affinity
-----+------------+------------+------------+----------
    1       -8.53        0.22       0.6101      6.427
    2       -8.17       -0.75       0.5954      6.901
    3       -8.13       -0.92       0.5858      6.709
    4       -9.52       -0.35       0.5601      6.704
    5       -9.46        0.08       0.4945      6.933
    6       -7.94       -0.09       0.4627      6.474
    7       -9.07        0.21       0.4562      6.683
    8       -7.88       -0.29       0.4445      6.556
    9       -7.95        1.03       0.4408      6.485
