              _             
             (_)            
   __ _ _ __  _ _ __   __ _ 
  / _` | '_ \| | '_ \ / _` |
 | (_| | | | | | | | | (_| |
  \__, |_| |_|_|_| |_|\__,_|
   __/ |                    
  |___/                     

gnina v1.3 master:97fa6bc+   Built Oct  3 2024.
gnina is based on smina and AutoDock Vina.
Please cite appropriately.

Commandline: gnina --receptor Proteinas_preparadas/MAPK1.pdbqt --ligand Bases_conjuntas/Targets/EGFR_MAPK1/EGFR_MAPK1_567.pdbqt --autobox_ligand Compuestos_preparados/MAPK1.pdbqt --autobox_add 18 --exhaustiveness 16 --out docking/bases_conjuntas/EGFR_MAPK1_567_L_MAPK1.pdbqt --log docking/bases_conjuntas/EGFR_MAPK1_567_L_MAPK1.log
Using random seed: 1195034052

mode |  affinity  |  intramol  |    CNN     |   CNN
     | (kcal/mol) | (kcal/mol) | pose score | affinity
-----+------------+------------+------------+----------
    1       -9.77        0.41       0.6978      6.922
    2       -8.64        0.36       0.5456      6.451
    3       -9.01       -0.51       0.5322      6.681
    4       -8.34       -0.56       0.5285      6.109
    5       -7.50       -0.61       0.4473      6.351
    6       -7.35       -0.67       0.4456      5.705
    7       -9.78        1.06       0.3807      6.484
    8       -7.50        0.23       0.3373      5.988
    9       -7.97       -0.57       0.3352      6.257
