              _             
             (_)            
   __ _ _ __  _ _ __   __ _ 
  / _` | '_ \| | '_ \ / _` |
 | (_| | | | | | | | | (_| |
  \__, |_| |_|_|_| |_|\__,_|
   __/ |                    
  |___/                     

gnina v1.3 master:97fa6bc+   Built Oct  3 2024.
gnina is based on smina and AutoDock Vina.
Please cite appropriately.

Commandline: gnina --receptor Proteinas_preparadas/EGFR.pdbqt --ligand Bases_conjuntas/Targets/EGFR_MAPK1/EGFR_MAPK1_149.pdbqt --autobox_ligand Compuestos_preparados/EGFR.pdbqt --autobox_add 18 --exhaustiveness 16 --out docking/bases_conjuntas/EGFR_MAPK1_149_L_EGFR.pdbqt --log docking/bases_conjuntas/EGFR_MAPK1_149_L_EGFR.log
Using random seed: 2145015391

mode |  affinity  |  intramol  |    CNN     |   CNN
     | (kcal/mol) | (kcal/mol) | pose score | affinity
-----+------------+------------+------------+----------
    1       -7.55       -0.62       0.8168      7.125
    2       -8.01       -0.99       0.7768      6.937
    3       -7.70       -0.73       0.6323      6.272
    4       -9.01       -0.98       0.4677      7.027
    5       -8.90       -0.12       0.3397      6.870
    6       -9.09       -1.36       0.2891      6.556
    7       -8.64        0.69       0.2804      6.464
    8       -7.81       -0.77       0.2462      5.879
    9       -9.04       -0.31       0.2436      6.181
