              _             
             (_)            
   __ _ _ __  _ _ __   __ _ 
  / _` | '_ \| | '_ \ / _` |
 | (_| | | | | | | | | (_| |
  \__, |_| |_|_|_| |_|\__,_|
   __/ |                    
  |___/                     

gnina v1.3 master:97fa6bc+   Built Oct  3 2024.
gnina is based on smina and AutoDock Vina.
Please cite appropriately.

Commandline: gnina --receptor Proteinas_preparadas/MAPK1.pdbqt --ligand Bases_conjuntas/Targets/EGFR_MAPK1/EGFR_MAPK1_1051.pdbqt --autobox_ligand Compuestos_preparados/MAPK1.pdbqt --autobox_add 18 --exhaustiveness 16 --out docking/bases_conjuntas/EGFR_MAPK1_1051_L_MAPK1.pdbqt --log docking/bases_conjuntas/EGFR_MAPK1_1051_L_MAPK1.log
Using random seed: -943666710

mode |  affinity  |  intramol  |    CNN     |   CNN
     | (kcal/mol) | (kcal/mol) | pose score | affinity
-----+------------+------------+------------+----------
    1       -7.52       -0.88       0.6927      6.947
    2       -6.69       -0.39       0.6157      7.226
    3      -10.20       -0.37       0.5955      6.983
    4       -9.33       -0.23       0.5809      6.863
    5       -6.77       -0.86       0.4891      5.905
    6       -9.12       -0.96       0.4889      6.909
    7       -6.78       -0.90       0.4812      6.214
    8       -7.22       -0.58       0.4646      6.630
    9       -9.21        0.02       0.4551      7.041
