              _             
             (_)            
   __ _ _ __  _ _ __   __ _ 
  / _` | '_ \| | '_ \ / _` |
 | (_| | | | | | | | | (_| |
  \__, |_| |_|_|_| |_|\__,_|
   __/ |                    
  |___/                     

gnina v1.3 master:97fa6bc+   Built Oct  3 2024.
gnina is based on smina and AutoDock Vina.
Please cite appropriately.

Commandline: gnina --receptor Proteinas_preparadas/EGFR.pdbqt --ligand Bases_conjuntas/Targets/EGFR_MAPK1/EGFR_MAPK1_753.pdbqt --autobox_ligand Compuestos_preparados/EGFR.pdbqt --autobox_add 18 --exhaustiveness 16 --out docking/bases_conjuntas/EGFR_MAPK1_753_L_EGFR.pdbqt --log docking/bases_conjuntas/EGFR_MAPK1_753_L_EGFR.log
Using random seed: -1285361752

mode |  affinity  |  intramol  |    CNN     |   CNN
     | (kcal/mol) | (kcal/mol) | pose score | affinity
-----+------------+------------+------------+----------
    1       -9.93        0.02       0.6530      7.463
    2       -7.55        0.94       0.4256      6.121
    3       -8.29       -0.74       0.4052      6.466
    4       -8.19        0.14       0.4037      6.424
    5       -8.48       -1.26       0.3976      6.785
    6       -8.30       -0.40       0.3486      6.258
    7       -8.29       -1.07       0.3446      6.119
    8       -8.84       -0.86       0.3168      6.654
    9       -8.65       -0.48       0.3094      6.128
