              _             
             (_)            
   __ _ _ __  _ _ __   __ _ 
  / _` | '_ \| | '_ \ / _` |
 | (_| | | | | | | | | (_| |
  \__, |_| |_|_|_| |_|\__,_|
   __/ |                    
  |___/                     

gnina v1.3 master:97fa6bc+   Built Oct  3 2024.
gnina is based on smina and AutoDock Vina.
Please cite appropriately.

Commandline: gnina --receptor Proteinas_preparadas/EGFR.pdbqt --ligand Bases_conjuntas/Targets/EGFR_MAPK1/EGFR_MAPK1_48.pdbqt --autobox_ligand Compuestos_preparados/EGFR.pdbqt --autobox_add 18 --exhaustiveness 16 --out docking/bases_conjuntas/EGFR_MAPK1_48_L_EGFR.pdbqt --log docking/bases_conjuntas/EGFR_MAPK1_48_L_EGFR.log
Using random seed: 2083309347

mode |  affinity  |  intramol  |    CNN     |   CNN
     | (kcal/mol) | (kcal/mol) | pose score | affinity
-----+------------+------------+------------+----------
    1       -8.98       -0.73       0.4288      6.618
    2      -10.17       -1.96       0.4009      7.640
    3       -9.26       -0.70       0.3812      6.271
    4       -8.53       -0.45       0.3459      6.628
    5       -9.06        0.07       0.3388      6.549
    6       -9.30       -1.07       0.3304      6.757
    7       -8.58       -0.89       0.3262      6.239
    8      -10.30       -2.11       0.2849      7.263
    9       -9.06       -0.68       0.2834      6.538
