              _             
             (_)            
   __ _ _ __  _ _ __   __ _ 
  / _` | '_ \| | '_ \ / _` |
 | (_| | | | | | | | | (_| |
  \__, |_| |_|_|_| |_|\__,_|
   __/ |                    
  |___/                     

gnina v1.3 master:97fa6bc+   Built Oct  3 2024.
gnina is based on smina and AutoDock Vina.
Please cite appropriately.

Commandline: gnina --receptor Proteinas_preparadas/EGFR.pdbqt --ligand Bases_conjuntas/Targets/EGFR_MAPK1/EGFR_MAPK1_884.pdbqt --autobox_ligand Compuestos_preparados/EGFR.pdbqt --autobox_add 18 --exhaustiveness 16 --out docking/bases_conjuntas/EGFR_MAPK1_884_L_EGFR.pdbqt --log docking/bases_conjuntas/EGFR_MAPK1_884_L_EGFR.log
Using random seed: -142181414

mode |  affinity  |  intramol  |    CNN     |   CNN
     | (kcal/mol) | (kcal/mol) | pose score | affinity
-----+------------+------------+------------+----------
    1       -8.37       -1.12       0.6171      6.714
    2       -8.45       -0.71       0.4067      6.064
    3       -9.16       -0.42       0.3461      7.041
    4       -8.19       -0.83       0.3322      6.131
    5       -7.77       -0.78       0.2974      6.655
    6      -10.07       -1.66       0.2139      7.306
    7       -9.93       -0.49       0.2119      7.526
    8       -7.88       -0.24       0.1951      6.145
    9       -9.47        0.90       0.1939      7.141
