              _             
             (_)            
   __ _ _ __  _ _ __   __ _ 
  / _` | '_ \| | '_ \ / _` |
 | (_| | | | | | | | | (_| |
  \__, |_| |_|_|_| |_|\__,_|
   __/ |                    
  |___/                     

gnina v1.3 master:97fa6bc+   Built Oct  3 2024.
gnina is based on smina and AutoDock Vina.
Please cite appropriately.

Commandline: gnina --receptor Proteinas_preparadas/MAPK1.pdbqt --ligand Bases_conjuntas/Targets/EGFR_MAPK1/EGFR_MAPK1_1050.pdbqt --autobox_ligand Compuestos_preparados/MAPK1.pdbqt --autobox_add 18 --exhaustiveness 16 --out docking/bases_conjuntas/EGFR_MAPK1_1050_L_MAPK1.pdbqt --log docking/bases_conjuntas/EGFR_MAPK1_1050_L_MAPK1.log
Using random seed: 40529805

mode |  affinity  |  intramol  |    CNN     |   CNN
     | (kcal/mol) | (kcal/mol) | pose score | affinity
-----+------------+------------+------------+----------
    1       -6.45       -0.55       0.6613      6.694
    2       -7.18       -0.79       0.5512      6.887
    3       -6.48        0.80       0.5344      5.955
    4       -7.08       -2.18       0.5339      6.416
    5       -7.03       -1.12       0.5184      6.655
    6       -6.34       -1.58       0.5156      6.553
    7       -7.17       -1.89       0.4486      6.587
    8       -6.77       -0.95       0.4206      6.490
    9       -6.52        5.09       0.3334      6.536
