              _             
             (_)            
   __ _ _ __  _ _ __   __ _ 
  / _` | '_ \| | '_ \ / _` |
 | (_| | | | | | | | | (_| |
  \__, |_| |_|_|_| |_|\__,_|
   __/ |                    
  |___/                     

gnina v1.3 master:97fa6bc+   Built Oct  3 2024.
gnina is based on smina and AutoDock Vina.
Please cite appropriately.

Commandline: gnina --receptor Proteinas_preparadas/MAPK1.pdbqt --ligand Bases_conjuntas/Targets/EGFR_MAPK1/EGFR_MAPK1_586.pdbqt --autobox_ligand Compuestos_preparados/MAPK1.pdbqt --autobox_add 18 --exhaustiveness 16 --out docking/bases_conjuntas/EGFR_MAPK1_586_L_MAPK1.pdbqt --log docking/bases_conjuntas/EGFR_MAPK1_586_L_MAPK1.log
Using random seed: 1209070579

mode |  affinity  |  intramol  |    CNN     |   CNN
     | (kcal/mol) | (kcal/mol) | pose score | affinity
-----+------------+------------+------------+----------
    1       -7.24        0.70       0.6563      6.898
    2       -9.49        1.17       0.6059      7.474
    3       -7.83       -0.35       0.5134      7.208
    4       -8.74       -0.64       0.5132      7.307
    5       -9.58        1.16       0.4809      7.150
    6       -8.36        0.45       0.4170      7.030
    7       -7.44        0.51       0.3367      6.731
    8       -7.74       -0.89       0.3298      6.707
    9       -9.05        0.19       0.3221      7.089
