              _             
             (_)            
   __ _ _ __  _ _ __   __ _ 
  / _` | '_ \| | '_ \ / _` |
 | (_| | | | | | | | | (_| |
  \__, |_| |_|_|_| |_|\__,_|
   __/ |                    
  |___/                     

gnina v1.3 master:97fa6bc+   Built Oct  3 2024.
gnina is based on smina and AutoDock Vina.
Please cite appropriately.

Commandline: gnina --receptor Proteinas_preparadas/MAPK1.pdbqt --ligand Bases_conjuntas/Targets/EGFR_MAPK1/EGFR_MAPK1_1032.pdbqt --autobox_ligand Compuestos_preparados/MAPK1.pdbqt --autobox_add 18 --exhaustiveness 16 --out docking/bases_conjuntas/EGFR_MAPK1_1032_L_MAPK1.pdbqt --log docking/bases_conjuntas/EGFR_MAPK1_1032_L_MAPK1.log
Using random seed: 1270675024

mode |  affinity  |  intramol  |    CNN     |   CNN
     | (kcal/mol) | (kcal/mol) | pose score | affinity
-----+------------+------------+------------+----------
    1      -10.17        2.68       0.7508      7.932
    2       -8.21        2.13       0.7447      7.032
    3       -8.17       -0.39       0.6574      6.957
    4       -8.93        0.52       0.5944      8.027
    5       -8.38        3.96       0.5353      7.259
    6       -9.55       -0.19       0.4493      7.041
    7       -8.41       -1.50       0.3938      7.801
    8       -7.58        0.37       0.3814      6.693
    9       -8.68        0.95       0.3705      6.726
