              _             
             (_)            
   __ _ _ __  _ _ __   __ _ 
  / _` | '_ \| | '_ \ / _` |
 | (_| | | | | | | | | (_| |
  \__, |_| |_|_|_| |_|\__,_|
   __/ |                    
  |___/                     

gnina v1.3 master:97fa6bc+   Built Oct  3 2024.
gnina is based on smina and AutoDock Vina.
Please cite appropriately.

Commandline: gnina --receptor Proteinas_preparadas/EGFR.pdbqt --ligand Bases_conjuntas/Targets/EGFR_MAPK1/EGFR_MAPK1_95.pdbqt --autobox_ligand Compuestos_preparados/EGFR.pdbqt --autobox_add 18 --exhaustiveness 16 --out docking/bases_conjuntas/EGFR_MAPK1_95_L_EGFR.pdbqt --log docking/bases_conjuntas/EGFR_MAPK1_95_L_EGFR.log
Using random seed: -2137067198

mode |  affinity  |  intramol  |    CNN     |   CNN
     | (kcal/mol) | (kcal/mol) | pose score | affinity
-----+------------+------------+------------+----------
    1       -7.25       -0.80       0.4145      6.460
    2       -7.91       -1.53       0.2594      6.327
    3       -7.27       -1.68       0.2461      5.892
    4       -7.17       -1.00       0.2333      5.979
    5       -7.50       -1.49       0.2265      6.276
    6       -6.99       -1.54       0.2190      6.025
    7       -7.33       -1.82       0.1872      5.979
    8       -8.01       -2.68       0.1812      6.770
    9       -7.66       -2.18       0.1759      6.017
