              _             
             (_)            
   __ _ _ __  _ _ __   __ _ 
  / _` | '_ \| | '_ \ / _` |
 | (_| | | | | | | | | (_| |
  \__, |_| |_|_|_| |_|\__,_|
   __/ |                    
  |___/                     

gnina v1.3 master:97fa6bc+   Built Oct  3 2024.
gnina is based on smina and AutoDock Vina.
Please cite appropriately.

Commandline: gnina --receptor Proteinas_preparadas/MAPK1.pdbqt --ligand Bases_conjuntas/Targets/EGFR_MAPK1/EGFR_MAPK1_430.pdbqt --autobox_ligand Compuestos_preparados/MAPK1.pdbqt --autobox_add 18 --exhaustiveness 16 --cnn_scoring none --out docking/bases_conjuntas/EGFR_MAPK1_430_L_MAPK1.pdbqt --log docking/bases_conjuntas/EGFR_MAPK1_430_L_MAPK1.log
Using random seed: -1507621766

mode |  affinity  |  intramol  |    CNN     |   CNN
     | (kcal/mol) | (kcal/mol) | pose score | affinity
-----+------------+------------+------------+----------
    1       -9.88       -0.50      -1.0000      0.000
    2       -9.68        0.51      -1.0000      0.000
    3       -9.52        0.23      -1.0000      0.000
    4       -9.41       -0.53      -1.0000      0.000
    5       -9.19        0.12      -1.0000      0.000
    6       -8.93       -0.09      -1.0000      0.000
    7       -8.91       -0.31      -1.0000      0.000
    8       -8.63       -0.85      -1.0000      0.000
    9       -8.58       -0.40      -1.0000      0.000
