              _             
             (_)            
   __ _ _ __  _ _ __   __ _ 
  / _` | '_ \| | '_ \ / _` |
 | (_| | | | | | | | | (_| |
  \__, |_| |_|_|_| |_|\__,_|
   __/ |                    
  |___/                     

gnina v1.3 master:97fa6bc+   Built Oct  3 2024.
gnina is based on smina and AutoDock Vina.
Please cite appropriately.

Commandline: gnina --receptor Proteinas_preparadas/EGFR.pdbqt --ligand Bases_conjuntas/Targets/EGFR_MAPK1/EGFR_MAPK1_403.pdbqt --autobox_ligand Compuestos_preparados/EGFR.pdbqt --autobox_add 18 --exhaustiveness 16 --cnn_scoring none --out docking/bases_conjuntas/EGFR_MAPK1_403_L_EGFR.pdbqt --log docking/bases_conjuntas/EGFR_MAPK1_403_L_EGFR.log
Using random seed: -1718428412

mode |  affinity  |  intramol  |    CNN     |   CNN
     | (kcal/mol) | (kcal/mol) | pose score | affinity
-----+------------+------------+------------+----------
    1       -9.86       -0.38      -1.0000      0.000
    2       -9.48       -0.43      -1.0000      0.000
    3       -9.07       -0.33      -1.0000      0.000
    4       -9.05       -0.00      -1.0000      0.000
    5       -9.02       -0.50      -1.0000      0.000
    6       -8.96       -0.59      -1.0000      0.000
    7       -8.95       -0.75      -1.0000      0.000
    8       -8.91        0.27      -1.0000      0.000
    9       -8.84       -0.66      -1.0000      0.000
