              _             
             (_)            
   __ _ _ __  _ _ __   __ _ 
  / _` | '_ \| | '_ \ / _` |
 | (_| | | | | | | | | (_| |
  \__, |_| |_|_|_| |_|\__,_|
   __/ |                    
  |___/                     

gnina v1.3 master:97fa6bc+   Built Oct  3 2024.
gnina is based on smina and AutoDock Vina.
Please cite appropriately.

Commandline: gnina --receptor Proteinas_preparadas/MAPK1.pdbqt --ligand Bases_conjuntas/Targets/EGFR_MAPK1/EGFR_MAPK1_828.pdbqt --autobox_ligand Compuestos_preparados/MAPK1.pdbqt --autobox_add 18 --exhaustiveness 16 --out docking/bases_conjuntas/EGFR_MAPK1_828_L_MAPK1.pdbqt --log docking/bases_conjuntas/EGFR_MAPK1_828_L_MAPK1.log
Using random seed: -1907776716

mode |  affinity  |  intramol  |    CNN     |   CNN
     | (kcal/mol) | (kcal/mol) | pose score | affinity
-----+------------+------------+------------+----------
    1       -8.40       -0.53       0.3560      7.024
    2       -8.93        1.02       0.3164      7.197
    3       -8.54       -1.46       0.2809      7.520
    4       -8.62       -0.92       0.2362      7.083
    5       -8.07        0.23       0.2014      5.805
    6       -7.30       -1.02       0.1999      6.166
    7       -8.17        0.17       0.1996      6.556
    8       -8.43       -0.23       0.1909      5.924
    9       -9.87        0.28       0.1875      6.906
