              _             
             (_)            
   __ _ _ __  _ _ __   __ _ 
  / _` | '_ \| | '_ \ / _` |
 | (_| | | | | | | | | (_| |
  \__, |_| |_|_|_| |_|\__,_|
   __/ |                    
  |___/                     

gnina v1.3 master:97fa6bc+   Built Oct  3 2024.
gnina is based on smina and AutoDock Vina.
Please cite appropriately.

Commandline: gnina --receptor Proteinas_preparadas/EGFR.pdbqt --ligand Bases_conjuntas/Targets/EGFR_MAPK1/EGFR_MAPK1_480.pdbqt --autobox_ligand Compuestos_preparados/EGFR.pdbqt --autobox_add 18 --exhaustiveness 16 --out docking/bases_conjuntas/EGFR_MAPK1_480_L_EGFR.pdbqt --log docking/bases_conjuntas/EGFR_MAPK1_480_L_EGFR.log
Using random seed: 233329412

mode |  affinity  |  intramol  |    CNN     |   CNN
     | (kcal/mol) | (kcal/mol) | pose score | affinity
-----+------------+------------+------------+----------
    1       -9.46       -1.03       0.6101      6.547
    2      -10.11       -0.90       0.5171      6.659
    3       -8.59       -1.03       0.4726      6.892
    4       -7.49       -0.92       0.4664      5.627
    5       -7.58       -0.97       0.4464      6.495
    6       -8.92       -1.09       0.4377      6.513
    7       -7.38       -0.91       0.4010      5.817
    8       -7.04       -0.84       0.3530      5.816
    9       -9.33       -0.30       0.3447      6.424
