              _             
             (_)            
   __ _ _ __  _ _ __   __ _ 
  / _` | '_ \| | '_ \ / _` |
 | (_| | | | | | | | | (_| |
  \__, |_| |_|_|_| |_|\__,_|
   __/ |                    
  |___/                     

gnina v1.3 master:97fa6bc+   Built Oct  3 2024.
gnina is based on smina and AutoDock Vina.
Please cite appropriately.

Commandline: gnina --receptor Proteinas_preparadas/MAPK1.pdbqt --ligand Bases_conjuntas/Targets/EGFR_MAPK1/EGFR_MAPK1_787.pdbqt --autobox_ligand Compuestos_preparados/MAPK1.pdbqt --autobox_add 18 --exhaustiveness 16 --out docking/bases_conjuntas/EGFR_MAPK1_787_L_MAPK1.pdbqt --log docking/bases_conjuntas/EGFR_MAPK1_787_L_MAPK1.log
Using random seed: -1448377382

mode |  affinity  |  intramol  |    CNN     |   CNN
     | (kcal/mol) | (kcal/mol) | pose score | affinity
-----+------------+------------+------------+----------
    1       -8.27       -0.20       0.5644      6.884
    2       -9.70        1.06       0.5312      7.487
    3      -10.40       -1.13       0.5301      7.184
    4       -7.88       -0.82       0.4800      5.939
    5       -9.82        0.70       0.4636      7.225
    6       -8.42        0.49       0.4182      7.034
    7       -9.35       -0.73       0.3991      7.089
    8       -7.44        4.49       0.3910      5.914
    9       -7.18       -1.04       0.3775      6.085
