              _             
             (_)            
   __ _ _ __  _ _ __   __ _ 
  / _` | '_ \| | '_ \ / _` |
 | (_| | | | | | | | | (_| |
  \__, |_| |_|_|_| |_|\__,_|
   __/ |                    
  |___/                     

gnina v1.3 master:97fa6bc+   Built Oct  3 2024.
gnina is based on smina and AutoDock Vina.
Please cite appropriately.

Commandline: gnina --receptor Proteinas_preparadas/EGFR.pdbqt --ligand Bases_conjuntas/Targets/EGFR_MAPK1/EGFR_MAPK1_608.pdbqt --autobox_ligand Compuestos_preparados/EGFR.pdbqt --autobox_add 18 --exhaustiveness 16 --out docking/bases_conjuntas/EGFR_MAPK1_608_L_EGFR.pdbqt --log docking/bases_conjuntas/EGFR_MAPK1_608_L_EGFR.log
Using random seed: 1942329230

mode |  affinity  |  intramol  |    CNN     |   CNN
     | (kcal/mol) | (kcal/mol) | pose score | affinity
-----+------------+------------+------------+----------
    1       -6.60       -0.14       0.3862      5.428
    2       -6.45       -0.17       0.3627      5.398
    3       -6.70       -0.20       0.3516      5.652
    4       -7.89       -0.25       0.2442      5.476
    5       -6.80       -0.24       0.2379      5.259
    6       -6.45       -0.24       0.2355      5.111
    7       -6.79       -0.32       0.2280      5.061
    8       -6.91       -0.22       0.2136      5.114
    9       -6.85       -0.25       0.2020      5.194
