              _             
             (_)            
   __ _ _ __  _ _ __   __ _ 
  / _` | '_ \| | '_ \ / _` |
 | (_| | | | | | | | | (_| |
  \__, |_| |_|_|_| |_|\__,_|
   __/ |                    
  |___/                     

gnina v1.3 master:97fa6bc+   Built Oct  3 2024.
gnina is based on smina and AutoDock Vina.
Please cite appropriately.

Commandline: gnina --receptor Proteinas_preparadas/EGFR.pdbqt --ligand Bases_conjuntas/Targets/EGFR_MAPK1/EGFR_MAPK1_37.pdbqt --autobox_ligand Compuestos_preparados/EGFR.pdbqt --autobox_add 18 --exhaustiveness 16 --out docking/bases_conjuntas/EGFR_MAPK1_37_L_EGFR.pdbqt --log docking/bases_conjuntas/EGFR_MAPK1_37_L_EGFR.log
Using random seed: 2055791212

mode |  affinity  |  intramol  |    CNN     |   CNN
     | (kcal/mol) | (kcal/mol) | pose score | affinity
-----+------------+------------+------------+----------
    1       -7.85       -1.12       0.3335      6.546
    2       -8.36        0.91       0.3317      6.429
    3       -6.69       -1.80       0.2795      6.380
    4       -7.00       -0.96       0.2772      6.275
    5       -6.69       -1.96       0.2021      6.131
    6       -8.02       -2.06       0.2013      5.977
    7       -6.80       -1.50       0.1963      5.558
    8       -6.86       -1.16       0.1749      6.143
    9       -8.15       -1.70       0.1745      6.146
