              _             
             (_)            
   __ _ _ __  _ _ __   __ _ 
  / _` | '_ \| | '_ \ / _` |
 | (_| | | | | | | | | (_| |
  \__, |_| |_|_|_| |_|\__,_|
   __/ |                    
  |___/                     

gnina v1.3 master:97fa6bc+   Built Oct  3 2024.
gnina is based on smina and AutoDock Vina.
Please cite appropriately.

Commandline: gnina --receptor Proteinas_preparadas/MAPK1.pdbqt --ligand Bases_conjuntas/Targets/EGFR_MAPK1/EGFR_MAPK1_1122.pdbqt --autobox_ligand Compuestos_preparados/MAPK1.pdbqt --autobox_add 18 --exhaustiveness 16 --out docking/bases_conjuntas/EGFR_MAPK1_1122_L_MAPK1.pdbqt --log docking/bases_conjuntas/EGFR_MAPK1_1122_L_MAPK1.log
Using random seed: -1164069261

mode |  affinity  |  intramol  |    CNN     |   CNN
     | (kcal/mol) | (kcal/mol) | pose score | affinity
-----+------------+------------+------------+----------
    1       -7.68       -1.76       0.1216      6.118
    2       -9.05       -1.27       0.1147      6.981
    3       -7.49       -1.13       0.1068      6.778
    4       -9.50        0.11       0.0974      7.266
    5       -8.37       -0.44       0.0968      6.515
    6       -7.51        0.17       0.0949      6.494
    7       -8.18       -2.98       0.0905      6.931
    8       -8.31       -2.15       0.0850      5.882
    9       -7.33       -1.19       0.0817      6.232
