              _             
             (_)            
   __ _ _ __  _ _ __   __ _ 
  / _` | '_ \| | '_ \ / _` |
 | (_| | | | | | | | | (_| |
  \__, |_| |_|_|_| |_|\__,_|
   __/ |                    
  |___/                     

gnina v1.3 master:97fa6bc+   Built Oct  3 2024.
gnina is based on smina and AutoDock Vina.
Please cite appropriately.

Commandline: gnina --receptor Proteinas_preparadas/EGFR.pdbqt --ligand Bases_conjuntas/Targets/EGFR_MAPK1/EGFR_MAPK1_786.pdbqt --autobox_ligand Compuestos_preparados/EGFR.pdbqt --autobox_add 18 --exhaustiveness 16 --out docking/bases_conjuntas/EGFR_MAPK1_786_L_EGFR.pdbqt --log docking/bases_conjuntas/EGFR_MAPK1_786_L_EGFR.log
Using random seed: 589520352

mode |  affinity  |  intramol  |    CNN     |   CNN
     | (kcal/mol) | (kcal/mol) | pose score | affinity
-----+------------+------------+------------+----------
    1       -8.15        0.10       0.6854      7.387
    2       -7.81        0.66       0.6283      6.372
    3       -8.50        0.06       0.5538      7.075
    4       -8.12        0.63       0.5538      6.376
    5       -7.78       -0.82       0.3986      6.314
    6       -8.22       -1.15       0.3762      6.514
    7       -8.84       -0.53       0.3380      7.254
    8       -8.03       -1.21       0.3082      5.966
    9       -7.78       -0.85       0.3063      6.198
