              _             
             (_)            
   __ _ _ __  _ _ __   __ _ 
  / _` | '_ \| | '_ \ / _` |
 | (_| | | | | | | | | (_| |
  \__, |_| |_|_|_| |_|\__,_|
   __/ |                    
  |___/                     

gnina v1.3 master:97fa6bc+   Built Oct  3 2024.
gnina is based on smina and AutoDock Vina.
Please cite appropriately.

Commandline: gnina --receptor Proteinas_preparadas/EGFR.pdbqt --ligand Bases_conjuntas/Targets/EGFR_MAPK1/EGFR_MAPK1_209.pdbqt --autobox_ligand Compuestos_preparados/EGFR.pdbqt --autobox_add 18 --exhaustiveness 16 --out docking/bases_conjuntas/EGFR_MAPK1_209_L_EGFR.pdbqt --log docking/bases_conjuntas/EGFR_MAPK1_209_L_EGFR.log
Using random seed: 1973158964

mode |  affinity  |  intramol  |    CNN     |   CNN
     | (kcal/mol) | (kcal/mol) | pose score | affinity
-----+------------+------------+------------+----------
    1       -7.74       -0.50       0.6058      7.466
    2       -7.98       -0.55       0.5793      7.145
    3       -9.40       -0.58       0.5263      7.534
    4       -8.00       -0.58       0.3155      6.682
    5       -8.63       -0.48       0.3032      6.249
    6       -8.03       -0.57       0.2979      7.104
    7       -7.94       -0.58       0.2928      6.715
    8       -7.89       -0.54       0.2818      6.816
    9       -8.75       -0.56       0.2656      6.702
