              _             
             (_)            
   __ _ _ __  _ _ __   __ _ 
  / _` | '_ \| | '_ \ / _` |
 | (_| | | | | | | | | (_| |
  \__, |_| |_|_|_| |_|\__,_|
   __/ |                    
  |___/                     

gnina v1.3 master:97fa6bc+   Built Oct  3 2024.
gnina is based on smina and AutoDock Vina.
Please cite appropriately.

Commandline: gnina --receptor Proteinas_preparadas/MAPK1.pdbqt --ligand Bases_conjuntas/Targets/EGFR_MAPK1/EGFR_MAPK1_202.pdbqt --autobox_ligand Compuestos_preparados/MAPK1.pdbqt --autobox_add 18 --exhaustiveness 16 --out docking/bases_conjuntas/EGFR_MAPK1_202_L_MAPK1.pdbqt --log docking/bases_conjuntas/EGFR_MAPK1_202_L_MAPK1.log
Using random seed: 1585888392

mode |  affinity  |  intramol  |    CNN     |   CNN
     | (kcal/mol) | (kcal/mol) | pose score | affinity
-----+------------+------------+------------+----------
    1       -9.26       -1.00       0.5283      7.020
    2       -7.79       -0.12       0.4003      6.610
    3       -9.28        0.29       0.3171      6.478
    4       -8.32       -0.04       0.3168      7.166
    5       -7.49       -0.93       0.2755      6.230
    6       -8.59        0.51       0.2747      6.460
    7       -9.18       -0.19       0.2579      6.569
    8       -8.25       -1.01       0.2559      6.350
    9       -7.77       -0.51       0.2489      6.682
