              _             
             (_)            
   __ _ _ __  _ _ __   __ _ 
  / _` | '_ \| | '_ \ / _` |
 | (_| | | | | | | | | (_| |
  \__, |_| |_|_|_| |_|\__,_|
   __/ |                    
  |___/                     

gnina v1.3 master:97fa6bc+   Built Oct  3 2024.
gnina is based on smina and AutoDock Vina.
Please cite appropriately.

Commandline: gnina --receptor Proteinas_preparadas/MAPK1.pdbqt --ligand Bases_conjuntas/Targets/EGFR_MAPK1/EGFR_MAPK1_698.pdbqt --autobox_ligand Compuestos_preparados/MAPK1.pdbqt --autobox_add 18 --exhaustiveness 16 --out docking/bases_conjuntas/EGFR_MAPK1_698_L_MAPK1.pdbqt --log docking/bases_conjuntas/EGFR_MAPK1_698_L_MAPK1.log
Using random seed: -960513144

mode |  affinity  |  intramol  |    CNN     |   CNN
     | (kcal/mol) | (kcal/mol) | pose score | affinity
-----+------------+------------+------------+----------
    1       -7.26        0.13       0.7701      6.336
    2       -7.50       -0.90       0.7503      6.689
    3       -6.65       -0.91       0.6636      6.473
    4       -6.67       -1.12       0.6178      6.674
    5       -6.69       -0.76       0.5504      5.969
    6       -9.73       -0.34       0.4846      7.071
    7       -8.04       -0.87       0.4720      6.025
    8       -6.86        0.38       0.4705      6.208
    9       -8.93       -0.54       0.4442      6.803
