              _             
             (_)            
   __ _ _ __  _ _ __   __ _ 
  / _` | '_ \| | '_ \ / _` |
 | (_| | | | | | | | | (_| |
  \__, |_| |_|_|_| |_|\__,_|
   __/ |                    
  |___/                     

gnina v1.3 master:97fa6bc+   Built Oct  3 2024.
gnina is based on smina and AutoDock Vina.
Please cite appropriately.

Commandline: gnina --receptor Proteinas_preparadas/MAPK1.pdbqt --ligand Bases_conjuntas/Targets/EGFR_MAPK1/EGFR_MAPK1_576.pdbqt --autobox_ligand Compuestos_preparados/MAPK1.pdbqt --autobox_add 18 --exhaustiveness 16 --out docking/bases_conjuntas/EGFR_MAPK1_576_L_MAPK1.pdbqt --log docking/bases_conjuntas/EGFR_MAPK1_576_L_MAPK1.log
Using random seed: -1225642686

mode |  affinity  |  intramol  |    CNN     |   CNN
     | (kcal/mol) | (kcal/mol) | pose score | affinity
-----+------------+------------+------------+----------
    1       -6.27       -0.11       0.5640      6.327
    2       -7.76       -0.79       0.4982      6.296
    3       -6.28       -1.07       0.3815      5.988
    4       -7.49       -0.82       0.3799      6.139
    5       -7.71       -0.92       0.3234      6.060
    6       -7.43       -1.19       0.2992      6.043
    7       -6.42       -1.21       0.2952      6.040
    8       -6.47       -0.86       0.2862      5.589
    9       -7.79       -0.06       0.2849      6.432
