              _             
             (_)            
   __ _ _ __  _ _ __   __ _ 
  / _` | '_ \| | '_ \ / _` |
 | (_| | | | | | | | | (_| |
  \__, |_| |_|_|_| |_|\__,_|
   __/ |                    
  |___/                     

gnina v1.3 master:97fa6bc+   Built Oct  3 2024.
gnina is based on smina and AutoDock Vina.
Please cite appropriately.

Commandline: gnina --receptor Proteinas_preparadas/EGFR.pdbqt --ligand Bases_conjuntas/Targets/EGFR_MAPK1/EGFR_MAPK1_1017.pdbqt --autobox_ligand Compuestos_preparados/EGFR.pdbqt --autobox_add 18 --exhaustiveness 16 --out docking/bases_conjuntas/EGFR_MAPK1_1017_L_EGFR.pdbqt --log docking/bases_conjuntas/EGFR_MAPK1_1017_L_EGFR.log
Using random seed: -592025644

mode |  affinity  |  intramol  |    CNN     |   CNN
     | (kcal/mol) | (kcal/mol) | pose score | affinity
-----+------------+------------+------------+----------
    1       -8.75       -0.24       0.5783      6.685
    2       -7.58       -0.10       0.5747      6.564
    3       -8.74        0.61       0.4845      6.559
    4       -8.91        0.15       0.4825      6.787
    5       -7.55       -1.27       0.4475      6.107
    6       -8.07       -0.97       0.4368      6.604
    7       -7.58        0.21       0.4046      6.510
    8       -7.66       -0.72       0.3835      6.603
    9       -7.26       -0.90       0.3775      6.251
