              _             
             (_)            
   __ _ _ __  _ _ __   __ _ 
  / _` | '_ \| | '_ \ / _` |
 | (_| | | | | | | | | (_| |
  \__, |_| |_|_|_| |_|\__,_|
   __/ |                    
  |___/                     

gnina v1.3 master:97fa6bc+   Built Oct  3 2024.
gnina is based on smina and AutoDock Vina.
Please cite appropriately.

Commandline: gnina --receptor Proteinas_preparadas/MAPK1.pdbqt --ligand Bases_conjuntas/Targets/EGFR_MAPK1/EGFR_MAPK1_870.pdbqt --autobox_ligand Compuestos_preparados/MAPK1.pdbqt --autobox_add 18 --exhaustiveness 16 --out docking/bases_conjuntas/EGFR_MAPK1_870_L_MAPK1.pdbqt --log docking/bases_conjuntas/EGFR_MAPK1_870_L_MAPK1.log
Using random seed: 301855738

mode |  affinity  |  intramol  |    CNN     |   CNN
     | (kcal/mol) | (kcal/mol) | pose score | affinity
-----+------------+------------+------------+----------
    1       -8.80       -0.85       0.6819      7.216
    2       -9.47       -0.00       0.6798      7.154
    3       -8.30       -0.55       0.5878      6.754
    4       -6.95       -0.53       0.5468      5.849
    5       -7.88        0.82       0.5457      6.486
    6       -6.58       -0.28       0.4766      6.189
    7       -7.02       -0.13       0.4712      6.618
    8       -7.24        0.32       0.4643      5.976
    9       -7.15       -1.10       0.4508      6.460
