              _             
             (_)            
   __ _ _ __  _ _ __   __ _ 
  / _` | '_ \| | '_ \ / _` |
 | (_| | | | | | | | | (_| |
  \__, |_| |_|_|_| |_|\__,_|
   __/ |                    
  |___/                     

gnina v1.3 master:97fa6bc+   Built Oct  3 2024.
gnina is based on smina and AutoDock Vina.
Please cite appropriately.

Commandline: gnina --receptor Proteinas_preparadas/EGFR.pdbqt --ligand Bases_conjuntas/Targets/EGFR_MAPK1/EGFR_MAPK1_1006.pdbqt --autobox_ligand Compuestos_preparados/EGFR.pdbqt --autobox_add 18 --exhaustiveness 16 --out docking/bases_conjuntas/EGFR_MAPK1_1006_L_EGFR.pdbqt --log docking/bases_conjuntas/EGFR_MAPK1_1006_L_EGFR.log
Using random seed: 797572043

mode |  affinity  |  intramol  |    CNN     |   CNN
     | (kcal/mol) | (kcal/mol) | pose score | affinity
-----+------------+------------+------------+----------
    1       -8.05       -0.49       0.4948      6.997
    2       -8.73       -1.99       0.4770      7.127
    3       -6.71       -0.40       0.4738      6.617
    4       -6.79       -0.14       0.4093      6.305
    5       -6.35       -1.78       0.3555      6.262
    6       -8.55       -0.20       0.3047      6.005
    7       -6.90       -0.51       0.2921      6.012
    8       -6.29       -1.34       0.2897      6.004
    9       -7.71       -1.56       0.2700      6.589
