              _             
             (_)            
   __ _ _ __  _ _ __   __ _ 
  / _` | '_ \| | '_ \ / _` |
 | (_| | | | | | | | | (_| |
  \__, |_| |_|_|_| |_|\__,_|
   __/ |                    
  |___/                     

gnina v1.3 master:97fa6bc+   Built Oct  3 2024.
gnina is based on smina and AutoDock Vina.
Please cite appropriately.

Commandline: gnina --receptor Proteinas_preparadas/MAPK1.pdbqt --ligand Bases_conjuntas/Targets/EGFR_MAPK1/EGFR_MAPK1_603.pdbqt --autobox_ligand Compuestos_preparados/MAPK1.pdbqt --autobox_add 18 --exhaustiveness 16 --out docking/bases_conjuntas/EGFR_MAPK1_603_L_MAPK1.pdbqt --log docking/bases_conjuntas/EGFR_MAPK1_603_L_MAPK1.log
Using random seed: 1428032669

mode |  affinity  |  intramol  |    CNN     |   CNN
     | (kcal/mol) | (kcal/mol) | pose score | affinity
-----+------------+------------+------------+----------
    1       -9.81        3.42       0.8721      7.428
    2       -8.56        1.92       0.8099      7.531
    3      -10.46       -0.84       0.7110      7.422
    4       -9.80        0.51       0.6383      7.171
    5       -9.03       -0.59       0.5732      7.115
    6      -10.17        0.45       0.5600      7.168
    7       -8.31       -1.01       0.5375      7.068
    8       -7.69       -0.51       0.5137      6.370
    9       -9.58        0.07       0.3872      6.600
