              _             
             (_)            
   __ _ _ __  _ _ __   __ _ 
  / _` | '_ \| | '_ \ / _` |
 | (_| | | | | | | | | (_| |
  \__, |_| |_|_|_| |_|\__,_|
   __/ |                    
  |___/                     

gnina v1.3 master:97fa6bc+   Built Oct  3 2024.
gnina is based on smina and AutoDock Vina.
Please cite appropriately.

Commandline: gnina --receptor Proteinas_preparadas/EGFR.pdbqt --ligand Bases_conjuntas/Targets/EGFR_MAPK1/EGFR_MAPK1_461.pdbqt --autobox_ligand Compuestos_preparados/EGFR.pdbqt --autobox_add 18 --exhaustiveness 16 --cnn_scoring none --out docking/bases_conjuntas/EGFR_MAPK1_461_L_EGFR.pdbqt --log docking/bases_conjuntas/EGFR_MAPK1_461_L_EGFR.log
Using random seed: -587933534

mode |  affinity  |  intramol  |    CNN     |   CNN
     | (kcal/mol) | (kcal/mol) | pose score | affinity
-----+------------+------------+------------+----------
    1       -9.78        1.52      -1.0000      0.000
    2       -9.73        1.28      -1.0000      0.000
    3       -9.58       -0.19      -1.0000      0.000
    4       -9.56       -0.18      -1.0000      0.000
    5       -9.52        1.44      -1.0000      0.000
    6       -9.50       -0.15      -1.0000      0.000
    7       -9.41       -0.25      -1.0000      0.000
    8       -9.39       -0.58      -1.0000      0.000
    9       -9.36       -0.40      -1.0000      0.000
