              _             
             (_)            
   __ _ _ __  _ _ __   __ _ 
  / _` | '_ \| | '_ \ / _` |
 | (_| | | | | | | | | (_| |
  \__, |_| |_|_|_| |_|\__,_|
   __/ |                    
  |___/                     

gnina v1.3 master:97fa6bc+   Built Oct  3 2024.
gnina is based on smina and AutoDock Vina.
Please cite appropriately.

Commandline: gnina --receptor Proteinas_preparadas/EGFR.pdbqt --ligand Bases_conjuntas/Targets/EGFR_MAPK1/EGFR_MAPK1_361.pdbqt --autobox_ligand Compuestos_preparados/EGFR.pdbqt --autobox_add 18 --exhaustiveness 16 --cnn_scoring none --out docking/bases_conjuntas/EGFR_MAPK1_361_L_EGFR.pdbqt --log docking/bases_conjuntas/EGFR_MAPK1_361_L_EGFR.log
Using random seed: -1624707064

mode |  affinity  |  intramol  |    CNN     |   CNN
     | (kcal/mol) | (kcal/mol) | pose score | affinity
-----+------------+------------+------------+----------
    1       -9.83       -0.90      -1.0000      0.000
    2       -9.37       -1.11      -1.0000      0.000
    3       -9.36       -0.54      -1.0000      0.000
    4       -8.79       -1.71      -1.0000      0.000
    5       -8.71       -0.99      -1.0000      0.000
    6       -8.65       -0.18      -1.0000      0.000
    7       -8.56        0.32      -1.0000      0.000
    8       -8.33       -1.02      -1.0000      0.000
    9       -8.32        0.01      -1.0000      0.000
