              _             
             (_)            
   __ _ _ __  _ _ __   __ _ 
  / _` | '_ \| | '_ \ / _` |
 | (_| | | | | | | | | (_| |
  \__, |_| |_|_|_| |_|\__,_|
   __/ |                    
  |___/                     

gnina v1.3 master:97fa6bc+   Built Oct  3 2024.
gnina is based on smina and AutoDock Vina.
Please cite appropriately.

Commandline: gnina --receptor Proteinas_preparadas/MAPK1.pdbqt --ligand Bases_conjuntas/Targets/EGFR_MAPK1/EGFR_MAPK1_113.pdbqt --autobox_ligand Compuestos_preparados/MAPK1.pdbqt --autobox_add 18 --exhaustiveness 16 --out docking/bases_conjuntas/EGFR_MAPK1_113_L_MAPK1.pdbqt --log docking/bases_conjuntas/EGFR_MAPK1_113_L_MAPK1.log
Using random seed: -371127048

mode |  affinity  |  intramol  |    CNN     |   CNN
     | (kcal/mol) | (kcal/mol) | pose score | affinity
-----+------------+------------+------------+----------
    1       -7.96       -0.76       0.7233      6.173
    2       -7.98       -0.63       0.6874      6.503
    3       -9.39       -0.29       0.6585      6.513
    4       -7.99       -0.12       0.6548      6.685
    5       -8.39       -0.05       0.6009      6.659
    6       -8.83       -0.28       0.5216      6.676
    7       -8.40       -0.69       0.4571      6.712
    8       -9.79       -0.90       0.4433      6.853
    9       -7.65        0.22       0.4420      6.619
