              _             
             (_)            
   __ _ _ __  _ _ __   __ _ 
  / _` | '_ \| | '_ \ / _` |
 | (_| | | | | | | | | (_| |
  \__, |_| |_|_|_| |_|\__,_|
   __/ |                    
  |___/                     

gnina v1.3 master:97fa6bc+   Built Oct  3 2024.
gnina is based on smina and AutoDock Vina.
Please cite appropriately.

Commandline: gnina --receptor Proteinas_preparadas/EGFR.pdbqt --ligand Bases_conjuntas/Targets/EGFR_MAPK1/EGFR_MAPK1_779.pdbqt --autobox_ligand Compuestos_preparados/EGFR.pdbqt --autobox_add 18 --exhaustiveness 16 --out docking/bases_conjuntas/EGFR_MAPK1_779_L_EGFR.pdbqt --log docking/bases_conjuntas/EGFR_MAPK1_779_L_EGFR.log
Using random seed: 1794594091

mode |  affinity  |  intramol  |    CNN     |   CNN
     | (kcal/mol) | (kcal/mol) | pose score | affinity
-----+------------+------------+------------+----------
    1       -9.78        0.89       0.3857      7.096
    2       -8.68       -0.80       0.3823      6.441
    3       -9.95       -0.48       0.3761      7.321
    4       -9.89       -0.73       0.3126      7.041
    5       -8.46        0.01       0.2781      5.779
    6       -8.92       -0.89       0.2693      6.562
    7       -9.19       -0.71       0.2551      6.709
    8       -9.10       -0.78       0.2385      6.308
    9       -9.17       -1.09       0.2377      6.301
