              _             
             (_)            
   __ _ _ __  _ _ __   __ _ 
  / _` | '_ \| | '_ \ / _` |
 | (_| | | | | | | | | (_| |
  \__, |_| |_|_|_| |_|\__,_|
   __/ |                    
  |___/                     

gnina v1.3 master:97fa6bc+   Built Oct  3 2024.
gnina is based on smina and AutoDock Vina.
Please cite appropriately.

Commandline: gnina --receptor Proteinas_preparadas/MAPK1.pdbqt --ligand Bases_conjuntas/Targets/EGFR_MAPK1/EGFR_MAPK1_615.pdbqt --autobox_ligand Compuestos_preparados/MAPK1.pdbqt --autobox_add 18 --exhaustiveness 16 --out docking/bases_conjuntas/EGFR_MAPK1_615_L_MAPK1.pdbqt --log docking/bases_conjuntas/EGFR_MAPK1_615_L_MAPK1.log
Using random seed: 1883263328

mode |  affinity  |  intramol  |    CNN     |   CNN
     | (kcal/mol) | (kcal/mol) | pose score | affinity
-----+------------+------------+------------+----------
    1       -8.46        0.03       0.4811      7.073
    2       -8.32       -0.76       0.4120      6.535
    3       -8.94       -0.99       0.3171      6.959
    4       -7.57       -0.88       0.3051      5.593
    5      -10.99        0.19       0.2658      7.098
    6       -7.65       -1.09       0.2601      6.393
    7      -10.07       -0.82       0.2177      6.555
    8       -9.36        0.62       0.1986      6.345
    9       -8.64        0.81       0.1970      6.587
