              _             
             (_)            
   __ _ _ __  _ _ __   __ _ 
  / _` | '_ \| | '_ \ / _` |
 | (_| | | | | | | | | (_| |
  \__, |_| |_|_|_| |_|\__,_|
   __/ |                    
  |___/                     

gnina v1.3 master:97fa6bc+   Built Oct  3 2024.
gnina is based on smina and AutoDock Vina.
Please cite appropriately.

Commandline: gnina --receptor Proteinas_preparadas/MAPK1.pdbqt --ligand Bases_conjuntas/Targets/EGFR_MAPK1/EGFR_MAPK1_524.pdbqt --autobox_ligand Compuestos_preparados/MAPK1.pdbqt --autobox_add 18 --exhaustiveness 16 --cnn_scoring none --out docking/bases_conjuntas/EGFR_MAPK1_524_L_MAPK1.pdbqt --log docking/bases_conjuntas/EGFR_MAPK1_524_L_MAPK1.log
Using random seed: 776853546

mode |  affinity  |  intramol  |    CNN     |   CNN
     | (kcal/mol) | (kcal/mol) | pose score | affinity
-----+------------+------------+------------+----------
    1       -6.36       -0.21      -1.0000      0.000
    2       -6.27       -0.75      -1.0000      0.000
    3       -6.23       -0.66      -1.0000      0.000
    4       -6.21       -0.58      -1.0000      0.000
    5       -6.19       -0.86      -1.0000      0.000
    6       -6.19       -0.64      -1.0000      0.000
    7       -6.16       -0.60      -1.0000      0.000
    8       -6.11       -0.82      -1.0000      0.000
    9       -6.09       -0.89      -1.0000      0.000
