              _             
             (_)            
   __ _ _ __  _ _ __   __ _ 
  / _` | '_ \| | '_ \ / _` |
 | (_| | | | | | | | | (_| |
  \__, |_| |_|_|_| |_|\__,_|
   __/ |                    
  |___/                     

gnina v1.3 master:97fa6bc+   Built Oct  3 2024.
gnina is based on smina and AutoDock Vina.
Please cite appropriately.

Commandline: gnina --receptor Proteinas_preparadas/MAPK1.pdbqt --ligand Bases_conjuntas/Targets/EGFR_MAPK1/EGFR_MAPK1_705.pdbqt --autobox_ligand Compuestos_preparados/MAPK1.pdbqt --autobox_add 18 --exhaustiveness 16 --out docking/bases_conjuntas/EGFR_MAPK1_705_L_MAPK1.pdbqt --log docking/bases_conjuntas/EGFR_MAPK1_705_L_MAPK1.log
Using random seed: 126179968

mode |  affinity  |  intramol  |    CNN     |   CNN
     | (kcal/mol) | (kcal/mol) | pose score | affinity
-----+------------+------------+------------+----------
    1       -7.47       -0.70       0.7033      7.605
    2       -7.66       -0.01       0.5311      6.778
    3       -8.14       -0.71       0.5204      7.098
    4      -10.13       -1.54       0.4559      7.600
    5       -8.31       -0.82       0.4467      5.890
    6       -7.55       -0.66       0.4387      6.925
    7       -7.73       -0.56       0.4218      6.574
    8       -7.25       -0.49       0.3704      6.412
    9       -7.33       -0.63       0.2799      5.435
