              _             
             (_)            
   __ _ _ __  _ _ __   __ _ 
  / _` | '_ \| | '_ \ / _` |
 | (_| | | | | | | | | (_| |
  \__, |_| |_|_|_| |_|\__,_|
   __/ |                    
  |___/                     

gnina v1.3 master:97fa6bc+   Built Oct  3 2024.
gnina is based on smina and AutoDock Vina.
Please cite appropriately.

Commandline: gnina --receptor Proteinas_preparadas/EGFR.pdbqt --ligand Bases_conjuntas/Targets/EGFR_MAPK1/EGFR_MAPK1_993.pdbqt --autobox_ligand Compuestos_preparados/EGFR.pdbqt --autobox_add 18 --exhaustiveness 16 --out docking/bases_conjuntas/EGFR_MAPK1_993_L_EGFR.pdbqt --log docking/bases_conjuntas/EGFR_MAPK1_993_L_EGFR.log
Using random seed: 1178075060

mode |  affinity  |  intramol  |    CNN     |   CNN
     | (kcal/mol) | (kcal/mol) | pose score | affinity
-----+------------+------------+------------+----------
    1       -7.26       -0.61       0.7908      7.192
    2       -7.21       -0.47       0.6974      6.996
    3       -7.52        0.17       0.5178      6.598
    4       -7.35        0.81       0.4458      6.517
    5       -7.71        0.13       0.4429      5.800
    6       -7.25        0.16       0.4075      5.797
    7       -7.73       -0.29       0.3940      5.672
    8       -7.51       -0.48       0.3777      5.872
    9       -7.20        0.07       0.3530      5.211
