              _             
             (_)            
   __ _ _ __  _ _ __   __ _ 
  / _` | '_ \| | '_ \ / _` |
 | (_| | | | | | | | | (_| |
  \__, |_| |_|_|_| |_|\__,_|
   __/ |                    
  |___/                     

gnina v1.3 master:97fa6bc+   Built Oct  3 2024.
gnina is based on smina and AutoDock Vina.
Please cite appropriately.

Commandline: gnina --receptor Proteinas_preparadas/EGFR.pdbqt --ligand Bases_conjuntas/Targets/EGFR_MAPK1/EGFR_MAPK1_1088.pdbqt --autobox_ligand Compuestos_preparados/EGFR.pdbqt --autobox_add 18 --exhaustiveness 16 --out docking/bases_conjuntas/EGFR_MAPK1_1088_L_EGFR.pdbqt --log docking/bases_conjuntas/EGFR_MAPK1_1088_L_EGFR.log
Using random seed: 766471285

mode |  affinity  |  intramol  |    CNN     |   CNN
     | (kcal/mol) | (kcal/mol) | pose score | affinity
-----+------------+------------+------------+----------
    1       -9.41        0.36       0.3467      7.871
    2       -7.75       -1.26       0.2923      7.402
    3       -6.73       -0.91       0.2405      6.185
    4       -9.00       -0.24       0.2227      6.379
    5       -7.65       -0.88       0.2073      6.205
    6       -9.81       -0.62       0.1883      6.101
    7       -9.69       -1.42       0.1820      6.997
    8       -9.75       -1.14       0.1804      7.451
    9       -7.78       -0.92       0.1792      7.002
