              _             
             (_)            
   __ _ _ __  _ _ __   __ _ 
  / _` | '_ \| | '_ \ / _` |
 | (_| | | | | | | | | (_| |
  \__, |_| |_|_|_| |_|\__,_|
   __/ |                    
  |___/                     

gnina v1.3 master:97fa6bc+   Built Oct  3 2024.
gnina is based on smina and AutoDock Vina.
Please cite appropriately.

Commandline: gnina --receptor Proteinas_preparadas/MAPK1.pdbqt --ligand Bases_conjuntas/Targets/EGFR_MAPK1/EGFR_MAPK1_206.pdbqt --autobox_ligand Compuestos_preparados/MAPK1.pdbqt --autobox_add 18 --exhaustiveness 16 --cnn_scoring none --out docking/bases_conjuntas/EGFR_MAPK1_206_L_MAPK1.pdbqt --log docking/bases_conjuntas/EGFR_MAPK1_206_L_MAPK1.log
Using random seed: 1226763767

mode |  affinity  |  intramol  |    CNN     |   CNN
     | (kcal/mol) | (kcal/mol) | pose score | affinity
-----+------------+------------+------------+----------
    1       -9.03       -0.44      -1.0000      0.000
    2       -8.92       -0.38      -1.0000      0.000
    3       -7.68       -0.57      -1.0000      0.000
    4       -7.65       -0.38      -1.0000      0.000
    5       -7.57       -0.68      -1.0000      0.000
    6       -7.49       -0.48      -1.0000      0.000
    7       -7.42       -0.06      -1.0000      0.000
    8       -7.28       -0.72      -1.0000      0.000
    9       -7.20       -0.78      -1.0000      0.000
