              _             
             (_)            
   __ _ _ __  _ _ __   __ _ 
  / _` | '_ \| | '_ \ / _` |
 | (_| | | | | | | | | (_| |
  \__, |_| |_|_|_| |_|\__,_|
   __/ |                    
  |___/                     

gnina v1.3 master:97fa6bc+   Built Oct  3 2024.
gnina is based on smina and AutoDock Vina.
Please cite appropriately.

Commandline: gnina --receptor Proteinas_preparadas/EGFR.pdbqt --ligand Bases_conjuntas/Targets/EGFR_MAPK1/EGFR_MAPK1_158.pdbqt --autobox_ligand Compuestos_preparados/EGFR.pdbqt --autobox_add 18 --exhaustiveness 16 --cnn_scoring none --out docking/bases_conjuntas/EGFR_MAPK1_158_L_EGFR.pdbqt --log docking/bases_conjuntas/EGFR_MAPK1_158_L_EGFR.log
Using random seed: 21182118

mode |  affinity  |  intramol  |    CNN     |   CNN
     | (kcal/mol) | (kcal/mol) | pose score | affinity
-----+------------+------------+------------+----------
    1       -9.95       -0.44      -1.0000      0.000
    2       -9.80        0.62      -1.0000      0.000
    3       -9.77       -0.67      -1.0000      0.000
    4       -9.68       -0.66      -1.0000      0.000
    5       -9.60       -0.07      -1.0000      0.000
    6       -9.57        0.24      -1.0000      0.000
    7       -9.45       -0.84      -1.0000      0.000
    8       -9.27       -0.24      -1.0000      0.000
    9       -9.26       -0.68      -1.0000      0.000
