              _             
             (_)            
   __ _ _ __  _ _ __   __ _ 
  / _` | '_ \| | '_ \ / _` |
 | (_| | | | | | | | | (_| |
  \__, |_| |_|_|_| |_|\__,_|
   __/ |                    
  |___/                     

gnina v1.3 master:97fa6bc+   Built Oct  3 2024.
gnina is based on smina and AutoDock Vina.
Please cite appropriately.

Commandline: gnina --receptor Proteinas_preparadas/SRC.pdbqt --ligand Bases_conjuntas/Targets/EGFR_SRC/EGFR_SRC_564.pdbqt --autobox_ligand Compuestos_preparados/SRC.pdbqt --autobox_add 18 --exhaustiveness 16 --cnn_scoring none --out docking/bases_conjuntas/EGFR_SRC_564_L_SRC.pdbqt --log docking/bases_conjuntas/EGFR_SRC_564_L_SRC.log
Using random seed: -60920372

mode |  affinity  |  intramol  |    CNN     |   CNN
     | (kcal/mol) | (kcal/mol) | pose score | affinity
-----+------------+------------+------------+----------
    1       -9.95        1.14      -1.0000      0.000
    2       -9.89        1.04      -1.0000      0.000
    3       -9.79        0.29      -1.0000      0.000
    4       -9.78        3.05      -1.0000      0.000
    5       -9.68       -0.93      -1.0000      0.000
    6       -9.59       -0.03      -1.0000      0.000
    7       -9.25        1.12      -1.0000      0.000
    8       -9.17        1.74      -1.0000      0.000
    9       -9.12        0.21      -1.0000      0.000
