              _             
             (_)            
   __ _ _ __  _ _ __   __ _ 
  / _` | '_ \| | '_ \ / _` |
 | (_| | | | | | | | | (_| |
  \__, |_| |_|_|_| |_|\__,_|
   __/ |                    
  |___/                     

gnina v1.3 master:97fa6bc+   Built Oct  3 2024.
gnina is based on smina and AutoDock Vina.
Please cite appropriately.

Commandline: gnina --receptor Proteinas_preparadas/EGFR.pdbqt --ligand Bases_conjuntas/Targets/EGFR_MAPK1/EGFR_MAPK1_295.pdbqt --autobox_ligand Compuestos_preparados/EGFR.pdbqt --autobox_add 18 --exhaustiveness 16 --cnn_scoring none --out docking/bases_conjuntas/EGFR_MAPK1_295_L_EGFR.pdbqt --log docking/bases_conjuntas/EGFR_MAPK1_295_L_EGFR.log
Using random seed: -1412983579

mode |  affinity  |  intramol  |    CNN     |   CNN
     | (kcal/mol) | (kcal/mol) | pose score | affinity
-----+------------+------------+------------+----------
    1       -9.41       -0.18      -1.0000      0.000
    2       -9.11        0.16      -1.0000      0.000
    3       -9.02       -0.60      -1.0000      0.000
    4       -8.87        0.13      -1.0000      0.000
    5       -8.83        0.05      -1.0000      0.000
    6       -8.50       -0.94      -1.0000      0.000
    7       -8.43       -0.64      -1.0000      0.000
    8       -8.43       -1.12      -1.0000      0.000
    9       -8.43       -0.80      -1.0000      0.000
