              _             
             (_)            
   __ _ _ __  _ _ __   __ _ 
  / _` | '_ \| | '_ \ / _` |
 | (_| | | | | | | | | (_| |
  \__, |_| |_|_|_| |_|\__,_|
   __/ |                    
  |___/                     

gnina v1.3 master:97fa6bc+   Built Oct  3 2024.
gnina is based on smina and AutoDock Vina.
Please cite appropriately.

Commandline: gnina --receptor Proteinas_preparadas/MAPK1.pdbqt --ligand Bases_conjuntas/Targets/EGFR_MAPK1/EGFR_MAPK1_190.pdbqt --autobox_ligand Compuestos_preparados/MAPK1.pdbqt --autobox_add 18 --exhaustiveness 16 --cnn_scoring none --out docking/bases_conjuntas/EGFR_MAPK1_190_L_MAPK1.pdbqt --log docking/bases_conjuntas/EGFR_MAPK1_190_L_MAPK1.log
Using random seed: -591263148

mode |  affinity  |  intramol  |    CNN     |   CNN
     | (kcal/mol) | (kcal/mol) | pose score | affinity
-----+------------+------------+------------+----------
    1       -9.37       -0.54      -1.0000      0.000
    2       -9.33       -1.45      -1.0000      0.000
    3       -8.62       -0.69      -1.0000      0.000
    4       -8.56       -1.18      -1.0000      0.000
    5       -8.52       -1.37      -1.0000      0.000
    6       -8.45       -0.61      -1.0000      0.000
    7       -7.99       -1.48      -1.0000      0.000
    8       -7.91       -0.77      -1.0000      0.000
    9       -7.81       -0.31      -1.0000      0.000
