              _             
             (_)            
   __ _ _ __  _ _ __   __ _ 
  / _` | '_ \| | '_ \ / _` |
 | (_| | | | | | | | | (_| |
  \__, |_| |_|_|_| |_|\__,_|
   __/ |                    
  |___/                     

gnina v1.3 master:97fa6bc+   Built Oct  3 2024.
gnina is based on smina and AutoDock Vina.
Please cite appropriately.

Commandline: gnina --receptor Proteinas_preparadas/EGFR.pdbqt --ligand Bases_conjuntas/Targets/EGFR_MAPK1/EGFR_MAPK1_1131.pdbqt --autobox_ligand Compuestos_preparados/EGFR.pdbqt --autobox_add 18 --exhaustiveness 16 --out docking/bases_conjuntas/EGFR_MAPK1_1131_L_EGFR.pdbqt --log docking/bases_conjuntas/EGFR_MAPK1_1131_L_EGFR.log
Using random seed: 1037608464

mode |  affinity  |  intramol  |    CNN     |   CNN
     | (kcal/mol) | (kcal/mol) | pose score | affinity
-----+------------+------------+------------+----------
    1       -8.16       -0.72       0.5841      8.152
    2       -6.72       -1.15       0.3141      6.586
    3       -7.37        0.25       0.2948      7.352
    4       -8.21       -0.05       0.2134      6.323
    5       -8.36       -1.26       0.2009      6.617
    6       -7.18        5.79       0.1757      6.607
    7       -8.56       -1.05       0.1570      6.645
    8       -8.41       -1.16       0.1515      6.728
    9       -7.21        0.14       0.1489      6.183
