              _             
             (_)            
   __ _ _ __  _ _ __   __ _ 
  / _` | '_ \| | '_ \ / _` |
 | (_| | | | | | | | | (_| |
  \__, |_| |_|_|_| |_|\__,_|
   __/ |                    
  |___/                     

gnina v1.3 master:97fa6bc+   Built Oct  3 2024.
gnina is based on smina and AutoDock Vina.
Please cite appropriately.

Commandline: gnina --receptor Proteinas_preparadas/MAPK1.pdbqt --ligand Bases_conjuntas/Targets/EGFR_MAPK1/EGFR_MAPK1_457.pdbqt --autobox_ligand Compuestos_preparados/MAPK1.pdbqt --autobox_add 18 --exhaustiveness 16 --out docking/bases_conjuntas/EGFR_MAPK1_457_L_MAPK1.pdbqt --log docking/bases_conjuntas/EGFR_MAPK1_457_L_MAPK1.log
Using random seed: 1545670420

mode |  affinity  |  intramol  |    CNN     |   CNN
     | (kcal/mol) | (kcal/mol) | pose score | affinity
-----+------------+------------+------------+----------
    1       -7.70        0.36       0.2929      5.349
    2       -6.15       -0.25       0.2718      5.427
    3       -6.37       -0.25       0.2657      5.644
    4       -6.23       -0.24       0.2556      5.431
    5       -5.93        0.36       0.2290      5.376
    6       -7.56        0.96       0.2149      5.219
    7       -7.27        0.97       0.2059      5.290
    8       -6.37        0.42       0.1988      4.879
    9       -6.12       -0.24       0.1895      5.204
