              _             
             (_)            
   __ _ _ __  _ _ __   __ _ 
  / _` | '_ \| | '_ \ / _` |
 | (_| | | | | | | | | (_| |
  \__, |_| |_|_|_| |_|\__,_|
   __/ |                    
  |___/                     

gnina v1.3 master:97fa6bc+   Built Oct  3 2024.
gnina is based on smina and AutoDock Vina.
Please cite appropriately.

Commandline: gnina --receptor Proteinas_preparadas/MAPK1.pdbqt --ligand Bases_conjuntas/Targets/EGFR_MAPK1/EGFR_MAPK1_219.pdbqt --autobox_ligand Compuestos_preparados/MAPK1.pdbqt --autobox_add 18 --exhaustiveness 16 --out docking/bases_conjuntas/EGFR_MAPK1_219_L_MAPK1.pdbqt --log docking/bases_conjuntas/EGFR_MAPK1_219_L_MAPK1.log
Using random seed: 1060313576

mode |  affinity  |  intramol  |    CNN     |   CNN
     | (kcal/mol) | (kcal/mol) | pose score | affinity
-----+------------+------------+------------+----------
    1       -8.23       -0.64       0.4717      7.396
    2       -8.53       -1.09       0.3927      7.351
    3       -9.31       -0.73       0.3545      7.019
    4       -7.13       -1.29       0.3276      6.068
    5       -7.37       -0.41       0.3250      6.460
    6       -9.66       -0.53       0.2892      6.958
    7       -8.54       -0.92       0.2847      6.543
    8       -7.19       -0.70       0.2592      6.033
    9       -9.59       -0.68       0.2101      7.207
