              _             
             (_)            
   __ _ _ __  _ _ __   __ _ 
  / _` | '_ \| | '_ \ / _` |
 | (_| | | | | | | | | (_| |
  \__, |_| |_|_|_| |_|\__,_|
   __/ |                    
  |___/                     

gnina v1.3 master:97fa6bc+   Built Oct  3 2024.
gnina is based on smina and AutoDock Vina.
Please cite appropriately.

Commandline: gnina --receptor Proteinas_preparadas/STAT3.pdbqt --ligand Bases_conjuntas/Targets/EGFR_STAT3/EGFR_STAT3_584.pdbqt --autobox_ligand Compuestos_preparados/STAT3.pdbqt --autobox_add 18 --exhaustiveness 16 --cnn_scoring none --out docking/bases_conjuntas/EGFR_STAT3_584_L_STAT3.pdbqt --log docking/bases_conjuntas/EGFR_STAT3_584_L_STAT3.log
Using random seed: -312703248

mode |  affinity  |  intramol  |    CNN     |   CNN
     | (kcal/mol) | (kcal/mol) | pose score | affinity
-----+------------+------------+------------+----------
    1       -7.74        0.47      -1.0000      0.000
    2       -7.59       -1.02      -1.0000      0.000
    3       -7.58       -1.14      -1.0000      0.000
    4       -7.54       -0.94      -1.0000      0.000
    5       -7.22       -1.10      -1.0000      0.000
    6       -7.12       -0.89      -1.0000      0.000
    7       -7.06       -0.92      -1.0000      0.000
    8       -7.05       -0.61      -1.0000      0.000
    9       -7.05       -0.95      -1.0000      0.000
