              _             
             (_)            
   __ _ _ __  _ _ __   __ _ 
  / _` | '_ \| | '_ \ / _` |
 | (_| | | | | | | | | (_| |
  \__, |_| |_|_|_| |_|\__,_|
   __/ |                    
  |___/                     

gnina v1.3 master:97fa6bc+   Built Oct  3 2024.
gnina is based on smina and AutoDock Vina.
Please cite appropriately.

Commandline: gnina --receptor Proteinas_preparadas/EGFR.pdbqt --ligand Bases_conjuntas/Targets/EGFR_MAPK1/EGFR_MAPK1_819.pdbqt --autobox_ligand Compuestos_preparados/EGFR.pdbqt --autobox_add 18 --exhaustiveness 16 --out docking/bases_conjuntas/EGFR_MAPK1_819_L_EGFR.pdbqt --log docking/bases_conjuntas/EGFR_MAPK1_819_L_EGFR.log
Using random seed: 1942918045

mode |  affinity  |  intramol  |    CNN     |   CNN
     | (kcal/mol) | (kcal/mol) | pose score | affinity
-----+------------+------------+------------+----------
    1       -8.38       -1.29       0.5943      6.313
    2       -6.81        2.50       0.4960      6.630
    3       -8.08       -0.92       0.4775      6.093
    4       -6.65       -0.66       0.4414      6.282
    5       -7.29       -0.35       0.4370      6.489
    6       -8.81       -0.17       0.4038      6.666
    7       -6.62       -0.63       0.3833      6.316
    8       -7.97       -0.72       0.3754      6.848
    9       -7.39       -0.24       0.3565      6.368
