              _             
             (_)            
   __ _ _ __  _ _ __   __ _ 
  / _` | '_ \| | '_ \ / _` |
 | (_| | | | | | | | | (_| |
  \__, |_| |_|_|_| |_|\__,_|
   __/ |                    
  |___/                     

gnina v1.3 master:97fa6bc+   Built Oct  3 2024.
gnina is based on smina and AutoDock Vina.
Please cite appropriately.

Commandline: gnina --receptor Proteinas_preparadas/MAPK1.pdbqt --ligand Bases_conjuntas/Targets/EGFR_MAPK1/EGFR_MAPK1_226.pdbqt --autobox_ligand Compuestos_preparados/MAPK1.pdbqt --autobox_add 18 --exhaustiveness 16 --out docking/bases_conjuntas/EGFR_MAPK1_226_L_MAPK1.pdbqt --log docking/bases_conjuntas/EGFR_MAPK1_226_L_MAPK1.log
Using random seed: -1671511856

mode |  affinity  |  intramol  |    CNN     |   CNN
     | (kcal/mol) | (kcal/mol) | pose score | affinity
-----+------------+------------+------------+----------
    1      -10.00        0.90       0.8222      7.398
    2       -9.92        0.46       0.6589      7.468
    3       -7.55        0.86       0.6379      6.667
    4       -9.62        0.22       0.6371      7.236
    5       -9.49        3.53       0.5255      7.153
    6       -8.45        1.08       0.5053      6.570
    7       -8.04        0.80       0.5042      6.011
    8       -8.64        0.86       0.4711      6.554
    9       -9.20        0.38       0.4475      6.615
