              _             
             (_)            
   __ _ _ __  _ _ __   __ _ 
  / _` | '_ \| | '_ \ / _` |
 | (_| | | | | | | | | (_| |
  \__, |_| |_|_|_| |_|\__,_|
   __/ |                    
  |___/                     

gnina v1.3 master:97fa6bc+   Built Oct  3 2024.
gnina is based on smina and AutoDock Vina.
Please cite appropriately.

Commandline: gnina --receptor Proteinas_preparadas/EGFR.pdbqt --ligand Bases_conjuntas/Targets/EGFR_MAPK1/EGFR_MAPK1_844.pdbqt --autobox_ligand Compuestos_preparados/EGFR.pdbqt --autobox_add 18 --exhaustiveness 16 --out docking/bases_conjuntas/EGFR_MAPK1_844_L_EGFR.pdbqt --log docking/bases_conjuntas/EGFR_MAPK1_844_L_EGFR.log
Using random seed: 1644809586

mode |  affinity  |  intramol  |    CNN     |   CNN
     | (kcal/mol) | (kcal/mol) | pose score | affinity
-----+------------+------------+------------+----------
    1       -8.53       -0.85       0.4218      7.279
    2       -8.63        0.24       0.3045      6.593
    3       -7.83       -0.33       0.2807      5.675
    4       -9.36       -1.05       0.2517      6.181
    5       -8.40        0.11       0.2378      6.466
    6       -8.64       -0.62       0.2143      6.256
    7       -8.30       -0.66       0.2039      5.754
    8       -9.81        1.09       0.1824      6.126
    9       -8.20       -0.66       0.1749      6.298
