              _             
             (_)            
   __ _ _ __  _ _ __   __ _ 
  / _` | '_ \| | '_ \ / _` |
 | (_| | | | | | | | | (_| |
  \__, |_| |_|_|_| |_|\__,_|
   __/ |                    
  |___/                     

gnina v1.3 master:97fa6bc+   Built Oct  3 2024.
gnina is based on smina and AutoDock Vina.
Please cite appropriately.

Commandline: gnina --receptor Proteinas_preparadas/EGFR.pdbqt --ligand Bases_conjuntas/Targets/EGFR_MAPK1/EGFR_MAPK1_865.pdbqt --autobox_ligand Compuestos_preparados/EGFR.pdbqt --autobox_add 18 --exhaustiveness 16 --out docking/bases_conjuntas/EGFR_MAPK1_865_L_EGFR.pdbqt --log docking/bases_conjuntas/EGFR_MAPK1_865_L_EGFR.log
Using random seed: -495711616

mode |  affinity  |  intramol  |    CNN     |   CNN
     | (kcal/mol) | (kcal/mol) | pose score | affinity
-----+------------+------------+------------+----------
    1       -9.61       -0.73       0.6680      7.299
    2       -8.86       -0.85       0.3770      7.150
    3       -8.36       -0.34       0.3587      7.324
    4       -9.77       -1.43       0.3214      7.311
    5       -8.60        1.54       0.2884      5.843
    6       -8.60       -1.12       0.2817      6.922
    7       -9.55       -0.65       0.2668      7.239
    8       -9.24       -1.09       0.2118      7.223
    9       -8.95       -0.93       0.2043      6.457
