              _             
             (_)            
   __ _ _ __  _ _ __   __ _ 
  / _` | '_ \| | '_ \ / _` |
 | (_| | | | | | | | | (_| |
  \__, |_| |_|_|_| |_|\__,_|
   __/ |                    
  |___/                     

gnina v1.3 master:97fa6bc+   Built Oct  3 2024.
gnina is based on smina and AutoDock Vina.
Please cite appropriately.

Commandline: gnina --receptor Proteinas_preparadas/MAPK1.pdbqt --ligand Bases_conjuntas/Targets/EGFR_MAPK1/EGFR_MAPK1_948.pdbqt --autobox_ligand Compuestos_preparados/MAPK1.pdbqt --autobox_add 18 --exhaustiveness 16 --out docking/bases_conjuntas/EGFR_MAPK1_948_L_MAPK1.pdbqt --log docking/bases_conjuntas/EGFR_MAPK1_948_L_MAPK1.log
Using random seed: -956521740

mode |  affinity  |  intramol  |    CNN     |   CNN
     | (kcal/mol) | (kcal/mol) | pose score | affinity
-----+------------+------------+------------+----------
    1       -7.67       -1.47       0.6353      7.294
    2       -5.97       -0.95       0.4720      6.297
    3       -7.34       -0.64       0.2958      6.315
    4       -6.26       -1.41       0.2842      5.933
    5       -8.02        0.55       0.2786      6.834
    6       -7.37       -1.62       0.2546      6.873
    7       -8.25       -1.75       0.2247      6.594
    8       -7.22       -1.34       0.1909      5.314
    9       -7.77       -0.14       0.1844      6.474
