              _             
             (_)            
   __ _ _ __  _ _ __   __ _ 
  / _` | '_ \| | '_ \ / _` |
 | (_| | | | | | | | | (_| |
  \__, |_| |_|_|_| |_|\__,_|
   __/ |                    
  |___/                     

gnina v1.3 master:97fa6bc+   Built Oct  3 2024.
gnina is based on smina and AutoDock Vina.
Please cite appropriately.

Commandline: gnina --receptor Proteinas_preparadas/EGFR.pdbqt --ligand Bases_conjuntas/Targets/EGFR_MAPK1/EGFR_MAPK1_605.pdbqt --autobox_ligand Compuestos_preparados/EGFR.pdbqt --autobox_add 18 --exhaustiveness 16 --out docking/bases_conjuntas/EGFR_MAPK1_605_L_EGFR.pdbqt --log docking/bases_conjuntas/EGFR_MAPK1_605_L_EGFR.log
Using random seed: 2031322400

mode |  affinity  |  intramol  |    CNN     |   CNN
     | (kcal/mol) | (kcal/mol) | pose score | affinity
-----+------------+------------+------------+----------
    1       -7.57       -0.76       0.7627      7.142
    2       -7.88        0.04       0.5365      5.846
    3       -8.19       -0.34       0.3420      6.383
    4       -7.97       -0.29       0.3372      5.665
    5       -8.60       -0.45       0.3121      5.511
    6       -7.55       -0.01       0.2967      6.048
    7       -8.19       -0.68       0.2907      5.490
    8       -8.86       -1.15       0.2865      5.547
    9       -8.13       -0.57       0.2503      5.487
