              _             
             (_)            
   __ _ _ __  _ _ __   __ _ 
  / _` | '_ \| | '_ \ / _` |
 | (_| | | | | | | | | (_| |
  \__, |_| |_|_|_| |_|\__,_|
   __/ |                    
  |___/                     

gnina v1.3 master:97fa6bc+   Built Oct  3 2024.
gnina is based on smina and AutoDock Vina.
Please cite appropriately.

Commandline: gnina --receptor Proteinas_preparadas/MAPK1.pdbqt --ligand Bases_conjuntas/Targets/EGFR_MAPK1/EGFR_MAPK1_167.pdbqt --autobox_ligand Compuestos_preparados/MAPK1.pdbqt --autobox_add 18 --exhaustiveness 16 --out docking/bases_conjuntas/EGFR_MAPK1_167_L_MAPK1.pdbqt --log docking/bases_conjuntas/EGFR_MAPK1_167_L_MAPK1.log
Using random seed: 1899198911

mode |  affinity  |  intramol  |    CNN     |   CNN
     | (kcal/mol) | (kcal/mol) | pose score | affinity
-----+------------+------------+------------+----------
    1       -8.46       -0.46       0.4323      6.559
    2       -8.94       -0.30       0.3518      7.043
    3       -6.70       -0.53       0.3471      6.544
    4       -8.36        0.66       0.3293      6.417
    5       -8.63       -0.69       0.3216      6.831
    6       -7.67        0.40       0.3092      5.663
    7       -7.34        0.23       0.3017      6.341
    8       -7.36        0.19       0.2946      6.115
    9       -6.70       -1.01       0.2801      5.887
