              _             
             (_)            
   __ _ _ __  _ _ __   __ _ 
  / _` | '_ \| | '_ \ / _` |
 | (_| | | | | | | | | (_| |
  \__, |_| |_|_|_| |_|\__,_|
   __/ |                    
  |___/                     

gnina v1.3 master:97fa6bc+   Built Oct  3 2024.
gnina is based on smina and AutoDock Vina.
Please cite appropriately.

Commandline: gnina --receptor Proteinas_preparadas/EGFR.pdbqt --ligand Bases_conjuntas/Targets/EGFR_MAPK1/EGFR_MAPK1_75.pdbqt --autobox_ligand Compuestos_preparados/EGFR.pdbqt --autobox_add 18 --exhaustiveness 16 --cnn_scoring none --out docking/bases_conjuntas/EGFR_MAPK1_75_L_EGFR.pdbqt --log docking/bases_conjuntas/EGFR_MAPK1_75_L_EGFR.log
Using random seed: -1331327682

mode |  affinity  |  intramol  |    CNN     |   CNN
     | (kcal/mol) | (kcal/mol) | pose score | affinity
-----+------------+------------+------------+----------
    1       -9.48       -0.54      -1.0000      0.000
    2       -9.47        1.01      -1.0000      0.000
    3       -9.22       -0.14      -1.0000      0.000
    4       -9.07       -0.36      -1.0000      0.000
    5       -9.02        0.42      -1.0000      0.000
    6       -8.92        1.72      -1.0000      0.000
    7       -8.92       -0.62      -1.0000      0.000
    8       -8.87        0.31      -1.0000      0.000
    9       -8.83        1.20      -1.0000      0.000
