              _             
             (_)            
   __ _ _ __  _ _ __   __ _ 
  / _` | '_ \| | '_ \ / _` |
 | (_| | | | | | | | | (_| |
  \__, |_| |_|_|_| |_|\__,_|
   __/ |                    
  |___/                     

gnina v1.3 master:97fa6bc+   Built Oct  3 2024.
gnina is based on smina and AutoDock Vina.
Please cite appropriately.

Commandline: gnina --receptor Proteinas_preparadas/MAPK1.pdbqt --ligand Bases_conjuntas/Targets/EGFR_MAPK1/EGFR_MAPK1_525.pdbqt --autobox_ligand Compuestos_preparados/MAPK1.pdbqt --autobox_add 18 --exhaustiveness 16 --out docking/bases_conjuntas/EGFR_MAPK1_525_L_MAPK1.pdbqt --log docking/bases_conjuntas/EGFR_MAPK1_525_L_MAPK1.log
Using random seed: 1678616200

mode |  affinity  |  intramol  |    CNN     |   CNN
     | (kcal/mol) | (kcal/mol) | pose score | affinity
-----+------------+------------+------------+----------
    1       -8.44       -1.14       0.2993      7.445
    2       -8.78       -0.98       0.2707      7.079
    3       -7.60       -1.78       0.2418      6.683
    4       -7.89       -0.77       0.1918      6.599
    5       -7.72       -0.70       0.1701      6.382
    6       -6.14       -1.70       0.1374      5.807
    7       -7.58       -1.87       0.1367      6.008
    8       -7.22       -0.07       0.1198      6.285
    9       -7.08       -1.03       0.1177      5.610
