              _             
             (_)            
   __ _ _ __  _ _ __   __ _ 
  / _` | '_ \| | '_ \ / _` |
 | (_| | | | | | | | | (_| |
  \__, |_| |_|_|_| |_|\__,_|
   __/ |                    
  |___/                     

gnina v1.3 master:97fa6bc+   Built Oct  3 2024.
gnina is based on smina and AutoDock Vina.
Please cite appropriately.

Commandline: gnina --receptor Proteinas_preparadas/MAPK1.pdbqt --ligand Bases_conjuntas/Targets/EGFR_MAPK1/EGFR_MAPK1_694.pdbqt --autobox_ligand Compuestos_preparados/MAPK1.pdbqt --autobox_add 18 --exhaustiveness 16 --out docking/bases_conjuntas/EGFR_MAPK1_694_L_MAPK1.pdbqt --log docking/bases_conjuntas/EGFR_MAPK1_694_L_MAPK1.log
Using random seed: 526842942

mode |  affinity  |  intramol  |    CNN     |   CNN
     | (kcal/mol) | (kcal/mol) | pose score | affinity
-----+------------+------------+------------+----------
    1       -7.03        0.43       0.6328      5.816
    2       -9.62       -0.60       0.5463      7.357
    3       -7.92       -0.32       0.5440      7.329
    4       -9.16       -1.41       0.4486      6.805
    5       -9.41        1.80       0.3944      6.916
    6       -8.44       -0.49       0.3800      6.926
    7       -7.45       -0.58       0.3690      6.618
    8       -7.33       -0.94       0.3515      6.357
    9       -8.21       -0.99       0.3491      6.999
