              _             
             (_)            
   __ _ _ __  _ _ __   __ _ 
  / _` | '_ \| | '_ \ / _` |
 | (_| | | | | | | | | (_| |
  \__, |_| |_|_|_| |_|\__,_|
   __/ |                    
  |___/                     

gnina v1.3 master:97fa6bc+   Built Oct  3 2024.
gnina is based on smina and AutoDock Vina.
Please cite appropriately.

Commandline: gnina --receptor Proteinas_preparadas/EGFR.pdbqt --ligand Bases_conjuntas/Targets/EGFR_MAPK1/EGFR_MAPK1_281.pdbqt --autobox_ligand Compuestos_preparados/EGFR.pdbqt --autobox_add 18 --exhaustiveness 16 --cnn_scoring none --out docking/bases_conjuntas/EGFR_MAPK1_281_L_EGFR.pdbqt --log docking/bases_conjuntas/EGFR_MAPK1_281_L_EGFR.log
Using random seed: 1143100648

mode |  affinity  |  intramol  |    CNN     |   CNN
     | (kcal/mol) | (kcal/mol) | pose score | affinity
-----+------------+------------+------------+----------
    1       -9.73        1.33      -1.0000      0.000
    2       -9.62        1.45      -1.0000      0.000
    3       -9.50        1.66      -1.0000      0.000
    4       -9.37        0.65      -1.0000      0.000
    5       -9.33        1.24      -1.0000      0.000
    6       -9.33        0.74      -1.0000      0.000
    7       -9.25       -0.28      -1.0000      0.000
    8       -9.23        0.98      -1.0000      0.000
    9       -9.14        1.20      -1.0000      0.000
