              _             
             (_)            
   __ _ _ __  _ _ __   __ _ 
  / _` | '_ \| | '_ \ / _` |
 | (_| | | | | | | | | (_| |
  \__, |_| |_|_|_| |_|\__,_|
   __/ |                    
  |___/                     

gnina v1.3 master:97fa6bc+   Built Oct  3 2024.
gnina is based on smina and AutoDock Vina.
Please cite appropriately.

Commandline: gnina --receptor Proteinas_preparadas/MAPK1.pdbqt --ligand Bases_conjuntas/Targets/EGFR_MAPK1/EGFR_MAPK1_352.pdbqt --autobox_ligand Compuestos_preparados/MAPK1.pdbqt --autobox_add 18 --exhaustiveness 16 --out docking/bases_conjuntas/EGFR_MAPK1_352_L_MAPK1.pdbqt --log docking/bases_conjuntas/EGFR_MAPK1_352_L_MAPK1.log
Using random seed: -1930376398

mode |  affinity  |  intramol  |    CNN     |   CNN
     | (kcal/mol) | (kcal/mol) | pose score | affinity
-----+------------+------------+------------+----------
    1       -7.80       -0.18       0.7415      6.663
    2       -7.92        0.62       0.6457      7.031
    3       -7.35        1.03       0.5361      6.318
    4       -7.17       -0.19       0.5228      6.771
    5       -8.36       -0.19       0.5184      6.616
    6       -8.92        0.02       0.5093      6.188
    7       -7.75       -0.20       0.5055      6.826
    8       -8.59        0.63       0.4998      6.363
    9       -8.33       -0.18       0.4483      5.951
