              _             
             (_)            
   __ _ _ __  _ _ __   __ _ 
  / _` | '_ \| | '_ \ / _` |
 | (_| | | | | | | | | (_| |
  \__, |_| |_|_|_| |_|\__,_|
   __/ |                    
  |___/                     

gnina v1.3 master:97fa6bc+   Built Oct  3 2024.
gnina is based on smina and AutoDock Vina.
Please cite appropriately.

Commandline: gnina --receptor Proteinas_preparadas/MAPK1.pdbqt --ligand Bases_conjuntas/Targets/EGFR_MAPK1/EGFR_MAPK1_15.pdbqt --autobox_ligand Compuestos_preparados/MAPK1.pdbqt --autobox_add 18 --exhaustiveness 16 --out docking/bases_conjuntas/EGFR_MAPK1_15_L_MAPK1.pdbqt --log docking/bases_conjuntas/EGFR_MAPK1_15_L_MAPK1.log
Using random seed: 579479336

mode |  affinity  |  intramol  |    CNN     |   CNN
     | (kcal/mol) | (kcal/mol) | pose score | affinity
-----+------------+------------+------------+----------
    1       -7.29       -0.67       0.7647      6.613
    2       -7.18       -0.09       0.5777      6.480
    3       -7.31       -0.02       0.4494      6.512
    4       -9.06        0.11       0.3765      6.742
    5       -6.19       -0.74       0.2853      5.781
    6       -7.68       -0.73       0.2814      5.938
    7       -8.55        0.06       0.2636      6.615
    8       -5.68       -0.68       0.2622      5.463
    9       -5.99       -0.66       0.2550      5.562
