              _             
             (_)            
   __ _ _ __  _ _ __   __ _ 
  / _` | '_ \| | '_ \ / _` |
 | (_| | | | | | | | | (_| |
  \__, |_| |_|_|_| |_|\__,_|
   __/ |                    
  |___/                     

gnina v1.3 master:97fa6bc+   Built Oct  3 2024.
gnina is based on smina and AutoDock Vina.
Please cite appropriately.

Commandline: gnina --receptor Proteinas_preparadas/EGFR.pdbqt --ligand Bases_conjuntas/Targets/EGFR_MAPK1/EGFR_MAPK1_765.pdbqt --autobox_ligand Compuestos_preparados/EGFR.pdbqt --autobox_add 18 --exhaustiveness 16 --out docking/bases_conjuntas/EGFR_MAPK1_765_L_EGFR.pdbqt --log docking/bases_conjuntas/EGFR_MAPK1_765_L_EGFR.log
Using random seed: 935625059

mode |  affinity  |  intramol  |    CNN     |   CNN
     | (kcal/mol) | (kcal/mol) | pose score | affinity
-----+------------+------------+------------+----------
    1       -8.49       -1.65       0.5153      7.344
    2       -8.60       -1.86       0.5040      7.162
    3      -10.00       -2.04       0.4364      7.421
    4       -7.95       -1.10       0.4206      7.118
    5       -9.25       -2.15       0.4120      7.225
    6       -9.97       -1.08       0.3770      7.266
    7       -9.38       -1.61       0.3090      7.015
    8       -8.97       -0.89       0.3005      6.856
    9       -8.88       -1.92       0.2895      6.765
