              _             
             (_)            
   __ _ _ __  _ _ __   __ _ 
  / _` | '_ \| | '_ \ / _` |
 | (_| | | | | | | | | (_| |
  \__, |_| |_|_|_| |_|\__,_|
   __/ |                    
  |___/                     

gnina v1.3 master:97fa6bc+   Built Oct  3 2024.
gnina is based on smina and AutoDock Vina.
Please cite appropriately.

Commandline: gnina --receptor Proteinas_preparadas/EGFR.pdbqt --ligand Bases_conjuntas/Targets/EGFR_MAPK1/EGFR_MAPK1_615.pdbqt --autobox_ligand Compuestos_preparados/EGFR.pdbqt --autobox_add 18 --exhaustiveness 16 --out docking/bases_conjuntas/EGFR_MAPK1_615_L_EGFR.pdbqt --log docking/bases_conjuntas/EGFR_MAPK1_615_L_EGFR.log
Using random seed: 1810160522

mode |  affinity  |  intramol  |    CNN     |   CNN
     | (kcal/mol) | (kcal/mol) | pose score | affinity
-----+------------+------------+------------+----------
    1      -10.03       -0.15       0.6452      7.590
    2       -9.73       -0.75       0.2989      6.619
    3       -9.38       -1.13       0.2832      6.638
    4       -9.86       -0.80       0.2766      7.056
    5       -8.80       -0.23       0.2495      6.411
    6       -8.74       -0.31       0.2420      5.539
    7       -8.07       -0.94       0.2216      6.361
    8       -9.43       -0.62       0.2157      6.677
    9       -9.12       -0.97       0.2098      6.137
