              _             
             (_)            
   __ _ _ __  _ _ __   __ _ 
  / _` | '_ \| | '_ \ / _` |
 | (_| | | | | | | | | (_| |
  \__, |_| |_|_|_| |_|\__,_|
   __/ |                    
  |___/                     

gnina v1.3 master:97fa6bc+   Built Oct  3 2024.
gnina is based on smina and AutoDock Vina.
Please cite appropriately.

Commandline: gnina --receptor Proteinas_preparadas/MAPK1.pdbqt --ligand Bases_conjuntas/Targets/EGFR_MAPK1/EGFR_MAPK1_1011.pdbqt --autobox_ligand Compuestos_preparados/MAPK1.pdbqt --autobox_add 18 --exhaustiveness 16 --out docking/bases_conjuntas/EGFR_MAPK1_1011_L_MAPK1.pdbqt --log docking/bases_conjuntas/EGFR_MAPK1_1011_L_MAPK1.log
Using random seed: -1398891280

mode |  affinity  |  intramol  |    CNN     |   CNN
     | (kcal/mol) | (kcal/mol) | pose score | affinity
-----+------------+------------+------------+----------
    1       -6.18       -1.46       0.6590      6.623
    2       -7.39       -0.06       0.4166      6.642
    3       -6.16       -1.36       0.3432      6.280
    4       -6.67        0.23       0.3167      6.301
    5       -6.07       -0.33       0.3021      6.118
    6       -7.89       -0.84       0.2745      6.788
    7       -8.45       -0.09       0.2739      6.319
    8       -7.69       -0.98       0.2607      5.608
    9       -7.03       -1.02       0.2362      5.033
