              _             
             (_)            
   __ _ _ __  _ _ __   __ _ 
  / _` | '_ \| | '_ \ / _` |
 | (_| | | | | | | | | (_| |
  \__, |_| |_|_|_| |_|\__,_|
   __/ |                    
  |___/                     

gnina v1.3 master:97fa6bc+   Built Oct  3 2024.
gnina is based on smina and AutoDock Vina.
Please cite appropriately.

Commandline: gnina --receptor Proteinas_preparadas/SRC.pdbqt --ligand Bases_conjuntas/Targets/EGFR_SRC/EGFR_SRC_559.pdbqt --autobox_ligand Compuestos_preparados/SRC.pdbqt --autobox_add 18 --exhaustiveness 16 --cnn_scoring none --out docking/bases_conjuntas/EGFR_SRC_559_L_SRC.pdbqt --log docking/bases_conjuntas/EGFR_SRC_559_L_SRC.log
Using random seed: -267728299

mode |  affinity  |  intramol  |    CNN     |   CNN
     | (kcal/mol) | (kcal/mol) | pose score | affinity
-----+------------+------------+------------+----------
    1      -10.55        2.13      -1.0000      0.000
    2      -10.46       -0.10      -1.0000      0.000
    3      -10.44        3.46      -1.0000      0.000
    4      -10.43        1.47      -1.0000      0.000
    5      -10.26        1.02      -1.0000      0.000
    6       -9.86       -0.78      -1.0000      0.000
    7       -9.72        1.33      -1.0000      0.000
    8       -9.67       -0.84      -1.0000      0.000
    9       -9.21        4.38      -1.0000      0.000
