              _             
             (_)            
   __ _ _ __  _ _ __   __ _ 
  / _` | '_ \| | '_ \ / _` |
 | (_| | | | | | | | | (_| |
  \__, |_| |_|_|_| |_|\__,_|
   __/ |                    
  |___/                     

gnina v1.3 master:97fa6bc+   Built Oct  3 2024.
gnina is based on smina and AutoDock Vina.
Please cite appropriately.

Commandline: gnina --receptor Proteinas_preparadas/MAPK1.pdbqt --ligand Bases_conjuntas/Targets/EGFR_MAPK1/EGFR_MAPK1_1035.pdbqt --autobox_ligand Compuestos_preparados/MAPK1.pdbqt --autobox_add 18 --exhaustiveness 16 --out docking/bases_conjuntas/EGFR_MAPK1_1035_L_MAPK1.pdbqt --log docking/bases_conjuntas/EGFR_MAPK1_1035_L_MAPK1.log
Using random seed: 562759716

mode |  affinity  |  intramol  |    CNN     |   CNN
     | (kcal/mol) | (kcal/mol) | pose score | affinity
-----+------------+------------+------------+----------
    1      -10.57        2.12       0.3776      8.298
    2       -8.46       -0.83       0.3440      7.997
    3      -10.43       -1.89       0.3161      7.773
    4       -8.74       -1.66       0.2582      6.848
    5      -10.25       -1.67       0.1699      7.114
    6       -7.11       -0.97       0.1330      5.866
    7       -7.47       -1.88       0.1272      6.200
    8       -8.45       -1.57       0.1227      6.322
    9      -10.65       -1.46       0.1203      6.570
