              _             
             (_)            
   __ _ _ __  _ _ __   __ _ 
  / _` | '_ \| | '_ \ / _` |
 | (_| | | | | | | | | (_| |
  \__, |_| |_|_|_| |_|\__,_|
   __/ |                    
  |___/                     

gnina v1.3 master:97fa6bc+   Built Oct  3 2024.
gnina is based on smina and AutoDock Vina.
Please cite appropriately.

Commandline: gnina --receptor Proteinas_preparadas/EGFR.pdbqt --ligand Bases_conjuntas/Targets/EGFR_MAPK1/EGFR_MAPK1_199.pdbqt --autobox_ligand Compuestos_preparados/EGFR.pdbqt --autobox_add 18 --exhaustiveness 16 --out docking/bases_conjuntas/EGFR_MAPK1_199_L_EGFR.pdbqt --log docking/bases_conjuntas/EGFR_MAPK1_199_L_EGFR.log
Using random seed: 206864679

mode |  affinity  |  intramol  |    CNN     |   CNN
     | (kcal/mol) | (kcal/mol) | pose score | affinity
-----+------------+------------+------------+----------
    1       -7.31       -0.32       0.6530      6.211
    2       -6.98       -0.96       0.5054      6.107
    3       -8.84       -0.77       0.4233      7.273
    4       -7.68       -1.01       0.3508      6.441
    5       -6.96       -0.95       0.3259      6.275
    6       -7.06       -0.35       0.3065      5.669
    7       -8.70       -0.17       0.2746      6.926
    8       -7.15       -0.14       0.2734      5.987
    9       -8.06       -1.37       0.2617      6.847
