              _             
             (_)            
   __ _ _ __  _ _ __   __ _ 
  / _` | '_ \| | '_ \ / _` |
 | (_| | | | | | | | | (_| |
  \__, |_| |_|_|_| |_|\__,_|
   __/ |                    
  |___/                     

gnina v1.3 master:97fa6bc+   Built Oct  3 2024.
gnina is based on smina and AutoDock Vina.
Please cite appropriately.

Commandline: gnina --receptor Proteinas_preparadas/MAPK1.pdbqt --ligand Bases_conjuntas/Targets/EGFR_MAPK1/EGFR_MAPK1_60.pdbqt --autobox_ligand Compuestos_preparados/MAPK1.pdbqt --autobox_add 18 --exhaustiveness 16 --out docking/bases_conjuntas/EGFR_MAPK1_60_L_MAPK1.pdbqt --log docking/bases_conjuntas/EGFR_MAPK1_60_L_MAPK1.log
Using random seed: -1724118448

mode |  affinity  |  intramol  |    CNN     |   CNN
     | (kcal/mol) | (kcal/mol) | pose score | affinity
-----+------------+------------+------------+----------
    1       -9.83       -1.09       0.4856      7.382
    2       -8.23       -0.39       0.3652      7.411
    3       -8.39       -0.16       0.3314      7.146
    4      -10.06       -0.07       0.3171      7.450
    5       -9.15       -0.25       0.3037      6.284
    6       -9.19       -0.13       0.2967      7.344
    7       -8.60       -1.09       0.2936      7.285
    8       -9.90       -1.07       0.2783      6.652
    9       -8.54       -0.01       0.2558      5.891
