              _             
             (_)            
   __ _ _ __  _ _ __   __ _ 
  / _` | '_ \| | '_ \ / _` |
 | (_| | | | | | | | | (_| |
  \__, |_| |_|_|_| |_|\__,_|
   __/ |                    
  |___/                     

gnina v1.3 master:97fa6bc+   Built Oct  3 2024.
gnina is based on smina and AutoDock Vina.
Please cite appropriately.

Commandline: gnina --receptor Proteinas_preparadas/EGFR.pdbqt --ligand Bases_conjuntas/Targets/EGFR_MAPK1/EGFR_MAPK1_947.pdbqt --autobox_ligand Compuestos_preparados/EGFR.pdbqt --autobox_add 18 --exhaustiveness 16 --out docking/bases_conjuntas/EGFR_MAPK1_947_L_EGFR.pdbqt --log docking/bases_conjuntas/EGFR_MAPK1_947_L_EGFR.log
Using random seed: -735067328

mode |  affinity  |  intramol  |    CNN     |   CNN
     | (kcal/mol) | (kcal/mol) | pose score | affinity
-----+------------+------------+------------+----------
    1       -8.48       -0.09       0.4763      6.506
    2       -8.56       -1.18       0.4614      6.990
    3       -7.79       -1.32       0.4511      7.065
    4       -8.23       -0.47       0.4485      7.134
    5       -7.50       -0.91       0.4372      6.523
    6       -8.39       -1.09       0.4267      6.006
    7       -9.25       -0.84       0.4258      6.486
    8       -8.63       -0.75       0.4102      6.678
    9       -8.21       -0.32       0.3742      6.720
