              _             
             (_)            
   __ _ _ __  _ _ __   __ _ 
  / _` | '_ \| | '_ \ / _` |
 | (_| | | | | | | | | (_| |
  \__, |_| |_|_|_| |_|\__,_|
   __/ |                    
  |___/                     

gnina v1.3 master:97fa6bc+   Built Oct  3 2024.
gnina is based on smina and AutoDock Vina.
Please cite appropriately.

Commandline: gnina --receptor Proteinas_preparadas/EGFR.pdbqt --ligand Bases_conjuntas/Targets/EGFR_MAPK1/EGFR_MAPK1_316.pdbqt --autobox_ligand Compuestos_preparados/EGFR.pdbqt --autobox_add 18 --exhaustiveness 16 --cnn_scoring none --out docking/bases_conjuntas/EGFR_MAPK1_316_L_EGFR.pdbqt --log docking/bases_conjuntas/EGFR_MAPK1_316_L_EGFR.log
Using random seed: -1690636272

mode |  affinity  |  intramol  |    CNN     |   CNN
     | (kcal/mol) | (kcal/mol) | pose score | affinity
-----+------------+------------+------------+----------
    1       -9.80        2.08      -1.0000      0.000
    2       -9.61       -1.12      -1.0000      0.000
    3       -9.51        1.57      -1.0000      0.000
    4       -9.41       -0.25      -1.0000      0.000
    5       -9.40       -0.64      -1.0000      0.000
    6       -9.38        0.08      -1.0000      0.000
    7       -9.31       -0.54      -1.0000      0.000
    8       -8.86        0.18      -1.0000      0.000
    9       -8.86        0.70      -1.0000      0.000
