              _             
             (_)            
   __ _ _ __  _ _ __   __ _ 
  / _` | '_ \| | '_ \ / _` |
 | (_| | | | | | | | | (_| |
  \__, |_| |_|_|_| |_|\__,_|
   __/ |                    
  |___/                     

gnina v1.3 master:97fa6bc+   Built Oct  3 2024.
gnina is based on smina and AutoDock Vina.
Please cite appropriately.

Commandline: gnina --receptor Proteinas_preparadas/EGFR.pdbqt --ligand Bases_conjuntas/Targets/EGFR_MAPK1/EGFR_MAPK1_261.pdbqt --autobox_ligand Compuestos_preparados/EGFR.pdbqt --autobox_add 18 --exhaustiveness 16 --out docking/bases_conjuntas/EGFR_MAPK1_261_L_EGFR.pdbqt --log docking/bases_conjuntas/EGFR_MAPK1_261_L_EGFR.log
Using random seed: 1588373972

mode |  affinity  |  intramol  |    CNN     |   CNN
     | (kcal/mol) | (kcal/mol) | pose score | affinity
-----+------------+------------+------------+----------
    1       -8.57       -0.73       0.3756      6.175
    2       -8.42       -0.96       0.3624      6.503
    3      -10.29        0.60       0.3402      7.166
    4       -8.34       -0.07       0.3187      6.485
    5       -8.62       -1.21       0.2962      6.318
    6       -8.36       -1.06       0.2849      6.775
    7       -8.94       -0.38       0.2691      6.179
    8       -8.64        0.66       0.2554      6.503
    9       -8.28       -0.75       0.2374      5.867
