              _             
             (_)            
   __ _ _ __  _ _ __   __ _ 
  / _` | '_ \| | '_ \ / _` |
 | (_| | | | | | | | | (_| |
  \__, |_| |_|_|_| |_|\__,_|
   __/ |                    
  |___/                     

gnina v1.3 master:97fa6bc+   Built Oct  3 2024.
gnina is based on smina and AutoDock Vina.
Please cite appropriately.

Commandline: gnina --receptor Proteinas_preparadas/EGFR.pdbqt --ligand Bases_conjuntas/Targets/EGFR_MAPK1/EGFR_MAPK1_46.pdbqt --autobox_ligand Compuestos_preparados/EGFR.pdbqt --autobox_add 18 --exhaustiveness 16 --cnn_scoring none --out docking/bases_conjuntas/EGFR_MAPK1_46_L_EGFR.pdbqt --log docking/bases_conjuntas/EGFR_MAPK1_46_L_EGFR.log
Using random seed: -1121151609

mode |  affinity  |  intramol  |    CNN     |   CNN
     | (kcal/mol) | (kcal/mol) | pose score | affinity
-----+------------+------------+------------+----------
    1      -10.04       -0.91      -1.0000      0.000
    2       -9.80       -0.92      -1.0000      0.000
    3       -9.24       -0.29      -1.0000      0.000
    4       -9.23       -0.34      -1.0000      0.000
    5       -9.12       -0.01      -1.0000      0.000
    6       -9.05        0.07      -1.0000      0.000
    7       -8.86       -1.56      -1.0000      0.000
    8       -8.86       -0.01      -1.0000      0.000
    9       -8.76       -0.31      -1.0000      0.000
