              _             
             (_)            
   __ _ _ __  _ _ __   __ _ 
  / _` | '_ \| | '_ \ / _` |
 | (_| | | | | | | | | (_| |
  \__, |_| |_|_|_| |_|\__,_|
   __/ |                    
  |___/                     

gnina v1.3 master:97fa6bc+   Built Oct  3 2024.
gnina is based on smina and AutoDock Vina.
Please cite appropriately.

Commandline: gnina --receptor Proteinas_preparadas/EGFR.pdbqt --ligand Bases_conjuntas/Targets/EGFR_MAPK1/EGFR_MAPK1_405.pdbqt --autobox_ligand Compuestos_preparados/EGFR.pdbqt --autobox_add 18 --exhaustiveness 16 --out docking/bases_conjuntas/EGFR_MAPK1_405_L_EGFR.pdbqt --log docking/bases_conjuntas/EGFR_MAPK1_405_L_EGFR.log
Using random seed: -1333830320

mode |  affinity  |  intramol  |    CNN     |   CNN
     | (kcal/mol) | (kcal/mol) | pose score | affinity
-----+------------+------------+------------+----------
    1       -8.03       -0.60       0.8566      7.467
    2       -7.15       -1.01       0.6089      7.280
    3       -8.95        0.38       0.5490      7.150
    4       -7.35       -0.01       0.4918      6.836
    5       -7.88       -0.03       0.4896      6.900
    6       -6.82       -0.35       0.4441      5.723
    7       -7.25       -0.58       0.3858      5.770
    8       -7.20       -0.74       0.3822      6.002
    9       -8.87        0.13       0.3469      6.877
