              _             
             (_)            
   __ _ _ __  _ _ __   __ _ 
  / _` | '_ \| | '_ \ / _` |
 | (_| | | | | | | | | (_| |
  \__, |_| |_|_|_| |_|\__,_|
   __/ |                    
  |___/                     

gnina v1.3 master:97fa6bc+   Built Oct  3 2024.
gnina is based on smina and AutoDock Vina.
Please cite appropriately.

Commandline: gnina --receptor Proteinas_preparadas/EGFR.pdbqt --ligand Bases_conjuntas/Targets/EGFR_MAPK1/EGFR_MAPK1_570.pdbqt --autobox_ligand Compuestos_preparados/EGFR.pdbqt --autobox_add 18 --exhaustiveness 16 --out docking/bases_conjuntas/EGFR_MAPK1_570_L_EGFR.pdbqt --log docking/bases_conjuntas/EGFR_MAPK1_570_L_EGFR.log
Using random seed: -1683322696

mode |  affinity  |  intramol  |    CNN     |   CNN
     | (kcal/mol) | (kcal/mol) | pose score | affinity
-----+------------+------------+------------+----------
    1       -8.81        0.11       0.6081      6.763
    2       -8.06        0.13       0.4591      6.295
    3       -7.70       -0.72       0.4133      6.049
    4       -7.27       -0.55       0.3837      5.948
    5       -6.57       -0.37       0.3328      5.703
    6       -6.68        0.02       0.2962      5.365
    7       -8.93        0.93       0.2920      5.601
    8       -6.79       -0.36       0.2665      5.308
    9       -8.16       -0.51       0.2604      5.812
