              _             
             (_)            
   __ _ _ __  _ _ __   __ _ 
  / _` | '_ \| | '_ \ / _` |
 | (_| | | | | | | | | (_| |
  \__, |_| |_|_|_| |_|\__,_|
   __/ |                    
  |___/                     

gnina v1.3 master:97fa6bc+   Built Oct  3 2024.
gnina is based on smina and AutoDock Vina.
Please cite appropriately.

Commandline: gnina --receptor Proteinas_preparadas/MAPK1.pdbqt --ligand Bases_conjuntas/Targets/EGFR_MAPK1/EGFR_MAPK1_1088.pdbqt --autobox_ligand Compuestos_preparados/MAPK1.pdbqt --autobox_add 18 --exhaustiveness 16 --out docking/bases_conjuntas/EGFR_MAPK1_1088_L_MAPK1.pdbqt --log docking/bases_conjuntas/EGFR_MAPK1_1088_L_MAPK1.log
Using random seed: -1182052152

mode |  affinity  |  intramol  |    CNN     |   CNN
     | (kcal/mol) | (kcal/mol) | pose score | affinity
-----+------------+------------+------------+----------
    1       -6.50       -1.29       0.5314      7.361
    2       -6.92       -1.56       0.2038      6.259
    3       -8.23       -0.47       0.2012      6.376
    4       -7.04       -1.15       0.1930      5.856
    5       -7.26       -1.11       0.1921      6.128
    6       -8.13       -1.06       0.1826      7.342
    7       -9.68       -1.50       0.1717      7.094
    8       -6.96       -0.99       0.1629      5.963
    9       -6.83        0.13       0.1508      5.692
