              _             
             (_)            
   __ _ _ __  _ _ __   __ _ 
  / _` | '_ \| | '_ \ / _` |
 | (_| | | | | | | | | (_| |
  \__, |_| |_|_|_| |_|\__,_|
   __/ |                    
  |___/                     

gnina v1.3 master:97fa6bc+   Built Oct  3 2024.
gnina is based on smina and AutoDock Vina.
Please cite appropriately.

Commandline: gnina --receptor Proteinas_preparadas/MAPK1.pdbqt --ligand Bases_conjuntas/Targets/EGFR_MAPK1/EGFR_MAPK1_850.pdbqt --autobox_ligand Compuestos_preparados/MAPK1.pdbqt --autobox_add 18 --exhaustiveness 16 --out docking/bases_conjuntas/EGFR_MAPK1_850_L_MAPK1.pdbqt --log docking/bases_conjuntas/EGFR_MAPK1_850_L_MAPK1.log
Using random seed: 570584096

mode |  affinity  |  intramol  |    CNN     |   CNN
     | (kcal/mol) | (kcal/mol) | pose score | affinity
-----+------------+------------+------------+----------
    1       -5.75        0.91       0.5263      6.494
    2       -8.07       -0.91       0.4706      6.734
    3       -6.20       -0.89       0.3795      5.807
    4       -5.51       -0.78       0.3527      6.142
    5       -6.72       -0.86       0.3375      6.110
    6       -9.01        0.83       0.2818      6.440
    7       -5.66       -0.85       0.2457      5.615
    8       -6.69       -0.96       0.2398      5.778
    9       -5.03       -0.56       0.2250      6.179
