              _             
             (_)            
   __ _ _ __  _ _ __   __ _ 
  / _` | '_ \| | '_ \ / _` |
 | (_| | | | | | | | | (_| |
  \__, |_| |_|_|_| |_|\__,_|
   __/ |                    
  |___/                     

gnina v1.3 master:97fa6bc+   Built Oct  3 2024.
gnina is based on smina and AutoDock Vina.
Please cite appropriately.

Commandline: gnina --receptor Proteinas_preparadas/MAPK1.pdbqt --ligand Bases_conjuntas/Targets/EGFR_MAPK1/EGFR_MAPK1_910.pdbqt --autobox_ligand Compuestos_preparados/MAPK1.pdbqt --autobox_add 18 --exhaustiveness 16 --out docking/bases_conjuntas/EGFR_MAPK1_910_L_MAPK1.pdbqt --log docking/bases_conjuntas/EGFR_MAPK1_910_L_MAPK1.log
Using random seed: 1505897508

mode |  affinity  |  intramol  |    CNN     |   CNN
     | (kcal/mol) | (kcal/mol) | pose score | affinity
-----+------------+------------+------------+----------
    1       -6.55        0.12       0.6051      6.360
    2       -9.17        0.35       0.5726      7.130
    3       -7.51        0.66       0.5714      6.061
    4      -10.55        0.24       0.5515      7.152
    5       -6.67        0.47       0.4524      5.861
    6       -6.35        0.51       0.3674      5.939
    7       -8.24        0.24       0.3415      6.227
    8       -7.84        0.70       0.3343      6.087
    9       -6.74        0.07       0.3080      6.323
