              _             
             (_)            
   __ _ _ __  _ _ __   __ _ 
  / _` | '_ \| | '_ \ / _` |
 | (_| | | | | | | | | (_| |
  \__, |_| |_|_|_| |_|\__,_|
   __/ |                    
  |___/                     

gnina v1.3 master:97fa6bc+   Built Oct  3 2024.
gnina is based on smina and AutoDock Vina.
Please cite appropriately.

Commandline: gnina --receptor Proteinas_preparadas/EGFR.pdbqt --ligand Bases_conjuntas/Targets/EGFR_SRC/EGFR_SRC_1149.pdbqt --autobox_ligand Compuestos_preparados/EGFR.pdbqt --autobox_add 18 --exhaustiveness 16 --out docking/bases_conjuntas/EGFR_SRC_1149_L_EGFR.pdbqt --log docking/bases_conjuntas/EGFR_SRC_1149_L_EGFR.log
Using random seed: -240270656

mode |  affinity  |  intramol  |    CNN     |   CNN
     | (kcal/mol) | (kcal/mol) | pose score | affinity
-----+------------+------------+------------+----------
    1       -8.33       -3.00       0.4696      7.153
    2       -9.49       -1.63       0.2574      7.177
    3       -8.47       -1.72       0.2485      6.805
    4       -9.87        0.17       0.2361      6.480
    5       -8.50       -2.51       0.1855      6.447
    6       -8.40       -0.03       0.1740      6.134
    7       -9.16       -2.07       0.1714      5.971
    8       -9.16       -1.81       0.1415      6.277
    9       -8.33       -0.93       0.1391      5.864
