              _             
             (_)            
   __ _ _ __  _ _ __   __ _ 
  / _` | '_ \| | '_ \ / _` |
 | (_| | | | | | | | | (_| |
  \__, |_| |_|_|_| |_|\__,_|
   __/ |                    
  |___/                     

gnina v1.3 master:97fa6bc+   Built Oct  3 2024.
gnina is based on smina and AutoDock Vina.
Please cite appropriately.

Commandline: gnina --receptor Proteinas_preparadas/EGFR.pdbqt --ligand Bases_conjuntas/Targets/EGFR_MAPK1/EGFR_MAPK1_254.pdbqt --autobox_ligand Compuestos_preparados/EGFR.pdbqt --autobox_add 18 --exhaustiveness 16 --out docking/bases_conjuntas/EGFR_MAPK1_254_L_EGFR.pdbqt --log docking/bases_conjuntas/EGFR_MAPK1_254_L_EGFR.log
Using random seed: 384142580

mode |  affinity  |  intramol  |    CNN     |   CNN
     | (kcal/mol) | (kcal/mol) | pose score | affinity
-----+------------+------------+------------+----------
    1       -8.71       -0.75       0.4459      7.926
    2       -7.82       -0.84       0.4034      7.122
    3       -7.83       -1.16       0.4028      7.597
    4       -7.91       -1.13       0.3055      7.556
    5       -9.99        0.20       0.2875      8.008
    6      -11.32       -1.24       0.2873      7.859
    7       -9.45       -1.36       0.2057      6.873
    8      -10.72       -1.12       0.1928      7.632
    9       -9.89       -1.74       0.1696      7.368
