              _             
             (_)            
   __ _ _ __  _ _ __   __ _ 
  / _` | '_ \| | '_ \ / _` |
 | (_| | | | | | | | | (_| |
  \__, |_| |_|_|_| |_|\__,_|
   __/ |                    
  |___/                     

gnina v1.3 master:97fa6bc+   Built Oct  3 2024.
gnina is based on smina and AutoDock Vina.
Please cite appropriately.

Commandline: gnina --receptor Proteinas_preparadas/MAPK1.pdbqt --ligand Bases_conjuntas/Targets/EGFR_MAPK1/EGFR_MAPK1_730.pdbqt --autobox_ligand Compuestos_preparados/MAPK1.pdbqt --autobox_add 18 --exhaustiveness 16 --out docking/bases_conjuntas/EGFR_MAPK1_730_L_MAPK1.pdbqt --log docking/bases_conjuntas/EGFR_MAPK1_730_L_MAPK1.log
Using random seed: 964269115

mode |  affinity  |  intramol  |    CNN     |   CNN
     | (kcal/mol) | (kcal/mol) | pose score | affinity
-----+------------+------------+------------+----------
    1       -6.04       -1.02       0.3755      5.709
    2       -8.53        0.53       0.2996      7.057
    3       -6.19       -0.02       0.2489      6.099
    4       -6.94       -1.02       0.2314      6.254
    5       -6.03       -0.61       0.2067      5.554
    6       -6.69       -1.42       0.1846      5.090
    7       -6.76       -0.89       0.1807      6.198
    8       -6.86       -0.62       0.1652      5.652
    9       -5.79       -1.22       0.1448      5.163
