              _             
             (_)            
   __ _ _ __  _ _ __   __ _ 
  / _` | '_ \| | '_ \ / _` |
 | (_| | | | | | | | | (_| |
  \__, |_| |_|_|_| |_|\__,_|
   __/ |                    
  |___/                     

gnina v1.3 master:97fa6bc+   Built Oct  3 2024.
gnina is based on smina and AutoDock Vina.
Please cite appropriately.

Commandline: gnina --receptor Proteinas_preparadas/EGFR.pdbqt --ligand Bases_conjuntas/Targets/EGFR_MAPK1/EGFR_MAPK1_280.pdbqt --autobox_ligand Compuestos_preparados/EGFR.pdbqt --autobox_add 18 --exhaustiveness 16 --cnn_scoring none --out docking/bases_conjuntas/EGFR_MAPK1_280_L_EGFR.pdbqt --log docking/bases_conjuntas/EGFR_MAPK1_280_L_EGFR.log
Using random seed: 1531363917

mode |  affinity  |  intramol  |    CNN     |   CNN
     | (kcal/mol) | (kcal/mol) | pose score | affinity
-----+------------+------------+------------+----------
    1       -9.68        4.77      -1.0000      0.000
    2       -9.24       -0.64      -1.0000      0.000
    3       -8.77       -1.20      -1.0000      0.000
    4       -8.75        4.51      -1.0000      0.000
    5       -8.64        5.05      -1.0000      0.000
    6       -8.56        4.61      -1.0000      0.000
    7       -8.26        4.13      -1.0000      0.000
    8       -8.16       -1.18      -1.0000      0.000
    9       -8.03        4.34      -1.0000      0.000
