              _             
             (_)            
   __ _ _ __  _ _ __   __ _ 
  / _` | '_ \| | '_ \ / _` |
 | (_| | | | | | | | | (_| |
  \__, |_| |_|_|_| |_|\__,_|
   __/ |                    
  |___/                     

gnina v1.3 master:97fa6bc+   Built Oct  3 2024.
gnina is based on smina and AutoDock Vina.
Please cite appropriately.

Commandline: gnina --receptor Proteinas_preparadas/MAPK1.pdbqt --ligand Bases_conjuntas/Targets/EGFR_MAPK1/EGFR_MAPK1_906.pdbqt --autobox_ligand Compuestos_preparados/MAPK1.pdbqt --autobox_add 18 --exhaustiveness 16 --out docking/bases_conjuntas/EGFR_MAPK1_906_L_MAPK1.pdbqt --log docking/bases_conjuntas/EGFR_MAPK1_906_L_MAPK1.log
Using random seed: -878558152

mode |  affinity  |  intramol  |    CNN     |   CNN
     | (kcal/mol) | (kcal/mol) | pose score | affinity
-----+------------+------------+------------+----------
    1       -7.42       -1.43       0.5367      6.422
    2       -6.98       -0.86       0.3654      6.922
    3       -6.67       -1.38       0.3031      6.835
    4       -7.06        0.47       0.2589      6.823
    5       -7.55       -1.58       0.2579      6.024
    6       -7.28       -2.14       0.2491      6.871
    7       -6.66       -0.41       0.2469      6.224
    8       -8.29       -0.53       0.2410      6.541
    9       -8.64       -2.10       0.2172      7.085
