              _             
             (_)            
   __ _ _ __  _ _ __   __ _ 
  / _` | '_ \| | '_ \ / _` |
 | (_| | | | | | | | | (_| |
  \__, |_| |_|_|_| |_|\__,_|
   __/ |                    
  |___/                     

gnina v1.3 master:97fa6bc+   Built Oct  3 2024.
gnina is based on smina and AutoDock Vina.
Please cite appropriately.

Commandline: gnina --receptor Proteinas_preparadas/EGFR.pdbqt --ligand Bases_conjuntas/Targets/EGFR_MAPK1/EGFR_MAPK1_829.pdbqt --autobox_ligand Compuestos_preparados/EGFR.pdbqt --autobox_add 18 --exhaustiveness 16 --out docking/bases_conjuntas/EGFR_MAPK1_829_L_EGFR.pdbqt --log docking/bases_conjuntas/EGFR_MAPK1_829_L_EGFR.log
Using random seed: 126340783

mode |  affinity  |  intramol  |    CNN     |   CNN
     | (kcal/mol) | (kcal/mol) | pose score | affinity
-----+------------+------------+------------+----------
    1       -7.54        0.79       0.5574      6.090
    2       -7.02       -0.22       0.5423      6.041
    3       -7.34       -0.52       0.5008      6.719
    4       -7.30        0.29       0.4630      5.932
    5       -8.25        0.36       0.3705      7.190
    6       -9.65        0.51       0.3620      6.762
    7       -8.60        0.27       0.3393      6.887
    8       -7.25        0.13       0.2822      5.663
    9       -8.37       -0.36       0.2716      6.859
