              _             
             (_)            
   __ _ _ __  _ _ __   __ _ 
  / _` | '_ \| | '_ \ / _` |
 | (_| | | | | | | | | (_| |
  \__, |_| |_|_|_| |_|\__,_|
   __/ |                    
  |___/                     

gnina v1.3 master:97fa6bc+   Built Oct  3 2024.
gnina is based on smina and AutoDock Vina.
Please cite appropriately.

Commandline: gnina --receptor Proteinas_preparadas/MAPK1.pdbqt --ligand Bases_conjuntas/Targets/EGFR_MAPK1/EGFR_MAPK1_833.pdbqt --autobox_ligand Compuestos_preparados/MAPK1.pdbqt --autobox_add 18 --exhaustiveness 16 --out docking/bases_conjuntas/EGFR_MAPK1_833_L_MAPK1.pdbqt --log docking/bases_conjuntas/EGFR_MAPK1_833_L_MAPK1.log
Using random seed: -385166354

mode |  affinity  |  intramol  |    CNN     |   CNN
     | (kcal/mol) | (kcal/mol) | pose score | affinity
-----+------------+------------+------------+----------
    1       -9.07       -1.19       0.5535      7.297
    2       -8.94       -0.26       0.4684      6.612
    3       -9.24       -0.43       0.4442      7.412
    4      -10.90        0.47       0.4375      7.067
    5       -9.26       -0.48       0.4014      6.848
    6      -10.49        0.32       0.3716      6.848
    7       -9.29        1.09       0.3710      7.154
    8       -9.89       -0.40       0.2990      6.794
    9      -10.70        0.53       0.2884      6.918
