              _             
             (_)            
   __ _ _ __  _ _ __   __ _ 
  / _` | '_ \| | '_ \ / _` |
 | (_| | | | | | | | | (_| |
  \__, |_| |_|_|_| |_|\__,_|
   __/ |                    
  |___/                     

gnina v1.3 master:97fa6bc+   Built Oct  3 2024.
gnina is based on smina and AutoDock Vina.
Please cite appropriately.

Commandline: gnina --receptor Proteinas_preparadas/EGFR.pdbqt --ligand Bases_conjuntas/Targets/EGFR_MAPK1/EGFR_MAPK1_883.pdbqt --autobox_ligand Compuestos_preparados/EGFR.pdbqt --autobox_add 18 --exhaustiveness 16 --out docking/bases_conjuntas/EGFR_MAPK1_883_L_EGFR.pdbqt --log docking/bases_conjuntas/EGFR_MAPK1_883_L_EGFR.log
Using random seed: 986542500

mode |  affinity  |  intramol  |    CNN     |   CNN
     | (kcal/mol) | (kcal/mol) | pose score | affinity
-----+------------+------------+------------+----------
    1       -8.67       -0.54       0.4120      6.245
    2       -9.33       -0.88       0.3697      6.190
    3       -8.85       -0.72       0.3406      6.045
    4       -9.04       -0.17       0.3273      6.059
    5      -10.12        0.17       0.2872      6.168
    6      -10.37       -1.73       0.2434      7.339
    7      -10.32        0.08       0.2257      7.063
    8       -8.55        0.07       0.2124      5.836
    9       -8.32       -1.23       0.1905      5.752
