              _             
             (_)            
   __ _ _ __  _ _ __   __ _ 
  / _` | '_ \| | '_ \ / _` |
 | (_| | | | | | | | | (_| |
  \__, |_| |_|_|_| |_|\__,_|
   __/ |                    
  |___/                     

gnina v1.3 master:97fa6bc+   Built Oct  3 2024.
gnina is based on smina and AutoDock Vina.
Please cite appropriately.

Commandline: gnina --receptor Proteinas_preparadas/EGFR.pdbqt --ligand Bases_conjuntas/Targets/EGFR_MAPK1/EGFR_MAPK1_622.pdbqt --autobox_ligand Compuestos_preparados/EGFR.pdbqt --autobox_add 18 --exhaustiveness 16 --out docking/bases_conjuntas/EGFR_MAPK1_622_L_EGFR.pdbqt --log docking/bases_conjuntas/EGFR_MAPK1_622_L_EGFR.log
Using random seed: 1440103608

mode |  affinity  |  intramol  |    CNN     |   CNN
     | (kcal/mol) | (kcal/mol) | pose score | affinity
-----+------------+------------+------------+----------
    1       -6.42        0.03       0.6626      6.840
    2       -6.08        0.74       0.6086      5.444
    3       -6.28       -0.94       0.4892      6.535
    4       -6.37        0.07       0.4868      6.780
    5       -6.50       -0.61       0.4645      6.286
    6       -6.23       -0.76       0.3746      5.943
    7       -6.25       -0.69       0.3260      6.481
    8       -6.97       -0.74       0.3213      6.339
    9       -6.25       -0.99       0.2499      6.191
