              _             
             (_)            
   __ _ _ __  _ _ __   __ _ 
  / _` | '_ \| | '_ \ / _` |
 | (_| | | | | | | | | (_| |
  \__, |_| |_|_|_| |_|\__,_|
   __/ |                    
  |___/                     

gnina v1.3 master:97fa6bc+   Built Oct  3 2024.
gnina is based on smina and AutoDock Vina.
Please cite appropriately.

Commandline: gnina --receptor Proteinas_preparadas/EGFR.pdbqt --ligand Bases_conjuntas/Targets/EGFR_MAPK1/EGFR_MAPK1_894.pdbqt --autobox_ligand Compuestos_preparados/EGFR.pdbqt --autobox_add 18 --exhaustiveness 16 --out docking/bases_conjuntas/EGFR_MAPK1_894_L_EGFR.pdbqt --log docking/bases_conjuntas/EGFR_MAPK1_894_L_EGFR.log
Using random seed: -746321890

mode |  affinity  |  intramol  |    CNN     |   CNN
     | (kcal/mol) | (kcal/mol) | pose score | affinity
-----+------------+------------+------------+----------
    1       -6.75       -1.08       0.6588      7.082
    2       -8.19       -0.98       0.5925      7.659
    3       -7.27       -0.68       0.5876      6.896
    4       -7.55       -1.01       0.4342      6.916
    5       -6.93       -0.40       0.3686      6.528
    6       -7.19       -1.13       0.3452      7.296
    7       -7.60       -0.95       0.3417      6.079
    8       -7.42       -1.12       0.3346      6.928
    9       -7.00       -1.20       0.3257      6.392
