              _             
             (_)            
   __ _ _ __  _ _ __   __ _ 
  / _` | '_ \| | '_ \ / _` |
 | (_| | | | | | | | | (_| |
  \__, |_| |_|_|_| |_|\__,_|
   __/ |                    
  |___/                     

gnina v1.3 master:97fa6bc+   Built Oct  3 2024.
gnina is based on smina and AutoDock Vina.
Please cite appropriately.

Commandline: gnina --receptor Proteinas_preparadas/MAPK1.pdbqt --ligand Bases_conjuntas/Targets/EGFR_MAPK1/EGFR_MAPK1_794.pdbqt --autobox_ligand Compuestos_preparados/MAPK1.pdbqt --autobox_add 18 --exhaustiveness 16 --out docking/bases_conjuntas/EGFR_MAPK1_794_L_MAPK1.pdbqt --log docking/bases_conjuntas/EGFR_MAPK1_794_L_MAPK1.log
Using random seed: 2096226373

mode |  affinity  |  intramol  |    CNN     |   CNN
     | (kcal/mol) | (kcal/mol) | pose score | affinity
-----+------------+------------+------------+----------
    1       -8.47       -0.77       0.5602      7.241
    2       -6.18       -0.72       0.4595      6.493
    3       -8.69       -0.89       0.4386      7.141
    4       -6.07        0.06       0.4358      5.399
    5       -6.32       -0.23       0.4180      5.866
    6       -6.83       -1.87       0.4153      6.276
    7       -8.62        0.39       0.3775      6.973
    8       -6.66        0.02       0.3584      6.275
    9       -7.48       -1.38       0.3436      5.515
