              _             
             (_)            
   __ _ _ __  _ _ __   __ _ 
  / _` | '_ \| | '_ \ / _` |
 | (_| | | | | | | | | (_| |
  \__, |_| |_|_|_| |_|\__,_|
   __/ |                    
  |___/                     

gnina v1.3 master:97fa6bc+   Built Oct  3 2024.
gnina is based on smina and AutoDock Vina.
Please cite appropriately.

Commandline: gnina --receptor Proteinas_preparadas/EGFR.pdbqt --ligand Bases_conjuntas/Targets/EGFR_MAPK1/EGFR_MAPK1_662.pdbqt --autobox_ligand Compuestos_preparados/EGFR.pdbqt --autobox_add 18 --exhaustiveness 16 --out docking/bases_conjuntas/EGFR_MAPK1_662_L_EGFR.pdbqt --log docking/bases_conjuntas/EGFR_MAPK1_662_L_EGFR.log
Using random seed: -2027822272

mode |  affinity  |  intramol  |    CNN     |   CNN
     | (kcal/mol) | (kcal/mol) | pose score | affinity
-----+------------+------------+------------+----------
    1       -8.16       -0.85       0.7455      6.295
    2       -8.06       -0.84       0.5739      5.818
    3       -9.95       -0.14       0.5497      6.323
    4       -9.37       -0.84       0.5470      6.612
    5       -8.41       -0.68       0.4961      5.624
    6       -8.91       -0.34       0.4838      6.530
    7       -7.71       -0.68       0.4834      5.503
    8       -7.64       -0.38       0.4495      5.722
    9      -10.50       -0.44       0.4429      6.521
