              _             
             (_)            
   __ _ _ __  _ _ __   __ _ 
  / _` | '_ \| | '_ \ / _` |
 | (_| | | | | | | | | (_| |
  \__, |_| |_|_|_| |_|\__,_|
   __/ |                    
  |___/                     

gnina v1.3 master:97fa6bc+   Built Oct  3 2024.
gnina is based on smina and AutoDock Vina.
Please cite appropriately.

Commandline: gnina --receptor Proteinas_preparadas/MAPK1.pdbqt --ligand Bases_conjuntas/Targets/EGFR_MAPK1/EGFR_MAPK1_960.pdbqt --autobox_ligand Compuestos_preparados/MAPK1.pdbqt --autobox_add 18 --exhaustiveness 16 --out docking/bases_conjuntas/EGFR_MAPK1_960_L_MAPK1.pdbqt --log docking/bases_conjuntas/EGFR_MAPK1_960_L_MAPK1.log
Using random seed: 277938283

mode |  affinity  |  intramol  |    CNN     |   CNN
     | (kcal/mol) | (kcal/mol) | pose score | affinity
-----+------------+------------+------------+----------
    1       -9.94       -0.19       0.6656      7.197
    2       -8.24       -0.48       0.6311      6.713
    3       -8.04        1.55       0.5072      7.186
    4       -7.24       -0.80       0.3713      6.374
    5       -7.61        0.26       0.3383      6.495
    6       -8.16       -0.42       0.2943      6.333
    7       -7.11       -0.09       0.2883      5.846
    8       -8.18       -0.46       0.2773      6.557
    9       -9.46       -0.10       0.2703      6.689
