              _             
             (_)            
   __ _ _ __  _ _ __   __ _ 
  / _` | '_ \| | '_ \ / _` |
 | (_| | | | | | | | | (_| |
  \__, |_| |_|_|_| |_|\__,_|
   __/ |                    
  |___/                     

gnina v1.3 master:97fa6bc+   Built Oct  3 2024.
gnina is based on smina and AutoDock Vina.
Please cite appropriately.

Commandline: gnina --receptor Proteinas_preparadas/MAPK1.pdbqt --ligand Bases_conjuntas/Targets/EGFR_MAPK1/EGFR_MAPK1_520.pdbqt --autobox_ligand Compuestos_preparados/MAPK1.pdbqt --autobox_add 18 --exhaustiveness 16 --cnn_scoring none --out docking/bases_conjuntas/EGFR_MAPK1_520_L_MAPK1.pdbqt --log docking/bases_conjuntas/EGFR_MAPK1_520_L_MAPK1.log
Using random seed: 668960652

mode |  affinity  |  intramol  |    CNN     |   CNN
     | (kcal/mol) | (kcal/mol) | pose score | affinity
-----+------------+------------+------------+----------
    1       -4.10        0.00      -1.0000      0.000
    2       -3.92        0.00      -1.0000      0.000
    3       -3.87        0.00      -1.0000      0.000
    4       -3.87        0.00      -1.0000      0.000
    5       -3.82        0.00      -1.0000      0.000
    6       -3.74        0.00      -1.0000      0.000
    7       -3.73        0.00      -1.0000      0.000
    8       -3.73        0.00      -1.0000      0.000
    9       -3.66        0.00      -1.0000      0.000
