              _             
             (_)            
   __ _ _ __  _ _ __   __ _ 
  / _` | '_ \| | '_ \ / _` |
 | (_| | | | | | | | | (_| |
  \__, |_| |_|_|_| |_|\__,_|
   __/ |                    
  |___/                     

gnina v1.3 master:97fa6bc+   Built Oct  3 2024.
gnina is based on smina and AutoDock Vina.
Please cite appropriately.

Commandline: gnina --receptor Proteinas_preparadas/MAPK1.pdbqt --ligand Bases_conjuntas/Targets/EGFR_MAPK1/EGFR_MAPK1_141.pdbqt --autobox_ligand Compuestos_preparados/MAPK1.pdbqt --autobox_add 18 --exhaustiveness 16 --out docking/bases_conjuntas/EGFR_MAPK1_141_L_MAPK1.pdbqt --log docking/bases_conjuntas/EGFR_MAPK1_141_L_MAPK1.log
Using random seed: -2041800950

mode |  affinity  |  intramol  |    CNN     |   CNN
     | (kcal/mol) | (kcal/mol) | pose score | affinity
-----+------------+------------+------------+----------
    1       -7.93        0.28       0.4304      6.405
    2       -7.71       -0.05       0.4059      7.464
    3       -8.07       -1.09       0.3662      6.971
    4       -7.32       -0.83       0.3648      6.911
    5       -7.95        1.33       0.3276      6.627
    6       -8.65       -1.19       0.3223      6.894
    7       -7.55        0.26       0.3120      7.041
    8       -7.53       -0.67       0.3049      6.886
    9       -9.07       -1.06       0.3020      7.130
