              _             
             (_)            
   __ _ _ __  _ _ __   __ _ 
  / _` | '_ \| | '_ \ / _` |
 | (_| | | | | | | | | (_| |
  \__, |_| |_|_|_| |_|\__,_|
   __/ |                    
  |___/                     

gnina v1.3 master:97fa6bc+   Built Oct  3 2024.
gnina is based on smina and AutoDock Vina.
Please cite appropriately.

Commandline: gnina --receptor Proteinas_preparadas/MAPK1.pdbqt --ligand Bases_conjuntas/Targets/EGFR_MAPK1/EGFR_MAPK1_425.pdbqt --autobox_ligand Compuestos_preparados/MAPK1.pdbqt --autobox_add 18 --exhaustiveness 16 --out docking/bases_conjuntas/EGFR_MAPK1_425_L_MAPK1.pdbqt --log docking/bases_conjuntas/EGFR_MAPK1_425_L_MAPK1.log
Using random seed: -1410888495

mode |  affinity  |  intramol  |    CNN     |   CNN
     | (kcal/mol) | (kcal/mol) | pose score | affinity
-----+------------+------------+------------+----------
    1       -8.09       -0.70       0.5972      7.166
    2       -8.22       -0.25       0.5510      6.521
    3       -8.25       -0.46       0.4902      7.603
    4       -8.14       -1.95       0.4808      7.309
    5       -8.45       -2.25       0.4414      6.625
    6       -8.54       -1.97       0.3975      6.869
    7       -8.14       -0.79       0.3698      6.981
    8       -8.34       -1.77       0.3596      7.126
    9       -8.16       -0.23       0.3463      6.610
