              _             
             (_)            
   __ _ _ __  _ _ __   __ _ 
  / _` | '_ \| | '_ \ / _` |
 | (_| | | | | | | | | (_| |
  \__, |_| |_|_|_| |_|\__,_|
   __/ |                    
  |___/                     

gnina v1.3 master:97fa6bc+   Built Oct  3 2024.
gnina is based on smina and AutoDock Vina.
Please cite appropriately.

Commandline: gnina --receptor Proteinas_preparadas/EGFR.pdbqt --ligand Bases_conjuntas/Targets/EGFR_MAPK1/EGFR_MAPK1_524.pdbqt --autobox_ligand Compuestos_preparados/EGFR.pdbqt --autobox_add 18 --exhaustiveness 16 --cnn_scoring none --out docking/bases_conjuntas/EGFR_MAPK1_524_L_EGFR.pdbqt --log docking/bases_conjuntas/EGFR_MAPK1_524_L_EGFR.log
Using random seed: -1637260961

mode |  affinity  |  intramol  |    CNN     |   CNN
     | (kcal/mol) | (kcal/mol) | pose score | affinity
-----+------------+------------+------------+----------
    1       -7.21       -0.71      -1.0000      0.000
    2       -6.64       -0.75      -1.0000      0.000
    3       -6.63        0.38      -1.0000      0.000
    4       -6.54       -0.73      -1.0000      0.000
    5       -6.53       -0.64      -1.0000      0.000
    6       -6.51       -0.59      -1.0000      0.000
    7       -6.46       -0.41      -1.0000      0.000
    8       -6.39       -0.58      -1.0000      0.000
    9       -6.35       -0.73      -1.0000      0.000
