              _             
             (_)            
   __ _ _ __  _ _ __   __ _ 
  / _` | '_ \| | '_ \ / _` |
 | (_| | | | | | | | | (_| |
  \__, |_| |_|_|_| |_|\__,_|
   __/ |                    
  |___/                     

gnina v1.3 master:97fa6bc+   Built Oct  3 2024.
gnina is based on smina and AutoDock Vina.
Please cite appropriately.

Commandline: gnina --receptor Proteinas_preparadas/EGFR.pdbqt --ligand Bases_conjuntas/Targets/EGFR_MAPK1/EGFR_MAPK1_479.pdbqt --autobox_ligand Compuestos_preparados/EGFR.pdbqt --autobox_add 18 --exhaustiveness 16 --cnn_scoring none --out docking/bases_conjuntas/EGFR_MAPK1_479_L_EGFR.pdbqt --log docking/bases_conjuntas/EGFR_MAPK1_479_L_EGFR.log
Using random seed: -1774373918

mode |  affinity  |  intramol  |    CNN     |   CNN
     | (kcal/mol) | (kcal/mol) | pose score | affinity
-----+------------+------------+------------+----------
    1       -8.43       -0.14      -1.0000      0.000
    2       -8.33       -0.37      -1.0000      0.000
    3       -7.84        2.38      -1.0000      0.000
    4       -7.67       -1.11      -1.0000      0.000
    5       -7.50       -0.91      -1.0000      0.000
    6       -7.40       -0.45      -1.0000      0.000
    7       -7.26       -0.71      -1.0000      0.000
    8       -7.22       -0.84      -1.0000      0.000
    9       -7.10       -0.08      -1.0000      0.000
