              _             
             (_)            
   __ _ _ __  _ _ __   __ _ 
  / _` | '_ \| | '_ \ / _` |
 | (_| | | | | | | | | (_| |
  \__, |_| |_|_|_| |_|\__,_|
   __/ |                    
  |___/                     

gnina v1.3 master:97fa6bc+   Built Oct  3 2024.
gnina is based on smina and AutoDock Vina.
Please cite appropriately.

Commandline: gnina --receptor Proteinas_preparadas/MAPK1.pdbqt --ligand Bases_conjuntas/Targets/EGFR_MAPK1/EGFR_MAPK1_479.pdbqt --autobox_ligand Compuestos_preparados/MAPK1.pdbqt --autobox_add 18 --exhaustiveness 16 --out docking/bases_conjuntas/EGFR_MAPK1_479_L_MAPK1.pdbqt --log docking/bases_conjuntas/EGFR_MAPK1_479_L_MAPK1.log
Using random seed: 644592339

mode |  affinity  |  intramol  |    CNN     |   CNN
     | (kcal/mol) | (kcal/mol) | pose score | affinity
-----+------------+------------+------------+----------
    1       -7.51        0.04       0.6224      6.506
    2       -9.65       -0.62       0.6124      7.109
    3       -7.68       -0.62       0.4172      6.736
    4       -8.32       -0.70       0.3965      6.706
    5       -7.20        0.17       0.3853      6.701
    6       -8.54        0.23       0.3566      6.555
    7       -7.28       -0.04       0.3545      6.215
    8       -7.38       -0.78       0.3384      6.027
    9       -7.58       -0.88       0.3268      6.182
