              _             
             (_)            
   __ _ _ __  _ _ __   __ _ 
  / _` | '_ \| | '_ \ / _` |
 | (_| | | | | | | | | (_| |
  \__, |_| |_|_|_| |_|\__,_|
   __/ |                    
  |___/                     

gnina v1.3 master:97fa6bc+   Built Oct  3 2024.
gnina is based on smina and AutoDock Vina.
Please cite appropriately.

Commandline: gnina --receptor Proteinas_preparadas/MAPK1.pdbqt --ligand Bases_conjuntas/Targets/EGFR_MAPK1/EGFR_MAPK1_508.pdbqt --autobox_ligand Compuestos_preparados/MAPK1.pdbqt --autobox_add 18 --exhaustiveness 16 --out docking/bases_conjuntas/EGFR_MAPK1_508_L_MAPK1.pdbqt --log docking/bases_conjuntas/EGFR_MAPK1_508_L_MAPK1.log
Using random seed: 108885627

mode |  affinity  |  intramol  |    CNN     |   CNN
     | (kcal/mol) | (kcal/mol) | pose score | affinity
-----+------------+------------+------------+----------
    1       -6.45        1.00       0.7198      6.522
    2       -8.44        1.32       0.6938      7.229
    3       -6.96        0.86       0.5952      6.159
    4       -8.29        0.35       0.5160      6.726
    5       -7.49       -0.69       0.4813      6.321
    6       -7.68        0.45       0.4709      6.856
    7       -6.68        0.46       0.4504      5.745
    8       -8.17       -0.62       0.4405      6.274
    9       -9.24       -1.30       0.3466      6.667
