              _             
             (_)            
   __ _ _ __  _ _ __   __ _ 
  / _` | '_ \| | '_ \ / _` |
 | (_| | | | | | | | | (_| |
  \__, |_| |_|_|_| |_|\__,_|
   __/ |                    
  |___/                     

gnina v1.3 master:97fa6bc+   Built Oct  3 2024.
gnina is based on smina and AutoDock Vina.
Please cite appropriately.

Commandline: gnina --receptor Proteinas_preparadas/MAPK1.pdbqt --ligand Bases_conjuntas/Targets/EGFR_MAPK1/EGFR_MAPK1_1038.pdbqt --autobox_ligand Compuestos_preparados/MAPK1.pdbqt --autobox_add 18 --exhaustiveness 16 --out docking/bases_conjuntas/EGFR_MAPK1_1038_L_MAPK1.pdbqt --log docking/bases_conjuntas/EGFR_MAPK1_1038_L_MAPK1.log
Using random seed: 950229954

mode |  affinity  |  intramol  |    CNN     |   CNN
     | (kcal/mol) | (kcal/mol) | pose score | affinity
-----+------------+------------+------------+----------
    1       -7.54        1.38       0.6744      6.936
    2       -5.90        0.34       0.4052      6.146
    3       -6.60        0.18       0.3849      5.964
    4       -5.50        0.61       0.3629      5.622
    5       -7.18        0.17       0.3514      6.333
    6       -5.79        0.37       0.2985      5.361
    7       -5.36        0.16       0.2871      5.710
    8       -6.77        0.30       0.2803      6.003
    9       -6.25        3.80       0.2774      5.576
