              _             
             (_)            
   __ _ _ __  _ _ __   __ _ 
  / _` | '_ \| | '_ \ / _` |
 | (_| | | | | | | | | (_| |
  \__, |_| |_|_|_| |_|\__,_|
   __/ |                    
  |___/                     

gnina v1.3 master:97fa6bc+   Built Oct  3 2024.
gnina is based on smina and AutoDock Vina.
Please cite appropriately.

Commandline: gnina --receptor Proteinas_preparadas/MAPK1.pdbqt --ligand Bases_conjuntas/Targets/EGFR_MAPK1/EGFR_MAPK1_305.pdbqt --autobox_ligand Compuestos_preparados/MAPK1.pdbqt --autobox_add 18 --exhaustiveness 16 --out docking/bases_conjuntas/EGFR_MAPK1_305_L_MAPK1.pdbqt --log docking/bases_conjuntas/EGFR_MAPK1_305_L_MAPK1.log
Using random seed: -1455703362

mode |  affinity  |  intramol  |    CNN     |   CNN
     | (kcal/mol) | (kcal/mol) | pose score | affinity
-----+------------+------------+------------+----------
    1       -6.67       -0.43       0.7082      6.700
    2       -7.18       -0.49       0.7081      6.995
    3       -9.44       -0.67       0.6456      7.274
    4      -10.20       -0.41       0.6387      7.289
    5       -9.35       -0.34       0.6320      7.132
    6       -6.30       -0.45       0.6165      6.629
    7       -6.07       -0.43       0.5282      6.450
    8       -7.06       -0.70       0.5085      6.735
    9       -7.53       -0.38       0.5027      7.031
