              _             
             (_)            
   __ _ _ __  _ _ __   __ _ 
  / _` | '_ \| | '_ \ / _` |
 | (_| | | | | | | | | (_| |
  \__, |_| |_|_|_| |_|\__,_|
   __/ |                    
  |___/                     

gnina v1.3 master:97fa6bc+   Built Oct  3 2024.
gnina is based on smina and AutoDock Vina.
Please cite appropriately.

Commandline: gnina --receptor Proteinas_preparadas/MAPK1.pdbqt --ligand Bases_conjuntas/Targets/EGFR_MAPK1/EGFR_MAPK1_710.pdbqt --autobox_ligand Compuestos_preparados/MAPK1.pdbqt --autobox_add 18 --exhaustiveness 16 --out docking/bases_conjuntas/EGFR_MAPK1_710_L_MAPK1.pdbqt --log docking/bases_conjuntas/EGFR_MAPK1_710_L_MAPK1.log
Using random seed: -1764086761

mode |  affinity  |  intramol  |    CNN     |   CNN
     | (kcal/mol) | (kcal/mol) | pose score | affinity
-----+------------+------------+------------+----------
    1       -9.50       -0.94       0.6904      7.394
    2      -10.34       -0.95       0.6865      7.473
    3       -9.63       -0.01       0.6704      7.348
    4       -8.88       -0.71       0.4665      6.575
    5       -9.06       -0.57       0.4609      7.267
    6       -7.98       -0.68       0.4063      6.846
    7       -9.42       -0.34       0.3886      6.996
    8       -9.32        0.24       0.3873      7.349
    9       -9.76       -0.39       0.3531      6.799
