              _             
             (_)            
   __ _ _ __  _ _ __   __ _ 
  / _` | '_ \| | '_ \ / _` |
 | (_| | | | | | | | | (_| |
  \__, |_| |_|_|_| |_|\__,_|
   __/ |                    
  |___/                     

gnina v1.3 master:97fa6bc+   Built Oct  3 2024.
gnina is based on smina and AutoDock Vina.
Please cite appropriately.

Commandline: gnina --receptor Proteinas_preparadas/EGFR.pdbqt --ligand Bases_conjuntas/Targets/EGFR_MAPK1/EGFR_MAPK1_714.pdbqt --autobox_ligand Compuestos_preparados/EGFR.pdbqt --autobox_add 18 --exhaustiveness 16 --out docking/bases_conjuntas/EGFR_MAPK1_714_L_EGFR.pdbqt --log docking/bases_conjuntas/EGFR_MAPK1_714_L_EGFR.log
Using random seed: -1555080861

mode |  affinity  |  intramol  |    CNN     |   CNN
     | (kcal/mol) | (kcal/mol) | pose score | affinity
-----+------------+------------+------------+----------
    1      -10.07       -0.91       0.6291      7.367
    2       -7.95       -0.88       0.6060      6.946
    3       -9.45       -0.04       0.5105      6.696
    4       -9.38        0.11       0.5049      6.984
    5       -9.50       -0.64       0.4595      6.758
    6       -8.96       -0.12       0.4486      6.777
    7       -7.76       -0.84       0.4120      6.978
    8       -9.20        0.67       0.3920      6.644
    9       -9.92       -0.89       0.3650      6.588
