              _             
             (_)            
   __ _ _ __  _ _ __   __ _ 
  / _` | '_ \| | '_ \ / _` |
 | (_| | | | | | | | | (_| |
  \__, |_| |_|_|_| |_|\__,_|
   __/ |                    
  |___/                     

gnina v1.3 master:97fa6bc+   Built Oct  3 2024.
gnina is based on smina and AutoDock Vina.
Please cite appropriately.

Commandline: gnina --receptor Proteinas_preparadas/EGFR.pdbqt --ligand Bases_conjuntas/Targets/EGFR_MAPK1/EGFR_MAPK1_414.pdbqt --autobox_ligand Compuestos_preparados/EGFR.pdbqt --autobox_add 18 --exhaustiveness 16 --cnn_scoring none --out docking/bases_conjuntas/EGFR_MAPK1_414_L_EGFR.pdbqt --log docking/bases_conjuntas/EGFR_MAPK1_414_L_EGFR.log
Using random seed: 1747360084

mode |  affinity  |  intramol  |    CNN     |   CNN
     | (kcal/mol) | (kcal/mol) | pose score | affinity
-----+------------+------------+------------+----------
    1       -9.68        0.36      -1.0000      0.000
    2       -9.57       -0.31      -1.0000      0.000
    3       -9.49        0.76      -1.0000      0.000
    4       -9.30       -0.61      -1.0000      0.000
    5       -9.08        0.48      -1.0000      0.000
    6       -9.04       -0.47      -1.0000      0.000
    7       -9.00        0.02      -1.0000      0.000
    8       -8.99       -0.27      -1.0000      0.000
    9       -8.93       -0.39      -1.0000      0.000
