              _             
             (_)            
   __ _ _ __  _ _ __   __ _ 
  / _` | '_ \| | '_ \ / _` |
 | (_| | | | | | | | | (_| |
  \__, |_| |_|_|_| |_|\__,_|
   __/ |                    
  |___/                     

gnina v1.3 master:97fa6bc+   Built Oct  3 2024.
gnina is based on smina and AutoDock Vina.
Please cite appropriately.

Commandline: gnina --receptor Proteinas_preparadas/MAPK1.pdbqt --ligand Bases_conjuntas/Targets/EGFR_MAPK1/EGFR_MAPK1_1095.pdbqt --autobox_ligand Compuestos_preparados/MAPK1.pdbqt --autobox_add 18 --exhaustiveness 16 --out docking/bases_conjuntas/EGFR_MAPK1_1095_L_MAPK1.pdbqt --log docking/bases_conjuntas/EGFR_MAPK1_1095_L_MAPK1.log
Using random seed: 550017298

mode |  affinity  |  intramol  |    CNN     |   CNN
     | (kcal/mol) | (kcal/mol) | pose score | affinity
-----+------------+------------+------------+----------
    1       -7.49        0.55       0.6450      6.693
    2       -8.19       -0.69       0.6404      6.888
    3       -6.55       -0.30       0.5291      6.360
    4       -8.73       -0.75       0.5104      7.268
    5       -7.73       -0.99       0.4117      6.589
    6       -7.82        0.55       0.3865      5.743
    7       -7.05        0.56       0.3571      5.295
    8       -9.22        0.59       0.3565      7.091
    9       -8.39       -1.28       0.3560      6.429
