              _             
             (_)            
   __ _ _ __  _ _ __   __ _ 
  / _` | '_ \| | '_ \ / _` |
 | (_| | | | | | | | | (_| |
  \__, |_| |_|_|_| |_|\__,_|
   __/ |                    
  |___/                     

gnina v1.3 master:97fa6bc+   Built Oct  3 2024.
gnina is based on smina and AutoDock Vina.
Please cite appropriately.

Commandline: gnina --receptor Proteinas_preparadas/EGFR.pdbqt --ligand Bases_conjuntas/Targets/EGFR_MAPK1/EGFR_MAPK1_773.pdbqt --autobox_ligand Compuestos_preparados/EGFR.pdbqt --autobox_add 18 --exhaustiveness 16 --out docking/bases_conjuntas/EGFR_MAPK1_773_L_EGFR.pdbqt --log docking/bases_conjuntas/EGFR_MAPK1_773_L_EGFR.log
Using random seed: -1523616680

mode |  affinity  |  intramol  |    CNN     |   CNN
     | (kcal/mol) | (kcal/mol) | pose score | affinity
-----+------------+------------+------------+----------
    1       -7.42        1.03       0.7222      6.815
    2       -8.26       -0.63       0.5667      6.910
    3       -8.67        0.35       0.5638      7.063
    4       -8.63       -0.30       0.5279      6.893
    5       -9.19       -0.01       0.5207      6.958
    6       -8.56       -0.26       0.5144      7.014
    7       -8.68       -0.34       0.5017      7.002
    8       -8.62       -0.46       0.4716      6.794
    9       -7.67       -1.09       0.4688      6.861
