              _             
             (_)            
   __ _ _ __  _ _ __   __ _ 
  / _` | '_ \| | '_ \ / _` |
 | (_| | | | | | | | | (_| |
  \__, |_| |_|_|_| |_|\__,_|
   __/ |                    
  |___/                     

gnina v1.3 master:97fa6bc+   Built Oct  3 2024.
gnina is based on smina and AutoDock Vina.
Please cite appropriately.

Commandline: gnina --receptor Proteinas_preparadas/EGFR.pdbqt --ligand Bases_conjuntas/Targets/EGFR_MAPK1/EGFR_MAPK1_1045.pdbqt --autobox_ligand Compuestos_preparados/EGFR.pdbqt --autobox_add 18 --exhaustiveness 16 --out docking/bases_conjuntas/EGFR_MAPK1_1045_L_EGFR.pdbqt --log docking/bases_conjuntas/EGFR_MAPK1_1045_L_EGFR.log
Using random seed: 1552642703

mode |  affinity  |  intramol  |    CNN     |   CNN
     | (kcal/mol) | (kcal/mol) | pose score | affinity
-----+------------+------------+------------+----------
    1       -7.65        0.28       0.7764      7.714
    2      -10.37        3.42       0.5899      7.781
    3       -7.53       -0.80       0.5558      7.464
    4       -7.91       -0.38       0.5259      7.335
    5       -7.96       -1.53       0.4717      7.222
    6       -8.02       -0.28       0.4237      7.380
    7       -9.00       -1.55       0.3916      7.102
    8      -10.28        0.27       0.3510      7.296
    9       -8.26       -0.78       0.3482      7.113
