              _             
             (_)            
   __ _ _ __  _ _ __   __ _ 
  / _` | '_ \| | '_ \ / _` |
 | (_| | | | | | | | | (_| |
  \__, |_| |_|_|_| |_|\__,_|
   __/ |                    
  |___/                     

gnina v1.3 master:97fa6bc+   Built Oct  3 2024.
gnina is based on smina and AutoDock Vina.
Please cite appropriately.

Commandline: gnina --receptor Proteinas_preparadas/EGFR.pdbqt --ligand Bases_conjuntas/Targets/EGFR_MAPK1/EGFR_MAPK1_430.pdbqt --autobox_ligand Compuestos_preparados/EGFR.pdbqt --autobox_add 18 --exhaustiveness 16 --cnn_scoring none --out docking/bases_conjuntas/EGFR_MAPK1_430_L_EGFR.pdbqt --log docking/bases_conjuntas/EGFR_MAPK1_430_L_EGFR.log
Using random seed: 386132488

mode |  affinity  |  intramol  |    CNN     |   CNN
     | (kcal/mol) | (kcal/mol) | pose score | affinity
-----+------------+------------+------------+----------
    1       -9.86       -0.29      -1.0000      0.000
    2       -9.40       -0.25      -1.0000      0.000
    3       -9.37        0.52      -1.0000      0.000
    4       -9.25        0.08      -1.0000      0.000
    5       -9.13       -0.26      -1.0000      0.000
    6       -8.98       -0.05      -1.0000      0.000
    7       -8.89       -0.04      -1.0000      0.000
    8       -8.81       -1.22      -1.0000      0.000
    9       -8.81       -0.18      -1.0000      0.000
