              _             
             (_)            
   __ _ _ __  _ _ __   __ _ 
  / _` | '_ \| | '_ \ / _` |
 | (_| | | | | | | | | (_| |
  \__, |_| |_|_|_| |_|\__,_|
   __/ |                    
  |___/                     

gnina v1.3 master:97fa6bc+   Built Oct  3 2024.
gnina is based on smina and AutoDock Vina.
Please cite appropriately.

Commandline: gnina --receptor Proteinas_preparadas/EGFR.pdbqt --ligand Bases_conjuntas/Targets/EGFR_MAPK1/EGFR_MAPK1_889.pdbqt --autobox_ligand Compuestos_preparados/EGFR.pdbqt --autobox_add 18 --exhaustiveness 16 --out docking/bases_conjuntas/EGFR_MAPK1_889_L_EGFR.pdbqt --log docking/bases_conjuntas/EGFR_MAPK1_889_L_EGFR.log
Using random seed: 2016707648

mode |  affinity  |  intramol  |    CNN     |   CNN
     | (kcal/mol) | (kcal/mol) | pose score | affinity
-----+------------+------------+------------+----------
    1       -9.11       -0.93       0.4191      6.089
    2      -10.12       -1.91       0.3852      7.641
    3      -10.17       -1.01       0.3128      7.350
    4      -10.86       -1.90       0.2366      7.095
    5       -8.55       -0.70       0.1941      5.755
    6       -8.77       -0.04       0.1830      5.939
    7       -9.08       -0.38       0.1701      5.962
    8       -8.42        0.41       0.1647      6.064
    9       -8.27       -1.00       0.1609      6.303
