              _             
             (_)            
   __ _ _ __  _ _ __   __ _ 
  / _` | '_ \| | '_ \ / _` |
 | (_| | | | | | | | | (_| |
  \__, |_| |_|_|_| |_|\__,_|
   __/ |                    
  |___/                     

gnina v1.3 master:97fa6bc+   Built Oct  3 2024.
gnina is based on smina and AutoDock Vina.
Please cite appropriately.

Commandline: gnina --receptor Proteinas_preparadas/MAPK1.pdbqt --ligand Bases_conjuntas/Targets/EGFR_MAPK1/EGFR_MAPK1_623.pdbqt --autobox_ligand Compuestos_preparados/MAPK1.pdbqt --autobox_add 18 --exhaustiveness 16 --out docking/bases_conjuntas/EGFR_MAPK1_623_L_MAPK1.pdbqt --log docking/bases_conjuntas/EGFR_MAPK1_623_L_MAPK1.log
Using random seed: -162844136

mode |  affinity  |  intramol  |    CNN     |   CNN
     | (kcal/mol) | (kcal/mol) | pose score | affinity
-----+------------+------------+------------+----------
    1       -8.90       -1.36       0.4728      7.119
    2       -9.93       -1.03       0.4303      7.041
    3       -7.99       -1.44       0.3772      6.545
    4       -8.33       -0.62       0.3540      6.550
    5       -8.88       -1.75       0.3461      7.661
    6       -8.69       -1.48       0.3324      7.077
    7       -8.74       -1.25       0.2928      6.817
    8       -9.00       -1.14       0.2669      7.548
    9       -9.18       -1.17       0.2666      6.517
