              _             
             (_)            
   __ _ _ __  _ _ __   __ _ 
  / _` | '_ \| | '_ \ / _` |
 | (_| | | | | | | | | (_| |
  \__, |_| |_|_|_| |_|\__,_|
   __/ |                    
  |___/                     

gnina v1.3 master:97fa6bc+   Built Oct  3 2024.
gnina is based on smina and AutoDock Vina.
Please cite appropriately.

Commandline: gnina --receptor Proteinas_preparadas/EGFR.pdbqt --ligand Bases_conjuntas/Targets/EGFR_MAPK1/EGFR_MAPK1_606.pdbqt --autobox_ligand Compuestos_preparados/EGFR.pdbqt --autobox_add 18 --exhaustiveness 16 --out docking/bases_conjuntas/EGFR_MAPK1_606_L_EGFR.pdbqt --log docking/bases_conjuntas/EGFR_MAPK1_606_L_EGFR.log
Using random seed: 616509824

mode |  affinity  |  intramol  |    CNN     |   CNN
     | (kcal/mol) | (kcal/mol) | pose score | affinity
-----+------------+------------+------------+----------
    1       -7.99        0.00       0.4341      6.873
    2       -6.87        0.00       0.4290      6.392
    3       -8.33        0.00       0.4278      5.771
    4       -7.07        0.00       0.4185      5.347
    5      -10.80        0.00       0.4084      6.965
    6       -7.65        0.00       0.2957      5.630
    7       -7.30        0.00       0.2534      6.207
    8       -7.41        0.00       0.2383      5.920
    9       -7.29        0.00       0.2176      5.435
