              _             
             (_)            
   __ _ _ __  _ _ __   __ _ 
  / _` | '_ \| | '_ \ / _` |
 | (_| | | | | | | | | (_| |
  \__, |_| |_|_|_| |_|\__,_|
   __/ |                    
  |___/                     

gnina v1.3 master:97fa6bc+   Built Oct  3 2024.
gnina is based on smina and AutoDock Vina.
Please cite appropriately.

Commandline: gnina --receptor Proteinas_preparadas/MAPK1.pdbqt --ligand Bases_conjuntas/Targets/EGFR_MAPK1/EGFR_MAPK1_822.pdbqt --autobox_ligand Compuestos_preparados/MAPK1.pdbqt --autobox_add 18 --exhaustiveness 16 --out docking/bases_conjuntas/EGFR_MAPK1_822_L_MAPK1.pdbqt --log docking/bases_conjuntas/EGFR_MAPK1_822_L_MAPK1.log
Using random seed: -1055855746

mode |  affinity  |  intramol  |    CNN     |   CNN
     | (kcal/mol) | (kcal/mol) | pose score | affinity
-----+------------+------------+------------+----------
    1       -8.57       -0.59       0.7421      7.233
    2       -8.80       -0.65       0.6740      7.309
    3       -9.39       -0.87       0.6114      7.538
    4       -8.47        0.13       0.5791      7.606
    5       -8.49       -0.63       0.4360      6.270
    6       -8.97        0.30       0.4225      7.537
    7       -8.23       -0.69       0.3486      6.641
    8       -8.71        0.05       0.3028      6.427
    9       -8.30       -0.35       0.2684      6.712
