              _             
             (_)            
   __ _ _ __  _ _ __   __ _ 
  / _` | '_ \| | '_ \ / _` |
 | (_| | | | | | | | | (_| |
  \__, |_| |_|_|_| |_|\__,_|
   __/ |                    
  |___/                     

gnina v1.3 master:97fa6bc+   Built Oct  3 2024.
gnina is based on smina and AutoDock Vina.
Please cite appropriately.

Commandline: gnina --receptor Proteinas_preparadas/MAPK1.pdbqt --ligand Bases_conjuntas/Targets/EGFR_MAPK1/EGFR_MAPK1_354.pdbqt --autobox_ligand Compuestos_preparados/MAPK1.pdbqt --autobox_add 18 --exhaustiveness 16 --out docking/bases_conjuntas/EGFR_MAPK1_354_L_MAPK1.pdbqt --log docking/bases_conjuntas/EGFR_MAPK1_354_L_MAPK1.log
Using random seed: 53883136

mode |  affinity  |  intramol  |    CNN     |   CNN
     | (kcal/mol) | (kcal/mol) | pose score | affinity
-----+------------+------------+------------+----------
    1       -8.37       -1.46       0.6665      7.080
    2       -7.93       -0.61       0.5957      7.459
    3       -7.16        1.54       0.5467      7.358
    4       -7.60       -1.35       0.5347      6.931
    5       -7.77        0.23       0.5057      7.247
    6       -7.25        1.23       0.5017      6.356
    7       -7.28       -0.79       0.4795      6.296
    8       -8.59       -1.48       0.4514      6.743
    9       -7.17       -0.63       0.4345      7.344
