              _             
             (_)            
   __ _ _ __  _ _ __   __ _ 
  / _` | '_ \| | '_ \ / _` |
 | (_| | | | | | | | | (_| |
  \__, |_| |_|_|_| |_|\__,_|
   __/ |                    
  |___/                     

gnina v1.3 master:97fa6bc+   Built Oct  3 2024.
gnina is based on smina and AutoDock Vina.
Please cite appropriately.

Commandline: gnina --receptor Proteinas_preparadas/EGFR.pdbqt --ligand Bases_conjuntas/Targets/EGFR_MAPK1/EGFR_MAPK1_734.pdbqt --autobox_ligand Compuestos_preparados/EGFR.pdbqt --autobox_add 18 --exhaustiveness 16 --out docking/bases_conjuntas/EGFR_MAPK1_734_L_EGFR.pdbqt --log docking/bases_conjuntas/EGFR_MAPK1_734_L_EGFR.log
Using random seed: -1422587516

mode |  affinity  |  intramol  |    CNN     |   CNN
     | (kcal/mol) | (kcal/mol) | pose score | affinity
-----+------------+------------+------------+----------
    1       -8.34       -0.18       0.8143      7.394
    2       -8.32       -0.24       0.7783      7.522
    3       -8.76        0.99       0.5114      7.190
    4       -9.20        0.61       0.3493      7.166
    5       -9.80        0.23       0.3325      7.011
    6       -8.74       -0.70       0.3177      7.168
    7       -8.19       -0.43       0.3079      6.685
    8       -9.20       -1.74       0.3000      6.451
    9       -8.36       -0.79       0.2954      7.045
