              _             
             (_)            
   __ _ _ __  _ _ __   __ _ 
  / _` | '_ \| | '_ \ / _` |
 | (_| | | | | | | | | (_| |
  \__, |_| |_|_|_| |_|\__,_|
   __/ |                    
  |___/                     

gnina v1.3 master:97fa6bc+   Built Oct  3 2024.
gnina is based on smina and AutoDock Vina.
Please cite appropriately.

Commandline: gnina --receptor Proteinas_preparadas/EGFR.pdbqt --ligand Bases_conjuntas/Targets/EGFR_MAPK1/EGFR_MAPK1_908.pdbqt --autobox_ligand Compuestos_preparados/EGFR.pdbqt --autobox_add 18 --exhaustiveness 16 --out docking/bases_conjuntas/EGFR_MAPK1_908_L_EGFR.pdbqt --log docking/bases_conjuntas/EGFR_MAPK1_908_L_EGFR.log
Using random seed: -27407599

mode |  affinity  |  intramol  |    CNN     |   CNN
     | (kcal/mol) | (kcal/mol) | pose score | affinity
-----+------------+------------+------------+----------
    1       -7.04        0.03       0.5054      6.572
    2       -7.37       -0.82       0.4935      6.492
    3       -7.29        0.55       0.4855      6.672
    4       -7.65       -0.21       0.4334      5.214
    5       -7.07       -0.07       0.3911      6.364
    6       -6.97        0.17       0.3393      5.448
    7       -7.14       -1.10       0.3219      6.433
    8       -6.92       -1.27       0.2810      6.581
    9       -7.57       -0.49       0.2584      5.482
