              _             
             (_)            
   __ _ _ __  _ _ __   __ _ 
  / _` | '_ \| | '_ \ / _` |
 | (_| | | | | | | | | (_| |
  \__, |_| |_|_|_| |_|\__,_|
   __/ |                    
  |___/                     

gnina v1.3 master:97fa6bc+   Built Oct  3 2024.
gnina is based on smina and AutoDock Vina.
Please cite appropriately.

Commandline: gnina --receptor Proteinas_preparadas/EGFR.pdbqt --ligand Bases_conjuntas/Targets/EGFR_MAPK1/EGFR_MAPK1_917.pdbqt --autobox_ligand Compuestos_preparados/EGFR.pdbqt --autobox_add 18 --exhaustiveness 16 --out docking/bases_conjuntas/EGFR_MAPK1_917_L_EGFR.pdbqt --log docking/bases_conjuntas/EGFR_MAPK1_917_L_EGFR.log
Using random seed: -507677752

mode |  affinity  |  intramol  |    CNN     |   CNN
     | (kcal/mol) | (kcal/mol) | pose score | affinity
-----+------------+------------+------------+----------
    1       -8.04       -0.72       0.7919      7.105
    2       -8.52       -0.89       0.7659      7.057
    3       -8.38        3.89       0.6951      6.925
    4       -8.51       -0.96       0.5925      7.216
    5       -8.24       -0.86       0.5880      7.136
    6       -9.58        8.47       0.5764      7.092
    7       -9.11        6.13       0.5198      7.138
    8       -9.71       -0.24       0.5130      6.474
    9       -8.54        2.69       0.4498      6.638
