              _             
             (_)            
   __ _ _ __  _ _ __   __ _ 
  / _` | '_ \| | '_ \ / _` |
 | (_| | | | | | | | | (_| |
  \__, |_| |_|_|_| |_|\__,_|
   __/ |                    
  |___/                     

gnina v1.3 master:97fa6bc+   Built Oct  3 2024.
gnina is based on smina and AutoDock Vina.
Please cite appropriately.

Commandline: gnina --receptor Proteinas_preparadas/EGFR.pdbqt --ligand Bases_conjuntas/Targets/EGFR_MAPK1/EGFR_MAPK1_1146.pdbqt --autobox_ligand Compuestos_preparados/EGFR.pdbqt --autobox_add 18 --exhaustiveness 16 --out docking/bases_conjuntas/EGFR_MAPK1_1146_L_EGFR.pdbqt --log docking/bases_conjuntas/EGFR_MAPK1_1146_L_EGFR.log
Using random seed: 1179642103

mode |  affinity  |  intramol  |    CNN     |   CNN
     | (kcal/mol) | (kcal/mol) | pose score | affinity
-----+------------+------------+------------+----------
    1       -6.63       -0.59       0.4302      6.478
    2       -6.88       -0.84       0.2789      5.660
    3       -7.18       -1.70       0.2002      5.766
    4       -6.65       -1.75       0.1991      5.240
    5       -6.66        0.13       0.1987      5.540
    6       -7.07       -1.61       0.1867      5.703
    7       -6.87       -2.12       0.1738      6.462
    8       -6.86       -2.67       0.1695      5.835
    9       -7.30       -1.67       0.1650      6.337
