              _             
             (_)            
   __ _ _ __  _ _ __   __ _ 
  / _` | '_ \| | '_ \ / _` |
 | (_| | | | | | | | | (_| |
  \__, |_| |_|_|_| |_|\__,_|
   __/ |                    
  |___/                     

gnina v1.3 master:97fa6bc+   Built Oct  3 2024.
gnina is based on smina and AutoDock Vina.
Please cite appropriately.

Commandline: gnina --receptor Proteinas_preparadas/EGFR.pdbqt --ligand Bases_conjuntas/Targets/EGFR_STAT3/EGFR_STAT3_584.pdbqt --autobox_ligand Compuestos_preparados/EGFR.pdbqt --autobox_add 18 --exhaustiveness 16 --cnn_scoring none --out docking/bases_conjuntas/EGFR_STAT3_584_L_EGFR.pdbqt --log docking/bases_conjuntas/EGFR_STAT3_584_L_EGFR.log
Using random seed: 977729920

mode |  affinity  |  intramol  |    CNN     |   CNN
     | (kcal/mol) | (kcal/mol) | pose score | affinity
-----+------------+------------+------------+----------
    1       -8.66       -0.98      -1.0000      0.000
    2       -8.55       -1.00      -1.0000      0.000
    3       -8.45       -0.86      -1.0000      0.000
    4       -8.37       -0.61      -1.0000      0.000
    5       -8.29       -0.89      -1.0000      0.000
    6       -8.26       -0.86      -1.0000      0.000
    7       -8.23       -1.00      -1.0000      0.000
    8       -8.10       -0.40      -1.0000      0.000
    9       -8.06       -1.10      -1.0000      0.000
