              _             
             (_)            
   __ _ _ __  _ _ __   __ _ 
  / _` | '_ \| | '_ \ / _` |
 | (_| | | | | | | | | (_| |
  \__, |_| |_|_|_| |_|\__,_|
   __/ |                    
  |___/                     

gnina v1.3 master:97fa6bc+   Built Oct  3 2024.
gnina is based on smina and AutoDock Vina.
Please cite appropriately.

Commandline: gnina --receptor Proteinas_preparadas/MAPK1.pdbqt --ligand Bases_conjuntas/Targets/EGFR_MAPK1/EGFR_MAPK1_528.pdbqt --autobox_ligand Compuestos_preparados/MAPK1.pdbqt --autobox_add 18 --exhaustiveness 16 --out docking/bases_conjuntas/EGFR_MAPK1_528_L_MAPK1.pdbqt --log docking/bases_conjuntas/EGFR_MAPK1_528_L_MAPK1.log
Using random seed: 237262034

mode |  affinity  |  intramol  |    CNN     |   CNN
     | (kcal/mol) | (kcal/mol) | pose score | affinity
-----+------------+------------+------------+----------
    1       -6.98       -0.99       0.6957      6.771
    2       -9.66        0.53       0.6793      7.183
    3       -8.67       -0.63       0.6430      7.202
    4       -6.88       -0.95       0.5191      6.231
    5       -7.53        0.45       0.4425      6.653
    6       -7.32       -0.76       0.4352      6.490
    7       -7.56       -0.52       0.3975      6.320
    8       -7.66       -0.74       0.3349      6.356
    9       -7.35       -0.75       0.3191      6.556
