              _             
             (_)            
   __ _ _ __  _ _ __   __ _ 
  / _` | '_ \| | '_ \ / _` |
 | (_| | | | | | | | | (_| |
  \__, |_| |_|_|_| |_|\__,_|
   __/ |                    
  |___/                     

gnina v1.3 master:97fa6bc+   Built Oct  3 2024.
gnina is based on smina and AutoDock Vina.
Please cite appropriately.

Commandline: gnina --receptor Proteinas_preparadas/MAPK1.pdbqt --ligand Bases_conjuntas/Targets/EGFR_MAPK1/EGFR_MAPK1_727.pdbqt --autobox_ligand Compuestos_preparados/MAPK1.pdbqt --autobox_add 18 --exhaustiveness 16 --out docking/bases_conjuntas/EGFR_MAPK1_727_L_MAPK1.pdbqt --log docking/bases_conjuntas/EGFR_MAPK1_727_L_MAPK1.log
Using random seed: -1112793792

mode |  affinity  |  intramol  |    CNN     |   CNN
     | (kcal/mol) | (kcal/mol) | pose score | affinity
-----+------------+------------+------------+----------
    1       -9.26        0.51       0.5062      6.514
    2       -7.49        0.85       0.4478      5.658
    3       -7.69        0.05       0.3357      5.809
    4       -7.67        1.10       0.3229      6.149
    5       -9.11        0.46       0.3112      5.486
    6       -8.66       -0.09       0.2925      6.141
    7       -7.29        1.10       0.2860      5.298
    8       -6.92        0.07       0.2852      5.807
    9       -6.95       -0.03       0.2714      5.091
