              _             
             (_)            
   __ _ _ __  _ _ __   __ _ 
  / _` | '_ \| | '_ \ / _` |
 | (_| | | | | | | | | (_| |
  \__, |_| |_|_|_| |_|\__,_|
   __/ |                    
  |___/                     

gnina v1.3 master:97fa6bc+   Built Oct  3 2024.
gnina is based on smina and AutoDock Vina.
Please cite appropriately.

Commandline: gnina --receptor Proteinas_preparadas/EGFR.pdbqt --ligand Bases_conjuntas/Targets/EGFR_MAPK1/EGFR_MAPK1_1054.pdbqt --autobox_ligand Compuestos_preparados/EGFR.pdbqt --autobox_add 18 --exhaustiveness 16 --out docking/bases_conjuntas/EGFR_MAPK1_1054_L_EGFR.pdbqt --log docking/bases_conjuntas/EGFR_MAPK1_1054_L_EGFR.log
Using random seed: -1662061624

mode |  affinity  |  intramol  |    CNN     |   CNN
     | (kcal/mol) | (kcal/mol) | pose score | affinity
-----+------------+------------+------------+----------
    1       -7.20       -0.81       0.7920      7.106
    2       -8.38        0.41       0.5407      7.050
    3       -7.11       -0.54       0.4596      6.206
    4       -7.89        0.57       0.4501      5.735
    5       -7.40        0.47       0.4179      6.755
    6       -7.21        0.65       0.3862      6.704
    7       -7.16        0.77       0.3804      5.802
    8       -7.21       -0.23       0.3514      5.639
    9       -7.15       -0.92       0.3215      5.610
