              _             
             (_)            
   __ _ _ __  _ _ __   __ _ 
  / _` | '_ \| | '_ \ / _` |
 | (_| | | | | | | | | (_| |
  \__, |_| |_|_|_| |_|\__,_|
   __/ |                    
  |___/                     

gnina v1.3 master:97fa6bc+   Built Oct  3 2024.
gnina is based on smina and AutoDock Vina.
Please cite appropriately.

Commandline: gnina --receptor Proteinas_preparadas/MAPK1.pdbqt --ligand Bases_conjuntas/Targets/EGFR_MAPK1/EGFR_MAPK1_293.pdbqt --autobox_ligand Compuestos_preparados/MAPK1.pdbqt --autobox_add 18 --exhaustiveness 16 --out docking/bases_conjuntas/EGFR_MAPK1_293_L_MAPK1.pdbqt --log docking/bases_conjuntas/EGFR_MAPK1_293_L_MAPK1.log
Using random seed: 616994252

mode |  affinity  |  intramol  |    CNN     |   CNN
     | (kcal/mol) | (kcal/mol) | pose score | affinity
-----+------------+------------+------------+----------
    1       -7.78       -1.16       0.7331      7.240
    2      -10.90       -0.06       0.1836      7.366
    3       -7.01       -1.75       0.1815      5.523
    4       -8.58       -1.38       0.1674      6.598
    5       -6.96       -1.67       0.1663      6.246
    6       -6.88       -1.33       0.1627      5.991
    7       -6.65       -1.53       0.1598      6.231
    8       -6.78        4.19       0.1595      5.422
    9       -7.50       -1.39       0.1572      4.896
