              _             
             (_)            
   __ _ _ __  _ _ __   __ _ 
  / _` | '_ \| | '_ \ / _` |
 | (_| | | | | | | | | (_| |
  \__, |_| |_|_|_| |_|\__,_|
   __/ |                    
  |___/                     

gnina v1.3 master:97fa6bc+   Built Oct  3 2024.
gnina is based on smina and AutoDock Vina.
Please cite appropriately.

Commandline: gnina --receptor Proteinas_preparadas/EGFR.pdbqt --ligand Bases_conjuntas/Targets/EGFR_SRC/EGFR_SRC_567.pdbqt --autobox_ligand Compuestos_preparados/EGFR.pdbqt --autobox_add 18 --exhaustiveness 16 --cnn_scoring none --out docking/bases_conjuntas/EGFR_SRC_567_L_EGFR.pdbqt --log docking/bases_conjuntas/EGFR_SRC_567_L_EGFR.log
Using random seed: 451395928

mode |  affinity  |  intramol  |    CNN     |   CNN
     | (kcal/mol) | (kcal/mol) | pose score | affinity
-----+------------+------------+------------+----------
    1      -11.35        3.94      -1.0000      0.000
    2      -11.32        1.28      -1.0000      0.000
    3      -11.28        1.34      -1.0000      0.000
    4      -11.04        1.13      -1.0000      0.000
    5      -10.91        0.57      -1.0000      0.000
    6      -10.50        0.78      -1.0000      0.000
    7      -10.31        1.36      -1.0000      0.000
    8      -10.09        0.77      -1.0000      0.000
    9       -9.87        0.79      -1.0000      0.000
