              _             
             (_)            
   __ _ _ __  _ _ __   __ _ 
  / _` | '_ \| | '_ \ / _` |
 | (_| | | | | | | | | (_| |
  \__, |_| |_|_|_| |_|\__,_|
   __/ |                    
  |___/                     

gnina v1.3 master:97fa6bc+   Built Oct  3 2024.
gnina is based on smina and AutoDock Vina.
Please cite appropriately.

Commandline: gnina --receptor Proteinas_preparadas/EGFR.pdbqt --ligand Bases_conjuntas/Targets/EGFR_MAPK1/EGFR_MAPK1_668.pdbqt --autobox_ligand Compuestos_preparados/EGFR.pdbqt --autobox_add 18 --exhaustiveness 16 --out docking/bases_conjuntas/EGFR_MAPK1_668_L_EGFR.pdbqt --log docking/bases_conjuntas/EGFR_MAPK1_668_L_EGFR.log
Using random seed: -1045074818

mode |  affinity  |  intramol  |    CNN     |   CNN
     | (kcal/mol) | (kcal/mol) | pose score | affinity
-----+------------+------------+------------+----------
    1       -7.66        0.30       0.8140      6.559
    2       -8.62       -1.47       0.8127      6.922
    3       -7.93        1.54       0.5883      6.336
    4       -7.58        1.15       0.5628      6.579
    5       -8.01       -0.99       0.3545      6.401
    6       -8.65       -0.17       0.3328      6.413
    7       -8.63       -1.37       0.3113      6.670
    8       -7.52       -0.34       0.3008      6.485
    9       -7.95       -0.75       0.2878      6.282
