              _             
             (_)            
   __ _ _ __  _ _ __   __ _ 
  / _` | '_ \| | '_ \ / _` |
 | (_| | | | | | | | | (_| |
  \__, |_| |_|_|_| |_|\__,_|
   __/ |                    
  |___/                     

gnina v1.3 master:97fa6bc+   Built Oct  3 2024.
gnina is based on smina and AutoDock Vina.
Please cite appropriately.

Commandline: gnina --receptor Proteinas_preparadas/EGFR.pdbqt --ligand Bases_conjuntas/Targets/EGFR_MAPK1/EGFR_MAPK1_783.pdbqt --autobox_ligand Compuestos_preparados/EGFR.pdbqt --autobox_add 18 --exhaustiveness 16 --out docking/bases_conjuntas/EGFR_MAPK1_783_L_EGFR.pdbqt --log docking/bases_conjuntas/EGFR_MAPK1_783_L_EGFR.log
Using random seed: 1952811784

mode |  affinity  |  intramol  |    CNN     |   CNN
     | (kcal/mol) | (kcal/mol) | pose score | affinity
-----+------------+------------+------------+----------
    1       -7.36       -0.73       0.8147      7.048
    2       -7.64       -1.19       0.7577      7.009
    3       -7.89        0.32       0.6260      7.160
    4       -7.67       -1.44       0.6099      7.078
    5       -9.59       -0.76       0.5680      7.253
    6       -9.85       -1.11       0.5018      7.392
    7       -9.38       -0.98       0.4367      6.933
    8       -9.88       -0.16       0.4313      6.895
    9       -9.75       -0.54       0.3749      6.452
