              _             
             (_)            
   __ _ _ __  _ _ __   __ _ 
  / _` | '_ \| | '_ \ / _` |
 | (_| | | | | | | | | (_| |
  \__, |_| |_|_|_| |_|\__,_|
   __/ |                    
  |___/                     

gnina v1.3 master:97fa6bc+   Built Oct  3 2024.
gnina is based on smina and AutoDock Vina.
Please cite appropriately.

Commandline: gnina --receptor Proteinas_preparadas/MAPK1.pdbqt --ligand Bases_conjuntas/Targets/EGFR_MAPK1/EGFR_MAPK1_41.pdbqt --autobox_ligand Compuestos_preparados/MAPK1.pdbqt --autobox_add 18 --exhaustiveness 16 --out docking/bases_conjuntas/EGFR_MAPK1_41_L_MAPK1.pdbqt --log docking/bases_conjuntas/EGFR_MAPK1_41_L_MAPK1.log
Using random seed: 463413793

mode |  affinity  |  intramol  |    CNN     |   CNN
     | (kcal/mol) | (kcal/mol) | pose score | affinity
-----+------------+------------+------------+----------
    1       -6.47       -2.95       0.4685      6.726
    2       -6.27       -3.17       0.3534      6.372
    3       -8.11       -2.32       0.2015      6.820
    4       -6.43       -2.09       0.1555      5.969
    5       -6.48       -2.30       0.1498      5.859
    6       -6.49       -2.30       0.1408      5.267
    7       -6.60       -2.54       0.1393      5.701
    8       -7.00        0.23       0.1384      5.659
    9       -6.74       -1.83       0.1374      5.776
