              _             
             (_)            
   __ _ _ __  _ _ __   __ _ 
  / _` | '_ \| | '_ \ / _` |
 | (_| | | | | | | | | (_| |
  \__, |_| |_|_|_| |_|\__,_|
   __/ |                    
  |___/                     

gnina v1.3 master:97fa6bc+   Built Oct  3 2024.
gnina is based on smina and AutoDock Vina.
Please cite appropriately.

Commandline: gnina --receptor Proteinas_preparadas/EGFR.pdbqt --ligand Bases_conjuntas/Targets/EGFR_MAPK1/EGFR_MAPK1_700.pdbqt --autobox_ligand Compuestos_preparados/EGFR.pdbqt --autobox_add 18 --exhaustiveness 16 --out docking/bases_conjuntas/EGFR_MAPK1_700_L_EGFR.pdbqt --log docking/bases_conjuntas/EGFR_MAPK1_700_L_EGFR.log
Using random seed: -1370251117

mode |  affinity  |  intramol  |    CNN     |   CNN
     | (kcal/mol) | (kcal/mol) | pose score | affinity
-----+------------+------------+------------+----------
    1       -8.29       -0.19       0.6850      6.376
    2       -9.62        0.05       0.6814      6.361
    3       -7.69        0.09       0.6391      6.237
    4       -8.23        0.17       0.5670      6.283
    5       -7.64        1.34       0.5332      6.034
    6       -8.92        0.26       0.4115      6.068
    7       -8.24       -0.94       0.3784      5.562
    8       -7.32       -1.00       0.3461      5.499
    9       -7.48       -0.92       0.3433      5.391
