              _             
             (_)            
   __ _ _ __  _ _ __   __ _ 
  / _` | '_ \| | '_ \ / _` |
 | (_| | | | | | | | | (_| |
  \__, |_| |_|_|_| |_|\__,_|
   __/ |                    
  |___/                     

gnina v1.3 master:97fa6bc+   Built Oct  3 2024.
gnina is based on smina and AutoDock Vina.
Please cite appropriately.

Commandline: gnina --receptor Proteinas_preparadas/EGFR.pdbqt --ligand Bases_conjuntas/Targets/EGFR_MAPK1/EGFR_MAPK1_980.pdbqt --autobox_ligand Compuestos_preparados/EGFR.pdbqt --autobox_add 18 --exhaustiveness 16 --out docking/bases_conjuntas/EGFR_MAPK1_980_L_EGFR.pdbqt --log docking/bases_conjuntas/EGFR_MAPK1_980_L_EGFR.log
Using random seed: 819463793

mode |  affinity  |  intramol  |    CNN     |   CNN
     | (kcal/mol) | (kcal/mol) | pose score | affinity
-----+------------+------------+------------+----------
    1       -7.05       -0.74       0.6857      6.874
    2       -6.58       -0.72       0.5809      6.051
    3       -6.68        0.09       0.5533      5.344
    4       -7.02       -0.27       0.4857      5.886
    5       -7.26       -1.26       0.4690      6.745
    6       -6.52       -0.76       0.4685      6.616
    7       -6.50       -0.90       0.4355      6.770
    8       -7.11       -0.86       0.3709      5.694
    9       -7.19       -0.80       0.3380      7.019
