              _             
             (_)            
   __ _ _ __  _ _ __   __ _ 
  / _` | '_ \| | '_ \ / _` |
 | (_| | | | | | | | | (_| |
  \__, |_| |_|_|_| |_|\__,_|
   __/ |                    
  |___/                     

gnina v1.3 master:97fa6bc+   Built Oct  3 2024.
gnina is based on smina and AutoDock Vina.
Please cite appropriately.

Commandline: gnina --receptor Proteinas_preparadas/EGFR.pdbqt --ligand Bases_conjuntas/Targets/EGFR_MAPK1/EGFR_MAPK1_397.pdbqt --autobox_ligand Compuestos_preparados/EGFR.pdbqt --autobox_add 18 --exhaustiveness 16 --out docking/bases_conjuntas/EGFR_MAPK1_397_L_EGFR.pdbqt --log docking/bases_conjuntas/EGFR_MAPK1_397_L_EGFR.log
Using random seed: -1225477828

mode |  affinity  |  intramol  |    CNN     |   CNN
     | (kcal/mol) | (kcal/mol) | pose score | affinity
-----+------------+------------+------------+----------
    1       -7.55        1.99       0.6735      6.947
    2       -6.83        0.16       0.5287      6.952
    3       -7.27       -0.77       0.5125      6.052
    4       -6.93       -0.14       0.4993      6.667
    5       -6.81        0.18       0.4531      6.285
    6       -7.00       -0.86       0.4144      6.001
    7       -7.50       -0.36       0.4055      6.177
    8       -8.97        0.43       0.3567      6.746
    9       -8.79       -0.26       0.3039      6.761
