              _             
             (_)            
   __ _ _ __  _ _ __   __ _ 
  / _` | '_ \| | '_ \ / _` |
 | (_| | | | | | | | | (_| |
  \__, |_| |_|_|_| |_|\__,_|
   __/ |                    
  |___/                     

gnina v1.3 master:97fa6bc+   Built Oct  3 2024.
gnina is based on smina and AutoDock Vina.
Please cite appropriately.

Commandline: gnina --receptor Proteinas_preparadas/MAPK1.pdbqt --ligand Bases_conjuntas/Targets/EGFR_MAPK1/EGFR_MAPK1_517.pdbqt --autobox_ligand Compuestos_preparados/MAPK1.pdbqt --autobox_add 18 --exhaustiveness 16 --out docking/bases_conjuntas/EGFR_MAPK1_517_L_MAPK1.pdbqt --log docking/bases_conjuntas/EGFR_MAPK1_517_L_MAPK1.log
Using random seed: -955384139

mode |  affinity  |  intramol  |    CNN     |   CNN
     | (kcal/mol) | (kcal/mol) | pose score | affinity
-----+------------+------------+------------+----------
    1       -8.21       -0.85       0.3715      7.340
    2       -9.29       -0.81       0.3473      6.851
    3       -8.29       -0.19       0.3317      6.548
    4       -9.22       -0.26       0.2982      7.064
    5       -9.28       -1.04       0.2947      7.371
    6       -8.56       -1.22       0.2917      6.560
    7       -8.03       -0.86       0.2801      5.790
    8       -9.39       -0.43       0.2576      6.986
    9       -9.87       -0.76       0.2468      7.077
