              _             
             (_)            
   __ _ _ __  _ _ __   __ _ 
  / _` | '_ \| | '_ \ / _` |
 | (_| | | | | | | | | (_| |
  \__, |_| |_|_|_| |_|\__,_|
   __/ |                    
  |___/                     

gnina v1.3 master:97fa6bc+   Built Oct  3 2024.
gnina is based on smina and AutoDock Vina.
Please cite appropriately.

Commandline: gnina --receptor Proteinas_preparadas/EGFR.pdbqt --ligand Bases_conjuntas/Targets/EGFR_MAPK1/EGFR_MAPK1_98.pdbqt --autobox_ligand Compuestos_preparados/EGFR.pdbqt --autobox_add 18 --exhaustiveness 16 --out docking/bases_conjuntas/EGFR_MAPK1_98_L_EGFR.pdbqt --log docking/bases_conjuntas/EGFR_MAPK1_98_L_EGFR.log
Using random seed: -314890280

mode |  affinity  |  intramol  |    CNN     |   CNN
     | (kcal/mol) | (kcal/mol) | pose score | affinity
-----+------------+------------+------------+----------
    1       -7.60       -0.18       0.7077      5.917
    2       -8.35       -0.24       0.6315      7.102
    3       -9.27       -0.01       0.5780      7.247
    4       -9.01       -0.26       0.5645      7.316
    5       -7.65       -0.30       0.5291      5.728
    6       -7.37        0.14       0.4495      6.430
    7       -8.42       -0.16       0.4122      6.293
    8       -8.48       -0.01       0.3853      6.619
    9       -7.59       -0.13       0.3715      5.533
