              _             
             (_)            
   __ _ _ __  _ _ __   __ _ 
  / _` | '_ \| | '_ \ / _` |
 | (_| | | | | | | | | (_| |
  \__, |_| |_|_|_| |_|\__,_|
   __/ |                    
  |___/                     

gnina v1.3 master:97fa6bc+   Built Oct  3 2024.
gnina is based on smina and AutoDock Vina.
Please cite appropriately.

Commandline: gnina --receptor Proteinas_preparadas/EGFR.pdbqt --ligand Bases_conjuntas/Targets/EGFR_MAPK1/EGFR_MAPK1_929.pdbqt --autobox_ligand Compuestos_preparados/EGFR.pdbqt --autobox_add 18 --exhaustiveness 16 --out docking/bases_conjuntas/EGFR_MAPK1_929_L_EGFR.pdbqt --log docking/bases_conjuntas/EGFR_MAPK1_929_L_EGFR.log
Using random seed: 830372645

mode |  affinity  |  intramol  |    CNN     |   CNN
     | (kcal/mol) | (kcal/mol) | pose score | affinity
-----+------------+------------+------------+----------
    1       -7.35       -1.66       0.5854      6.568
    2       -8.89        1.55       0.3421      6.934
    3       -8.67        0.01       0.3412      7.239
    4       -8.93       -0.05       0.3307      7.260
    5       -8.49        1.19       0.3115      6.686
    6       -7.45       -1.13       0.2819      6.245
    7       -8.34       -1.36       0.2652      6.489
    8       -9.62       -0.94       0.2538      7.026
    9       -8.04        0.69       0.2377      6.958
