              _             
             (_)            
   __ _ _ __  _ _ __   __ _ 
  / _` | '_ \| | '_ \ / _` |
 | (_| | | | | | | | | (_| |
  \__, |_| |_|_|_| |_|\__,_|
   __/ |                    
  |___/                     

gnina v1.3 master:97fa6bc+   Built Oct  3 2024.
gnina is based on smina and AutoDock Vina.
Please cite appropriately.

Commandline: gnina --receptor Proteinas_preparadas/MAPK1.pdbqt --ligand Bases_conjuntas/Targets/EGFR_MAPK1/EGFR_MAPK1_192.pdbqt --autobox_ligand Compuestos_preparados/MAPK1.pdbqt --autobox_add 18 --exhaustiveness 16 --out docking/bases_conjuntas/EGFR_MAPK1_192_L_MAPK1.pdbqt --log docking/bases_conjuntas/EGFR_MAPK1_192_L_MAPK1.log
Using random seed: 2031532120

mode |  affinity  |  intramol  |    CNN     |   CNN
     | (kcal/mol) | (kcal/mol) | pose score | affinity
-----+------------+------------+------------+----------
    1       -8.88       -1.46       0.3945      7.520
    2      -10.66       -0.01       0.3713      7.452
    3      -10.07       -0.36       0.3103      7.666
    4      -10.22        0.89       0.2752      7.987
    5      -10.16        0.74       0.2560      7.706
    6      -10.03       -0.32       0.2004      7.228
    7       -9.37       -0.62       0.1977      7.485
    8      -10.83        3.30       0.1952      7.316
    9      -10.69        1.26       0.1890      7.294
