              _             
             (_)            
   __ _ _ __  _ _ __   __ _ 
  / _` | '_ \| | '_ \ / _` |
 | (_| | | | | | | | | (_| |
  \__, |_| |_|_|_| |_|\__,_|
   __/ |                    
  |___/                     

gnina v1.3 master:97fa6bc+   Built Oct  3 2024.
gnina is based on smina and AutoDock Vina.
Please cite appropriately.

Commandline: gnina --receptor Proteinas_preparadas/EGFR.pdbqt --ligand Bases_conjuntas/Targets/EGFR_MAPK1/EGFR_MAPK1_1101.pdbqt --autobox_ligand Compuestos_preparados/EGFR.pdbqt --autobox_add 18 --exhaustiveness 16 --out docking/bases_conjuntas/EGFR_MAPK1_1101_L_EGFR.pdbqt --log docking/bases_conjuntas/EGFR_MAPK1_1101_L_EGFR.log
Using random seed: -309362500

mode |  affinity  |  intramol  |    CNN     |   CNN
     | (kcal/mol) | (kcal/mol) | pose score | affinity
-----+------------+------------+------------+----------
    1       -7.02       -0.36       0.6605      7.149
    2       -7.62       -0.35       0.5438      7.267
    3       -8.39       -0.32       0.4674      7.167
    4       -8.43       -0.07       0.4481      7.349
    5       -8.88       -0.43       0.4380      7.533
    6       -7.74        0.02       0.4374      6.985
    7       -7.27       -0.35       0.3822      7.229
    8       -7.41       -0.44       0.3677      7.416
    9       -7.89       -0.34       0.3274      6.625
