              _             
             (_)            
   __ _ _ __  _ _ __   __ _ 
  / _` | '_ \| | '_ \ / _` |
 | (_| | | | | | | | | (_| |
  \__, |_| |_|_|_| |_|\__,_|
   __/ |                    
  |___/                     

gnina v1.3 master:97fa6bc+   Built Oct  3 2024.
gnina is based on smina and AutoDock Vina.
Please cite appropriately.

Commandline: gnina --receptor Proteinas_preparadas/MAPK1.pdbqt --ligand Bases_conjuntas/Targets/EGFR_MAPK1/EGFR_MAPK1_1113.pdbqt --autobox_ligand Compuestos_preparados/MAPK1.pdbqt --autobox_add 18 --exhaustiveness 16 --out docking/bases_conjuntas/EGFR_MAPK1_1113_L_MAPK1.pdbqt --log docking/bases_conjuntas/EGFR_MAPK1_1113_L_MAPK1.log
Using random seed: 249646323

mode |  affinity  |  intramol  |    CNN     |   CNN
     | (kcal/mol) | (kcal/mol) | pose score | affinity
-----+------------+------------+------------+----------
    1       -7.39        0.07       0.6737      7.399
    2       -8.10       -0.49       0.6161      7.212
    3       -7.41       -0.51       0.4912      6.735
    4       -8.74       -0.24       0.3742      7.081
    5       -7.79       -0.48       0.3481      7.161
    6       -7.30       -0.49       0.3021      6.874
    7       -7.63       -0.50       0.2479      6.484
    8       -7.71       -0.04       0.2423      6.300
    9       -7.84       -0.49       0.2420      6.610
