              _             
             (_)            
   __ _ _ __  _ _ __   __ _ 
  / _` | '_ \| | '_ \ / _` |
 | (_| | | | | | | | | (_| |
  \__, |_| |_|_|_| |_|\__,_|
   __/ |                    
  |___/                     

gnina v1.3 master:97fa6bc+   Built Oct  3 2024.
gnina is based on smina and AutoDock Vina.
Please cite appropriately.

Commandline: gnina --receptor Proteinas_preparadas/MAPK1.pdbqt --ligand Bases_conjuntas/Targets/EGFR_MAPK1/EGFR_MAPK1_1094.pdbqt --autobox_ligand Compuestos_preparados/MAPK1.pdbqt --autobox_add 18 --exhaustiveness 16 --out docking/bases_conjuntas/EGFR_MAPK1_1094_L_MAPK1.pdbqt --log docking/bases_conjuntas/EGFR_MAPK1_1094_L_MAPK1.log
Using random seed: 1706692558

mode |  affinity  |  intramol  |    CNN     |   CNN
     | (kcal/mol) | (kcal/mol) | pose score | affinity
-----+------------+------------+------------+----------
    1       -6.04        0.18       0.5775      6.598
    2       -8.18        0.41       0.4675      6.688
    3       -7.22       -0.76       0.4168      6.520
    4       -5.87       -0.43       0.3438      6.179
    5       -6.90       -0.92       0.3208      6.255
    6       -6.05        0.15       0.3018      5.996
    7       -6.62        0.25       0.3004      6.553
    8       -6.25       -0.59       0.2919      5.897
    9       -6.96       -0.67       0.2918      6.875
