              _             
             (_)            
   __ _ _ __  _ _ __   __ _ 
  / _` | '_ \| | '_ \ / _` |
 | (_| | | | | | | | | (_| |
  \__, |_| |_|_|_| |_|\__,_|
   __/ |                    
  |___/                     

gnina v1.3 master:97fa6bc+   Built Oct  3 2024.
gnina is based on smina and AutoDock Vina.
Please cite appropriately.

Commandline: gnina --receptor Proteinas_preparadas/MAPK1.pdbqt --ligand Bases_conjuntas/Targets/EGFR_MAPK1/EGFR_MAPK1_978.pdbqt --autobox_ligand Compuestos_preparados/MAPK1.pdbqt --autobox_add 18 --exhaustiveness 16 --out docking/bases_conjuntas/EGFR_MAPK1_978_L_MAPK1.pdbqt --log docking/bases_conjuntas/EGFR_MAPK1_978_L_MAPK1.log
Using random seed: 242513381

mode |  affinity  |  intramol  |    CNN     |   CNN
     | (kcal/mol) | (kcal/mol) | pose score | affinity
-----+------------+------------+------------+----------
    1       -6.34        0.53       0.4985      6.154
    2       -7.14       -0.74       0.4715      6.615
    3       -9.39       -0.53       0.4698      6.750
    4       -7.66       -0.36       0.4574      6.397
    5       -9.78        1.22       0.4486      7.016
    6       -6.72        0.42       0.4028      5.796
    7       -9.91       -0.49       0.3897      6.904
    8       -7.19        0.30       0.3365      6.291
    9       -6.22       -0.61       0.3088      6.479
