              _             
             (_)            
   __ _ _ __  _ _ __   __ _ 
  / _` | '_ \| | '_ \ / _` |
 | (_| | | | | | | | | (_| |
  \__, |_| |_|_|_| |_|\__,_|
   __/ |                    
  |___/                     

gnina v1.3 master:97fa6bc+   Built Oct  3 2024.
gnina is based on smina and AutoDock Vina.
Please cite appropriately.

Commandline: gnina --receptor Proteinas_preparadas/EGFR.pdbqt --ligand Bases_conjuntas/Targets/EGFR_MAPK1/EGFR_MAPK1_1013.pdbqt --autobox_ligand Compuestos_preparados/EGFR.pdbqt --autobox_add 18 --exhaustiveness 16 --out docking/bases_conjuntas/EGFR_MAPK1_1013_L_EGFR.pdbqt --log docking/bases_conjuntas/EGFR_MAPK1_1013_L_EGFR.log
Using random seed: 35015808

mode |  affinity  |  intramol  |    CNN     |   CNN
     | (kcal/mol) | (kcal/mol) | pose score | affinity
-----+------------+------------+------------+----------
    1       -8.58       -0.97       0.4839      7.383
    2       -8.73       -0.49       0.4839      7.246
    3       -8.19       -0.85       0.4719      6.404
    4       -8.53       -0.63       0.3449      6.806
    5       -8.20       -1.10       0.3086      7.005
    6       -8.25       -1.08       0.2896      6.449
    7       -8.78       -1.41       0.2615      6.686
    8       -8.21       -1.10       0.2566      6.366
    9       -8.74        0.16       0.2551      6.716
