              _             
             (_)            
   __ _ _ __  _ _ __   __ _ 
  / _` | '_ \| | '_ \ / _` |
 | (_| | | | | | | | | (_| |
  \__, |_| |_|_|_| |_|\__,_|
   __/ |                    
  |___/                     

gnina v1.3 master:97fa6bc+   Built Oct  3 2024.
gnina is based on smina and AutoDock Vina.
Please cite appropriately.

Commandline: gnina --receptor Proteinas_preparadas/EGFR.pdbqt --ligand Bases_conjuntas/Targets/EGFR_SRC/EGFR_SRC_560.pdbqt --autobox_ligand Compuestos_preparados/EGFR.pdbqt --autobox_add 18 --exhaustiveness 16 --cnn_scoring none --out docking/bases_conjuntas/EGFR_SRC_560_L_EGFR.pdbqt --log docking/bases_conjuntas/EGFR_SRC_560_L_EGFR.log
Using random seed: 1256703952

mode |  affinity  |  intramol  |    CNN     |   CNN
     | (kcal/mol) | (kcal/mol) | pose score | affinity
-----+------------+------------+------------+----------
    1      -11.66        1.22      -1.0000      0.000
    2      -11.59        7.53      -1.0000      0.000
    3      -11.54        1.29      -1.0000      0.000
    4      -10.44        2.29      -1.0000      0.000
    5      -10.34        0.62      -1.0000      0.000
    6      -10.13        0.86      -1.0000      0.000
    7       -9.98        0.58      -1.0000      0.000
    8       -9.98        0.75      -1.0000      0.000
    9       -9.93        2.22      -1.0000      0.000
