              _             
             (_)            
   __ _ _ __  _ _ __   __ _ 
  / _` | '_ \| | '_ \ / _` |
 | (_| | | | | | | | | (_| |
  \__, |_| |_|_|_| |_|\__,_|
   __/ |                    
  |___/                     

gnina v1.3 master:97fa6bc+   Built Oct  3 2024.
gnina is based on smina and AutoDock Vina.
Please cite appropriately.

Commandline: gnina --receptor Proteinas_preparadas/EGFR.pdbqt --ligand Bases_conjuntas/Targets/EGFR_MAPK1/EGFR_MAPK1_1076.pdbqt --autobox_ligand Compuestos_preparados/EGFR.pdbqt --autobox_add 18 --exhaustiveness 16 --out docking/bases_conjuntas/EGFR_MAPK1_1076_L_EGFR.pdbqt --log docking/bases_conjuntas/EGFR_MAPK1_1076_L_EGFR.log
Using random seed: -1358435702

mode |  affinity  |  intramol  |    CNN     |   CNN
     | (kcal/mol) | (kcal/mol) | pose score | affinity
-----+------------+------------+------------+----------
    1       -7.37        0.41       0.5278      6.694
    2       -7.96        0.43       0.5233      6.000
    3       -7.52        0.49       0.4917      6.686
    4       -7.34       -0.63       0.3872      6.224
    5       -7.39        0.33       0.3691      6.336
    6       -7.97        0.05       0.3590      6.509
    7       -8.12       -1.11       0.3360      6.281
    8       -7.32        0.40       0.3274      5.926
    9       -8.76       -1.04       0.3166      6.232
