              _             
             (_)            
   __ _ _ __  _ _ __   __ _ 
  / _` | '_ \| | '_ \ / _` |
 | (_| | | | | | | | | (_| |
  \__, |_| |_|_|_| |_|\__,_|
   __/ |                    
  |___/                     

gnina v1.3 master:97fa6bc+   Built Oct  3 2024.
gnina is based on smina and AutoDock Vina.
Please cite appropriately.

Commandline: gnina --receptor Proteinas_preparadas/MAPK1.pdbqt --ligand Bases_conjuntas/Targets/EGFR_MAPK1/EGFR_MAPK1_1142.pdbqt --autobox_ligand Compuestos_preparados/MAPK1.pdbqt --autobox_add 18 --exhaustiveness 16 --out docking/bases_conjuntas/EGFR_MAPK1_1142_L_MAPK1.pdbqt --log docking/bases_conjuntas/EGFR_MAPK1_1142_L_MAPK1.log
Using random seed: 656947962

mode |  affinity  |  intramol  |    CNN     |   CNN
     | (kcal/mol) | (kcal/mol) | pose score | affinity
-----+------------+------------+------------+----------
    1       -6.45        2.19       0.7806      7.112
    2       -6.36        0.98       0.6354      6.638
    3       -6.45       -0.95       0.5573      6.511
    4       -5.04        1.55       0.3846      5.985
    5       -6.12       -0.74       0.3170      6.245
    6       -6.47        0.01       0.3162      6.242
    7       -6.60       -1.36       0.2509      6.146
    8       -6.43       -1.28       0.2465      6.034
    9       -6.16       -0.80       0.2448      6.086
