              _             
             (_)            
   __ _ _ __  _ _ __   __ _ 
  / _` | '_ \| | '_ \ / _` |
 | (_| | | | | | | | | (_| |
  \__, |_| |_|_|_| |_|\__,_|
   __/ |                    
  |___/                     

gnina v1.3 master:97fa6bc+   Built Oct  3 2024.
gnina is based on smina and AutoDock Vina.
Please cite appropriately.

Commandline: gnina --receptor Proteinas_preparadas/MAPK1.pdbqt --ligand Bases_conjuntas/Targets/EGFR_MAPK1/EGFR_MAPK1_636.pdbqt --autobox_ligand Compuestos_preparados/MAPK1.pdbqt --autobox_add 18 --exhaustiveness 16 --out docking/bases_conjuntas/EGFR_MAPK1_636_L_MAPK1.pdbqt --log docking/bases_conjuntas/EGFR_MAPK1_636_L_MAPK1.log
Using random seed: -1320273441

mode |  affinity  |  intramol  |    CNN     |   CNN
     | (kcal/mol) | (kcal/mol) | pose score | affinity
-----+------------+------------+------------+----------
    1      -10.38       -0.74       0.7064      7.077
    2       -8.52       -0.59       0.6558      7.036
    3      -10.23       -1.10       0.6409      7.073
    4       -7.19       -1.23       0.5229      5.935
    5       -8.77       -0.40       0.4860      6.497
    6       -8.85       -0.37       0.3907      6.392
    7       -7.78       -0.89       0.2569      5.748
    8       -7.21       -0.81       0.2418      5.945
    9       -7.37       -0.18       0.2249      5.795
