              _             
             (_)            
   __ _ _ __  _ _ __   __ _ 
  / _` | '_ \| | '_ \ / _` |
 | (_| | | | | | | | | (_| |
  \__, |_| |_|_|_| |_|\__,_|
   __/ |                    
  |___/                     

gnina v1.3 master:97fa6bc+   Built Oct  3 2024.
gnina is based on smina and AutoDock Vina.
Please cite appropriately.

Commandline: gnina --receptor Proteinas_preparadas/EGFR.pdbqt --ligand Bases_conjuntas/Targets/EGFR_MAPK1/EGFR_MAPK1_124.pdbqt --autobox_ligand Compuestos_preparados/EGFR.pdbqt --autobox_add 18 --exhaustiveness 16 --out docking/bases_conjuntas/EGFR_MAPK1_124_L_EGFR.pdbqt --log docking/bases_conjuntas/EGFR_MAPK1_124_L_EGFR.log
Using random seed: -2061961842

mode |  affinity  |  intramol  |    CNN     |   CNN
     | (kcal/mol) | (kcal/mol) | pose score | affinity
-----+------------+------------+------------+----------
    1       -9.21       -1.22       0.6959      7.091
    2       -9.39       -0.88       0.5818      6.822
    3       -8.81       -0.25       0.5024      6.889
    4       -9.39       -0.58       0.3981      6.647
    5       -9.25       -0.98       0.3842      6.544
    6       -9.14       -1.24       0.3822      6.560
    7       -9.60       -0.66       0.3525      6.671
    8       -8.35        4.46       0.3248      5.977
    9       -8.63       -0.93       0.2917      6.691
