              _             
             (_)            
   __ _ _ __  _ _ __   __ _ 
  / _` | '_ \| | '_ \ / _` |
 | (_| | | | | | | | | (_| |
  \__, |_| |_|_|_| |_|\__,_|
   __/ |                    
  |___/                     

gnina v1.3 master:97fa6bc+   Built Oct  3 2024.
gnina is based on smina and AutoDock Vina.
Please cite appropriately.

Commandline: gnina --receptor Proteinas_preparadas/SRC.pdbqt --ligand Bases_conjuntas/Targets/EGFR_SRC/EGFR_SRC_1147.pdbqt --autobox_ligand Compuestos_preparados/SRC.pdbqt --autobox_add 18 --exhaustiveness 16 --out docking/bases_conjuntas/EGFR_SRC_1147_L_SRC.pdbqt --log docking/bases_conjuntas/EGFR_SRC_1147_L_SRC.log
Using random seed: 1051811508

mode |  affinity  |  intramol  |    CNN     |   CNN
     | (kcal/mol) | (kcal/mol) | pose score | affinity
-----+------------+------------+------------+----------
    1       -8.68       -1.15       0.7896      7.484
    2       -7.98       -1.09       0.7724      7.773
    3       -8.29       -1.02       0.7318      7.608
    4       -8.41       -0.96       0.6085      7.274
    5       -7.90       -1.08       0.4583      7.352
    6       -8.04       -0.93       0.4488      7.106
    7       -7.53       -1.01       0.4469      7.293
    8       -8.02       -1.19       0.4302      7.182
    9       -8.59       -0.02       0.2851      6.598
