              _             
             (_)            
   __ _ _ __  _ _ __   __ _ 
  / _` | '_ \| | '_ \ / _` |
 | (_| | | | | | | | | (_| |
  \__, |_| |_|_|_| |_|\__,_|
   __/ |                    
  |___/                     

gnina v1.3 master:97fa6bc+   Built Oct  3 2024.
gnina is based on smina and AutoDock Vina.
Please cite appropriately.

Commandline: gnina --receptor Proteinas_preparadas/EGFR.pdbqt --ligand Bases_conjuntas/Targets/EGFR_MAPK1/EGFR_MAPK1_248.pdbqt --autobox_ligand Compuestos_preparados/EGFR.pdbqt --autobox_add 18 --exhaustiveness 16 --cnn_scoring none --out docking/bases_conjuntas/EGFR_MAPK1_248_L_EGFR.pdbqt --log docking/bases_conjuntas/EGFR_MAPK1_248_L_EGFR.log
Using random seed: -1741009062

mode |  affinity  |  intramol  |    CNN     |   CNN
     | (kcal/mol) | (kcal/mol) | pose score | affinity
-----+------------+------------+------------+----------
    1       -9.56       -0.60      -1.0000      0.000
    2       -9.28       -0.52      -1.0000      0.000
    3       -9.04       -1.08      -1.0000      0.000
    4       -8.94       -0.72      -1.0000      0.000
    5       -8.90       -0.68      -1.0000      0.000
    6       -8.90       -0.53      -1.0000      0.000
    7       -8.52       -1.16      -1.0000      0.000
    8       -8.51       -0.85      -1.0000      0.000
    9       -8.51       -1.21      -1.0000      0.000
