              _             
             (_)            
   __ _ _ __  _ _ __   __ _ 
  / _` | '_ \| | '_ \ / _` |
 | (_| | | | | | | | | (_| |
  \__, |_| |_|_|_| |_|\__,_|
   __/ |                    
  |___/                     

gnina v1.3 master:97fa6bc+   Built Oct  3 2024.
gnina is based on smina and AutoDock Vina.
Please cite appropriately.

Commandline: gnina --receptor Proteinas_preparadas/EGFR.pdbqt --ligand Bases_conjuntas/Targets/EGFR_MAPK1/EGFR_MAPK1_580.pdbqt --autobox_ligand Compuestos_preparados/EGFR.pdbqt --autobox_add 18 --exhaustiveness 16 --out docking/bases_conjuntas/EGFR_MAPK1_580_L_EGFR.pdbqt --log docking/bases_conjuntas/EGFR_MAPK1_580_L_EGFR.log
Using random seed: -1722063608

mode |  affinity  |  intramol  |    CNN     |   CNN
     | (kcal/mol) | (kcal/mol) | pose score | affinity
-----+------------+------------+------------+----------
    1       -6.42       -1.65       0.5117      6.673
    2       -6.64       -0.99       0.4895      6.686
    3       -6.79       -1.97       0.2659      6.127
    4       -6.39       -0.90       0.2456      6.391
    5       -6.95       -1.45       0.2184      6.490
    6       -7.80       -0.54       0.2169      6.338
    7       -7.51       -1.55       0.2122      6.063
    8       -7.51       -1.04       0.1994      6.754
    9       -6.79       -1.85       0.1869      6.069
