              _             
             (_)            
   __ _ _ __  _ _ __   __ _ 
  / _` | '_ \| | '_ \ / _` |
 | (_| | | | | | | | | (_| |
  \__, |_| |_|_|_| |_|\__,_|
   __/ |                    
  |___/                     

gnina v1.3 master:97fa6bc+   Built Oct  3 2024.
gnina is based on smina and AutoDock Vina.
Please cite appropriately.

Commandline: gnina --receptor Proteinas_preparadas/MAPK1.pdbqt --ligand Bases_conjuntas/Targets/EGFR_MAPK1/EGFR_MAPK1_1060.pdbqt --autobox_ligand Compuestos_preparados/MAPK1.pdbqt --autobox_add 18 --exhaustiveness 16 --out docking/bases_conjuntas/EGFR_MAPK1_1060_L_MAPK1.pdbqt --log docking/bases_conjuntas/EGFR_MAPK1_1060_L_MAPK1.log
Using random seed: -1340367416

mode |  affinity  |  intramol  |    CNN     |   CNN
     | (kcal/mol) | (kcal/mol) | pose score | affinity
-----+------------+------------+------------+----------
    1       -7.47        0.09       0.6736      6.845
    2       -7.85        0.16       0.5629      6.975
    3       -6.76       -0.08       0.5349      6.626
    4       -9.28        0.23       0.5170      6.988
    5       -7.72       -1.06       0.4213      5.994
    6       -8.07        0.06       0.4035      6.830
    7       -7.93       -1.02       0.3985      6.637
    8       -9.03       -0.98       0.3861      6.744
    9       -8.45       -0.79       0.3732      6.565
