              _             
             (_)            
   __ _ _ __  _ _ __   __ _ 
  / _` | '_ \| | '_ \ / _` |
 | (_| | | | | | | | | (_| |
  \__, |_| |_|_|_| |_|\__,_|
   __/ |                    
  |___/                     

gnina v1.3 master:97fa6bc+   Built Oct  3 2024.
gnina is based on smina and AutoDock Vina.
Please cite appropriately.

Commandline: gnina --receptor Proteinas_preparadas/MAPK1.pdbqt --ligand Bases_conjuntas/Targets/EGFR_MAPK1/EGFR_MAPK1_653.pdbqt --autobox_ligand Compuestos_preparados/MAPK1.pdbqt --autobox_add 18 --exhaustiveness 16 --out docking/bases_conjuntas/EGFR_MAPK1_653_L_MAPK1.pdbqt --log docking/bases_conjuntas/EGFR_MAPK1_653_L_MAPK1.log
Using random seed: -126045076

mode |  affinity  |  intramol  |    CNN     |   CNN
     | (kcal/mol) | (kcal/mol) | pose score | affinity
-----+------------+------------+------------+----------
    1       -8.44       -0.25       0.6668      7.473
    2       -7.70        1.16       0.4033      7.197
    3       -6.83       -0.59       0.4013      5.907
    4       -6.29        1.38       0.3790      5.613
    5       -5.78        0.33       0.3568      6.380
    6       -7.33       -0.59       0.3528      7.061
    7       -6.98        0.76       0.3343      6.136
    8       -6.23       -0.54       0.3314      6.186
    9       -5.98       -0.52       0.3271      5.725
