              _             
             (_)            
   __ _ _ __  _ _ __   __ _ 
  / _` | '_ \| | '_ \ / _` |
 | (_| | | | | | | | | (_| |
  \__, |_| |_|_|_| |_|\__,_|
   __/ |                    
  |___/                     

gnina v1.3 master:97fa6bc+   Built Oct  3 2024.
gnina is based on smina and AutoDock Vina.
Please cite appropriately.

Commandline: gnina --receptor Proteinas_preparadas/MAPK1.pdbqt --ligand Bases_conjuntas/Targets/EGFR_MAPK1/EGFR_MAPK1_1145.pdbqt --autobox_ligand Compuestos_preparados/MAPK1.pdbqt --autobox_add 18 --exhaustiveness 16 --out docking/bases_conjuntas/EGFR_MAPK1_1145_L_MAPK1.pdbqt --log docking/bases_conjuntas/EGFR_MAPK1_1145_L_MAPK1.log
Using random seed: 2006879124

mode |  affinity  |  intramol  |    CNN     |   CNN
     | (kcal/mol) | (kcal/mol) | pose score | affinity
-----+------------+------------+------------+----------
    1       -6.48       -0.29       0.6363      6.251
    2       -8.59        0.70       0.6176      7.352
    3       -7.92        0.03       0.4142      7.386
    4       -7.94       -0.37       0.3537      7.234
    5       -6.81        1.11       0.3262      5.978
    6       -6.37       -0.28       0.2985      5.890
    7       -8.81        0.06       0.2819      6.736
    8       -8.38       -0.22       0.2767      6.798
    9       -6.72       -0.50       0.2356      6.060
