              _             
             (_)            
   __ _ _ __  _ _ __   __ _ 
  / _` | '_ \| | '_ \ / _` |
 | (_| | | | | | | | | (_| |
  \__, |_| |_|_|_| |_|\__,_|
   __/ |                    
  |___/                     

gnina v1.3 master:97fa6bc+   Built Oct  3 2024.
gnina is based on smina and AutoDock Vina.
Please cite appropriately.

Commandline: gnina --receptor Proteinas_preparadas/MAPK1.pdbqt --ligand Bases_conjuntas/Targets/EGFR_MAPK1/EGFR_MAPK1_749.pdbqt --autobox_ligand Compuestos_preparados/MAPK1.pdbqt --autobox_add 18 --exhaustiveness 16 --out docking/bases_conjuntas/EGFR_MAPK1_749_L_MAPK1.pdbqt --log docking/bases_conjuntas/EGFR_MAPK1_749_L_MAPK1.log
Using random seed: 1950789320

mode |  affinity  |  intramol  |    CNN     |   CNN
     | (kcal/mol) | (kcal/mol) | pose score | affinity
-----+------------+------------+------------+----------
    1       -9.29        1.36       0.6619      7.918
    2       -9.09        1.29       0.6584      8.042
    3       -8.92        0.61       0.5894      7.738
    4       -9.06       -1.57       0.5574      7.393
    5       -8.48       -0.20       0.3813      7.343
    6       -9.39        1.60       0.3778      7.581
    7       -8.96        0.57       0.3629      7.126
    8       -8.85       -0.80       0.3508      5.996
    9       -8.39       -0.91       0.3147      7.438
