              _             
             (_)            
   __ _ _ __  _ _ __   __ _ 
  / _` | '_ \| | '_ \ / _` |
 | (_| | | | | | | | | (_| |
  \__, |_| |_|_|_| |_|\__,_|
   __/ |                    
  |___/                     

gnina v1.3 master:97fa6bc+   Built Oct  3 2024.
gnina is based on smina and AutoDock Vina.
Please cite appropriately.

Commandline: gnina --receptor Proteinas_preparadas/EGFR.pdbqt --ligand Bases_conjuntas/Targets/EGFR_MAPK1/EGFR_MAPK1_710.pdbqt --autobox_ligand Compuestos_preparados/EGFR.pdbqt --autobox_add 18 --exhaustiveness 16 --out docking/bases_conjuntas/EGFR_MAPK1_710_L_EGFR.pdbqt --log docking/bases_conjuntas/EGFR_MAPK1_710_L_EGFR.log
Using random seed: -969935681

mode |  affinity  |  intramol  |    CNN     |   CNN
     | (kcal/mol) | (kcal/mol) | pose score | affinity
-----+------------+------------+------------+----------
    1       -8.15        0.79       0.7158      6.261
    2       -8.64       -0.99       0.7140      6.917
    3       -9.42       -0.48       0.6879      6.514
    4       -9.15       -0.60       0.6425      6.891
    5       -8.25       -0.65       0.5700      6.361
    6       -8.70       -1.83       0.5675      7.094
    7       -9.40       -1.22       0.5345      7.002
    8       -8.09       -0.35       0.4932      6.409
    9       -8.12       -0.52       0.4260      6.647
