              _             
             (_)            
   __ _ _ __  _ _ __   __ _ 
  / _` | '_ \| | '_ \ / _` |
 | (_| | | | | | | | | (_| |
  \__, |_| |_|_|_| |_|\__,_|
   __/ |                    
  |___/                     

gnina v1.3 master:97fa6bc+   Built Oct  3 2024.
gnina is based on smina and AutoDock Vina.
Please cite appropriately.

Commandline: gnina --receptor Proteinas_preparadas/EGFR.pdbqt --ligand Bases_conjuntas/Targets/EGFR_MAPK1/EGFR_MAPK1_179.pdbqt --autobox_ligand Compuestos_preparados/EGFR.pdbqt --autobox_add 18 --exhaustiveness 16 --out docking/bases_conjuntas/EGFR_MAPK1_179_L_EGFR.pdbqt --log docking/bases_conjuntas/EGFR_MAPK1_179_L_EGFR.log
Using random seed: 1102589127

mode |  affinity  |  intramol  |    CNN     |   CNN
     | (kcal/mol) | (kcal/mol) | pose score | affinity
-----+------------+------------+------------+----------
    1       -7.40       -1.78       0.5144      7.661
    2       -7.29       -0.22       0.5143      7.399
    3       -7.76       -1.50       0.4653      7.326
    4       -7.60       -0.81       0.4147      6.971
    5       -7.93        0.36       0.4030      7.361
    6       -7.53       -1.07       0.3947      6.762
    7       -7.74       -0.56       0.3940      7.512
    8       -7.58       -1.26       0.3844      7.379
    9       -7.96       -0.82       0.2901      6.628
