              _             
             (_)            
   __ _ _ __  _ _ __   __ _ 
  / _` | '_ \| | '_ \ / _` |
 | (_| | | | | | | | | (_| |
  \__, |_| |_|_|_| |_|\__,_|
   __/ |                    
  |___/                     

gnina v1.3 master:97fa6bc+   Built Oct  3 2024.
gnina is based on smina and AutoDock Vina.
Please cite appropriately.

Commandline: gnina --receptor Proteinas_preparadas/EGFR.pdbqt --ligand Bases_conjuntas/Targets/EGFR_MAPK1/EGFR_MAPK1_218.pdbqt --autobox_ligand Compuestos_preparados/EGFR.pdbqt --autobox_add 18 --exhaustiveness 16 --cnn_scoring none --out docking/bases_conjuntas/EGFR_MAPK1_218_L_EGFR.pdbqt --log docking/bases_conjuntas/EGFR_MAPK1_218_L_EGFR.log
Using random seed: -1971717120

mode |  affinity  |  intramol  |    CNN     |   CNN
     | (kcal/mol) | (kcal/mol) | pose score | affinity
-----+------------+------------+------------+----------
    1       -9.39        0.68      -1.0000      0.000
    2       -9.36       -0.06      -1.0000      0.000
    3       -9.32        0.73      -1.0000      0.000
    4       -9.18       -0.56      -1.0000      0.000
    5       -9.06       -0.04      -1.0000      0.000
    6       -9.01        0.24      -1.0000      0.000
    7       -8.98        0.10      -1.0000      0.000
    8       -8.97       -0.91      -1.0000      0.000
    9       -8.95       -0.56      -1.0000      0.000
