              _             
             (_)            
   __ _ _ __  _ _ __   __ _ 
  / _` | '_ \| | '_ \ / _` |
 | (_| | | | | | | | | (_| |
  \__, |_| |_|_|_| |_|\__,_|
   __/ |                    
  |___/                     

gnina v1.3 master:97fa6bc+   Built Oct  3 2024.
gnina is based on smina and AutoDock Vina.
Please cite appropriately.

Commandline: gnina --receptor Proteinas_preparadas/EGFR.pdbqt --ligand Bases_conjuntas/Targets/EGFR_MAPK1/EGFR_MAPK1_1138.pdbqt --autobox_ligand Compuestos_preparados/EGFR.pdbqt --autobox_add 18 --exhaustiveness 16 --out docking/bases_conjuntas/EGFR_MAPK1_1138_L_EGFR.pdbqt --log docking/bases_conjuntas/EGFR_MAPK1_1138_L_EGFR.log
Using random seed: 1893187248

mode |  affinity  |  intramol  |    CNN     |   CNN
     | (kcal/mol) | (kcal/mol) | pose score | affinity
-----+------------+------------+------------+----------
    1       -5.76        1.06       0.5259      5.679
    2       -5.70        1.68       0.4262      5.593
    3       -5.47        1.93       0.3667      5.182
    4       -5.44       -1.65       0.3569      5.340
    5       -5.89        1.34       0.3218      5.437
    6       -5.56       -2.06       0.3217      5.635
    7       -6.24       -2.16       0.2951      4.019
    8       -5.57       -1.66       0.2769      4.667
    9       -7.55       -0.89       0.2696      6.337
