              _             
             (_)            
   __ _ _ __  _ _ __   __ _ 
  / _` | '_ \| | '_ \ / _` |
 | (_| | | | | | | | | (_| |
  \__, |_| |_|_|_| |_|\__,_|
   __/ |                    
  |___/                     

gnina v1.3 master:97fa6bc+   Built Oct  3 2024.
gnina is based on smina and AutoDock Vina.
Please cite appropriately.

Commandline: gnina --receptor Proteinas_preparadas/EGFR.pdbqt --ligand Bases_conjuntas/Targets/EGFR_MAPK1/EGFR_MAPK1_730.pdbqt --autobox_ligand Compuestos_preparados/EGFR.pdbqt --autobox_add 18 --exhaustiveness 16 --out docking/bases_conjuntas/EGFR_MAPK1_730_L_EGFR.pdbqt --log docking/bases_conjuntas/EGFR_MAPK1_730_L_EGFR.log
Using random seed: 1870210476

mode |  affinity  |  intramol  |    CNN     |   CNN
     | (kcal/mol) | (kcal/mol) | pose score | affinity
-----+------------+------------+------------+----------
    1       -6.88       -0.72       0.6632      6.180
    2       -6.77       -1.27       0.5469      6.747
    3       -6.29       -0.81       0.5403      5.953
    4       -7.09       -1.17       0.5270      6.679
    5       -6.53       -0.99       0.4885      6.024
    6       -6.61       -0.94       0.4062      6.599
    7       -6.84       -1.10       0.3988      6.432
    8       -6.38       -0.92       0.3075      5.870
    9       -6.54       -0.20       0.2533      5.688
