              _             
             (_)            
   __ _ _ __  _ _ __   __ _ 
  / _` | '_ \| | '_ \ / _` |
 | (_| | | | | | | | | (_| |
  \__, |_| |_|_|_| |_|\__,_|
   __/ |                    
  |___/                     

gnina v1.3 master:97fa6bc+   Built Oct  3 2024.
gnina is based on smina and AutoDock Vina.
Please cite appropriately.

Commandline: gnina --receptor Proteinas_preparadas/EGFR.pdbqt --ligand Bases_conjuntas/Targets/EGFR_MAPK1/EGFR_MAPK1_399.pdbqt --autobox_ligand Compuestos_preparados/EGFR.pdbqt --autobox_add 18 --exhaustiveness 16 --out docking/bases_conjuntas/EGFR_MAPK1_399_L_EGFR.pdbqt --log docking/bases_conjuntas/EGFR_MAPK1_399_L_EGFR.log
Using random seed: 1934721580

mode |  affinity  |  intramol  |    CNN     |   CNN
     | (kcal/mol) | (kcal/mol) | pose score | affinity
-----+------------+------------+------------+----------
    1       -8.30       -0.75       0.6615      6.384
    2       -8.45        0.48       0.6609      6.603
    3       -8.27       -0.15       0.6348      6.550
    4       -9.83       -0.06       0.5960      6.734
    5       -8.24        0.17       0.5464      6.515
    6       -7.93       -0.32       0.5356      6.131
    7       -8.09       -0.24       0.4787      6.608
    8       -8.23       -0.17       0.4598      6.167
    9       -9.62       -0.54       0.4294      6.579
