              _             
             (_)            
   __ _ _ __  _ _ __   __ _ 
  / _` | '_ \| | '_ \ / _` |
 | (_| | | | | | | | | (_| |
  \__, |_| |_|_|_| |_|\__,_|
   __/ |                    
  |___/                     

gnina v1.3 master:97fa6bc+   Built Oct  3 2024.
gnina is based on smina and AutoDock Vina.
Please cite appropriately.

Commandline: gnina --receptor Proteinas_preparadas/EGFR.pdbqt --ligand Bases_conjuntas/Targets/EGFR_MAPK1/EGFR_MAPK1_272.pdbqt --autobox_ligand Compuestos_preparados/EGFR.pdbqt --autobox_add 18 --exhaustiveness 16 --out docking/bases_conjuntas/EGFR_MAPK1_272_L_EGFR.pdbqt --log docking/bases_conjuntas/EGFR_MAPK1_272_L_EGFR.log
Using random seed: 1592808056

mode |  affinity  |  intramol  |    CNN     |   CNN
     | (kcal/mol) | (kcal/mol) | pose score | affinity
-----+------------+------------+------------+----------
    1       -7.57       -0.70       0.8158      6.758
    2       -7.37       -1.08       0.6746      6.338
    3       -8.50       -0.81       0.5825      7.118
    4       -7.15       -0.49       0.4738      6.240
    5       -7.65       -0.27       0.4628      6.654
    6       -7.66       -0.46       0.4449      6.535
    7       -7.52        0.77       0.4201      6.382
    8       -7.11       -1.19       0.4197      6.359
    9       -8.20       -0.19       0.4105      6.804
