              _             
             (_)            
   __ _ _ __  _ _ __   __ _ 
  / _` | '_ \| | '_ \ / _` |
 | (_| | | | | | | | | (_| |
  \__, |_| |_|_|_| |_|\__,_|
   __/ |                    
  |___/                     

gnina v1.3 master:97fa6bc+   Built Oct  3 2024.
gnina is based on smina and AutoDock Vina.
Please cite appropriately.

Commandline: gnina --receptor Proteinas_preparadas/MAPK1.pdbqt --ligand Bases_conjuntas/Targets/EGFR_MAPK1/EGFR_MAPK1_437.pdbqt --autobox_ligand Compuestos_preparados/MAPK1.pdbqt --autobox_add 18 --exhaustiveness 16 --out docking/bases_conjuntas/EGFR_MAPK1_437_L_MAPK1.pdbqt --log docking/bases_conjuntas/EGFR_MAPK1_437_L_MAPK1.log
Using random seed: 521161568

mode |  affinity  |  intramol  |    CNN     |   CNN
     | (kcal/mol) | (kcal/mol) | pose score | affinity
-----+------------+------------+------------+----------
    1       -8.89       -0.09       0.6668      7.365
    2       -8.80       -0.03       0.5792      7.403
    3      -10.11       -0.28       0.4866      7.225
    4       -8.63       -1.02       0.4786      6.625
    5       -9.27       -0.88       0.4584      7.693
    6       -9.20       -0.88       0.3377      7.725
    7       -7.92       -1.14       0.2978      7.446
    8       -8.38       -0.19       0.2741      6.982
    9       -8.31       -0.66       0.2496      5.901
