              _             
             (_)            
   __ _ _ __  _ _ __   __ _ 
  / _` | '_ \| | '_ \ / _` |
 | (_| | | | | | | | | (_| |
  \__, |_| |_|_|_| |_|\__,_|
   __/ |                    
  |___/                     

gnina v1.3 master:97fa6bc+   Built Oct  3 2024.
gnina is based on smina and AutoDock Vina.
Please cite appropriately.

Commandline: gnina --receptor Proteinas_preparadas/EGFR.pdbqt --ligand Bases_conjuntas/Targets/EGFR_MAPK1/EGFR_MAPK1_386.pdbqt --autobox_ligand Compuestos_preparados/EGFR.pdbqt --autobox_add 18 --exhaustiveness 16 --cnn_scoring none --out docking/bases_conjuntas/EGFR_MAPK1_386_L_EGFR.pdbqt --log docking/bases_conjuntas/EGFR_MAPK1_386_L_EGFR.log
Using random seed: 1905465132

mode |  affinity  |  intramol  |    CNN     |   CNN
     | (kcal/mol) | (kcal/mol) | pose score | affinity
-----+------------+------------+------------+----------
    1       -9.71       -1.54      -1.0000      0.000
    2       -9.50       -1.75      -1.0000      0.000
    3       -9.29       -1.34      -1.0000      0.000
    4       -9.28        0.06      -1.0000      0.000
    5       -9.25       -0.77      -1.0000      0.000
    6       -9.20       -0.08      -1.0000      0.000
    7       -9.16       -0.25      -1.0000      0.000
    8       -9.16       -1.77      -1.0000      0.000
    9       -9.06       -0.63      -1.0000      0.000
