              _             
             (_)            
   __ _ _ __  _ _ __   __ _ 
  / _` | '_ \| | '_ \ / _` |
 | (_| | | | | | | | | (_| |
  \__, |_| |_|_|_| |_|\__,_|
   __/ |                    
  |___/                     

gnina v1.3 master:97fa6bc+   Built Oct  3 2024.
gnina is based on smina and AutoDock Vina.
Please cite appropriately.

Commandline: gnina --receptor Proteinas_preparadas/MAPK1.pdbqt --ligand Bases_conjuntas/Targets/EGFR_MAPK1/EGFR_MAPK1_1073.pdbqt --autobox_ligand Compuestos_preparados/MAPK1.pdbqt --autobox_add 18 --exhaustiveness 16 --out docking/bases_conjuntas/EGFR_MAPK1_1073_L_MAPK1.pdbqt --log docking/bases_conjuntas/EGFR_MAPK1_1073_L_MAPK1.log
Using random seed: 2019002000

mode |  affinity  |  intramol  |    CNN     |   CNN
     | (kcal/mol) | (kcal/mol) | pose score | affinity
-----+------------+------------+------------+----------
    1       -6.32       -0.10       0.3831      5.308
    2       -6.88       -0.19       0.3541      5.120
    3       -6.99       -0.14       0.3519      5.502
    4       -6.76       -0.21       0.3246      5.455
    5       -9.23       -0.20       0.3167      6.342
    6       -8.73        1.14       0.2537      6.293
    7       -6.77       -0.14       0.2397      4.818
    8       -8.35       -0.04       0.2181      5.138
    9       -6.61       -0.05       0.2171      5.094
