              _             
             (_)            
   __ _ _ __  _ _ __   __ _ 
  / _` | '_ \| | '_ \ / _` |
 | (_| | | | | | | | | (_| |
  \__, |_| |_|_|_| |_|\__,_|
   __/ |                    
  |___/                     

gnina v1.3 master:97fa6bc+   Built Oct  3 2024.
gnina is based on smina and AutoDock Vina.
Please cite appropriately.

Commandline: gnina --receptor Proteinas_preparadas/EGFR.pdbqt --ligand Bases_conjuntas/Targets/EGFR_MAPK1/EGFR_MAPK1_769.pdbqt --autobox_ligand Compuestos_preparados/EGFR.pdbqt --autobox_add 18 --exhaustiveness 16 --out docking/bases_conjuntas/EGFR_MAPK1_769_L_EGFR.pdbqt --log docking/bases_conjuntas/EGFR_MAPK1_769_L_EGFR.log
Using random seed: 582516918

mode |  affinity  |  intramol  |    CNN     |   CNN
     | (kcal/mol) | (kcal/mol) | pose score | affinity
-----+------------+------------+------------+----------
    1      -10.08        0.92       0.8449      7.367
    2       -7.88        0.21       0.6368      6.257
    3       -8.27        0.04       0.6013      6.037
    4       -9.74        2.08       0.5243      6.561
    5       -8.01        0.47       0.4939      6.202
    6       -8.86        0.03       0.4492      6.592
    7       -9.74        0.94       0.4374      6.333
    8      -10.03       -0.03       0.4064      6.350
    9       -8.93       -1.04       0.4026      6.277
