              _             
             (_)            
   __ _ _ __  _ _ __   __ _ 
  / _` | '_ \| | '_ \ / _` |
 | (_| | | | | | | | | (_| |
  \__, |_| |_|_|_| |_|\__,_|
   __/ |                    
  |___/                     

gnina v1.3 master:97fa6bc+   Built Oct  3 2024.
gnina is based on smina and AutoDock Vina.
Please cite appropriately.

Commandline: gnina --receptor Proteinas_preparadas/MAPK1.pdbqt --ligand Bases_conjuntas/Targets/EGFR_MAPK1/EGFR_MAPK1_594.pdbqt --autobox_ligand Compuestos_preparados/MAPK1.pdbqt --autobox_add 18 --exhaustiveness 16 --out docking/bases_conjuntas/EGFR_MAPK1_594_L_MAPK1.pdbqt --log docking/bases_conjuntas/EGFR_MAPK1_594_L_MAPK1.log
Using random seed: -363640132

mode |  affinity  |  intramol  |    CNN     |   CNN
     | (kcal/mol) | (kcal/mol) | pose score | affinity
-----+------------+------------+------------+----------
    1       -6.45        0.73       0.5574      5.921
    2       -6.44        0.86       0.3948      5.773
    3       -6.45        1.30       0.3505      5.413
    4       -6.31        0.33       0.3383      5.919
    5      -10.07        0.89       0.3230      6.705
    6       -6.18        0.63       0.3219      5.433
    7       -8.24        0.63       0.3132      6.736
    8       -6.67        0.63       0.3108      6.204
    9       -6.15        0.03       0.3024      5.969
