              _             
             (_)            
   __ _ _ __  _ _ __   __ _ 
  / _` | '_ \| | '_ \ / _` |
 | (_| | | | | | | | | (_| |
  \__, |_| |_|_|_| |_|\__,_|
   __/ |                    
  |___/                     

gnina v1.3 master:97fa6bc+   Built Oct  3 2024.
gnina is based on smina and AutoDock Vina.
Please cite appropriately.

Commandline: gnina --receptor Proteinas_preparadas/MAPK1.pdbqt --ligand Bases_conjuntas/Targets/EGFR_MAPK1/EGFR_MAPK1_661.pdbqt --autobox_ligand Compuestos_preparados/MAPK1.pdbqt --autobox_add 18 --exhaustiveness 16 --out docking/bases_conjuntas/EGFR_MAPK1_661_L_MAPK1.pdbqt --log docking/bases_conjuntas/EGFR_MAPK1_661_L_MAPK1.log
Using random seed: -1573399779

mode |  affinity  |  intramol  |    CNN     |   CNN
     | (kcal/mol) | (kcal/mol) | pose score | affinity
-----+------------+------------+------------+----------
    1       -6.77       -1.68       0.6638      6.149
    2       -8.37        0.34       0.5094      6.916
    3       -6.67        0.51       0.3829      6.283
    4       -6.52       -1.12       0.3436      5.734
    5       -7.07       -1.92       0.3030      6.393
    6       -6.73        0.34       0.2832      6.039
    7       -6.83       -1.30       0.2418      6.038
    8       -7.24       -0.50       0.2262      6.160
    9       -8.03        0.16       0.2082      6.296
