              _             
             (_)            
   __ _ _ __  _ _ __   __ _ 
  / _` | '_ \| | '_ \ / _` |
 | (_| | | | | | | | | (_| |
  \__, |_| |_|_|_| |_|\__,_|
   __/ |                    
  |___/                     

gnina v1.3 master:97fa6bc+   Built Oct  3 2024.
gnina is based on smina and AutoDock Vina.
Please cite appropriately.

Commandline: gnina --receptor Proteinas_preparadas/EGFR.pdbqt --ligand Bases_conjuntas/Targets/EGFR_MAPK1/EGFR_MAPK1_856.pdbqt --autobox_ligand Compuestos_preparados/EGFR.pdbqt --autobox_add 18 --exhaustiveness 16 --out docking/bases_conjuntas/EGFR_MAPK1_856_L_EGFR.pdbqt --log docking/bases_conjuntas/EGFR_MAPK1_856_L_EGFR.log
Using random seed: 1307246408

mode |  affinity  |  intramol  |    CNN     |   CNN
     | (kcal/mol) | (kcal/mol) | pose score | affinity
-----+------------+------------+------------+----------
    1       -9.90       -1.72       0.6489      7.473
    2       -8.99       -0.83       0.5079      7.034
    3       -9.40       -1.37       0.4598      6.770
    4       -8.95       -0.52       0.4594      6.075
    5       -8.96       -0.74       0.4534      6.831
    6       -8.31        1.38       0.4531      6.224
    7       -8.89       -1.78       0.4154      6.893
    8       -8.81        0.18       0.4008      6.539
    9       -9.08       -1.02       0.3985      6.432
