              _             
             (_)            
   __ _ _ __  _ _ __   __ _ 
  / _` | '_ \| | '_ \ / _` |
 | (_| | | | | | | | | (_| |
  \__, |_| |_|_|_| |_|\__,_|
   __/ |                    
  |___/                     

gnina v1.3 master:97fa6bc+   Built Oct  3 2024.
gnina is based on smina and AutoDock Vina.
Please cite appropriately.

Commandline: gnina --receptor Proteinas_preparadas/MAPK1.pdbqt --ligand Bases_conjuntas/Targets/EGFR_MAPK1/EGFR_MAPK1_656.pdbqt --autobox_ligand Compuestos_preparados/MAPK1.pdbqt --autobox_add 18 --exhaustiveness 16 --out docking/bases_conjuntas/EGFR_MAPK1_656_L_MAPK1.pdbqt --log docking/bases_conjuntas/EGFR_MAPK1_656_L_MAPK1.log
Using random seed: -943711756

mode |  affinity  |  intramol  |    CNN     |   CNN
     | (kcal/mol) | (kcal/mol) | pose score | affinity
-----+------------+------------+------------+----------
    1       -6.47       -0.32       0.6052      6.623
    2       -9.00       -0.07       0.4982      7.088
    3       -6.90       -0.67       0.4967      6.422
    4       -9.03       -0.17       0.4194      7.032
    5       -7.43        0.47       0.4051      5.623
    6       -8.20       -0.77       0.3978      6.638
    7       -8.22       -0.75       0.3851      7.051
    8       -7.81       -1.04       0.3775      6.437
    9       -7.46       -0.03       0.3629      6.389
