              _             
             (_)            
   __ _ _ __  _ _ __   __ _ 
  / _` | '_ \| | '_ \ / _` |
 | (_| | | | | | | | | (_| |
  \__, |_| |_|_|_| |_|\__,_|
   __/ |                    
  |___/                     

gnina v1.3 master:97fa6bc+   Built Oct  3 2024.
gnina is based on smina and AutoDock Vina.
Please cite appropriately.

Commandline: gnina --receptor Proteinas_preparadas/EGFR.pdbqt --ligand Bases_conjuntas/Targets/EGFR_MAPK1/EGFR_MAPK1_44.pdbqt --autobox_ligand Compuestos_preparados/EGFR.pdbqt --autobox_add 18 --exhaustiveness 16 --out docking/bases_conjuntas/EGFR_MAPK1_44_L_EGFR.pdbqt --log docking/bases_conjuntas/EGFR_MAPK1_44_L_EGFR.log
Using random seed: -112943348

mode |  affinity  |  intramol  |    CNN     |   CNN
     | (kcal/mol) | (kcal/mol) | pose score | affinity
-----+------------+------------+------------+----------
    1       -6.39        0.07       0.6551      4.632
    2       -5.94       -0.82       0.5889      4.893
    3       -6.42       -1.11       0.4981      4.979
    4       -6.41       -1.01       0.4639      5.164
    5       -7.05       -0.95       0.4581      5.032
    6       -6.56       -0.55       0.4448      4.814
    7       -6.22        0.54       0.4348      4.784
    8       -6.27       -0.76       0.4302      4.745
    9       -6.52        0.14       0.4249      4.774
