              _             
             (_)            
   __ _ _ __  _ _ __   __ _ 
  / _` | '_ \| | '_ \ / _` |
 | (_| | | | | | | | | (_| |
  \__, |_| |_|_|_| |_|\__,_|
   __/ |                    
  |___/                     

gnina v1.3 master:97fa6bc+   Built Oct  3 2024.
gnina is based on smina and AutoDock Vina.
Please cite appropriately.

Commandline: gnina --receptor Proteinas_preparadas/MAPK1.pdbqt --ligand Bases_conjuntas/Targets/EGFR_MAPK1/EGFR_MAPK1_1005.pdbqt --autobox_ligand Compuestos_preparados/MAPK1.pdbqt --autobox_add 18 --exhaustiveness 16 --out docking/bases_conjuntas/EGFR_MAPK1_1005_L_MAPK1.pdbqt --log docking/bases_conjuntas/EGFR_MAPK1_1005_L_MAPK1.log
Using random seed: -377316482

mode |  affinity  |  intramol  |    CNN     |   CNN
     | (kcal/mol) | (kcal/mol) | pose score | affinity
-----+------------+------------+------------+----------
    1       -9.13       -1.47       0.6223      7.242
    2       -8.47       -1.19       0.4131      6.865
    3       -9.89        1.01       0.3613      7.273
    4       -7.04       -0.27       0.3612      7.397
    5       -8.26       -1.74       0.3207      6.906
    6       -8.39       -0.38       0.3085      6.682
    7       -7.71       -0.70       0.3013      6.745
    8       -7.82       -0.67       0.2851      6.637
    9       -7.24       -1.67       0.2707      6.481
