              _             
             (_)            
   __ _ _ __  _ _ __   __ _ 
  / _` | '_ \| | '_ \ / _` |
 | (_| | | | | | | | | (_| |
  \__, |_| |_|_|_| |_|\__,_|
   __/ |                    
  |___/                     

gnina v1.3 master:97fa6bc+   Built Oct  3 2024.
gnina is based on smina and AutoDock Vina.
Please cite appropriately.

Commandline: gnina --receptor Proteinas_preparadas/SRC.pdbqt --ligand Bases_conjuntas/Targets/EGFR_SRC/EGFR_SRC_568.pdbqt --autobox_ligand Compuestos_preparados/SRC.pdbqt --autobox_add 18 --exhaustiveness 16 --cnn_scoring none --out docking/bases_conjuntas/EGFR_SRC_568_L_SRC.pdbqt --log docking/bases_conjuntas/EGFR_SRC_568_L_SRC.log
Using random seed: -950146808

mode |  affinity  |  intramol  |    CNN     |   CNN
     | (kcal/mol) | (kcal/mol) | pose score | affinity
-----+------------+------------+------------+----------
    1       -8.69       -1.16      -1.0000      0.000
    2       -8.63        0.02      -1.0000      0.000
    3       -8.60       -1.11      -1.0000      0.000
    4       -8.54       -1.14      -1.0000      0.000
    5       -8.24       -1.20      -1.0000      0.000
    6       -8.05       -1.05      -1.0000      0.000
    7       -8.00       -1.01      -1.0000      0.000
    8       -7.98       -1.25      -1.0000      0.000
    9       -7.97       -1.12      -1.0000      0.000
