              _             
             (_)            
   __ _ _ __  _ _ __   __ _ 
  / _` | '_ \| | '_ \ / _` |
 | (_| | | | | | | | | (_| |
  \__, |_| |_|_|_| |_|\__,_|
   __/ |                    
  |___/                     

gnina v1.3 master:97fa6bc+   Built Oct  3 2024.
gnina is based on smina and AutoDock Vina.
Please cite appropriately.

Commandline: gnina --receptor Proteinas_preparadas/MAPK1.pdbqt --ligand Bases_conjuntas/Targets/EGFR_MAPK1/EGFR_MAPK1_176.pdbqt --autobox_ligand Compuestos_preparados/MAPK1.pdbqt --autobox_add 18 --exhaustiveness 16 --out docking/bases_conjuntas/EGFR_MAPK1_176_L_MAPK1.pdbqt --log docking/bases_conjuntas/EGFR_MAPK1_176_L_MAPK1.log
Using random seed: 1684536515

mode |  affinity  |  intramol  |    CNN     |   CNN
     | (kcal/mol) | (kcal/mol) | pose score | affinity
-----+------------+------------+------------+----------
    1       -8.39        0.48       0.8929      6.932
    2       -8.81        0.02       0.5559      6.617
    3       -7.99       -0.44       0.4232      6.356
    4       -9.50        0.21       0.3754      6.440
    5       -8.77       -0.96       0.3697      6.360
    6       -8.43       -0.72       0.3599      6.481
    7       -8.01       -1.28       0.3349      7.022
    8       -9.10        6.47       0.3176      7.160
    9       -9.01       -0.95       0.3026      6.981
