              _             
             (_)            
   __ _ _ __  _ _ __   __ _ 
  / _` | '_ \| | '_ \ / _` |
 | (_| | | | | | | | | (_| |
  \__, |_| |_|_|_| |_|\__,_|
   __/ |                    
  |___/                     

gnina v1.3 master:97fa6bc+   Built Oct  3 2024.
gnina is based on smina and AutoDock Vina.
Please cite appropriately.

Commandline: gnina --receptor Proteinas_preparadas/MAPK1.pdbqt --ligand Bases_conjuntas/Targets/EGFR_MAPK1/EGFR_MAPK1_911.pdbqt --autobox_ligand Compuestos_preparados/MAPK1.pdbqt --autobox_add 18 --exhaustiveness 16 --out docking/bases_conjuntas/EGFR_MAPK1_911_L_MAPK1.pdbqt --log docking/bases_conjuntas/EGFR_MAPK1_911_L_MAPK1.log
Using random seed: 716467804

mode |  affinity  |  intramol  |    CNN     |   CNN
     | (kcal/mol) | (kcal/mol) | pose score | affinity
-----+------------+------------+------------+----------
    1       -8.99       -0.15       0.6616      7.287
    2       -8.83       -0.70       0.4866      7.530
    3       -8.03       -0.79       0.4843      6.521
    4       -8.79       -0.49       0.4063      7.127
    5       -8.13       -0.93       0.3740      6.360
    6       -8.68       -1.01       0.3614      6.704
    7       -7.95       -0.88       0.2392      6.221
    8       -8.17       -0.55       0.2207      6.410
    9       -9.72        0.98       0.2028      6.481
