              _             
             (_)            
   __ _ _ __  _ _ __   __ _ 
  / _` | '_ \| | '_ \ / _` |
 | (_| | | | | | | | | (_| |
  \__, |_| |_|_|_| |_|\__,_|
   __/ |                    
  |___/                     

gnina v1.3 master:97fa6bc+   Built Oct  3 2024.
gnina is based on smina and AutoDock Vina.
Please cite appropriately.

Commandline: gnina --receptor Proteinas_preparadas/MAPK1.pdbqt --ligand Bases_conjuntas/Targets/EGFR_MAPK1/EGFR_MAPK1_598.pdbqt --autobox_ligand Compuestos_preparados/MAPK1.pdbqt --autobox_add 18 --exhaustiveness 16 --out docking/bases_conjuntas/EGFR_MAPK1_598_L_MAPK1.pdbqt --log docking/bases_conjuntas/EGFR_MAPK1_598_L_MAPK1.log
Using random seed: -1799749744

mode |  affinity  |  intramol  |    CNN     |   CNN
     | (kcal/mol) | (kcal/mol) | pose score | affinity
-----+------------+------------+------------+----------
    1       -8.81       -0.16       0.5418      6.184
    2       -6.84        2.28       0.3443      6.053
    3       -7.10        2.83       0.2941      5.611
    4       -6.13        0.09       0.2856      5.357
    5       -6.06       -0.58       0.2817      5.556
    6       -8.47        2.49       0.2805      5.873
    7       -6.20        2.48       0.2494      5.501
    8       -7.50       -0.08       0.2331      5.629
    9       -6.57       -0.59       0.2276      5.412
