              _             
             (_)            
   __ _ _ __  _ _ __   __ _ 
  / _` | '_ \| | '_ \ / _` |
 | (_| | | | | | | | | (_| |
  \__, |_| |_|_|_| |_|\__,_|
   __/ |                    
  |___/                     

gnina v1.3 master:97fa6bc+   Built Oct  3 2024.
gnina is based on smina and AutoDock Vina.
Please cite appropriately.

Commandline: gnina --receptor Proteinas_preparadas/EGFR.pdbqt --ligand Bases_conjuntas/Targets/EGFR_MAPK1/EGFR_MAPK1_834.pdbqt --autobox_ligand Compuestos_preparados/EGFR.pdbqt --autobox_add 18 --exhaustiveness 16 --out docking/bases_conjuntas/EGFR_MAPK1_834_L_EGFR.pdbqt --log docking/bases_conjuntas/EGFR_MAPK1_834_L_EGFR.log
Using random seed: 1649160852

mode |  affinity  |  intramol  |    CNN     |   CNN
     | (kcal/mol) | (kcal/mol) | pose score | affinity
-----+------------+------------+------------+----------
    1       -7.42       -0.32       0.6949      6.901
    2       -6.97       -0.29       0.6445      6.297
    3       -8.16       -0.34       0.6130      5.961
    4       -6.96       -0.50       0.6045      5.859
    5       -9.46        0.54       0.5793      6.513
    6       -6.94       -0.49       0.5720      6.778
    7       -7.44        0.31       0.5279      6.526
    8       -8.22        0.14       0.4976      7.011
    9       -7.20        0.85       0.4949      6.072
