              _             
             (_)            
   __ _ _ __  _ _ __   __ _ 
  / _` | '_ \| | '_ \ / _` |
 | (_| | | | | | | | | (_| |
  \__, |_| |_|_|_| |_|\__,_|
   __/ |                    
  |___/                     

gnina v1.3 master:97fa6bc+   Built Oct  3 2024.
gnina is based on smina and AutoDock Vina.
Please cite appropriately.

Commandline: gnina --receptor Proteinas_preparadas/EGFR.pdbqt --ligand Bases_conjuntas/Targets/EGFR_MAPK1/EGFR_MAPK1_897.pdbqt --autobox_ligand Compuestos_preparados/EGFR.pdbqt --autobox_add 18 --exhaustiveness 16 --out docking/bases_conjuntas/EGFR_MAPK1_897_L_EGFR.pdbqt --log docking/bases_conjuntas/EGFR_MAPK1_897_L_EGFR.log
Using random seed: 1578634472

mode |  affinity  |  intramol  |    CNN     |   CNN
     | (kcal/mol) | (kcal/mol) | pose score | affinity
-----+------------+------------+------------+----------
    1       -7.38       -1.29       0.5772      6.383
    2       -8.32       -1.13       0.5691      6.404
    3       -7.47       -0.52       0.5505      6.564
    4       -8.75       -0.92       0.5040      6.982
    5       -7.10       -0.80       0.4935      5.812
    6       -7.38       -0.30       0.3639      6.556
    7       -6.86       -1.03       0.3508      5.951
    8       -7.70       -1.08       0.3441      6.549
    9       -7.08       -1.08       0.3417      5.832
