              _             
             (_)            
   __ _ _ __  _ _ __   __ _ 
  / _` | '_ \| | '_ \ / _` |
 | (_| | | | | | | | | (_| |
  \__, |_| |_|_|_| |_|\__,_|
   __/ |                    
  |___/                     

gnina v1.3 master:97fa6bc+   Built Oct  3 2024.
gnina is based on smina and AutoDock Vina.
Please cite appropriately.

Commandline: gnina --receptor Proteinas_preparadas/MAPK1.pdbqt --ligand Bases_conjuntas/Targets/EGFR_MAPK1/EGFR_MAPK1_439.pdbqt --autobox_ligand Compuestos_preparados/MAPK1.pdbqt --autobox_add 18 --exhaustiveness 16 --out docking/bases_conjuntas/EGFR_MAPK1_439_L_MAPK1.pdbqt --log docking/bases_conjuntas/EGFR_MAPK1_439_L_MAPK1.log
Using random seed: -1646495359

mode |  affinity  |  intramol  |    CNN     |   CNN
     | (kcal/mol) | (kcal/mol) | pose score | affinity
-----+------------+------------+------------+----------
    1       -7.26       -0.05       0.5640      7.070
    2       -7.74        0.31       0.4009      5.961
    3       -7.49       -0.68       0.3223      5.443
    4       -7.21       -0.67       0.2411      5.066
    5       -7.23       -0.46       0.2180      6.504
    6       -8.65       -0.29       0.2028      6.735
    7       -7.87       -1.39       0.1814      5.876
    8       -8.24        2.52       0.1661      5.706
    9       -8.18       -1.13       0.1613      6.531
