              _             
             (_)            
   __ _ _ __  _ _ __   __ _ 
  / _` | '_ \| | '_ \ / _` |
 | (_| | | | | | | | | (_| |
  \__, |_| |_|_|_| |_|\__,_|
   __/ |                    
  |___/                     

gnina v1.3 master:97fa6bc+   Built Oct  3 2024.
gnina is based on smina and AutoDock Vina.
Please cite appropriately.

Commandline: gnina --receptor Proteinas_preparadas/MAPK1.pdbqt --ligand Bases_conjuntas/Targets/EGFR_MAPK1/EGFR_MAPK1_1012.pdbqt --autobox_ligand Compuestos_preparados/MAPK1.pdbqt --autobox_add 18 --exhaustiveness 16 --out docking/bases_conjuntas/EGFR_MAPK1_1012_L_MAPK1.pdbqt --log docking/bases_conjuntas/EGFR_MAPK1_1012_L_MAPK1.log
Using random seed: 530651584

mode |  affinity  |  intramol  |    CNN     |   CNN
     | (kcal/mol) | (kcal/mol) | pose score | affinity
-----+------------+------------+------------+----------
    1       -6.18       -0.74       0.5883      6.614
    2       -7.43       -0.19       0.5652      6.638
    3       -6.89        0.83       0.4781      5.931
    4       -5.88        0.02       0.4373      5.872
    5       -6.51        0.09       0.4196      5.862
    6       -7.06       -0.47       0.4154      6.103
    7       -6.49       -0.64       0.4026      6.250
    8       -6.42       -0.25       0.3792      5.936
    9       -6.24        0.13       0.3788      6.409
