              _             
             (_)            
   __ _ _ __  _ _ __   __ _ 
  / _` | '_ \| | '_ \ / _` |
 | (_| | | | | | | | | (_| |
  \__, |_| |_|_|_| |_|\__,_|
   __/ |                    
  |___/                     

gnina v1.3 master:97fa6bc+   Built Oct  3 2024.
gnina is based on smina and AutoDock Vina.
Please cite appropriately.

Commandline: gnina --receptor Proteinas_preparadas/EGFR.pdbqt --ligand Bases_conjuntas/Targets/EGFR_MAPK1/EGFR_MAPK1_985.pdbqt --autobox_ligand Compuestos_preparados/EGFR.pdbqt --autobox_add 18 --exhaustiveness 16 --out docking/bases_conjuntas/EGFR_MAPK1_985_L_EGFR.pdbqt --log docking/bases_conjuntas/EGFR_MAPK1_985_L_EGFR.log
Using random seed: 1294969695

mode |  affinity  |  intramol  |    CNN     |   CNN
     | (kcal/mol) | (kcal/mol) | pose score | affinity
-----+------------+------------+------------+----------
    1       -8.62       -1.04       0.3650      6.693
    2       -8.67       -1.43       0.3270      6.623
    3       -9.24        0.14       0.2869      6.805
    4       -8.43       -0.59       0.2564      6.716
    5       -7.83       -1.34       0.2155      6.012
    6       -8.10       -1.42       0.2085      5.527
    7       -7.69       -1.31       0.2047      5.782
    8       -8.55       -1.18       0.1955      6.876
    9       -9.83       -1.32       0.1939      6.164
