              _             
             (_)            
   __ _ _ __  _ _ __   __ _ 
  / _` | '_ \| | '_ \ / _` |
 | (_| | | | | | | | | (_| |
  \__, |_| |_|_|_| |_|\__,_|
   __/ |                    
  |___/                     

gnina v1.3 master:97fa6bc+   Built Oct  3 2024.
gnina is based on smina and AutoDock Vina.
Please cite appropriately.

Commandline: gnina --receptor Proteinas_preparadas/MAPK1.pdbqt --ligand Bases_conjuntas/Targets/EGFR_MAPK1/EGFR_MAPK1_1126.pdbqt --autobox_ligand Compuestos_preparados/MAPK1.pdbqt --autobox_add 18 --exhaustiveness 16 --out docking/bases_conjuntas/EGFR_MAPK1_1126_L_MAPK1.pdbqt --log docking/bases_conjuntas/EGFR_MAPK1_1126_L_MAPK1.log
Using random seed: -236635176

mode |  affinity  |  intramol  |    CNN     |   CNN
     | (kcal/mol) | (kcal/mol) | pose score | affinity
-----+------------+------------+------------+----------
    1       -7.13       -0.78       0.3502      6.705
    2       -8.85       -0.47       0.3423      6.297
    3       -8.49       -0.49       0.3118      6.502
    4       -8.28       -0.66       0.3027      6.945
    5       -7.96       -0.53       0.2922      6.111
    6       -7.82       -0.79       0.2573      6.328
    7       -9.21       -0.55       0.2554      6.427
    8       -7.34       -0.61       0.2541      6.781
    9       -7.02       -0.49       0.2401      6.642
