              _             
             (_)            
   __ _ _ __  _ _ __   __ _ 
  / _` | '_ \| | '_ \ / _` |
 | (_| | | | | | | | | (_| |
  \__, |_| |_|_|_| |_|\__,_|
   __/ |                    
  |___/                     

gnina v1.3 master:97fa6bc+   Built Oct  3 2024.
gnina is based on smina and AutoDock Vina.
Please cite appropriately.

Commandline: gnina --receptor Proteinas_preparadas/MAPK1.pdbqt --ligand Bases_conjuntas/Targets/EGFR_MAPK1/EGFR_MAPK1_1021.pdbqt --autobox_ligand Compuestos_preparados/MAPK1.pdbqt --autobox_add 18 --exhaustiveness 16 --out docking/bases_conjuntas/EGFR_MAPK1_1021_L_MAPK1.pdbqt --log docking/bases_conjuntas/EGFR_MAPK1_1021_L_MAPK1.log
Using random seed: -944673126

mode |  affinity  |  intramol  |    CNN     |   CNN
     | (kcal/mol) | (kcal/mol) | pose score | affinity
-----+------------+------------+------------+----------
    1       -6.81       -0.11       0.4465      5.628
    2       -8.07       -0.13       0.4287      6.614
    3       -6.08       -0.56       0.4009      6.422
    4       -6.35       -0.64       0.3982      5.565
    5       -6.16       -0.14       0.3791      6.433
    6       -7.81       -0.21       0.3743      6.233
    7       -6.98        0.40       0.2996      6.130
    8       -6.77       -0.85       0.2930      5.941
    9       -6.08       -0.80       0.2648      5.339
