              _             
             (_)            
   __ _ _ __  _ _ __   __ _ 
  / _` | '_ \| | '_ \ / _` |
 | (_| | | | | | | | | (_| |
  \__, |_| |_|_|_| |_|\__,_|
   __/ |                    
  |___/                     

gnina v1.3 master:97fa6bc+   Built Oct  3 2024.
gnina is based on smina and AutoDock Vina.
Please cite appropriately.

Commandline: gnina --receptor Proteinas_preparadas/EGFR.pdbqt --ligand Bases_conjuntas/Targets/EGFR_MAPK1/EGFR_MAPK1_201.pdbqt --autobox_ligand Compuestos_preparados/EGFR.pdbqt --autobox_add 18 --exhaustiveness 16 --cnn_scoring none --out docking/bases_conjuntas/EGFR_MAPK1_201_L_EGFR.pdbqt --log docking/bases_conjuntas/EGFR_MAPK1_201_L_EGFR.log
Using random seed: 2113721799

mode |  affinity  |  intramol  |    CNN     |   CNN
     | (kcal/mol) | (kcal/mol) | pose score | affinity
-----+------------+------------+------------+----------
    1       -8.75       -0.27      -1.0000      0.000
    2       -8.54       -0.73      -1.0000      0.000
    3       -8.36        0.04      -1.0000      0.000
    4       -8.27       -0.81      -1.0000      0.000
    5       -7.86       -0.63      -1.0000      0.000
    6       -7.68        0.00      -1.0000      0.000
    7       -7.61       -0.87      -1.0000      0.000
    8       -7.57       -0.52      -1.0000      0.000
    9       -7.44       -0.65      -1.0000      0.000
