              _             
             (_)            
   __ _ _ __  _ _ __   __ _ 
  / _` | '_ \| | '_ \ / _` |
 | (_| | | | | | | | | (_| |
  \__, |_| |_|_|_| |_|\__,_|
   __/ |                    
  |___/                     

gnina v1.3 master:97fa6bc+   Built Oct  3 2024.
gnina is based on smina and AutoDock Vina.
Please cite appropriately.

Commandline: gnina --receptor Proteinas_preparadas/MAPK1.pdbqt --ligand Bases_conjuntas/Targets/EGFR_MAPK1/EGFR_MAPK1_604.pdbqt --autobox_ligand Compuestos_preparados/MAPK1.pdbqt --autobox_add 18 --exhaustiveness 16 --out docking/bases_conjuntas/EGFR_MAPK1_604_L_MAPK1.pdbqt --log docking/bases_conjuntas/EGFR_MAPK1_604_L_MAPK1.log
Using random seed: -1425183400

mode |  affinity  |  intramol  |    CNN     |   CNN
     | (kcal/mol) | (kcal/mol) | pose score | affinity
-----+------------+------------+------------+----------
    1       -6.64       -0.85       0.4401      7.202
    2       -9.01       -0.22       0.3936      7.031
    3       -8.62       -0.98       0.2895      7.483
    4       -9.16       -1.19       0.2793      7.106
    5       -8.18       -1.20       0.2222      6.915
    6       -7.38       -1.07       0.2047      6.695
    7       -7.42       -0.91       0.1769      6.485
    8       -7.41       -0.79       0.1590      6.201
    9       -6.89       -0.56       0.1349      5.600
