              _             
             (_)            
   __ _ _ __  _ _ __   __ _ 
  / _` | '_ \| | '_ \ / _` |
 | (_| | | | | | | | | (_| |
  \__, |_| |_|_|_| |_|\__,_|
   __/ |                    
  |___/                     

gnina v1.3 master:97fa6bc+   Built Oct  3 2024.
gnina is based on smina and AutoDock Vina.
Please cite appropriately.

Commandline: gnina --receptor Proteinas_preparadas/MAPK1.pdbqt --ligand Bases_conjuntas/Targets/EGFR_MAPK1/EGFR_MAPK1_879.pdbqt --autobox_ligand Compuestos_preparados/MAPK1.pdbqt --autobox_add 18 --exhaustiveness 16 --out docking/bases_conjuntas/EGFR_MAPK1_879_L_MAPK1.pdbqt --log docking/bases_conjuntas/EGFR_MAPK1_879_L_MAPK1.log
Using random seed: 1943808287

mode |  affinity  |  intramol  |    CNN     |   CNN
     | (kcal/mol) | (kcal/mol) | pose score | affinity
-----+------------+------------+------------+----------
    1       -9.34       -0.40       0.7361      7.052
    2       -6.85       -0.21       0.6423      6.090
    3       -6.70        0.02       0.5204      6.384
    4       -9.12       -0.18       0.4620      6.651
    5       -8.78        0.25       0.4414      6.662
    6       -7.18       -0.32       0.4132      5.531
    7       -7.44        0.10       0.3855      6.465
    8       -8.86        0.59       0.3307      6.674
    9       -7.55        0.39       0.3197      6.278
