              _             
             (_)            
   __ _ _ __  _ _ __   __ _ 
  / _` | '_ \| | '_ \ / _` |
 | (_| | | | | | | | | (_| |
  \__, |_| |_|_|_| |_|\__,_|
   __/ |                    
  |___/                     

gnina v1.3 master:97fa6bc+   Built Oct  3 2024.
gnina is based on smina and AutoDock Vina.
Please cite appropriately.

Commandline: gnina --receptor Proteinas_preparadas/EGFR.pdbqt --ligand Bases_conjuntas/Targets/EGFR_MAPK1/EGFR_MAPK1_530.pdbqt --autobox_ligand Compuestos_preparados/EGFR.pdbqt --autobox_add 18 --exhaustiveness 16 --out docking/bases_conjuntas/EGFR_MAPK1_530_L_EGFR.pdbqt --log docking/bases_conjuntas/EGFR_MAPK1_530_L_EGFR.log
Using random seed: -2090514596

mode |  affinity  |  intramol  |    CNN     |   CNN
     | (kcal/mol) | (kcal/mol) | pose score | affinity
-----+------------+------------+------------+----------
    1       -7.96       -0.79       0.6680      6.288
    2       -7.43       -1.17       0.3232      5.895
    3       -8.04       -0.64       0.3189      6.320
    4       -8.08        0.21       0.2868      6.579
    5       -9.53       -0.84       0.2495      6.387
    6       -8.01       -0.26       0.2362      6.682
    7       -7.38       -0.23       0.2254      5.931
    8       -9.06       -0.88       0.1969      6.179
    9       -8.14       -0.38       0.1928      6.087
