              _             
             (_)            
   __ _ _ __  _ _ __   __ _ 
  / _` | '_ \| | '_ \ / _` |
 | (_| | | | | | | | | (_| |
  \__, |_| |_|_|_| |_|\__,_|
   __/ |                    
  |___/                     

gnina v1.3 master:97fa6bc+   Built Oct  3 2024.
gnina is based on smina and AutoDock Vina.
Please cite appropriately.

Commandline: gnina --receptor Proteinas_preparadas/EGFR.pdbqt --ligand Bases_conjuntas/Targets/EGFR_MAPK1/EGFR_MAPK1_551.pdbqt --autobox_ligand Compuestos_preparados/EGFR.pdbqt --autobox_add 18 --exhaustiveness 16 --cnn_scoring none --out docking/bases_conjuntas/EGFR_MAPK1_551_L_EGFR.pdbqt --log docking/bases_conjuntas/EGFR_MAPK1_551_L_EGFR.log
Using random seed: 1140047336

mode |  affinity  |  intramol  |    CNN     |   CNN
     | (kcal/mol) | (kcal/mol) | pose score | affinity
-----+------------+------------+------------+----------
    1       -8.98        0.92      -1.0000      0.000
    2       -8.83        0.02      -1.0000      0.000
    3       -8.81        1.42      -1.0000      0.000
    4       -8.65        0.43      -1.0000      0.000
    5       -8.59       -0.14      -1.0000      0.000
    6       -8.58       -0.22      -1.0000      0.000
    7       -8.41       -0.04      -1.0000      0.000
    8       -8.40        1.22      -1.0000      0.000
    9       -8.39        0.32      -1.0000      0.000
