              _             
             (_)            
   __ _ _ __  _ _ __   __ _ 
  / _` | '_ \| | '_ \ / _` |
 | (_| | | | | | | | | (_| |
  \__, |_| |_|_|_| |_|\__,_|
   __/ |                    
  |___/                     

gnina v1.3 master:97fa6bc+   Built Oct  3 2024.
gnina is based on smina and AutoDock Vina.
Please cite appropriately.

Commandline: gnina --receptor Proteinas_preparadas/MAPK1.pdbqt --ligand Bases_conjuntas/Targets/EGFR_MAPK1/EGFR_MAPK1_1020.pdbqt --autobox_ligand Compuestos_preparados/MAPK1.pdbqt --autobox_add 18 --exhaustiveness 16 --out docking/bases_conjuntas/EGFR_MAPK1_1020_L_MAPK1.pdbqt --log docking/bases_conjuntas/EGFR_MAPK1_1020_L_MAPK1.log
Using random seed: -956030936

mode |  affinity  |  intramol  |    CNN     |   CNN
     | (kcal/mol) | (kcal/mol) | pose score | affinity
-----+------------+------------+------------+----------
    1       -9.22       -1.20       0.5375      7.360
    2       -7.79       -1.40       0.3756      7.069
    3       -8.48       -0.70       0.3722      7.398
    4       -7.57       -1.51       0.3645      6.431
    5      -10.30        0.20       0.3483      7.020
    6       -9.78       -1.43       0.3438      7.194
    7      -10.72        0.01       0.2720      7.049
    8       -7.74        0.11       0.2391      6.190
    9       -9.40       -1.37       0.2238      6.762
