              _             
             (_)            
   __ _ _ __  _ _ __   __ _ 
  / _` | '_ \| | '_ \ / _` |
 | (_| | | | | | | | | (_| |
  \__, |_| |_|_|_| |_|\__,_|
   __/ |                    
  |___/                     

gnina v1.3 master:97fa6bc+   Built Oct  3 2024.
gnina is based on smina and AutoDock Vina.
Please cite appropriately.

Commandline: gnina --receptor Proteinas_preparadas/MAPK1.pdbqt --ligand Bases_conjuntas/Targets/EGFR_MAPK1/EGFR_MAPK1_271.pdbqt --autobox_ligand Compuestos_preparados/MAPK1.pdbqt --autobox_add 18 --exhaustiveness 16 --cnn_scoring none --out docking/bases_conjuntas/EGFR_MAPK1_271_L_MAPK1.pdbqt --log docking/bases_conjuntas/EGFR_MAPK1_271_L_MAPK1.log
Using random seed: -21983124

mode |  affinity  |  intramol  |    CNN     |   CNN
     | (kcal/mol) | (kcal/mol) | pose score | affinity
-----+------------+------------+------------+----------
    1       -8.11       -0.72      -1.0000      0.000
    2       -8.03       -1.12      -1.0000      0.000
    3       -7.79        0.91      -1.0000      0.000
    4       -7.61       -0.21      -1.0000      0.000
    5       -7.60       -0.25      -1.0000      0.000
    6       -7.56       -0.55      -1.0000      0.000
    7       -7.40       -1.17      -1.0000      0.000
    8       -7.33       -0.48      -1.0000      0.000
    9       -7.32        2.18      -1.0000      0.000
