              _             
             (_)            
   __ _ _ __  _ _ __   __ _ 
  / _` | '_ \| | '_ \ / _` |
 | (_| | | | | | | | | (_| |
  \__, |_| |_|_|_| |_|\__,_|
   __/ |                    
  |___/                     

gnina v1.3 master:97fa6bc+   Built Oct  3 2024.
gnina is based on smina and AutoDock Vina.
Please cite appropriately.

Commandline: gnina --receptor Proteinas_preparadas/MAPK1.pdbqt --ligand Bases_conjuntas/Targets/EGFR_MAPK1/EGFR_MAPK1_769.pdbqt --autobox_ligand Compuestos_preparados/MAPK1.pdbqt --autobox_add 18 --exhaustiveness 16 --out docking/bases_conjuntas/EGFR_MAPK1_769_L_MAPK1.pdbqt --log docking/bases_conjuntas/EGFR_MAPK1_769_L_MAPK1.log
Using random seed: -322948072

mode |  affinity  |  intramol  |    CNN     |   CNN
     | (kcal/mol) | (kcal/mol) | pose score | affinity
-----+------------+------------+------------+----------
    1       -8.98        0.23       0.7625      6.900
    2       -9.97        0.40       0.7089      7.224
    3       -8.53       -0.69       0.6382      6.423
    4       -8.53       -0.69       0.6191      6.613
    5       -8.61       -0.25       0.5205      6.539
    6       -9.41       -0.85       0.5068      6.654
    7       -7.66       -0.40       0.4480      5.676
    8       -7.61        0.87       0.4219      6.284
    9       -7.96       -0.94       0.4036      5.796
