              _             
             (_)            
   __ _ _ __  _ _ __   __ _ 
  / _` | '_ \| | '_ \ / _` |
 | (_| | | | | | | | | (_| |
  \__, |_| |_|_|_| |_|\__,_|
   __/ |                    
  |___/                     

gnina v1.3 master:97fa6bc+   Built Oct  3 2024.
gnina is based on smina and AutoDock Vina.
Please cite appropriately.

Commandline: gnina --receptor Proteinas_preparadas/EGFR.pdbqt --ligand Bases_conjuntas/Targets/EGFR_MAPK1/EGFR_MAPK1_841.pdbqt --autobox_ligand Compuestos_preparados/EGFR.pdbqt --autobox_add 18 --exhaustiveness 16 --out docking/bases_conjuntas/EGFR_MAPK1_841_L_EGFR.pdbqt --log docking/bases_conjuntas/EGFR_MAPK1_841_L_EGFR.log
Using random seed: 459054664

mode |  affinity  |  intramol  |    CNN     |   CNN
     | (kcal/mol) | (kcal/mol) | pose score | affinity
-----+------------+------------+------------+----------
    1       -7.39       -0.30       0.7301      6.972
    2       -7.75        0.76       0.6844      6.596
    3       -7.45       -0.61       0.6194      6.762
    4       -6.97        0.17       0.4903      6.210
    5       -7.25       -0.21       0.4358      6.459
    6       -9.62       -0.56       0.4273      7.142
    7       -9.78       -0.67       0.4149      7.283
    8       -7.64        0.10       0.3986      6.213
    9       -9.19       -0.45       0.3887      6.748
