              _             
             (_)            
   __ _ _ __  _ _ __   __ _ 
  / _` | '_ \| | '_ \ / _` |
 | (_| | | | | | | | | (_| |
  \__, |_| |_|_|_| |_|\__,_|
   __/ |                    
  |___/                     

gnina v1.3 master:97fa6bc+   Built Oct  3 2024.
gnina is based on smina and AutoDock Vina.
Please cite appropriately.

Commandline: gnina --receptor Proteinas_preparadas/EGFR.pdbqt --ligand Bases_conjuntas/Targets/EGFR_MAPK1/EGFR_MAPK1_1061.pdbqt --autobox_ligand Compuestos_preparados/EGFR.pdbqt --autobox_add 18 --exhaustiveness 16 --out docking/bases_conjuntas/EGFR_MAPK1_1061_L_EGFR.pdbqt --log docking/bases_conjuntas/EGFR_MAPK1_1061_L_EGFR.log
Using random seed: -1000000388

mode |  affinity  |  intramol  |    CNN     |   CNN
     | (kcal/mol) | (kcal/mol) | pose score | affinity
-----+------------+------------+------------+----------
    1       -8.03        0.37       0.5990      7.007
    2       -7.83       -1.38       0.4732      6.272
    3       -7.30       -1.50       0.4389      6.619
    4       -7.03        0.57       0.4023      7.061
    5       -8.97        1.12       0.3976      7.098
    6       -7.19       -1.34       0.3695      6.312
    7       -9.19        4.43       0.3606      7.055
    8       -8.36       -0.30       0.3489      6.695
    9       -7.11       -0.59       0.3478      5.705
