              _             
             (_)            
   __ _ _ __  _ _ __   __ _ 
  / _` | '_ \| | '_ \ / _` |
 | (_| | | | | | | | | (_| |
  \__, |_| |_|_|_| |_|\__,_|
   __/ |                    
  |___/                     

gnina v1.3 master:97fa6bc+   Built Oct  3 2024.
gnina is based on smina and AutoDock Vina.
Please cite appropriately.

Commandline: gnina --receptor Proteinas_preparadas/MAPK1.pdbqt --ligand Bases_conjuntas/Targets/EGFR_MAPK1/EGFR_MAPK1_102.pdbqt --autobox_ligand Compuestos_preparados/MAPK1.pdbqt --autobox_add 18 --exhaustiveness 16 --out docking/bases_conjuntas/EGFR_MAPK1_102_L_MAPK1.pdbqt --log docking/bases_conjuntas/EGFR_MAPK1_102_L_MAPK1.log
Using random seed: -51325582

mode |  affinity  |  intramol  |    CNN     |   CNN
     | (kcal/mol) | (kcal/mol) | pose score | affinity
-----+------------+------------+------------+----------
    1       -7.42       -0.82       0.5739      6.175
    2       -8.07        1.21       0.5540      6.816
    3       -7.93        0.17       0.5501      6.737
    4       -9.81        0.49       0.5421      7.300
    5       -8.95       -0.50       0.5420      7.494
    6      -10.42        0.58       0.4789      7.259
    7       -9.27       -0.25       0.4191      7.227
    8       -9.06       -0.77       0.3993      7.072
    9       -9.99       -1.62       0.3655      6.950
