              _             
             (_)            
   __ _ _ __  _ _ __   __ _ 
  / _` | '_ \| | '_ \ / _` |
 | (_| | | | | | | | | (_| |
  \__, |_| |_|_|_| |_|\__,_|
   __/ |                    
  |___/                     

gnina v1.3 master:97fa6bc+   Built Oct  3 2024.
gnina is based on smina and AutoDock Vina.
Please cite appropriately.

Commandline: gnina --receptor Proteinas_preparadas/EGFR.pdbqt --ligand Bases_conjuntas/Targets/EGFR_MAPK1/EGFR_MAPK1_366.pdbqt --autobox_ligand Compuestos_preparados/EGFR.pdbqt --autobox_add 18 --exhaustiveness 16 --out docking/bases_conjuntas/EGFR_MAPK1_366_L_EGFR.pdbqt --log docking/bases_conjuntas/EGFR_MAPK1_366_L_EGFR.log
Using random seed: -1653595056

mode |  affinity  |  intramol  |    CNN     |   CNN
     | (kcal/mol) | (kcal/mol) | pose score | affinity
-----+------------+------------+------------+----------
    1       -7.11       -0.52       0.5110      7.048
    2       -9.68        0.61       0.4552      7.203
    3       -7.61       -0.51       0.4097      7.022
    4       -8.11       -0.34       0.4048      6.180
    5       -7.31       -0.49       0.3583      5.906
    6       -8.22       -0.44       0.3434      5.868
    7       -7.77       -0.53       0.2797      5.944
    8       -7.79       -0.47       0.2794      6.195
    9       -7.07       -0.09       0.2729      6.166
