              _             
             (_)            
   __ _ _ __  _ _ __   __ _ 
  / _` | '_ \| | '_ \ / _` |
 | (_| | | | | | | | | (_| |
  \__, |_| |_|_|_| |_|\__,_|
   __/ |                    
  |___/                     

gnina v1.3 master:97fa6bc+   Built Oct  3 2024.
gnina is based on smina and AutoDock Vina.
Please cite appropriately.

Commandline: gnina --receptor Proteinas_preparadas/EGFR.pdbqt --ligand Bases_conjuntas/Targets/EGFR_MAPK1/EGFR_MAPK1_912.pdbqt --autobox_ligand Compuestos_preparados/EGFR.pdbqt --autobox_add 18 --exhaustiveness 16 --out docking/bases_conjuntas/EGFR_MAPK1_912_L_EGFR.pdbqt --log docking/bases_conjuntas/EGFR_MAPK1_912_L_EGFR.log
Using random seed: -1542804372

mode |  affinity  |  intramol  |    CNN     |   CNN
     | (kcal/mol) | (kcal/mol) | pose score | affinity
-----+------------+------------+------------+----------
    1       -8.23       -1.92       0.5245      6.434
    2       -7.42       -2.12       0.3754      7.112
    3       -8.05       -2.57       0.3447      7.137
    4       -6.61       -0.70       0.3304      5.846
    5       -8.58       -1.02       0.3132      6.843
    6       -8.54       -0.42       0.3130      7.186
    7       -7.73       -1.91       0.3039      6.075
    8       -8.19        2.01       0.2949      6.726
    9       -8.64       -1.00       0.2866      6.826
