              _             
             (_)            
   __ _ _ __  _ _ __   __ _ 
  / _` | '_ \| | '_ \ / _` |
 | (_| | | | | | | | | (_| |
  \__, |_| |_|_|_| |_|\__,_|
   __/ |                    
  |___/                     

gnina v1.3 master:97fa6bc+   Built Oct  3 2024.
gnina is based on smina and AutoDock Vina.
Please cite appropriately.

Commandline: gnina --receptor Proteinas_preparadas/EGFR.pdbqt --ligand Bases_conjuntas/Targets/EGFR_MAPK1/EGFR_MAPK1_574.pdbqt --autobox_ligand Compuestos_preparados/EGFR.pdbqt --autobox_add 18 --exhaustiveness 16 --out docking/bases_conjuntas/EGFR_MAPK1_574_L_EGFR.pdbqt --log docking/bases_conjuntas/EGFR_MAPK1_574_L_EGFR.log
Using random seed: 789136776

mode |  affinity  |  intramol  |    CNN     |   CNN
     | (kcal/mol) | (kcal/mol) | pose score | affinity
-----+------------+------------+------------+----------
    1       -7.37       -1.01       0.7357      7.113
    2       -9.29        0.97       0.3754      6.821
    3       -7.21       -1.50       0.3139      5.647
    4       -8.20       -0.84       0.2320      6.051
    5       -8.57       -0.91       0.2310      6.194
    6       -9.47        0.30       0.2250      6.542
    7       -8.44       -0.69       0.2219      6.219
    8       -7.64       -0.56       0.2142      6.185
    9       -6.90       -1.30       0.2116      6.160
