              _             
             (_)            
   __ _ _ __  _ _ __   __ _ 
  / _` | '_ \| | '_ \ / _` |
 | (_| | | | | | | | | (_| |
  \__, |_| |_|_|_| |_|\__,_|
   __/ |                    
  |___/                     

gnina v1.3 master:97fa6bc+   Built Oct  3 2024.
gnina is based on smina and AutoDock Vina.
Please cite appropriately.

Commandline: gnina --receptor Proteinas_preparadas/MAPK1.pdbqt --ligand Bases_conjuntas/Targets/EGFR_MAPK1/EGFR_MAPK1_238.pdbqt --autobox_ligand Compuestos_preparados/MAPK1.pdbqt --autobox_add 18 --exhaustiveness 16 --out docking/bases_conjuntas/EGFR_MAPK1_238_L_MAPK1.pdbqt --log docking/bases_conjuntas/EGFR_MAPK1_238_L_MAPK1.log
Using random seed: -571483550

mode |  affinity  |  intramol  |    CNN     |   CNN
     | (kcal/mol) | (kcal/mol) | pose score | affinity
-----+------------+------------+------------+----------
    1       -6.12       -1.34       0.7726      6.950
    2       -6.67       -0.30       0.5665      6.226
    3       -9.06       -1.17       0.5590      7.036
    4       -5.74        0.33       0.5588      6.403
    5       -5.86       -0.93       0.5214      6.147
    6       -5.59       -1.34       0.5020      6.120
    7       -7.69        0.25       0.4532      6.399
    8       -5.66       -0.31       0.4454      6.455
    9       -5.80       -0.26       0.3734      6.106
