              _             
             (_)            
   __ _ _ __  _ _ __   __ _ 
  / _` | '_ \| | '_ \ / _` |
 | (_| | | | | | | | | (_| |
  \__, |_| |_|_|_| |_|\__,_|
   __/ |                    
  |___/                     

gnina v1.3 master:97fa6bc+   Built Oct  3 2024.
gnina is based on smina and AutoDock Vina.
Please cite appropriately.

Commandline: gnina --receptor Proteinas_preparadas/EGFR.pdbqt --ligand Bases_conjuntas/Targets/EGFR_MAPK1/EGFR_MAPK1_743.pdbqt --autobox_ligand Compuestos_preparados/EGFR.pdbqt --autobox_add 18 --exhaustiveness 16 --out docking/bases_conjuntas/EGFR_MAPK1_743_L_EGFR.pdbqt --log docking/bases_conjuntas/EGFR_MAPK1_743_L_EGFR.log
Using random seed: 1245685807

mode |  affinity  |  intramol  |    CNN     |   CNN
     | (kcal/mol) | (kcal/mol) | pose score | affinity
-----+------------+------------+------------+----------
    1       -8.68       -0.93       0.4457      6.321
    2       -8.44       -0.81       0.3914      6.224
    3       -8.29       -0.44       0.3286      6.403
    4       -8.22       -0.72       0.2404      5.935
    5       -8.81       -1.33       0.2352      5.821
    6       -8.45        0.76       0.2170      5.966
    7       -9.18       -0.11       0.2158      6.271
    8       -8.93       -1.11       0.2021      6.560
    9      -10.28        0.37       0.2000      6.934
