              _             
             (_)            
   __ _ _ __  _ _ __   __ _ 
  / _` | '_ \| | '_ \ / _` |
 | (_| | | | | | | | | (_| |
  \__, |_| |_|_|_| |_|\__,_|
   __/ |                    
  |___/                     

gnina v1.3 master:97fa6bc+   Built Oct  3 2024.
gnina is based on smina and AutoDock Vina.
Please cite appropriately.

Commandline: gnina --receptor Proteinas_preparadas/EGFR.pdbqt --ligand Bases_conjuntas/Targets/EGFR_MAPK1/EGFR_MAPK1_1115.pdbqt --autobox_ligand Compuestos_preparados/EGFR.pdbqt --autobox_add 18 --exhaustiveness 16 --out docking/bases_conjuntas/EGFR_MAPK1_1115_L_EGFR.pdbqt --log docking/bases_conjuntas/EGFR_MAPK1_1115_L_EGFR.log
Using random seed: 1378008080

mode |  affinity  |  intramol  |    CNN     |   CNN
     | (kcal/mol) | (kcal/mol) | pose score | affinity
-----+------------+------------+------------+----------
    1       -7.36        0.00       0.5724      6.148
    2       -7.71        0.00       0.4846      6.396
    3       -7.68        0.00       0.4225      5.768
    4       -7.34        0.00       0.4101      5.482
    5       -6.68        0.00       0.3637      5.969
    6       -7.54        0.00       0.3591      6.197
    7       -8.26        0.00       0.3392      6.451
    8       -6.84        0.00       0.3359      5.616
    9       -7.11        0.00       0.2880      6.588
