              _             
             (_)            
   __ _ _ __  _ _ __   __ _ 
  / _` | '_ \| | '_ \ / _` |
 | (_| | | | | | | | | (_| |
  \__, |_| |_|_|_| |_|\__,_|
   __/ |                    
  |___/                     

gnina v1.3 master:97fa6bc+   Built Oct  3 2024.
gnina is based on smina and AutoDock Vina.
Please cite appropriately.

Commandline: gnina --receptor Proteinas_preparadas/EGFR.pdbqt --ligand Bases_conjuntas/Targets/EGFR_MAPK1/EGFR_MAPK1_228.pdbqt --autobox_ligand Compuestos_preparados/EGFR.pdbqt --autobox_add 18 --exhaustiveness 16 --cnn_scoring none --out docking/bases_conjuntas/EGFR_MAPK1_228_L_EGFR.pdbqt --log docking/bases_conjuntas/EGFR_MAPK1_228_L_EGFR.log
Using random seed: -1050307111

mode |  affinity  |  intramol  |    CNN     |   CNN
     | (kcal/mol) | (kcal/mol) | pose score | affinity
-----+------------+------------+------------+----------
    1       -9.49        0.86      -1.0000      0.000
    2       -9.47        1.40      -1.0000      0.000
    3       -9.12        0.26      -1.0000      0.000
    4       -8.97        1.38      -1.0000      0.000
    5       -8.93        1.07      -1.0000      0.000
    6       -8.89        1.54      -1.0000      0.000
    7       -8.55        1.52      -1.0000      0.000
    8       -8.54        1.24      -1.0000      0.000
    9       -8.50        0.54      -1.0000      0.000
