              _             
             (_)            
   __ _ _ __  _ _ __   __ _ 
  / _` | '_ \| | '_ \ / _` |
 | (_| | | | | | | | | (_| |
  \__, |_| |_|_|_| |_|\__,_|
   __/ |                    
  |___/                     

gnina v1.3 master:97fa6bc+   Built Oct  3 2024.
gnina is based on smina and AutoDock Vina.
Please cite appropriately.

Commandline: gnina --receptor Proteinas_preparadas/MAPK1.pdbqt --ligand Bases_conjuntas/Targets/EGFR_MAPK1/EGFR_MAPK1_964.pdbqt --autobox_ligand Compuestos_preparados/MAPK1.pdbqt --autobox_add 18 --exhaustiveness 16 --out docking/bases_conjuntas/EGFR_MAPK1_964_L_MAPK1.pdbqt --log docking/bases_conjuntas/EGFR_MAPK1_964_L_MAPK1.log
Using random seed: 348476876

mode |  affinity  |  intramol  |    CNN     |   CNN
     | (kcal/mol) | (kcal/mol) | pose score | affinity
-----+------------+------------+------------+----------
    1       -5.92        0.55       0.6181      6.018
    2       -7.26        0.59       0.5250      6.126
    3       -6.95        0.62       0.5227      6.549
    4       -6.39        0.23       0.4270      5.916
    5       -7.27        2.29       0.4166      5.729
    6       -6.86       10.69       0.3951      5.283
    7       -5.94       -0.12       0.3934      5.596
    8       -6.91        0.41       0.3751      5.580
    9       -7.49       -0.01       0.3523      5.646
