              _             
             (_)            
   __ _ _ __  _ _ __   __ _ 
  / _` | '_ \| | '_ \ / _` |
 | (_| | | | | | | | | (_| |
  \__, |_| |_|_|_| |_|\__,_|
   __/ |                    
  |___/                     

gnina v1.3 master:97fa6bc+   Built Oct  3 2024.
gnina is based on smina and AutoDock Vina.
Please cite appropriately.

Commandline: gnina --receptor Proteinas_preparadas/MAPK1.pdbqt --ligand Bases_conjuntas/Targets/EGFR_MAPK1/EGFR_MAPK1_778.pdbqt --autobox_ligand Compuestos_preparados/MAPK1.pdbqt --autobox_add 18 --exhaustiveness 16 --out docking/bases_conjuntas/EGFR_MAPK1_778_L_MAPK1.pdbqt --log docking/bases_conjuntas/EGFR_MAPK1_778_L_MAPK1.log
Using random seed: -690705376

mode |  affinity  |  intramol  |    CNN     |   CNN
     | (kcal/mol) | (kcal/mol) | pose score | affinity
-----+------------+------------+------------+----------
    1       -7.61       -0.56       0.4086      6.005
    2       -8.71        1.62       0.3605      7.137
    3       -7.47       -0.11       0.2922      6.686
    4       -7.16       -0.19       0.2695      6.029
    5       -8.27        1.89       0.2588      5.757
    6       -8.17        0.79       0.2338      5.675
    7       -7.28       -0.41       0.2014      5.918
    8       -7.26       -0.85       0.1906      5.317
    9       -7.71        0.39       0.1762      5.732
