              _             
             (_)            
   __ _ _ __  _ _ __   __ _ 
  / _` | '_ \| | '_ \ / _` |
 | (_| | | | | | | | | (_| |
  \__, |_| |_|_|_| |_|\__,_|
   __/ |                    
  |___/                     

gnina v1.3 master:97fa6bc+   Built Oct  3 2024.
gnina is based on smina and AutoDock Vina.
Please cite appropriately.

Commandline: gnina --receptor Proteinas_preparadas/EGFR.pdbqt --ligand Bases_conjuntas/Targets/EGFR_MAPK1/EGFR_MAPK1_26.pdbqt --autobox_ligand Compuestos_preparados/EGFR.pdbqt --autobox_add 18 --exhaustiveness 16 --cnn_scoring none --out docking/bases_conjuntas/EGFR_MAPK1_26_L_EGFR.pdbqt --log docking/bases_conjuntas/EGFR_MAPK1_26_L_EGFR.log
Using random seed: 322156429

mode |  affinity  |  intramol  |    CNN     |   CNN
     | (kcal/mol) | (kcal/mol) | pose score | affinity
-----+------------+------------+------------+----------
    1       -9.41       -0.28      -1.0000      0.000
    2       -9.29       -0.37      -1.0000      0.000
    3       -9.07       -0.17      -1.0000      0.000
    4       -9.00       -0.81      -1.0000      0.000
    5       -8.84        0.47      -1.0000      0.000
    6       -8.77       -0.26      -1.0000      0.000
    7       -8.72       -1.09      -1.0000      0.000
    8       -8.66        0.25      -1.0000      0.000
    9       -8.63       -0.72      -1.0000      0.000
