              _             
             (_)            
   __ _ _ __  _ _ __   __ _ 
  / _` | '_ \| | '_ \ / _` |
 | (_| | | | | | | | | (_| |
  \__, |_| |_|_|_| |_|\__,_|
   __/ |                    
  |___/                     

gnina v1.3 master:97fa6bc+   Built Oct  3 2024.
gnina is based on smina and AutoDock Vina.
Please cite appropriately.

Commandline: gnina --receptor Proteinas_preparadas/MAPK1.pdbqt --ligand Bases_conjuntas/Targets/EGFR_MAPK1/EGFR_MAPK1_531.pdbqt --autobox_ligand Compuestos_preparados/MAPK1.pdbqt --autobox_add 18 --exhaustiveness 16 --out docking/bases_conjuntas/EGFR_MAPK1_531_L_MAPK1.pdbqt --log docking/bases_conjuntas/EGFR_MAPK1_531_L_MAPK1.log
Using random seed: -1155647905

mode |  affinity  |  intramol  |    CNN     |   CNN
     | (kcal/mol) | (kcal/mol) | pose score | affinity
-----+------------+------------+------------+----------
    1       -8.62        0.80       0.4734      6.902
    2       -7.16        0.02       0.3947      6.104
    3       -6.34       -0.17       0.3908      5.699
    4       -7.29        1.62       0.3166      6.795
    5       -8.28        1.62       0.3098      6.372
    6       -6.50        1.65       0.2849      5.495
    7       -8.33        1.18       0.2599      6.650
    8       -6.66        0.76       0.2575      5.764
    9       -7.06        1.01       0.2521      5.584
