              _             
             (_)            
   __ _ _ __  _ _ __   __ _ 
  / _` | '_ \| | '_ \ / _` |
 | (_| | | | | | | | | (_| |
  \__, |_| |_|_|_| |_|\__,_|
   __/ |                    
  |___/                     

gnina v1.3 master:97fa6bc+   Built Oct  3 2024.
gnina is based on smina and AutoDock Vina.
Please cite appropriately.

Commandline: gnina --receptor Proteinas_preparadas/EGFR.pdbqt --ligand Bases_conjuntas/Targets/EGFR_MAPK1/EGFR_MAPK1_988.pdbqt --autobox_ligand Compuestos_preparados/EGFR.pdbqt --autobox_add 18 --exhaustiveness 16 --out docking/bases_conjuntas/EGFR_MAPK1_988_L_EGFR.pdbqt --log docking/bases_conjuntas/EGFR_MAPK1_988_L_EGFR.log
Using random seed: -777588768

mode |  affinity  |  intramol  |    CNN     |   CNN
     | (kcal/mol) | (kcal/mol) | pose score | affinity
-----+------------+------------+------------+----------
    1       -8.39       -2.24       0.8665      7.595
    2       -8.26       -1.39       0.7906      6.576
    3       -8.39       -1.29       0.7675      7.364
    4       -7.93       -2.32       0.5804      7.222
    5       -7.73       -1.58       0.5542      6.511
    6       -7.76       -1.17       0.5426      6.077
    7       -8.21       -0.10       0.5125      6.315
    8       -7.55       -1.47       0.5101      6.707
    9       -7.80       -2.10       0.4649      6.524
