              _             
             (_)            
   __ _ _ __  _ _ __   __ _ 
  / _` | '_ \| | '_ \ / _` |
 | (_| | | | | | | | | (_| |
  \__, |_| |_|_|_| |_|\__,_|
   __/ |                    
  |___/                     

gnina v1.3 master:97fa6bc+   Built Oct  3 2024.
gnina is based on smina and AutoDock Vina.
Please cite appropriately.

Commandline: gnina --receptor Proteinas_preparadas/MAPK1.pdbqt --ligand Bases_conjuntas/Targets/EGFR_MAPK1/EGFR_MAPK1_463.pdbqt --autobox_ligand Compuestos_preparados/MAPK1.pdbqt --autobox_add 18 --exhaustiveness 16 --out docking/bases_conjuntas/EGFR_MAPK1_463_L_MAPK1.pdbqt --log docking/bases_conjuntas/EGFR_MAPK1_463_L_MAPK1.log
Using random seed: -1399706923

mode |  affinity  |  intramol  |    CNN     |   CNN
     | (kcal/mol) | (kcal/mol) | pose score | affinity
-----+------------+------------+------------+----------
    1       -6.74       -1.49       0.4689      6.112
    2       -7.43        1.69       0.3999      6.167
    3       -6.78       -1.49       0.3760      6.350
    4       -6.19       -1.01       0.3615      6.167
    5       -6.20        0.38       0.3552      5.903
    6       -7.75       -1.18       0.3158      6.698
    7       -7.32        1.81       0.2891      6.153
    8       -7.71        1.81       0.2794      5.771
    9       -7.41       -0.38       0.2736      6.209
