              _             
             (_)            
   __ _ _ __  _ _ __   __ _ 
  / _` | '_ \| | '_ \ / _` |
 | (_| | | | | | | | | (_| |
  \__, |_| |_|_|_| |_|\__,_|
   __/ |                    
  |___/                     

gnina v1.3 master:97fa6bc+   Built Oct  3 2024.
gnina is based on smina and AutoDock Vina.
Please cite appropriately.

Commandline: gnina --receptor Proteinas_preparadas/MAPK1.pdbqt --ligand Bases_conjuntas/Targets/EGFR_MAPK1/EGFR_MAPK1_936.pdbqt --autobox_ligand Compuestos_preparados/MAPK1.pdbqt --autobox_add 18 --exhaustiveness 16 --out docking/bases_conjuntas/EGFR_MAPK1_936_L_MAPK1.pdbqt --log docking/bases_conjuntas/EGFR_MAPK1_936_L_MAPK1.log
Using random seed: -158831264

mode |  affinity  |  intramol  |    CNN     |   CNN
     | (kcal/mol) | (kcal/mol) | pose score | affinity
-----+------------+------------+------------+----------
    1       -8.27       -1.86       0.7319      7.299
    2       -8.40       -0.04       0.5696      7.061
    3       -7.58       -1.04       0.5662      6.910
    4       -8.94        1.29       0.3552      6.762
    5       -8.13       -0.55       0.3412      6.811
    6       -8.35       -0.86       0.3255      6.527
    7       -7.46       -1.44       0.3182      6.601
    8       -8.76        0.11       0.3144      6.798
    9       -7.35       -0.69       0.3082      6.413
