              _             
             (_)            
   __ _ _ __  _ _ __   __ _ 
  / _` | '_ \| | '_ \ / _` |
 | (_| | | | | | | | | (_| |
  \__, |_| |_|_|_| |_|\__,_|
   __/ |                    
  |___/                     

gnina v1.3 master:97fa6bc+   Built Oct  3 2024.
gnina is based on smina and AutoDock Vina.
Please cite appropriately.

Commandline: gnina --receptor Proteinas_preparadas/EGFR.pdbqt --ligand Bases_conjuntas/Targets/EGFR_MAPK1/EGFR_MAPK1_650.pdbqt --autobox_ligand Compuestos_preparados/EGFR.pdbqt --autobox_add 18 --exhaustiveness 16 --out docking/bases_conjuntas/EGFR_MAPK1_650_L_EGFR.pdbqt --log docking/bases_conjuntas/EGFR_MAPK1_650_L_EGFR.log
Using random seed: 583921324

mode |  affinity  |  intramol  |    CNN     |   CNN
     | (kcal/mol) | (kcal/mol) | pose score | affinity
-----+------------+------------+------------+----------
    1       -7.98       -1.54       0.6086      7.591
    2       -8.26       -2.82       0.4540      6.977
    3       -7.79       -3.72       0.2806      7.260
    4       -8.68       -0.96       0.2735      7.370
    5       -8.95       -2.36       0.2448      7.363
    6       -8.90       -1.48       0.2275      6.338
    7       -8.61       -1.54       0.1891      6.177
    8       -9.00       -1.61       0.1876      6.039
    9       -8.25       -2.17       0.1873      6.251
