              _             
             (_)            
   __ _ _ __  _ _ __   __ _ 
  / _` | '_ \| | '_ \ / _` |
 | (_| | | | | | | | | (_| |
  \__, |_| |_|_|_| |_|\__,_|
   __/ |                    
  |___/                     

gnina v1.3 master:97fa6bc+   Built Oct  3 2024.
gnina is based on smina and AutoDock Vina.
Please cite appropriately.

Commandline: gnina --receptor Proteinas_preparadas/EGFR.pdbqt --ligand Bases_conjuntas/Targets/EGFR_MAPK1/EGFR_MAPK1_563.pdbqt --autobox_ligand Compuestos_preparados/EGFR.pdbqt --autobox_add 18 --exhaustiveness 16 --out docking/bases_conjuntas/EGFR_MAPK1_563_L_EGFR.pdbqt --log docking/bases_conjuntas/EGFR_MAPK1_563_L_EGFR.log
Using random seed: -1542156735

mode |  affinity  |  intramol  |    CNN     |   CNN
     | (kcal/mol) | (kcal/mol) | pose score | affinity
-----+------------+------------+------------+----------
    1       -9.85        0.43       0.6914      7.505
    2       -7.74       -0.62       0.5800      7.101
    3       -8.87       -1.13       0.4127      6.430
    4       -7.82       -0.73       0.3981      6.112
    5       -7.81       -1.80       0.3604      6.181
    6       -9.31        0.62       0.3531      6.925
    7       -7.56       -0.82       0.3443      6.012
    8       -8.47       -0.38       0.3372      6.876
    9       -7.84        0.24       0.3323      6.690
