              _             
             (_)            
   __ _ _ __  _ _ __   __ _ 
  / _` | '_ \| | '_ \ / _` |
 | (_| | | | | | | | | (_| |
  \__, |_| |_|_|_| |_|\__,_|
   __/ |                    
  |___/                     

gnina v1.3 master:97fa6bc+   Built Oct  3 2024.
gnina is based on smina and AutoDock Vina.
Please cite appropriately.

Commandline: gnina --receptor Proteinas_preparadas/EGFR.pdbqt --ligand Bases_conjuntas/Targets/EGFR_MAPK1/EGFR_MAPK1_824.pdbqt --autobox_ligand Compuestos_preparados/EGFR.pdbqt --autobox_add 18 --exhaustiveness 16 --out docking/bases_conjuntas/EGFR_MAPK1_824_L_EGFR.pdbqt --log docking/bases_conjuntas/EGFR_MAPK1_824_L_EGFR.log
Using random seed: -1847833292

mode |  affinity  |  intramol  |    CNN     |   CNN
     | (kcal/mol) | (kcal/mol) | pose score | affinity
-----+------------+------------+------------+----------
    1       -6.86       -0.88       0.6296      6.121
    2       -7.13       -0.13       0.4666      6.087
    3       -7.15       -1.38       0.4397      6.084
    4       -7.27       -0.51       0.4100      5.979
    5       -8.53       -0.82       0.4092      6.879
    6       -7.87       -0.11       0.3707      5.826
    7       -7.13       -1.03       0.3511      5.871
    8       -8.45        1.05       0.3504      6.511
    9      -10.98       -0.50       0.3336      6.814
