              _             
             (_)            
   __ _ _ __  _ _ __   __ _ 
  / _` | '_ \| | '_ \ / _` |
 | (_| | | | | | | | | (_| |
  \__, |_| |_|_|_| |_|\__,_|
   __/ |                    
  |___/                     

gnina v1.3 master:97fa6bc+   Built Oct  3 2024.
gnina is based on smina and AutoDock Vina.
Please cite appropriately.

Commandline: gnina --receptor Proteinas_preparadas/MAPK1.pdbqt --ligand Bases_conjuntas/Targets/EGFR_MAPK1/EGFR_MAPK1_1140.pdbqt --autobox_ligand Compuestos_preparados/MAPK1.pdbqt --autobox_add 18 --exhaustiveness 16 --out docking/bases_conjuntas/EGFR_MAPK1_1140_L_MAPK1.pdbqt --log docking/bases_conjuntas/EGFR_MAPK1_1140_L_MAPK1.log
Using random seed: -2002334080

mode |  affinity  |  intramol  |    CNN     |   CNN
     | (kcal/mol) | (kcal/mol) | pose score | affinity
-----+------------+------------+------------+----------
    1       -6.12       -0.47       0.4775      6.384
    2       -8.95        0.08       0.4094      7.018
    3       -9.25       -0.02       0.3595      7.087
    4       -9.41        0.35       0.3193      7.015
    5       -7.44        0.10       0.3138      6.810
    6       -6.89       -0.46       0.2847      5.662
    7       -6.45        0.15       0.2739      5.385
    8       -6.65        0.67       0.2602      5.729
    9       -6.87       -0.61       0.2536      5.622
