              _             
             (_)            
   __ _ _ __  _ _ __   __ _ 
  / _` | '_ \| | '_ \ / _` |
 | (_| | | | | | | | | (_| |
  \__, |_| |_|_|_| |_|\__,_|
   __/ |                    
  |___/                     

gnina v1.3 master:97fa6bc+   Built Oct  3 2024.
gnina is based on smina and AutoDock Vina.
Please cite appropriately.

Commandline: gnina --receptor Proteinas_preparadas/MAPK1.pdbqt --ligand Bases_conjuntas/Targets/EGFR_MAPK1/EGFR_MAPK1_913.pdbqt --autobox_ligand Compuestos_preparados/MAPK1.pdbqt --autobox_add 18 --exhaustiveness 16 --out docking/bases_conjuntas/EGFR_MAPK1_913_L_MAPK1.pdbqt --log docking/bases_conjuntas/EGFR_MAPK1_913_L_MAPK1.log
Using random seed: 1569410016

mode |  affinity  |  intramol  |    CNN     |   CNN
     | (kcal/mol) | (kcal/mol) | pose score | affinity
-----+------------+------------+------------+----------
    1       -6.71       -1.14       0.6332      6.758
    2       -8.97       -0.55       0.6287      7.228
    3       -7.56       -0.13       0.5844      6.821
    4       -6.27        0.23       0.4853      6.411
    5       -8.46       -0.15       0.4764      7.147
    6       -6.73        0.78       0.3842      6.134
    7       -8.03        0.41       0.3503      6.468
    8       -7.64       -0.82       0.3037      6.259
    9       -6.51        0.02       0.2930      6.221
