              _             
             (_)            
   __ _ _ __  _ _ __   __ _ 
  / _` | '_ \| | '_ \ / _` |
 | (_| | | | | | | | | (_| |
  \__, |_| |_|_|_| |_|\__,_|
   __/ |                    
  |___/                     

gnina v1.3 master:97fa6bc+   Built Oct  3 2024.
gnina is based on smina and AutoDock Vina.
Please cite appropriately.

Commandline: gnina --receptor Proteinas_preparadas/MAPK1.pdbqt --ligand Bases_conjuntas/Targets/EGFR_MAPK1/EGFR_MAPK1_220.pdbqt --autobox_ligand Compuestos_preparados/MAPK1.pdbqt --autobox_add 18 --exhaustiveness 16 --out docking/bases_conjuntas/EGFR_MAPK1_220_L_MAPK1.pdbqt --log docking/bases_conjuntas/EGFR_MAPK1_220_L_MAPK1.log
Using random seed: -495712441

mode |  affinity  |  intramol  |    CNN     |   CNN
     | (kcal/mol) | (kcal/mol) | pose score | affinity
-----+------------+------------+------------+----------
    1       -6.14       -0.47       0.3122      5.939
    2       -8.76        0.82       0.2993      6.953
    3       -5.93        0.06       0.2538      5.549
    4       -8.98       -1.45       0.2505      6.650
    5       -7.04       -0.50       0.2459      5.349
    6       -6.81       -1.35       0.2393      5.841
    7       -7.66       -1.07       0.2338      6.462
    8       -6.15       -1.60       0.2236      5.299
    9       -6.42       -1.64       0.2149      6.263
