              _             
             (_)            
   __ _ _ __  _ _ __   __ _ 
  / _` | '_ \| | '_ \ / _` |
 | (_| | | | | | | | | (_| |
  \__, |_| |_|_|_| |_|\__,_|
   __/ |                    
  |___/                     

gnina v1.3 master:97fa6bc+   Built Oct  3 2024.
gnina is based on smina and AutoDock Vina.
Please cite appropriately.

Commandline: gnina --receptor Proteinas_preparadas/MAPK1.pdbqt --ligand Bases_conjuntas/Targets/EGFR_MAPK1/EGFR_MAPK1_823.pdbqt --autobox_ligand Compuestos_preparados/MAPK1.pdbqt --autobox_add 18 --exhaustiveness 16 --out docking/bases_conjuntas/EGFR_MAPK1_823_L_MAPK1.pdbqt --log docking/bases_conjuntas/EGFR_MAPK1_823_L_MAPK1.log
Using random seed: -1056368498

mode |  affinity  |  intramol  |    CNN     |   CNN
     | (kcal/mol) | (kcal/mol) | pose score | affinity
-----+------------+------------+------------+----------
    1      -10.16       -0.74       0.5785      7.551
    2       -9.44       -1.10       0.5569      7.307
    3       -7.21       -0.63       0.5193      6.817
    4       -9.68       -0.80       0.3621      6.933
    5       -7.97       -1.04       0.3213      6.906
    6       -7.41       -0.82       0.2956      6.091
    7       -9.59       -1.25       0.2478      6.596
    8       -7.53       -0.04       0.2362      6.705
    9       -7.74       -1.02       0.2121      6.319
