              _             
             (_)            
   __ _ _ __  _ _ __   __ _ 
  / _` | '_ \| | '_ \ / _` |
 | (_| | | | | | | | | (_| |
  \__, |_| |_|_|_| |_|\__,_|
   __/ |                    
  |___/                     

gnina v1.3 master:97fa6bc+   Built Oct  3 2024.
gnina is based on smina and AutoDock Vina.
Please cite appropriately.

Commandline: gnina --receptor Proteinas_preparadas/EGFR.pdbqt --ligand Bases_conjuntas/Targets/EGFR_MAPK1/EGFR_MAPK1_1122.pdbqt --autobox_ligand Compuestos_preparados/EGFR.pdbqt --autobox_add 18 --exhaustiveness 16 --out docking/bases_conjuntas/EGFR_MAPK1_1122_L_EGFR.pdbqt --log docking/bases_conjuntas/EGFR_MAPK1_1122_L_EGFR.log
Using random seed: 809864347

mode |  affinity  |  intramol  |    CNN     |   CNN
     | (kcal/mol) | (kcal/mol) | pose score | affinity
-----+------------+------------+------------+----------
    1       -8.05       -3.05       0.1984      7.796
    2       -9.90        0.18       0.1372      6.753
    3       -7.93        0.80       0.1204      7.944
    4       -9.77        0.80       0.1027      7.327
    5       -9.53       -0.01       0.0936      5.966
    6       -8.66       -1.68       0.0891      6.546
    7       -8.95       -0.93       0.0873      7.347
    8      -10.10       -1.86       0.0841      6.902
    9       -9.83        0.57       0.0783      7.899
