              _             
             (_)            
   __ _ _ __  _ _ __   __ _ 
  / _` | '_ \| | '_ \ / _` |
 | (_| | | | | | | | | (_| |
  \__, |_| |_|_|_| |_|\__,_|
   __/ |                    
  |___/                     

gnina v1.3 master:97fa6bc+   Built Oct  3 2024.
gnina is based on smina and AutoDock Vina.
Please cite appropriately.

Commandline: gnina --receptor Proteinas_preparadas/MAPK1.pdbqt --ligand Bases_conjuntas/Targets/EGFR_MAPK1/EGFR_MAPK1_29.pdbqt --autobox_ligand Compuestos_preparados/MAPK1.pdbqt --autobox_add 18 --exhaustiveness 16 --out docking/bases_conjuntas/EGFR_MAPK1_29_L_MAPK1.pdbqt --log docking/bases_conjuntas/EGFR_MAPK1_29_L_MAPK1.log
Using random seed: 474064670

mode |  affinity  |  intramol  |    CNN     |   CNN
     | (kcal/mol) | (kcal/mol) | pose score | affinity
-----+------------+------------+------------+----------
    1       -9.52        0.83       0.5415      7.134
    2       -8.47       -2.00       0.4964      6.961
    3       -6.78       -2.08       0.3256      6.387
    4       -7.78       -0.91       0.2947      6.107
    5       -9.40       -0.98       0.2806      7.122
    6       -7.73        0.33       0.2731      6.785
    7      -10.96        0.79       0.2716      7.072
    8       -7.29       -1.25       0.2226      6.002
    9       -7.07       -1.05       0.1902      5.985
