              _             
             (_)            
   __ _ _ __  _ _ __   __ _ 
  / _` | '_ \| | '_ \ / _` |
 | (_| | | | | | | | | (_| |
  \__, |_| |_|_|_| |_|\__,_|
   __/ |                    
  |___/                     

gnina v1.3 master:97fa6bc+   Built Oct  3 2024.
gnina is based on smina and AutoDock Vina.
Please cite appropriately.

Commandline: gnina --receptor Proteinas_preparadas/MAPK1.pdbqt --ligand Bases_conjuntas/Targets/EGFR_MAPK1/EGFR_MAPK1_5.pdbqt --autobox_ligand Compuestos_preparados/MAPK1.pdbqt --autobox_add 18 --exhaustiveness 16 --cnn_scoring none --out docking/bases_conjuntas/EGFR_MAPK1_5_L_MAPK1.pdbqt --log docking/bases_conjuntas/EGFR_MAPK1_5_L_MAPK1.log
Using random seed: -1519380628

mode |  affinity  |  intramol  |    CNN     |   CNN
     | (kcal/mol) | (kcal/mol) | pose score | affinity
-----+------------+------------+------------+----------
    1       -8.76        0.69      -1.0000      0.000
    2       -8.59        0.46      -1.0000      0.000
    3       -8.41        2.47      -1.0000      0.000
    4       -7.91       -0.20      -1.0000      0.000
    5       -7.91        3.23      -1.0000      0.000
    6       -7.76        0.52      -1.0000      0.000
    7       -7.73       -0.13      -1.0000      0.000
    8       -7.67       -0.02      -1.0000      0.000
    9       -7.48        0.34      -1.0000      0.000
