              _             
             (_)            
   __ _ _ __  _ _ __   __ _ 
  / _` | '_ \| | '_ \ / _` |
 | (_| | | | | | | | | (_| |
  \__, |_| |_|_|_| |_|\__,_|
   __/ |                    
  |___/                     

gnina v1.3 master:97fa6bc+   Built Oct  3 2024.
gnina is based on smina and AutoDock Vina.
Please cite appropriately.

Commandline: gnina --receptor Proteinas_preparadas/EGFR.pdbqt --ligand Bases_conjuntas/Targets/EGFR_MAPK1/EGFR_MAPK1_597.pdbqt --autobox_ligand Compuestos_preparados/EGFR.pdbqt --autobox_add 18 --exhaustiveness 16 --out docking/bases_conjuntas/EGFR_MAPK1_597_L_EGFR.pdbqt --log docking/bases_conjuntas/EGFR_MAPK1_597_L_EGFR.log
Using random seed: -1921630060

mode |  affinity  |  intramol  |    CNN     |   CNN
     | (kcal/mol) | (kcal/mol) | pose score | affinity
-----+------------+------------+------------+----------
    1       -8.46        0.18       0.6681      7.481
    2       -8.75       -0.39       0.6635      7.524
    3      -10.34       -0.33       0.5151      7.536
    4       -8.55       -0.58       0.5140      7.117
    5       -8.36       -0.84       0.5126      7.190
    6       -8.93       -0.64       0.4102      7.157
    7       -8.07        2.04       0.3770      6.859
    8      -10.25       -0.00       0.3557      7.287
    9       -8.70       -0.57       0.3222      6.173
