              _             
             (_)            
   __ _ _ __  _ _ __   __ _ 
  / _` | '_ \| | '_ \ / _` |
 | (_| | | | | | | | | (_| |
  \__, |_| |_|_|_| |_|\__,_|
   __/ |                    
  |___/                     

gnina v1.3 master:97fa6bc+   Built Oct  3 2024.
gnina is based on smina and AutoDock Vina.
Please cite appropriately.

Commandline: gnina --receptor Proteinas_preparadas/MAPK1.pdbqt --ligand Bases_conjuntas/Targets/EGFR_MAPK1/EGFR_MAPK1_699.pdbqt --autobox_ligand Compuestos_preparados/MAPK1.pdbqt --autobox_add 18 --exhaustiveness 16 --out docking/bases_conjuntas/EGFR_MAPK1_699_L_MAPK1.pdbqt --log docking/bases_conjuntas/EGFR_MAPK1_699_L_MAPK1.log
Using random seed: 1521666088

mode |  affinity  |  intramol  |    CNN     |   CNN
     | (kcal/mol) | (kcal/mol) | pose score | affinity
-----+------------+------------+------------+----------
    1       -7.43       -0.41       0.5324      6.787
    2       -6.45       -1.10       0.5243      5.744
    3       -6.09       -1.19       0.4659      5.692
    4       -6.37       -0.94       0.4285      5.994
    5       -6.29       -1.20       0.4206      6.258
    6       -6.88       -1.39       0.4096      6.075
    7       -8.24       -1.08       0.3621      6.552
    8       -6.56       -1.25       0.3484      5.874
    9       -7.27       -0.38       0.3292      6.045
