              _             
             (_)            
   __ _ _ __  _ _ __   __ _ 
  / _` | '_ \| | '_ \ / _` |
 | (_| | | | | | | | | (_| |
  \__, |_| |_|_|_| |_|\__,_|
   __/ |                    
  |___/                     

gnina v1.3 master:97fa6bc+   Built Oct  3 2024.
gnina is based on smina and AutoDock Vina.
Please cite appropriately.

Commandline: gnina --receptor Proteinas_preparadas/MAPK1.pdbqt --ligand Bases_conjuntas/Targets/EGFR_MAPK1/EGFR_MAPK1_626.pdbqt --autobox_ligand Compuestos_preparados/MAPK1.pdbqt --autobox_add 18 --exhaustiveness 16 --out docking/bases_conjuntas/EGFR_MAPK1_626_L_MAPK1.pdbqt --log docking/bases_conjuntas/EGFR_MAPK1_626_L_MAPK1.log
Using random seed: 1572842364

mode |  affinity  |  intramol  |    CNN     |   CNN
     | (kcal/mol) | (kcal/mol) | pose score | affinity
-----+------------+------------+------------+----------
    1       -6.67       -0.08       0.6092      6.407
    2       -7.75        0.01       0.5143      6.680
    3       -6.98        0.01       0.5028      6.453
    4       -6.58       -0.89       0.4847      6.635
    5       -8.58       -0.25       0.4652      6.691
    6       -9.24       -0.93       0.4415      6.726
    7       -7.23       -1.36       0.4105      6.007
    8       -7.64       -0.02       0.4046      6.339
    9       -8.38       -1.28       0.3825      6.701
