              _             
             (_)            
   __ _ _ __  _ _ __   __ _ 
  / _` | '_ \| | '_ \ / _` |
 | (_| | | | | | | | | (_| |
  \__, |_| |_|_|_| |_|\__,_|
   __/ |                    
  |___/                     

gnina v1.3 master:97fa6bc+   Built Oct  3 2024.
gnina is based on smina and AutoDock Vina.
Please cite appropriately.

Commandline: gnina --receptor Proteinas_preparadas/MAPK1.pdbqt --ligand Bases_conjuntas/Targets/EGFR_MAPK1/EGFR_MAPK1_952.pdbqt --autobox_ligand Compuestos_preparados/MAPK1.pdbqt --autobox_add 18 --exhaustiveness 16 --out docking/bases_conjuntas/EGFR_MAPK1_952_L_MAPK1.pdbqt --log docking/bases_conjuntas/EGFR_MAPK1_952_L_MAPK1.log
Using random seed: -484502848

mode |  affinity  |  intramol  |    CNN     |   CNN
     | (kcal/mol) | (kcal/mol) | pose score | affinity
-----+------------+------------+------------+----------
    1       -8.46       -0.96       0.7766      7.000
    2       -8.29       -1.62       0.7482      7.214
    3       -8.38       -1.25       0.6881      6.666
    4       -8.47       -0.24       0.6724      6.850
    5       -7.14       -0.83       0.6706      6.426
    6       -8.21       -1.56       0.6426      6.868
    7       -8.30       -0.65       0.6290      6.687
    8       -7.77       -1.12       0.6164      6.758
    9       -7.89       -0.01       0.6137      6.437
