              _             
             (_)            
   __ _ _ __  _ _ __   __ _ 
  / _` | '_ \| | '_ \ / _` |
 | (_| | | | | | | | | (_| |
  \__, |_| |_|_|_| |_|\__,_|
   __/ |                    
  |___/                     

gnina v1.3 master:97fa6bc+   Built Oct  3 2024.
gnina is based on smina and AutoDock Vina.
Please cite appropriately.

Commandline: gnina --receptor Proteinas_preparadas/EGFR.pdbqt --ligand Bases_conjuntas/Targets/EGFR_MAPK1/EGFR_MAPK1_997.pdbqt --autobox_ligand Compuestos_preparados/EGFR.pdbqt --autobox_add 18 --exhaustiveness 16 --out docking/bases_conjuntas/EGFR_MAPK1_997_L_EGFR.pdbqt --log docking/bases_conjuntas/EGFR_MAPK1_997_L_EGFR.log
Using random seed: -836208564

mode |  affinity  |  intramol  |    CNN     |   CNN
     | (kcal/mol) | (kcal/mol) | pose score | affinity
-----+------------+------------+------------+----------
    1       -7.86       -0.41       0.3761      6.656
    2       -7.35       -0.66       0.2733      6.629
    3       -8.58       -0.04       0.2249      6.695
    4       -8.51       -1.13       0.2179      6.338
    5       -7.50        0.22       0.2081      5.565
    6       -7.30       -0.57       0.1982      6.623
    7       -7.80        2.92       0.1874      6.498
    8       -7.36        0.32       0.1849      5.703
    9       -7.35       -0.19       0.1838      4.711
