              _             
             (_)            
   __ _ _ __  _ _ __   __ _ 
  / _` | '_ \| | '_ \ / _` |
 | (_| | | | | | | | | (_| |
  \__, |_| |_|_|_| |_|\__,_|
   __/ |                    
  |___/                     

gnina v1.3 master:97fa6bc+   Built Oct  3 2024.
gnina is based on smina and AutoDock Vina.
Please cite appropriately.

Commandline: gnina --receptor Proteinas_preparadas/MAPK1.pdbqt --ligand Bases_conjuntas/Targets/EGFR_MAPK1/EGFR_MAPK1_191.pdbqt --autobox_ligand Compuestos_preparados/MAPK1.pdbqt --autobox_add 18 --exhaustiveness 16 --cnn_scoring none --out docking/bases_conjuntas/EGFR_MAPK1_191_L_MAPK1.pdbqt --log docking/bases_conjuntas/EGFR_MAPK1_191_L_MAPK1.log
Using random seed: 943380194

mode |  affinity  |  intramol  |    CNN     |   CNN
     | (kcal/mol) | (kcal/mol) | pose score | affinity
-----+------------+------------+------------+----------
    1       -8.21        0.01      -1.0000      0.000
    2       -8.19       -0.26      -1.0000      0.000
    3       -8.13       -0.17      -1.0000      0.000
    4       -8.05        1.54      -1.0000      0.000
    5       -7.94       -0.17      -1.0000      0.000
    6       -7.91       -0.01      -1.0000      0.000
    7       -7.76       -0.33      -1.0000      0.000
    8       -7.71       -0.64      -1.0000      0.000
    9       -7.65        0.08      -1.0000      0.000
