              _             
             (_)            
   __ _ _ __  _ _ __   __ _ 
  / _` | '_ \| | '_ \ / _` |
 | (_| | | | | | | | | (_| |
  \__, |_| |_|_|_| |_|\__,_|
   __/ |                    
  |___/                     

gnina v1.3 master:97fa6bc+   Built Oct  3 2024.
gnina is based on smina and AutoDock Vina.
Please cite appropriately.

Commandline: gnina --receptor Proteinas_preparadas/MAPK1.pdbqt --ligand Bases_conjuntas/Targets/EGFR_MAPK1/EGFR_MAPK1_380.pdbqt --autobox_ligand Compuestos_preparados/MAPK1.pdbqt --autobox_add 18 --exhaustiveness 16 --cnn_scoring none --out docking/bases_conjuntas/EGFR_MAPK1_380_L_MAPK1.pdbqt --log docking/bases_conjuntas/EGFR_MAPK1_380_L_MAPK1.log
Using random seed: -931682960

mode |  affinity  |  intramol  |    CNN     |   CNN
     | (kcal/mol) | (kcal/mol) | pose score | affinity
-----+------------+------------+------------+----------
    1       -9.49        2.26      -1.0000      0.000
    2       -9.47       -0.23      -1.0000      0.000
    3       -9.45       -0.84      -1.0000      0.000
    4       -9.43       -1.76      -1.0000      0.000
    5       -9.36       -0.90      -1.0000      0.000
    6       -9.35       -1.22      -1.0000      0.000
    7       -9.30       -1.29      -1.0000      0.000
    8       -9.27       -1.48      -1.0000      0.000
    9       -9.26       -1.38      -1.0000      0.000
