              _             
             (_)            
   __ _ _ __  _ _ __   __ _ 
  / _` | '_ \| | '_ \ / _` |
 | (_| | | | | | | | | (_| |
  \__, |_| |_|_|_| |_|\__,_|
   __/ |                    
  |___/                     

gnina v1.3 master:97fa6bc+   Built Oct  3 2024.
gnina is based on smina and AutoDock Vina.
Please cite appropriately.

Commandline: gnina --receptor Proteinas_preparadas/MAPK1.pdbqt --ligand Bases_conjuntas/Targets/EGFR_MAPK1/EGFR_MAPK1_818.pdbqt --autobox_ligand Compuestos_preparados/MAPK1.pdbqt --autobox_add 18 --exhaustiveness 16 --out docking/bases_conjuntas/EGFR_MAPK1_818_L_MAPK1.pdbqt --log docking/bases_conjuntas/EGFR_MAPK1_818_L_MAPK1.log
Using random seed: -91099969

mode |  affinity  |  intramol  |    CNN     |   CNN
     | (kcal/mol) | (kcal/mol) | pose score | affinity
-----+------------+------------+------------+----------
    1       -9.35       -0.13       0.7868      7.372
    2       -9.38        0.37       0.6877      7.630
    3       -8.70       -0.15       0.6296      7.077
    4       -8.58        1.55       0.5089      6.806
    5       -8.53       -0.83       0.4334      6.620
    6       -6.82       -0.96       0.3052      6.306
    7       -8.45        1.94       0.2699      6.136
    8       -7.14       -0.29       0.2690      6.923
    9       -6.99       -0.86       0.2634      5.631
