              _             
             (_)            
   __ _ _ __  _ _ __   __ _ 
  / _` | '_ \| | '_ \ / _` |
 | (_| | | | | | | | | (_| |
  \__, |_| |_|_|_| |_|\__,_|
   __/ |                    
  |___/                     

gnina v1.3 master:97fa6bc+   Built Oct  3 2024.
gnina is based on smina and AutoDock Vina.
Please cite appropriately.

Commandline: gnina --receptor Proteinas_preparadas/EGFR.pdbqt --ligand Bases_conjuntas/Targets/EGFR_MAPK1/EGFR_MAPK1_589.pdbqt --autobox_ligand Compuestos_preparados/EGFR.pdbqt --autobox_add 18 --exhaustiveness 16 --out docking/bases_conjuntas/EGFR_MAPK1_589_L_EGFR.pdbqt --log docking/bases_conjuntas/EGFR_MAPK1_589_L_EGFR.log
Using random seed: -685353302

mode |  affinity  |  intramol  |    CNN     |   CNN
     | (kcal/mol) | (kcal/mol) | pose score | affinity
-----+------------+------------+------------+----------
    1      -11.08       -0.40       0.6689      7.284
    2      -10.06       -0.45       0.6294      6.939
    3       -8.26       -0.47       0.6137      6.987
    4      -11.06       -0.53       0.5990      6.928
    5       -9.14       -0.47       0.4763      6.348
    6      -10.34       -0.01       0.3845      6.647
    7       -7.82       -0.64       0.3658      6.539
    8       -8.08       -0.48       0.3568      5.402
    9       -9.86       -0.70       0.3490      6.614
