              _             
             (_)            
   __ _ _ __  _ _ __   __ _ 
  / _` | '_ \| | '_ \ / _` |
 | (_| | | | | | | | | (_| |
  \__, |_| |_|_|_| |_|\__,_|
   __/ |                    
  |___/                     

gnina v1.3 master:97fa6bc+   Built Oct  3 2024.
gnina is based on smina and AutoDock Vina.
Please cite appropriately.

Commandline: gnina --receptor Proteinas_preparadas/SRC.pdbqt --ligand Bases_conjuntas/Targets/EGFR_SRC/EGFR_SRC_556.pdbqt --autobox_ligand Compuestos_preparados/SRC.pdbqt --autobox_add 18 --exhaustiveness 16 --cnn_scoring none --out docking/bases_conjuntas/EGFR_SRC_556_L_SRC.pdbqt --log docking/bases_conjuntas/EGFR_SRC_556_L_SRC.log
Using random seed: -1514161496

mode |  affinity  |  intramol  |    CNN     |   CNN
     | (kcal/mol) | (kcal/mol) | pose score | affinity
-----+------------+------------+------------+----------
    1      -10.20        1.73      -1.0000      0.000
    2      -10.20        1.28      -1.0000      0.000
    3      -10.19        0.49      -1.0000      0.000
    4       -9.94        0.52      -1.0000      0.000
    5       -9.93        0.55      -1.0000      0.000
    6       -9.14        1.83      -1.0000      0.000
    7       -9.13        0.75      -1.0000      0.000
    8       -8.99        1.28      -1.0000      0.000
    9       -8.95        0.59      -1.0000      0.000
