              _             
             (_)            
   __ _ _ __  _ _ __   __ _ 
  / _` | '_ \| | '_ \ / _` |
 | (_| | | | | | | | | (_| |
  \__, |_| |_|_|_| |_|\__,_|
   __/ |                    
  |___/                     

gnina v1.3 master:97fa6bc+   Built Oct  3 2024.
gnina is based on smina and AutoDock Vina.
Please cite appropriately.

Commandline: gnina --receptor Proteinas_preparadas/MAPK1.pdbqt --ligand Bases_conjuntas/Targets/EGFR_MAPK1/EGFR_MAPK1_181.pdbqt --autobox_ligand Compuestos_preparados/MAPK1.pdbqt --autobox_add 18 --exhaustiveness 16 --out docking/bases_conjuntas/EGFR_MAPK1_181_L_MAPK1.pdbqt --log docking/bases_conjuntas/EGFR_MAPK1_181_L_MAPK1.log
Using random seed: 2082627790

mode |  affinity  |  intramol  |    CNN     |   CNN
     | (kcal/mol) | (kcal/mol) | pose score | affinity
-----+------------+------------+------------+----------
    1       -6.89       -0.87       0.8534      6.893
    2       -6.89        0.03       0.8262      6.664
    3       -8.70       -0.74       0.7609      6.585
    4       -9.25       -0.84       0.6146      7.137
    5       -8.31        0.61       0.5709      6.528
    6       -7.34       -0.04       0.4864      5.914
    7       -6.32       -0.49       0.4408      5.644
    8       -6.57       -0.53       0.4318      6.076
    9       -8.84       -0.26       0.3774      6.534
