              _             
             (_)            
   __ _ _ __  _ _ __   __ _ 
  / _` | '_ \| | '_ \ / _` |
 | (_| | | | | | | | | (_| |
  \__, |_| |_|_|_| |_|\__,_|
   __/ |                    
  |___/                     

gnina v1.3 master:97fa6bc+   Built Oct  3 2024.
gnina is based on smina and AutoDock Vina.
Please cite appropriately.

Commandline: gnina --receptor Proteinas_preparadas/MAPK1.pdbqt --ligand Bases_conjuntas/Targets/EGFR_MAPK1/EGFR_MAPK1_862.pdbqt --autobox_ligand Compuestos_preparados/MAPK1.pdbqt --autobox_add 18 --exhaustiveness 16 --out docking/bases_conjuntas/EGFR_MAPK1_862_L_MAPK1.pdbqt --log docking/bases_conjuntas/EGFR_MAPK1_862_L_MAPK1.log
Using random seed: 1538172076

mode |  affinity  |  intramol  |    CNN     |   CNN
     | (kcal/mol) | (kcal/mol) | pose score | affinity
-----+------------+------------+------------+----------
    1      -11.47        0.34       0.3970      7.669
    2       -9.37       -0.49       0.3601      7.000
    3      -10.26       -0.30       0.3444      7.235
    4       -8.20       -1.07       0.3280      6.198
    5       -8.35       -0.54       0.2020      6.402
    6       -9.23       -0.73       0.1839      7.273
    7       -7.92       -1.45       0.1821      6.218
    8       -9.56        1.98       0.1778      7.065
    9       -9.93       -1.61       0.1705      6.633
