              _             
             (_)            
   __ _ _ __  _ _ __   __ _ 
  / _` | '_ \| | '_ \ / _` |
 | (_| | | | | | | | | (_| |
  \__, |_| |_|_|_| |_|\__,_|
   __/ |                    
  |___/                     

gnina v1.3 master:97fa6bc+   Built Oct  3 2024.
gnina is based on smina and AutoDock Vina.
Please cite appropriately.

Commandline: gnina --receptor Proteinas_preparadas/MAPK1.pdbqt --ligand Bases_conjuntas/Targets/EGFR_MAPK1/EGFR_MAPK1_713.pdbqt --autobox_ligand Compuestos_preparados/MAPK1.pdbqt --autobox_add 18 --exhaustiveness 16 --out docking/bases_conjuntas/EGFR_MAPK1_713_L_MAPK1.pdbqt --log docking/bases_conjuntas/EGFR_MAPK1_713_L_MAPK1.log
Using random seed: 1724739151

mode |  affinity  |  intramol  |    CNN     |   CNN
     | (kcal/mol) | (kcal/mol) | pose score | affinity
-----+------------+------------+------------+----------
    1       -7.61        0.25       0.7175      6.331
    2       -8.65       -0.55       0.6592      6.720
    3       -7.40        0.25       0.5955      5.911
    4       -7.46        0.10       0.5330      6.286
    5       -7.59       -0.74       0.5156      6.656
    6       -7.42       -0.34       0.5010      6.669
    7       -8.92        0.13       0.5009      6.900
    8      -10.18       -0.20       0.3636      6.811
    9       -7.66        0.44       0.2935      6.069
