              _             
             (_)            
   __ _ _ __  _ _ __   __ _ 
  / _` | '_ \| | '_ \ / _` |
 | (_| | | | | | | | | (_| |
  \__, |_| |_|_|_| |_|\__,_|
   __/ |                    
  |___/                     

gnina v1.3 master:97fa6bc+   Built Oct  3 2024.
gnina is based on smina and AutoDock Vina.
Please cite appropriately.

Commandline: gnina --receptor Proteinas_preparadas/MAPK1.pdbqt --ligand Bases_conjuntas/Targets/EGFR_MAPK1/EGFR_MAPK1_987.pdbqt --autobox_ligand Compuestos_preparados/MAPK1.pdbqt --autobox_add 18 --exhaustiveness 16 --out docking/bases_conjuntas/EGFR_MAPK1_987_L_MAPK1.pdbqt --log docking/bases_conjuntas/EGFR_MAPK1_987_L_MAPK1.log
Using random seed: -1459561176

mode |  affinity  |  intramol  |    CNN     |   CNN
     | (kcal/mol) | (kcal/mol) | pose score | affinity
-----+------------+------------+------------+----------
    1       -8.98       -0.30       0.2497      6.534
    2       -7.56       -0.99       0.2394      6.023
    3       -8.54       -0.45       0.2263      4.981
    4       -8.18        0.43       0.2046      6.184
    5       -8.46        2.01       0.2026      6.829
    6       -8.23       -0.05       0.1932      7.140
    7       -9.65        0.12       0.1902      6.750
    8       -7.67       -0.85       0.1826      5.801
    9       -8.44       -1.21       0.1724      5.389
