              _             
             (_)            
   __ _ _ __  _ _ __   __ _ 
  / _` | '_ \| | '_ \ / _` |
 | (_| | | | | | | | | (_| |
  \__, |_| |_|_|_| |_|\__,_|
   __/ |                    
  |___/                     

gnina v1.3 master:97fa6bc+   Built Oct  3 2024.
gnina is based on smina and AutoDock Vina.
Please cite appropriately.

Commandline: gnina --receptor Proteinas_preparadas/EGFR.pdbqt --ligand Bases_conjuntas/Targets/EGFR_SRC/EGFR_SRC_563.pdbqt --autobox_ligand Compuestos_preparados/EGFR.pdbqt --autobox_add 18 --exhaustiveness 16 --cnn_scoring none --out docking/bases_conjuntas/EGFR_SRC_563_L_EGFR.pdbqt --log docking/bases_conjuntas/EGFR_SRC_563_L_EGFR.log
Using random seed: 2030672660

mode |  affinity  |  intramol  |    CNN     |   CNN
     | (kcal/mol) | (kcal/mol) | pose score | affinity
-----+------------+------------+------------+----------
    1      -11.98        1.73      -1.0000      0.000
    2      -11.84        2.34      -1.0000      0.000
    3      -11.24        1.04      -1.0000      0.000
    4      -11.12        2.07      -1.0000      0.000
    5      -10.94        1.69      -1.0000      0.000
    6      -10.80        3.94      -1.0000      0.000
    7      -10.74        2.52      -1.0000      0.000
    8      -10.69        0.29      -1.0000      0.000
    9      -10.48        1.44      -1.0000      0.000
