              _             
             (_)            
   __ _ _ __  _ _ __   __ _ 
  / _` | '_ \| | '_ \ / _` |
 | (_| | | | | | | | | (_| |
  \__, |_| |_|_|_| |_|\__,_|
   __/ |                    
  |___/                     

gnina v1.3 master:97fa6bc+   Built Oct  3 2024.
gnina is based on smina and AutoDock Vina.
Please cite appropriately.

Commandline: gnina --receptor Proteinas_preparadas/MAPK1.pdbqt --ligand Bases_conjuntas/Targets/EGFR_MAPK1/EGFR_MAPK1_20.pdbqt --autobox_ligand Compuestos_preparados/MAPK1.pdbqt --autobox_add 18 --exhaustiveness 16 --cnn_scoring none --out docking/bases_conjuntas/EGFR_MAPK1_20_L_MAPK1.pdbqt --log docking/bases_conjuntas/EGFR_MAPK1_20_L_MAPK1.log
Using random seed: 2026334745

mode |  affinity  |  intramol  |    CNN     |   CNN
     | (kcal/mol) | (kcal/mol) | pose score | affinity
-----+------------+------------+------------+----------
    1       -9.37       -0.37      -1.0000      0.000
    2       -9.19        0.77      -1.0000      0.000
    3       -8.94        0.45      -1.0000      0.000
    4       -8.92        0.84      -1.0000      0.000
    5       -8.57        0.59      -1.0000      0.000
    6       -8.32        0.36      -1.0000      0.000
    7       -8.18        0.84      -1.0000      0.000
    8       -8.15        0.78      -1.0000      0.000
    9       -7.54        0.07      -1.0000      0.000
