              _             
             (_)            
   __ _ _ __  _ _ __   __ _ 
  / _` | '_ \| | '_ \ / _` |
 | (_| | | | | | | | | (_| |
  \__, |_| |_|_|_| |_|\__,_|
   __/ |                    
  |___/                     

gnina v1.3 master:97fa6bc+   Built Oct  3 2024.
gnina is based on smina and AutoDock Vina.
Please cite appropriately.

Commandline: gnina --receptor Proteinas_preparadas/MAPK1.pdbqt --ligand Bases_conjuntas/Targets/EGFR_MAPK1/EGFR_MAPK1_385.pdbqt --autobox_ligand Compuestos_preparados/MAPK1.pdbqt --autobox_add 18 --exhaustiveness 16 --cnn_scoring none --out docking/bases_conjuntas/EGFR_MAPK1_385_L_MAPK1.pdbqt --log docking/bases_conjuntas/EGFR_MAPK1_385_L_MAPK1.log
Using random seed: -1972543668

mode |  affinity  |  intramol  |    CNN     |   CNN
     | (kcal/mol) | (kcal/mol) | pose score | affinity
-----+------------+------------+------------+----------
    1       -7.24       -1.41      -1.0000      0.000
    2       -7.16       -0.76      -1.0000      0.000
    3       -7.16       -1.84      -1.0000      0.000
    4       -7.06       -1.42      -1.0000      0.000
    5       -6.94       -1.09      -1.0000      0.000
    6       -6.92       -1.30      -1.0000      0.000
    7       -6.87       -1.09      -1.0000      0.000
    8       -6.75       -1.50      -1.0000      0.000
    9       -6.68       -0.66      -1.0000      0.000
