              _             
             (_)            
   __ _ _ __  _ _ __   __ _ 
  / _` | '_ \| | '_ \ / _` |
 | (_| | | | | | | | | (_| |
  \__, |_| |_|_|_| |_|\__,_|
   __/ |                    
  |___/                     

gnina v1.3 master:97fa6bc+   Built Oct  3 2024.
gnina is based on smina and AutoDock Vina.
Please cite appropriately.

Commandline: gnina --receptor Proteinas_preparadas/MAPK1.pdbqt --ligand Bases_conjuntas/Targets/EGFR_MAPK1/EGFR_MAPK1_877.pdbqt --autobox_ligand Compuestos_preparados/MAPK1.pdbqt --autobox_add 18 --exhaustiveness 16 --out docking/bases_conjuntas/EGFR_MAPK1_877_L_MAPK1.pdbqt --log docking/bases_conjuntas/EGFR_MAPK1_877_L_MAPK1.log
Using random seed: 1264782122

mode |  affinity  |  intramol  |    CNN     |   CNN
     | (kcal/mol) | (kcal/mol) | pose score | affinity
-----+------------+------------+------------+----------
    1       -8.86        0.44       0.4135      7.074
    2       -9.01        0.01       0.4030      7.017
    3       -8.16        0.01       0.3337      6.839
    4       -7.34        1.20       0.3301      6.386
    5       -8.05        0.72       0.3289      6.820
    6       -9.16        0.35       0.3011      6.812
    7       -6.79       -0.66       0.2999      5.967
    8       -8.27       -0.60       0.2700      6.485
    9       -6.35        0.53       0.2607      5.020
