              _             
             (_)            
   __ _ _ __  _ _ __   __ _ 
  / _` | '_ \| | '_ \ / _` |
 | (_| | | | | | | | | (_| |
  \__, |_| |_|_|_| |_|\__,_|
   __/ |                    
  |___/                     

gnina v1.3 master:97fa6bc+   Built Oct  3 2024.
gnina is based on smina and AutoDock Vina.
Please cite appropriately.

Commandline: gnina --receptor Proteinas_preparadas/EGFR.pdbqt --ligand Bases_conjuntas/Targets/EGFR_MAPK1/EGFR_MAPK1_1109.pdbqt --autobox_ligand Compuestos_preparados/EGFR.pdbqt --autobox_add 18 --exhaustiveness 16 --out docking/bases_conjuntas/EGFR_MAPK1_1109_L_EGFR.pdbqt --log docking/bases_conjuntas/EGFR_MAPK1_1109_L_EGFR.log
Using random seed: -700100556

mode |  affinity  |  intramol  |    CNN     |   CNN
     | (kcal/mol) | (kcal/mol) | pose score | affinity
-----+------------+------------+------------+----------
    1       -8.63       -0.46       0.6203      7.570
    2       -7.74       -1.80       0.5246      7.208
    3       -7.85       -1.22       0.1562      5.604
    4      -10.43        2.52       0.1218      6.831
    5       -9.20        0.11       0.1121      6.951
    6       -9.28        0.15       0.1029      6.127
    7       -8.50       -1.50       0.0984      7.029
    8       -7.52       -1.54       0.0966      5.819
    9       -7.67       -0.59       0.0950      6.512
