              _             
             (_)            
   __ _ _ __  _ _ __   __ _ 
  / _` | '_ \| | '_ \ / _` |
 | (_| | | | | | | | | (_| |
  \__, |_| |_|_|_| |_|\__,_|
   __/ |                    
  |___/                     

gnina v1.3 master:97fa6bc+   Built Oct  3 2024.
gnina is based on smina and AutoDock Vina.
Please cite appropriately.

Commandline: gnina --receptor Proteinas_preparadas/MAPK1.pdbqt --ligand Bases_conjuntas/Targets/EGFR_MAPK1/EGFR_MAPK1_658.pdbqt --autobox_ligand Compuestos_preparados/MAPK1.pdbqt --autobox_add 18 --exhaustiveness 16 --out docking/bases_conjuntas/EGFR_MAPK1_658_L_MAPK1.pdbqt --log docking/bases_conjuntas/EGFR_MAPK1_658_L_MAPK1.log
Using random seed: -1920502482

mode |  affinity  |  intramol  |    CNN     |   CNN
     | (kcal/mol) | (kcal/mol) | pose score | affinity
-----+------------+------------+------------+----------
    1       -8.19       -1.22       0.4649      6.913
    2       -8.03       -1.60       0.4372      6.481
    3       -8.32       -1.39       0.3686      6.819
    4       -7.98       -0.52       0.3008      6.472
    5       -7.68        0.47       0.2817      6.290
    6       -7.97       -0.91       0.2783      6.556
    7       -7.88       -1.32       0.2766      6.683
    8       -8.53       -0.79       0.2670      6.369
    9       -7.75       -1.28       0.2636      6.420
