              _             
             (_)            
   __ _ _ __  _ _ __   __ _ 
  / _` | '_ \| | '_ \ / _` |
 | (_| | | | | | | | | (_| |
  \__, |_| |_|_|_| |_|\__,_|
   __/ |                    
  |___/                     

gnina v1.3 master:97fa6bc+   Built Oct  3 2024.
gnina is based on smina and AutoDock Vina.
Please cite appropriately.

Commandline: gnina --receptor Proteinas_preparadas/MAPK1.pdbqt --ligand Bases_conjuntas/Targets/EGFR_MAPK1/EGFR_MAPK1_1128.pdbqt --autobox_ligand Compuestos_preparados/MAPK1.pdbqt --autobox_add 18 --exhaustiveness 16 --out docking/bases_conjuntas/EGFR_MAPK1_1128_L_MAPK1.pdbqt --log docking/bases_conjuntas/EGFR_MAPK1_1128_L_MAPK1.log
Using random seed: 2036835778

mode |  affinity  |  intramol  |    CNN     |   CNN
     | (kcal/mol) | (kcal/mol) | pose score | affinity
-----+------------+------------+------------+----------
    1       -7.02       -1.09       0.6957      7.301
    2       -8.29        0.32       0.6639      7.417
    3       -8.32       -0.71       0.5670      6.537
    4       -7.41       -1.44       0.4924      6.432
    5       -8.20       -0.83       0.4543      6.476
    6       -7.53       -1.24       0.4345      6.406
    7       -7.70       -0.78       0.4202      6.655
    8      -10.06       -0.80       0.4167      6.406
    9       -7.54       -0.93       0.3610      6.410
