              _             
             (_)            
   __ _ _ __  _ _ __   __ _ 
  / _` | '_ \| | '_ \ / _` |
 | (_| | | | | | | | | (_| |
  \__, |_| |_|_|_| |_|\__,_|
   __/ |                    
  |___/                     

gnina v1.3 master:97fa6bc+   Built Oct  3 2024.
gnina is based on smina and AutoDock Vina.
Please cite appropriately.

Commandline: gnina --receptor Proteinas_preparadas/EGFR.pdbqt --ligand Bases_conjuntas/Targets/EGFR_MAPK1/EGFR_MAPK1_221.pdbqt --autobox_ligand Compuestos_preparados/EGFR.pdbqt --autobox_add 18 --exhaustiveness 16 --cnn_scoring none --out docking/bases_conjuntas/EGFR_MAPK1_221_L_EGFR.pdbqt --log docking/bases_conjuntas/EGFR_MAPK1_221_L_EGFR.log
Using random seed: -469741498

mode |  affinity  |  intramol  |    CNN     |   CNN
     | (kcal/mol) | (kcal/mol) | pose score | affinity
-----+------------+------------+------------+----------
    1       -9.57       -0.41      -1.0000      0.000
    2       -9.44        0.80      -1.0000      0.000
    3       -9.28       -0.29      -1.0000      0.000
    4       -9.26       -0.73      -1.0000      0.000
    5       -9.24       -0.11      -1.0000      0.000
    6       -9.13       -1.26      -1.0000      0.000
    7       -8.99       -0.66      -1.0000      0.000
    8       -8.98       -0.96      -1.0000      0.000
    9       -8.98       -0.19      -1.0000      0.000
