              _             
             (_)            
   __ _ _ __  _ _ __   __ _ 
  / _` | '_ \| | '_ \ / _` |
 | (_| | | | | | | | | (_| |
  \__, |_| |_|_|_| |_|\__,_|
   __/ |                    
  |___/                     

gnina v1.3 master:97fa6bc+   Built Oct  3 2024.
gnina is based on smina and AutoDock Vina.
Please cite appropriately.

Commandline: gnina --receptor Proteinas_preparadas/EGFR.pdbqt --ligand Bases_conjuntas/Targets/EGFR_MAPK1/EGFR_MAPK1_624.pdbqt --autobox_ligand Compuestos_preparados/EGFR.pdbqt --autobox_add 18 --exhaustiveness 16 --out docking/bases_conjuntas/EGFR_MAPK1_624_L_EGFR.pdbqt --log docking/bases_conjuntas/EGFR_MAPK1_624_L_EGFR.log
Using random seed: -975240262

mode |  affinity  |  intramol  |    CNN     |   CNN
     | (kcal/mol) | (kcal/mol) | pose score | affinity
-----+------------+------------+------------+----------
    1      -10.31        0.03       0.3389      7.028
    2      -10.48        2.70       0.3188      7.229
    3       -8.12       -0.59       0.3151      5.589
    4      -10.37        0.39       0.2840      7.149
    5       -8.15       -0.58       0.2668      6.297
    6       -8.67       -0.67       0.2658      6.403
    7      -10.56        1.39       0.2546      6.261
    8       -8.58       -0.29       0.2466      5.722
    9       -9.14        0.92       0.2402      6.915
