              _             
             (_)            
   __ _ _ __  _ _ __   __ _ 
  / _` | '_ \| | '_ \ / _` |
 | (_| | | | | | | | | (_| |
  \__, |_| |_|_|_| |_|\__,_|
   __/ |                    
  |___/                     

gnina v1.3 master:97fa6bc+   Built Oct  3 2024.
gnina is based on smina and AutoDock Vina.
Please cite appropriately.

Commandline: gnina --receptor Proteinas_preparadas/EGFR.pdbqt --ligand Bases_conjuntas/Targets/EGFR_MAPK1/EGFR_MAPK1_739.pdbqt --autobox_ligand Compuestos_preparados/EGFR.pdbqt --autobox_add 18 --exhaustiveness 16 --out docking/bases_conjuntas/EGFR_MAPK1_739_L_EGFR.pdbqt --log docking/bases_conjuntas/EGFR_MAPK1_739_L_EGFR.log
Using random seed: -1163944120

mode |  affinity  |  intramol  |    CNN     |   CNN
     | (kcal/mol) | (kcal/mol) | pose score | affinity
-----+------------+------------+------------+----------
    1       -8.60       -0.72       0.4038      6.003
    2       -9.32       -0.92       0.3694      7.019
    3       -8.54        1.00       0.3164      6.594
    4       -8.38        0.60       0.2576      6.052
    5       -8.85       -0.43       0.2467      6.555
    6       -8.91       -0.08       0.2362      6.534
    7       -8.72        0.50       0.2302      6.258
    8       -8.40        0.99       0.1829      5.030
    9       -8.20       -0.94       0.1688      6.283
