              _             
             (_)            
   __ _ _ __  _ _ __   __ _ 
  / _` | '_ \| | '_ \ / _` |
 | (_| | | | | | | | | (_| |
  \__, |_| |_|_|_| |_|\__,_|
   __/ |                    
  |___/                     

gnina v1.3 master:97fa6bc+   Built Oct  3 2024.
gnina is based on smina and AutoDock Vina.
Please cite appropriately.

Commandline: gnina --receptor Proteinas_preparadas/MAPK1.pdbqt --ligand Bases_conjuntas/Targets/EGFR_MAPK1/EGFR_MAPK1_888.pdbqt --autobox_ligand Compuestos_preparados/MAPK1.pdbqt --autobox_add 18 --exhaustiveness 16 --out docking/bases_conjuntas/EGFR_MAPK1_888_L_MAPK1.pdbqt --log docking/bases_conjuntas/EGFR_MAPK1_888_L_MAPK1.log
Using random seed: 1675406006

mode |  affinity  |  intramol  |    CNN     |   CNN
     | (kcal/mol) | (kcal/mol) | pose score | affinity
-----+------------+------------+------------+----------
    1       -8.90        0.03       0.7388      7.291
    2       -9.71       -0.04       0.5829      7.533
    3       -8.33       -0.84       0.5404      7.616
    4       -8.36       -1.13       0.4935      7.141
    5       -9.26       -1.87       0.4809      7.263
    6       -8.64       -0.99       0.4197      7.495
    7       -8.75       -0.31       0.4165      6.634
    8       -9.36       -2.40       0.2752      7.436
    9       -8.64       -1.40       0.2558      6.513
