              _             
             (_)            
   __ _ _ __  _ _ __   __ _ 
  / _` | '_ \| | '_ \ / _` |
 | (_| | | | | | | | | (_| |
  \__, |_| |_|_|_| |_|\__,_|
   __/ |                    
  |___/                     

gnina v1.3 master:97fa6bc+   Built Oct  3 2024.
gnina is based on smina and AutoDock Vina.
Please cite appropriately.

Commandline: gnina --receptor Proteinas_preparadas/MAPK1.pdbqt --ligand Bases_conjuntas/Targets/EGFR_MAPK1/EGFR_MAPK1_932.pdbqt --autobox_ligand Compuestos_preparados/MAPK1.pdbqt --autobox_add 18 --exhaustiveness 16 --out docking/bases_conjuntas/EGFR_MAPK1_932_L_MAPK1.pdbqt --log docking/bases_conjuntas/EGFR_MAPK1_932_L_MAPK1.log
Using random seed: 1524774544

mode |  affinity  |  intramol  |    CNN     |   CNN
     | (kcal/mol) | (kcal/mol) | pose score | affinity
-----+------------+------------+------------+----------
    1       -6.93        0.51       0.4638      6.312
    2       -6.55        3.31       0.3730      6.780
    3       -7.18       -0.03       0.3584      6.405
    4       -6.93       -0.01       0.2901      6.085
    5       -7.44        1.76       0.2730      7.048
    6       -7.13       -1.08       0.2634      6.049
    7      -10.31       -0.61       0.2379      6.970
    8       -8.45        0.04       0.2228      6.878
    9       -7.49        0.57       0.2164      6.492
