              _             
             (_)            
   __ _ _ __  _ _ __   __ _ 
  / _` | '_ \| | '_ \ / _` |
 | (_| | | | | | | | | (_| |
  \__, |_| |_|_|_| |_|\__,_|
   __/ |                    
  |___/                     

gnina v1.3 master:97fa6bc+   Built Oct  3 2024.
gnina is based on smina and AutoDock Vina.
Please cite appropriately.

Commandline: gnina --receptor Proteinas_preparadas/MAPK1.pdbqt --ligand Bases_conjuntas/Targets/EGFR_MAPK1/EGFR_MAPK1_1144.pdbqt --autobox_ligand Compuestos_preparados/MAPK1.pdbqt --autobox_add 18 --exhaustiveness 16 --out docking/bases_conjuntas/EGFR_MAPK1_1144_L_MAPK1.pdbqt --log docking/bases_conjuntas/EGFR_MAPK1_1144_L_MAPK1.log
Using random seed: 281261263

mode |  affinity  |  intramol  |    CNN     |   CNN
     | (kcal/mol) | (kcal/mol) | pose score | affinity
-----+------------+------------+------------+----------
    1       -9.58       -1.23       0.7996      7.434
    2       -9.18       -0.81       0.7697      6.747
    3       -9.49       -0.33       0.7559      6.777
    4       -9.21       -0.53       0.6913      6.643
    5       -9.62       -0.33       0.6693      6.583
    6       -8.62       -0.58       0.5346      6.770
    7       -9.43       -0.73       0.5325      6.379
    8       -9.20        0.04       0.5166      6.455
    9       -8.50       -0.61       0.5143      6.287
