              _             
             (_)            
   __ _ _ __  _ _ __   __ _ 
  / _` | '_ \| | '_ \ / _` |
 | (_| | | | | | | | | (_| |
  \__, |_| |_|_|_| |_|\__,_|
   __/ |                    
  |___/                     

gnina v1.3 master:97fa6bc+   Built Oct  3 2024.
gnina is based on smina and AutoDock Vina.
Please cite appropriately.

Commandline: gnina --receptor Proteinas_preparadas/MAPK1.pdbqt --ligand Bases_conjuntas/Targets/EGFR_MAPK1/EGFR_MAPK1_975.pdbqt --autobox_ligand Compuestos_preparados/MAPK1.pdbqt --autobox_add 18 --exhaustiveness 16 --out docking/bases_conjuntas/EGFR_MAPK1_975_L_MAPK1.pdbqt --log docking/bases_conjuntas/EGFR_MAPK1_975_L_MAPK1.log
Using random seed: 738199872

mode |  affinity  |  intramol  |    CNN     |   CNN
     | (kcal/mol) | (kcal/mol) | pose score | affinity
-----+------------+------------+------------+----------
    1       -9.11       -0.87       0.5756      7.646
    2       -9.87       -0.75       0.5656      7.721
    3       -8.26       -0.89       0.5148      7.436
    4       -8.50        0.58       0.4802      6.920
    5       -9.81       -1.32       0.4439      7.229
    6       -7.75       -1.09       0.4290      7.359
    7       -9.93       -0.71       0.4165      7.245
    8       -8.29       -1.40       0.3911      7.482
    9       -8.93       -0.99       0.3473      7.105
