              _             
             (_)            
   __ _ _ __  _ _ __   __ _ 
  / _` | '_ \| | '_ \ / _` |
 | (_| | | | | | | | | (_| |
  \__, |_| |_|_|_| |_|\__,_|
   __/ |                    
  |___/                     

gnina v1.3 master:97fa6bc+   Built Oct  3 2024.
gnina is based on smina and AutoDock Vina.
Please cite appropriately.

Commandline: gnina --receptor Proteinas_preparadas/MAPK1.pdbqt --ligand Bases_conjuntas/Targets/EGFR_MAPK1/EGFR_MAPK1_795.pdbqt --autobox_ligand Compuestos_preparados/MAPK1.pdbqt --autobox_add 18 --exhaustiveness 16 --out docking/bases_conjuntas/EGFR_MAPK1_795_L_MAPK1.pdbqt --log docking/bases_conjuntas/EGFR_MAPK1_795_L_MAPK1.log
Using random seed: 1190349348

mode |  affinity  |  intramol  |    CNN     |   CNN
     | (kcal/mol) | (kcal/mol) | pose score | affinity
-----+------------+------------+------------+----------
    1       -8.72        1.74       0.6456      7.537
    2       -8.40       -1.26       0.6330      7.358
    3       -9.31       -0.53       0.5369      7.386
    4       -8.70        0.69       0.5044      7.186
    5       -7.57        0.90       0.4821      5.558
    6      -10.38        0.70       0.4735      7.249
    7       -7.86        0.39       0.4626      6.203
    8       -7.84       -0.10       0.4151      6.581
    9       -9.47        0.32       0.4046      7.015
