              _             
             (_)            
   __ _ _ __  _ _ __   __ _ 
  / _` | '_ \| | '_ \ / _` |
 | (_| | | | | | | | | (_| |
  \__, |_| |_|_|_| |_|\__,_|
   __/ |                    
  |___/                     

gnina v1.3 master:97fa6bc+   Built Oct  3 2024.
gnina is based on smina and AutoDock Vina.
Please cite appropriately.

Commandline: gnina --receptor Proteinas_preparadas/EGFR.pdbqt --ligand Bases_conjuntas/Targets/EGFR_MAPK1/EGFR_MAPK1_417.pdbqt --autobox_ligand Compuestos_preparados/EGFR.pdbqt --autobox_add 18 --exhaustiveness 16 --out docking/bases_conjuntas/EGFR_MAPK1_417_L_EGFR.pdbqt --log docking/bases_conjuntas/EGFR_MAPK1_417_L_EGFR.log
Using random seed: 1270303280

mode |  affinity  |  intramol  |    CNN     |   CNN
     | (kcal/mol) | (kcal/mol) | pose score | affinity
-----+------------+------------+------------+----------
    1       -8.36       -1.18       0.5406      6.901
    2       -6.97       -1.62       0.4471      6.731
    3       -8.30        0.56       0.3306      6.779
    4       -7.34       -1.50       0.3177      6.475
    5       -6.83       -1.18       0.2941      6.316
    6       -7.00       -1.21       0.2723      6.151
    7       -7.18       -0.82       0.2720      6.058
    8       -7.10       -0.57       0.2675      6.330
    9       -8.23       -1.26       0.2557      6.365
