              _             
             (_)            
   __ _ _ __  _ _ __   __ _ 
  / _` | '_ \| | '_ \ / _` |
 | (_| | | | | | | | | (_| |
  \__, |_| |_|_|_| |_|\__,_|
   __/ |                    
  |___/                     

gnina v1.3 master:97fa6bc+   Built Oct  3 2024.
gnina is based on smina and AutoDock Vina.
Please cite appropriately.

Commandline: gnina --receptor Proteinas_preparadas/EGFR.pdbqt --ligand Bases_conjuntas/Targets/EGFR_MAPK1/EGFR_MAPK1_396.pdbqt --autobox_ligand Compuestos_preparados/EGFR.pdbqt --autobox_add 18 --exhaustiveness 16 --out docking/bases_conjuntas/EGFR_MAPK1_396_L_EGFR.pdbqt --log docking/bases_conjuntas/EGFR_MAPK1_396_L_EGFR.log
Using random seed: 1777671320

mode |  affinity  |  intramol  |    CNN     |   CNN
     | (kcal/mol) | (kcal/mol) | pose score | affinity
-----+------------+------------+------------+----------
    1       -8.63       -0.83       0.6099      7.048
    2       -8.59       -0.82       0.5546      6.924
    3      -12.19        0.64       0.5264      7.586
    4       -7.96       -0.89       0.5152      6.937
    5       -7.75        0.07       0.4529      6.687
    6       -7.52        0.12       0.4408      6.182
    7       -7.73       -0.90       0.4121      6.062
    8      -10.69       -0.32       0.3980      7.214
    9       -8.65       -0.88       0.3605      6.722
