              _             
             (_)            
   __ _ _ __  _ _ __   __ _ 
  / _` | '_ \| | '_ \ / _` |
 | (_| | | | | | | | | (_| |
  \__, |_| |_|_|_| |_|\__,_|
   __/ |                    
  |___/                     

gnina v1.3 master:97fa6bc+   Built Oct  3 2024.
gnina is based on smina and AutoDock Vina.
Please cite appropriately.

Commandline: gnina --receptor Proteinas_preparadas/MAPK1.pdbqt --ligand Bases_conjuntas/Targets/EGFR_MAPK1/EGFR_MAPK1_362.pdbqt --autobox_ligand Compuestos_preparados/MAPK1.pdbqt --autobox_add 18 --exhaustiveness 16 --out docking/bases_conjuntas/EGFR_MAPK1_362_L_MAPK1.pdbqt --log docking/bases_conjuntas/EGFR_MAPK1_362_L_MAPK1.log
Using random seed: 925694860

mode |  affinity  |  intramol  |    CNN     |   CNN
     | (kcal/mol) | (kcal/mol) | pose score | affinity
-----+------------+------------+------------+----------
    1       -7.12       -1.32       0.6486      6.677
    2       -7.11       -1.88       0.5170      7.256
    3       -6.95       -0.47       0.4419      6.683
    4       -6.86       -1.81       0.4316      6.619
    5       -7.96       -1.54       0.3796      6.432
    6       -6.80       -1.40       0.3748      6.637
    7       -7.59       -1.47       0.2435      5.696
    8       -7.99       -1.28       0.2340      6.509
    9       -6.94       -2.27       0.2339      6.675
