              _             
             (_)            
   __ _ _ __  _ _ __   __ _ 
  / _` | '_ \| | '_ \ / _` |
 | (_| | | | | | | | | (_| |
  \__, |_| |_|_|_| |_|\__,_|
   __/ |                    
  |___/                     

gnina v1.3 master:97fa6bc+   Built Oct  3 2024.
gnina is based on smina and AutoDock Vina.
Please cite appropriately.

Commandline: gnina --receptor Proteinas_preparadas/MAPK1.pdbqt --ligand Bases_conjuntas/Targets/EGFR_MAPK1/EGFR_MAPK1_973.pdbqt --autobox_ligand Compuestos_preparados/MAPK1.pdbqt --autobox_add 18 --exhaustiveness 16 --out docking/bases_conjuntas/EGFR_MAPK1_973_L_MAPK1.pdbqt --log docking/bases_conjuntas/EGFR_MAPK1_973_L_MAPK1.log
Using random seed: -2096371640

mode |  affinity  |  intramol  |    CNN     |   CNN
     | (kcal/mol) | (kcal/mol) | pose score | affinity
-----+------------+------------+------------+----------
    1       -8.82       -0.36       0.6773      6.637
    2       -7.21        0.57       0.6351      6.617
    3       -9.96       -0.49       0.5864      7.091
    4       -8.43       -0.11       0.4551      7.030
    5       -7.70        0.01       0.4241      6.370
    6       -7.51       -0.25       0.3844      5.532
    7       -8.52        1.08       0.3394      6.505
    8       -9.64        1.43       0.3252      6.833
    9       -7.88       -0.01       0.3084      6.905
