              _             
             (_)            
   __ _ _ __  _ _ __   __ _ 
  / _` | '_ \| | '_ \ / _` |
 | (_| | | | | | | | | (_| |
  \__, |_| |_|_|_| |_|\__,_|
   __/ |                    
  |___/                     

gnina v1.3 master:97fa6bc+   Built Oct  3 2024.
gnina is based on smina and AutoDock Vina.
Please cite appropriately.

Commandline: gnina --receptor Proteinas_preparadas/EGFR.pdbqt --ligand Bases_conjuntas/Targets/EGFR_MAPK1/EGFR_MAPK1_906.pdbqt --autobox_ligand Compuestos_preparados/EGFR.pdbqt --autobox_add 18 --exhaustiveness 16 --out docking/bases_conjuntas/EGFR_MAPK1_906_L_EGFR.pdbqt --log docking/bases_conjuntas/EGFR_MAPK1_906_L_EGFR.log
Using random seed: -1501661103

mode |  affinity  |  intramol  |    CNN     |   CNN
     | (kcal/mol) | (kcal/mol) | pose score | affinity
-----+------------+------------+------------+----------
    1       -7.40       -0.96       0.5924      7.297
    2       -7.39       -0.80       0.3997      7.089
    3       -7.31       -1.94       0.2042      6.621
    4       -8.22       -0.90       0.1753      6.844
    5       -8.99       -1.67       0.1715      6.311
    6       -9.15       -1.52       0.1697      6.694
    7       -7.40       -2.02       0.1656      6.375
    8       -8.18       -2.06       0.1584      6.470
    9       -7.36       -1.20       0.1584      6.183
