              _             
             (_)            
   __ _ _ __  _ _ __   __ _ 
  / _` | '_ \| | '_ \ / _` |
 | (_| | | | | | | | | (_| |
  \__, |_| |_|_|_| |_|\__,_|
   __/ |                    
  |___/                     

gnina v1.3 master:97fa6bc+   Built Oct  3 2024.
gnina is based on smina and AutoDock Vina.
Please cite appropriately.

Commandline: gnina --receptor Proteinas_preparadas/MAPK1.pdbqt --ligand Bases_conjuntas/Targets/EGFR_MAPK1/EGFR_MAPK1_585.pdbqt --autobox_ligand Compuestos_preparados/MAPK1.pdbqt --autobox_add 18 --exhaustiveness 16 --out docking/bases_conjuntas/EGFR_MAPK1_585_L_MAPK1.pdbqt --log docking/bases_conjuntas/EGFR_MAPK1_585_L_MAPK1.log
Using random seed: 248887014

mode |  affinity  |  intramol  |    CNN     |   CNN
     | (kcal/mol) | (kcal/mol) | pose score | affinity
-----+------------+------------+------------+----------
    1       -7.12       -0.72       0.6067      5.587
    2       -8.76       -0.37       0.5084      6.418
    3       -9.30       -0.81       0.4013      6.981
    4       -6.90       -0.21       0.3945      5.912
    5       -7.86       -0.61       0.3567      6.301
    6       -9.56       -0.50       0.2867      6.637
    7       -7.38       -0.02       0.2721      6.570
    8       -7.56       -0.86       0.2708      6.769
    9       -8.55       -0.78       0.2529      6.679
