              _             
             (_)            
   __ _ _ __  _ _ __   __ _ 
  / _` | '_ \| | '_ \ / _` |
 | (_| | | | | | | | | (_| |
  \__, |_| |_|_|_| |_|\__,_|
   __/ |                    
  |___/                     

gnina v1.3 master:97fa6bc+   Built Oct  3 2024.
gnina is based on smina and AutoDock Vina.
Please cite appropriately.

Commandline: gnina --receptor Proteinas_preparadas/MAPK1.pdbqt --ligand Bases_conjuntas/Targets/EGFR_MAPK1/EGFR_MAPK1_476.pdbqt --autobox_ligand Compuestos_preparados/MAPK1.pdbqt --autobox_add 18 --exhaustiveness 16 --cnn_scoring none --out docking/bases_conjuntas/EGFR_MAPK1_476_L_MAPK1.pdbqt --log docking/bases_conjuntas/EGFR_MAPK1_476_L_MAPK1.log
Using random seed: 1509512077

mode |  affinity  |  intramol  |    CNN     |   CNN
     | (kcal/mol) | (kcal/mol) | pose score | affinity
-----+------------+------------+------------+----------
    1       -9.77        0.12      -1.0000      0.000
    2       -9.22        0.10      -1.0000      0.000
    3       -9.16        1.09      -1.0000      0.000
    4       -8.95        0.43      -1.0000      0.000
    5       -8.94       -0.14      -1.0000      0.000
    6       -8.76        0.62      -1.0000      0.000
    7       -8.73        0.18      -1.0000      0.000
    8       -8.48       -0.10      -1.0000      0.000
    9       -8.42       -0.73      -1.0000      0.000
