              _             
             (_)            
   __ _ _ __  _ _ __   __ _ 
  / _` | '_ \| | '_ \ / _` |
 | (_| | | | | | | | | (_| |
  \__, |_| |_|_|_| |_|\__,_|
   __/ |                    
  |___/                     

gnina v1.3 master:97fa6bc+   Built Oct  3 2024.
gnina is based on smina and AutoDock Vina.
Please cite appropriately.

Commandline: gnina --receptor Proteinas_preparadas/MAPK1.pdbqt --ligand Bases_conjuntas/Targets/EGFR_MAPK1/EGFR_MAPK1_1127.pdbqt --autobox_ligand Compuestos_preparados/MAPK1.pdbqt --autobox_add 18 --exhaustiveness 16 --out docking/bases_conjuntas/EGFR_MAPK1_1127_L_MAPK1.pdbqt --log docking/bases_conjuntas/EGFR_MAPK1_1127_L_MAPK1.log
Using random seed: 420331073

mode |  affinity  |  intramol  |    CNN     |   CNN
     | (kcal/mol) | (kcal/mol) | pose score | affinity
-----+------------+------------+------------+----------
    1       -7.24       -0.18       0.1490      6.439
    2       -7.58        1.16       0.1362      6.455
    3       -7.47        0.58       0.1123      7.078
    4       -8.39        1.30       0.1103      6.166
    5       -7.67       -0.82       0.1066      7.041
    6       -8.83        1.54       0.1040      6.793
    7       -8.46        1.17       0.0996      5.866
    8       -7.57        0.09       0.0988      6.214
    9       -8.08       -0.70       0.0953      6.585
