              _             
             (_)            
   __ _ _ __  _ _ __   __ _ 
  / _` | '_ \| | '_ \ / _` |
 | (_| | | | | | | | | (_| |
  \__, |_| |_|_|_| |_|\__,_|
   __/ |                    
  |___/                     

gnina v1.3 master:97fa6bc+   Built Oct  3 2024.
gnina is based on smina and AutoDock Vina.
Please cite appropriately.

Commandline: gnina --receptor Proteinas_preparadas/MAPK1.pdbqt --ligand Bases_conjuntas/Targets/EGFR_MAPK1/EGFR_MAPK1_672.pdbqt --autobox_ligand Compuestos_preparados/MAPK1.pdbqt --autobox_add 18 --exhaustiveness 16 --out docking/bases_conjuntas/EGFR_MAPK1_672_L_MAPK1.pdbqt --log docking/bases_conjuntas/EGFR_MAPK1_672_L_MAPK1.log
Using random seed: -2094329979

mode |  affinity  |  intramol  |    CNN     |   CNN
     | (kcal/mol) | (kcal/mol) | pose score | affinity
-----+------------+------------+------------+----------
    1       -8.43       -0.71       0.7314      7.416
    2       -8.50       -1.00       0.7010      7.023
    3      -10.73       -1.21       0.6647      7.384
    4       -9.25       -0.32       0.6055      7.164
    5      -10.24       -0.47       0.5657      7.115
    6       -9.94       -0.94       0.5027      7.159
    7       -9.73       -0.35       0.4748      7.274
    8       -9.22        0.12       0.4620      6.964
    9       -8.38       -0.45       0.4213      7.274
