              _             
             (_)            
   __ _ _ __  _ _ __   __ _ 
  / _` | '_ \| | '_ \ / _` |
 | (_| | | | | | | | | (_| |
  \__, |_| |_|_|_| |_|\__,_|
   __/ |                    
  |___/                     

gnina v1.3 master:97fa6bc+   Built Oct  3 2024.
gnina is based on smina and AutoDock Vina.
Please cite appropriately.

Commandline: gnina --receptor Proteinas_preparadas/MAPK1.pdbqt --ligand Bases_conjuntas/Targets/EGFR_MAPK1/EGFR_MAPK1_1076.pdbqt --autobox_ligand Compuestos_preparados/MAPK1.pdbqt --autobox_add 18 --exhaustiveness 16 --out docking/bases_conjuntas/EGFR_MAPK1_1076_L_MAPK1.pdbqt --log docking/bases_conjuntas/EGFR_MAPK1_1076_L_MAPK1.log
Using random seed: 1983644878

mode |  affinity  |  intramol  |    CNN     |   CNN
     | (kcal/mol) | (kcal/mol) | pose score | affinity
-----+------------+------------+------------+----------
    1       -7.99       -0.70       0.5227      6.642
    2       -6.84       -0.55       0.5001      6.470
    3       -7.44        0.44       0.4823      6.823
    4       -8.41        0.39       0.4809      6.773
    5       -7.27       -0.05       0.4498      6.200
    6       -7.03       -1.03       0.3815      6.232
    7       -6.88       -0.80       0.3667      5.643
    8       -6.57       -0.71       0.3551      5.769
    9       -8.25        1.00       0.3550      6.630
