              _             
             (_)            
   __ _ _ __  _ _ __   __ _ 
  / _` | '_ \| | '_ \ / _` |
 | (_| | | | | | | | | (_| |
  \__, |_| |_|_|_| |_|\__,_|
   __/ |                    
  |___/                     

gnina v1.3 master:97fa6bc+   Built Oct  3 2024.
gnina is based on smina and AutoDock Vina.
Please cite appropriately.

Commandline: gnina --receptor Proteinas_preparadas/EGFR.pdbqt --ligand Bases_conjuntas/Targets/EGFR_MAPK1/EGFR_MAPK1_31.pdbqt --autobox_ligand Compuestos_preparados/EGFR.pdbqt --autobox_add 18 --exhaustiveness 16 --cnn_scoring none --out docking/bases_conjuntas/EGFR_MAPK1_31_L_EGFR.pdbqt --log docking/bases_conjuntas/EGFR_MAPK1_31_L_EGFR.log
Using random seed: 1305042656

mode |  affinity  |  intramol  |    CNN     |   CNN
     | (kcal/mol) | (kcal/mol) | pose score | affinity
-----+------------+------------+------------+----------
    1       -9.32       -1.28      -1.0000      0.000
    2       -9.29       -1.10      -1.0000      0.000
    3       -9.27       -1.64      -1.0000      0.000
    4       -9.19       -1.85      -1.0000      0.000
    5       -9.10       -1.48      -1.0000      0.000
    6       -8.75       -1.85      -1.0000      0.000
    7       -8.74       -1.15      -1.0000      0.000
    8       -8.60       -2.93      -1.0000      0.000
    9       -8.55       -2.06      -1.0000      0.000
