              _             
             (_)            
   __ _ _ __  _ _ __   __ _ 
  / _` | '_ \| | '_ \ / _` |
 | (_| | | | | | | | | (_| |
  \__, |_| |_|_|_| |_|\__,_|
   __/ |                    
  |___/                     

gnina v1.3 master:97fa6bc+   Built Oct  3 2024.
gnina is based on smina and AutoDock Vina.
Please cite appropriately.

Commandline: gnina --receptor Proteinas_preparadas/EGFR.pdbqt --ligand Bases_conjuntas/Targets/EGFR_MAPK1/EGFR_MAPK1_1125.pdbqt --autobox_ligand Compuestos_preparados/EGFR.pdbqt --autobox_add 18 --exhaustiveness 16 --out docking/bases_conjuntas/EGFR_MAPK1_1125_L_EGFR.pdbqt --log docking/bases_conjuntas/EGFR_MAPK1_1125_L_EGFR.log
Using random seed: -742292848

mode |  affinity  |  intramol  |    CNN     |   CNN
     | (kcal/mol) | (kcal/mol) | pose score | affinity
-----+------------+------------+------------+----------
    1       -7.43       -1.21       0.8199      7.419
    2       -8.47       -0.67       0.7150      7.590
    3       -8.29       -1.60       0.6403      8.142
    4       -8.79       -0.01       0.6323      7.446
    5       -7.52       -1.16       0.6175      7.014
    6       -8.68       -2.08       0.4873      7.259
    7       -8.47       -0.06       0.4498      7.672
    8       -8.58       -0.39       0.4241      7.351
    9       -7.42       -0.90       0.4223      6.758
