              _             
             (_)            
   __ _ _ __  _ _ __   __ _ 
  / _` | '_ \| | '_ \ / _` |
 | (_| | | | | | | | | (_| |
  \__, |_| |_|_|_| |_|\__,_|
   __/ |                    
  |___/                     

gnina v1.3 master:97fa6bc+   Built Oct  3 2024.
gnina is based on smina and AutoDock Vina.
Please cite appropriately.

Commandline: gnina --receptor Proteinas_preparadas/MAPK1.pdbqt --ligand Bases_conjuntas/Targets/EGFR_MAPK1/EGFR_MAPK1_708.pdbqt --autobox_ligand Compuestos_preparados/MAPK1.pdbqt --autobox_add 18 --exhaustiveness 16 --out docking/bases_conjuntas/EGFR_MAPK1_708_L_MAPK1.pdbqt --log docking/bases_conjuntas/EGFR_MAPK1_708_L_MAPK1.log
Using random seed: 1469196992

mode |  affinity  |  intramol  |    CNN     |   CNN
     | (kcal/mol) | (kcal/mol) | pose score | affinity
-----+------------+------------+------------+----------
    1       -6.75       -0.00       0.7924      6.602
    2       -8.27       -0.73       0.6224      6.535
    3       -7.90       -0.19       0.6154      6.607
    4       -9.65       -0.69       0.6138      7.093
    5       -8.04       -0.04       0.5982      6.598
    6       -9.19        0.30       0.5767      6.756
    7       -7.72        0.18       0.5680      6.380
    8       -9.27       -0.21       0.5427      6.505
    9       -6.37       -0.81       0.5280      5.438
