              _             
             (_)            
   __ _ _ __  _ _ __   __ _ 
  / _` | '_ \| | '_ \ / _` |
 | (_| | | | | | | | | (_| |
  \__, |_| |_|_|_| |_|\__,_|
   __/ |                    
  |___/                     

gnina v1.3 master:97fa6bc+   Built Oct  3 2024.
gnina is based on smina and AutoDock Vina.
Please cite appropriately.

Commandline: gnina --receptor Proteinas_preparadas/EGFR.pdbqt --ligand Bases_conjuntas/Targets/EGFR_MAPK1/EGFR_MAPK1_1093.pdbqt --autobox_ligand Compuestos_preparados/EGFR.pdbqt --autobox_add 18 --exhaustiveness 16 --out docking/bases_conjuntas/EGFR_MAPK1_1093_L_EGFR.pdbqt --log docking/bases_conjuntas/EGFR_MAPK1_1093_L_EGFR.log
Using random seed: 182469755

mode |  affinity  |  intramol  |    CNN     |   CNN
     | (kcal/mol) | (kcal/mol) | pose score | affinity
-----+------------+------------+------------+----------
    1       -8.88        1.55       0.6522      7.202
    2       -9.43        0.24       0.6169      7.615
    3       -8.92        0.04       0.4440      7.480
    4       -8.79        0.86       0.4098      6.620
    5       -9.20       -1.29       0.3568      6.510
    6       -8.76        0.15       0.3453      6.716
    7       -9.23        0.38       0.3428      7.028
    8       -8.91       -0.67       0.3286      6.558
    9      -10.16       -0.36       0.3145      7.030
