              _             
             (_)            
   __ _ _ __  _ _ __   __ _ 
  / _` | '_ \| | '_ \ / _` |
 | (_| | | | | | | | | (_| |
  \__, |_| |_|_|_| |_|\__,_|
   __/ |                    
  |___/                     

gnina v1.3 master:97fa6bc+   Built Oct  3 2024.
gnina is based on smina and AutoDock Vina.
Please cite appropriately.

Commandline: gnina --receptor Proteinas_preparadas/MAPK1.pdbqt --ligand Bases_conjuntas/Targets/EGFR_MAPK1/EGFR_MAPK1_54.pdbqt --autobox_ligand Compuestos_preparados/MAPK1.pdbqt --autobox_add 18 --exhaustiveness 16 --out docking/bases_conjuntas/EGFR_MAPK1_54_L_MAPK1.pdbqt --log docking/bases_conjuntas/EGFR_MAPK1_54_L_MAPK1.log
Using random seed: -1255374895

mode |  affinity  |  intramol  |    CNN     |   CNN
     | (kcal/mol) | (kcal/mol) | pose score | affinity
-----+------------+------------+------------+----------
    1       -9.06       -1.46       0.6694      7.732
    2       -8.31       -0.81       0.5675      7.813
    3       -8.92       -0.71       0.5534      7.735
    4       -9.34        0.84       0.5405      7.741
    5       -8.46       -0.01       0.5277      7.020
    6       -7.97       -0.67       0.5206      7.063
    7       -8.89       -1.87       0.4899      7.652
    8       -8.52       -1.30       0.4560      7.440
    9       -8.57       -1.97       0.4523      7.601
