              _             
             (_)            
   __ _ _ __  _ _ __   __ _ 
  / _` | '_ \| | '_ \ / _` |
 | (_| | | | | | | | | (_| |
  \__, |_| |_|_|_| |_|\__,_|
   __/ |                    
  |___/                     

gnina v1.3 master:97fa6bc+   Built Oct  3 2024.
gnina is based on smina and AutoDock Vina.
Please cite appropriately.

Commandline: gnina --receptor Proteinas_preparadas/MAPK1.pdbqt --ligand Bases_conjuntas/Targets/EGFR_MAPK1/EGFR_MAPK1_514.pdbqt --autobox_ligand Compuestos_preparados/MAPK1.pdbqt --autobox_add 18 --exhaustiveness 16 --out docking/bases_conjuntas/EGFR_MAPK1_514_L_MAPK1.pdbqt --log docking/bases_conjuntas/EGFR_MAPK1_514_L_MAPK1.log
Using random seed: -17465201

mode |  affinity  |  intramol  |    CNN     |   CNN
     | (kcal/mol) | (kcal/mol) | pose score | affinity
-----+------------+------------+------------+----------
    1       -5.80       -1.88       0.5982      6.195
    2       -6.03       -0.31       0.5801      6.622
    3       -6.41       -1.70       0.4083      6.168
    4       -5.81       -1.24       0.3917      5.527
    5       -6.77       -1.15       0.3710      5.411
    6       -5.92        0.89       0.3599      5.661
    7       -5.85       -0.30       0.3592      5.647
    8       -6.55       -1.72       0.3362      5.678
    9       -6.20       -1.26       0.3314      5.583
