              _             
             (_)            
   __ _ _ __  _ _ __   __ _ 
  / _` | '_ \| | '_ \ / _` |
 | (_| | | | | | | | | (_| |
  \__, |_| |_|_|_| |_|\__,_|
   __/ |                    
  |___/                     

gnina v1.3 master:97fa6bc+   Built Oct  3 2024.
gnina is based on smina and AutoDock Vina.
Please cite appropriately.

Commandline: gnina --receptor Proteinas_preparadas/MAPK1.pdbqt --ligand Bases_conjuntas/Targets/EGFR_MAPK1/EGFR_MAPK1_962.pdbqt --autobox_ligand Compuestos_preparados/MAPK1.pdbqt --autobox_add 18 --exhaustiveness 16 --out docking/bases_conjuntas/EGFR_MAPK1_962_L_MAPK1.pdbqt --log docking/bases_conjuntas/EGFR_MAPK1_962_L_MAPK1.log
Using random seed: -845895506

mode |  affinity  |  intramol  |    CNN     |   CNN
     | (kcal/mol) | (kcal/mol) | pose score | affinity
-----+------------+------------+------------+----------
    1       -7.97       -0.38       0.6071      5.496
    2       -5.98        0.85       0.5886      4.722
    3       -6.65       -0.54       0.5358      5.006
    4       -7.97        1.12       0.4708      4.772
    5       -6.03       -1.07       0.4533      4.140
    6       -6.56       -0.51       0.4494      4.429
    7       -6.33       -1.08       0.4387      4.539
    8       -6.41       -0.63       0.4358      3.850
    9       -6.74        0.31       0.4309      4.417
