              _             
             (_)            
   __ _ _ __  _ _ __   __ _ 
  / _` | '_ \| | '_ \ / _` |
 | (_| | | | | | | | | (_| |
  \__, |_| |_|_|_| |_|\__,_|
   __/ |                    
  |___/                     

gnina v1.3 master:97fa6bc+   Built Oct  3 2024.
gnina is based on smina and AutoDock Vina.
Please cite appropriately.

Commandline: gnina --receptor Proteinas_preparadas/EGFR.pdbqt --ligand Bases_conjuntas/Targets/EGFR_MAPK1/EGFR_MAPK1_628.pdbqt --autobox_ligand Compuestos_preparados/EGFR.pdbqt --autobox_add 18 --exhaustiveness 16 --out docking/bases_conjuntas/EGFR_MAPK1_628_L_EGFR.pdbqt --log docking/bases_conjuntas/EGFR_MAPK1_628_L_EGFR.log
Using random seed: 1695780504

mode |  affinity  |  intramol  |    CNN     |   CNN
     | (kcal/mol) | (kcal/mol) | pose score | affinity
-----+------------+------------+------------+----------
    1       -8.82        1.18       0.8327      6.796
    2       -7.47        0.38       0.6895      6.306
    3       -7.32        0.46       0.6538      6.217
    4       -7.01        0.13       0.6240      6.406
    5       -7.04        0.79       0.5850      6.430
    6       -8.88        0.59       0.5841      6.496
    7       -6.77        0.10       0.5324      5.898
    8       -7.48        0.02       0.5225      6.737
    9       -9.56        0.48       0.5010      6.414
