              _             
             (_)            
   __ _ _ __  _ _ __   __ _ 
  / _` | '_ \| | '_ \ / _` |
 | (_| | | | | | | | | (_| |
  \__, |_| |_|_|_| |_|\__,_|
   __/ |                    
  |___/                     

gnina v1.3 master:97fa6bc+   Built Oct  3 2024.
gnina is based on smina and AutoDock Vina.
Please cite appropriately.

Commandline: gnina --receptor Proteinas_preparadas/MAPK1.pdbqt --ligand Bases_conjuntas/Targets/EGFR_MAPK1/EGFR_MAPK1_1043.pdbqt --autobox_ligand Compuestos_preparados/MAPK1.pdbqt --autobox_add 18 --exhaustiveness 16 --out docking/bases_conjuntas/EGFR_MAPK1_1043_L_MAPK1.pdbqt --log docking/bases_conjuntas/EGFR_MAPK1_1043_L_MAPK1.log
Using random seed: 1943264230

mode |  affinity  |  intramol  |    CNN     |   CNN
     | (kcal/mol) | (kcal/mol) | pose score | affinity
-----+------------+------------+------------+----------
    1       -7.71       -0.81       0.5838      7.802
    2       -7.44       -0.20       0.5585      7.522
    3       -8.92       -1.43       0.5418      7.483
    4       -7.34       -1.06       0.4848      7.802
    5       -7.15       -0.11       0.4400      6.798
    6       -8.57       -1.47       0.3066      6.844
    7       -7.67       -1.44       0.2530      6.065
    8       -7.87       -0.65       0.2379      6.695
    9       -8.47       -0.31       0.2247      6.676
