              _             
             (_)            
   __ _ _ __  _ _ __   __ _ 
  / _` | '_ \| | '_ \ / _` |
 | (_| | | | | | | | | (_| |
  \__, |_| |_|_|_| |_|\__,_|
   __/ |                    
  |___/                     

gnina v1.3 master:97fa6bc+   Built Oct  3 2024.
gnina is based on smina and AutoDock Vina.
Please cite appropriately.

Commandline: gnina --receptor Proteinas_preparadas/MAPK1.pdbqt --ligand Bases_conjuntas/Targets/EGFR_MAPK1/EGFR_MAPK1_552.pdbqt --autobox_ligand Compuestos_preparados/MAPK1.pdbqt --autobox_add 18 --exhaustiveness 16 --out docking/bases_conjuntas/EGFR_MAPK1_552_L_MAPK1.pdbqt --log docking/bases_conjuntas/EGFR_MAPK1_552_L_MAPK1.log
Using random seed: -992217560

mode |  affinity  |  intramol  |    CNN     |   CNN
     | (kcal/mol) | (kcal/mol) | pose score | affinity
-----+------------+------------+------------+----------
    1       -9.46        1.00       0.4840      7.414
    2       -9.13       -0.48       0.4705      7.556
    3       -9.67        1.68       0.4465      7.482
    4       -7.41       -0.76       0.3337      6.546
    5       -7.19       -0.91       0.2666      5.842
    6       -8.45       -0.45       0.2311      6.597
    7       -7.96       -0.94       0.2284      6.517
    8       -7.32       -0.23       0.2001      6.799
    9       -7.44        0.36       0.1881      5.746
