              _             
             (_)            
   __ _ _ __  _ _ __   __ _ 
  / _` | '_ \| | '_ \ / _` |
 | (_| | | | | | | | | (_| |
  \__, |_| |_|_|_| |_|\__,_|
   __/ |                    
  |___/                     

gnina v1.3 master:97fa6bc+   Built Oct  3 2024.
gnina is based on smina and AutoDock Vina.
Please cite appropriately.

Commandline: gnina --receptor Proteinas_preparadas/EGFR.pdbqt --ligand Bases_conjuntas/Targets/EGFR_MAPK1/EGFR_MAPK1_54.pdbqt --autobox_ligand Compuestos_preparados/EGFR.pdbqt --autobox_add 18 --exhaustiveness 16 --out docking/bases_conjuntas/EGFR_MAPK1_54_L_EGFR.pdbqt --log docking/bases_conjuntas/EGFR_MAPK1_54_L_EGFR.log
Using random seed: 208150292

mode |  affinity  |  intramol  |    CNN     |   CNN
     | (kcal/mol) | (kcal/mol) | pose score | affinity
-----+------------+------------+------------+----------
    1       -9.29       -0.24       0.7414      6.754
    2       -8.88       -0.39       0.7113      7.050
    3       -9.91        0.13       0.6576      6.768
    4       -8.48       -0.49       0.5773      7.608
    5       -8.12       -0.65       0.5348      6.128
    6       -8.51       -0.88       0.4915      6.978
    7       -8.70       -0.71       0.4864      6.751
    8      -10.20       -1.31       0.4502      7.279
    9      -10.19       -0.51       0.4296      7.618
