              _             
             (_)            
   __ _ _ __  _ _ __   __ _ 
  / _` | '_ \| | '_ \ / _` |
 | (_| | | | | | | | | (_| |
  \__, |_| |_|_|_| |_|\__,_|
   __/ |                    
  |___/                     

gnina v1.3 master:97fa6bc+   Built Oct  3 2024.
gnina is based on smina and AutoDock Vina.
Please cite appropriately.

Commandline: gnina --receptor Proteinas_preparadas/MAPK1.pdbqt --ligand Bases_conjuntas/Targets/EGFR_MAPK1/EGFR_MAPK1_553.pdbqt --autobox_ligand Compuestos_preparados/MAPK1.pdbqt --autobox_add 18 --exhaustiveness 16 --out docking/bases_conjuntas/EGFR_MAPK1_553_L_MAPK1.pdbqt --log docking/bases_conjuntas/EGFR_MAPK1_553_L_MAPK1.log
Using random seed: -1855810099

mode |  affinity  |  intramol  |    CNN     |   CNN
     | (kcal/mol) | (kcal/mol) | pose score | affinity
-----+------------+------------+------------+----------
    1       -6.17       -0.08       0.3113      5.557
    2       -5.55        0.13       0.2697      5.743
    3       -5.48        0.56       0.2583      5.998
    4       -5.84        0.26       0.2434      4.972
    5       -5.76       -0.89       0.2241      5.501
    6       -5.56       -1.54       0.2149      5.503
    7       -6.44       -1.04       0.2096      5.671
    8       -5.57       -1.42       0.2075      5.293
    9       -5.49       -1.32       0.2035      4.866
