              _             
             (_)            
   __ _ _ __  _ _ __   __ _ 
  / _` | '_ \| | '_ \ / _` |
 | (_| | | | | | | | | (_| |
  \__, |_| |_|_|_| |_|\__,_|
   __/ |                    
  |___/                     

gnina v1.3 master:97fa6bc+   Built Oct  3 2024.
gnina is based on smina and AutoDock Vina.
Please cite appropriately.

Commandline: gnina --receptor Proteinas_preparadas/EGFR.pdbqt --ligand Bases_conjuntas/Targets/EGFR_MAPK1/EGFR_MAPK1_229.pdbqt --autobox_ligand Compuestos_preparados/EGFR.pdbqt --autobox_add 18 --exhaustiveness 16 --cnn_scoring none --out docking/bases_conjuntas/EGFR_MAPK1_229_L_EGFR.pdbqt --log docking/bases_conjuntas/EGFR_MAPK1_229_L_EGFR.log
Using random seed: 484774511

mode |  affinity  |  intramol  |    CNN     |   CNN
     | (kcal/mol) | (kcal/mol) | pose score | affinity
-----+------------+------------+------------+----------
    1      -10.08       -0.53      -1.0000      0.000
    2       -9.61       -0.29      -1.0000      0.000
    3       -9.55       -0.54      -1.0000      0.000
    4       -9.54       -0.49      -1.0000      0.000
    5       -9.53       -0.36      -1.0000      0.000
    6       -9.33       -0.86      -1.0000      0.000
    7       -9.20        1.17      -1.0000      0.000
    8       -8.91       -1.02      -1.0000      0.000
    9       -8.87       -0.84      -1.0000      0.000
