              _             
             (_)            
   __ _ _ __  _ _ __   __ _ 
  / _` | '_ \| | '_ \ / _` |
 | (_| | | | | | | | | (_| |
  \__, |_| |_|_|_| |_|\__,_|
   __/ |                    
  |___/                     

gnina v1.3 master:97fa6bc+   Built Oct  3 2024.
gnina is based on smina and AutoDock Vina.
Please cite appropriately.

Commandline: gnina --receptor Proteinas_preparadas/MAPK1.pdbqt --ligand Bases_conjuntas/Targets/EGFR_MAPK1/EGFR_MAPK1_379.pdbqt --autobox_ligand Compuestos_preparados/MAPK1.pdbqt --autobox_add 18 --exhaustiveness 16 --cnn_scoring none --out docking/bases_conjuntas/EGFR_MAPK1_379_L_MAPK1.pdbqt --log docking/bases_conjuntas/EGFR_MAPK1_379_L_MAPK1.log
Using random seed: 736510128

mode |  affinity  |  intramol  |    CNN     |   CNN
     | (kcal/mol) | (kcal/mol) | pose score | affinity
-----+------------+------------+------------+----------
    1       -9.57        0.91      -1.0000      0.000
    2       -9.34       -0.60      -1.0000      0.000
    3       -9.32       -0.52      -1.0000      0.000
    4       -9.32       -0.43      -1.0000      0.000
    5       -9.20       -0.70      -1.0000      0.000
    6       -9.00       -0.16      -1.0000      0.000
    7       -8.97        0.39      -1.0000      0.000
    8       -8.87       -0.30      -1.0000      0.000
    9       -8.81        1.69      -1.0000      0.000
