              _             
             (_)            
   __ _ _ __  _ _ __   __ _ 
  / _` | '_ \| | '_ \ / _` |
 | (_| | | | | | | | | (_| |
  \__, |_| |_|_|_| |_|\__,_|
   __/ |                    
  |___/                     

gnina v1.3 master:97fa6bc+   Built Oct  3 2024.
gnina is based on smina and AutoDock Vina.
Please cite appropriately.

Commandline: gnina --receptor Proteinas_preparadas/EGFR.pdbqt --ligand Bases_conjuntas/Targets/EGFR_MAPK1/EGFR_MAPK1_840.pdbqt --autobox_ligand Compuestos_preparados/EGFR.pdbqt --autobox_add 18 --exhaustiveness 16 --out docking/bases_conjuntas/EGFR_MAPK1_840_L_EGFR.pdbqt --log docking/bases_conjuntas/EGFR_MAPK1_840_L_EGFR.log
Using random seed: 1476006051

mode |  affinity  |  intramol  |    CNN     |   CNN
     | (kcal/mol) | (kcal/mol) | pose score | affinity
-----+------------+------------+------------+----------
    1       -6.67       -2.03       0.5956      6.962
    2       -6.49       -2.23       0.3914      6.122
    3       -6.40       -1.69       0.3793      6.116
    4       -6.40       -0.93       0.3690      5.951
    5       -7.60       -1.55       0.3518      5.990
    6       -7.22       -0.18       0.3505      6.566
    7       -6.49       -1.18       0.2898      5.789
    8       -7.82       -1.50       0.2868      5.800
    9       -7.11        2.02       0.2855      5.773
