              _             
             (_)            
   __ _ _ __  _ _ __   __ _ 
  / _` | '_ \| | '_ \ / _` |
 | (_| | | | | | | | | (_| |
  \__, |_| |_|_|_| |_|\__,_|
   __/ |                    
  |___/                     

gnina v1.3 master:97fa6bc+   Built Oct  3 2024.
gnina is based on smina and AutoDock Vina.
Please cite appropriately.

Commandline: gnina --receptor Proteinas_preparadas/MAPK1.pdbqt --ligand Bases_conjuntas/Targets/EGFR_MAPK1/EGFR_MAPK1_629.pdbqt --autobox_ligand Compuestos_preparados/MAPK1.pdbqt --autobox_add 18 --exhaustiveness 16 --out docking/bases_conjuntas/EGFR_MAPK1_629_L_MAPK1.pdbqt --log docking/bases_conjuntas/EGFR_MAPK1_629_L_MAPK1.log
Using random seed: 2009576985

mode |  affinity  |  intramol  |    CNN     |   CNN
     | (kcal/mol) | (kcal/mol) | pose score | affinity
-----+------------+------------+------------+----------
    1       -8.68       -0.33       0.5483      6.493
    2       -9.45        0.53       0.4216      7.137
    3       -7.00       -0.34       0.4206      6.400
    4       -7.60        1.51       0.4145      6.967
    5       -7.08       -0.43       0.3959      5.932
    6       -8.48       -0.52       0.3714      5.766
    7       -6.88        0.88       0.3347      5.412
    8       -7.28        0.36       0.3212      5.614
    9       -8.49        0.06       0.2851      6.969
