              _             
             (_)            
   __ _ _ __  _ _ __   __ _ 
  / _` | '_ \| | '_ \ / _` |
 | (_| | | | | | | | | (_| |
  \__, |_| |_|_|_| |_|\__,_|
   __/ |                    
  |___/                     

gnina v1.3 master:97fa6bc+   Built Oct  3 2024.
gnina is based on smina and AutoDock Vina.
Please cite appropriately.

Commandline: gnina --receptor Proteinas_preparadas/EGFR.pdbqt --ligand Bases_conjuntas/Targets/EGFR_MAPK1/EGFR_MAPK1_266.pdbqt --autobox_ligand Compuestos_preparados/EGFR.pdbqt --autobox_add 18 --exhaustiveness 16 --cnn_scoring none --out docking/bases_conjuntas/EGFR_MAPK1_266_L_EGFR.pdbqt --log docking/bases_conjuntas/EGFR_MAPK1_266_L_EGFR.log
Using random seed: 1040790624

mode |  affinity  |  intramol  |    CNN     |   CNN
     | (kcal/mol) | (kcal/mol) | pose score | affinity
-----+------------+------------+------------+----------
    1       -9.24        0.91      -1.0000      0.000
    2       -9.22        0.09      -1.0000      0.000
    3       -9.21        0.41      -1.0000      0.000
    4       -9.08        0.36      -1.0000      0.000
    5       -9.02        0.37      -1.0000      0.000
    6       -8.71       -0.79      -1.0000      0.000
    7       -8.62        1.05      -1.0000      0.000
    8       -8.52        0.92      -1.0000      0.000
    9       -8.42        0.85      -1.0000      0.000
