              _             
             (_)            
   __ _ _ __  _ _ __   __ _ 
  / _` | '_ \| | '_ \ / _` |
 | (_| | | | | | | | | (_| |
  \__, |_| |_|_|_| |_|\__,_|
   __/ |                    
  |___/                     

gnina v1.3 master:97fa6bc+   Built Oct  3 2024.
gnina is based on smina and AutoDock Vina.
Please cite appropriately.

Commandline: gnina --receptor Proteinas_preparadas/EGFR.pdbqt --ligand Bases_conjuntas/Targets/EGFR_MAPK1/EGFR_MAPK1_68.pdbqt --autobox_ligand Compuestos_preparados/EGFR.pdbqt --autobox_add 18 --exhaustiveness 16 --cnn_scoring none --out docking/bases_conjuntas/EGFR_MAPK1_68_L_EGFR.pdbqt --log docking/bases_conjuntas/EGFR_MAPK1_68_L_EGFR.log
Using random seed: 96004312

mode |  affinity  |  intramol  |    CNN     |   CNN
     | (kcal/mol) | (kcal/mol) | pose score | affinity
-----+------------+------------+------------+----------
    1       -9.53        0.10      -1.0000      0.000
    2       -9.26        0.11      -1.0000      0.000
    3       -9.26        0.45      -1.0000      0.000
    4       -9.12       -0.89      -1.0000      0.000
    5       -9.07        0.24      -1.0000      0.000
    6       -8.90       -0.35      -1.0000      0.000
    7       -8.75       -0.01      -1.0000      0.000
    8       -8.73       -1.22      -1.0000      0.000
    9       -8.69       -0.91      -1.0000      0.000
