              _             
             (_)            
   __ _ _ __  _ _ __   __ _ 
  / _` | '_ \| | '_ \ / _` |
 | (_| | | | | | | | | (_| |
  \__, |_| |_|_|_| |_|\__,_|
   __/ |                    
  |___/                     

gnina v1.3 master:97fa6bc+   Built Oct  3 2024.
gnina is based on smina and AutoDock Vina.
Please cite appropriately.

Commandline: gnina --receptor Proteinas_preparadas/MAPK1.pdbqt --ligand Bases_conjuntas/Targets/EGFR_MAPK1/EGFR_MAPK1_990.pdbqt --autobox_ligand Compuestos_preparados/MAPK1.pdbqt --autobox_add 18 --exhaustiveness 16 --out docking/bases_conjuntas/EGFR_MAPK1_990_L_MAPK1.pdbqt --log docking/bases_conjuntas/EGFR_MAPK1_990_L_MAPK1.log
Using random seed: 987610176

mode |  affinity  |  intramol  |    CNN     |   CNN
     | (kcal/mol) | (kcal/mol) | pose score | affinity
-----+------------+------------+------------+----------
    1       -9.66        1.11       0.7552      7.713
    2       -6.76       -0.66       0.5929      6.053
    3      -10.06        0.92       0.5784      7.158
    4       -7.58       -1.34       0.5224      6.856
    5       -8.64       -1.21       0.4033      6.662
    6       -7.54       -0.87       0.3713      5.625
    7       -7.14        0.50       0.3273      6.592
    8       -9.14       -0.75       0.3127      6.905
    9      -10.22        0.75       0.3052      6.695
