              _             
             (_)            
   __ _ _ __  _ _ __   __ _ 
  / _` | '_ \| | '_ \ / _` |
 | (_| | | | | | | | | (_| |
  \__, |_| |_|_|_| |_|\__,_|
   __/ |                    
  |___/                     

gnina v1.3 master:97fa6bc+   Built Oct  3 2024.
gnina is based on smina and AutoDock Vina.
Please cite appropriately.

Commandline: gnina --receptor Proteinas_preparadas/EGFR.pdbqt --ligand Bases_conjuntas/Targets/EGFR_MAPK1/EGFR_MAPK1_1044.pdbqt --autobox_ligand Compuestos_preparados/EGFR.pdbqt --autobox_add 18 --exhaustiveness 16 --out docking/bases_conjuntas/EGFR_MAPK1_1044_L_EGFR.pdbqt --log docking/bases_conjuntas/EGFR_MAPK1_1044_L_EGFR.log
Using random seed: -383920430

mode |  affinity  |  intramol  |    CNN     |   CNN
     | (kcal/mol) | (kcal/mol) | pose score | affinity
-----+------------+------------+------------+----------
    1       -9.05       -1.11       0.4792      7.189
    2       -8.06        3.27       0.4239      6.995
    3       -7.77       -1.25       0.3775      7.006
    4       -7.83       -1.73       0.3487      7.170
    5       -9.70        1.59       0.3156      6.751
    6       -8.50       -0.87       0.2873      6.653
    7       -8.49       -0.55       0.2729      6.710
    8       -7.70       -1.52       0.2703      6.761
    9       -9.63        0.08       0.2611      6.941
