              _             
             (_)            
   __ _ _ __  _ _ __   __ _ 
  / _` | '_ \| | '_ \ / _` |
 | (_| | | | | | | | | (_| |
  \__, |_| |_|_|_| |_|\__,_|
   __/ |                    
  |___/                     

gnina v1.3 master:97fa6bc+   Built Oct  3 2024.
gnina is based on smina and AutoDock Vina.
Please cite appropriately.

Commandline: gnina --receptor Proteinas_preparadas/MAPK1.pdbqt --ligand Bases_conjuntas/Targets/EGFR_MAPK1/EGFR_MAPK1_712.pdbqt --autobox_ligand Compuestos_preparados/MAPK1.pdbqt --autobox_add 18 --exhaustiveness 16 --out docking/bases_conjuntas/EGFR_MAPK1_712_L_MAPK1.pdbqt --log docking/bases_conjuntas/EGFR_MAPK1_712_L_MAPK1.log
Using random seed: 2068136929

mode |  affinity  |  intramol  |    CNN     |   CNN
     | (kcal/mol) | (kcal/mol) | pose score | affinity
-----+------------+------------+------------+----------
    1       -8.22       -0.97       0.6811      7.134
    2      -10.51       -0.08       0.6261      7.432
    3       -9.96        0.79       0.5518      7.090
    4       -7.97       -0.82       0.5116      6.666
    5       -8.54       -0.12       0.5002      6.965
    6       -8.08       -0.19       0.4806      6.821
    7       -8.52       -0.25       0.4127      7.106
    8       -8.37       -0.28       0.4029      6.904
    9       -9.63        2.22       0.3979      7.116
