              _             
             (_)            
   __ _ _ __  _ _ __   __ _ 
  / _` | '_ \| | '_ \ / _` |
 | (_| | | | | | | | | (_| |
  \__, |_| |_|_|_| |_|\__,_|
   __/ |                    
  |___/                     

gnina v1.3 master:97fa6bc+   Built Oct  3 2024.
gnina is based on smina and AutoDock Vina.
Please cite appropriately.

Commandline: gnina --receptor Proteinas_preparadas/EGFR.pdbqt --ligand Bases_conjuntas/Targets/EGFR_MAPK1/EGFR_MAPK1_1001.pdbqt --autobox_ligand Compuestos_preparados/EGFR.pdbqt --autobox_add 18 --exhaustiveness 16 --out docking/bases_conjuntas/EGFR_MAPK1_1001_L_EGFR.pdbqt --log docking/bases_conjuntas/EGFR_MAPK1_1001_L_EGFR.log
Using random seed: 1238933739

mode |  affinity  |  intramol  |    CNN     |   CNN
     | (kcal/mol) | (kcal/mol) | pose score | affinity
-----+------------+------------+------------+----------
    1       -7.58        0.23       0.7719      7.058
    2       -7.02       -0.54       0.5736      6.907
    3       -7.93       -0.60       0.5565      6.695
    4       -7.15       -0.66       0.4732      6.023
    5       -7.27        0.08       0.4705      5.744
    6       -9.57       -0.01       0.4088      6.969
    7       -6.76       -0.54       0.4084      5.800
    8       -9.35       -0.33       0.3726      6.998
    9       -7.35       -1.34       0.3212      6.514
