              _             
             (_)            
   __ _ _ __  _ _ __   __ _ 
  / _` | '_ \| | '_ \ / _` |
 | (_| | | | | | | | | (_| |
  \__, |_| |_|_|_| |_|\__,_|
   __/ |                    
  |___/                     

gnina v1.3 master:97fa6bc+   Built Oct  3 2024.
gnina is based on smina and AutoDock Vina.
Please cite appropriately.

Commandline: gnina --receptor Proteinas_preparadas/EGFR.pdbqt --ligand Bases_conjuntas/Targets/EGFR_MAPK1/EGFR_MAPK1_583.pdbqt --autobox_ligand Compuestos_preparados/EGFR.pdbqt --autobox_add 18 --exhaustiveness 16 --out docking/bases_conjuntas/EGFR_MAPK1_583_L_EGFR.pdbqt --log docking/bases_conjuntas/EGFR_MAPK1_583_L_EGFR.log
Using random seed: 1903941194

mode |  affinity  |  intramol  |    CNN     |   CNN
     | (kcal/mol) | (kcal/mol) | pose score | affinity
-----+------------+------------+------------+----------
    1      -10.95        0.00       0.4236      6.953
    2       -7.10        0.00       0.4157      5.363
    3       -7.02        0.00       0.3974      6.411
    4       -7.14        0.00       0.3783      6.435
    5       -7.54        0.00       0.3746      5.715
    6       -6.77        0.00       0.3584      6.851
    7       -7.51        0.00       0.3181      6.143
    8       -7.62        0.00       0.2774      6.608
    9       -7.20        0.00       0.2391      5.943
