              _             
             (_)            
   __ _ _ __  _ _ __   __ _ 
  / _` | '_ \| | '_ \ / _` |
 | (_| | | | | | | | | (_| |
  \__, |_| |_|_|_| |_|\__,_|
   __/ |                    
  |___/                     

gnina v1.3 master:97fa6bc+   Built Oct  3 2024.
gnina is based on smina and AutoDock Vina.
Please cite appropriately.

Commandline: gnina --receptor Proteinas_preparadas/MAPK1.pdbqt --ligand Bases_conjuntas/Targets/EGFR_MAPK1/EGFR_MAPK1_410.pdbqt --autobox_ligand Compuestos_preparados/MAPK1.pdbqt --autobox_add 18 --exhaustiveness 16 --out docking/bases_conjuntas/EGFR_MAPK1_410_L_MAPK1.pdbqt --log docking/bases_conjuntas/EGFR_MAPK1_410_L_MAPK1.log
Using random seed: 602574066

mode |  affinity  |  intramol  |    CNN     |   CNN
     | (kcal/mol) | (kcal/mol) | pose score | affinity
-----+------------+------------+------------+----------
    1       -6.63       -0.13       0.8791      7.324
    2       -9.34        0.33       0.6224      7.032
    3       -8.23        0.27       0.5503      6.836
    4       -6.56       -0.70       0.5469      6.698
    5       -7.89       -0.67       0.4896      6.480
    6       -6.89       -0.69       0.4720      6.417
    7       -6.73        0.06       0.4539      6.690
    8       -6.69       -0.11       0.3899      6.438
    9       -8.76        0.08       0.3563      6.528
