              _             
             (_)            
   __ _ _ __  _ _ __   __ _ 
  / _` | '_ \| | '_ \ / _` |
 | (_| | | | | | | | | (_| |
  \__, |_| |_|_|_| |_|\__,_|
   __/ |                    
  |___/                     

gnina v1.3 master:97fa6bc+   Built Oct  3 2024.
gnina is based on smina and AutoDock Vina.
Please cite appropriately.

Commandline: gnina --receptor Proteinas_preparadas/EGFR.pdbqt --ligand Bases_conjuntas/Targets/EGFR_MAPK1/EGFR_MAPK1_494.pdbqt --autobox_ligand Compuestos_preparados/EGFR.pdbqt --autobox_add 18 --exhaustiveness 16 --cnn_scoring none --out docking/bases_conjuntas/EGFR_MAPK1_494_L_EGFR.pdbqt --log docking/bases_conjuntas/EGFR_MAPK1_494_L_EGFR.log
Using random seed: 1215798814

mode |  affinity  |  intramol  |    CNN     |   CNN
     | (kcal/mol) | (kcal/mol) | pose score | affinity
-----+------------+------------+------------+----------
    1       -8.99        1.77      -1.0000      0.000
    2       -8.94        0.38      -1.0000      0.000
    3       -8.88        2.06      -1.0000      0.000
    4       -8.46        1.07      -1.0000      0.000
    5       -8.35        1.22      -1.0000      0.000
    6       -8.15        1.25      -1.0000      0.000
    7       -8.06        0.25      -1.0000      0.000
    8       -7.99       -0.64      -1.0000      0.000
    9       -7.86        2.56      -1.0000      0.000
