              _             
             (_)            
   __ _ _ __  _ _ __   __ _ 
  / _` | '_ \| | '_ \ / _` |
 | (_| | | | | | | | | (_| |
  \__, |_| |_|_|_| |_|\__,_|
   __/ |                    
  |___/                     

gnina v1.3 master:97fa6bc+   Built Oct  3 2024.
gnina is based on smina and AutoDock Vina.
Please cite appropriately.

Commandline: gnina --receptor Proteinas_preparadas/EGFR.pdbqt --ligand Bases_conjuntas/Targets/EGFR_MAPK1/EGFR_MAPK1_472.pdbqt --autobox_ligand Compuestos_preparados/EGFR.pdbqt --autobox_add 18 --exhaustiveness 16 --cnn_scoring none --out docking/bases_conjuntas/EGFR_MAPK1_472_L_EGFR.pdbqt --log docking/bases_conjuntas/EGFR_MAPK1_472_L_EGFR.log
Using random seed: -824951683

mode |  affinity  |  intramol  |    CNN     |   CNN
     | (kcal/mol) | (kcal/mol) | pose score | affinity
-----+------------+------------+------------+----------
    1       -9.50        0.29      -1.0000      0.000
    2       -9.45        0.12      -1.0000      0.000
    3       -9.42       -0.71      -1.0000      0.000
    4       -9.19        0.05      -1.0000      0.000
    5       -9.17        0.06      -1.0000      0.000
    6       -9.08        0.21      -1.0000      0.000
    7       -8.96        0.31      -1.0000      0.000
    8       -8.88       -0.17      -1.0000      0.000
    9       -8.81       -0.12      -1.0000      0.000
