              _             
             (_)            
   __ _ _ __  _ _ __   __ _ 
  / _` | '_ \| | '_ \ / _` |
 | (_| | | | | | | | | (_| |
  \__, |_| |_|_|_| |_|\__,_|
   __/ |                    
  |___/                     

gnina v1.3 master:97fa6bc+   Built Oct  3 2024.
gnina is based on smina and AutoDock Vina.
Please cite appropriately.

Commandline: gnina --receptor Proteinas_preparadas/MAPK1.pdbqt --ligand Bases_conjuntas/Targets/EGFR_MAPK1/EGFR_MAPK1_662.pdbqt --autobox_ligand Compuestos_preparados/MAPK1.pdbqt --autobox_add 18 --exhaustiveness 16 --out docking/bases_conjuntas/EGFR_MAPK1_662_L_MAPK1.pdbqt --log docking/bases_conjuntas/EGFR_MAPK1_662_L_MAPK1.log
Using random seed: -1013377608

mode |  affinity  |  intramol  |    CNN     |   CNN
     | (kcal/mol) | (kcal/mol) | pose score | affinity
-----+------------+------------+------------+----------
    1       -7.52       -0.66       0.6484      6.024
    2       -9.19       -0.69       0.5834      6.272
    3       -8.32       -0.58       0.5332      6.314
    4       -7.57       -0.74       0.4540      5.656
    5       -9.62       -0.45       0.4510      6.606
    6       -7.57       -0.07       0.3978      5.513
    7       -9.33        0.05       0.3723      5.972
    8       -7.63       -0.33       0.3716      5.871
    9       -7.54        0.07       0.3638      5.674
