              _             
             (_)            
   __ _ _ __  _ _ __   __ _ 
  / _` | '_ \| | '_ \ / _` |
 | (_| | | | | | | | | (_| |
  \__, |_| |_|_|_| |_|\__,_|
   __/ |                    
  |___/                     

gnina v1.3 master:97fa6bc+   Built Oct  3 2024.
gnina is based on smina and AutoDock Vina.
Please cite appropriately.

Commandline: gnina --receptor Proteinas_preparadas/MAPK1.pdbqt --ligand Bases_conjuntas/Targets/EGFR_MAPK1/EGFR_MAPK1_652.pdbqt --autobox_ligand Compuestos_preparados/MAPK1.pdbqt --autobox_add 18 --exhaustiveness 16 --out docking/bases_conjuntas/EGFR_MAPK1_652_L_MAPK1.pdbqt --log docking/bases_conjuntas/EGFR_MAPK1_652_L_MAPK1.log
Using random seed: 1975228818

mode |  affinity  |  intramol  |    CNN     |   CNN
     | (kcal/mol) | (kcal/mol) | pose score | affinity
-----+------------+------------+------------+----------
    1       -8.22        0.81       0.4103      7.083
    2       -8.14       -0.85       0.3546      6.727
    3       -9.85       -1.00       0.3083      7.127
    4       -7.78       -0.79       0.2392      7.403
    5       -7.82       -1.14       0.2372      6.865
    6       -8.45       -0.95       0.1950      6.235
    7       -7.70       -0.51       0.1874      6.635
    8       -7.87       -1.09       0.1546      5.909
    9       -8.96        2.58       0.1525      6.291
