              _             
             (_)            
   __ _ _ __  _ _ __   __ _ 
  / _` | '_ \| | '_ \ / _` |
 | (_| | | | | | | | | (_| |
  \__, |_| |_|_|_| |_|\__,_|
   __/ |                    
  |___/                     

gnina v1.3 master:97fa6bc+   Built Oct  3 2024.
gnina is based on smina and AutoDock Vina.
Please cite appropriately.

Commandline: gnina --receptor Proteinas_preparadas/MAPK1.pdbqt --ligand Bases_conjuntas/Targets/EGFR_MAPK1/EGFR_MAPK1_123.pdbqt --autobox_ligand Compuestos_preparados/MAPK1.pdbqt --autobox_add 18 --exhaustiveness 16 --out docking/bases_conjuntas/EGFR_MAPK1_123_L_MAPK1.pdbqt --log docking/bases_conjuntas/EGFR_MAPK1_123_L_MAPK1.log
Using random seed: -1569627028

mode |  affinity  |  intramol  |    CNN     |   CNN
     | (kcal/mol) | (kcal/mol) | pose score | affinity
-----+------------+------------+------------+----------
    1       -7.35       -0.27       0.6831      6.916
    2       -8.37        0.34       0.5417      6.806
    3       -8.29       -0.11       0.4009      7.168
    4       -7.56       -0.96       0.3845      6.114
    5       -7.84       -0.69       0.3761      6.635
    6       -8.29       -1.04       0.3537      6.912
    7       -9.19       -1.06       0.3324      6.699
    8       -6.99       -0.39       0.3028      5.370
    9       -9.40       -0.79       0.2801      6.845
