              _             
             (_)            
   __ _ _ __  _ _ __   __ _ 
  / _` | '_ \| | '_ \ / _` |
 | (_| | | | | | | | | (_| |
  \__, |_| |_|_|_| |_|\__,_|
   __/ |                    
  |___/                     

gnina v1.3 master:97fa6bc+   Built Oct  3 2024.
gnina is based on smina and AutoDock Vina.
Please cite appropriately.

Commandline: gnina --receptor Proteinas_preparadas/EGFR.pdbqt --ligand Bases_conjuntas/Targets/EGFR_MAPK1/EGFR_MAPK1_352.pdbqt --autobox_ligand Compuestos_preparados/EGFR.pdbqt --autobox_add 18 --exhaustiveness 16 --out docking/bases_conjuntas/EGFR_MAPK1_352_L_EGFR.pdbqt --log docking/bases_conjuntas/EGFR_MAPK1_352_L_EGFR.log
Using random seed: 932148608

mode |  affinity  |  intramol  |    CNN     |   CNN
     | (kcal/mol) | (kcal/mol) | pose score | affinity
-----+------------+------------+------------+----------
    1       -8.98        0.57       0.6584      6.662
    2       -8.02       -0.18       0.6514      7.372
    3       -9.13       -0.20       0.6414      7.323
    4       -8.54        0.58       0.5678      7.025
    5       -8.77       -0.10       0.5415      7.208
    6       -8.72       -0.19       0.5268      7.391
    7       -7.87       -0.17       0.4797      6.350
    8       -7.69       -0.18       0.4607      6.300
    9       -9.89        0.03       0.4539      6.367
