              _             
             (_)            
   __ _ _ __  _ _ __   __ _ 
  / _` | '_ \| | '_ \ / _` |
 | (_| | | | | | | | | (_| |
  \__, |_| |_|_|_| |_|\__,_|
   __/ |                    
  |___/                     

gnina v1.3 master:97fa6bc+   Built Oct  3 2024.
gnina is based on smina and AutoDock Vina.
Please cite appropriately.

Commandline: gnina --receptor Proteinas_preparadas/MAPK1.pdbqt --ligand Bases_conjuntas/Targets/EGFR_MAPK1/EGFR_MAPK1_537.pdbqt --autobox_ligand Compuestos_preparados/MAPK1.pdbqt --autobox_add 18 --exhaustiveness 16 --out docking/bases_conjuntas/EGFR_MAPK1_537_L_MAPK1.pdbqt --log docking/bases_conjuntas/EGFR_MAPK1_537_L_MAPK1.log
Using random seed: 137112012

mode |  affinity  |  intramol  |    CNN     |   CNN
     | (kcal/mol) | (kcal/mol) | pose score | affinity
-----+------------+------------+------------+----------
    1       -6.91       -0.97       0.5572      6.826
    2      -10.95        1.06       0.4955      7.599
    3       -9.21        0.09       0.4634      7.569
    4       -9.88        0.39       0.3943      7.473
    5       -6.63       -0.09       0.3645      6.160
    6       -6.72       -0.85       0.3576      6.253
    7      -10.05        2.20       0.3473      7.144
    8       -9.31        0.53       0.3301      7.286
    9       -8.91       -0.23       0.3297      7.341
