              _             
             (_)            
   __ _ _ __  _ _ __   __ _ 
  / _` | '_ \| | '_ \ / _` |
 | (_| | | | | | | | | (_| |
  \__, |_| |_|_|_| |_|\__,_|
   __/ |                    
  |___/                     

gnina v1.3 master:97fa6bc+   Built Oct  3 2024.
gnina is based on smina and AutoDock Vina.
Please cite appropriately.

Commandline: gnina --receptor Proteinas_preparadas/EGFR.pdbqt --ligand Bases_conjuntas/Targets/EGFR_MAPK1/EGFR_MAPK1_823.pdbqt --autobox_ligand Compuestos_preparados/EGFR.pdbqt --autobox_add 18 --exhaustiveness 16 --out docking/bases_conjuntas/EGFR_MAPK1_823_L_EGFR.pdbqt --log docking/bases_conjuntas/EGFR_MAPK1_823_L_EGFR.log
Using random seed: -716802180

mode |  affinity  |  intramol  |    CNN     |   CNN
     | (kcal/mol) | (kcal/mol) | pose score | affinity
-----+------------+------------+------------+----------
    1       -8.16       -0.74       0.5871      7.410
    2       -8.52       -1.30       0.5306      6.478
    3       -7.93       -1.32       0.4099      6.313
    4       -8.34       -0.96       0.3593      6.486
    5       -8.03       -0.58       0.2980      6.024
    6       -8.30       -0.60       0.2952      5.809
    7       -7.92       -1.03       0.2665      5.976
    8       -9.24       -0.43       0.2478      5.655
    9       -7.80       -1.03       0.2389      6.653
