              _             
             (_)            
   __ _ _ __  _ _ __   __ _ 
  / _` | '_ \| | '_ \ / _` |
 | (_| | | | | | | | | (_| |
  \__, |_| |_|_|_| |_|\__,_|
   __/ |                    
  |___/                     

gnina v1.3 master:97fa6bc+   Built Oct  3 2024.
gnina is based on smina and AutoDock Vina.
Please cite appropriately.

Commandline: gnina --receptor Proteinas_preparadas/EGFR.pdbqt --ligand Bases_conjuntas/Targets/EGFR_MAPK1/EGFR_MAPK1_1002.pdbqt --autobox_ligand Compuestos_preparados/EGFR.pdbqt --autobox_add 18 --exhaustiveness 16 --out docking/bases_conjuntas/EGFR_MAPK1_1002_L_EGFR.pdbqt --log docking/bases_conjuntas/EGFR_MAPK1_1002_L_EGFR.log
Using random seed: 705459538

mode |  affinity  |  intramol  |    CNN     |   CNN
     | (kcal/mol) | (kcal/mol) | pose score | affinity
-----+------------+------------+------------+----------
    1       -8.81       -1.13       0.5023      7.129
    2       -9.29       -1.06       0.4844      7.038
    3       -8.54       -0.71       0.4515      6.195
    4       -8.37       -1.15       0.4097      5.827
    5       -8.51       -0.91       0.3977      6.830
    6       -8.41       -0.68       0.3340      6.578
    7       -8.47       -1.44       0.3226      6.301
    8       -9.33       -1.06       0.3192      7.110
    9       -8.31       -1.10       0.3171      6.027
