              _             
             (_)            
   __ _ _ __  _ _ __   __ _ 
  / _` | '_ \| | '_ \ / _` |
 | (_| | | | | | | | | (_| |
  \__, |_| |_|_|_| |_|\__,_|
   __/ |                    
  |___/                     

gnina v1.3 master:97fa6bc+   Built Oct  3 2024.
gnina is based on smina and AutoDock Vina.
Please cite appropriately.

Commandline: gnina --receptor Proteinas_preparadas/EGFR.pdbqt --ligand Bases_conjuntas/Targets/EGFR_MAPK1/EGFR_MAPK1_814.pdbqt --autobox_ligand Compuestos_preparados/EGFR.pdbqt --autobox_add 18 --exhaustiveness 16 --out docking/bases_conjuntas/EGFR_MAPK1_814_L_EGFR.pdbqt --log docking/bases_conjuntas/EGFR_MAPK1_814_L_EGFR.log
Using random seed: 1552832836

mode |  affinity  |  intramol  |    CNN     |   CNN
     | (kcal/mol) | (kcal/mol) | pose score | affinity
-----+------------+------------+------------+----------
    1       -9.89       -0.83       0.7736      7.344
    2       -7.53       -0.54       0.5693      6.471
    3       -7.49        0.11       0.5625      7.272
    4       -7.97       -0.00       0.4891      7.196
    5       -8.33        0.06       0.4695      6.557
    6       -7.54       -0.76       0.4693      6.821
    7       -8.18       -0.03       0.4632      6.594
    8       -8.04       -0.07       0.4203      6.593
    9       -8.98       -0.53       0.4179      6.431
