              _             
             (_)            
   __ _ _ __  _ _ __   __ _ 
  / _` | '_ \| | '_ \ / _` |
 | (_| | | | | | | | | (_| |
  \__, |_| |_|_|_| |_|\__,_|
   __/ |                    
  |___/                     

gnina v1.3 master:97fa6bc+   Built Oct  3 2024.
gnina is based on smina and AutoDock Vina.
Please cite appropriately.

Commandline: gnina --receptor Proteinas_preparadas/EGFR.pdbqt --ligand Bases_conjuntas/Targets/EGFR_MAPK1/EGFR_MAPK1_426.pdbqt --autobox_ligand Compuestos_preparados/EGFR.pdbqt --autobox_add 18 --exhaustiveness 16 --out docking/bases_conjuntas/EGFR_MAPK1_426_L_EGFR.pdbqt --log docking/bases_conjuntas/EGFR_MAPK1_426_L_EGFR.log
Using random seed: 1345119815

mode |  affinity  |  intramol  |    CNN     |   CNN
     | (kcal/mol) | (kcal/mol) | pose score | affinity
-----+------------+------------+------------+----------
    1       -7.11       -1.88       0.4152      7.150
    2       -7.92       -2.00       0.3813      6.952
    3       -7.35       -2.12       0.3720      6.958
    4       -9.69        0.13       0.3231      6.827
    5       -7.04       -2.73       0.2697      6.577
    6       -7.26       -0.95       0.2617      6.201
    7       -8.58       -0.47       0.2558      6.852
    8       -7.75       -2.23       0.2539      6.498
    9       -8.63        1.02       0.2519      6.692
