              _             
             (_)            
   __ _ _ __  _ _ __   __ _ 
  / _` | '_ \| | '_ \ / _` |
 | (_| | | | | | | | | (_| |
  \__, |_| |_|_|_| |_|\__,_|
   __/ |                    
  |___/                     

gnina v1.3 master:97fa6bc+   Built Oct  3 2024.
gnina is based on smina and AutoDock Vina.
Please cite appropriately.

Commandline: gnina --receptor Proteinas_preparadas/MAPK1.pdbqt --ligand Bases_conjuntas/Targets/EGFR_MAPK1/EGFR_MAPK1_353.pdbqt --autobox_ligand Compuestos_preparados/MAPK1.pdbqt --autobox_add 18 --exhaustiveness 16 --cnn_scoring none --out docking/bases_conjuntas/EGFR_MAPK1_353_L_MAPK1.pdbqt --log docking/bases_conjuntas/EGFR_MAPK1_353_L_MAPK1.log
Using random seed: -927419965

mode |  affinity  |  intramol  |    CNN     |   CNN
     | (kcal/mol) | (kcal/mol) | pose score | affinity
-----+------------+------------+------------+----------
    1       -9.69        0.19      -1.0000      0.000
    2       -9.12       -0.70      -1.0000      0.000
    3       -9.02       -0.62      -1.0000      0.000
    4       -8.99        0.45      -1.0000      0.000
    5       -8.97       -0.64      -1.0000      0.000
    6       -8.86        0.79      -1.0000      0.000
    7       -8.76       -0.31      -1.0000      0.000
    8       -8.76       -0.44      -1.0000      0.000
    9       -8.75        0.21      -1.0000      0.000
