              _             
             (_)            
   __ _ _ __  _ _ __   __ _ 
  / _` | '_ \| | '_ \ / _` |
 | (_| | | | | | | | | (_| |
  \__, |_| |_|_|_| |_|\__,_|
   __/ |                    
  |___/                     

gnina v1.3 master:97fa6bc+   Built Oct  3 2024.
gnina is based on smina and AutoDock Vina.
Please cite appropriately.

Commandline: gnina --receptor Proteinas_preparadas/MAPK1.pdbqt --ligand Bases_conjuntas/Targets/EGFR_MAPK1/EGFR_MAPK1_203.pdbqt --autobox_ligand Compuestos_preparados/MAPK1.pdbqt --autobox_add 18 --exhaustiveness 16 --cnn_scoring none --out docking/bases_conjuntas/EGFR_MAPK1_203_L_MAPK1.pdbqt --log docking/bases_conjuntas/EGFR_MAPK1_203_L_MAPK1.log
Using random seed: 1364846298

mode |  affinity  |  intramol  |    CNN     |   CNN
     | (kcal/mol) | (kcal/mol) | pose score | affinity
-----+------------+------------+------------+----------
    1       -8.16       -0.03      -1.0000      0.000
    2       -8.13       -0.09      -1.0000      0.000
    3       -8.07       -0.23      -1.0000      0.000
    4       -8.05        0.02      -1.0000      0.000
    5       -8.01        0.77      -1.0000      0.000
    6       -7.94       -0.16      -1.0000      0.000
    7       -7.82        0.35      -1.0000      0.000
    8       -7.65       -0.40      -1.0000      0.000
    9       -7.59       -0.03      -1.0000      0.000
