              _             
             (_)            
   __ _ _ __  _ _ __   __ _ 
  / _` | '_ \| | '_ \ / _` |
 | (_| | | | | | | | | (_| |
  \__, |_| |_|_|_| |_|\__,_|
   __/ |                    
  |___/                     

gnina v1.3 master:97fa6bc+   Built Oct  3 2024.
gnina is based on smina and AutoDock Vina.
Please cite appropriately.

Commandline: gnina --receptor Proteinas_preparadas/MAPK1.pdbqt --ligand Bases_conjuntas/Targets/EGFR_MAPK1/EGFR_MAPK1_687.pdbqt --autobox_ligand Compuestos_preparados/MAPK1.pdbqt --autobox_add 18 --exhaustiveness 16 --out docking/bases_conjuntas/EGFR_MAPK1_687_L_MAPK1.pdbqt --log docking/bases_conjuntas/EGFR_MAPK1_687_L_MAPK1.log
Using random seed: 113791884

mode |  affinity  |  intramol  |    CNN     |   CNN
     | (kcal/mol) | (kcal/mol) | pose score | affinity
-----+------------+------------+------------+----------
    1       -6.83       -0.48       0.5349      6.592
    2       -7.49       -0.70       0.5158      6.468
    3       -8.66        1.89       0.4668      6.815
    4       -6.66       -0.86       0.3979      6.244
    5       -7.74        0.21       0.3520      7.070
    6       -7.91       -0.75       0.2689      6.482
    7       -5.71        4.42       0.2594      6.469
    8       -8.13        1.73       0.2135      7.093
    9       -8.10       -0.07       0.2060      6.463
