              _             
             (_)            
   __ _ _ __  _ _ __   __ _ 
  / _` | '_ \| | '_ \ / _` |
 | (_| | | | | | | | | (_| |
  \__, |_| |_|_|_| |_|\__,_|
   __/ |                    
  |___/                     

gnina v1.3 master:97fa6bc+   Built Oct  3 2024.
gnina is based on smina and AutoDock Vina.
Please cite appropriately.

Commandline: gnina --receptor Proteinas_preparadas/EGFR.pdbqt --ligand Bases_conjuntas/Targets/EGFR_MAPK1/EGFR_MAPK1_193.pdbqt --autobox_ligand Compuestos_preparados/EGFR.pdbqt --autobox_add 18 --exhaustiveness 16 --out docking/bases_conjuntas/EGFR_MAPK1_193_L_EGFR.pdbqt --log docking/bases_conjuntas/EGFR_MAPK1_193_L_EGFR.log
Using random seed: -650538880

mode |  affinity  |  intramol  |    CNN     |   CNN
     | (kcal/mol) | (kcal/mol) | pose score | affinity
-----+------------+------------+------------+----------
    1       -7.55       -1.42       0.3915      6.441
    2       -8.72       -1.62       0.2922      6.450
    3       -8.79       -0.47       0.2633      6.480
    4       -8.37       -1.15       0.2545      6.511
    5       -8.03       -1.19       0.2468      6.056
    6       -7.27       -0.43       0.2405      6.364
    7       -7.99        0.44       0.2267      6.519
    8       -8.17       -1.13       0.2184      6.032
    9       -7.86       -0.46       0.2083      6.213
