              _             
             (_)            
   __ _ _ __  _ _ __   __ _ 
  / _` | '_ \| | '_ \ / _` |
 | (_| | | | | | | | | (_| |
  \__, |_| |_|_|_| |_|\__,_|
   __/ |                    
  |___/                     

gnina v1.3 master:97fa6bc+   Built Oct  3 2024.
gnina is based on smina and AutoDock Vina.
Please cite appropriately.

Commandline: gnina --receptor Proteinas_preparadas/MAPK1.pdbqt --ligand Bases_conjuntas/Targets/EGFR_MAPK1/EGFR_MAPK1_719.pdbqt --autobox_ligand Compuestos_preparados/MAPK1.pdbqt --autobox_add 18 --exhaustiveness 16 --out docking/bases_conjuntas/EGFR_MAPK1_719_L_MAPK1.pdbqt --log docking/bases_conjuntas/EGFR_MAPK1_719_L_MAPK1.log
Using random seed: -1470292009

mode |  affinity  |  intramol  |    CNN     |   CNN
     | (kcal/mol) | (kcal/mol) | pose score | affinity
-----+------------+------------+------------+----------
    1       -5.87       -1.20       0.2793      5.659
    2       -6.17       -1.53       0.2152      5.219
    3       -5.29       -1.32       0.1864      5.095
    4       -5.43       -1.58       0.1829      5.162
    5       -5.05       -0.60       0.1735      4.859
    6       -6.37       -0.94       0.1661      5.370
    7       -5.84       -1.28       0.1616      4.967
    8       -5.34       -1.35       0.1613      4.929
    9       -4.75       -1.40       0.1602      4.553
