              _             
             (_)            
   __ _ _ __  _ _ __   __ _ 
  / _` | '_ \| | '_ \ / _` |
 | (_| | | | | | | | | (_| |
  \__, |_| |_|_|_| |_|\__,_|
   __/ |                    
  |___/                     

gnina v1.3 master:97fa6bc+   Built Oct  3 2024.
gnina is based on smina and AutoDock Vina.
Please cite appropriately.

Commandline: gnina --receptor Proteinas_preparadas/MAPK1.pdbqt --ligand Bases_conjuntas/Targets/EGFR_MAPK1/EGFR_MAPK1_426.pdbqt --autobox_ligand Compuestos_preparados/MAPK1.pdbqt --autobox_add 18 --exhaustiveness 16 --cnn_scoring none --out docking/bases_conjuntas/EGFR_MAPK1_426_L_MAPK1.pdbqt --log docking/bases_conjuntas/EGFR_MAPK1_426_L_MAPK1.log
Using random seed: -569455422

mode |  affinity  |  intramol  |    CNN     |   CNN
     | (kcal/mol) | (kcal/mol) | pose score | affinity
-----+------------+------------+------------+----------
    1      -10.62       -0.38      -1.0000      0.000
    2       -9.66       -0.94      -1.0000      0.000
    3       -8.63        0.98      -1.0000      0.000
    4       -8.63       -0.22      -1.0000      0.000
    5       -8.60       -0.93      -1.0000      0.000
    6       -8.59       -0.60      -1.0000      0.000
    7       -8.57        1.12      -1.0000      0.000
    8       -8.10        0.04      -1.0000      0.000
    9       -8.10       -1.10      -1.0000      0.000
