              _             
             (_)            
   __ _ _ __  _ _ __   __ _ 
  / _` | '_ \| | '_ \ / _` |
 | (_| | | | | | | | | (_| |
  \__, |_| |_|_|_| |_|\__,_|
   __/ |                    
  |___/                     

gnina v1.3 master:97fa6bc+   Built Oct  3 2024.
gnina is based on smina and AutoDock Vina.
Please cite appropriately.

Commandline: gnina --receptor Proteinas_preparadas/EGFR.pdbqt --ligand Bases_conjuntas/Targets/EGFR_MAPK1/EGFR_MAPK1_371.pdbqt --autobox_ligand Compuestos_preparados/EGFR.pdbqt --autobox_add 18 --exhaustiveness 16 --cnn_scoring none --out docking/bases_conjuntas/EGFR_MAPK1_371_L_EGFR.pdbqt --log docking/bases_conjuntas/EGFR_MAPK1_371_L_EGFR.log
Using random seed: -8377593

mode |  affinity  |  intramol  |    CNN     |   CNN
     | (kcal/mol) | (kcal/mol) | pose score | affinity
-----+------------+------------+------------+----------
    1       -9.40       -0.03      -1.0000      0.000
    2       -9.37       -0.53      -1.0000      0.000
    3       -9.25        0.24      -1.0000      0.000
    4       -9.20       -0.90      -1.0000      0.000
    5       -9.11       -0.27      -1.0000      0.000
    6       -8.82       -0.18      -1.0000      0.000
    7       -8.71        0.34      -1.0000      0.000
    8       -8.62       -0.15      -1.0000      0.000
    9       -8.61       -0.51      -1.0000      0.000
