              _             
             (_)            
   __ _ _ __  _ _ __   __ _ 
  / _` | '_ \| | '_ \ / _` |
 | (_| | | | | | | | | (_| |
  \__, |_| |_|_|_| |_|\__,_|
   __/ |                    
  |___/                     

gnina v1.3 master:97fa6bc+   Built Oct  3 2024.
gnina is based on smina and AutoDock Vina.
Please cite appropriately.

Commandline: gnina --receptor Proteinas_preparadas/MAPK1.pdbqt --ligand Bases_conjuntas/Targets/EGFR_MAPK1/EGFR_MAPK1_196.pdbqt --autobox_ligand Compuestos_preparados/MAPK1.pdbqt --autobox_add 18 --exhaustiveness 16 --out docking/bases_conjuntas/EGFR_MAPK1_196_L_MAPK1.pdbqt --log docking/bases_conjuntas/EGFR_MAPK1_196_L_MAPK1.log
Using random seed: 302292370

mode |  affinity  |  intramol  |    CNN     |   CNN
     | (kcal/mol) | (kcal/mol) | pose score | affinity
-----+------------+------------+------------+----------
    1       -9.05       -0.20       0.5702      7.400
    2       -7.94       -0.45       0.5361      7.143
    3       -6.89       -0.61       0.4735      6.830
    4       -7.65       -0.62       0.4667      7.063
    5       -8.58       -0.03       0.4595      6.938
    6       -6.81       -0.48       0.4427      6.691
    7       -7.12       -0.76       0.4310      7.145
    8       -6.46       -0.29       0.4208      5.877
    9       -6.59        0.33       0.3836      5.795
