              _             
             (_)            
   __ _ _ __  _ _ __   __ _ 
  / _` | '_ \| | '_ \ / _` |
 | (_| | | | | | | | | (_| |
  \__, |_| |_|_|_| |_|\__,_|
   __/ |                    
  |___/                     

gnina v1.3 master:97fa6bc+   Built Oct  3 2024.
gnina is based on smina and AutoDock Vina.
Please cite appropriately.

Commandline: gnina --receptor Proteinas_preparadas/MAPK1.pdbqt --ligand Bases_conjuntas/Targets/EGFR_MAPK1/EGFR_MAPK1_384.pdbqt --autobox_ligand Compuestos_preparados/MAPK1.pdbqt --autobox_add 18 --exhaustiveness 16 --out docking/bases_conjuntas/EGFR_MAPK1_384_L_MAPK1.pdbqt --log docking/bases_conjuntas/EGFR_MAPK1_384_L_MAPK1.log
Using random seed: 1831787887

mode |  affinity  |  intramol  |    CNN     |   CNN
     | (kcal/mol) | (kcal/mol) | pose score | affinity
-----+------------+------------+------------+----------
    1       -6.53       -0.71       0.6993      6.644
    2       -7.81       -0.83       0.5441      6.676
    3       -8.36       -0.46       0.4666      6.592
    4       -7.61       -0.30       0.3557      6.160
    5       -7.26       -0.32       0.3404      6.368
    6       -8.13       -0.15       0.3267      6.732
    7       -6.81       -0.32       0.3089      5.872
    8       -6.74       -0.44       0.3011      6.227
    9       -6.65       -0.38       0.2638      5.720
