              _             
             (_)            
   __ _ _ __  _ _ __   __ _ 
  / _` | '_ \| | '_ \ / _` |
 | (_| | | | | | | | | (_| |
  \__, |_| |_|_|_| |_|\__,_|
   __/ |                    
  |___/                     

gnina v1.3 master:97fa6bc+   Built Oct  3 2024.
gnina is based on smina and AutoDock Vina.
Please cite appropriately.

Commandline: gnina --receptor Proteinas_preparadas/MAPK1.pdbqt --ligand Bases_conjuntas/Targets/EGFR_MAPK1/EGFR_MAPK1_177.pdbqt --autobox_ligand Compuestos_preparados/MAPK1.pdbqt --autobox_add 18 --exhaustiveness 16 --out docking/bases_conjuntas/EGFR_MAPK1_177_L_MAPK1.pdbqt --log docking/bases_conjuntas/EGFR_MAPK1_177_L_MAPK1.log
Using random seed: 1925836694

mode |  affinity  |  intramol  |    CNN     |   CNN
     | (kcal/mol) | (kcal/mol) | pose score | affinity
-----+------------+------------+------------+----------
    1       -8.16        0.36       0.6984      6.853
    2       -7.74       -0.38       0.6322      6.767
    3       -6.21       -0.01       0.6111      6.636
    4       -6.25       -0.87       0.5618      6.633
    5       -6.31       -0.11       0.5297      6.585
    6       -8.85       -0.59       0.4406      7.076
    7       -8.15        1.04       0.3740      6.554
    8       -7.51       -0.07       0.3678      6.400
    9       -6.08       -0.62       0.3627      6.076
