              _             
             (_)            
   __ _ _ __  _ _ __   __ _ 
  / _` | '_ \| | '_ \ / _` |
 | (_| | | | | | | | | (_| |
  \__, |_| |_|_|_| |_|\__,_|
   __/ |                    
  |___/                     

gnina v1.3 master:97fa6bc+   Built Oct  3 2024.
gnina is based on smina and AutoDock Vina.
Please cite appropriately.

Commandline: gnina --receptor Proteinas_preparadas/MAPK1.pdbqt --ligand Bases_conjuntas/Targets/EGFR_MAPK1/EGFR_MAPK1_933.pdbqt --autobox_ligand Compuestos_preparados/MAPK1.pdbqt --autobox_add 18 --exhaustiveness 16 --out docking/bases_conjuntas/EGFR_MAPK1_933_L_MAPK1.pdbqt --log docking/bases_conjuntas/EGFR_MAPK1_933_L_MAPK1.log
Using random seed: -1185435739

mode |  affinity  |  intramol  |    CNN     |   CNN
     | (kcal/mol) | (kcal/mol) | pose score | affinity
-----+------------+------------+------------+----------
    1       -7.28        0.29       0.6285      6.173
    2       -8.53        0.23       0.6050      6.296
    3       -9.47       -0.23       0.5995      6.636
    4       -7.70       -0.01       0.5434      6.352
    5       -7.77       -0.24       0.4822      7.345
    6       -8.05        0.44       0.4295      6.203
    7       -7.75       -0.95       0.4241      6.806
    8       -9.35       -0.96       0.4149      6.418
    9       -6.95        0.07       0.4107      5.466
