              _             
             (_)            
   __ _ _ __  _ _ __   __ _ 
  / _` | '_ \| | '_ \ / _` |
 | (_| | | | | | | | | (_| |
  \__, |_| |_|_|_| |_|\__,_|
   __/ |                    
  |___/                     

gnina v1.3 master:97fa6bc+   Built Oct  3 2024.
gnina is based on smina and AutoDock Vina.
Please cite appropriately.

Commandline: gnina --receptor Proteinas_preparadas/MAPK1.pdbqt --ligand Bases_conjuntas/Targets/EGFR_MAPK1/EGFR_MAPK1_940.pdbqt --autobox_ligand Compuestos_preparados/MAPK1.pdbqt --autobox_add 18 --exhaustiveness 16 --out docking/bases_conjuntas/EGFR_MAPK1_940_L_MAPK1.pdbqt --log docking/bases_conjuntas/EGFR_MAPK1_940_L_MAPK1.log
Using random seed: -1377315738

mode |  affinity  |  intramol  |    CNN     |   CNN
     | (kcal/mol) | (kcal/mol) | pose score | affinity
-----+------------+------------+------------+----------
    1       -8.40       -1.50       0.5975      6.834
    2       -8.54       -1.52       0.5735      7.203
    3       -8.22        0.11       0.5004      7.129
    4       -8.92       -0.29       0.4497      6.671
    5       -8.33       -1.01       0.4446      7.192
    6       -8.12       -1.09       0.3568      6.980
    7       -9.24       -2.35       0.3032      7.504
    8       -8.76       -0.20       0.3003      6.492
    9       -8.64       -0.26       0.2910      7.020
