              _             
             (_)            
   __ _ _ __  _ _ __   __ _ 
  / _` | '_ \| | '_ \ / _` |
 | (_| | | | | | | | | (_| |
  \__, |_| |_|_|_| |_|\__,_|
   __/ |                    
  |___/                     

gnina v1.3 master:97fa6bc+   Built Oct  3 2024.
gnina is based on smina and AutoDock Vina.
Please cite appropriately.

Commandline: gnina --receptor Proteinas_preparadas/EGFR.pdbqt --ligand Bases_conjuntas/Targets/EGFR_MAPK1/EGFR_MAPK1_1123.pdbqt --autobox_ligand Compuestos_preparados/EGFR.pdbqt --autobox_add 18 --exhaustiveness 16 --out docking/bases_conjuntas/EGFR_MAPK1_1123_L_EGFR.pdbqt --log docking/bases_conjuntas/EGFR_MAPK1_1123_L_EGFR.log
Using random seed: -594696280

mode |  affinity  |  intramol  |    CNN     |   CNN
     | (kcal/mol) | (kcal/mol) | pose score | affinity
-----+------------+------------+------------+----------
    1       -7.23       -1.43       0.7035      6.977
    2       -7.82        0.14       0.5893      6.028
    3       -7.09        1.00       0.4990      6.512
    4       -8.37        0.50       0.3797      7.578
    5       -6.98       -1.33       0.3548      6.123
    6       -7.36        0.50       0.3468      6.161
    7       -7.24        0.91       0.3290      6.278
    8       -9.08        0.81       0.3229      7.554
    9      -10.14        0.22       0.2881      7.523
