              _             
             (_)            
   __ _ _ __  _ _ __   __ _ 
  / _` | '_ \| | '_ \ / _` |
 | (_| | | | | | | | | (_| |
  \__, |_| |_|_|_| |_|\__,_|
   __/ |                    
  |___/                     

gnina v1.3 master:97fa6bc+   Built Oct  3 2024.
gnina is based on smina and AutoDock Vina.
Please cite appropriately.

Commandline: gnina --receptor Proteinas_preparadas/EGFR.pdbqt --ligand Bases_conjuntas/Targets/EGFR_MAPK1/EGFR_MAPK1_646.pdbqt --autobox_ligand Compuestos_preparados/EGFR.pdbqt --autobox_add 18 --exhaustiveness 16 --out docking/bases_conjuntas/EGFR_MAPK1_646_L_EGFR.pdbqt --log docking/bases_conjuntas/EGFR_MAPK1_646_L_EGFR.log
Using random seed: 590014698

mode |  affinity  |  intramol  |    CNN     |   CNN
     | (kcal/mol) | (kcal/mol) | pose score | affinity
-----+------------+------------+------------+----------
    1       -8.76       -0.66       0.5157      7.263
    2       -9.14       -2.07       0.4514      7.274
    3       -8.54       -1.43       0.4340      7.141
    4       -6.83       -1.75       0.3937      5.782
    5       -8.53       -0.01       0.3130      6.994
    6       -6.58       -1.49       0.2830      5.665
    7       -6.94       -1.77       0.2706      6.580
    8       -8.00       -2.74       0.2185      6.760
    9       -7.30       -1.99       0.2098      6.262
