              _             
             (_)            
   __ _ _ __  _ _ __   __ _ 
  / _` | '_ \| | '_ \ / _` |
 | (_| | | | | | | | | (_| |
  \__, |_| |_|_|_| |_|\__,_|
   __/ |                    
  |___/                     

gnina v1.3 master:97fa6bc+   Built Oct  3 2024.
gnina is based on smina and AutoDock Vina.
Please cite appropriately.

Commandline: gnina --receptor Proteinas_preparadas/EGFR.pdbqt --ligand Bases_conjuntas/Targets/EGFR_MAPK1/EGFR_MAPK1_573.pdbqt --autobox_ligand Compuestos_preparados/EGFR.pdbqt --autobox_add 18 --exhaustiveness 16 --out docking/bases_conjuntas/EGFR_MAPK1_573_L_EGFR.pdbqt --log docking/bases_conjuntas/EGFR_MAPK1_573_L_EGFR.log
Using random seed: 2108089716

mode |  affinity  |  intramol  |    CNN     |   CNN
     | (kcal/mol) | (kcal/mol) | pose score | affinity
-----+------------+------------+------------+----------
    1       -7.10       -1.17       0.7246      7.155
    2       -7.27       -0.43       0.5066      6.683
    3       -6.91       -1.12       0.4458      6.145
    4       -7.45       -0.91       0.3723      6.239
    5       -8.50       -1.01       0.3590      6.975
    6       -7.62       -1.31       0.3570      6.736
    7       -7.29       -1.83       0.2769      6.332
    8       -7.28       -1.08       0.2470      6.406
    9       -6.46       -1.45       0.2027      5.859
