              _             
             (_)            
   __ _ _ __  _ _ __   __ _ 
  / _` | '_ \| | '_ \ / _` |
 | (_| | | | | | | | | (_| |
  \__, |_| |_|_|_| |_|\__,_|
   __/ |                    
  |___/                     

gnina v1.3 master:97fa6bc+   Built Oct  3 2024.
gnina is based on smina and AutoDock Vina.
Please cite appropriately.

Commandline: gnina --receptor Proteinas_preparadas/EGFR.pdbqt --ligand Bases_conjuntas/Targets/EGFR_MAPK1/EGFR_MAPK1_308.pdbqt --autobox_ligand Compuestos_preparados/EGFR.pdbqt --autobox_add 18 --exhaustiveness 16 --cnn_scoring none --out docking/bases_conjuntas/EGFR_MAPK1_308_L_EGFR.pdbqt --log docking/bases_conjuntas/EGFR_MAPK1_308_L_EGFR.log
Using random seed: 2080582328

mode |  affinity  |  intramol  |    CNN     |   CNN
     | (kcal/mol) | (kcal/mol) | pose score | affinity
-----+------------+------------+------------+----------
    1       -9.73        0.21      -1.0000      0.000
    2       -9.47       -0.51      -1.0000      0.000
    3       -9.36       -0.45      -1.0000      0.000
    4       -9.19       -0.10      -1.0000      0.000
    5       -9.17       -0.01      -1.0000      0.000
    6       -8.97        0.14      -1.0000      0.000
    7       -8.95        0.12      -1.0000      0.000
    8       -8.85        0.76      -1.0000      0.000
    9       -8.82       -0.83      -1.0000      0.000
