              _             
             (_)            
   __ _ _ __  _ _ __   __ _ 
  / _` | '_ \| | '_ \ / _` |
 | (_| | | | | | | | | (_| |
  \__, |_| |_|_|_| |_|\__,_|
   __/ |                    
  |___/                     

gnina v1.3 master:97fa6bc+   Built Oct  3 2024.
gnina is based on smina and AutoDock Vina.
Please cite appropriately.

Commandline: gnina --receptor Proteinas_preparadas/MAPK1.pdbqt --ligand Bases_conjuntas/Targets/EGFR_MAPK1/EGFR_MAPK1_399.pdbqt --autobox_ligand Compuestos_preparados/MAPK1.pdbqt --autobox_add 18 --exhaustiveness 16 --cnn_scoring none --out docking/bases_conjuntas/EGFR_MAPK1_399_L_MAPK1.pdbqt --log docking/bases_conjuntas/EGFR_MAPK1_399_L_MAPK1.log
Using random seed: 1116823744

mode |  affinity  |  intramol  |    CNN     |   CNN
     | (kcal/mol) | (kcal/mol) | pose score | affinity
-----+------------+------------+------------+----------
    1      -10.03       -0.20      -1.0000      0.000
    2       -9.49        1.00      -1.0000      0.000
    3       -9.43       -0.98      -1.0000      0.000
    4       -9.42       -0.31      -1.0000      0.000
    5       -9.00        0.07      -1.0000      0.000
    6       -8.97        0.29      -1.0000      0.000
    7       -8.88        0.11      -1.0000      0.000
    8       -8.87        0.15      -1.0000      0.000
    9       -8.72        0.53      -1.0000      0.000
