              _             
             (_)            
   __ _ _ __  _ _ __   __ _ 
  / _` | '_ \| | '_ \ / _` |
 | (_| | | | | | | | | (_| |
  \__, |_| |_|_|_| |_|\__,_|
   __/ |                    
  |___/                     

gnina v1.3 master:97fa6bc+   Built Oct  3 2024.
gnina is based on smina and AutoDock Vina.
Please cite appropriately.

Commandline: gnina --receptor Proteinas_preparadas/EGFR.pdbqt --ligand Bases_conjuntas/Targets/EGFR_MAPK1/EGFR_MAPK1_291.pdbqt --autobox_ligand Compuestos_preparados/EGFR.pdbqt --autobox_add 18 --exhaustiveness 16 --out docking/bases_conjuntas/EGFR_MAPK1_291_L_EGFR.pdbqt --log docking/bases_conjuntas/EGFR_MAPK1_291_L_EGFR.log
Using random seed: -1717438263

mode |  affinity  |  intramol  |    CNN     |   CNN
     | (kcal/mol) | (kcal/mol) | pose score | affinity
-----+------------+------------+------------+----------
    1      -11.20        0.84       0.5205      8.544
    2       -8.95        0.53       0.4571      6.690
    3      -10.58       -0.75       0.4249      7.907
    4       -9.81        0.21       0.4202      7.382
    5       -9.40       -0.14       0.3126      7.315
    6      -10.28        0.10       0.3121      7.964
    7       -9.27       -0.60       0.3065      6.468
    8      -10.49       -0.05       0.2913      7.631
    9      -10.11       -1.06       0.2808      7.621
