              _             
             (_)            
   __ _ _ __  _ _ __   __ _ 
  / _` | '_ \| | '_ \ / _` |
 | (_| | | | | | | | | (_| |
  \__, |_| |_|_|_| |_|\__,_|
   __/ |                    
  |___/                     

gnina v1.3 master:97fa6bc+   Built Oct  3 2024.
gnina is based on smina and AutoDock Vina.
Please cite appropriately.

Commandline: gnina --receptor Proteinas_preparadas/MAPK1.pdbqt --ligand Bases_conjuntas/Targets/EGFR_MAPK1/EGFR_MAPK1_789.pdbqt --autobox_ligand Compuestos_preparados/MAPK1.pdbqt --autobox_add 18 --exhaustiveness 16 --out docking/bases_conjuntas/EGFR_MAPK1_789_L_MAPK1.pdbqt --log docking/bases_conjuntas/EGFR_MAPK1_789_L_MAPK1.log
Using random seed: 1938926412

mode |  affinity  |  intramol  |    CNN     |   CNN
     | (kcal/mol) | (kcal/mol) | pose score | affinity
-----+------------+------------+------------+----------
    1      -10.04        2.00       0.7753      6.613
    2       -9.17       -0.29       0.7753      6.664
    3       -8.23        0.21       0.7596      6.416
    4       -8.57        0.23       0.7431      5.795
    5       -9.45        1.28       0.6579      6.161
    6       -9.52        0.77       0.6195      6.832
    7       -9.70       -0.05       0.6175      6.288
    8      -10.33        1.73       0.5839      6.432
    9       -9.75        1.11       0.4911      6.192
