              _             
             (_)            
   __ _ _ __  _ _ __   __ _ 
  / _` | '_ \| | '_ \ / _` |
 | (_| | | | | | | | | (_| |
  \__, |_| |_|_|_| |_|\__,_|
   __/ |                    
  |___/                     

gnina v1.3 master:97fa6bc+   Built Oct  3 2024.
gnina is based on smina and AutoDock Vina.
Please cite appropriately.

Commandline: gnina --receptor Proteinas_preparadas/EGFR.pdbqt --ligand Bases_conjuntas/Targets/EGFR_MAPK1/EGFR_MAPK1_911.pdbqt --autobox_ligand Compuestos_preparados/EGFR.pdbqt --autobox_add 18 --exhaustiveness 16 --out docking/bases_conjuntas/EGFR_MAPK1_911_L_EGFR.pdbqt --log docking/bases_conjuntas/EGFR_MAPK1_911_L_EGFR.log
Using random seed: 602304502

mode |  affinity  |  intramol  |    CNN     |   CNN
     | (kcal/mol) | (kcal/mol) | pose score | affinity
-----+------------+------------+------------+----------
    1       -8.29       -1.08       0.5849      6.906
    2       -9.51        0.30       0.4274      6.835
    3       -9.34       -0.18       0.4030      7.065
    4      -10.03        0.82       0.3469      7.410
    5       -8.30       -0.48       0.3320      6.034
    6      -10.13        0.35       0.2975      7.074
    7       -8.03       -1.56       0.2929      5.756
    8       -9.50       -1.17       0.2676      6.482
    9      -10.13       -0.13       0.2675      6.510
