              _             
             (_)            
   __ _ _ __  _ _ __   __ _ 
  / _` | '_ \| | '_ \ / _` |
 | (_| | | | | | | | | (_| |
  \__, |_| |_|_|_| |_|\__,_|
   __/ |                    
  |___/                     

gnina v1.3 master:97fa6bc+   Built Oct  3 2024.
gnina is based on smina and AutoDock Vina.
Please cite appropriately.

Commandline: gnina --receptor Proteinas_preparadas/MAPK1.pdbqt --ligand Bases_conjuntas/Targets/EGFR_MAPK1/EGFR_MAPK1_748.pdbqt --autobox_ligand Compuestos_preparados/MAPK1.pdbqt --autobox_add 18 --exhaustiveness 16 --out docking/bases_conjuntas/EGFR_MAPK1_748_L_MAPK1.pdbqt --log docking/bases_conjuntas/EGFR_MAPK1_748_L_MAPK1.log
Using random seed: -78025120

mode |  affinity  |  intramol  |    CNN     |   CNN
     | (kcal/mol) | (kcal/mol) | pose score | affinity
-----+------------+------------+------------+----------
    1       -9.16       -0.42       0.2978      7.268
    2       -7.88       -3.09       0.2840      6.489
    3       -7.77       -1.50       0.2699      6.615
    4       -8.44       -1.24       0.2133      6.700
    5       -8.99       -1.94       0.1940      6.129
    6       -8.41        0.62       0.1742      7.290
    7       -9.03       -0.34       0.1708      6.310
    8       -8.83       -1.14       0.1697      5.996
    9       -8.03       -1.71       0.1684      5.362
