              _             
             (_)            
   __ _ _ __  _ _ __   __ _ 
  / _` | '_ \| | '_ \ / _` |
 | (_| | | | | | | | | (_| |
  \__, |_| |_|_|_| |_|\__,_|
   __/ |                    
  |___/                     

gnina v1.3 master:97fa6bc+   Built Oct  3 2024.
gnina is based on smina and AutoDock Vina.
Please cite appropriately.

Commandline: gnina --receptor Proteinas_preparadas/MAPK1.pdbqt --ligand Bases_conjuntas/Targets/EGFR_MAPK1/EGFR_MAPK1_1016.pdbqt --autobox_ligand Compuestos_preparados/MAPK1.pdbqt --autobox_add 18 --exhaustiveness 16 --out docking/bases_conjuntas/EGFR_MAPK1_1016_L_MAPK1.pdbqt --log docking/bases_conjuntas/EGFR_MAPK1_1016_L_MAPK1.log
Using random seed: -188527458

mode |  affinity  |  intramol  |    CNN     |   CNN
     | (kcal/mol) | (kcal/mol) | pose score | affinity
-----+------------+------------+------------+----------
    1       -7.85       -1.36       0.5843      6.730
    2       -8.22       -0.22       0.4820      7.295
    3       -7.76       -1.06       0.4436      7.986
    4       -8.23       -1.11       0.4229      7.303
    5       -8.43       -0.49       0.3761      7.148
    6       -7.64       -1.11       0.3587      7.599
    7       -8.07       -0.33       0.3466      7.118
    8       -8.29       -1.19       0.3376      6.818
    9       -8.30       -1.06       0.3268      6.876
