              _             
             (_)            
   __ _ _ __  _ _ __   __ _ 
  / _` | '_ \| | '_ \ / _` |
 | (_| | | | | | | | | (_| |
  \__, |_| |_|_|_| |_|\__,_|
   __/ |                    
  |___/                     

gnina v1.3 master:97fa6bc+   Built Oct  3 2024.
gnina is based on smina and AutoDock Vina.
Please cite appropriately.

Commandline: gnina --receptor Proteinas_preparadas/EGFR.pdbqt --ligand Bases_conjuntas/Targets/EGFR_MAPK1/EGFR_MAPK1_246.pdbqt --autobox_ligand Compuestos_preparados/EGFR.pdbqt --autobox_add 18 --exhaustiveness 16 --cnn_scoring none --out docking/bases_conjuntas/EGFR_MAPK1_246_L_EGFR.pdbqt --log docking/bases_conjuntas/EGFR_MAPK1_246_L_EGFR.log
Using random seed: 1854481080

mode |  affinity  |  intramol  |    CNN     |   CNN
     | (kcal/mol) | (kcal/mol) | pose score | affinity
-----+------------+------------+------------+----------
    1       -9.52       -0.96      -1.0000      0.000
    2       -8.97        0.64      -1.0000      0.000
    3       -8.95       -0.12      -1.0000      0.000
    4       -8.95       -1.44      -1.0000      0.000
    5       -8.90       -1.07      -1.0000      0.000
    6       -8.78       -1.57      -1.0000      0.000
    7       -8.59       -0.80      -1.0000      0.000
    8       -8.55       -0.75      -1.0000      0.000
    9       -8.53        0.39      -1.0000      0.000
