              _             
             (_)            
   __ _ _ __  _ _ __   __ _ 
  / _` | '_ \| | '_ \ / _` |
 | (_| | | | | | | | | (_| |
  \__, |_| |_|_|_| |_|\__,_|
   __/ |                    
  |___/                     

gnina v1.3 master:97fa6bc+   Built Oct  3 2024.
gnina is based on smina and AutoDock Vina.
Please cite appropriately.

Commandline: gnina --receptor Proteinas_preparadas/MAPK1.pdbqt --ligand Bases_conjuntas/Targets/EGFR_MAPK1/EGFR_MAPK1_421.pdbqt --autobox_ligand Compuestos_preparados/MAPK1.pdbqt --autobox_add 18 --exhaustiveness 16 --cnn_scoring none --out docking/bases_conjuntas/EGFR_MAPK1_421_L_MAPK1.pdbqt --log docking/bases_conjuntas/EGFR_MAPK1_421_L_MAPK1.log
Using random seed: 951809728

mode |  affinity  |  intramol  |    CNN     |   CNN
     | (kcal/mol) | (kcal/mol) | pose score | affinity
-----+------------+------------+------------+----------
    1       -8.79        3.18      -1.0000      0.000
    2       -8.73       -0.59      -1.0000      0.000
    3       -8.70        0.22      -1.0000      0.000
    4       -8.62       -1.45      -1.0000      0.000
    5       -8.59        0.06      -1.0000      0.000
    6       -8.56       -0.11      -1.0000      0.000
    7       -8.52       -1.22      -1.0000      0.000
    8       -8.49       -0.37      -1.0000      0.000
    9       -8.43        0.12      -1.0000      0.000
