              _             
             (_)            
   __ _ _ __  _ _ __   __ _ 
  / _` | '_ \| | '_ \ / _` |
 | (_| | | | | | | | | (_| |
  \__, |_| |_|_|_| |_|\__,_|
   __/ |                    
  |___/                     

gnina v1.3 master:97fa6bc+   Built Oct  3 2024.
gnina is based on smina and AutoDock Vina.
Please cite appropriately.

Commandline: gnina --receptor Proteinas_preparadas/EGFR.pdbqt --ligand Bases_conjuntas/Targets/EGFR_MAPK1/EGFR_MAPK1_1060.pdbqt --autobox_ligand Compuestos_preparados/EGFR.pdbqt --autobox_add 18 --exhaustiveness 16 --out docking/bases_conjuntas/EGFR_MAPK1_1060_L_EGFR.pdbqt --log docking/bases_conjuntas/EGFR_MAPK1_1060_L_EGFR.log
Using random seed: 70615272

mode |  affinity  |  intramol  |    CNN     |   CNN
     | (kcal/mol) | (kcal/mol) | pose score | affinity
-----+------------+------------+------------+----------
    1       -7.77       -0.94       0.7469      6.516
    2       -7.65       -0.83       0.4801      6.011
    3       -7.48       -0.58       0.4704      5.620
    4      -10.38        1.13       0.4323      6.666
    5       -7.91        0.21       0.4066      5.764
    6       -9.10       -0.11       0.4064      6.412
    7       -7.50        0.41       0.3961      6.303
    8       -7.62       -0.75       0.3682      5.531
    9       -9.20        1.04       0.3625      5.930
