              _             
             (_)            
   __ _ _ __  _ _ __   __ _ 
  / _` | '_ \| | '_ \ / _` |
 | (_| | | | | | | | | (_| |
  \__, |_| |_|_|_| |_|\__,_|
   __/ |                    
  |___/                     

gnina v1.3 master:97fa6bc+   Built Oct  3 2024.
gnina is based on smina and AutoDock Vina.
Please cite appropriately.

Commandline: gnina --receptor Proteinas_preparadas/MAPK1.pdbqt --ligand Bases_conjuntas/Targets/EGFR_MAPK1/EGFR_MAPK1_825.pdbqt --autobox_ligand Compuestos_preparados/MAPK1.pdbqt --autobox_add 18 --exhaustiveness 16 --out docking/bases_conjuntas/EGFR_MAPK1_825_L_MAPK1.pdbqt --log docking/bases_conjuntas/EGFR_MAPK1_825_L_MAPK1.log
Using random seed: 241772972

mode |  affinity  |  intramol  |    CNN     |   CNN
     | (kcal/mol) | (kcal/mol) | pose score | affinity
-----+------------+------------+------------+----------
    1       -7.71       -1.09       0.4106      6.333
    2       -7.34       -0.92       0.3852      6.514
    3       -7.41       -1.18       0.3603      6.316
    4       -8.97       -0.04       0.3317      7.042
    5       -7.51        0.16       0.2584      6.637
    6       -7.58        0.41       0.2331      6.445
    7       -7.18       -1.31       0.2245      5.268
    8       -8.31        0.14       0.2123      6.507
    9       -8.23        0.02       0.1995      6.743
