              _             
             (_)            
   __ _ _ __  _ _ __   __ _ 
  / _` | '_ \| | '_ \ / _` |
 | (_| | | | | | | | | (_| |
  \__, |_| |_|_|_| |_|\__,_|
   __/ |                    
  |___/                     

gnina v1.3 master:97fa6bc+   Built Oct  3 2024.
gnina is based on smina and AutoDock Vina.
Please cite appropriately.

Commandline: gnina --receptor Proteinas_preparadas/MAPK1.pdbqt --ligand Bases_conjuntas/Targets/EGFR_MAPK1/EGFR_MAPK1_210.pdbqt --autobox_ligand Compuestos_preparados/MAPK1.pdbqt --autobox_add 18 --exhaustiveness 16 --out docking/bases_conjuntas/EGFR_MAPK1_210_L_MAPK1.pdbqt --log docking/bases_conjuntas/EGFR_MAPK1_210_L_MAPK1.log
Using random seed: 933674990

mode |  affinity  |  intramol  |    CNN     |   CNN
     | (kcal/mol) | (kcal/mol) | pose score | affinity
-----+------------+------------+------------+----------
    1       -9.08       -0.03       0.6260      7.296
    2       -7.27       -0.26       0.5766      6.440
    3       -7.88        1.17       0.5132      6.935
    4       -8.85        1.37       0.4702      7.123
    5       -9.61       -0.17       0.4623      7.467
    6       -8.61        1.23       0.4514      6.959
    7       -6.75        0.97       0.4394      6.823
    8       -9.11        1.27       0.4194      6.930
    9       -9.47        1.17       0.4065      7.229
