              _             
             (_)            
   __ _ _ __  _ _ __   __ _ 
  / _` | '_ \| | '_ \ / _` |
 | (_| | | | | | | | | (_| |
  \__, |_| |_|_|_| |_|\__,_|
   __/ |                    
  |___/                     

gnina v1.3 master:97fa6bc+   Built Oct  3 2024.
gnina is based on smina and AutoDock Vina.
Please cite appropriately.

Commandline: gnina --receptor Proteinas_preparadas/EGFR.pdbqt --ligand Bases_conjuntas/Targets/EGFR_MAPK1/EGFR_MAPK1_1062.pdbqt --autobox_ligand Compuestos_preparados/EGFR.pdbqt --autobox_add 18 --exhaustiveness 16 --out docking/bases_conjuntas/EGFR_MAPK1_1062_L_EGFR.pdbqt --log docking/bases_conjuntas/EGFR_MAPK1_1062_L_EGFR.log
Using random seed: 1933534150

mode |  affinity  |  intramol  |    CNN     |   CNN
     | (kcal/mol) | (kcal/mol) | pose score | affinity
-----+------------+------------+------------+----------
    1       -6.67       -0.57       0.5630      6.096
    2       -6.91       -0.92       0.5006      6.621
    3       -6.65        0.18       0.4986      6.056
    4       -7.17       -0.96       0.4933      5.880
    5       -6.42       -0.84       0.4207      6.118
    6       -6.83       -0.62       0.3263      5.684
    7       -6.68       -0.56       0.2996      5.423
    8       -7.34       -0.98       0.2571      6.499
    9       -6.83       -0.78       0.2490      6.275
