              _             
             (_)            
   __ _ _ __  _ _ __   __ _ 
  / _` | '_ \| | '_ \ / _` |
 | (_| | | | | | | | | (_| |
  \__, |_| |_|_|_| |_|\__,_|
   __/ |                    
  |___/                     

gnina v1.3 master:97fa6bc+   Built Oct  3 2024.
gnina is based on smina and AutoDock Vina.
Please cite appropriately.

Commandline: gnina --receptor Proteinas_preparadas/MAPK1.pdbqt --ligand Bases_conjuntas/Targets/EGFR_MAPK1/EGFR_MAPK1_44.pdbqt --autobox_ligand Compuestos_preparados/MAPK1.pdbqt --autobox_add 18 --exhaustiveness 16 --out docking/bases_conjuntas/EGFR_MAPK1_44_L_MAPK1.pdbqt --log docking/bases_conjuntas/EGFR_MAPK1_44_L_MAPK1.log
Using random seed: -594143001

mode |  affinity  |  intramol  |    CNN     |   CNN
     | (kcal/mol) | (kcal/mol) | pose score | affinity
-----+------------+------------+------------+----------
    1       -7.32       -0.25       0.6644      5.082
    2       -7.51       -0.88       0.6188      5.386
    3       -7.17       -0.99       0.5657      5.488
    4       -6.32       -0.78       0.5426      5.090
    5       -5.88       -0.97       0.4916      4.597
    6       -7.78       -0.90       0.4848      5.412
    7       -6.64       -0.79       0.4792      4.716
    8       -7.83       -0.90       0.4656      5.084
    9       -7.77       -0.91       0.4003      5.030
