              _             
             (_)            
   __ _ _ __  _ _ __   __ _ 
  / _` | '_ \| | '_ \ / _` |
 | (_| | | | | | | | | (_| |
  \__, |_| |_|_|_| |_|\__,_|
   __/ |                    
  |___/                     

gnina v1.3 master:97fa6bc+   Built Oct  3 2024.
gnina is based on smina and AutoDock Vina.
Please cite appropriately.

Commandline: gnina --receptor Proteinas_preparadas/EGFR.pdbqt --ligand Bases_conjuntas/Targets/EGFR_MAPK1/EGFR_MAPK1_34.pdbqt --autobox_ligand Compuestos_preparados/EGFR.pdbqt --autobox_add 18 --exhaustiveness 16 --out docking/bases_conjuntas/EGFR_MAPK1_34_L_EGFR.pdbqt --log docking/bases_conjuntas/EGFR_MAPK1_34_L_EGFR.log
Using random seed: -191593928

mode |  affinity  |  intramol  |    CNN     |   CNN
     | (kcal/mol) | (kcal/mol) | pose score | affinity
-----+------------+------------+------------+----------
    1       -6.96       -0.57       0.7733      7.002
    2       -8.00       -0.44       0.6880      7.094
    3       -7.05       -0.41       0.5721      6.804
    4       -6.26       -0.63       0.5707      6.607
    5       -6.48       -0.39       0.5656      6.446
    6       -6.80       -0.31       0.5402      6.525
    7       -6.38        0.26       0.4820      6.817
    8       -7.66       -0.64       0.4482      6.181
    9       -6.75       -0.59       0.4420      6.094
