              _             
             (_)            
   __ _ _ __  _ _ __   __ _ 
  / _` | '_ \| | '_ \ / _` |
 | (_| | | | | | | | | (_| |
  \__, |_| |_|_|_| |_|\__,_|
   __/ |                    
  |___/                     

gnina v1.3 master:97fa6bc+   Built Oct  3 2024.
gnina is based on smina and AutoDock Vina.
Please cite appropriately.

Commandline: gnina --receptor Proteinas_preparadas/MAPK1.pdbqt --ligand Bases_conjuntas/Targets/EGFR_MAPK1/EGFR_MAPK1_875.pdbqt --autobox_ligand Compuestos_preparados/MAPK1.pdbqt --autobox_add 18 --exhaustiveness 16 --out docking/bases_conjuntas/EGFR_MAPK1_875_L_MAPK1.pdbqt --log docking/bases_conjuntas/EGFR_MAPK1_875_L_MAPK1.log
Using random seed: -600501712

mode |  affinity  |  intramol  |    CNN     |   CNN
     | (kcal/mol) | (kcal/mol) | pose score | affinity
-----+------------+------------+------------+----------
    1       -6.55        3.68       0.3908      6.418
    2       -8.09       -1.24       0.2997      6.033
    3       -5.04       -1.20       0.2937      5.422
    4       -5.47       -1.18       0.2695      5.534
    5       -6.43       -1.29       0.2651      5.214
    6       -5.39       -1.11       0.2305      5.356
    7       -6.37       -1.21       0.2189      4.939
    8       -5.74       -0.90       0.2130      5.218
    9       -6.94       -0.81       0.2074      5.560
