              _             
             (_)            
   __ _ _ __  _ _ __   __ _ 
  / _` | '_ \| | '_ \ / _` |
 | (_| | | | | | | | | (_| |
  \__, |_| |_|_|_| |_|\__,_|
   __/ |                    
  |___/                     

gnina v1.3 master:97fa6bc+   Built Oct  3 2024.
gnina is based on smina and AutoDock Vina.
Please cite appropriately.

Commandline: gnina --receptor Proteinas_preparadas/MAPK1.pdbqt --ligand Bases_conjuntas/Targets/EGFR_MAPK1/EGFR_MAPK1_536.pdbqt --autobox_ligand Compuestos_preparados/MAPK1.pdbqt --autobox_add 18 --exhaustiveness 16 --out docking/bases_conjuntas/EGFR_MAPK1_536_L_MAPK1.pdbqt --log docking/bases_conjuntas/EGFR_MAPK1_536_L_MAPK1.log
Using random seed: -1830089280

mode |  affinity  |  intramol  |    CNN     |   CNN
     | (kcal/mol) | (kcal/mol) | pose score | affinity
-----+------------+------------+------------+----------
    1       -9.29        0.33       0.5692      7.398
    2       -7.56        0.25       0.5293      6.695
    3       -8.05        0.98       0.4473      6.684
    4       -7.25       -0.99       0.4083      6.249
    5       -8.70       -0.52       0.3814      7.181
    6       -9.44        0.66       0.3365      6.902
    7       -7.65        1.03       0.3212      6.571
    8       -7.14        0.51       0.2478      6.387
    9       -8.80       -0.78       0.2184      6.576
