              _             
             (_)            
   __ _ _ __  _ _ __   __ _ 
  / _` | '_ \| | '_ \ / _` |
 | (_| | | | | | | | | (_| |
  \__, |_| |_|_|_| |_|\__,_|
   __/ |                    
  |___/                     

gnina v1.3 master:97fa6bc+   Built Oct  3 2024.
gnina is based on smina and AutoDock Vina.
Please cite appropriately.

Commandline: gnina --receptor Proteinas_preparadas/EGFR.pdbqt --ligand Bases_conjuntas/Targets/EGFR_MAPK1/EGFR_MAPK1_850.pdbqt --autobox_ligand Compuestos_preparados/EGFR.pdbqt --autobox_add 18 --exhaustiveness 16 --out docking/bases_conjuntas/EGFR_MAPK1_850_L_EGFR.pdbqt --log docking/bases_conjuntas/EGFR_MAPK1_850_L_EGFR.log
Using random seed: 570900539

mode |  affinity  |  intramol  |    CNN     |   CNN
     | (kcal/mol) | (kcal/mol) | pose score | affinity
-----+------------+------------+------------+----------
    1       -7.41       -0.52       0.5042      6.912
    2       -6.96       -0.65       0.4712      6.001
    3       -6.69       -0.68       0.3888      6.646
    4       -6.72       -0.71       0.3794      5.948
    5       -7.32       -0.73       0.3742      6.648
    6       -6.48       -0.70       0.3722      6.358
    7       -6.80       -0.71       0.3638      5.938
    8       -7.62       -0.91       0.3359      5.964
    9       -6.35       -0.72       0.2803      6.220
