              _             
             (_)            
   __ _ _ __  _ _ __   __ _ 
  / _` | '_ \| | '_ \ / _` |
 | (_| | | | | | | | | (_| |
  \__, |_| |_|_|_| |_|\__,_|
   __/ |                    
  |___/                     

gnina v1.3 master:97fa6bc+   Built Oct  3 2024.
gnina is based on smina and AutoDock Vina.
Please cite appropriately.

Commandline: gnina --receptor Proteinas_preparadas/MAPK1.pdbqt --ligand Bases_conjuntas/Targets/EGFR_MAPK1/EGFR_MAPK1_194.pdbqt --autobox_ligand Compuestos_preparados/MAPK1.pdbqt --autobox_add 18 --exhaustiveness 16 --out docking/bases_conjuntas/EGFR_MAPK1_194_L_MAPK1.pdbqt --log docking/bases_conjuntas/EGFR_MAPK1_194_L_MAPK1.log
Using random seed: 656140772

mode |  affinity  |  intramol  |    CNN     |   CNN
     | (kcal/mol) | (kcal/mol) | pose score | affinity
-----+------------+------------+------------+----------
    1       -9.59       -1.89       0.3500      7.400
    2       -8.12       -0.52       0.3183      7.339
    3       -9.35        0.30       0.2570      7.204
    4       -7.99        1.38       0.2369      6.271
    5       -9.93       -1.41       0.2057      6.839
    6       -7.84       -2.45       0.2021      7.614
    7       -7.38       -1.49       0.1933      7.039
    8       -9.86       -1.97       0.1909      7.005
    9       -7.90        2.04       0.1855      6.653
