              _             
             (_)            
   __ _ _ __  _ _ __   __ _ 
  / _` | '_ \| | '_ \ / _` |
 | (_| | | | | | | | | (_| |
  \__, |_| |_|_|_| |_|\__,_|
   __/ |                    
  |___/                     

gnina v1.3 master:97fa6bc+   Built Oct  3 2024.
gnina is based on smina and AutoDock Vina.
Please cite appropriately.

Commandline: gnina --receptor Proteinas_preparadas/MAPK1.pdbqt --ligand Bases_conjuntas/Targets/EGFR_MAPK1/EGFR_MAPK1_40.pdbqt --autobox_ligand Compuestos_preparados/MAPK1.pdbqt --autobox_add 18 --exhaustiveness 16 --out docking/bases_conjuntas/EGFR_MAPK1_40_L_MAPK1.pdbqt --log docking/bases_conjuntas/EGFR_MAPK1_40_L_MAPK1.log
Using random seed: 654099012

mode |  affinity  |  intramol  |    CNN     |   CNN
     | (kcal/mol) | (kcal/mol) | pose score | affinity
-----+------------+------------+------------+----------
    1       -7.45        0.02       0.4540      6.650
    2       -6.28       -0.55       0.4202      6.226
    3       -6.87       -0.66       0.3816      5.335
    4       -7.26        0.34       0.3657      6.801
    5       -6.54       -0.85       0.3020      5.784
    6       -8.09       -0.51       0.2990      6.538
    7       -6.51       -0.88       0.2966      6.150
    8       -7.23       -0.46       0.2837      6.606
    9       -7.34        0.66       0.2047      6.119
