              _             
             (_)            
   __ _ _ __  _ _ __   __ _ 
  / _` | '_ \| | '_ \ / _` |
 | (_| | | | | | | | | (_| |
  \__, |_| |_|_|_| |_|\__,_|
   __/ |                    
  |___/                     

gnina v1.3 master:97fa6bc+   Built Oct  3 2024.
gnina is based on smina and AutoDock Vina.
Please cite appropriately.

Commandline: gnina --receptor Proteinas_preparadas/EGFR.pdbqt --ligand Bases_conjuntas/Targets/EGFR_MAPK1/EGFR_MAPK1_394.pdbqt --autobox_ligand Compuestos_preparados/EGFR.pdbqt --autobox_add 18 --exhaustiveness 16 --out docking/bases_conjuntas/EGFR_MAPK1_394_L_EGFR.pdbqt --log docking/bases_conjuntas/EGFR_MAPK1_394_L_EGFR.log
Using random seed: 682859736

mode |  affinity  |  intramol  |    CNN     |   CNN
     | (kcal/mol) | (kcal/mol) | pose score | affinity
-----+------------+------------+------------+----------
    1       -6.62       -1.20       0.8764      7.137
    2       -8.41       -0.73       0.4928      6.992
    3       -8.27       -1.04       0.4505      6.527
    4       -7.37       -0.92       0.3925      6.199
    5       -8.49       -1.16       0.3349      6.939
    6       -7.24       -1.38       0.3301      6.041
    7       -8.26       -2.40       0.2799      6.463
    8       -7.42       -1.55       0.2648      5.796
    9       -7.55       -1.68       0.2437      5.780
