              _             
             (_)            
   __ _ _ __  _ _ __   __ _ 
  / _` | '_ \| | '_ \ / _` |
 | (_| | | | | | | | | (_| |
  \__, |_| |_|_|_| |_|\__,_|
   __/ |                    
  |___/                     

gnina v1.3 master:97fa6bc+   Built Oct  3 2024.
gnina is based on smina and AutoDock Vina.
Please cite appropriately.

Commandline: gnina --receptor Proteinas_preparadas/MAPK1.pdbqt --ligand Bases_conjuntas/Targets/EGFR_MAPK1/EGFR_MAPK1_1017.pdbqt --autobox_ligand Compuestos_preparados/MAPK1.pdbqt --autobox_add 18 --exhaustiveness 16 --out docking/bases_conjuntas/EGFR_MAPK1_1017_L_MAPK1.pdbqt --log docking/bases_conjuntas/EGFR_MAPK1_1017_L_MAPK1.log
Using random seed: 830865168

mode |  affinity  |  intramol  |    CNN     |   CNN
     | (kcal/mol) | (kcal/mol) | pose score | affinity
-----+------------+------------+------------+----------
    1       -7.07       -1.01       0.6816      6.032
    2       -9.17       -0.32       0.5958      7.139
    3       -9.44       -0.52       0.5833      7.086
    4       -8.53        0.75       0.5560      6.869
    5       -8.96        0.14       0.5123      6.625
    6       -9.06       -0.27       0.4824      6.931
    7       -7.44        0.88       0.4658      6.493
    8       -6.45        0.35       0.4105      5.369
    9       -8.53       -1.46       0.4023      6.729
