              _             
             (_)            
   __ _ _ __  _ _ __   __ _ 
  / _` | '_ \| | '_ \ / _` |
 | (_| | | | | | | | | (_| |
  \__, |_| |_|_|_| |_|\__,_|
   __/ |                    
  |___/                     

gnina v1.3 master:97fa6bc+   Built Oct  3 2024.
gnina is based on smina and AutoDock Vina.
Please cite appropriately.

Commandline: gnina --receptor Proteinas_preparadas/MAPK1.pdbqt --ligand Bases_conjuntas/Targets/EGFR_MAPK1/EGFR_MAPK1_785.pdbqt --autobox_ligand Compuestos_preparados/MAPK1.pdbqt --autobox_add 18 --exhaustiveness 16 --out docking/bases_conjuntas/EGFR_MAPK1_785_L_MAPK1.pdbqt --log docking/bases_conjuntas/EGFR_MAPK1_785_L_MAPK1.log
Using random seed: 647082358

mode |  affinity  |  intramol  |    CNN     |   CNN
     | (kcal/mol) | (kcal/mol) | pose score | affinity
-----+------------+------------+------------+----------
    1       -8.31       -1.00       0.5372      6.541
    2       -7.57       -1.07       0.2061      5.461
    3       -7.19       -0.54       0.1531      5.151
    4       -7.53       -0.42       0.1456      5.435
    5       -8.19       -0.89       0.1436      5.114
    6       -7.44       -0.93       0.1244      5.571
    7       -7.59       -0.52       0.1151      4.997
    8       -7.45       -0.68       0.1099      5.641
    9       -7.56       -0.89       0.1083      5.772
