              _             
             (_)            
   __ _ _ __  _ _ __   __ _ 
  / _` | '_ \| | '_ \ / _` |
 | (_| | | | | | | | | (_| |
  \__, |_| |_|_|_| |_|\__,_|
   __/ |                    
  |___/                     

gnina v1.3 master:97fa6bc+   Built Oct  3 2024.
gnina is based on smina and AutoDock Vina.
Please cite appropriately.

Commandline: gnina --receptor Proteinas_preparadas/EGFR.pdbqt --ligand Bases_conjuntas/Targets/EGFR_SRC/EGFR_SRC_1147.pdbqt --autobox_ligand Compuestos_preparados/EGFR.pdbqt --autobox_add 18 --exhaustiveness 16 --out docking/bases_conjuntas/EGFR_SRC_1147_L_EGFR.pdbqt --log docking/bases_conjuntas/EGFR_SRC_1147_L_EGFR.log
Using random seed: -1437072099

mode |  affinity  |  intramol  |    CNN     |   CNN
     | (kcal/mol) | (kcal/mol) | pose score | affinity
-----+------------+------------+------------+----------
    1       -8.70       -0.14       0.4756      7.577
    2       -6.94       -1.18       0.3282      6.422
    3       -8.20       -1.32       0.2430      6.634
    4       -7.56       -1.44       0.2400      6.443
    5       -8.25       -1.18       0.2320      6.764
    6       -8.00       -1.15       0.1810      6.493
    7       -6.69       -1.50       0.1726      6.299
    8       -7.29       -1.05       0.1351      5.463
    9       -7.07       -0.25       0.1317      6.611
