              _             
             (_)            
   __ _ _ __  _ _ __   __ _ 
  / _` | '_ \| | '_ \ / _` |
 | (_| | | | | | | | | (_| |
  \__, |_| |_|_|_| |_|\__,_|
   __/ |                    
  |___/                     

gnina v1.3 master:97fa6bc+   Built Oct  3 2024.
gnina is based on smina and AutoDock Vina.
Please cite appropriately.

Commandline: gnina --receptor Proteinas_preparadas/EGFR.pdbqt --ligand Bases_conjuntas/Targets/EGFR_MAPK1/EGFR_MAPK1_545.pdbqt --autobox_ligand Compuestos_preparados/EGFR.pdbqt --autobox_add 18 --exhaustiveness 16 --cnn_scoring none --out docking/bases_conjuntas/EGFR_MAPK1_545_L_EGFR.pdbqt --log docking/bases_conjuntas/EGFR_MAPK1_545_L_EGFR.log
Using random seed: -1748539944

mode |  affinity  |  intramol  |    CNN     |   CNN
     | (kcal/mol) | (kcal/mol) | pose score | affinity
-----+------------+------------+------------+----------
    1       -7.65       -0.03      -1.0000      0.000
    2       -7.54       -0.14      -1.0000      0.000
    3       -7.43       -0.37      -1.0000      0.000
    4       -7.30       -0.36      -1.0000      0.000
    5       -6.92       -0.33      -1.0000      0.000
    6       -6.83       -0.18      -1.0000      0.000
    7       -6.82        0.24      -1.0000      0.000
    8       -6.80       -0.37      -1.0000      0.000
    9       -6.65       -0.38      -1.0000      0.000
