              _             
             (_)            
   __ _ _ __  _ _ __   __ _ 
  / _` | '_ \| | '_ \ / _` |
 | (_| | | | | | | | | (_| |
  \__, |_| |_|_|_| |_|\__,_|
   __/ |                    
  |___/                     

gnina v1.3 master:97fa6bc+   Built Oct  3 2024.
gnina is based on smina and AutoDock Vina.
Please cite appropriately.

Commandline: gnina --receptor Proteinas_preparadas/MAPK1.pdbqt --ligand Bases_conjuntas/Targets/EGFR_MAPK1/EGFR_MAPK1_847.pdbqt --autobox_ligand Compuestos_preparados/MAPK1.pdbqt --autobox_add 18 --exhaustiveness 16 --out docking/bases_conjuntas/EGFR_MAPK1_847_L_MAPK1.pdbqt --log docking/bases_conjuntas/EGFR_MAPK1_847_L_MAPK1.log
Using random seed: -955199104

mode |  affinity  |  intramol  |    CNN     |   CNN
     | (kcal/mol) | (kcal/mol) | pose score | affinity
-----+------------+------------+------------+----------
    1       -9.77       -0.98       0.4570      7.580
    2       -8.04       -0.71       0.3908      5.659
    3       -7.92       -0.44       0.3667      5.840
    4       -8.73        0.48       0.3591      6.270
    5       -7.89       -0.41       0.3560      6.853
    6       -8.91        2.37       0.3486      7.128
    7       -8.70       -0.55       0.3127      6.599
    8       -8.80        0.04       0.3092      6.439
    9       -7.69        0.11       0.2547      6.141
