              _             
             (_)            
   __ _ _ __  _ _ __   __ _ 
  / _` | '_ \| | '_ \ / _` |
 | (_| | | | | | | | | (_| |
  \__, |_| |_|_|_| |_|\__,_|
   __/ |                    
  |___/                     

gnina v1.3 master:97fa6bc+   Built Oct  3 2024.
gnina is based on smina and AutoDock Vina.
Please cite appropriately.

Commandline: gnina --receptor Proteinas_preparadas/MAPK1.pdbqt --ligand Bases_conjuntas/Targets/EGFR_MAPK1/EGFR_MAPK1_635.pdbqt --autobox_ligand Compuestos_preparados/MAPK1.pdbqt --autobox_add 18 --exhaustiveness 16 --out docking/bases_conjuntas/EGFR_MAPK1_635_L_MAPK1.pdbqt --log docking/bases_conjuntas/EGFR_MAPK1_635_L_MAPK1.log
Using random seed: -387920186

mode |  affinity  |  intramol  |    CNN     |   CNN
     | (kcal/mol) | (kcal/mol) | pose score | affinity
-----+------------+------------+------------+----------
    1       -7.99        0.12       0.4754      6.440
    2       -9.12       -0.50       0.4096      6.854
    3       -8.33        1.34       0.3509      6.594
    4       -8.11       -0.87       0.2935      5.891
    5       -8.48        1.96       0.2897      5.904
    6       -8.10        0.38       0.1946      6.033
    7       -8.02        0.25       0.1881      5.017
    8       -7.53       -1.23       0.1869      6.641
    9       -7.63       -0.64       0.1748      6.941
