              _             
             (_)            
   __ _ _ __  _ _ __   __ _ 
  / _` | '_ \| | '_ \ / _` |
 | (_| | | | | | | | | (_| |
  \__, |_| |_|_|_| |_|\__,_|
   __/ |                    
  |___/                     

gnina v1.3 master:97fa6bc+   Built Oct  3 2024.
gnina is based on smina and AutoDock Vina.
Please cite appropriately.

Commandline: gnina --receptor Proteinas_preparadas/MAPK1.pdbqt --ligand Bases_conjuntas/Targets/EGFR_MAPK1/EGFR_MAPK1_105.pdbqt --autobox_ligand Compuestos_preparados/MAPK1.pdbqt --autobox_add 18 --exhaustiveness 16 --cnn_scoring none --out docking/bases_conjuntas/EGFR_MAPK1_105_L_MAPK1.pdbqt --log docking/bases_conjuntas/EGFR_MAPK1_105_L_MAPK1.log
Using random seed: 2050685653

mode |  affinity  |  intramol  |    CNN     |   CNN
     | (kcal/mol) | (kcal/mol) | pose score | affinity
-----+------------+------------+------------+----------
    1      -10.00       -0.39      -1.0000      0.000
    2       -9.77       -0.71      -1.0000      0.000
    3       -9.62       -0.71      -1.0000      0.000
    4       -9.52        2.25      -1.0000      0.000
    5       -9.51       -1.13      -1.0000      0.000
    6       -9.49       -0.64      -1.0000      0.000
    7       -9.40       -0.72      -1.0000      0.000
    8       -9.32       -0.45      -1.0000      0.000
    9       -9.29       -0.70      -1.0000      0.000
