              _             
             (_)            
   __ _ _ __  _ _ __   __ _ 
  / _` | '_ \| | '_ \ / _` |
 | (_| | | | | | | | | (_| |
  \__, |_| |_|_|_| |_|\__,_|
   __/ |                    
  |___/                     

gnina v1.3 master:97fa6bc+   Built Oct  3 2024.
gnina is based on smina and AutoDock Vina.
Please cite appropriately.

Commandline: gnina --receptor Proteinas_preparadas/EGFR.pdbqt --ligand Bases_conjuntas/Targets/EGFR_MAPK1/EGFR_MAPK1_464.pdbqt --autobox_ligand Compuestos_preparados/EGFR.pdbqt --autobox_add 18 --exhaustiveness 16 --out docking/bases_conjuntas/EGFR_MAPK1_464_L_EGFR.pdbqt --log docking/bases_conjuntas/EGFR_MAPK1_464_L_EGFR.log
Using random seed: -873133840

mode |  affinity  |  intramol  |    CNN     |   CNN
     | (kcal/mol) | (kcal/mol) | pose score | affinity
-----+------------+------------+------------+----------
    1       -7.08        0.12       0.6860      6.558
    2       -6.66       -0.09       0.6391      6.606
    3       -7.21        0.82       0.5869      5.729
    4       -6.68       -0.05       0.5170      6.401
    5       -6.71        0.08       0.4388      5.884
    6       -7.22        0.04       0.4185      5.991
    7       -6.07        0.04       0.4100      6.024
    8       -7.17        2.10       0.3957      5.536
    9       -6.58        0.09       0.3768      5.627
