              _             
             (_)            
   __ _ _ __  _ _ __   __ _ 
  / _` | '_ \| | '_ \ / _` |
 | (_| | | | | | | | | (_| |
  \__, |_| |_|_|_| |_|\__,_|
   __/ |                    
  |___/                     

gnina v1.3 master:97fa6bc+   Built Oct  3 2024.
gnina is based on smina and AutoDock Vina.
Please cite appropriately.

Commandline: gnina --receptor Proteinas_preparadas/MAPK1.pdbqt --ligand Bases_conjuntas/Targets/EGFR_MAPK1/EGFR_MAPK1_81.pdbqt --autobox_ligand Compuestos_preparados/MAPK1.pdbqt --autobox_add 18 --exhaustiveness 16 --cnn_scoring none --out docking/bases_conjuntas/EGFR_MAPK1_81_L_MAPK1.pdbqt --log docking/bases_conjuntas/EGFR_MAPK1_81_L_MAPK1.log
Using random seed: -504643528

mode |  affinity  |  intramol  |    CNN     |   CNN
     | (kcal/mol) | (kcal/mol) | pose score | affinity
-----+------------+------------+------------+----------
    1       -8.86       -0.09      -1.0000      0.000
    2       -8.81        0.62      -1.0000      0.000
    3       -8.62       -0.64      -1.0000      0.000
    4       -8.56       -0.30      -1.0000      0.000
    5       -8.47       -0.37      -1.0000      0.000
    6       -8.43       -0.34      -1.0000      0.000
    7       -8.43       -0.45      -1.0000      0.000
    8       -8.19       -0.32      -1.0000      0.000
    9       -8.09       -0.86      -1.0000      0.000
