              _             
             (_)            
   __ _ _ __  _ _ __   __ _ 
  / _` | '_ \| | '_ \ / _` |
 | (_| | | | | | | | | (_| |
  \__, |_| |_|_|_| |_|\__,_|
   __/ |                    
  |___/                     

gnina v1.3 master:97fa6bc+   Built Oct  3 2024.
gnina is based on smina and AutoDock Vina.
Please cite appropriately.

Commandline: gnina --receptor Proteinas_preparadas/MAPK1.pdbqt --ligand Bases_conjuntas/Targets/EGFR_MAPK1/EGFR_MAPK1_942.pdbqt --autobox_ligand Compuestos_preparados/MAPK1.pdbqt --autobox_add 18 --exhaustiveness 16 --out docking/bases_conjuntas/EGFR_MAPK1_942_L_MAPK1.pdbqt --log docking/bases_conjuntas/EGFR_MAPK1_942_L_MAPK1.log
Using random seed: -1370157252

mode |  affinity  |  intramol  |    CNN     |   CNN
     | (kcal/mol) | (kcal/mol) | pose score | affinity
-----+------------+------------+------------+----------
    1       -8.56        0.24       0.7183      7.483
    2       -7.08        0.01       0.4393      6.539
    3       -7.55        0.25       0.4252      6.361
    4       -7.10        0.00       0.4013      6.915
    5       -7.62        0.19       0.3848      5.584
    6       -7.39       -0.86       0.3701      6.482
    7       -8.66       -0.73       0.2838      6.685
    8       -6.84        0.34       0.2636      5.566
    9       -7.40       -0.22       0.2396      6.359
