              _             
             (_)            
   __ _ _ __  _ _ __   __ _ 
  / _` | '_ \| | '_ \ / _` |
 | (_| | | | | | | | | (_| |
  \__, |_| |_|_|_| |_|\__,_|
   __/ |                    
  |___/                     

gnina v1.3 master:97fa6bc+   Built Oct  3 2024.
gnina is based on smina and AutoDock Vina.
Please cite appropriately.

Commandline: gnina --receptor Proteinas_preparadas/MAPK1.pdbqt --ligand Bases_conjuntas/Targets/EGFR_MAPK1/EGFR_MAPK1_718.pdbqt --autobox_ligand Compuestos_preparados/MAPK1.pdbqt --autobox_add 18 --exhaustiveness 16 --out docking/bases_conjuntas/EGFR_MAPK1_718_L_MAPK1.pdbqt --log docking/bases_conjuntas/EGFR_MAPK1_718_L_MAPK1.log
Using random seed: 1868319280

mode |  affinity  |  intramol  |    CNN     |   CNN
     | (kcal/mol) | (kcal/mol) | pose score | affinity
-----+------------+------------+------------+----------
    1       -8.53       -1.82       0.6166      7.627
    2       -7.55       -1.85       0.5032      7.497
    3       -7.36       -0.41       0.3999      7.142
    4       -7.48       -1.53       0.3623      6.670
    5       -7.40       -0.26       0.3621      5.905
    6       -6.42       -1.16       0.3591      6.834
    7       -6.54       -0.86       0.3100      5.907
    8       -7.22       -1.05       0.3039      6.722
    9       -7.41       -1.03       0.3032      6.210
