              _             
             (_)            
   __ _ _ __  _ _ __   __ _ 
  / _` | '_ \| | '_ \ / _` |
 | (_| | | | | | | | | (_| |
  \__, |_| |_|_|_| |_|\__,_|
   __/ |                    
  |___/                     

gnina v1.3 master:97fa6bc+   Built Oct  3 2024.
gnina is based on smina and AutoDock Vina.
Please cite appropriately.

Commandline: gnina --receptor Proteinas_preparadas/MAPK1.pdbqt --ligand Bases_conjuntas/Targets/EGFR_MAPK1/EGFR_MAPK1_204.pdbqt --autobox_ligand Compuestos_preparados/MAPK1.pdbqt --autobox_add 18 --exhaustiveness 16 --cnn_scoring none --out docking/bases_conjuntas/EGFR_MAPK1_204_L_MAPK1.pdbqt --log docking/bases_conjuntas/EGFR_MAPK1_204_L_MAPK1.log
Using random seed: 1318703337

mode |  affinity  |  intramol  |    CNN     |   CNN
     | (kcal/mol) | (kcal/mol) | pose score | affinity
-----+------------+------------+------------+----------
    1       -8.98       -1.54      -1.0000      0.000
    2       -8.30       -0.39      -1.0000      0.000
    3       -8.20       -0.86      -1.0000      0.000
    4       -8.18       -1.39      -1.0000      0.000
    5       -8.13       -0.92      -1.0000      0.000
    6       -8.09       -0.96      -1.0000      0.000
    7       -8.01       -0.99      -1.0000      0.000
    8       -7.99       -1.14      -1.0000      0.000
    9       -7.97       -1.02      -1.0000      0.000
