              _             
             (_)            
   __ _ _ __  _ _ __   __ _ 
  / _` | '_ \| | '_ \ / _` |
 | (_| | | | | | | | | (_| |
  \__, |_| |_|_|_| |_|\__,_|
   __/ |                    
  |___/                     

gnina v1.3 master:97fa6bc+   Built Oct  3 2024.
gnina is based on smina and AutoDock Vina.
Please cite appropriately.

Commandline: gnina --receptor Proteinas_preparadas/MAPK1.pdbqt --ligand Bases_conjuntas/Targets/EGFR_MAPK1/EGFR_MAPK1_209.pdbqt --autobox_ligand Compuestos_preparados/MAPK1.pdbqt --autobox_add 18 --exhaustiveness 16 --out docking/bases_conjuntas/EGFR_MAPK1_209_L_MAPK1.pdbqt --log docking/bases_conjuntas/EGFR_MAPK1_209_L_MAPK1.log
Using random seed: -1347772926

mode |  affinity  |  intramol  |    CNN     |   CNN
     | (kcal/mol) | (kcal/mol) | pose score | affinity
-----+------------+------------+------------+----------
    1       -7.70       -0.56       0.3195      6.594
    2       -7.82       -0.78       0.2385      6.589
    3       -7.03       -0.52       0.2382      6.676
    4       -8.85       -0.48       0.2320      6.696
    5       -7.54       -0.59       0.2267      6.179
    6       -7.29       -0.54       0.2238      6.309
    7       -6.96       -0.57       0.2168      6.165
    8       -7.98       -0.55       0.2137      7.141
    9       -8.02       -0.47       0.2132      6.438
