              _             
             (_)            
   __ _ _ __  _ _ __   __ _ 
  / _` | '_ \| | '_ \ / _` |
 | (_| | | | | | | | | (_| |
  \__, |_| |_|_|_| |_|\__,_|
   __/ |                    
  |___/                     

gnina v1.3 master:97fa6bc+   Built Oct  3 2024.
gnina is based on smina and AutoDock Vina.
Please cite appropriately.

Commandline: gnina --receptor Proteinas_preparadas/MAPK1.pdbqt --ligand Bases_conjuntas/Targets/EGFR_MAPK1/EGFR_MAPK1_827.pdbqt --autobox_ligand Compuestos_preparados/MAPK1.pdbqt --autobox_add 18 --exhaustiveness 16 --out docking/bases_conjuntas/EGFR_MAPK1_827_L_MAPK1.pdbqt --log docking/bases_conjuntas/EGFR_MAPK1_827_L_MAPK1.log
Using random seed: 1709819087

mode |  affinity  |  intramol  |    CNN     |   CNN
     | (kcal/mol) | (kcal/mol) | pose score | affinity
-----+------------+------------+------------+----------
    1       -8.84       -1.51       0.4093      7.409
    2       -7.21        0.06       0.3789      6.913
    3       -8.66       -1.12       0.3071      7.076
    4       -7.20       -0.30       0.2894      6.450
    5       -7.60       -1.56       0.2683      6.037
    6       -8.39       -0.03       0.2590      6.571
    7       -8.56       -1.05       0.2563      6.860
    8       -8.67        3.29       0.2470      6.741
    9       -9.12        0.70       0.2179      6.279
