              _             
             (_)            
   __ _ _ __  _ _ __   __ _ 
  / _` | '_ \| | '_ \ / _` |
 | (_| | | | | | | | | (_| |
  \__, |_| |_|_|_| |_|\__,_|
   __/ |                    
  |___/                     

gnina v1.3 master:97fa6bc+   Built Oct  3 2024.
gnina is based on smina and AutoDock Vina.
Please cite appropriately.

Commandline: gnina --receptor Proteinas_preparadas/EGFR.pdbqt --ligand Bases_conjuntas/Targets/EGFR_MAPK1/EGFR_MAPK1_1140.pdbqt --autobox_ligand Compuestos_preparados/EGFR.pdbqt --autobox_add 18 --exhaustiveness 16 --out docking/bases_conjuntas/EGFR_MAPK1_1140_L_EGFR.pdbqt --log docking/bases_conjuntas/EGFR_MAPK1_1140_L_EGFR.log
Using random seed: 743678576

mode |  affinity  |  intramol  |    CNN     |   CNN
     | (kcal/mol) | (kcal/mol) | pose score | affinity
-----+------------+------------+------------+----------
    1       -7.67        0.14       0.4173      5.703
    2       -8.00       -0.62       0.3472      6.260
    3       -7.59       -0.01       0.3322      5.632
    4       -7.50        1.38       0.3307      6.138
    5       -8.79       -0.60       0.2830      6.461
    6       -9.16       -1.25       0.2692      6.399
    7       -9.60       -0.02       0.2520      6.625
    8       -7.95       -1.26       0.2410      6.257
    9       -8.55        0.35       0.2393      6.890
