              _             
             (_)            
   __ _ _ __  _ _ __   __ _ 
  / _` | '_ \| | '_ \ / _` |
 | (_| | | | | | | | | (_| |
  \__, |_| |_|_|_| |_|\__,_|
   __/ |                    
  |___/                     

gnina v1.3 master:97fa6bc+   Built Oct  3 2024.
gnina is based on smina and AutoDock Vina.
Please cite appropriately.

Commandline: gnina --receptor Proteinas_preparadas/EGFR.pdbqt --ligand Bases_conjuntas/Targets/EGFR_MAPK1/EGFR_MAPK1_393.pdbqt --autobox_ligand Compuestos_preparados/EGFR.pdbqt --autobox_add 18 --exhaustiveness 16 --cnn_scoring none --out docking/bases_conjuntas/EGFR_MAPK1_393_L_EGFR.pdbqt --log docking/bases_conjuntas/EGFR_MAPK1_393_L_EGFR.log
Using random seed: -1537504367

mode |  affinity  |  intramol  |    CNN     |   CNN
     | (kcal/mol) | (kcal/mol) | pose score | affinity
-----+------------+------------+------------+----------
    1       -8.19       -1.22      -1.0000      0.000
    2       -8.18       -0.84      -1.0000      0.000
    3       -8.17       -1.47      -1.0000      0.000
    4       -8.17       -1.25      -1.0000      0.000
    5       -8.06       -0.92      -1.0000      0.000
    6       -8.06       -1.29      -1.0000      0.000
    7       -7.99       -1.96      -1.0000      0.000
    8       -7.97       -0.67      -1.0000      0.000
    9       -7.96       -1.30      -1.0000      0.000
