              _             
             (_)            
   __ _ _ __  _ _ __   __ _ 
  / _` | '_ \| | '_ \ / _` |
 | (_| | | | | | | | | (_| |
  \__, |_| |_|_|_| |_|\__,_|
   __/ |                    
  |___/                     

gnina v1.3 master:97fa6bc+   Built Oct  3 2024.
gnina is based on smina and AutoDock Vina.
Please cite appropriately.

Commandline: gnina --receptor Proteinas_preparadas/EGFR.pdbqt --ligand Bases_conjuntas/Targets/EGFR_MAPK1/EGFR_MAPK1_933.pdbqt --autobox_ligand Compuestos_preparados/EGFR.pdbqt --autobox_add 18 --exhaustiveness 16 --out docking/bases_conjuntas/EGFR_MAPK1_933_L_EGFR.pdbqt --log docking/bases_conjuntas/EGFR_MAPK1_933_L_EGFR.log
Using random seed: 2091252764

mode |  affinity  |  intramol  |    CNN     |   CNN
     | (kcal/mol) | (kcal/mol) | pose score | affinity
-----+------------+------------+------------+----------
    1       -8.36        0.98       0.8601      6.546
    2       -7.95       -1.21       0.6801      6.731
    3       -7.76        0.06       0.5806      6.235
    4       -8.65       -0.85       0.5523      6.780
    5       -8.03       -1.22       0.5171      6.374
    6       -8.20       -0.97       0.5025      5.987
    7       -8.67       -0.75       0.4681      5.778
    8      -10.49       -0.04       0.4212      6.672
    9       -7.74        0.01       0.4191      6.212
