              _             
             (_)            
   __ _ _ __  _ _ __   __ _ 
  / _` | '_ \| | '_ \ / _` |
 | (_| | | | | | | | | (_| |
  \__, |_| |_|_|_| |_|\__,_|
   __/ |                    
  |___/                     

gnina v1.3 master:97fa6bc+   Built Oct  3 2024.
gnina is based on smina and AutoDock Vina.
Please cite appropriately.

Commandline: gnina --receptor Proteinas_preparadas/EGFR.pdbqt --ligand Bases_conjuntas/Targets/EGFR_MAPK1/EGFR_MAPK1_203.pdbqt --autobox_ligand Compuestos_preparados/EGFR.pdbqt --autobox_add 18 --exhaustiveness 16 --out docking/bases_conjuntas/EGFR_MAPK1_203_L_EGFR.pdbqt --log docking/bases_conjuntas/EGFR_MAPK1_203_L_EGFR.log
Using random seed: 183902560

mode |  affinity  |  intramol  |    CNN     |   CNN
     | (kcal/mol) | (kcal/mol) | pose score | affinity
-----+------------+------------+------------+----------
    1       -6.38       -0.17       0.6525      6.204
    2       -7.35       -1.14       0.5808      6.544
    3       -6.76       -1.27       0.5040      6.162
    4       -6.25       -1.77       0.4593      6.193
    5       -6.52       -0.13       0.3387      5.905
    6       -6.32       -2.03       0.3322      6.239
    7       -7.47       -0.52       0.2953      5.949
    8       -8.10       -1.23       0.2790      6.047
    9       -6.33       -1.22       0.2699      5.696
