              _             
             (_)            
   __ _ _ __  _ _ __   __ _ 
  / _` | '_ \| | '_ \ / _` |
 | (_| | | | | | | | | (_| |
  \__, |_| |_|_|_| |_|\__,_|
   __/ |                    
  |___/                     

gnina v1.3 master:97fa6bc+   Built Oct  3 2024.
gnina is based on smina and AutoDock Vina.
Please cite appropriately.

Commandline: gnina --receptor Proteinas_preparadas/MAPK1.pdbqt --ligand Bases_conjuntas/Targets/EGFR_MAPK1/EGFR_MAPK1_1024.pdbqt --autobox_ligand Compuestos_preparados/MAPK1.pdbqt --autobox_add 18 --exhaustiveness 16 --out docking/bases_conjuntas/EGFR_MAPK1_1024_L_MAPK1.pdbqt --log docking/bases_conjuntas/EGFR_MAPK1_1024_L_MAPK1.log
Using random seed: -1535622576

mode |  affinity  |  intramol  |    CNN     |   CNN
     | (kcal/mol) | (kcal/mol) | pose score | affinity
-----+------------+------------+------------+----------
    1       -9.16       -1.26       0.7811      7.158
    2       -9.44       -0.94       0.7511      6.759
    3       -8.53       -0.48       0.7433      7.162
    4       -8.26       -0.85       0.7311      7.397
    5       -9.16       -1.00       0.6842      6.697
    6       -8.99       -0.07       0.6782      6.843
    7       -7.73       -0.97       0.6689      6.401
    8       -8.72       -0.43       0.6331      6.632
    9       -9.63       -1.36       0.5788      6.607
