              _             
             (_)            
   __ _ _ __  _ _ __   __ _ 
  / _` | '_ \| | '_ \ / _` |
 | (_| | | | | | | | | (_| |
  \__, |_| |_|_|_| |_|\__,_|
   __/ |                    
  |___/                     

gnina v1.3 master:97fa6bc+   Built Oct  3 2024.
gnina is based on smina and AutoDock Vina.
Please cite appropriately.

Commandline: gnina --receptor Proteinas_preparadas/MAPK1.pdbqt --ligand Bases_conjuntas/Targets/EGFR_MAPK1/EGFR_MAPK1_133.pdbqt --autobox_ligand Compuestos_preparados/MAPK1.pdbqt --autobox_add 18 --exhaustiveness 16 --out docking/bases_conjuntas/EGFR_MAPK1_133_L_MAPK1.pdbqt --log docking/bases_conjuntas/EGFR_MAPK1_133_L_MAPK1.log
Using random seed: 1173599548

mode |  affinity  |  intramol  |    CNN     |   CNN
     | (kcal/mol) | (kcal/mol) | pose score | affinity
-----+------------+------------+------------+----------
    1      -10.10       -1.58       0.4603      7.577
    2       -9.35       -0.35       0.3541      6.689
    3       -8.81       -0.48       0.3126      7.092
    4       -9.23       -0.41       0.3050      6.895
    5       -8.83       -0.62       0.2895      7.025
    6       -9.46       -1.14       0.2489      6.053
    7       -9.71       -1.60       0.2406      6.698
    8       -8.16       -1.42       0.2378      6.597
    9       -8.17       -0.08       0.2324      6.216
