              _             
             (_)            
   __ _ _ __  _ _ __   __ _ 
  / _` | '_ \| | '_ \ / _` |
 | (_| | | | | | | | | (_| |
  \__, |_| |_|_|_| |_|\__,_|
   __/ |                    
  |___/                     

gnina v1.3 master:97fa6bc+   Built Oct  3 2024.
gnina is based on smina and AutoDock Vina.
Please cite appropriately.

Commandline: gnina --receptor Proteinas_preparadas/MAPK1.pdbqt --ligand Bases_conjuntas/Targets/EGFR_MAPK1/EGFR_MAPK1_495.pdbqt --autobox_ligand Compuestos_preparados/MAPK1.pdbqt --autobox_add 18 --exhaustiveness 16 --out docking/bases_conjuntas/EGFR_MAPK1_495_L_MAPK1.pdbqt --log docking/bases_conjuntas/EGFR_MAPK1_495_L_MAPK1.log
Using random seed: 514007069

mode |  affinity  |  intramol  |    CNN     |   CNN
     | (kcal/mol) | (kcal/mol) | pose score | affinity
-----+------------+------------+------------+----------
    1       -8.73       -0.53       0.5986      6.970
    2       -8.58       -0.06       0.5802      7.065
    3       -9.45       -0.29       0.4673      6.971
    4       -8.82       -2.05       0.3830      7.511
    5       -8.25       -0.81       0.3312      6.568
    6       -9.51       -0.18       0.3197      8.006
    7       -9.25       -0.44       0.2769      6.079
    8       -8.59       -0.32       0.2599      6.543
    9       -8.43       -1.03       0.2594      7.237
