              _             
             (_)            
   __ _ _ __  _ _ __   __ _ 
  / _` | '_ \| | '_ \ / _` |
 | (_| | | | | | | | | (_| |
  \__, |_| |_|_|_| |_|\__,_|
   __/ |                    
  |___/                     

gnina v1.3 master:97fa6bc+   Built Oct  3 2024.
gnina is based on smina and AutoDock Vina.
Please cite appropriately.

Commandline: gnina --receptor Proteinas_preparadas/EGFR.pdbqt --ligand Bases_conjuntas/Targets/EGFR_MAPK1/EGFR_MAPK1_771.pdbqt --autobox_ligand Compuestos_preparados/EGFR.pdbqt --autobox_add 18 --exhaustiveness 16 --out docking/bases_conjuntas/EGFR_MAPK1_771_L_EGFR.pdbqt --log docking/bases_conjuntas/EGFR_MAPK1_771_L_EGFR.log
Using random seed: -2025923057

mode |  affinity  |  intramol  |    CNN     |   CNN
     | (kcal/mol) | (kcal/mol) | pose score | affinity
-----+------------+------------+------------+----------
    1       -6.97       -1.60       0.8245      8.020
    2       -6.92       -0.91       0.5024      7.466
    3       -6.64       -1.68       0.4225      6.983
    4       -7.11       -0.07       0.3747      6.591
    5       -6.72        0.43       0.3318      7.277
    6       -7.66       -2.03       0.2498      6.965
    7       -6.67       -0.63       0.2326      6.192
    8       -7.00       -1.91       0.1970      6.352
    9       -7.09       -2.12       0.1850      6.897
