              _             
             (_)            
   __ _ _ __  _ _ __   __ _ 
  / _` | '_ \| | '_ \ / _` |
 | (_| | | | | | | | | (_| |
  \__, |_| |_|_|_| |_|\__,_|
   __/ |                    
  |___/                     

gnina v1.3 master:97fa6bc+   Built Oct  3 2024.
gnina is based on smina and AutoDock Vina.
Please cite appropriately.

Commandline: gnina --receptor Proteinas_preparadas/EGFR.pdbqt --ligand Bases_conjuntas/Targets/EGFR_MAPK1/EGFR_MAPK1_277.pdbqt --autobox_ligand Compuestos_preparados/EGFR.pdbqt --autobox_add 18 --exhaustiveness 16 --out docking/bases_conjuntas/EGFR_MAPK1_277_L_EGFR.pdbqt --log docking/bases_conjuntas/EGFR_MAPK1_277_L_EGFR.log
Using random seed: 1776974203

mode |  affinity  |  intramol  |    CNN     |   CNN
     | (kcal/mol) | (kcal/mol) | pose score | affinity
-----+------------+------------+------------+----------
    1      -11.81        0.15       0.5032      7.594
    2       -9.83       -0.58       0.4216      7.338
    3      -11.27       -0.87       0.4145      7.433
    4       -9.56        0.32       0.3980      6.326
    5       -9.35       -1.15       0.3877      7.419
    6      -10.45        1.87       0.3545      6.745
    7      -10.49       -1.51       0.3493      6.661
    8      -12.11        0.20       0.3319      7.299
    9       -9.98       -0.70       0.3293      7.653
