              _             
             (_)            
   __ _ _ __  _ _ __   __ _ 
  / _` | '_ \| | '_ \ / _` |
 | (_| | | | | | | | | (_| |
  \__, |_| |_|_|_| |_|\__,_|
   __/ |                    
  |___/                     

gnina v1.3 master:97fa6bc+   Built Oct  3 2024.
gnina is based on smina and AutoDock Vina.
Please cite appropriately.

Commandline: gnina --receptor Proteinas_preparadas/MAPK1.pdbqt --ligand Bases_conjuntas/Targets/EGFR_MAPK1/EGFR_MAPK1_1138.pdbqt --autobox_ligand Compuestos_preparados/MAPK1.pdbqt --autobox_add 18 --exhaustiveness 16 --out docking/bases_conjuntas/EGFR_MAPK1_1138_L_MAPK1.pdbqt --log docking/bases_conjuntas/EGFR_MAPK1_1138_L_MAPK1.log
Using random seed: -975623965

mode |  affinity  |  intramol  |    CNN     |   CNN
     | (kcal/mol) | (kcal/mol) | pose score | affinity
-----+------------+------------+------------+----------
    1       -5.04        0.69       0.4493      4.936
    2       -7.67        2.41       0.3462      5.549
    3       -5.41        1.65       0.2157      4.630
    4       -5.00        0.73       0.1972      4.492
    5       -5.81       -2.52       0.1666      4.451
    6       -7.48        0.99       0.1604      5.521
    7       -5.36        0.85       0.1332      4.250
    8       -5.09        1.01       0.1323      4.649
    9       -5.85       -2.23       0.1181      4.145
