              _             
             (_)            
   __ _ _ __  _ _ __   __ _ 
  / _` | '_ \| | '_ \ / _` |
 | (_| | | | | | | | | (_| |
  \__, |_| |_|_|_| |_|\__,_|
   __/ |                    
  |___/                     

gnina v1.3 master:97fa6bc+   Built Oct  3 2024.
gnina is based on smina and AutoDock Vina.
Please cite appropriately.

Commandline: gnina --receptor Proteinas_preparadas/EGFR.pdbqt --ligand Bases_conjuntas/Targets/EGFR_MAPK1/EGFR_MAPK1_392.pdbqt --autobox_ligand Compuestos_preparados/EGFR.pdbqt --autobox_add 18 --exhaustiveness 16 --out docking/bases_conjuntas/EGFR_MAPK1_392_L_EGFR.pdbqt --log docking/bases_conjuntas/EGFR_MAPK1_392_L_EGFR.log
Using random seed: -1685353268

mode |  affinity  |  intramol  |    CNN     |   CNN
     | (kcal/mol) | (kcal/mol) | pose score | affinity
-----+------------+------------+------------+----------
    1       -7.59       -0.05       0.7243      7.129
    2       -8.74        0.23       0.6818      7.221
    3       -8.51        0.54       0.6400      7.017
    4       -6.96       -1.07       0.4252      5.647
    5       -7.84       -0.35       0.3979      5.871
    6       -7.13       -0.27       0.3831      5.774
    7       -7.01       -0.49       0.3750      5.371
    8       -7.66       -0.76       0.3685      6.534
    9       -7.46       -0.32       0.3685      5.799
