              _             
             (_)            
   __ _ _ __  _ _ __   __ _ 
  / _` | '_ \| | '_ \ / _` |
 | (_| | | | | | | | | (_| |
  \__, |_| |_|_|_| |_|\__,_|
   __/ |                    
  |___/                     

gnina v1.3 master:97fa6bc+   Built Oct  3 2024.
gnina is based on smina and AutoDock Vina.
Please cite appropriately.

Commandline: gnina --receptor Proteinas_preparadas/EGFR.pdbqt --ligand Bases_conjuntas/Targets/EGFR_MAPK1/EGFR_MAPK1_88.pdbqt --autobox_ligand Compuestos_preparados/EGFR.pdbqt --autobox_add 18 --exhaustiveness 16 --cnn_scoring none --out docking/bases_conjuntas/EGFR_MAPK1_88_L_EGFR.pdbqt --log docking/bases_conjuntas/EGFR_MAPK1_88_L_EGFR.log
Using random seed: 2014134349

mode |  affinity  |  intramol  |    CNN     |   CNN
     | (kcal/mol) | (kcal/mol) | pose score | affinity
-----+------------+------------+------------+----------
    1       -9.71        0.43      -1.0000      0.000
    2       -9.11        0.77      -1.0000      0.000
    3       -8.99        1.21      -1.0000      0.000
    4       -8.97        0.84      -1.0000      0.000
    5       -8.88        0.39      -1.0000      0.000
    6       -8.86        2.48      -1.0000      0.000
    7       -8.78        1.28      -1.0000      0.000
    8       -8.67       -0.43      -1.0000      0.000
    9       -8.66        0.14      -1.0000      0.000
