              _             
             (_)            
   __ _ _ __  _ _ __   __ _ 
  / _` | '_ \| | '_ \ / _` |
 | (_| | | | | | | | | (_| |
  \__, |_| |_|_|_| |_|\__,_|
   __/ |                    
  |___/                     

gnina v1.3 master:97fa6bc+   Built Oct  3 2024.
gnina is based on smina and AutoDock Vina.
Please cite appropriately.

Commandline: gnina --receptor Proteinas_preparadas/EGFR.pdbqt --ligand Bases_conjuntas/Targets/EGFR_MAPK1/EGFR_MAPK1_864.pdbqt --autobox_ligand Compuestos_preparados/EGFR.pdbqt --autobox_add 18 --exhaustiveness 16 --out docking/bases_conjuntas/EGFR_MAPK1_864_L_EGFR.pdbqt --log docking/bases_conjuntas/EGFR_MAPK1_864_L_EGFR.log
Using random seed: 1312664856

mode |  affinity  |  intramol  |    CNN     |   CNN
     | (kcal/mol) | (kcal/mol) | pose score | affinity
-----+------------+------------+------------+----------
    1       -9.14       -0.74       0.8314      7.520
    2       -9.23       -0.68       0.7689      7.428
    3       -9.20       -0.95       0.3345      6.840
    4       -9.35       -0.44       0.3112      6.971
    5       -7.58       -0.27       0.2917      6.528
    6       -9.14       -0.61       0.2678      6.386
    7       -7.86       -1.34       0.2607      6.083
    8       -9.84        0.03       0.2547      6.953
    9       -9.53       -0.85       0.2495      6.742
