              _             
             (_)            
   __ _ _ __  _ _ __   __ _ 
  / _` | '_ \| | '_ \ / _` |
 | (_| | | | | | | | | (_| |
  \__, |_| |_|_|_| |_|\__,_|
   __/ |                    
  |___/                     

gnina v1.3 master:97fa6bc+   Built Oct  3 2024.
gnina is based on smina and AutoDock Vina.
Please cite appropriately.

Commandline: gnina --receptor Proteinas_preparadas/EGFR.pdbqt --ligand Bases_conjuntas/Targets/EGFR_MAPK1/EGFR_MAPK1_522.pdbqt --autobox_ligand Compuestos_preparados/EGFR.pdbqt --autobox_add 18 --exhaustiveness 16 --cnn_scoring none --out docking/bases_conjuntas/EGFR_MAPK1_522_L_EGFR.pdbqt --log docking/bases_conjuntas/EGFR_MAPK1_522_L_EGFR.log
Using random seed: 456263691

mode |  affinity  |  intramol  |    CNN     |   CNN
     | (kcal/mol) | (kcal/mol) | pose score | affinity
-----+------------+------------+------------+----------
    1       -9.03       -0.62      -1.0000      0.000
    2       -8.97       -0.04      -1.0000      0.000
    3       -8.85       -0.22      -1.0000      0.000
    4       -8.78        0.02      -1.0000      0.000
    5       -8.59       -0.60      -1.0000      0.000
    6       -8.57       -0.60      -1.0000      0.000
    7       -8.53       -0.20      -1.0000      0.000
    8       -8.49       -0.41      -1.0000      0.000
    9       -8.43        0.87      -1.0000      0.000
