              _             
             (_)            
   __ _ _ __  _ _ __   __ _ 
  / _` | '_ \| | '_ \ / _` |
 | (_| | | | | | | | | (_| |
  \__, |_| |_|_|_| |_|\__,_|
   __/ |                    
  |___/                     

gnina v1.3 master:97fa6bc+   Built Oct  3 2024.
gnina is based on smina and AutoDock Vina.
Please cite appropriately.

Commandline: gnina --receptor Proteinas_preparadas/MAPK1.pdbqt --ligand Bases_conjuntas/Targets/EGFR_MAPK1/EGFR_MAPK1_386.pdbqt --autobox_ligand Compuestos_preparados/MAPK1.pdbqt --autobox_add 18 --exhaustiveness 16 --out docking/bases_conjuntas/EGFR_MAPK1_386_L_MAPK1.pdbqt --log docking/bases_conjuntas/EGFR_MAPK1_386_L_MAPK1.log
Using random seed: 263772502

mode |  affinity  |  intramol  |    CNN     |   CNN
     | (kcal/mol) | (kcal/mol) | pose score | affinity
-----+------------+------------+------------+----------
    1       -9.13       -0.44       0.4806      6.875
    2       -7.88       -0.92       0.4697      6.255
    3       -7.05        1.40       0.3857      6.149
    4       -7.31       -1.37       0.3410      6.069
    5       -9.44        1.49       0.3324      6.540
    6       -8.48       -0.46       0.2779      5.948
    7       -7.06       -0.38       0.2645      5.548
    8       -7.18        0.31       0.2569      5.874
    9       -8.70       -0.51       0.2491      6.288
