              _             
             (_)            
   __ _ _ __  _ _ __   __ _ 
  / _` | '_ \| | '_ \ / _` |
 | (_| | | | | | | | | (_| |
  \__, |_| |_|_|_| |_|\__,_|
   __/ |                    
  |___/                     

gnina v1.3 master:97fa6bc+   Built Oct  3 2024.
gnina is based on smina and AutoDock Vina.
Please cite appropriately.

Commandline: gnina --receptor Proteinas_preparadas/MAPK1.pdbqt --ligand Bases_conjuntas/Targets/EGFR_MAPK1/EGFR_MAPK1_1052.pdbqt --autobox_ligand Compuestos_preparados/MAPK1.pdbqt --autobox_add 18 --exhaustiveness 16 --out docking/bases_conjuntas/EGFR_MAPK1_1052_L_MAPK1.pdbqt --log docking/bases_conjuntas/EGFR_MAPK1_1052_L_MAPK1.log
Using random seed: 1444938114

mode |  affinity  |  intramol  |    CNN     |   CNN
     | (kcal/mol) | (kcal/mol) | pose score | affinity
-----+------------+------------+------------+----------
    1      -10.83        2.24       0.6695      7.099
    2       -7.16       -0.12       0.5297      5.577
    3       -7.13       -0.52       0.5226      6.052
    4       -8.02       -0.09       0.5141      6.501
    5       -6.49       -0.64       0.4719      5.673
    6      -10.15       -0.26       0.4151      6.789
    7       -7.12        0.57       0.3891      6.145
    8       -7.49       -0.05       0.3738      6.139
    9       -7.42       -0.20       0.3402      5.601
