              _             
             (_)            
   __ _ _ __  _ _ __   __ _ 
  / _` | '_ \| | '_ \ / _` |
 | (_| | | | | | | | | (_| |
  \__, |_| |_|_|_| |_|\__,_|
   __/ |                    
  |___/                     

gnina v1.3 master:97fa6bc+   Built Oct  3 2024.
gnina is based on smina and AutoDock Vina.
Please cite appropriately.

Commandline: gnina --receptor Proteinas_preparadas/MAPK1.pdbqt --ligand Bases_conjuntas/Targets/EGFR_MAPK1/EGFR_MAPK1_915.pdbqt --autobox_ligand Compuestos_preparados/MAPK1.pdbqt --autobox_add 18 --exhaustiveness 16 --out docking/bases_conjuntas/EGFR_MAPK1_915_L_MAPK1.pdbqt --log docking/bases_conjuntas/EGFR_MAPK1_915_L_MAPK1.log
Using random seed: 218710025

mode |  affinity  |  intramol  |    CNN     |   CNN
     | (kcal/mol) | (kcal/mol) | pose score | affinity
-----+------------+------------+------------+----------
    1       -7.71        0.34       0.4371      7.374
    2       -8.51        0.93       0.3623      6.353
    3       -7.82       -1.51       0.3568      7.293
    4       -8.35        0.95       0.3224      7.064
    5       -8.26       -1.23       0.3011      6.295
    6       -8.44       -0.90       0.2627      6.012
    7       -7.47       -0.81       0.2399      5.558
    8       -8.05       -1.84       0.2299      6.941
    9       -7.38       -0.09       0.2238      7.439
