              _             
             (_)            
   __ _ _ __  _ _ __   __ _ 
  / _` | '_ \| | '_ \ / _` |
 | (_| | | | | | | | | (_| |
  \__, |_| |_|_|_| |_|\__,_|
   __/ |                    
  |___/                     

gnina v1.3 master:97fa6bc+   Built Oct  3 2024.
gnina is based on smina and AutoDock Vina.
Please cite appropriately.

Commandline: gnina --receptor Proteinas_preparadas/EGFR.pdbqt --ligand Bases_conjuntas/Targets/EGFR_MAPK1/EGFR_MAPK1_385.pdbqt --autobox_ligand Compuestos_preparados/EGFR.pdbqt --autobox_add 18 --exhaustiveness 16 --cnn_scoring none --out docking/bases_conjuntas/EGFR_MAPK1_385_L_EGFR.pdbqt --log docking/bases_conjuntas/EGFR_MAPK1_385_L_EGFR.log
Using random seed: -1555582004

mode |  affinity  |  intramol  |    CNN     |   CNN
     | (kcal/mol) | (kcal/mol) | pose score | affinity
-----+------------+------------+------------+----------
    1       -7.72       -1.31      -1.0000      0.000
    2       -7.72       -1.00      -1.0000      0.000
    3       -7.71       -1.73      -1.0000      0.000
    4       -7.64       -1.34      -1.0000      0.000
    5       -7.62       -1.25      -1.0000      0.000
    6       -7.60        4.28      -1.0000      0.000
    7       -7.54       -1.44      -1.0000      0.000
    8       -7.53       -1.11      -1.0000      0.000
    9       -7.43       -1.15      -1.0000      0.000
