              _             
             (_)            
   __ _ _ __  _ _ __   __ _ 
  / _` | '_ \| | '_ \ / _` |
 | (_| | | | | | | | | (_| |
  \__, |_| |_|_|_| |_|\__,_|
   __/ |                    
  |___/                     

gnina v1.3 master:97fa6bc+   Built Oct  3 2024.
gnina is based on smina and AutoDock Vina.
Please cite appropriately.

Commandline: gnina --receptor Proteinas_preparadas/MAPK1.pdbqt --ligand Bases_conjuntas/Targets/EGFR_MAPK1/EGFR_MAPK1_295.pdbqt --autobox_ligand Compuestos_preparados/MAPK1.pdbqt --autobox_add 18 --exhaustiveness 16 --out docking/bases_conjuntas/EGFR_MAPK1_295_L_MAPK1.pdbqt --log docking/bases_conjuntas/EGFR_MAPK1_295_L_MAPK1.log
Using random seed: -858682996

mode |  affinity  |  intramol  |    CNN     |   CNN
     | (kcal/mol) | (kcal/mol) | pose score | affinity
-----+------------+------------+------------+----------
    1      -10.06        0.11       0.6740      7.543
    2       -7.43       -0.25       0.6496      6.811
    3       -8.15       -0.78       0.6327      7.169
    4       -7.44        0.17       0.6219      7.272
    5       -7.84       -1.30       0.6181      6.834
    6       -7.42       -0.00       0.6037      6.446
    7       -7.22       -0.39       0.5729      6.413
    8       -7.83       -1.17       0.5477      6.587
    9       -9.03       -0.72       0.4798      6.676
