              _             
             (_)            
   __ _ _ __  _ _ __   __ _ 
  / _` | '_ \| | '_ \ / _` |
 | (_| | | | | | | | | (_| |
  \__, |_| |_|_|_| |_|\__,_|
   __/ |                    
  |___/                     

gnina v1.3 master:97fa6bc+   Built Oct  3 2024.
gnina is based on smina and AutoDock Vina.
Please cite appropriately.

Commandline: gnina --receptor Proteinas_preparadas/MAPK1.pdbqt --ligand Bases_conjuntas/Targets/EGFR_MAPK1/EGFR_MAPK1_1091.pdbqt --autobox_ligand Compuestos_preparados/MAPK1.pdbqt --autobox_add 18 --exhaustiveness 16 --out docking/bases_conjuntas/EGFR_MAPK1_1091_L_MAPK1.pdbqt --log docking/bases_conjuntas/EGFR_MAPK1_1091_L_MAPK1.log
Using random seed: -970788222

mode |  affinity  |  intramol  |    CNN     |   CNN
     | (kcal/mol) | (kcal/mol) | pose score | affinity
-----+------------+------------+------------+----------
    1       -8.27       -1.21       0.2659      8.072
    2       -9.15       -0.78       0.1418      7.045
    3       -8.13       -1.36       0.1402      6.448
    4       -8.07       -1.44       0.1119      6.286
    5       -7.39       -0.95       0.0983      6.155
    6       -7.72       -1.81       0.0974      6.675
    7       -7.37       -1.49       0.0947      6.601
    8       -8.53       -1.54       0.0765      5.628
    9       -8.66       -1.06       0.0710      6.548
