              _             
             (_)            
   __ _ _ __  _ _ __   __ _ 
  / _` | '_ \| | '_ \ / _` |
 | (_| | | | | | | | | (_| |
  \__, |_| |_|_|_| |_|\__,_|
   __/ |                    
  |___/                     

gnina v1.3 master:97fa6bc+   Built Oct  3 2024.
gnina is based on smina and AutoDock Vina.
Please cite appropriately.

Commandline: gnina --receptor Proteinas_preparadas/EGFR.pdbqt --ligand Bases_conjuntas/Targets/EGFR_MAPK1/EGFR_MAPK1_510.pdbqt --autobox_ligand Compuestos_preparados/EGFR.pdbqt --autobox_add 18 --exhaustiveness 16 --out docking/bases_conjuntas/EGFR_MAPK1_510_L_EGFR.pdbqt --log docking/bases_conjuntas/EGFR_MAPK1_510_L_EGFR.log
Using random seed: -1261377461

mode |  affinity  |  intramol  |    CNN     |   CNN
     | (kcal/mol) | (kcal/mol) | pose score | affinity
-----+------------+------------+------------+----------
    1       -8.03        3.54       0.6747      6.224
    2       -8.69       -0.53       0.6314      6.534
    3       -7.33        0.18       0.5694      6.784
    4       -7.58       -0.56       0.5378      6.145
    5       -7.46       -0.32       0.4818      5.773
    6       -7.67        0.62       0.3811      6.218
    7       -7.49       -0.52       0.3682      6.436
    8       -8.34       -0.11       0.3465      5.749
    9       -7.30       -0.21       0.3103      6.031
