              _             
             (_)            
   __ _ _ __  _ _ __   __ _ 
  / _` | '_ \| | '_ \ / _` |
 | (_| | | | | | | | | (_| |
  \__, |_| |_|_|_| |_|\__,_|
   __/ |                    
  |___/                     

gnina v1.3 master:97fa6bc+   Built Oct  3 2024.
gnina is based on smina and AutoDock Vina.
Please cite appropriately.

Commandline: gnina --receptor Proteinas_preparadas/EGFR.pdbqt --ligand Bases_conjuntas/Targets/EGFR_MAPK1/EGFR_MAPK1_1139.pdbqt --autobox_ligand Compuestos_preparados/EGFR.pdbqt --autobox_add 18 --exhaustiveness 16 --out docking/bases_conjuntas/EGFR_MAPK1_1139_L_EGFR.pdbqt --log docking/bases_conjuntas/EGFR_MAPK1_1139_L_EGFR.log
Using random seed: 1577079060

mode |  affinity  |  intramol  |    CNN     |   CNN
     | (kcal/mol) | (kcal/mol) | pose score | affinity
-----+------------+------------+------------+----------
    1       -8.78        5.24       0.1982      6.590
    2       -8.74        0.35       0.1449      6.484
    3       -9.12       -0.89       0.1196      5.994
    4       -8.94       -0.62       0.1165      6.582
    5       -8.81        1.79       0.1131      5.826
    6       -9.14       -1.22       0.0998      6.212
    7       -9.40        0.08       0.0952      6.373
    8       -8.90        3.78       0.0923      6.342
    9       -8.90       -0.27       0.0908      6.547
