              _             
             (_)            
   __ _ _ __  _ _ __   __ _ 
  / _` | '_ \| | '_ \ / _` |
 | (_| | | | | | | | | (_| |
  \__, |_| |_|_|_| |_|\__,_|
   __/ |                    
  |___/                     

gnina v1.3 master:97fa6bc+   Built Oct  3 2024.
gnina is based on smina and AutoDock Vina.
Please cite appropriately.

Commandline: gnina --receptor Proteinas_preparadas/MAPK1.pdbqt --ligand Bases_conjuntas/Targets/EGFR_MAPK1/EGFR_MAPK1_905.pdbqt --autobox_ligand Compuestos_preparados/MAPK1.pdbqt --autobox_add 18 --exhaustiveness 16 --out docking/bases_conjuntas/EGFR_MAPK1_905_L_MAPK1.pdbqt --log docking/bases_conjuntas/EGFR_MAPK1_905_L_MAPK1.log
Using random seed: -2067721446

mode |  affinity  |  intramol  |    CNN     |   CNN
     | (kcal/mol) | (kcal/mol) | pose score | affinity
-----+------------+------------+------------+----------
    1       -7.08       -0.10       0.6818      6.417
    2       -5.86       -1.11       0.4104      6.021
    3       -6.88       -1.24       0.3725      6.072
    4       -6.22       -1.00       0.3363      5.507
    5       -5.97       -0.94       0.3343      5.456
    6       -8.20       -0.99       0.3027      6.044
    7       -8.67       -1.46       0.2737      6.714
    8       -5.71       -1.03       0.2709      5.160
    9       -4.96       -1.33       0.2592      5.678
