              _             
             (_)            
   __ _ _ __  _ _ __   __ _ 
  / _` | '_ \| | '_ \ / _` |
 | (_| | | | | | | | | (_| |
  \__, |_| |_|_|_| |_|\__,_|
   __/ |                    
  |___/                     

gnina v1.3 master:97fa6bc+   Built Oct  3 2024.
gnina is based on smina and AutoDock Vina.
Please cite appropriately.

Commandline: gnina --receptor Proteinas_preparadas/EGFR.pdbqt --ligand Bases_conjuntas/Targets/EGFR_MAPK1/EGFR_MAPK1_810.pdbqt --autobox_ligand Compuestos_preparados/EGFR.pdbqt --autobox_add 18 --exhaustiveness 16 --out docking/bases_conjuntas/EGFR_MAPK1_810_L_EGFR.pdbqt --log docking/bases_conjuntas/EGFR_MAPK1_810_L_EGFR.log
Using random seed: 710129080

mode |  affinity  |  intramol  |    CNN     |   CNN
     | (kcal/mol) | (kcal/mol) | pose score | affinity
-----+------------+------------+------------+----------
    1       -7.46       -0.82       0.5538      6.051
    2       -7.19       -0.37       0.4911      6.319
    3       -7.92       -0.65       0.3669      6.495
    4       -7.13        0.24       0.3402      5.865
    5       -8.25        0.07       0.3140      6.663
    6       -8.88       -0.49       0.3138      6.771
    7       -7.33       -1.09       0.2511      5.810
    8       -7.60        0.38       0.2343      5.464
    9       -9.10        1.56       0.2260      6.387
