              _             
             (_)            
   __ _ _ __  _ _ __   __ _ 
  / _` | '_ \| | '_ \ / _` |
 | (_| | | | | | | | | (_| |
  \__, |_| |_|_|_| |_|\__,_|
   __/ |                    
  |___/                     

gnina v1.3 master:97fa6bc+   Built Oct  3 2024.
gnina is based on smina and AutoDock Vina.
Please cite appropriately.

Commandline: gnina --receptor Proteinas_preparadas/EGFR.pdbqt --ligand Bases_conjuntas/Targets/EGFR_MAPK1/EGFR_MAPK1_504.pdbqt --autobox_ligand Compuestos_preparados/EGFR.pdbqt --autobox_add 18 --exhaustiveness 16 --cnn_scoring none --out docking/bases_conjuntas/EGFR_MAPK1_504_L_EGFR.pdbqt --log docking/bases_conjuntas/EGFR_MAPK1_504_L_EGFR.log
Using random seed: 876986760

mode |  affinity  |  intramol  |    CNN     |   CNN
     | (kcal/mol) | (kcal/mol) | pose score | affinity
-----+------------+------------+------------+----------
    1       -9.97        0.27      -1.0000      0.000
    2       -9.69        0.45      -1.0000      0.000
    3       -9.64       -0.77      -1.0000      0.000
    4       -9.30        0.72      -1.0000      0.000
    5       -9.22       -0.26      -1.0000      0.000
    6       -9.20        0.30      -1.0000      0.000
    7       -9.19       -0.43      -1.0000      0.000
    8       -9.08       -0.38      -1.0000      0.000
    9       -9.07       -0.76      -1.0000      0.000
