              _             
             (_)            
   __ _ _ __  _ _ __   __ _ 
  / _` | '_ \| | '_ \ / _` |
 | (_| | | | | | | | | (_| |
  \__, |_| |_|_|_| |_|\__,_|
   __/ |                    
  |___/                     

gnina v1.3 master:97fa6bc+   Built Oct  3 2024.
gnina is based on smina and AutoDock Vina.
Please cite appropriately.

Commandline: gnina --receptor Proteinas_preparadas/MAPK1.pdbqt --ligand Bases_conjuntas/Targets/EGFR_MAPK1/EGFR_MAPK1_368.pdbqt --autobox_ligand Compuestos_preparados/MAPK1.pdbqt --autobox_add 18 --exhaustiveness 16 --out docking/bases_conjuntas/EGFR_MAPK1_368_L_MAPK1.pdbqt --log docking/bases_conjuntas/EGFR_MAPK1_368_L_MAPK1.log
Using random seed: 1596075378

mode |  affinity  |  intramol  |    CNN     |   CNN
     | (kcal/mol) | (kcal/mol) | pose score | affinity
-----+------------+------------+------------+----------
    1       -9.07       -1.02       0.6026      7.140
    2       -6.71       -0.94       0.5826      5.784
    3       -9.16        0.72       0.5738      6.929
    4       -6.90       -0.98       0.4768      5.264
    5       -8.42        5.41       0.4440      6.449
    6       -7.33        0.30       0.4203      6.286
    7       -7.24       -0.63       0.3697      5.694
    8       -7.71       -0.22       0.3493      6.310
    9       -6.64       -1.03       0.3373      5.366
