              _             
             (_)            
   __ _ _ __  _ _ __   __ _ 
  / _` | '_ \| | '_ \ / _` |
 | (_| | | | | | | | | (_| |
  \__, |_| |_|_|_| |_|\__,_|
   __/ |                    
  |___/                     

gnina v1.3 master:97fa6bc+   Built Oct  3 2024.
gnina is based on smina and AutoDock Vina.
Please cite appropriately.

Commandline: gnina --receptor Proteinas_preparadas/EGFR.pdbqt --ligand Bases_conjuntas/Targets/EGFR_MAPK1/EGFR_MAPK1_629.pdbqt --autobox_ligand Compuestos_preparados/EGFR.pdbqt --autobox_add 18 --exhaustiveness 16 --out docking/bases_conjuntas/EGFR_MAPK1_629_L_EGFR.pdbqt --log docking/bases_conjuntas/EGFR_MAPK1_629_L_EGFR.log
Using random seed: 737328282

mode |  affinity  |  intramol  |    CNN     |   CNN
     | (kcal/mol) | (kcal/mol) | pose score | affinity
-----+------------+------------+------------+----------
    1       -7.35        0.03       0.7867      7.297
    2       -7.62        0.23       0.7153      6.986
    3       -7.47        0.07       0.5481      6.263
    4       -7.42       -0.90       0.2987      6.004
    5       -7.78       -0.83       0.2348      5.413
    6       -7.42       -0.73       0.1915      6.145
    7       -7.41        0.03       0.1873      5.802
    8       -7.78        0.67       0.1758      5.782
    9       -7.91        0.60       0.1737      5.929
