              _             
             (_)            
   __ _ _ __  _ _ __   __ _ 
  / _` | '_ \| | '_ \ / _` |
 | (_| | | | | | | | | (_| |
  \__, |_| |_|_|_| |_|\__,_|
   __/ |                    
  |___/                     

gnina v1.3 master:97fa6bc+   Built Oct  3 2024.
gnina is based on smina and AutoDock Vina.
Please cite appropriately.

Commandline: gnina --receptor Proteinas_preparadas/MAPK1.pdbqt --ligand Bases_conjuntas/Targets/EGFR_MAPK1/EGFR_MAPK1_772.pdbqt --autobox_ligand Compuestos_preparados/MAPK1.pdbqt --autobox_add 18 --exhaustiveness 16 --out docking/bases_conjuntas/EGFR_MAPK1_772_L_MAPK1.pdbqt --log docking/bases_conjuntas/EGFR_MAPK1_772_L_MAPK1.log
Using random seed: 738322104

mode |  affinity  |  intramol  |    CNN     |   CNN
     | (kcal/mol) | (kcal/mol) | pose score | affinity
-----+------------+------------+------------+----------
    1       -7.48       -1.17       0.3845      6.477
    2       -8.02       -0.72       0.3159      6.472
    3       -7.22        0.11       0.2701      6.128
    4       -9.67       -0.13       0.2392      6.873
    5       -7.17       -1.28       0.2222      6.011
    6       -7.00       -1.32       0.2180      5.705
    7       -8.32       -0.89       0.2052      6.459
    8       -8.18       -1.19       0.1821      5.544
    9       -7.67       -1.21       0.1800      6.105
