              _             
             (_)            
   __ _ _ __  _ _ __   __ _ 
  / _` | '_ \| | '_ \ / _` |
 | (_| | | | | | | | | (_| |
  \__, |_| |_|_|_| |_|\__,_|
   __/ |                    
  |___/                     

gnina v1.3 master:97fa6bc+   Built Oct  3 2024.
gnina is based on smina and AutoDock Vina.
Please cite appropriately.

Commandline: gnina --receptor Proteinas_preparadas/MAPK1.pdbqt --ligand Bases_conjuntas/Targets/EGFR_MAPK1/EGFR_MAPK1_775.pdbqt --autobox_ligand Compuestos_preparados/MAPK1.pdbqt --autobox_add 18 --exhaustiveness 16 --out docking/bases_conjuntas/EGFR_MAPK1_775_L_MAPK1.pdbqt --log docking/bases_conjuntas/EGFR_MAPK1_775_L_MAPK1.log
Using random seed: 730865664

mode |  affinity  |  intramol  |    CNN     |   CNN
     | (kcal/mol) | (kcal/mol) | pose score | affinity
-----+------------+------------+------------+----------
    1       -7.25        0.20       0.5163      6.879
    2      -10.34        0.47       0.2831      7.214
    3       -7.98       -0.15       0.2742      6.379
    4       -8.94       -1.76       0.2593      6.954
    5       -8.12       -0.28       0.2525      6.169
    6       -8.09       -0.47       0.2367      6.572
    7       -9.09       -0.32       0.2342      7.197
    8       -7.40       -1.38       0.2309      6.215
    9       -6.85       -0.96       0.2188      6.042
