              _             
             (_)            
   __ _ _ __  _ _ __   __ _ 
  / _` | '_ \| | '_ \ / _` |
 | (_| | | | | | | | | (_| |
  \__, |_| |_|_|_| |_|\__,_|
   __/ |                    
  |___/                     

gnina v1.3 master:97fa6bc+   Built Oct  3 2024.
gnina is based on smina and AutoDock Vina.
Please cite appropriately.

Commandline: gnina --receptor Proteinas_preparadas/EGFR.pdbqt --ligand Bases_conjuntas/Targets/EGFR_MAPK1/EGFR_MAPK1_161.pdbqt --autobox_ligand Compuestos_preparados/EGFR.pdbqt --autobox_add 18 --exhaustiveness 16 --cnn_scoring none --out docking/bases_conjuntas/EGFR_MAPK1_161_L_EGFR.pdbqt --log docking/bases_conjuntas/EGFR_MAPK1_161_L_EGFR.log
Using random seed: -1924851928

mode |  affinity  |  intramol  |    CNN     |   CNN
     | (kcal/mol) | (kcal/mol) | pose score | affinity
-----+------------+------------+------------+----------
    1       -9.93       -0.15      -1.0000      0.000
    2       -9.87        0.95      -1.0000      0.000
    3       -9.82        0.86      -1.0000      0.000
    4       -9.52        2.14      -1.0000      0.000
    5       -9.42       -0.22      -1.0000      0.000
    6       -9.19       -0.73      -1.0000      0.000
    7       -9.16        0.70      -1.0000      0.000
    8       -8.98        0.50      -1.0000      0.000
    9       -8.89       -0.30      -1.0000      0.000
