              _             
             (_)            
   __ _ _ __  _ _ __   __ _ 
  / _` | '_ \| | '_ \ / _` |
 | (_| | | | | | | | | (_| |
  \__, |_| |_|_|_| |_|\__,_|
   __/ |                    
  |___/                     

gnina v1.3 master:97fa6bc+   Built Oct  3 2024.
gnina is based on smina and AutoDock Vina.
Please cite appropriately.

Commandline: gnina --receptor Proteinas_preparadas/MAPK1.pdbqt --ligand Bases_conjuntas/Targets/EGFR_MAPK1/EGFR_MAPK1_677.pdbqt --autobox_ligand Compuestos_preparados/MAPK1.pdbqt --autobox_add 18 --exhaustiveness 16 --out docking/bases_conjuntas/EGFR_MAPK1_677_L_MAPK1.pdbqt --log docking/bases_conjuntas/EGFR_MAPK1_677_L_MAPK1.log
Using random seed: 974628236

mode |  affinity  |  intramol  |    CNN     |   CNN
     | (kcal/mol) | (kcal/mol) | pose score | affinity
-----+------------+------------+------------+----------
    1       -6.56       -0.18       0.4937      5.967
    2       -6.41       -1.03       0.4462      6.380
    3       -6.72        0.26       0.3970      5.100
    4       -7.79        0.84       0.3432      6.893
    5       -6.98       -0.51       0.3189      5.631
    6       -8.47        0.04       0.2721      6.614
    7       -8.49       -0.67       0.2633      6.646
    8       -7.43        0.91       0.2373      5.597
    9       -6.80       -0.93       0.2024      4.857
