              _             
             (_)            
   __ _ _ __  _ _ __   __ _ 
  / _` | '_ \| | '_ \ / _` |
 | (_| | | | | | | | | (_| |
  \__, |_| |_|_|_| |_|\__,_|
   __/ |                    
  |___/                     

gnina v1.3 master:97fa6bc+   Built Oct  3 2024.
gnina is based on smina and AutoDock Vina.
Please cite appropriately.

Commandline: gnina --receptor Proteinas_preparadas/SRC.pdbqt --ligand Bases_conjuntas/Targets/EGFR_SRC/EGFR_SRC_1148.pdbqt --autobox_ligand Compuestos_preparados/SRC.pdbqt --autobox_add 18 --exhaustiveness 16 --out docking/bases_conjuntas/EGFR_SRC_1148_L_SRC.pdbqt --log docking/bases_conjuntas/EGFR_SRC_1148_L_SRC.log
Using random seed: -186394070

mode |  affinity  |  intramol  |    CNN     |   CNN
     | (kcal/mol) | (kcal/mol) | pose score | affinity
-----+------------+------------+------------+----------
    1       -5.80       -0.74       0.7644      6.744
    2       -5.82       -0.42       0.7019      6.166
    3       -6.35       -0.89       0.4975      6.547
    4       -5.91       -0.69       0.4942      6.622
    5       -6.42       -1.11       0.4798      6.543
    6       -7.27       -1.56       0.3940      7.088
    7       -6.46       -0.98       0.3925      6.441
    8       -6.96       -1.05       0.3800      6.655
    9       -7.35       -0.92       0.3735      6.785
