              _             
             (_)            
   __ _ _ __  _ _ __   __ _ 
  / _` | '_ \| | '_ \ / _` |
 | (_| | | | | | | | | (_| |
  \__, |_| |_|_|_| |_|\__,_|
   __/ |                    
  |___/                     

gnina v1.3 master:97fa6bc+   Built Oct  3 2024.
gnina is based on smina and AutoDock Vina.
Please cite appropriately.

Commandline: gnina --receptor Proteinas_preparadas/MAPK1.pdbqt --ligand Bases_conjuntas/Targets/EGFR_MAPK1/EGFR_MAPK1_590.pdbqt --autobox_ligand Compuestos_preparados/MAPK1.pdbqt --autobox_add 18 --exhaustiveness 16 --out docking/bases_conjuntas/EGFR_MAPK1_590_L_MAPK1.pdbqt --log docking/bases_conjuntas/EGFR_MAPK1_590_L_MAPK1.log
Using random seed: 324977993

mode |  affinity  |  intramol  |    CNN     |   CNN
     | (kcal/mol) | (kcal/mol) | pose score | affinity
-----+------------+------------+------------+----------
    1       -8.28       -0.47       0.6561      7.950
    2       -8.79       -0.82       0.5706      8.059
    3      -10.14       -1.46       0.5655      7.802
    4       -8.04       -0.50       0.4583      7.859
    5      -10.14        0.95       0.4561      7.621
    6       -8.50       -1.45       0.4462      7.803
    7       -8.22       -1.77       0.3887      7.720
    8       -9.53       -0.49       0.3527      6.617
    9       -9.19        1.88       0.2726      6.301
