              _             
             (_)            
   __ _ _ __  _ _ __   __ _ 
  / _` | '_ \| | '_ \ / _` |
 | (_| | | | | | | | | (_| |
  \__, |_| |_|_|_| |_|\__,_|
   __/ |                    
  |___/                     

gnina v1.3 master:97fa6bc+   Built Oct  3 2024.
gnina is based on smina and AutoDock Vina.
Please cite appropriately.

Commandline: gnina --receptor Proteinas_preparadas/EGFR.pdbqt --ligand Bases_conjuntas/Targets/EGFR_MAPK1/EGFR_MAPK1_804.pdbqt --autobox_ligand Compuestos_preparados/EGFR.pdbqt --autobox_add 18 --exhaustiveness 16 --out docking/bases_conjuntas/EGFR_MAPK1_804_L_EGFR.pdbqt --log docking/bases_conjuntas/EGFR_MAPK1_804_L_EGFR.log
Using random seed: 155342565

mode |  affinity  |  intramol  |    CNN     |   CNN
     | (kcal/mol) | (kcal/mol) | pose score | affinity
-----+------------+------------+------------+----------
    1       -9.04        1.72       0.4442      6.341
    2       -8.69       -1.59       0.3400      7.085
    3       -9.82       -0.93       0.2959      6.465
    4       -8.77       -0.71       0.2696      6.438
    5       -9.32        0.71       0.2630      6.338
    6       -9.80        1.61       0.2591      6.528
    7       -8.85        2.08       0.2569      6.460
    8       -8.85       -0.90       0.2419      6.572
    9       -9.62       -1.61       0.2416      6.913
