              _             
             (_)            
   __ _ _ __  _ _ __   __ _ 
  / _` | '_ \| | '_ \ / _` |
 | (_| | | | | | | | | (_| |
  \__, |_| |_|_|_| |_|\__,_|
   __/ |                    
  |___/                     

gnina v1.3 master:97fa6bc+   Built Oct  3 2024.
gnina is based on smina and AutoDock Vina.
Please cite appropriately.

Commandline: gnina --receptor Proteinas_preparadas/MAPK1.pdbqt --ligand Bases_conjuntas/Targets/EGFR_MAPK1/EGFR_MAPK1_733.pdbqt --autobox_ligand Compuestos_preparados/MAPK1.pdbqt --autobox_add 18 --exhaustiveness 16 --out docking/bases_conjuntas/EGFR_MAPK1_733_L_MAPK1.pdbqt --log docking/bases_conjuntas/EGFR_MAPK1_733_L_MAPK1.log
Using random seed: 952454959

mode |  affinity  |  intramol  |    CNN     |   CNN
     | (kcal/mol) | (kcal/mol) | pose score | affinity
-----+------------+------------+------------+----------
    1       -6.10        0.58       0.6240      6.037
    2       -7.21        3.22       0.6128      6.331
    3       -7.27        1.75       0.4877      5.843
    4       -8.16        1.11       0.4836      6.418
    5       -6.41        0.76       0.3869      5.741
    6       -6.00        0.77       0.3336      6.012
    7       -7.03        0.62       0.3291      5.721
    8       -6.02        0.45       0.2986      5.727
    9       -6.27        1.39       0.2842      5.793
