              _             
             (_)            
   __ _ _ __  _ _ __   __ _ 
  / _` | '_ \| | '_ \ / _` |
 | (_| | | | | | | | | (_| |
  \__, |_| |_|_|_| |_|\__,_|
   __/ |                    
  |___/                     

gnina v1.3 master:97fa6bc+   Built Oct  3 2024.
gnina is based on smina and AutoDock Vina.
Please cite appropriately.

Commandline: gnina --receptor Proteinas_preparadas/EGFR.pdbqt --ligand Bases_conjuntas/Targets/EGFR_MAPK1/EGFR_MAPK1_961.pdbqt --autobox_ligand Compuestos_preparados/EGFR.pdbqt --autobox_add 18 --exhaustiveness 16 --out docking/bases_conjuntas/EGFR_MAPK1_961_L_EGFR.pdbqt --log docking/bases_conjuntas/EGFR_MAPK1_961_L_EGFR.log
Using random seed: 1748419024

mode |  affinity  |  intramol  |    CNN     |   CNN
     | (kcal/mol) | (kcal/mol) | pose score | affinity
-----+------------+------------+------------+----------
    1       -8.13       -0.94       0.8881      7.316
    2       -7.03       -0.44       0.7278      7.246
    3       -7.01       -1.36       0.6996      7.212
    4       -8.73       -0.38       0.4568      7.155
    5       -7.16       -0.65       0.3712      6.394
    6       -7.19       -0.58       0.3693      6.149
    7       -7.12       -0.85       0.3274      6.505
    8       -7.74       -0.56       0.3172      6.821
    9       -5.81       -1.04       0.2764      5.734
