              _             
             (_)            
   __ _ _ __  _ _ __   __ _ 
  / _` | '_ \| | '_ \ / _` |
 | (_| | | | | | | | | (_| |
  \__, |_| |_|_|_| |_|\__,_|
   __/ |                    
  |___/                     

gnina v1.3 master:97fa6bc+   Built Oct  3 2024.
gnina is based on smina and AutoDock Vina.
Please cite appropriately.

Commandline: gnina --receptor Proteinas_preparadas/EGFR.pdbqt --ligand Bases_conjuntas/Targets/EGFR_MAPK1/EGFR_MAPK1_1097.pdbqt --autobox_ligand Compuestos_preparados/EGFR.pdbqt --autobox_add 18 --exhaustiveness 16 --out docking/bases_conjuntas/EGFR_MAPK1_1097_L_EGFR.pdbqt --log docking/bases_conjuntas/EGFR_MAPK1_1097_L_EGFR.log
Using random seed: -462161344

mode |  affinity  |  intramol  |    CNN     |   CNN
     | (kcal/mol) | (kcal/mol) | pose score | affinity
-----+------------+------------+------------+----------
    1       -8.47        0.31       0.6670      6.976
    2       -8.75       -0.41       0.5721      6.534
    3       -8.24       -0.88       0.5068      6.847
    4       -9.29       -0.39       0.4232      7.224
    5       -8.39       -0.96       0.3440      5.646
    6       -8.35       -0.65       0.3264      5.981
    7      -10.38        3.26       0.3137      7.184
    8       -8.99       -0.16       0.2875      6.353
    9       -8.72       -0.30       0.2769      6.272
