              _             
             (_)            
   __ _ _ __  _ _ __   __ _ 
  / _` | '_ \| | '_ \ / _` |
 | (_| | | | | | | | | (_| |
  \__, |_| |_|_|_| |_|\__,_|
   __/ |                    
  |___/                     

gnina v1.3 master:97fa6bc+   Built Oct  3 2024.
gnina is based on smina and AutoDock Vina.
Please cite appropriately.

Commandline: gnina --receptor Proteinas_preparadas/EGFR.pdbqt --ligand Bases_conjuntas/Targets/EGFR_MAPK1/EGFR_MAPK1_153.pdbqt --autobox_ligand Compuestos_preparados/EGFR.pdbqt --autobox_add 18 --exhaustiveness 16 --cnn_scoring none --out docking/bases_conjuntas/EGFR_MAPK1_153_L_EGFR.pdbqt --log docking/bases_conjuntas/EGFR_MAPK1_153_L_EGFR.log
Using random seed: 977664190

mode |  affinity  |  intramol  |    CNN     |   CNN
     | (kcal/mol) | (kcal/mol) | pose score | affinity
-----+------------+------------+------------+----------
    1      -10.30        0.45      -1.0000      0.000
    2       -9.47       -0.07      -1.0000      0.000
    3       -9.44        0.86      -1.0000      0.000
    4       -9.35       -0.15      -1.0000      0.000
    5       -9.34       -0.29      -1.0000      0.000
    6       -9.13        0.24      -1.0000      0.000
    7       -9.06       -0.22      -1.0000      0.000
    8       -8.97        0.01      -1.0000      0.000
    9       -8.93       -0.03      -1.0000      0.000
