              _             
             (_)            
   __ _ _ __  _ _ __   __ _ 
  / _` | '_ \| | '_ \ / _` |
 | (_| | | | | | | | | (_| |
  \__, |_| |_|_|_| |_|\__,_|
   __/ |                    
  |___/                     

gnina v1.3 master:97fa6bc+   Built Oct  3 2024.
gnina is based on smina and AutoDock Vina.
Please cite appropriately.

Commandline: gnina --receptor Proteinas_preparadas/EGFR.pdbqt --ligand Bases_conjuntas/Targets/EGFR_MAPK1/EGFR_MAPK1_931.pdbqt --autobox_ligand Compuestos_preparados/EGFR.pdbqt --autobox_add 18 --exhaustiveness 16 --out docking/bases_conjuntas/EGFR_MAPK1_931_L_EGFR.pdbqt --log docking/bases_conjuntas/EGFR_MAPK1_931_L_EGFR.log
Using random seed: 1465019104

mode |  affinity  |  intramol  |    CNN     |   CNN
     | (kcal/mol) | (kcal/mol) | pose score | affinity
-----+------------+------------+------------+----------
    1       -6.60       -1.27       0.6025      6.840
    2       -8.69       -0.10       0.5297      7.463
    3       -8.34        0.14       0.4823      7.011
    4       -6.48        0.89       0.4148      5.840
    5       -6.42        0.78       0.3742      6.566
    6       -7.04       -1.01       0.3291      6.147
    7       -6.68        0.14       0.3021      6.353
    8       -7.44        0.95       0.2840      6.419
    9       -8.09       -0.67       0.2746      6.541
