              _             
             (_)            
   __ _ _ __  _ _ __   __ _ 
  / _` | '_ \| | '_ \ / _` |
 | (_| | | | | | | | | (_| |
  \__, |_| |_|_|_| |_|\__,_|
   __/ |                    
  |___/                     

gnina v1.3 master:97fa6bc+   Built Oct  3 2024.
gnina is based on smina and AutoDock Vina.
Please cite appropriately.

Commandline: gnina --receptor Proteinas_preparadas/EGFR.pdbqt --ligand Bases_conjuntas/Targets/EGFR_MAPK1/EGFR_MAPK1_1135.pdbqt --autobox_ligand Compuestos_preparados/EGFR.pdbqt --autobox_add 18 --exhaustiveness 16 --out docking/bases_conjuntas/EGFR_MAPK1_1135_L_EGFR.pdbqt --log docking/bases_conjuntas/EGFR_MAPK1_1135_L_EGFR.log
Using random seed: 1981512413

mode |  affinity  |  intramol  |    CNN     |   CNN
     | (kcal/mol) | (kcal/mol) | pose score | affinity
-----+------------+------------+------------+----------
    1       -8.23        0.90       0.3233      5.313
    2      -10.08        1.38       0.2584      7.254
    3       -8.41       -0.78       0.2014      7.075
    4       -8.30        1.95       0.1898      6.779
    5       -9.00        0.62       0.1816      6.295
    6       -9.05       -0.48       0.1786      5.834
    7       -7.72       -0.93       0.1753      6.113
    8       -9.55       -0.34       0.1711      5.813
    9       -7.52       -0.49       0.1628      6.093
