              _             
             (_)            
   __ _ _ __  _ _ __   __ _ 
  / _` | '_ \| | '_ \ / _` |
 | (_| | | | | | | | | (_| |
  \__, |_| |_|_|_| |_|\__,_|
   __/ |                    
  |___/                     

gnina v1.3 master:97fa6bc+   Built Oct  3 2024.
gnina is based on smina and AutoDock Vina.
Please cite appropriately.

Commandline: gnina --receptor Proteinas_preparadas/MAPK1.pdbqt --ligand Bases_conjuntas/Targets/EGFR_MAPK1/EGFR_MAPK1_781.pdbqt --autobox_ligand Compuestos_preparados/MAPK1.pdbqt --autobox_add 18 --exhaustiveness 16 --out docking/bases_conjuntas/EGFR_MAPK1_781_L_MAPK1.pdbqt --log docking/bases_conjuntas/EGFR_MAPK1_781_L_MAPK1.log
Using random seed: 1277923414

mode |  affinity  |  intramol  |    CNN     |   CNN
     | (kcal/mol) | (kcal/mol) | pose score | affinity
-----+------------+------------+------------+----------
    1       -6.77       -0.09       0.5466      6.446
    2       -6.57       -0.88       0.4954      6.300
    3       -7.14       -0.75       0.4587      6.995
    4       -6.70       -0.90       0.3899      6.057
    5       -8.50       -1.03       0.3653      6.703
    6       -6.81       -0.92       0.3635      6.293
    7       -8.67        0.72       0.3619      6.780
    8       -7.34       -1.04       0.3287      5.499
    9       -6.45       -0.29       0.3120      5.868
