              _             
             (_)            
   __ _ _ __  _ _ __   __ _ 
  / _` | '_ \| | '_ \ / _` |
 | (_| | | | | | | | | (_| |
  \__, |_| |_|_|_| |_|\__,_|
   __/ |                    
  |___/                     

gnina v1.3 master:97fa6bc+   Built Oct  3 2024.
gnina is based on smina and AutoDock Vina.
Please cite appropriately.

Commandline: gnina --receptor Proteinas_preparadas/MAPK1.pdbqt --ligand Bases_conjuntas/Targets/EGFR_MAPK1/EGFR_MAPK1_544.pdbqt --autobox_ligand Compuestos_preparados/MAPK1.pdbqt --autobox_add 18 --exhaustiveness 16 --out docking/bases_conjuntas/EGFR_MAPK1_544_L_MAPK1.pdbqt --log docking/bases_conjuntas/EGFR_MAPK1_544_L_MAPK1.log
Using random seed: -464591402

mode |  affinity  |  intramol  |    CNN     |   CNN
     | (kcal/mol) | (kcal/mol) | pose score | affinity
-----+------------+------------+------------+----------
    1       -7.95        0.83       0.8073      6.716
    2       -8.55       -0.47       0.6708      6.399
    3       -8.23       -0.18       0.6694      6.903
    4       -6.99        0.13       0.6006      6.504
    5       -9.08        0.60       0.5579      6.891
    6       -7.97        0.21       0.5314      6.461
    7       -9.78       -0.16       0.5177      6.832
    8       -8.78       -0.03       0.5023      6.818
    9       -7.05        0.27       0.4883      5.541
