              _             
             (_)            
   __ _ _ __  _ _ __   __ _ 
  / _` | '_ \| | '_ \ / _` |
 | (_| | | | | | | | | (_| |
  \__, |_| |_|_|_| |_|\__,_|
   __/ |                    
  |___/                     

gnina v1.3 master:97fa6bc+   Built Oct  3 2024.
gnina is based on smina and AutoDock Vina.
Please cite appropriately.

Commandline: gnina --receptor Proteinas_preparadas/MAPK1.pdbqt --ligand Bases_conjuntas/Targets/EGFR_MAPK1/EGFR_MAPK1_31.pdbqt --autobox_ligand Compuestos_preparados/MAPK1.pdbqt --autobox_add 18 --exhaustiveness 16 --out docking/bases_conjuntas/EGFR_MAPK1_31_L_MAPK1.pdbqt --log docking/bases_conjuntas/EGFR_MAPK1_31_L_MAPK1.log
Using random seed: 1764463104

mode |  affinity  |  intramol  |    CNN     |   CNN
     | (kcal/mol) | (kcal/mol) | pose score | affinity
-----+------------+------------+------------+----------
    1       -8.99       -0.65       0.6491      7.191
    2       -9.03        0.07       0.6111      6.893
    3       -9.19       -0.02       0.4339      7.019
    4       -7.80       -0.80       0.4226      6.024
    5       -7.27       -0.30       0.4050      6.972
    6       -7.59       -0.57       0.3580      6.492
    7       -7.47        0.81       0.3573      6.307
    8       -7.07       -0.64       0.3237      5.720
    9       -7.24       -1.25       0.3226      6.867
