              _             
             (_)            
   __ _ _ __  _ _ __   __ _ 
  / _` | '_ \| | '_ \ / _` |
 | (_| | | | | | | | | (_| |
  \__, |_| |_|_|_| |_|\__,_|
   __/ |                    
  |___/                     

gnina v1.3 master:97fa6bc+   Built Oct  3 2024.
gnina is based on smina and AutoDock Vina.
Please cite appropriately.

Commandline: gnina --receptor Proteinas_preparadas/MAPK1.pdbqt --ligand Bases_conjuntas/Targets/EGFR_MAPK1/EGFR_MAPK1_431.pdbqt --autobox_ligand Compuestos_preparados/MAPK1.pdbqt --autobox_add 18 --exhaustiveness 16 --out docking/bases_conjuntas/EGFR_MAPK1_431_L_MAPK1.pdbqt --log docking/bases_conjuntas/EGFR_MAPK1_431_L_MAPK1.log
Using random seed: 1652579113

mode |  affinity  |  intramol  |    CNN     |   CNN
     | (kcal/mol) | (kcal/mol) | pose score | affinity
-----+------------+------------+------------+----------
    1       -8.26       -1.52       0.5366      8.026
    2       -9.22       -0.87       0.4927      6.174
    3       -8.09       -0.96       0.4404      6.499
    4       -8.35       -1.42       0.4179      6.932
    5       -7.82       -0.47       0.3497      7.216
    6       -9.16       -1.09       0.3448      6.693
    7       -8.03       -0.70       0.3381      6.974
    8       -7.98       -0.89       0.3180      6.234
    9       -7.73       -0.57       0.2867      6.070
