              _             
             (_)            
   __ _ _ __  _ _ __   __ _ 
  / _` | '_ \| | '_ \ / _` |
 | (_| | | | | | | | | (_| |
  \__, |_| |_|_|_| |_|\__,_|
   __/ |                    
  |___/                     

gnina v1.3 master:97fa6bc+   Built Oct  3 2024.
gnina is based on smina and AutoDock Vina.
Please cite appropriately.

Commandline: gnina --receptor Proteinas_preparadas/MAPK1.pdbqt --ligand Bases_conjuntas/Targets/EGFR_MAPK1/EGFR_MAPK1_374.pdbqt --autobox_ligand Compuestos_preparados/MAPK1.pdbqt --autobox_add 18 --exhaustiveness 16 --out docking/bases_conjuntas/EGFR_MAPK1_374_L_MAPK1.pdbqt --log docking/bases_conjuntas/EGFR_MAPK1_374_L_MAPK1.log
Using random seed: -254718688

mode |  affinity  |  intramol  |    CNN     |   CNN
     | (kcal/mol) | (kcal/mol) | pose score | affinity
-----+------------+------------+------------+----------
    1       -7.89       -0.20       0.4745      5.414
    2       -6.90       -0.20       0.3305      5.620
    3       -7.32       -0.20       0.1825      5.456
    4       -6.16       -0.17       0.1771      4.971
    5       -6.80       -0.32       0.1758      5.123
    6       -6.05       -0.24       0.1668      5.248
    7       -7.46       -0.16       0.1611      5.340
    8       -6.45       -0.19       0.1395      5.107
    9       -6.66       -0.22       0.1383      5.292
