              _             
             (_)            
   __ _ _ __  _ _ __   __ _ 
  / _` | '_ \| | '_ \ / _` |
 | (_| | | | | | | | | (_| |
  \__, |_| |_|_|_| |_|\__,_|
   __/ |                    
  |___/                     

gnina v1.3 master:97fa6bc+   Built Oct  3 2024.
gnina is based on smina and AutoDock Vina.
Please cite appropriately.

Commandline: gnina --receptor Proteinas_preparadas/EGFR.pdbqt --ligand Bases_conjuntas/Targets/EGFR_MAPK1/EGFR_MAPK1_946.pdbqt --autobox_ligand Compuestos_preparados/EGFR.pdbqt --autobox_add 18 --exhaustiveness 16 --out docking/bases_conjuntas/EGFR_MAPK1_946_L_EGFR.pdbqt --log docking/bases_conjuntas/EGFR_MAPK1_946_L_EGFR.log
Using random seed: 167573952

mode |  affinity  |  intramol  |    CNN     |   CNN
     | (kcal/mol) | (kcal/mol) | pose score | affinity
-----+------------+------------+------------+----------
    1       -6.67       -0.67       0.7678      7.386
    2       -7.43       -0.96       0.6491      7.355
    3       -6.79       -0.56       0.5384      7.023
    4       -6.56       -0.42       0.4897      6.510
    5       -7.16       -0.42       0.4620      6.139
    6       -7.32       -0.47       0.3980      6.051
    7       -7.79       -0.58       0.3868      6.037
    8       -7.39       -0.81       0.3779      5.706
    9       -6.76       -0.53       0.3550      6.458
