              _             
             (_)            
   __ _ _ __  _ _ __   __ _ 
  / _` | '_ \| | '_ \ / _` |
 | (_| | | | | | | | | (_| |
  \__, |_| |_|_|_| |_|\__,_|
   __/ |                    
  |___/                     

gnina v1.3 master:97fa6bc+   Built Oct  3 2024.
gnina is based on smina and AutoDock Vina.
Please cite appropriately.

Commandline: gnina --receptor Proteinas_preparadas/EGFR.pdbqt --ligand Bases_conjuntas/Targets/EGFR_STAT3/EGFR_STAT3_589.pdbqt --autobox_ligand Compuestos_preparados/EGFR.pdbqt --autobox_add 18 --exhaustiveness 16 --cnn_scoring none --out docking/bases_conjuntas/EGFR_STAT3_589_L_EGFR.pdbqt --log docking/bases_conjuntas/EGFR_STAT3_589_L_EGFR.log
Using random seed: 323755020

mode |  affinity  |  intramol  |    CNN     |   CNN
     | (kcal/mol) | (kcal/mol) | pose score | affinity
-----+------------+------------+------------+----------
    1       -6.21       -0.93      -1.0000      0.000
    2       -6.13       -1.29      -1.0000      0.000
    3       -6.13        0.13      -1.0000      0.000
    4       -6.10       -0.82      -1.0000      0.000
    5       -6.08       -0.97      -1.0000      0.000
    6       -6.04       -1.14      -1.0000      0.000
    7       -5.94       -0.62      -1.0000      0.000
    8       -5.89       -1.00      -1.0000      0.000
    9       -5.89       -1.14      -1.0000      0.000
