              _             
             (_)            
   __ _ _ __  _ _ __   __ _ 
  / _` | '_ \| | '_ \ / _` |
 | (_| | | | | | | | | (_| |
  \__, |_| |_|_|_| |_|\__,_|
   __/ |                    
  |___/                     

gnina v1.3 master:97fa6bc+   Built Oct  3 2024.
gnina is based on smina and AutoDock Vina.
Please cite appropriately.

Commandline: gnina --receptor Proteinas_preparadas/MAPK1.pdbqt --ligand Bases_conjuntas/Targets/EGFR_MAPK1/EGFR_MAPK1_773.pdbqt --autobox_ligand Compuestos_preparados/MAPK1.pdbqt --autobox_add 18 --exhaustiveness 16 --out docking/bases_conjuntas/EGFR_MAPK1_773_L_MAPK1.pdbqt --log docking/bases_conjuntas/EGFR_MAPK1_773_L_MAPK1.log
Using random seed: -959729598

mode |  affinity  |  intramol  |    CNN     |   CNN
     | (kcal/mol) | (kcal/mol) | pose score | affinity
-----+------------+------------+------------+----------
    1       -8.17        0.02       0.8533      7.551
    2      -10.05        0.09       0.6609      7.298
    3       -8.06       -0.14       0.6297      6.995
    4       -7.16        0.33       0.5825      7.097
    5       -9.50       -0.37       0.4831      7.281
    6       -8.62       -0.07       0.4627      7.176
    7       -9.12       -0.92       0.3906      6.900
    8       -6.85       -0.62       0.3685      6.683
    9       -7.00       -0.03       0.3506      6.362
