              _             
             (_)            
   __ _ _ __  _ _ __   __ _ 
  / _` | '_ \| | '_ \ / _` |
 | (_| | | | | | | | | (_| |
  \__, |_| |_|_|_| |_|\__,_|
   __/ |                    
  |___/                     

gnina v1.3 master:97fa6bc+   Built Oct  3 2024.
gnina is based on smina and AutoDock Vina.
Please cite appropriately.

Commandline: gnina --receptor Proteinas_preparadas/EGFR.pdbqt --ligand Bases_conjuntas/Targets/EGFR_MAPK1/EGFR_MAPK1_760.pdbqt --autobox_ligand Compuestos_preparados/EGFR.pdbqt --autobox_add 18 --exhaustiveness 16 --out docking/bases_conjuntas/EGFR_MAPK1_760_L_EGFR.pdbqt --log docking/bases_conjuntas/EGFR_MAPK1_760_L_EGFR.log
Using random seed: 836371933

mode |  affinity  |  intramol  |    CNN     |   CNN
     | (kcal/mol) | (kcal/mol) | pose score | affinity
-----+------------+------------+------------+----------
    1       -8.15       -0.41       0.8794      6.741
    2       -7.68       -0.49       0.8167      6.352
    3       -7.81       -0.38       0.7949      6.470
    4       -8.55       -0.77       0.7002      6.479
    5       -8.28       -0.64       0.6777      6.519
    6       -8.68        0.20       0.6728      6.622
    7       -7.79       -0.03       0.6021      6.676
    8       -9.07       -0.59       0.6020      6.556
    9       -7.87       -0.89       0.5315      6.165
