              _             
             (_)            
   __ _ _ __  _ _ __   __ _ 
  / _` | '_ \| | '_ \ / _` |
 | (_| | | | | | | | | (_| |
  \__, |_| |_|_|_| |_|\__,_|
   __/ |                    
  |___/                     

gnina v1.3 master:97fa6bc+   Built Oct  3 2024.
gnina is based on smina and AutoDock Vina.
Please cite appropriately.

Commandline: gnina --receptor Proteinas_preparadas/EGFR.pdbqt --ligand Bases_conjuntas/Targets/EGFR_MAPK1/EGFR_MAPK1_395.pdbqt --autobox_ligand Compuestos_preparados/EGFR.pdbqt --autobox_add 18 --exhaustiveness 16 --cnn_scoring none --out docking/bases_conjuntas/EGFR_MAPK1_395_L_EGFR.pdbqt --log docking/bases_conjuntas/EGFR_MAPK1_395_L_EGFR.log
Using random seed: -287857480

mode |  affinity  |  intramol  |    CNN     |   CNN
     | (kcal/mol) | (kcal/mol) | pose score | affinity
-----+------------+------------+------------+----------
    1       -9.98       -0.84      -1.0000      0.000
    2       -9.47       -0.88      -1.0000      0.000
    3       -9.38       -0.93      -1.0000      0.000
    4       -9.12       -1.14      -1.0000      0.000
    5       -9.06       -1.60      -1.0000      0.000
    6       -9.03        0.10      -1.0000      0.000
    7       -8.76        2.31      -1.0000      0.000
    8       -8.72       -0.74      -1.0000      0.000
    9       -8.62       -0.90      -1.0000      0.000
