              _             
             (_)            
   __ _ _ __  _ _ __   __ _ 
  / _` | '_ \| | '_ \ / _` |
 | (_| | | | | | | | | (_| |
  \__, |_| |_|_|_| |_|\__,_|
   __/ |                    
  |___/                     

gnina v1.3 master:97fa6bc+   Built Oct  3 2024.
gnina is based on smina and AutoDock Vina.
Please cite appropriately.

Commandline: gnina --receptor Proteinas_preparadas/MAPK1.pdbqt --ligand Bases_conjuntas/Targets/EGFR_MAPK1/EGFR_MAPK1_442.pdbqt --autobox_ligand Compuestos_preparados/MAPK1.pdbqt --autobox_add 18 --exhaustiveness 16 --out docking/bases_conjuntas/EGFR_MAPK1_442_L_MAPK1.pdbqt --log docking/bases_conjuntas/EGFR_MAPK1_442_L_MAPK1.log
Using random seed: 813671838

mode |  affinity  |  intramol  |    CNN     |   CNN
     | (kcal/mol) | (kcal/mol) | pose score | affinity
-----+------------+------------+------------+----------
    1       -6.59       -0.26       0.6030      5.993
    2       -7.33       -0.05       0.5071      6.783
    3       -6.40       -0.20       0.4794      5.547
    4       -6.16       -0.26       0.4236      5.600
    5       -6.51        0.17       0.3977      5.577
    6       -6.34       -0.14       0.3615      5.434
    7       -6.87       -0.27       0.3442      5.959
    8       -6.44       -0.21       0.2317      5.549
    9       -6.70        0.27       0.2271      4.994
