              _             
             (_)            
   __ _ _ __  _ _ __   __ _ 
  / _` | '_ \| | '_ \ / _` |
 | (_| | | | | | | | | (_| |
  \__, |_| |_|_|_| |_|\__,_|
   __/ |                    
  |___/                     

gnina v1.3 master:97fa6bc+   Built Oct  3 2024.
gnina is based on smina and AutoDock Vina.
Please cite appropriately.

Commandline: gnina --receptor Proteinas_preparadas/SRC.pdbqt --ligand Bases_conjuntas/Targets/MAPK1_SRC/MAPK1_SRC_592.pdbqt --autobox_ligand Compuestos_preparados/SRC.pdbqt --autobox_add 18 --exhaustiveness 16 --cnn_scoring none --out docking/bases_conjuntas/MAPK1_SRC_592_L_SRC.pdbqt --log docking/bases_conjuntas/MAPK1_SRC_592_L_SRC.log
Using random seed: 236085248

mode |  affinity  |  intramol  |    CNN     |   CNN
     | (kcal/mol) | (kcal/mol) | pose score | affinity
-----+------------+------------+------------+----------
    1      -10.01        0.85      -1.0000      0.000
    2       -9.56        0.79      -1.0000      0.000
    3       -9.04        0.86      -1.0000      0.000
    4       -8.73       -0.10      -1.0000      0.000
    5       -8.50        0.48      -1.0000      0.000
    6       -8.31       -0.22      -1.0000      0.000
    7       -8.26       -0.07      -1.0000      0.000
    8       -8.19       -0.06      -1.0000      0.000
    9       -8.06       -0.22      -1.0000      0.000
